[2018.02.01-11.19.06:613][  0]Log file open, 02/01/18 19:19:06
[2018.02.01-11.19.06:613][  0]LogInit:Display: Running engine for game: TopDown
[2018.02.01-11.19.06:613][  0]LogInit:Display: RandInit(1279524590) SRandInit(1279524590).
[2018.02.01-11.19.06:613][  0]LogTaskGraph: Started task graph with 4 named threads and 5 total threads.
[2018.02.01-11.19.06:613][  0]LogStats: Stats thread started at 0.103011
[2018.02.01-11.19.06:613][  0]LogInit: Version: 4.9.2-2707645+++depot+UE4-Releases+4.9
[2018.02.01-11.19.06:613][  0]LogInit: API Version: 2672455
[2018.02.01-11.19.06:613][  0]LogInit: Compiled (64-bit): Sep 28 2015 10:25:44
[2018.02.01-11.19.06:613][  0]LogInit: Compiled with Visual C++: 18.00.21005.01
[2018.02.01-11.19.06:613][  0]LogInit: Build Configuration: Development
[2018.02.01-11.19.06:613][  0]LogInit: Branch Name: ++depot+UE4-Releases+4.9
[2018.02.01-11.19.06:613][  0]LogInit: Command line:  /Temp/Autosaves/Game/TopDownBP/Maps/UEDPCTopDownExampleMap -game -PIEVIACONSOLE -ResX=1280 -ResY=720  -Multiprocess -featureleveles2 -faketouches 
[2018.02.01-11.19.06:613][  0]LogInit: Base directory: D:/UE_4.9/Engine/Binaries/Win64/
[2018.02.01-11.19.06:613][  0]LogInit: Rocket: 1
[2018.02.01-11.19.06:628][  0]LogInit: Using libcurl 7.41.0
[2018.02.01-11.19.06:628][  0]LogInit:  - built for x86_64-pc-win32
[2018.02.01-11.19.06:628][  0]LogInit:  - supports SSL with WinSSL
[2018.02.01-11.19.06:628][  0]LogInit:  - other features:
[2018.02.01-11.19.06:628][  0]LogInit:      CURL_VERSION_SSL
[2018.02.01-11.19.06:628][  0]LogInit:      CURL_VERSION_IPV6
[2018.02.01-11.19.06:628][  0]LogInit:      CURL_VERSION_ASYNCHDNS
[2018.02.01-11.19.06:628][  0]LogInit:      CURL_VERSION_LARGEFILE
[2018.02.01-11.19.06:628][  0]LogInit:      CURL_VERSION_IDN
[2018.02.01-11.19.06:629][  0]LogInit:  CurlRequestOptions (configurable via config and command line):
[2018.02.01-11.19.06:629][  0]LogInit:  - bVerifyPeer = true  - Libcurl will verify peer certificate
[2018.02.01-11.19.06:629][  0]LogInit:  - bUseHttpProxy = false  - Libcurl will NOT use HTTP proxy
[2018.02.01-11.19.06:629][  0]LogInit:  - bDontReuseConnections = false  - Libcurl will reuse connections
[2018.02.01-11.19.06:629][  0]LogInit:  - CertBundlePath = nullptr  - Libcurl will use whatever was configured at build time.
[2018.02.01-11.19.06:640][  0]LogInit: Presizing for 0 objects not considered by GC, pre-allocating 0 bytes.
[2018.02.01-11.19.06:652][  0]LogInit: Object subsystem initialized
[2018.02.01-11.19.06:655][  0]LogInit: Selected Device Profile: [Windows]
[2018.02.01-11.19.06:655][  0]LogInit: Applying CVar settings loaded from the selected device profile: [Windows]
[2018.02.01-11.19.06:659][  0]LogInit: Computer: 1-ПК
[2018.02.01-11.19.06:659][  0]LogInit: User: 1
[2018.02.01-11.19.06:659][  0]LogInit: CPU Page size=4096, Cores=2
[2018.02.01-11.19.06:659][  0]LogInit: High frequency timer resolution =2.338486 MHz
[2018.02.01-11.19.06:660][  0]LogMemory: Memory total: Physical=3.9GB (4GB approx)
[2018.02.01-11.19.06:660][  0]LogMemory: Platform Memory Stats for Windows
[2018.02.01-11.19.06:660][  0]LogMemory: Process Physical Memory: 59.73 MB used, 59.73 MB peak
[2018.02.01-11.19.06:660][  0]LogMemory: Process Virtual Memory: 65.90 MB used, 65.90 MB peak
[2018.02.01-11.19.06:660][  0]LogMemory: Physical Memory: 3091.82 MB used, 4010.14 MB total
[2018.02.01-11.19.06:660][  0]LogMemory: Virtual Memory: 352.22 MB used, 8388608.00 MB total
[2018.02.01-11.19.06:787][  0]LogTextLocalizationManager: No translations for ('ru-RU') exist, falling back to 'en' for localization and internationalization data.
[2018.02.01-11.19.08:005][  0]LogD3D11RHI: Found D3D11 adapter 0: NVIDIA GeForce 410M (Feature Level 11_0)
[2018.02.01-11.19.08:005][  0]LogD3D11RHI: Adapter has 979MB of dedicated video memory, 0MB of dedicated system memory, and 1749MB of shared system memory, 1 output[s]
[2018.02.01-11.19.08:080][  0]LogD3D11RHI: Found D3D11 adapter 1: NVIDIA GeForce 410M (Feature Level 11_0)
[2018.02.01-11.19.08:081][  0]LogD3D11R