[2018.02.08-11.12.02:322][  0]Log file open, 02/08/18 19:12:02
[2018.02.08-11.12.02:322][  0]LogInit:Display: Running engine for game: TopDown
[2018.02.08-11.12.02:322][  0]LogInit:Display: RandInit(877718594) SRandInit(877718595).
[2018.02.08-11.12.02:322][  0]LogTaskGraph: Started task graph with 4 named threads and 5 total threads.
[2018.02.08-11.12.02:322][  0]LogStats: Stats thread started at 0.063033
[2018.02.08-11.12.02:322][  0]LogInit: Version: 4.9.2-2707645+++depot+UE4-Releases+4.9
[2018.02.08-11.12.02:322][  0]LogInit: API Version: 2672455
[2018.02.08-11.12.02:322][  0]LogInit: Compiled (64-bit): Sep 28 2015 10:25:44
[2018.02.08-11.12.02:322][  0]LogInit: Compiled with Visual C++: 18.00.21005.01
[2018.02.08-11.12.02:322][  0]LogInit: Build Configuration: Development
[2018.02.08-11.12.02:322][  0]LogInit: Branch Name: ++depot+UE4-Releases+4.9
[2018.02.08-11.12.02:322][  0]LogInit: Command line:  
[2018.02.08-11.12.02:322][  0]LogInit: Base directory: D:/UE_4.9/Engine/Binaries/Win64/
[2018.02.08-11.12.02:322][  0]LogInit: Rocket: 1
[2018.02.08-11.12.02:338][  0]LogInit: Using libcurl 7.41.0
[2018.02.08-11.12.02:338][  0]LogInit:  - built for x86_64-pc-win32
[2018.02.08-11.12.02:338][  0]LogInit:  - supports SSL with WinSSL
[2018.02.08-11.12.02:338][  0]LogInit:  - other features:
[2018.02.08-11.12.02:338][  0]LogInit:      CURL_VERSION_SSL
[2018.02.08-11.12.02:338][  0]LogInit:      CURL_VERSION_IPV6
[2018.02.08-11.12.02:338][  0]LogInit:      CURL_VERSION_ASYNCHDNS
[2018.02.08-11.12.02:338][  0]LogInit:      CURL_VERSION_LARGEFILE
[2018.02.08-11.12.02:338][  0]LogInit:      CURL_VERSION_IDN
[2018.02.08-11.12.02:339][  0]LogInit:  CurlRequestOptions (configurable via config and command line):
[2018.02.08-11.12.02:339][  0]LogInit:  - bVerifyPeer = true  - Libcurl will verify peer certificate
[2018.02.08-11.12.02:339][  0]LogInit:  - bUseHttpProxy = false  - Libcurl will NOT use HTTP proxy
[2018.02.08-11.12.02:339][  0]LogInit:  - bDontReuseConnections = false  - Libcurl will reuse connections
[2018.02.08-11.12.02:339][  0]LogInit:  - CertBundlePath = nullptr  - Libcurl will use whatever was configured at build time.
[2018.02.08-11.12.02:349][  0]LogInit: Presizing for 0 objects not considered by GC, pre-allocating 0 bytes.
[2018.02.08-11.12.02:360][  0]LogInit: Object subsystem initialized
[2018.02.08-11.12.02:362][  0]LogInit: Selected Device Profile: [Windows]
[2018.02.08-11.12.02:362][  0]LogInit: Applying CVar settings loaded from the selected device profile: [Windows]
[2018.02.08-11.12.02:373][  0]LogInit: Computer: 1-ПК
[2018.02.08-11.12.02:373][  0]LogInit: User: 1
[2018.02.08-11.12.02:373][  0]LogInit: CPU Page size=4096, Cores=2
[2018.02.08-11.12.02:373][  0]LogInit: High frequency timer resolution =2.338515 MHz
[2018.02.08-11.12.02:373][  0]LogMemory: Memory total: Physical=3.9GB (4GB approx)
[2018.02.08-11.12.02:373][  0]LogMemory: Platform Memory Stats for Windows
[2018.02.08-11.12.02:373][  0]LogMemory: Process Physical Memory: 59.87 MB used, 59.87 MB peak
[2018.02.08-11.12.02:373][  0]LogMemory: Process Virtual Memory: 63.74 MB used, 63.74 MB peak
[2018.02.08-11.12.02:373][  0]LogMemory: Physical Memory: 2324.43 MB used, 4010.14 MB total
[2018.02.08-11.12.02:373][  0]LogMemory: Virtual Memory: 350.29 MB used, 8388608.00 MB total
[2018.02.08-11.12.02:480][  0]LogTextLocalizationManager: No translations for ('ru-RU') exist, falling back to 'en' for localization and internationalization data.
[2018.02.08-11.12.03:747][  0]LogD3D11RHI: Found D3D11 adapter 0: NVIDIA GeForce 410M (Feature Level 11_0)
[2018.02.08-11.12.03:747][  0]LogD3D11RHI: Adapter has 979MB of dedicated video memory, 0MB of dedicated system memory, and 1749MB of shared system memory, 1 output[s]
[2018.02.08-11.12.03:782][  0]LogD3D11RHI: Found D3D11 adapter 1: NVIDIA GeForce 410M (Feature Level 11_0)
[2018.02.08-11.12.03:782][  0]LogD3D11RHI: Adapter has 979MB of dedicated video memory, 0MB of dedicated system memory, and 1749MB of shared system memory, 0 output[s]
[2018.02.08-11.12.03:782][  0]LogD3D11RHI: Chosen D3D11 Adapter Id = 0
[2018.02.08-11.12.03:793][  0]LogD3D11RHI: !Direct3DDevice
[2018.02.08-11.12.03:793][  0]LogRHI: Texture pool is 1297 MB (70% of 1854 MB)
[2018.02.08-11.12.03:817][  0]LogD3D11RHI: Async texture creation enabled
[2018.02.08-11.12.03:836][  0]LogShaderCompilers: Guid format shader working directory is 15 characters bigger than the processId version (../../../../sergey/UnrealProjects/Game_1337/TopDown/Intermediate/Shaders/WorkingDirectory/4536/).
[2018.02.08-11.12.03:837][  0]LogShaderCompilers: Cleaned the shader compiler working directory '../../../../sergey/UnrealProjects/Game_1337/TopDown/Intermediate/Shaders/tmp/B5B690704BDC683A2B6099BDF0523A32/'.
[2018.02.08-11.12.03:837][  0]LogShaderCompilers:Display: Using Local Shader Compiler.
[2018.02.08-11.12.06:245][  0]LogTemp:Display: Loaded TP AllDesktopTargetPlatform
[2018.02.08-11.12.06:254][  0]LogTemp:Display: Loaded TP WindowsClientTargetPlatform
[2018.02.08-11.12.06:263][  0]LogTemp:Display: Loaded TP WindowsNoEditorTargetPlatform
[2018.02.08-11.12.06:271][  0]LogTemp:Display: Loaded TP WindowsServerTargetPlatform
[2018.02.08-11.12.06:279][  0]LogTemp:Display: Loaded TP WindowsTargetPlatform
[2018.02.08-11.12.06:286][  0]LogTemp:Display: Loaded TP AndroidTargetPlatform
[2018.02.08-11.12.06:293][  0]LogTemp:Display: Loaded TP Android_ASTCTargetPlatform
[2018.02.08-11.12.06:300][  0]LogTemp:Display: Loaded TP Android_ATCTargetPlatform
[2018.02.08-11.12.06:307][  0]LogTemp:Display: Loaded TP Android_DXTTargetPlatform
[2018.02.08-11.12.06:316][  0]LogTemp:Display: Loaded TP Android_ETC1TargetPlatform
[2018.02.08-11.12.06:324][  0]LogTemp:Display: Loaded TP Android_ETC2TargetPlatform
[2018.02.08-11.12.06:332][  0]LogTemp:Display: Loaded TP Android_PVRTCTargetPlatform
[2018.02.08-11.12.06:335][  0]LogTemp:Display: Loaded TP HTML5TargetPlatform
[2018.02.08-11.12.06:357][  0]LogTemp:Display: Loaded TP IOSTargetPlatform
[2018.02.08-11.12.06:365][  0]LogTemp:Display: Loaded TP LinuxNoEditorTargetPlatform
[2018.02.08-11.12.06:373][  0]LogTemp:Display: Loaded TP LinuxServerTargetPlatform
[2018.02.08-11.12.06:381][  0]LogTemp:Display: Loaded TP LinuxTargetPlatform
[2018.02.08-11.12.06:381][  0]LogTargetPlatformManager:Display: Building Assets For Windows
[2018.02.08-11.12.06:518][  0]LogDerivedDataCache:Display: Max Cache Size: 512 MB
[2018.02.08-11.12.06:612][  0]LogDerivedDataCache: Loaded boot cache 0.09s 41MB C:/Users/1/AppData/Local/UnrealEngine/4.9/DerivedDataCache/Boot.ddc.
[2018.02.08-11.12.06:612][  0]LogDerivedDataCache:Display: Loaded Boot cache: C:/Users/1/AppData/Local/UnrealEngine/4.9/DerivedDataCache/Boot.ddc
[2018.02.08-11.12.06:612][  0]LogDerivedDataCache: FDerivedDataBackendGraph:  Pak pak cache file ../../../../sergey/UnrealProjects/Game_1337/TopDown/DerivedDataCache/DDC.ddp not found, will not use a pak cache.
[2018.02.08-11.12.06:612][  0]LogDerivedDataCache: Unable to find inner node Pak for hierarchical cache Hierarchy.
[2018.02.08-11.12.06:612][  0]LogDerivedDataCache: FDerivedDataBackendGraph:  CompressedPak pak cache file ../../../../sergey/UnrealProjects/Game_1337/TopDown/DerivedDataCache/Compressed.ddp not found, will not use a pak cache.
[2018.02.08-11.12.06:612][  0]LogDerivedDataCache: Unable to find inner node CompressedPak for hierarchical cache Hierarchy.
[2018.02.08-11.12.06:837][  0]LogDerivedDataCache:Display: Pak cache opened for reading ../../../Engine/DerivedDataCache/Compressed.ddp.
[2018.02.08-11.12.06:849][  0]LogDerivedDataCache: Using Local data cache path C:/Users/1/AppData/Local/UnrealEngine/Common/DerivedDataCache: Writable
[2018.02.08-11.12.07:106][  0]LogInit: Selected Device Profile: [Windows]
[2018.02.08-11.12.07:107][  0]LogContentStreaming: Texture pool size is 0.000000MB
[2018.02.08-11.12.07:143][  0]LogMeshUtilities: No automatic mesh reduction module available
[2018.02.08-11.12.07:143][  0]LogMeshUtilities: No automatic mesh merging module available
[2018.02.08-11.12.07:657][  0]LogInit: WinSock: version 1.1 (2.2), MaxSocks=32767, MaxUdp=65467
[2018.02.08-11.12.08:715][  0]UdpMessaging: Initializing bridge on interface 0.0.0.0:0 to multicast group 230.0.0.1:6666.
[2018.02.08-11.12.08:831][  0]LogAssetRegistry: FAssetRegistry took 0.0105 seconds to start up
[2018.02.08-11.12.09:107][  0]SourceControl: Info Source control is disabled
[2018.02.08-11.12.09:108][  0]SourceControl: Info Source control is disabled
[2018.02.08-11.12.09:126][  0]SourceControl: Info Source control is disabled
[2018.02.08-11.12.09:142][  0]SourceControl: Info Source control is disabled
[2018.02.08-11.12.09:385][  0]LogLinker:Warning: Asset '../../../Engine/Plugins/Runtime/LeapMotionController/Content/LM_PassthroughMaterial.uasset' has been saved with empty engine version. The asset will be loaded but may be incompatible.
[2018.02.08-11.12.09:513][  0]LogObj: 28361 objects as part of root set at end of initial load.
[2018.02.08-11.12.09:513][  0]LogUObjectAllocator: 6038872 out of 0 bytes used by permanent object pool.
[2018.02.08-11.12.09:595][  0]LogEngine: Initializing Engine...
[2018.02.08-11.12.09:597][  0]LogHMD: Can't find Oculus library dev build: is proper Runtime installed? Version: 0.7.0.0
[2018.02.08-11.12.09:601][  0]LogHMD: SteamVR failed to initialize.  Err: 110
[2018.02.08-11.12.09:815][  0]LogAIModule: Creating AISystem for world NewWorld
[2018.02.08-11.12.09:829][  0]LogInit: XAudio2 using 'Динамики (Устройство с поддержкой High Definition Audio)' : 2 channels at 44.1 kHz using 16 bits per sample (channel mask 0x3)
[2018.02.08-11.12.09:868][  0]LogInit: FAudioDevice initialized.
[2018.02.08-11.12.09:895][  0]LogDerivedDataCache: Saved boot cache 0.03s 41MB C:/Users/1/AppData/Local/UnrealEngine/4.9/DerivedDataCache/Boot.ddc.
[2018.02.08-11.12.09:901][  0]LogInit: Texture streaming: Enabled
[2018.02.08-11.12.09:913][  0]LogAnalytics: Creating configured Analytics provider AnalyticsET
[2018.02.08-11.12.09:913][  0]LogAnalytics: [UEEditor.Rocket.Release] APIServer = http://et2.epicgames.com/ET2/. AppVersion = 4.9.2-2707645+++depot+UE4-Releases+4.9
[2018.02.08-11.12.09:914][  0]LogAnalytics: [UEEditor.Rocket.Release] SetUserId fdb2de1848db1fa47a6f94acde81dca0|be1dc849c34248278283a980c6ca8968|82021297-a794-427f-b0e0-602fe21b1b06
[2018.02.08-11.12.09:914][  0]LogAnalytics: [UEEditor.Rocket.Release] AnalyticsET::StartSession
[2018.02.08-11.12.09:961][  0]LogInit: Transaction tracking system initialized
[2018.02.08-11.12.10:016][  0]BlueprintLog: New page: Editor Load
[2018.02.08-11.12.10:180][  0]LocalizationService: Info Localization service is disabled
[2018.02.08-11.12.10:295][  0]LogLinker:Warning: Can't find file '/Game/FirstPersonBP/FirstPersonOverview'
[2018.02.08-11.12.10:295][  0]LogLinker:Warning: Can't find file '/Game/FirstPersonBP/FirstPersonOverview'
[2018.02.08-11.12.10:295][  0]LogUObjectGlobals:Warning: Failed to find object 'Class /Game/FirstPersonBP/FirstPersonOverview.FirstPersonOverview_C'
[2018.02.08-11.12.10:545][  0]LogConsoleResponse:Display: 
[2018.02.08-11.12.10:738][  0]LogCook:Display: Done creating registry. It took  0.00s.
[2018.02.08-11.12.10:762][  0]LogFileCache: Scanning file cache for directory 'D:/sergey/UnrealProjects/Game_1337/TopDown/Content/' took 0.02s
[2018.02.08-11.12.10:850][  0]SourceControl: Info Source control is disabled
[2018.02.08-11.12.10:850][  0]Cmd: MAP LOAD FILE="../../../../sergey/UnrealProjects/Game_1337/TopDown/Content/TopDownBP/Maps/TopDownExampleMap.umap" TEMPLATE=0 SHOWPROGRESS=1 FEATURELEVEL=3
[2018.02.08-11.12.10:851][  0]LightingResults: New page: Lighting Build
[2018.02.08-11.12.10:854][  0]MapCheck: New page: Map Check
[2018.02.08-11.12.10:854][  0]LightingResults: New page: Lighting Build
[2018.02.08-11.12.10:878][  0]LogParticles: Destroying 0 GPU particle simulations for FXSystem 0x00000000256D6160
[2018.02.08-11.12.10:891][  0]LogLinker:Warning: Asset '../../../../sergey/UnrealProjects/Game_1337/TopDown/Content/Mannequin/Animations/ThirdPerson_AnimBP.uasset' has been saved with empty engine version. The asset will be loaded but may be incompatible.
[2018.02.08-11.12.10:893][  0]LogLinker:Warning: Asset '../../../../sergey/UnrealProjects/Game_1337/TopDown/Content/Mannequin/Animations/ThirdPerson_Jump.uasset' has been saved with empty engine version. The asset will be loaded but may be incompatible.
[2018.02.08-11.12.10:896][  0]LogLinker:Warning: Asset '../../../../sergey/UnrealProjects/Game_1337/TopDown/Content/Mannequin/Animations/ThirdPersonJump_Loop.uasset' has been saved with empty engine version. The asset will be loaded but may be incompatible.
[2018.02.08-11.12.10:898][  0]LogLinker:Warning: Asset '../../../../sergey/UnrealProjects/Game_1337/TopDown/Content/Mannequin/Animations/ThirdPersonJump_Start.uasset' has been saved with empty engine version. The asset will be loaded but may be incompatible.
[2018.02.08-11.12.10:899][  0]LogLinker:Warning: Asset '../../../../sergey/UnrealProjects/Game_1337/TopDown/Content/Mannequin/Animations/ThirdPerson_IdleRun_2D.uasset' has been saved with empty engine version. The asset will be loaded but may be incompatible.
[2018.02.08-11.12.10:900][  0]LogLinker:Warning: Asset '../../../../sergey/UnrealProjects/Game_1337/TopDown/Content/Mannequin/Animations/ThirdPersonIdle.uasset' has been saved with empty engine version. The asset will be loaded but may be incompatible.
[2018.02.08-11.12.10:901][  0]LogLinker:Warning: Asset '../../../../sergey/UnrealProjects/Game_1337/TopDown/Content/Mannequin/Animations/ThirdPersonRun.uasset' has been saved with empty engine version. The asset will be loaded but may be incompatible.
[2018.02.08-11.12.10:903][  0]LogLinker:Warning: Asset '../../../../sergey/UnrealProjects/Game_1337/TopDown/Content/Mannequin/Animations/ThirdPersonWalk.uasset' has been saved with empty engine version. The asset will be loaded but may be incompatible.
[2018.02.08-11.12.11:665][  0]LogBlueprint:Error: [compiler TopDownCharacter] Error Graph named 'Inventory_Action' already exists in 'TopDownCharacter'. Another one cannot be generated from  (none) 
[2018.02.08-11.12.11:733][  0]LogBlueprint:Warning: [compiler TopDownCharacter] Warning [0010.10] Compile of TopDownCharacter failed. 1 Fatal Issue(s) 0 Warning(s) [in 78 ms]
[2018.02.08-11.12.11:733][  0]LogBlueprint:Warning: [compiler TopDownCharacter] Warning [0010.10] Compile of TopDownCharacter failed. 1 Fatal Issue(s) 1 Warning(s) [in 0 ms]
[2018.02.08-11.12.11:733][  0]LogBlueprint:Warning: [compiler TopDownCharacter] Warning [0010.10] Compile of TopDownCharacter failed. 1 Fatal Issue(s) 2 Warning(s) [in 0 ms]
[2018.02.08-11.12.11:771][  0]LogBlueprint:Error: [compiler TopDownCharacter] Error Graph named 'Inventory_Action' already exists in 'TopDownCharacter'. Another one cannot be generated from  (none) 
[2018.02.08-11.12.11:841][  0]LogBlueprint:Warning: [compiler TopDownCharacter] Warning [0010.21] Compile of TopDownCharacter failed. 1 Fatal Issue(s) 0 Warning(s) [in 80 ms]
[2018.02.08-11.12.11:841][  0]LogBlueprint:Warning: [compiler TopDownCharacter] Warning [0010.21] Compile of TopDownCharacter failed. 1 Fatal Issue(s) 1 Warning(s) [in 0 ms]
[2018.02.08-11.12.11:841][  0]LogBlueprint:Warning: [compiler TopDownCharacter] Warning [0010.21] Compile of TopDownCharacter failed. 1 Fatal Issue(s) 2 Warning(s) [in 0 ms]
[2018.02.08-11.12.12:102][  0]LogLinker:Warning: CreateExport: Failed to load Parent for Function /Game/TopDownBP/Blueprints/Inventory/Chests/chest-base.chest-base_C:UserConstructionScript; removing parent information, but keeping function
[2018.02.08-11.12.12:117][  0]LogLinker:Warning: CreateExport: Failed to load Parent for Function /Game/TopDownBP/Blueprints/Inventory/Item/Items/Base_Items/Item_aid_base.Item_aid_base_C:UserConstructionScript; removing parent information, but keeping function
[2018.02.08-11.12.12:136][  0]LogLinker:Warning: CreateExport: Failed to load Parent for Function /Game/TopDownBP/Blueprints/Inventory/Item/Items/Base_Items/Item_Statue.Item_Statue_C:UserConstructionScript; removing parent information, but keeping function
[2018.02.08-11.12.12:756][  0]LogBlueprint:Warning: Node '/Game/TopDownBP/Blueprints/TopDownCharacter.TopDownCharacter:InventoryGraph.Inventory_Action_1' missing NodeGuid.
[2018.02.08-11.12.13:268][  0]LogAIModule: Creating AISystem for world TopDownExampleMap
[2018.02.08-11.12.13:310][  0]LogEditorServer: Finished looking for orphan Actors (0.000 secs)
[2018.02.08-11.12.13:311][  0]Cmd: MAP CHECKDEP NOCLEARLOG
[2018.02.08-11.12.13:412][  0]MapCheck: Info Map check complete: 0 Error(s), 0 Warning(s), took 100.474ms to complete.
[2018.02.08-11.12.13:412][  0]LogFileHelpers: Loading map 'TopDownExampleMap' took 2.562
[2018.02.08-11.12.13:553][  0]LogCollectionManager: Loaded 0 collections in 0.002177 seconds
[2018.02.08-11.12.13:576][  0]LogFileCache: Scanning file cache for directory 'D:/sergey/UnrealProjects/Game_1337/TopDown/Saved/Collections/' took 0.01s
[2018.02.08-11.12.13:576][  0]LogFileCache: Scanning file cache for directory 'D:/sergey/UnrealProjects/Game_1337/TopDown/Content/Developers/1/Collections/' took 0.00s
[2018.02.08-11.12.13:576][  0]LogFileCache: Scanning file cache for directory 'D:/sergey/UnrealProjects/Game_1337/TopDown/Content/Collections/' took 0.00s
[2018.02.08-11.12.13:576][  0]LogContentBrowser: Native class hierarchy populated in 0.0109 seconds. Added 1868 classes and 335 folders.
[2018.02.08-11.12.13:582][  0]LogCollectionManager: Rebuilt the GUID cache for 0 collections in 0.000003 seconds
[2018.02.08-11.12.13:589][  0]LogContentBrowser: Native class hierarchy updated for 'WidgetCarousel' in 0.0005 seconds. Added 0 classes and 0 folders.
[2018.02.08-11.12.13:663][  0]LogContentBrowser: Native class hierarchy updated for 'AddContentDialog' in 0.0005 seconds. Added 0 classes and 0 folders.
[2018.02.08-11.12.13:707][  0]LogCrashTracker: Crashtracker disabled due to settings.
[2018.02.08-11.12.13:712][  0]LogUObjectGlobals:Warning: Failed to find object 'Class None.'
[2018.02.08-11.12.13:744][  0]LogLoad: Full Startup: 12.11 seconds (BP compile: 0.57 seconds)
[2018.02.08-11.12.13:863][  0]LogContentStreaming: Texture pool size now 200 MB
[2018.02.08-11.12.14:029][  0]LogRenderer: Reallocating scene render targets to support 536x352 (Frame:2).
[2018.02.08-11.12.15:011][ 10]LogAssetRegistry: Asset discovery search completed in 6.1910 seconds
[2018.02.08-11.12.15:011][ 10]LogCollectionManager: Rebuilt the object cache for 0 collections in 0.000001 seconds (found 0 objects)
[2018.02.08-11.12.15:011][ 10]LogCollectionManager: Fixed up redirectors for 0 collections in 0.000033 seconds (updated 0 objects)
[2018.02.08-11.12.18:028][108]LogBlueprintUserMessages: Early PlayInEditor Detection: Level '/Game/TopDownBP/Maps/TopDownExampleMap.TopDownExampleMap:PersistentLevel' has LevelScriptBlueprint '/Game/TopDownBP/Maps/TopDownExampleMap.TopDownExampleMap:PersistentLevel.TopDownExampleMap' with GeneratedClass '/Game/TopDownBP/Maps/TopDownExampleMap.TopDownExampleMap_C' with ClassGeneratedBy '/Game/TopDownBP/Maps/TopDownExampleMap.TopDownExampleMap:PersistentLevel.TopDownExampleMap'
[2018.02.08-11.12.18:028][108]LogPlayLevel: PlayLevel: No blueprints needed recompiling
[2018.02.08-11.12.19:290][108]PIE: New page: PIE session: TopDownExampleMap (Feb 9, 2018, 3:12:19 AM)
[2018.02.08-11.12.19:290][108]LogPlayLevel: Creating play world package: /Game/TopDownBP/Maps/UEDPIE_0_TopDownExampleMap
[2018.02.08-11.12.19:347][108]LogPlayLevel: PIE: StaticDuplicateObject took: (0.057344s)
[2018.02.08-11.12.19:348][108]LogAIModule: Creating AISystem for world TopDownExampleMap
[2018.02.08-11.12.19:349][108]LogPlayLevel: PIE: World Init took: (0.001521s)
[2018.02.08-11.12.19:349][108]LogPlayLevel: PIE: Created PIE world by copying editor world from /Game/TopDownBP/Maps/TopDownExampleMap.TopDownExampleMap to /Game/TopDownBP/Maps/UEDPIE_0_TopDownExampleMap.TopDownExampleMap (0.059243s)
[2018.02.08-11.12.19:349][108]LogActorComponent: UnregisterComponent: (/Engine/Transient.CharMoveComp) Not registered. Aborting.
[2018.02.08-11.12.19:440][108]LogInit: XAudio2 using 'Динамики (Устройство с поддержкой High Definition Audio)' : 2 channels at 44.1 kHz using 16 bits per sample (channel mask 0x3)
[2018.02.08-11.12.19:447][108]LogInit: FAudioDevice initialized.
[2018.02.08-11.12.19:498][108]LogWorld: Game class is 'TopDownGameMode_C'
[2018.02.08-11.12.19:512][108]LogWorld:Warning: *** WARNING - PATHS MAY NOT BE VALID ***
[2018.02.08-11.12.19:512][108]LogWorld: Bringing World /Game/TopDownBP/Maps/UEDPIE_0_TopDownExampleMap.TopDownExampleMap up for play (max tick rate 60) at 2018.02.08-19.12.19
[2018.02.08-11.12.19:512][108]LogActor:Warning: GameSession /Game/TopDownBP/Maps/UEDPIE_0_TopDownExampleMap.TopDownExampleMap:PersistentLevel.GameSession_0 has natively added scene component(s), but none of them were set as the actor's RootComponent - picking one arbitrarily
[2018.02.08-11.12.19:512][108]LogActor:Warning: GameNetworkManager /Game/TopDownBP/Maps/UEDPIE_0_TopDownExampleMap.TopDownExampleMap:PersistentLevel.GameNetworkManager_0 has natively added scene component(s), but none of them were set as the actor's RootComponent - picking one arbitrarily
[2018.02.08-11.12.19:513][108]LogWorld: Bringing up level for play took: 0.014270
[2018.02.08-11.12.19:537][108]PIE: Info Play in editor start time for /Game/TopDownBP/Maps/UEDPIE_0_TopDownExampleMap 0.927
[2018.02.08-11.12.19:537][108]LogBlueprintUserMessages: Late PlayInEditor Detection: Level '/Game/TopDownBP/Maps/TopDownExampleMap.TopDownExampleMap:PersistentLevel' has LevelScriptBlueprint '/Game/TopDownBP/Maps/TopDownExampleMap.TopDownExampleMap:PersistentLevel.TopDownExampleMap' with GeneratedClass '/Game/TopDownBP/Maps/TopDownExampleMap.TopDownExampleMap_C' with ClassGeneratedBy '/Game/TopDownBP/Maps/TopDownExampleMap.TopDownExampleMap:PersistentLevel.TopDownExampleMap'
[2018.02.08-11.12.19:592][109]LogRenderer: Reallocating scene render targets to support 640x360 (Frame:95).
[2018.02.08-11.12.21:226][140]LogBlueprintUserMessages: [Item_aid_base_C_7] long distance for picked up
[2018.02.08-11.12.21:442][145]LogBlueprintUserMessages: [Item_aid_base_C_7] long distance for picked up
[2018.02.08-11.12.21:656][150]LogBlueprintUserMessages: [Item_aid_base_C_7] long distance for picked up
[2018.02.08-11.12.22:588][171]LogBlueprintUserMessages: Early EndPlayMap Detection: Level '/Game/TopDownBP/Maps/TopDownExampleMap.TopDownExampleMap:PersistentLevel' has LevelScriptBlueprint '/Game/TopDownBP/Maps/TopDownExampleMap.TopDownExampleMap:PersistentLevel.TopDownExampleMap' with GeneratedClass '/Game/TopDownBP/Maps/TopDownExampleMap.TopDownExampleMap_C' with ClassGeneratedBy '/Game/TopDownBP/Maps/TopDownExampleMap.TopDownExampleMap:PersistentLevel.TopDownExampleMap'
[2018.02.08-11.12.22:616][171]LogBlueprintUserMessages: Late EndPlayMap Detection: Level '/Game/TopDownBP/Maps/TopDownExampleMap.TopDownExampleMap:PersistentLevel' has LevelScriptBlueprint '/Game/TopDownBP/Maps/TopDownExampleMap.TopDownExampleMap:PersistentLevel.TopDownExampleMap' with GeneratedClass '/Game/TopDownBP/Maps/TopDownExampleMap.TopDownExampleMap_C' with ClassGeneratedBy '/Game/TopDownBP/Maps/TopDownExampleMap.TopDownExampleMap:PersistentLevel.TopDownExampleMap'
[2018.02.08-11.12.22:650][171]LogParticles: Destroying 0 GPU particle simulations for FXSystem 0x0000000039B3F380
[2018.02.08-11.12.26:716][238]LogLinker:Warning: Asset '../../../Engine/Content/ArtTools/RenderToTexture/Macros/RenderToTextureMacros.uasset' has been saved with empty engine version. The asset will be loaded but may be incompatible.
[2018.02.08-11.12.27:552][238]LogContentBrowser: Native class hierarchy updated for 'BlueprintGraph' in 0.0011 seconds. Added 107 classes and 0 folders.
[2018.02.08-11.12.29:835][262]BlueprintLog: New page: Compile TopDownCharacter
[2018.02.08-11.12.29:943][262]LogBlueprint:Error: [compiler TopDownCharacter] Error Graph named 'Inventory_Action' already exists in 'TopDownCharacter'. Another one cannot be generated from  (none) 
[2018.02.08-11.12.30:218][262]LogActorComponent: UnregisterComponent: (/Engine/Transient.CharMoveComp) Not registered. Aborting.
[2018.02.08-11.12.30:287][262]LogBlueprint:Warning: [compiler TopDownCharacter] Warning [0028.66] Compile of TopDownCharacter failed. 1 Fatal Issue(s) 0 Warning(s) [in 450 ms]
[2018.02.08-11.12.30:287][262]BlueprintEditorCompileResults:Error: Error Graph named 'Inventory_Action' already exists in 'TopDownCharacter'. Another one cannot be generated from  (none) 
[2018.02.08-11.12.30:287][262]BlueprintEditorCompileResults:Warning: Warning [0028.66] Compile of TopDownCharacter failed. 1 Fatal Issue(s) 0 Warning(s) [in 450 ms]
[2018.02.08-11.13.43:972][873]BlueprintLog: New page: Compile Item
[2018.02.08-11.13.44:017][873]LogActorComponent: UnregisterComponent: (/Engine/Transient.CharMoveComp) Not registered. Aborting.
[2018.02.08-11.13.44:228][873]LogBlueprint:Error: [compiler TopDownCharacter] Error Graph named 'Inventory_Action' already exists in 'TopDownCharacter'. Another one cannot be generated from  (none) 
[2018.02.08-11.13.44:830][873]BlueprintEditorCompileResults: Info [0103.20] Compile of Item successful! [in 857 ms]
[2018.02.08-11.13.48:147][956]BlueprintLog: New page: Compile Item
[2018.02.08-11.13.48:390][956]LogBlueprint:Error: [compiler TopDownCharacter] Error Graph named 'Inventory_Action' already exists in 'TopDownCharacter'. Another one cannot be generated from  (none) 
[2018.02.08-11.13.48:890][956]BlueprintEditorCompileResults: Info [0107.26] Compile of Item successful! [in 742 ms]
[2018.02.08-11.13.49:674][974]BlueprintLog: New page: Compile Item
[2018.02.08-11.13.49:922][974]LogBlueprint:Error: [compiler TopDownCharacter] Error Graph named 'Inventory_Action' already exists in 'TopDownCharacter'. Another one cannot be generated from  (none) 
[2018.02.08-11.13.50:429][974]BlueprintEditorCompileResults: Info [0108.80] Compile of Item successful! [in 754 ms]
[2018.02.08-11.13.50:963][985]BlueprintLog: New page: Compile Item
[2018.02.08-11.13.51:203][985]LogBlueprint:Error: [compiler TopDownCharacter] Error Graph named 'Inventory_Action' already exists in 'TopDownCharacter'. Another one cannot be generated from  (none) 
[2018.02.08-11.13.51:700][985]BlueprintEditorCompileResults: Info [0110.07] Compile of Item successful! [in 737 ms]
[2018.02.08-11.13.52:231][996]BlueprintLog: New page: Compile Item
[2018.02.08-11.13.52:478][996]LogBlueprint:Error: [compiler TopDownCharacter] Error Graph named 'Inventory_Action' already exists in 'TopDownCharacter'. Another one cannot be generated from  (none) 
[2018.02.08-11.13.52:976][996]BlueprintEditorCompileResults: Info [0111.34] Compile of Item successful! [in 745 ms]
[2018.02.08-11.13.53:496][  7]BlueprintLog: New page: Compile Item
[2018.02.08-11.13.53:739][  7]LogBlueprint:Error: [compiler TopDownCharacter] Error Graph named 'Inventory_Action' already exists in 'TopDownCharacter'. Another one cannot be generated from  (none) 
[2018.02.08-11.13.54:238][  7]BlueprintEditorCompileResults: Info [0112.61] Compile of Item successful! [in 741 ms]
[2018.02.08-11.14.38:890][974]BlueprintLog: New page: Compile TopDownCharacter
[2018.02.08-11.14.38:990][974]LogBlueprint:Error: [compiler TopDownCharacter] Error Graph named 'Inventory_Action' already exists in 'TopDownCharacter'. Another one cannot be generated from  (none) 
[2018.02.08-11.14.39:354][974]LogBlueprint:Warning: [compiler TopDownCharacter] Warning [0157.72] Compile of TopDownCharacter failed. 1 Fatal Issue(s) 0 Warning(s) [in 463 ms]
[2018.02.08-11.14.39:354][974]BlueprintEditorCompileResults:Error: Error Graph named 'Inventory_Action' already exists in 'TopDownCharacter'. Another one cannot be generated from  (none) 
[2018.02.08-11.14.39:354][974]BlueprintEditorCompileResults:Warning: Warning [0157.72] Compile of TopDownCharacter failed. 1 Fatal Issue(s) 0 Warning(s) [in 463 ms]
[2018.02.08-11.14.39:855][983]BlueprintLog: New page: Compile TopDownCharacter
[2018.02.08-11.14.39:949][983]LogBlueprint:Error: [compiler TopDownCharacter] Error Graph named 'Inventory_Action' already exists in 'TopDownCharacter'. Another one cannot be generated from  (none) 
[2018.02.08-11.14.40:313][983]LogBlueprint:Warning: [compiler TopDownCharacter] Warning [0158.68] Compile of TopDownCharacter failed. 1 Fatal Issue(s) 0 Warning(s) [in 456 ms]
[2018.02.08-11.14.40:313][983]BlueprintEditorCompileResults:Error: Error Graph named 'Inventory_Action' already exists in 'TopDownCharacter'. Another one cannot be generated from  (none) 
[2018.02.08-11.14.40:313][983]BlueprintEditorCompileResults:Warning: Warning [0158.68] Compile of TopDownCharacter failed. 1 Fatal Issue(s) 0 Warning(s) [in 456 ms]
[2018.02.08-11.14.43:430][ 60]BlueprintLog: New page: Compile TopDownCharacter
[2018.02.08-11.14.43:527][ 60]LogBlueprint:Error: [compiler TopDownCharacter] Error Graph named 'Inventory_Action' already exists in 'TopDownCharacter'. Another one cannot be generated from  (none) 
[2018.02.08-11.14.43:892][ 60]LogBlueprint:Warning: [compiler TopDownCharacter] Warning [0162.26] Compile of TopDownCharacter failed. 1 Fatal Issue(s) 0 Warning(s) [in 461 ms]
[2018.02.08-11.14.43:893][ 60]BlueprintEditorCompileResults:Error: Error Graph named 'Inventory_Action' already exists in 'TopDownCharacter'. Another one cannot be generated from  (none) 
[2018.02.08-11.14.43:893][ 60]BlueprintEditorCompileResults:Warning: Warning [0162.26] Compile of TopDownCharacter failed. 1 Fatal Issue(s) 0 Warning(s) [in 461 ms]
[2018.02.08-11.14.45:019][ 82]BlueprintLog: New page: Compile TopDownCharacter
[2018.02.08-11.14.45:114][ 82]LogBlueprint:Error: [compiler TopDownCharacter] Error Graph named 'Inventory_Action' already exists in 'TopDownCharacter'. Another one cannot be generated from  (none) 
[2018.02.08-11.14.45:479][ 82]LogBlueprint:Warning: [compiler TopDownCharacter] Warning [0163.84] Compile of TopDownCharacter failed. 1 Fatal Issue(s) 0 Warning(s) [in 460 ms]
[2018.02.08-11.14.45:480][ 82]BlueprintEditorCompileResults:Error: Error Graph named 'Inventory_Action' already exists in 'TopDownCharacter'. Another one cannot be generated from  (none) 
[2018.02.08-11.14.45:480][ 82]BlueprintEditorCompileResults:Warning: Warning [0163.84] Compile of TopDownCharacter failed. 1 Fatal Issue(s) 0 Warning(s) [in 460 ms]
[2018.02.08-11.14.47:793][138]BlueprintLog: New page: Compile TopDownCharacter
[2018.02.08-11.14.47:889][138]LogBlueprint:Error: [compiler TopDownCharacter] Error Graph named 'Inventory_Action' already exists in 'TopDownCharacter'. Another one cannot be generated from  (none) 
[2018.02.08-11.14.48:252][138]LogBlueprint:Warning: [compiler TopDownCharacter] Warning [0166.62] Compile of TopDownCharacter failed. 1 Fatal Issue(s) 0 Warning(s) [in 459 ms]
[2018.02.08-11.14.48:252][138]BlueprintEditorCompileResults:Error: Error Graph named 'Inventory_Action' already exists in 'TopDownCharacter'. Another one cannot be generated from  (none) 
[2018.02.08-11.14.48:252][138]BlueprintEditorCompileResults:Warning: Warning [0166.62] Compile of TopDownCharacter failed. 1 Fatal Issue(s) 0 Warning(s) [in 459 ms]
[2018.02.08-11.14.49:346][159]BlueprintLog: New page: Compile TopDownCharacter
[2018.02.08-11.14.49:445][159]LogBlueprint:Error: [compiler TopDownCharacter] Error Graph named 'Inventory_Action' already exists in 'TopDownCharacter'. Another one cannot be generated from  (none) 
[2018.02.08-11.14.49:808][159]LogBlueprint:Warning: [compiler TopDownCharacter] Warning [0168.17] Compile of TopDownCharacter failed. 1 Fatal Issue(s) 0 Warning(s) [in 461 ms]
[2018.02.08-11.14.49:808][159]BlueprintEditorCompileResults:Error: Error Graph named 'Inventory_Action' already exists in 'TopDownCharacter'. Another one cannot be generated from  (none) 
[2018.02.08-11.14.49:808][159]BlueprintEditorCompileResults:Warning: Warning [0168.17] Compile of TopDownCharacter failed. 1 Fatal Issue(s) 0 Warning(s) [in 461 ms]
[2018.02.08-11.14.51:795][198]BlueprintLog: New page: Compile TopDownCharacter
[2018.02.08-11.14.51:892][198]LogBlueprint:Error: [compiler TopDownCharacter] Error Graph named 'Inventory_Action' already exists in 'TopDownCharacter'. Another one cannot be generated from  (none) 
[2018.02.08-11.14.52:254][198]LogBlueprint:Warning: [compiler TopDownCharacter] Warning [0170.62] Compile of TopDownCharacter failed. 1 Fatal Issue(s) 0 Warning(s) [in 459 ms]
[2018.02.08-11.14.52:255][198]BlueprintEditorCompileResults:Error: Error Graph named 'Inventory_Action' already exists in 'TopDownCharacter'. Another one cannot be generated from  (none) 
[2018.02.08-11.14.52:255][198]BlueprintEditorCompileResults:Warning: Warning [0170.62] Compile of TopDownCharacter failed. 1 Fatal Issue(s) 0 Warning(s) [in 459 ms]
[2018.02.08-11.14.53:383][220]BlueprintLog: New page: Compile TopDownCharacter
[2018.02.08-11.14.53:477][220]LogBlueprint:Error: [compiler TopDownCharacter] Error Graph named 'Inventory_Action' already exists in 'TopDownCharacter'. Another one cannot be generated from  (none) 
[2018.02.08-11.14.53:841][220]LogBlueprint:Warning: [compiler TopDownCharacter] Warning [0172.21] Compile of TopDownCharacter failed. 1 Fatal Issue(s) 0 Warning(s) [in 458 ms]
[2018.02.08-11.14.53:841][220]BlueprintEditorCompileResults:Error: Error Graph named 'Inventory_Action' already exists in 'TopDownCharacter'. Another one cannot be generated from  (none) 
[2018.02.08-11.14.53:841][220]BlueprintEditorCompileResults:Warning: Warning [0172.21] Compile of TopDownCharacter failed. 1 Fatal Issue(s) 0 Warning(s) [in 458 ms]
[2018.02.08-11.14.55:014][243]BlueprintLog: New page: Compile TopDownCharacter
[2018.02.08-11.14.55:111][243]LogBlueprint:Error: [compiler TopDownCharacter] Error Graph named 'Inventory_Action' already exists in 'TopDownCharacter'. Another one cannot be generated from  (none) 
[2018.02.08-11.14.55:476][243]LogBlueprint:Warning: [compiler TopDownCharacter] Warning [0173.84] Compile of TopDownCharacter failed. 1 Fatal Issue(s) 0 Warning(s) [in 461 ms]
[2018.02.08-11.14.55:476][243]BlueprintEditorCompileResults:Error: Error Graph named 'Inventory_Action' already exists in 'TopDownCharacter'. Another one cannot be generated from  (none) 
[2018.02.08-11.14.55:476][243]BlueprintEditorCompileResults:Warning: Warning [0173.84] Compile of TopDownCharacter failed. 1 Fatal Issue(s) 0 Warning(s) [in 461 ms]
[2018.02.08-11.14.56:591][265]BlueprintLog: New page: Compile TopDownCharacter
[2018.02.08-11.14.56:687][265]LogBlueprint:Error: [compiler TopDownCharacter] Error Graph named 'Inventory_Action' already exists in 'TopDownCharacter'. Another one cannot be generated from  (none) 
[2018.02.08-11.14.57:052][265]LogBlueprint:Warning: [compiler TopDownCharacter] Warning [0175.42] Compile of TopDownCharacter failed. 1 Fatal Issue(s) 0 Warning(s) [in 460 ms]
[2018.02.08-11.14.57:053][265]BlueprintEditorCompileResults:Error: Error Graph named 'Inventory_Action' already exists in 'TopDownCharacter'. Another one cannot be generated from  (none) 
[2018.02.08-11.14.57:053][265]BlueprintEditorCompileResults:Warning: Warning [0175.42] Compile of TopDownCharacter failed. 1 Fatal Issue(s) 0 Warning(s) [in 460 ms]
[2018.02.08-11.15.05:532][481]BlueprintLog: New page: Compile TopDownCharacter
[2018.02.08-11.15.05:628][481]LogBlueprint:Error: [compiler TopDownCharacter] Error Graph named 'Inventory_Action' already exists in 'TopDownCharacter'. Another one cannot be generated from  (none) 
[2018.02.08-11.15.06:004][481]LogBlueprint:Warning: [compiler TopDownCharacter] Warning [0184.37] Compile of TopDownCharacter failed. 1 Fatal Issue(s) 0 Warning(s) [in 472 ms]
[2018.02.08-11.15.06:004][481]BlueprintEditorCompileResults:Error: Error Graph named 'Inventory_Action' already exists in 'TopDownCharacter'. Another one cannot be generated from  (none) 
[2018.02.08-11.15.06:004][481]BlueprintEditorCompileResults:Warning: Warning [0184.37] Compile of TopDownCharacter failed. 1 Fatal Issue(s) 0 Warning(s) [in 472 ms]
[2018.02.08-11.15.15:421][721]BlueprintLog: New page: Compile TopDownCharacter
[2018.02.08-11.15.15:520][721]LogBlueprint:Error: [compiler TopDownCharacter] Error Graph named 'Inventory_Action' already exists in 'TopDownCharacter'. Another one cannot be generated from  (none) 
[2018.02.08-11.15.15:902][721]LogBlueprint:Warning: [compiler TopDownCharacter] Warning [0194.27] Compile of TopDownCharacter failed. 1 Fatal Issue(s) 0 Warning(s) [in 480 ms]
[2018.02.08-11.15.15:902][721]BlueprintEditorCompileResults:Error: Error Graph named 'Inventory_Action' already exists in 'TopDownCharacter'. Another one cannot be generated from  (none) 
[2018.02.08-11.15.15:902][721]BlueprintEditorCompileResults:Warning: Warning [0194.27] Compile of TopDownCharacter failed. 1 Fatal Issue(s) 0 Warning(s) [in 480 ms]
[2018.02.08-11.15.17:497][754]BlueprintLog: New page: Compile TopDownCharacter
[2018.02.08-11.15.17:594][754]LogBlueprint:Error: [compiler TopDownCharacter] Error Graph named 'Inventory_Action' already exists in 'TopDownCharacter'. Another one cannot be generated from  (none) 
[2018.02.08-11.15.17:966][754]LogBlueprint:Warning: [compiler TopDownCharacter] Warning [0196.33] Compile of TopDownCharacter failed. 1 Fatal Issue(s) 0 Warning(s) [in 468 ms]
[2018.02.08-11.15.17:966][754]BlueprintEditorCompileResults:Error: Error Graph named 'Inventory_Action' already exists in 'TopDownCharacter'. Another one cannot be generated from  (none) 
[2018.02.08-11.15.17:966][754]BlueprintEditorCompileResults:Warning: Warning [0196.33] Compile of TopDownCharacter failed. 1 Fatal Issue(s) 0 Warning(s) [in 468 ms]
[2018.02.08-11.15.50:060][464]LogRenderer: Reallocating scene render targets to support 1024x484 (Frame:3205).
[2018.02.08-11.16.42:216][618]BlueprintLog: New page: Compile TopDownCharacter
[2018.02.08-11.16.42:316][618]LogBlueprint:Error: [compiler TopDownCharacter] Error Graph named 'Inventory_Action' already exists in 'TopDownCharacter'. Another one cannot be generated from  (none) 
[2018.02.08-11.16.42:584][618]LogBlueprint:Warning: [compiler TopDownCharacter] Warning [0280.95] Compile of TopDownCharacter failed. 1 Fatal Issue(s) 0 Warning(s) [in 366 ms]
[2018.02.08-11.16.42:585][618]BlueprintEditorCompileResults:Error: Error Graph named 'Inventory_Action' already exists in 'TopDownCharacter'. Another one cannot be generated from  (none) 
[2018.02.08-11.16.42:585][618]BlueprintEditorCompileResults:Warning: Warning [0280.95] Compile of TopDownCharacter failed. 1 Fatal Issue(s) 0 Warning(s) [in 366 ms]
[2018.02.08-11.16.50:710][803]LogWindowsTextInputMethodSystem:Display: IME system now deactivated.
[2018.02.08-11.17.14:152][409]BlueprintLog: New page: Compile TopDownCharacter
[2018.02.08-11.17.14:256][409]LogBlueprint:Error: [compiler TopDownCharacter] Error Graph named 'Inventory_Action' already exists in 'TopDownCharacter'. Another one cannot be generated from  Event Inventory Action 
[2018.02.08-11.17.14:543][409]LogBlueprint:Warning: [compiler TopDownCharacter] Warning [0312.90] Compile of TopDownCharacter failed. 1 Fatal Issue(s) 0 Warning(s) [in 391 ms]
[2018.02.08-11.17.14:543][409]BlueprintEditorCompileResults:Error: Error Graph named 'Inventory_Action' already exists in 'TopDownCharacter'. Another one cannot be generated from  Event Inventory Action 
[2018.02.08-11.17.14:543][409]BlueprintEditorCompileResults:Warning: Warning [0312.90] Compile of TopDownCharacter failed. 1 Fatal Issue(s) 0 Warning(s) [in 391 ms]
[2018.02.08-11.17.54:665][289]BlueprintLog: New page: Compile Char_Intarface
[2018.02.08-11.17.54:738][289]LogActorComponent: UnregisterComponent: (/Engine/Transient.CharMoveComp) Not registered. Aborting.
[2018.02.08-11.17.54:995][289]BlueprintEditorCompileResults: Info [0353.35] Compile of Char_Intarface successful! [in 329 ms]
[2018.02.08-11.18.10:861][611]BlueprintLog: New page: Compile Item
[2018.02.08-11.18.11:134][611]LogBlueprint:Error: [compiler TopDownCharacter] Error Graph named 'Inventory_Action' already exists in 'TopDownCharacter'. Another one cannot be generated from  Event Inventory Action 
[2018.02.08-11.18.11:672][611]BlueprintEditorCompileResults: Info [0370.03] Compile of Item successful! [in 809 ms]
[2018.02.08-11.18.13:500][655]BlueprintLog: New page: Compile TopDownCharacter
[2018.02.08-11.18.13:599][655]LogBlueprint:Error: [compiler TopDownCharacter] Error Graph named 'Inventory_Action' already exists in 'TopDownCharacter'. Another one cannot be generated from  Event Inventory Action 
[2018.02.08-11.18.13:876][655]LogBlueprint:Warning: [compiler TopDownCharacter] Warning [0372.23] Compile of TopDownCharacter failed. 1 Fatal Issue(s) 0 Warning(s) [in 376 ms]
[2018.02.08-11.18.13:876][655]BlueprintEditorCompileResults:Error: Error Graph named 'Inventory_Action' already exists in 'TopDownCharacter'. Another one cannot be generated from  Event Inventory Action 
[2018.02.08-11.18.13:876][655]BlueprintEditorCompileResults:Warning: Warning [0372.23] Compile of TopDownCharacter failed. 1 Fatal Issue(s) 0 Warning(s) [in 376 ms]
[2018.02.08-11.18.15:975][699]LogActorComponent: UnregisterComponent: (/Engine/Transient.EditorFloorComp) Not registered. Aborting.
[2018.02.08-11.18.16:935][727]LogParticles: Destroying 0 GPU particle simulations for FXSystem 0x0000000056733600
[2018.02.08-11.18.16:937][727]LogParticles: Destroying 0 GPU particle simulations for FXSystem 0x0000000058300A40
[2018.02.08-11.18.18:817][728]Cmd: QUIT_EDITOR
[2018.02.08-11.18.19:227][728]LogExit: Preparing to exit.
[2018.02.08-11.18.19:904][728]LogExit: Editor shut down
[2018.02.08-11.18.19:904][728]LogExit: Transaction tracking system shut down
[2018.02.08-11.18.19:911][728]LogParticles: Destroying 0 GPU particle simulations for FXSystem 0x000000002DC2F880
[2018.02.08-11.18.19:912][728]LogParticles: Destroying 0 GPU particle simulations for FXSystem 0x0000000033E127A0
[2018.02.08-11.18.19:912][728]LogParticles: Destroying 0 GPU particle simulations for FXSystem 0x0000000033E13240
[2018.02.08-11.18.19:912][728]LogParticles: Destroying 0 GPU particle simulations for FXSystem 0x0000000034BAC680
[2018.02.08-11.18.19:912][728]LogParticles: Destroying 0 GPU particle simulations for FXSystem 0x0000000034BAC4A0
[2018.02.08-11.18.19:914][728]LogParticles: Destroying 0 GPU particle simulations for FXSystem 0x000000002BB0AD40
[2018.02.08-11.18.20:163][728]LogExit: Object subsystem successfully closed.
[2018.02.08-11.18.20:178][728]LogD3D11RHI: Shutdown
[2018.02.08-11.18.20:178][728]LogD3D11RHI: CleanupD3DDevice
[2018.02.08-11.18.20:487][728]LogD3D11RHI: ~FD3D11DynamicRHI
[2018.02.08-11.18.20:514][728]LogModuleManager: Shutting down and abandoning module BlueprintGraph (198)
[2018.02.08-11.18.20:514][728]LogModuleManager: Shutting down and abandoning module CrashTracker (197)
[2018.02.08-11.18.20:514][728]LogModuleManager: Shutting down and abandoning module SuperSearch (196)
[2018.02.08-11.18.20:514][728]LogModuleManager: Shutting down and abandoning module WidgetCarousel (195)
[2018.02.08-11.18.20:514][728]LogModuleManager: Shutting down and abandoning module AddContentDialog (194)
[2018.02.08-11.18.20:516][728]LogModuleManager: Shutting down and abandoning module EditorWidgets (193)
[2018.02.08-11.18.20:516][728]LogModuleManager: Shutting down and abandoning module CollectionManager (192)
[2018.02.08-11.18.20:516][728]LogModuleManager: Shutting down and abandoning module SceneOutliner (191)
[2018.02.08-11.18.20:516][728]LogModuleManager: Shutting down and abandoning module StatsViewer (190)
[2018.02.08-11.18.20:516][728]LogModuleManager: Shutting down and abandoning module FoliageEdit (189)
[2018.02.08-11.18.20:516][728]LogModuleManager: Shutting down and abandoning module LandscapeEditor (188)
[2018.02.08-11.18.20:517][728]LogModuleManager: Shutting down and abandoning module ActorPickerMode (187)
[2018.02.08-11.18.20:517][728]LogModuleManager: Shutting down and abandoning module GeometryMode (186)
[2018.02.08-11.18.20:517][728]LogModuleManager: Shutting down and abandoning module TextureAlignMode (185)
[2018.02.08-11.18.20:517][728]LogModuleManager: Shutting down and abandoning module BspMode (184)
[2018.02.08-11.18.20:517][728]LogModuleManager: Shutting down and abandoning module PlacementMode (183)
[2018.02.08-11.18.20:517][728]LogModuleManager: Shutting down and abandoning module AutomationWorker (182)
[2018.02.08-11.18.20:517][728]LogModuleManager: Shutting down and abandoning module CharacterAI (181)
[2018.02.08-11.18.20:517][728]LogModuleManager: Shutting down and abandoning module SmartSnapping (180)
[2018.02.08-11.18.20:517][728]LogModuleManager: Shutting down and abandoning module ViewportSnapping (179)
[2018.02.08-11.18.20:517][728]LogModuleManager: Shutting down and abandoning module LogVisualizer (178)
[2018.02.08-11.18.20:517][728]LogModuleManager: Shutting down and abandoning module GameProjectGeneration (177)
[2018.02.08-11.18.20:517][728]LogModuleManager: Shutting down and abandoning module IntroTutorials (176)
[2018.02.08-11.18.20:517][728]LogModuleManager: Shutting down and abandoning module EditorLiveStreaming (175)
[2018.02.08-11.18.20:517][728]LogModuleManager: Shutting down and abandoning module IOSPlatformEditor (174)
[2018.02.08-11.18.20:517][728]LogModuleManager: Shutting down and abandoning module HTML5PlatformEditor (173)
[2018.02.08-11.18.20:517][728]LogModuleManager: Shutting down and abandoning module AndroidDeviceDetection (172)
[2018.02.08-11.18.21:345][728]LogModuleManager: Shutting down and abandoning module AndroidPlatformEditor (171)
[2018.02.08-11.18.21:345][728]LogModuleManager: Shutting down and abandoning module IOSRuntimeSettings (170)
[2018.02.08-11.18.21:345][728]LogModuleManager: Shutting down and abandoning module AndroidRuntimeSettings (169)
[2018.02.08-11.18.21:345][728]LogModuleManager: Shutting down and abandoning module MergeActors (168)
[2018.02.08-11.18.21:345][728]LogModuleManager: Shutting down and abandoning module SizeMap (167)
[2018.02.08-11.18.21:345][728]LogModuleManager: Shutting down and abandoning module TreeMap (166)
[2018.02.08-11.18.21:345][728]LogModuleManager: Shutting down and abandoning module ReferenceViewer (165)
[2018.02.08-11.18.21:345][728]LogModuleManager: Shutting down and abandoning module LocalizationService (164)
[2018.02.08-11.18.21:345][728]LogModuleManager: Shutting down and abandoning module LocalizationDashboard (163)
[2018.02.08-11.18.21:345][728]LogModuleManager: Shutting down and abandoning module HardwareTargeting (162)
[2018.02.08-11.18.21:345][728]LogModuleManager: Shutting down and abandoning module DeviceProfileEditor (161)
[2018.02.08-11.18.21:345][728]LogModuleManager: Shutting down and abandoning module UndoHistory (160)
[2018.02.08-11.18.21:345][728]LogModuleManager: Shutting down and abandoning module GameplayTagsEditor (159)
[2018.02.08-11.18.21:345][728]LogModuleManager: Shutting down and abandoning module UserFeedback (158)
[2018.02.08-11.18.21:345][728]LogModuleManager: Shutting down and abandoning module XmlParser (157)
[2018.02.08-11.18.21:345][728]LogModuleManager: Shutting down and abandoning module Blutility (156)
[2018.02.08-11.18.21:345][728]LogModuleManager: Shutting down and abandoning module ProjectTargetPlatformEditor (155)
[2018.02.08-11.18.21:345][728]LogModuleManager: Shutting down and abandoning module ProjectSettingsViewer (154)
[2018.02.08-11.18.21:346][728]LogModuleManager: Shutting down and abandoning module InputBindingEditor (153)
[2018.02.08-11.18.21:346][728]LogModuleManager: Shutting down and abandoning module EditorSettingsViewer (152)
[2018.02.08-11.18.21:346][728]LogModuleManager: Shutting down and abandoning module SettingsEditor (151)
[2018.02.08-11.18.21:346][728]LogModuleManager: Shutting down and abandoning module ProjectLauncher (150)
[2018.02.08-11.18.21:346][728]LogModuleManager: Shutting down and abandoning module SessionFrontend (149)
[2018.02.08-11.18.21:346][728]LogModuleManager: Shutting down and abandoning module ProfilerClient (148)
[2018.02.08-11.18.21:346][728]LogModuleManager: Shutting down and abandoning module TargetDeviceServices (147)
[2018.02.08-11.18.21:346][728]LogModuleManager: Shutting down and abandoning module DeviceManager (146)
[2018.02.08-11.18.21:346][728]LogModuleManager: Shutting down and abandoning module AutomationController (145)
[2018.02.08-11.18.21:346][728]LogModuleManager: Shutting down and abandoning module AutomationWindow (144)
[2018.02.08-11.18.21:346][728]LogModuleManager: Shutting down and abandoning module Layers (143)
[2018.02.08-11.18.21:346][728]LogModuleManager: Shutting down and abandoning module ComponentVisualizers (142)
[2018.02.08-11.18.21:346][728]LogModuleManager: Shutting down and abandoning module DetailCustomizations (141)
[2018.02.08-11.18.21:346][728]LogModuleManager: Shutting down and abandoning module PackagesDialog (140)
[2018.02.08-11.18.21:347][728]LogModuleManager: Shutting down and abandoning module Persona (139)
[2018.02.08-11.18.21:347][728]LogModuleManager: Shutting down and abandoning module Kismet (138)
[2018.02.08-11.18.21:347][728]LogModuleManager: Shutting down and abandoning module GraphEditor (137)
[2018.02.08-11.18.21:347][728]LogModuleManager: Shutting down and abandoning module ClassViewer (136)
[2018.02.08-11.18.21:347][728]LogModuleManager: Shutting down and abandoning module Toolbox (135)
[2018.02.08-11.18.21:347][728]LogModuleManager: Shutting down and abandoning module ModuleUI (134)
[2018.02.08-11.18.21:347][728]LogModuleManager: Shutting down and abandoning module MovieSceneTools (133)
[2018.02.08-11.18.21:347][728]LogModuleManager: Shutting down and abandoning module OutputLog (132)
[2018.02.08-11.18.21:347][728]LogModuleManager: Shutting down and abandoning module GammaUI (131)
[2018.02.08-11.18.21:347][728]LogModuleManager: Shutting down and abandoning module Documentation (130)
[2018.02.08-11.18.21:347][728]LogModuleManager: Shutting down and abandoning module GameLiveStreaming (129)
[2018.02.08-11.18.21:347][728]LogModuleManager: Shutting down and abandoning module StreamingPauseRendering (128)
[2018.02.08-11.18.21:347][728]LogModuleManager: Shutting down and abandoning module AnalyticsET (127)
[2018.02.08-11.18.21:347][728]LogModuleManager: Shutting down and abandoning module Analytics (126)
[2018.02.08-11.18.21:347][728]LogModuleManager: Shutting down and abandoning module AITestSuite (125)
[2018.02.08-11.18.21:347][728]LogModuleManager: Shutting down and abandoning module GameplayDebugger (124)
[2018.02.08-11.18.21:347][728]LogModuleManager: Shutting down and abandoning module AIModule (123)
[2018.02.08-11.18.21:347][728]LogModuleManager: Shutting down and abandoning module ProfilerService (122)
[2018.02.08-11.18.21:355][728]LogModuleManager: Shutting down and abandoning module TaskGraph (121)
[2018.02.08-11.18.21:355][728]LogModuleManager: Shutting down and abandoning module SlateRemote (120)
[2018.02.08-11.18.21:355][728]LogModuleManager: Shutting down and abandoning module SteamVRController (119)
[2018.02.08-11.18.21:355][728]LogModuleManager: Shutting down and abandoning module SteamVR (118)
[2018.02.08-11.18.21:355][728]LogModuleManager: Shutting down and abandoning module ProceduralMeshComponent (117)
[2018.02.08-11.18.21:355][728]LogModuleManager: Shutting down and abandoning module OculusRift (116)
[2018.02.08-11.18.21:355][728]LogModuleManager: Shutting down and abandoning module OculusLibrary (115)
[2018.02.08-11.18.21:355][728]LogModuleManager: Shutting down and abandoning module LeapMotionController (114)
[2018.02.08-11.18.21:362][728]LogModuleManager: Shutting down and abandoning module CustomMeshComponent (113)
[2018.02.08-11.18.21:362][728]LogModuleManager: Shutting down and abandoning module CableComponent (112)
[2018.02.08-11.18.21:362][728]LogModuleManager: Shutting down and abandoning module ArchVisCharacter (111)
[2018.02.08-11.18.21:362][728]LogModuleManager: Shutting down and abandoning module MessagingDebugger (110)
[2018.02.08-11.18.21:362][728]LogModuleManager: Shutting down and abandoning module MediaPlayerEditor (109)
[2018.02.08-11.18.21:362][728]LogModuleManager: Shutting down and abandoning module HTML5Networking (108)
[2018.02.08-11.18.21:362][728]LogModuleManager: Shutting down and abandoning module SpeedTreeImporter (107)
[2018.02.08-11.18.21:362][728]LogModuleManager: Shutting down and abandoning module PluginBrowser (106)
[2018.02.08-11.18.21:362][728]LogModuleManager: Shutting down and abandoning module EpicSurvey (105)
[2018.02.08-11.18.21:362][728]LogModuleManager: Shutting down and abandoning module DesktopPlatform (104)
[2018.02.08-11.18.21:362][728]LogModuleManager: Shutting down and abandoning module VisualStudioSourceCodeAccess (103)
[2018.02.08-11.18.21:362][728]LogModuleManager: Shutting down and abandoning module UObjectPlugin (102)
[2018.02.08-11.18.21:362][728]LogModuleManager: Shutting down and abandoning module SubversionSourceControl (101)
[2018.02.08-11.18.21:362][728]LogModuleManager: Shutting down and abandoning module PerforceSourceControl (100)
[2018.02.08-11.18.21:362][728]LogModuleManager: Shutting down and abandoning module SourceControl (99)
[2018.02.08-11.18.21:362][728]LogModuleManager: Shutting down and abandoning module GitSourceControl (98)
[2018.02.08-11.18.21:362][728]LogModuleManager: Shutting down and abandoning module LightPropagationVolumeEditor (97)
[2018.02.08-11.18.21:362][728]LogModuleManager: Shutting down and abandoning module PaperTiledImporter (96)
[2018.02.08-11.18.21:362][728]LogModuleManager: Shutting down and abandoning module PaperSpriteSheetImporter (95)
[2018.02.08-11.18.21:362][728]LogModuleManager: Shutting down and abandoning module MeshPaint (94)
[2018.02.08-11.18.21:362][728]LogModuleManager: Shutting down and abandoning module SlateReflector (93)
[2018.02.08-11.18.21:362][728]LogModuleManager: Shutting down and abandoning module HotReload (92)
[2018.02.08-11.18.21:362][728]LogModuleManager: Shutting down and abandoning module MainFrame (91)
[2018.02.08-11.18.21:362][728]LogModuleManager: Shutting down and abandoning module LevelEditor (90)
[2018.02.08-11.18.21:363][728]LogModuleManager: Shutting down and abandoning module DirectoryWatcher (89)
[2018.02.08-11.18.21:364][728]LogModuleManager: Shutting down and abandoning module AssetRegistry (88)
[2018.02.08-11.18.21:488][728]LogModuleManager: Shutting down and abandoning module ContentBrowser (87)
[2018.02.08-11.18.21:489][728]LogModuleManager: Shutting down and abandoning module Paper2DEditor (86)
[2018.02.08-11.18.21:489][728]LogModuleManager: Shutting down and abandoning module UdpMessaging (85)
[2018.02.08-11.18.21:589][728]LogModuleManager: Shutting down and abandoning module LightPropagationVolumeRuntime (84)
[2018.02.08-11.18.21:589][728]LogModuleManager: Shutting down and abandoning module Paper2D (83)
[2018.02.08-11.18.21:589][728]LogModuleManager: Shutting down and abandoning module WindowsMoviePlayer (82)
[2018.02.08-11.18.21:594][728]LogModuleManager: Shutting down and abandoning module Media (81)
[2018.02.08-11.18.21:594][728]LogModuleManager: Shutting down and abandoning module WmfMedia (80)
[2018.02.08-11.18.21:594][728]LogModuleManager: Shutting down and abandoning module OnlineBlueprintSupport (79)
[2018.02.08-11.18.21:594][728]LogModuleManager: Shutting down and abandoning module GameplayTasksEditor (78)
[2018.02.08-11.18.21:594][728]LogModuleManager: Shutting down and abandoning module PropertyEditor (77)
[2018.02.08-11.18.21:594][728]LogModuleManager: Shutting down and abandoning module BehaviorTreeEditor (76)
[2018.02.08-11.18.21:594][728]LogModuleManager: Shutting down and abandoning module FunctionalTesting (75)
[2018.02.08-11.18.21:594][728]LogModuleManager: Shutting down and abandoning module CollisionAnalyzer (74)
[2018.02.08-11.18.21:594][728]LogModuleManager: Shutting down and abandoning module WorkspaceMenuStructure (73)
[2018.02.08-11.18.21:594][728]LogModuleManager: Shutting down and abandoning module MessageLog (72)
[2018.02.08-11.18.21:594][728]LogModuleManager: Shutting down and abandoning module Sequencer (71)
[2018.02.08-11.18.21:595][728]LogModuleManager: Shutting down and abandoning module AssetTools (70)
[2018.02.08-11.18.21:595][728]LogModuleManager: Shutting down and abandoning module UMGEditor (69)
[2018.02.08-11.18.21:595][728]LogModuleManager: Shutting down and abandoning module UMG (68)
[2018.02.08-11.18.21:595][728]LogModuleManager: Shutting down and abandoning module Slate (67)
[2018.02.08-11.18.21:595][728]LogModuleManager: Shutting down and abandoning module EditorStyle (66)
[2018.02.08-11.18.21:597][728]LogModuleManager: Shutting down and abandoning module SessionServices (65)
[2018.02.08-11.18.21:597][728]LogModuleManager: Shutting down and abandoning module SourceCodeAccess (64)
[2018.02.08-11.18.21:597][728]LogModuleManager: Shutting down and abandoning module HeadMountedDisplay (63)
[2018.02.08-11.18.21:597][728]LogModuleManager: Shutting down and abandoning module XAudio2 (62)
[2018.02.08-11.18.21:597][728]LogModuleManager: Shutting down and abandoning module Networking (60)
[2018.02.08-11.18.21:597][728]LogModuleManager: Shutting down and abandoning module Core (59)
[2018.02.08-11.18.21:597][728]LogModuleManager: Shutting down and abandoning module KismetCompiler (58)
[2018.02.08-11.18.21:597][728]LogModuleManager: Shutting down and abandoning module PhysXFormats (57)
[2018.02.08-11.18.21:597][728]LogModuleManager: Shutting down and abandoning module MeshUtilities (56)
[2018.02.08-11.18.21:597][728]LogModuleManager: Shutting down and abandoning module CookingStats (55)
[2018.02.08-11.18.21:598][728]LogModuleManager: Shutting down and abandoning module DerivedDataCache (54)
[2018.02.08-11.18.21:630][728]LogDerivedDataCache: Shutdown
[2018.02.08-11.18.21:630][728]LogModuleManager: Shutting down and abandoning module ShaderFormatOpenGL (53)
[2018.02.08-11.18.21:630][728]LogModuleManager: Shutting down and abandoning module ShaderFormatD3D (52)
[2018.02.08-11.18.21:630][728]LogModuleManager: Shutting down and abandoning module MetalShaderFormat (51)
[2018.02.08-11.18.21:630][728]LogModuleManager: Shutting down and abandoning module TextureFormatUncompressed (50)
[2018.02.08-11.18.21:630][728]LogModuleManager: Shutting down and abandoning module TextureFormatPVR (49)
[2018.02.08-11.18.21:630][728]LogModuleManager: Shutting down and abandoning module TextureFormatIntelISPCTexComp (48)
[2018.02.08-11.18.21:630][728]LogModuleManager: Shutting down and abandoning module TextureFormatDXT (47)
[2018.02.08-11.18.21:630][728]LogModuleManager: Shutting down and abandoning module ImageWrapper (46)
[2018.02.08-11.18.21:630][728]LogModuleManager: Shutting down and abandoning module TextureFormatASTC (45)
[2018.02.08-11.18.21:630][728]LogModuleManager: Shutting down and abandoning module TextureFormatAndroid (44)
[2018.02.08-11.18.21:630][728]LogModuleManager: Shutting down and abandoning module AudioFormatOpus (43)
[2018.02.08-11.18.21:630][728]LogModuleManager: Shutting down and abandoning module AudioFormatOgg (42)
[2018.02.08-11.18.21:630][728]LogModuleManager: Shutting down and abandoning module AudioFormatADPCM (41)
[2018.02.08-11.18.21:630][728]LogModuleManager: Shutting down and abandoning module LinuxTargetPlatform (40)
[2018.02.08-11.18.21:630][728]LogModuleManager: Shutting down and abandoning module LinuxServerTargetPlatform (39)
[2018.02.08-11.18.21:630][728]LogModuleManager: Shutting down and abandoning module LinuxNoEditorTargetPlatform (38)
[2018.02.08-11.18.21:630][728]LogModuleManager: Shutting down and abandoning module Messaging (37)
[2018.02.08-11.18.21:630][728]LogModuleManager: Shutting down and abandoning module IOSTargetPlatform (36)
[2018.02.08-11.18.21:630][728]LogModuleManager: Shutting down and abandoning module HTML5TargetPlatform (35)
[2018.02.08-11.18.21:630][728]LogModuleManager: Shutting down and abandoning module Android_PVRTCTargetPlatform (34)
[2018.02.08-11.18.21:630][728]LogModuleManager: Shutting down and abandoning module Android_ETC2TargetPlatform (33)
[2018.02.08-11.18.21:630][728]LogModuleManager: Shutting down and abandoning module Android_ETC1TargetPlatform (32)
[2018.02.08-11.18.21:630][728]LogModuleManager: Shutting down and abandoning module Android_DXTTargetPlatform (31)
[2018.02.08-11.18.21:630][728]LogModuleManager: Shutting down and abandoning module Android_ATCTargetPlatform (30)
[2018.02.08-11.18.21:630][728]LogModuleManager: Shutting down and abandoning module Android_ASTCTargetPlatform (29)
[2018.02.08-11.18.21:630][728]LogModuleManager: Shutting down and abandoning module AndroidTargetPlatform (28)
[2018.02.08-11.18.21:630][728]LogModuleManager: Shutting down and abandoning module WindowsTargetPlatform (27)
[2018.02.08-11.18.21:630][728]LogModuleManager: Shutting down and abandoning module WindowsServerTargetPlatform (26)
[2018.02.08-11.18.21:631][728]LogModuleManager: Shutting down and abandoning module WindowsNoEditorTargetPlatform (25)
[2018.02.08-11.18.21:631][728]LogModuleManager: Shutting down and abandoning module WindowsClientTargetPlatform (24)
[2018.02.08-11.18.21:631][728]LogModuleManager: Shutting down and abandoning module AllDesktopTargetPlatform (23)
[2018.02.08-11.18.21:631][728]LogModuleManager: Shutting down and abandoning module TargetPlatform (22)
[2018.02.08-11.18.21:631][728]LogModuleManager: Shutting down and abandoning module InputCore (21)
[2018.02.08-11.18.21:631][728]LogModuleManager: Shutting down and abandoning module Settings (20)
[2018.02.08-11.18.21:631][728]LogModuleManager: Shutting down and abandoning module OnlineSubsystem (18)
[2018.02.08-11.18.21:631][728]LogModuleManager: Shutting down and abandoning module HTTP (17)
[2018.02.08-11.19.24:171][728]LogModuleManager: Shutting down and abandoning module XMPP (16)
[2018.02.08-11.19.24:171][728]LogModuleManager: Shutting down and abandoning module ExampleDeviceProfileSelector (15)
[2018.02.08-11.19.24:171][728]LogModuleManager: Shutting down and abandoning module TextureCompressor (14)
[2018.02.08-11.19.24:171][728]LogModuleManager: Shutting down and abandoning module ShaderCore (13)
[2018.02.08-11.19.24:171][728]LogModuleManager: Shutting down and abandoning module Landscape (12)
[2018.02.08-11.19.24:171][728]LogModuleManager: Shutting down and abandoning module SlateRHIRenderer (11)
[2018.02.08-11.19.24:174][728]LogModuleManager: Shutting down and abandoning module OpenGLDrv (10)
[2018.02.08-11.19.24:174][728]LogModuleManager: Shutting down and abandoning module D3D11RHI (9)
[2018.02.08-11.19.24:174][728]LogModuleManager: Shutting down and abandoning module AnimGraphRuntime (8)
[2018.02.08-11.19.24:174][728]LogModuleManager: Shutting down and abandoning module Renderer (7)
[2018.02.08-11.19.24:174][728]LogModuleManager: Shutting down and abandoning module Engine (6)
[2018.02.08-11.19.24:174][728]LogModuleManager: Shutting down and abandoning module CoreUObject (5)
[2018.02.08-11.19.24:174][728]LogModuleManager: Shutting down and abandoning module NetworkFile (4)
[2018.02.08-11.19.24:174][728]LogModuleManager: Shutting down and abandoning module StreamingFile (3)
[2018.02.08-11.19.24:174][728]LogModuleManager: Shutting down and abandoning module SandboxFile (2)
[2018.02.08-11.19.24:174][728]LogModuleManager: Shutting down and abandoning module PakFile (1)
[2018.02.08-11.19.24:175][728]LogExit: Exiting.
[2018.02.08-11.19.24:177][728]Log file closed, 02/08/18 19:19:24
