[2018.01.28-08.20.29:270][  0]Log file open, 01/28/18 16:20:29
[2018.01.28-08.20.29:270][  0]LogInit:Display: Running engine for game: TopDown
[2018.01.28-08.20.29:270][  0]LogInit:Display: RandInit(433160489) SRandInit(433160490).
[2018.01.28-08.20.29:270][  0]LogTaskGraph: Started task graph with 4 named threads and 5 total threads.
[2018.01.28-08.20.29:270][  0]LogStats: Stats thread started at 0.319496
[2018.01.28-08.20.29:270][  0]LogInit: Version: 4.9.2-2707645+++depot+UE4-Releases+4.9
[2018.01.28-08.20.29:270][  0]LogInit: API Version: 2672455
[2018.01.28-08.20.29:270][  0]LogInit: Compiled (64-bit): Sep 28 2015 10:25:44
[2018.01.28-08.20.29:270][  0]LogInit: Compiled with Visual C++: 18.00.21005.01
[2018.01.28-08.20.29:270][  0]LogInit: Build Configuration: Development
[2018.01.28-08.20.29:270][  0]LogInit: Branch Name: ++depot+UE4-Releases+4.9
[2018.01.28-08.20.29:270][  0]LogInit: Command line:  
[2018.01.28-08.20.29:270][  0]LogInit: Base directory: D:/UE_4.9/Engine/Binaries/Win64/
[2018.01.28-08.20.29:270][  0]LogInit: Rocket: 1
[2018.01.28-08.20.29:317][  0]LogInit: Using libcurl 7.41.0
[2018.01.28-08.20.29:317][  0]LogInit:  - built for x86_64-pc-win32
[2018.01.28-08.20.29:317][  0]LogInit:  - supports SSL with WinSSL
[2018.01.28-08.20.29:317][  0]LogInit:  - other features:
[2018.01.28-08.20.29:317][  0]LogInit:      CURL_VERSION_SSL
[2018.01.28-08.20.29:317][  0]LogInit:      CURL_VERSION_IPV6
[2018.01.28-08.20.29:317][  0]LogInit:      CURL_VERSION_ASYNCHDNS
[2018.01.28-08.20.29:317][  0]LogInit:      CURL_VERSION_LARGEFILE
[2018.01.28-08.20.29:317][  0]LogInit:      CURL_VERSION_IDN
[2018.01.28-08.20.29:317][  0]LogInit:  CurlRequestOptions (configurable via config and command line):
[2018.01.28-08.20.29:317][  0]LogInit:  - bVerifyPeer = true  - Libcurl will verify peer certificate
[2018.01.28-08.20.29:317][  0]LogInit:  - bUseHttpProxy = false  - Libcurl will NOT use HTTP proxy
[2018.01.28-08.20.29:317][  0]LogInit:  - bDontReuseConnections = false  - Libcurl will reuse connections
[2018.01.28-08.20.29:317][  0]LogInit:  - CertBundlePath = nullptr  - Libcurl will use whatever was configured at build time.
[2018.01.28-08.20.29:329][  0]LogInit: Presizing for 0 objects not considered by GC, pre-allocating 0 bytes.
[2018.01.28-08.20.29:341][  0]LogInit: Object subsystem initialized
[2018.01.28-08.20.29:343][  0]LogInit: Selected Device Profile: [Windows]
[2018.01.28-08.20.29:343][  0]LogInit: Applying CVar settings loaded from the selected device profile: [Windows]
[2018.01.28-08.20.29:356][  0]LogInit: Computer: 1-ПК
[2018.01.28-08.20.29:356][  0]LogInit: User: 1
[2018.01.28-08.20.29:356][  0]LogInit: CPU Page size=4096, Cores=2
[2018.01.28-08.20.29:356][  0]LogInit: High frequency timer resolution =2.338476 MHz
[2018.01.28-08.20.29:356][  0]LogMemory: Memory total: Physical=3.9GB (4GB approx)
[2018.01.28-08.20.29:356][  0]LogMemory: Platform Memory Stats for Windows
[2018.01.28-08.20.29:356][  0]LogMemory: Process Physical Memory: 59.86 MB used, 59.86 MB peak
[2018.01.28-08.20.29:356][  0]LogMemory: Process Virtual Memory: 63.78 MB used, 63.78 MB peak
[2018.01.28-08.20.29:356][  0]LogMemory: Physical Memory: 2424.76 MB used, 4010.14 MB total
[2018.01.28-08.20.29:356][  0]LogMemory: Virtual Memory: 350.29 MB used, 8388608.00 MB total
[2018.01.28-08.20.29:602][  0]LogTextLocalizationManager: No translations for ('ru-RU') exist, falling back to 'en' for localization and internationalization data.
[2018.01.28-08.20.31:456][  0]LogD3D11RHI: Found D3D11 adapter 0: NVIDIA GeForce 410M (Feature Level 11_0)
[2018.01.28-08.20.31:456][  0]LogD3D11RHI: Adapter has 979MB of dedicated video memory, 0MB of dedicated system memory, and 1749MB of shared system memory, 1 output[s]
[2018.01.28-08.20.31:505][  0]LogD3D11RHI: Found D3D11 adapter 1: NVIDIA GeForce 410M (Feature Level 11_0)
[2018.01.28-08.20.31:505][  0]LogD3D11RHI: Adapter has 979MB of dedicated video memory, 0MB of dedicated system memory, and 1749MB of shared system memory, 0 output[s]
[2018.01.28-08.20.31:505][  0]LogD3D11RHI: Chosen D3D11 Adapter Id = 0
[2018.01.28-08.20.31:553][  0]LogD3D11RHI: !Direct3DDevice
[2018.01.28-08.20.31:555][  0]LogRHI: Texture pool is 1297 MB (70% of 1854 MB)
[2018.01.28-08.20.31:604][  0]LogD3D11RHI: Async texture creation enabled
[2018.01.28-08.20.32:773][  0]LogShaderCompilers: Guid format shader working directory is 15 characters bigger than the processId version (../../../../sergey/UnrealProjects/Game_1337/TopDown/Intermediate/Shaders/WorkingDirectory/6068/).
[2018.01.28-08.20.32:773][  0]LogShaderCompilers: Cleaned the shader compiler working directory '../../../../sergey/UnrealProjects/Game_1337/TopDown/Intermediate/Shaders/tmp/7F0A2B0341A5B645396C8A812C7027D0/'.
[2018.01.28-08.20.32:823][  0]LogShaderCompilers:Display: Using Local Shader Compiler.
[2018.01.28-08.20.42:078][  0]LogTemp:Display: Loaded TP AllDesktopTargetPlatform
[2018.01.28-08.20.42:169][  0]LogTemp:Display: Loaded TP WindowsClientTargetPlatform
[2018.01.28-08.20.42:190][  0]LogTemp:Display: Loaded TP WindowsNoEditorTargetPlatform
[2018.01.28-08.20.42:206][  0]LogTemp:Display: Loaded TP WindowsServerTargetPlatform
[2018.01.28-08.20.42:242][  0]LogTemp:Display: Loaded TP WindowsTargetPlatform
[2018.01.28-08.20.42:292][  0]LogTemp:Display: Loaded TP AndroidTargetPlatform
[2018.01.28-08.20.42:329][  0]LogTemp:Display: Loaded TP Android_ASTCTargetPlatform
[2018.01.28-08.20.42:348][  0]LogTemp:Display: Loaded TP Android_ATCTargetPlatform
[2018.01.28-08.20.42:372][  0]LogTemp:Display: Loaded TP Android_DXTTargetPlatform
[2018.01.28-08.20.42:386][  0]LogTemp:Display: Loaded TP Android_ETC1TargetPlatform
[2018.01.28-08.20.42:403][  0]LogTemp:Display: Loaded TP Android_ETC2TargetPlatform
[2018.01.28-08.20.42:417][  0]LogTemp:Display: Loaded TP Android_PVRTCTargetPlatform
[2018.01.28-08.20.42:429][  0]LogTemp:Display: Loaded TP HTML5TargetPlatform
[2018.01.28-08.20.42:660][  0]LogTemp:Display: Loaded TP IOSTargetPlatform
[2018.01.28-08.20.42:693][  0]LogTemp:Display: Loaded TP LinuxNoEditorTargetPlatform
[2018.01.28-08.20.42:742][  0]LogTemp:Display: Loaded TP LinuxServerTargetPlatform
[2018.01.28-08.20.42:805][  0]LogTemp:Display: Loaded TP LinuxTargetPlatform
[2018.01.28-08.20.42:805][  0]LogTargetPlatformManager:Display: Building Assets For Windows
[2018.01.28-08.20.44:040][  0]LogDerivedDataCache:Display: Max Cache Size: 512 MB
[2018.01.28-08.20.44:924][  0]LogDerivedDataCache: Loaded boot cache 0.87s 41MB C:/Users/1/AppData/Local/UnrealEngine/4.9/DerivedDataCache/Boot.ddc.
[2018.01.28-08.20.44:924][  0]LogDerivedDataCache:Display: Loaded Boot cache: C:/Users/1/AppData/Local/UnrealEngine/4.9/DerivedDataCache/Boot.ddc
[2018.01.28-08.20.44:924][  0]LogDerivedDataCache: FDerivedDataBackendGraph:  Pak pak cache file ../../../../sergey/UnrealProjects/Game_1337/TopDown/DerivedDataCache/DDC.ddp not found, will not use a pak cache.
[2018.01.28-08.20.44:924][  0]LogDerivedDataCache: Unable to find inner node Pak for hierarchical cache Hierarchy.
[2018.01.28-08.20.44:924][  0]LogDerivedDataCache: FDerivedDataBackendGraph:  CompressedPak pak cache file ../../../../sergey/UnrealProjects/Game_1337/TopDown/DerivedDataCache/Compressed.ddp not found, will not use a pak cache.
[2018.01.28-08.20.44:924][  0]LogDerivedDataCache: Unable to find inner node CompressedPak for hierarchical cache Hierarchy.
[2018.01.28-08.20.45:239][  0]LogDerivedDataCache:Display: Pak cache opened for reading ../../../Engine/DerivedDataCache/Compressed.ddp.
[2018.01.28-08.20.45:318][  0]LogDerivedDataCache: Using Local data cache path C:/Users/1/AppData/Local/UnrealEngine/Common/DerivedDataCache: Writable
[2018.01.28-08.20.59:369][  0]LogInit: Selected Device Profile: [Windows]
[2018.01.28-08.20.59:496][  0]LogContentStreaming: Texture pool size is 0.000000MB
[2018.01.28-08.21.00:520][  0]LogMeshUtilities: No automatic mesh reduction module available
[2018.01.28-08.21.00:520][  0]LogMeshUtilities: No automatic mesh merging module available
[2018.01.28-08.21.08:792][  0]LogInit: WinSock: version 1.1 (2.2), MaxSocks=32767, MaxUdp=65467
[2018.01.28-08.21.36:503][  0]UdpMessaging: Initializing bridge on interface 0.0.0.0:0 to multicast group 230.0.0.1:6666.
[2018.01.28-08.21.37:816][  0]LogAssetRegistry: FAssetRegistry took 0.0164 seconds to start up
[2018.01.28-08.21.46:670][  0]SourceControl: Info Source control is disabled
[2018.01.28-08.21.46:672][  0]SourceControl: Info Source control is disabled
[2018.01.28-08.21.46:746][  0]SourceControl: Info Source control is disabled
[2018.01.28-08.21.47:485][  0]SourceControl: Info Source control is disabled
[2018.01.28-08.21.48:958][  0]LogLinker:Warning: Asset '../../../Engine/Plugins/Runtime/LeapMotionController/Content/LM_PassthroughMaterial.uasset' has been saved with empty engine version. The asset will be loaded but may be incompatible.
[2018.01.28-08.21.49:694][  0]LogObj: 28361 objects as part of root set at end of initial load.
[2018.01.28-08.21.49:694][  0]LogUObjectAllocator: 6038864 out of 0 bytes used by permanent object pool.
[2018.01.28-08.21.50:806][  0]LogEngine: Initializing Engine...
[2018.01.28-08.21.50:864][  0]LogHMD: Can't find Oculus library dev build: is proper Runtime installed? Version: 0.7.0.0
[2018.01.28-08.21.51:009][  0]LogHMD: SteamVR failed to initialize.  Err: 110
[2018.01.28-08.21.52:546][  0]LogAIModule: Creating AISystem for world NewWorld
[2018.01.28-08.21.53:013][  0]LogInit: XAudio2 using 'Динамики (Realtek High Definition Audio)' : 2 channels at 44.1 kHz using 16 bits per sample (channel mask 0x3)
[2018.01.28-08.21.53:135][  0]LogInit: FAudioDevice initialized.
[2018.01.28-08.21.53:171][  0]LogDerivedDataCache: Saved boot cache 0.04s 41MB C:/Users/1/AppData/Local/UnrealEngine/4.9/DerivedDataCache/Boot.ddc.
[2018.01.28-08.21.53:177][  0]LogInit: Texture streaming: Enabled
[2018.01.28-08.21.53:235][  0]LogAnalytics: Creating configured Analytics provider AnalyticsET
[2018.01.28-08.21.53:236][  0]LogAnalytics: [UEEditor.Rocket.Release] APIServer = http://et2.epicgames.com/ET2/. AppVersion = 4.9.2-2707645+++depot+UE4-Releases+4.9
[2018.01.28-08.21.53:236][  0]LogAnalytics: [UEEditor.Rocket.Release] SetUserId fdb2de1848db1fa47a6f94acde81dca0|be1dc849c34248278283a980c6ca8968|82021297-a794-427f-b0e0-602fe21b1b06
[2018.01.28-08.21.53:236][  0]LogAnalytics: [UEEditor.Rocket.Release] AnalyticsET::StartSession
[2018.01.28-08.21.54:033][  0]LogInit: Transaction tracking system initialized
[2018.01.28-08.21.55:097][  0]BlueprintLog: New page: Editor Load
[2018.01.28-08.21.57:887][  0]LocalizationService: Info Localization service is disabled
[2018.01.28-08.21.59:290][  0]LogLinker:Warning: Can't find file '/Game/FirstPersonBP/FirstPersonOverview'
[2018.01.28-08.21.59:290][  0]LogLinker:Warning: Can't find file '/Game/FirstPersonBP/FirstPersonOverview'
[2018.01.28-08.21.59:303][  0]LogUObjectGlobals:Warning: Failed to find object 'Class /Game/FirstPersonBP/FirstPersonOverview.FirstPersonOverview_C'
[2018.01.28-08.21.59:811][  0]LogConsoleResponse:Display: 
[2018.01.28-08.22.05:726][  0]LogFileCache: Scanning file cache for directory 'D:/sergey/UnrealProjects/Game_1337/TopDown/Content/' took 0.08s
[2018.01.28-08.22.05:726][  0]LogCook:Display: Done creating registry. It took  0.00s.
[2018.01.28-08.22.09:843][  0]SourceControl: Info Source control is disabled
[2018.01.28-08.22.09:911][  0]Cmd: MAP LOAD FILE="../../../../sergey/UnrealProjects/Game_1337/TopDown/Content/TopDownBP/Maps/TopDownExampleMap.umap" TEMPLATE=0 SHOWPROGRESS=1 FEATURELEVEL=3
[2018.01.28-08.22.10:038][  0]LightingResults: New page: Lighting Build
[2018.01.28-08.22.10:237][  0]MapCheck: New page: Map Check
[2018.01.28-08.22.10:237][  0]LightingResults: New page: Lighting Build
[2018.01.28-08.22.10:701][  0]LogParticles: Destroying 0 GPU particle simulations for FXSystem 0x0000000024F8E160
[2018.01.28-08.22.11:071][  0]LogLinker:Warning: Asset '../../../../sergey/UnrealProjects/Game_1337/TopDown/Content/Mannequin/Animations/ThirdPerson_AnimBP.uasset' has been saved with empty engine version. The asset will be loaded but may be incompatible.
[2018.01.28-08.22.11:104][  0]LogLinker:Warning: Asset '../../../../sergey/UnrealProjects/Game_1337/TopDown/Content/Mannequin/Animations/ThirdPerson_Jump.uasset' has been saved with empty engine version. The asset will be loaded but may be incompatible.
[2018.01.28-08.22.11:185][  0]LogLinker:Warning: Asset '../../../../sergey/UnrealProjects/Game_1337/TopDown/Content/Mannequin/Animations/ThirdPersonJump_Loop.uasset' has been saved with empty engine version. The asset will be loaded but may be incompatible.
[2018.01.28-08.22.11:197][  0]LogLinker:Warning: Asset '../../../../sergey/UnrealProjects/Game_1337/TopDown/Content/Mannequin/Animations/ThirdPersonJump_Start.uasset' has been saved with empty engine version. The asset will be loaded but may be incompatible.
[2018.01.28-08.22.11:236][  0]LogLinker:Warning: Asset '../../../../sergey/UnrealProjects/Game_1337/TopDown/Content/Mannequin/Animations/ThirdPerson_IdleRun_2D.uasset' has been saved with empty engine version. The asset will be loaded but may be incompatible.
[2018.01.28-08.22.11:266][  0]LogLinker:Warning: Asset '../../../../sergey/UnrealProjects/Game_1337/TopDown/Content/Mannequin/Animations/ThirdPersonIdle.uasset' has been saved with empty engine version. The asset will be loaded but may be incompatible.
[2018.01.28-08.22.11:279][  0]LogLinker:Warning: Asset '../../../../sergey/UnrealProjects/Game_1337/TopDown/Content/Mannequin/Animations/ThirdPersonRun.uasset' has been saved with empty engine version. The asset will be loaded but may be incompatible.
[2018.01.28-08.22.11:291][  0]LogLinker:Warning: Asset '../../../../sergey/UnrealProjects/Game_1337/TopDown/Content/Mannequin/Animations/ThirdPersonWalk.uasset' has been saved with empty engine version. The asset will be loaded but may be incompatible.
[2018.01.28-08.22.14:816][  0]LogLinker:Warning: CreateExport: Failed to load Parent for Function /Game/TopDownBP/Blueprints/Inventory/Item/Items/Base_Items/Item_aid_base.Item_aid_base_C:UserConstructionScript; removing parent information, but keeping function
[2018.01.28-08.22.15:003][  0]LogLinker:Warning: CreateExport: Failed to load Parent for Function /Game/TopDownBP/Blueprints/Inventory/Item/Items/Base_Items/Item_Statue.Item_Statue_C:UserConstructionScript; removing parent information, but keeping function
[2018.01.28-08.22.28:288][  0]LogAIModule: Creating AISystem for world TopDownExampleMap
[2018.01.28-08.22.29:708][  0]LogEditorServer: Finished looking for orphan Actors (0.000 secs)
[2018.01.28-08.22.29:775][  0]Cmd: MAP CHECKDEP NOCLEARLOG
[2018.01.28-08.22.29:909][  0]MapCheck: Info Map check complete: 0 Error(s), 0 Warning(s), took 133.583ms to complete.
[2018.01.28-08.22.29:909][  0]LogFileHelpers: Loading map 'TopDownExampleMap' took 20.030
[2018.01.28-08.22.33:156][  0]LogCollectionManager: Loaded 0 collections in 0.035583 seconds
[2018.01.28-08.22.33:332][  0]LogFileCache: Scanning file cache for directory 'D:/sergey/UnrealProjects/Game_1337/TopDown/Saved/Collections/' took 0.01s
[2018.01.28-08.22.33:332][  0]LogFileCache: Scanning file cache for directory 'D:/sergey/UnrealProjects/Game_1337/TopDown/Content/Developers/1/Collections/' took 0.01s
[2018.01.28-08.22.33:332][  0]LogFileCache: Scanning file cache for directory 'D:/sergey/UnrealProjects/Game_1337/TopDown/Content/Collections/' took 0.01s
[2018.01.28-08.22.33:332][  0]LogContentBrowser: Native class hierarchy populated in 0.0213 seconds. Added 1868 classes and 335 folders.
[2018.01.28-08.22.33:568][  0]LogCollectionManager: Rebuilt the GUID cache for 0 collections in 0.000003 seconds
[2018.01.28-08.22.33:751][  0]LogContentBrowser: Native class hierarchy updated for 'WidgetCarousel' in 0.0005 seconds. Added 0 classes and 0 folders.
[2018.01.28-08.22.36:651][  0]LogContentBrowser: Native class hierarchy updated for 'AddContentDialog' in 0.0005 seconds. Added 0 classes and 0 folders.
[2018.01.28-08.22.37:519][  0]LogCrashTracker: Crashtracker disabled due to settings.
[2018.01.28-08.22.37:802][  0]LogUObjectGlobals:Warning: Failed to find object 'Class None.'
[2018.01.28-08.22.37:972][  0]LogLoad: Full Startup: 130.10 seconds (BP compile: 1.82 seconds)
[2018.01.28-08.22.38:978][  0]LogContentStreaming: Texture pool size now 200 MB
[2018.01.28-08.22.40:097][  0]LogRenderer: Reallocating scene render targets to support 532x340 (Frame:2).
[2018.01.28-08.22.44:271][ 10]LogAssetRegistry: Asset discovery search completed in 66.4659 seconds
[2018.01.28-08.22.44:271][ 10]LogCollectionManager: Rebuilt the object cache for 0 collections in 0.000001 seconds (found 0 objects)
[2018.01.28-08.22.44:271][ 10]LogCollectionManager: Fixed up redirectors for 0 collections in 0.000031 seconds (updated 0 objects)
[2018.01.28-09.08.19:699][383]LogRenderer: Reallocating scene render targets to support 536x352 (Frame:38).
[2018.01.28-09.09.34:602][190]Cmd: QUIT_EDITOR
[2018.01.28-09.09.37:321][190]LogExit: Preparing to exit.
[2018.01.28-09.09.47:238][190]LogExit: Editor shut down
[2018.01.28-09.09.47:239][190]LogExit: Transaction tracking system shut down
[2018.01.28-09.09.49:675][190]LogParticles: Destroying 0 GPU particle simulations for FXSystem 0x0000000025867100
[2018.01.28-09.09.55:257][190]LogParticles: Destroying 0 GPU particle simulations for FXSystem 0x0000000034C05120
[2018.01.28-09.09.55:257][190]LogParticles: Destroying 0 GPU particle simulations for FXSystem 0x000000003456E160
[2018.01.28-09.09.55:257][190]LogParticles: Destroying 0 GPU particle simulations for FXSystem 0x00000000399420C0
[2018.01.28-09.09.55:257][190]LogParticles: Destroying 0 GPU particle simulations for FXSystem 0x000000003E91DBC0
[2018.01.28-09.09.55:257][190]LogExit: Object subsystem successfully closed.
[2018.01.28-09.09.56:802][190]LogD3D11RHI: Shutdown
[2018.01.28-09.09.56:802][190]LogD3D11RHI: CleanupD3DDevice
[2018.01.28-09.09.57:315][190]LogD3D11RHI: ~FD3D11DynamicRHI
[2018.01.28-09.10.00:544][190]LogModuleManager: Shutting down and abandoning module CrashTracker (197)
[2018.01.28-09.10.00:545][190]LogModuleManager: Shutting down and abandoning module SuperSearch (196)
[2018.01.28-09.10.00:545][190]LogModuleManager: Shutting down and abandoning module WidgetCarousel (195)
[2018.01.28-09.10.00:545][190]LogModuleManager: Shutting down and abandoning module AddContentDialog (194)
[2018.01.28-09.10.00:592][190]LogModuleManager: Shutting down and abandoning module EditorWidgets (193)
[2018.01.28-09.10.00:592][190]LogModuleManager: Shutting down and abandoning module CollectionManager (192)
[2018.01.28-09.10.00:592][190]LogModuleManager: Shutting down and abandoning module SceneOutliner (191)
[2018.01.28-09.10.00:609][190]LogModuleManager: Shutting down and abandoning module StatsViewer (190)
[2018.01.28-09.10.00:627][190]LogModuleManager: Shutting down and abandoning module FoliageEdit (189)
[2018.01.28-09.10.00:650][190]LogModuleManager: Shutting down and abandoning module LandscapeEditor (188)
[2018.01.28-09.10.00:679][190]LogModuleManager: Shutting down and abandoning module ActorPickerMode (187)
[2018.01.28-09.10.00:679][190]LogModuleManager: Shutting down and abandoning module GeometryMode (186)
[2018.01.28-09.10.00:691][190]LogModuleManager: Shutting down and abandoning module TextureAlignMode (185)
[2018.01.28-09.10.00:691][190]LogModuleManager: Shutting down and abandoning module BspMode (184)
[2018.01.28-09.10.00:691][190]LogModuleManager: Shutting down and abandoning module PlacementMode (183)
[2018.01.28-09.10.00:691][190]LogModuleManager: Shutting down and abandoning module AutomationWorker (182)
[2018.01.28-09.10.00:701][190]LogModuleManager: Shutting down and abandoning module CharacterAI (181)
[2018.01.28-09.10.00:701][190]LogModuleManager: Shutting down and abandoning module SmartSnapping (180)
[2018.01.28-09.10.00:701][190]LogModuleManager: Shutting down and abandoning module ViewportSnapping (179)
[2018.01.28-09.10.00:701][190]LogModuleManager: Shutting down and abandoning module LogVisualizer (178)
[2018.01.28-09.10.00:744][190]LogModuleManager: Shutting down and abandoning module GameProjectGeneration (177)
[2018.01.28-09.10.00:755][190]LogModuleManager: Shutting down and abandoning module IntroTutorials (176)
[2018.01.28-09.10.00:817][190]LogModuleManager: Shutting down and abandoning module EditorLiveStreaming (175)
[2018.01.28-09.10.00:817][190]LogModuleManager: Shutting down and abandoning module IOSPlatformEditor (174)
[2018.01.28-09.10.00:855][190]LogModuleManager: Shutting down and abandoning module HTML5PlatformEditor (173)
[2018.01.28-09.10.00:855][190]LogModuleManager: Shutting down and abandoning module AndroidDeviceDetection (172)
[2018.01.28-09.10.01:171][190]LogModuleManager: Shutting down and abandoning module AndroidPlatformEditor (171)
[2018.01.28-09.10.01:171][190]LogModuleManager: Shutting down and abandoning module IOSRuntimeSettings (170)
[2018.01.28-09.10.01:171][190]LogModuleManager: Shutting down and abandoning module AndroidRuntimeSettings (169)
[2018.01.28-09.10.01:171][190]LogModuleManager: Shutting down and abandoning module MergeActors (168)
[2018.01.28-09.10.01:248][190]LogModuleManager: Shutting down and abandoning module SizeMap (167)
[2018.01.28-09.10.01:248][190]LogModuleManager: Shutting down and abandoning module TreeMap (166)
[2018.01.28-09.10.01:283][190]LogModuleManager: Shutting down and abandoning module ReferenceViewer (165)
[2018.01.28-09.10.01:283][190]LogModuleManager: Shutting down and abandoning module LocalizationService (164)
[2018.01.28-09.10.01:289][190]LogModuleManager: Shutting down and abandoning module LocalizationDashboard (163)
[2018.01.28-09.10.01:305][190]LogModuleManager: Shutting down and abandoning module HardwareTargeting (162)
[2018.01.28-09.10.01:305][190]LogModuleManager: Shutting down and abandoning module DeviceProfileEditor (161)
[2018.01.28-09.10.01:305][190]LogModuleManager: Shutting down and abandoning module UndoHistory (160)
[2018.01.28-09.10.01:318][190]LogModuleManager: Shutting down and abandoning module GameplayTagsEditor (159)
[2018.01.28-09.10.01:318][190]LogModuleManager: Shutting down and abandoning module UserFeedback (158)
[2018.01.28-09.10.01:318][190]LogModuleManager: Shutting down and abandoning module XmlParser (157)
[2018.01.28-09.10.01:318][190]LogModuleManager: Shutting down and abandoning module Blutility (156)
[2018.01.28-09.10.01:318][190]LogModuleManager: Shutting down and abandoning module ProjectTargetPlatformEditor (155)
[2018.01.28-09.10.01:327][190]LogModuleManager: Shutting down and abandoning module ProjectSettingsViewer (154)
[2018.01.28-09.10.01:327][190]LogModuleManager: Shutting down and abandoning module InputBindingEditor (153)
[2018.01.28-09.10.01:364][190]LogModuleManager: Shutting down and abandoning module EditorSettingsViewer (152)
[2018.01.28-09.10.01:364][190]LogModuleManager: Shutting down and abandoning module SettingsEditor (151)
[2018.01.28-09.10.01:529][190]LogModuleManager: Shutting down and abandoning module ProjectLauncher (150)
[2018.01.28-09.10.01:613][190]LogModuleManager: Shutting down and abandoning module SessionFrontend (149)
[2018.01.28-09.10.01:650][190]LogModuleManager: Shutting down and abandoning module ProfilerClient (148)
[2018.01.28-09.10.01:690][190]LogModuleManager: Shutting down and abandoning module TargetDeviceServices (147)
[2018.01.28-09.10.01:705][190]LogModuleManager: Shutting down and abandoning module DeviceManager (146)
[2018.01.28-09.10.01:719][190]LogModuleManager: Shutting down and abandoning module AutomationController (145)
[2018.01.28-09.10.01:732][190]LogModuleManager: Shutting down and abandoning module AutomationWindow (144)
[2018.01.28-09.10.01:748][190]LogModuleManager: Shutting down and abandoning module Layers (143)
[2018.01.28-09.10.01:773][190]LogModuleManager: Shutting down and abandoning module ComponentVisualizers (142)
[2018.01.28-09.10.01:773][190]LogModuleManager: Shutting down and abandoning module DetailCustomizations (141)
[2018.01.28-09.10.01:773][190]LogModuleManager: Shutting down and abandoning module PackagesDialog (140)
[2018.01.28-09.10.01:806][190]LogModuleManager: Shutting down and abandoning module Persona (139)
[2018.01.28-09.10.01:887][190]LogModuleManager: Shutting down and abandoning module Kismet (138)
[2018.01.28-09.10.01:911][190]LogModuleManager: Shutting down and abandoning module GraphEditor (137)
[2018.01.28-09.10.01:951][190]LogModuleManager: Shutting down and abandoning module ClassViewer (136)
[2018.01.28-09.10.01:963][190]LogModuleManager: Shutting down and abandoning module Toolbox (135)
[2018.01.28-09.10.01:963][190]LogModuleManager: Shutting down and abandoning module ModuleUI (134)
[2018.01.28-09.10.01:979][190]LogModuleManager: Shutting down and abandoning module MovieSceneTools (133)
[2018.01.28-09.10.01:979][190]LogModuleManager: Shutting down and abandoning module OutputLog (132)
[2018.01.28-09.10.01:991][190]LogModuleManager: Shutting down and abandoning module GammaUI (131)
[2018.01.28-09.10.02:001][190]LogModuleManager: Shutting down and abandoning module Documentation (130)
[2018.01.28-09.10.02:010][190]LogModuleManager: Shutting down and abandoning module GameLiveStreaming (129)
[2018.01.28-09.10.02:010][190]LogModuleManager: Shutting down and abandoning module StreamingPauseRendering (128)
[2018.01.28-09.10.02:022][190]LogModuleManager: Shutting down and abandoning module AnalyticsET (127)
[2018.01.28-09.10.02:022][190]LogModuleManager: Shutting down and abandoning module Analytics (126)
[2018.01.28-09.10.02:022][190]LogModuleManager: Shutting down and abandoning module AITestSuite (125)
[2018.01.28-09.10.02:036][190]LogModuleManager: Shutting down and abandoning module GameplayDebugger (124)
[2018.01.28-09.10.02:036][190]LogModuleManager: Shutting down and abandoning module AIModule (123)
[2018.01.28-09.10.02:044][190]LogModuleManager: Shutting down and abandoning module ProfilerService (122)
[2018.01.28-09.10.02:235][190]LogModuleManager: Shutting down and abandoning module TaskGraph (121)
[2018.01.28-09.10.02:266][190]LogModuleManager: Shutting down and abandoning module SlateRemote (120)
[2018.01.28-09.10.02:277][190]LogModuleManager: Shutting down and abandoning module SteamVRController (119)
[2018.01.28-09.10.02:277][190]LogModuleManager: Shutting down and abandoning module SteamVR (118)
[2018.01.28-09.10.02:277][190]LogModuleManager: Shutting down and abandoning module ProceduralMeshComponent (117)
[2018.01.28-09.10.02:277][190]LogModuleManager: Shutting down and abandoning module OculusRift (116)
[2018.01.28-09.10.02:277][190]LogModuleManager: Shutting down and abandoning module OculusLibrary (115)
[2018.01.28-09.10.02:277][190]LogModuleManager: Shutting down and abandoning module LeapMotionController (114)
[2018.01.28-09.10.02:329][190]LogModuleManager: Shutting down and abandoning module CustomMeshComponent (113)
[2018.01.28-09.10.02:370][190]LogModuleManager: Shutting down and abandoning module CableComponent (112)
[2018.01.28-09.10.02:370][190]LogModuleManager: Shutting down and abandoning module ArchVisCharacter (111)
[2018.01.28-09.10.02:370][190]LogModuleManager: Shutting down and abandoning module MessagingDebugger (110)
[2018.01.28-09.10.02:432][190]LogModuleManager: Shutting down and abandoning module MediaPlayerEditor (109)
[2018.01.28-09.10.02:470][190]LogModuleManager: Shutting down and abandoning module HTML5Networking (108)
[2018.01.28-09.10.02:470][190]LogModuleManager: Shutting down and abandoning module SpeedTreeImporter (107)
[2018.01.28-09.10.02:470][190]LogModuleManager: Shutting down and abandoning module PluginBrowser (106)
[2018.01.28-09.10.02:490][190]LogModuleManager: Shutting down and abandoning module EpicSurvey (105)
[2018.01.28-09.10.02:490][190]LogModuleManager: Shutting down and abandoning module DesktopPlatform (104)
[2018.01.28-09.10.02:515][190]LogModuleManager: Shutting down and abandoning module VisualStudioSourceCodeAccess (103)
[2018.01.28-09.10.02:528][190]LogModuleManager: Shutting down and abandoning module UObjectPlugin (102)
[2018.01.28-09.10.02:528][190]LogModuleManager: Shutting down and abandoning module SubversionSourceControl (101)
[2018.01.28-09.10.02:554][190]LogModuleManager: Shutting down and abandoning module PerforceSourceControl (100)
[2018.01.28-09.10.02:569][190]LogModuleManager: Shutting down and abandoning module SourceControl (99)
[2018.01.28-09.10.02:583][190]LogModuleManager: Shutting down and abandoning module GitSourceControl (98)
[2018.01.28-09.10.02:591][190]LogModuleManager: Shutting down and abandoning module LightPropagationVolumeEditor (97)
[2018.01.28-09.10.02:591][190]LogModuleManager: Shutting down and abandoning module PaperTiledImporter (96)
[2018.01.28-09.10.02:601][190]LogModuleManager: Shutting down and abandoning module PaperSpriteSheetImporter (95)
[2018.01.28-09.10.02:606][190]LogModuleManager: Shutting down and abandoning module MeshPaint (94)
[2018.01.28-09.10.02:624][190]LogModuleManager: Shutting down and abandoning module SlateReflector (93)
[2018.01.28-09.10.02:630][190]LogModuleManager: Shutting down and abandoning module HotReload (92)
[2018.01.28-09.10.02:644][190]LogModuleManager: Shutting down and abandoning module MainFrame (91)
[2018.01.28-09.10.02:644][190]LogModuleManager: Shutting down and abandoning module LevelEditor (90)
[2018.01.28-09.10.02:645][190]LogModuleManager: Shutting down and abandoning module DirectoryWatcher (89)
[2018.01.28-09.10.02:671][190]LogModuleManager: Shutting down and abandoning module AssetRegistry (88)
[2018.01.28-09.10.02:783][190]LogModuleManager: Shutting down and abandoning module ContentBrowser (87)
[2018.01.28-09.10.02:784][190]LogModuleManager: Shutting down and abandoning module Paper2DEditor (86)
[2018.01.28-09.10.02:831][190]LogModuleManager: Shutting down and abandoning module UdpMessaging (85)
[2018.01.28-09.10.02:931][190]LogModuleManager: Shutting down and abandoning module LightPropagationVolumeRuntime (84)
[2018.01.28-09.10.02:931][190]LogModuleManager: Shutting down and abandoning module Paper2D (83)
[2018.01.28-09.10.03:134][190]LogModuleManager: Shutting down and abandoning module WindowsMoviePlayer (82)
[2018.01.28-09.10.03:211][190]LogModuleManager: Shutting down and abandoning module Media (81)
[2018.01.28-09.10.03:211][190]LogModuleManager: Shutting down and abandoning module WmfMedia (80)
[2018.01.28-09.10.03:341][190]LogModuleManager: Shutting down and abandoning module OnlineBlueprintSupport (79)
[2018.01.28-09.10.03:341][190]LogModuleManager: Shutting down and abandoning module GameplayTasksEditor (78)
[2018.01.28-09.10.03:341][190]LogModuleManager: Shutting down and abandoning module PropertyEditor (77)
[2018.01.28-09.10.03:341][190]LogModuleManager: Shutting down and abandoning module BehaviorTreeEditor (76)
[2018.01.28-09.10.03:378][190]LogModuleManager: Shutting down and abandoning module FunctionalTesting (75)
[2018.01.28-09.10.03:378][190]LogModuleManager: Shutting down and abandoning module CollisionAnalyzer (74)
[2018.01.28-09.10.03:414][190]LogModuleManager: Shutting down and abandoning module WorkspaceMenuStructure (73)
[2018.01.28-09.10.03:414][190]LogModuleManager: Shutting down and abandoning module MessageLog (72)
[2018.01.28-09.10.03:414][190]LogModuleManager: Shutting down and abandoning module Sequencer (71)
[2018.01.28-09.10.03:433][190]LogModuleManager: Shutting down and abandoning module AssetTools (70)
[2018.01.28-09.10.03:486][190]LogModuleManager: Shutting down and abandoning module UMGEditor (69)
[2018.01.28-09.10.03:505][190]LogModuleManager: Shutting down and abandoning module UMG (68)
[2018.01.28-09.10.03:516][190]LogModuleManager: Shutting down and abandoning module Slate (67)
[2018.01.28-09.10.03:517][190]LogModuleManager: Shutting down and abandoning module EditorStyle (66)
[2018.01.28-09.10.03:573][190]LogModuleManager: Shutting down and abandoning module SessionServices (65)
[2018.01.28-09.10.03:573][190]LogModuleManager: Shutting down and abandoning module SourceCodeAccess (64)
[2018.01.28-09.10.03:573][190]LogModuleManager: Shutting down and abandoning module HeadMountedDisplay (63)
[2018.01.28-09.10.03:573][190]LogModuleManager: Shutting down and abandoning module XAudio2 (62)
[2018.01.28-09.10.03:573][190]LogModuleManager: Shutting down and abandoning module Networking (60)
[2018.01.28-09.10.03:573][190]LogModuleManager: Shutting down and abandoning module Core (59)
[2018.01.28-09.10.03:573][190]LogModuleManager: Shutting down and abandoning module KismetCompiler (58)
[2018.01.28-09.10.03:574][190]LogModuleManager: Shutting down and abandoning module PhysXFormats (57)
[2018.01.28-09.10.03:590][190]LogModuleManager: Shutting down and abandoning module MeshUtilities (56)
[2018.01.28-09.10.03:615][190]LogModuleManager: Shutting down and abandoning module CookingStats (55)
[2018.01.28-09.10.03:648][190]LogModuleManager: Shutting down and abandoning module DerivedDataCache (54)
[2018.01.28-09.10.03:740][190]LogDerivedDataCache: Shutdown
[2018.01.28-09.10.03:740][190]LogModuleManager: Shutting down and abandoning module ShaderFormatOpenGL (53)
[2018.01.28-09.10.03:806][190]LogModuleManager: Shutting down and abandoning module ShaderFormatD3D (52)
[2018.01.28-09.10.03:819][190]LogModuleManager: Shutting down and abandoning module MetalShaderFormat (51)
[2018.01.28-09.10.03:825][190]LogModuleManager: Shutting down and abandoning module TextureFormatUncompressed (50)
[2018.01.28-09.10.03:825][190]LogModuleManager: Shutting down and abandoning module TextureFormatPVR (49)
[2018.01.28-09.10.03:836][190]LogModuleManager: Shutting down and abandoning module TextureFormatIntelISPCTexComp (48)
[2018.01.28-09.10.03:872][190]LogModuleManager: Shutting down and abandoning module TextureFormatDXT (47)
[2018.01.28-09.10.03:877][190]LogModuleManager: Shutting down and abandoning module ImageWrapper (46)
[2018.01.28-09.10.03:877][190]LogModuleManager: Shutting down and abandoning module TextureFormatASTC (45)
[2018.01.28-09.10.03:877][190]LogModuleManager: Shutting down and abandoning module TextureFormatAndroid (44)
[2018.01.28-09.10.03:877][190]LogModuleManager: Shutting down and abandoning module AudioFormatOpus (43)
[2018.01.28-09.10.03:895][190]LogModuleManager: Shutting down and abandoning module AudioFormatOgg (42)
[2018.01.28-09.10.03:901][190]LogModuleManager: Shutting down and abandoning module AudioFormatADPCM (41)
[2018.01.28-09.10.03:912][190]LogModuleManager: Shutting down and abandoning module LinuxTargetPlatform (40)
[2018.01.28-09.10.03:912][190]LogModuleManager: Shutting down and abandoning module LinuxServerTargetPlatform (39)
[2018.01.28-09.10.03:926][190]LogModuleManager: Shutting down and abandoning module LinuxNoEditorTargetPlatform (38)
[2018.01.28-09.10.03:943][190]LogModuleManager: Shutting down and abandoning module Messaging (37)
[2018.01.28-09.10.03:943][190]LogModuleManager: Shutting down and abandoning module IOSTargetPlatform (36)
[2018.01.28-09.10.03:943][190]LogModuleManager: Shutting down and abandoning module HTML5TargetPlatform (35)
[2018.01.28-09.10.03:943][190]LogModuleManager: Shutting down and abandoning module Android_PVRTCTargetPlatform (34)
[2018.01.28-09.10.03:954][190]LogModuleManager: Shutting down and abandoning module Android_ETC2TargetPlatform (33)
[2018.01.28-09.10.03:963][190]LogModuleManager: Shutting down and abandoning module Android_ETC1TargetPlatform (32)
[2018.01.28-09.10.03:969][190]LogModuleManager: Shutting down and abandoning module Android_DXTTargetPlatform (31)
[2018.01.28-09.10.03:975][190]LogModuleManager: Shutting down and abandoning module Android_ATCTargetPlatform (30)
[2018.01.28-09.10.03:984][190]LogModuleManager: Shutting down and abandoning module Android_ASTCTargetPlatform (29)
[2018.01.28-09.10.03:989][190]LogModuleManager: Shutting down and abandoning module AndroidTargetPlatform (28)
[2018.01.28-09.10.04:004][190]LogModuleManager: Shutting down and abandoning module WindowsTargetPlatform (27)
[2018.01.28-09.10.04:004][190]LogModuleManager: Shutting down and abandoning module WindowsServerTargetPlatform (26)
[2018.01.28-09.10.04:012][190]LogModuleManager: Shutting down and abandoning module WindowsNoEditorTargetPlatform (25)
[2018.01.28-09.10.04:018][190]LogModuleManager: Shutting down and abandoning module WindowsClientTargetPlatform (24)
[2018.01.28-09.10.04:044][190]LogModuleManager: Shutting down and abandoning module AllDesktopTargetPlatform (23)
[2018.01.28-09.10.04:055][190]LogModuleManager: Shutting down and abandoning module TargetPlatform (22)
[2018.01.28-09.10.04:055][190]LogModuleManager: Shutting down and abandoning module InputCore (21)
[2018.01.28-09.10.04:056][190]LogModuleManager: Shutting down and abandoning module Settings (20)
[2018.01.28-09.10.04:056][190]LogModuleManager: Shutting down and abandoning module OnlineSubsystem (18)
[2018.01.28-09.10.04:056][190]LogModuleManager: Shutting down and abandoning module HTTP (17)
[2018.01.28-09.10.06:056][190]LogModuleManager: Shutting down and abandoning module XMPP (16)
[2018.01.28-09.10.06:211][190]LogModuleManager: Shutting down and abandoning module ExampleDeviceProfileSelector (15)
[2018.01.28-09.10.06:211][190]LogModuleManager: Shutting down and abandoning module TextureCompressor (14)
[2018.01.28-09.10.06:324][190]LogModuleManager: Shutting down and abandoning module ShaderCore (13)
[2018.01.28-09.10.06:325][190]LogModuleManager: Shutting down and abandoning module Landscape (12)
[2018.01.28-09.10.06:325][190]LogModuleManager: Shutting down and abandoning module SlateRHIRenderer (11)
[2018.01.28-09.10.06:376][190]LogModuleManager: Shutting down and abandoning module OpenGLDrv (10)
[2018.01.28-09.10.06:392][190]LogModuleManager: Shutting down and abandoning module D3D11RHI (9)
[2018.01.28-09.10.06:392][190]LogModuleManager: Shutting down and abandoning module AnimGraphRuntime (8)
[2018.01.28-09.10.06:426][190]LogModuleManager: Shutting down and abandoning module Renderer (7)
[2018.01.28-09.10.06:426][190]LogModuleManager: Shutting down and abandoning module Engine (6)
[2018.01.28-09.10.06:426][190]LogModuleManager: Shutting down and abandoning module CoreUObject (5)
[2018.01.28-09.10.06:426][190]LogModuleManager: Shutting down and abandoning module NetworkFile (4)
[2018.01.28-09.10.06:446][190]LogModuleManager: Shutting down and abandoning module StreamingFile (3)
[2018.01.28-09.10.06:473][190]LogModuleManager: Shutting down and abandoning module SandboxFile (2)
[2018.01.28-09.10.06:503][190]LogModuleManager: Shutting down and abandoning module PakFile (1)
[2018.01.28-09.10.06:559][190]LogExit: Exiting.
[2018.01.28-09.10.06:586][190]Log file closed, 01/28/18 17:10:06
