[2018.02.03-09.15.52:577][  0]Log file open, 02/03/18 17:15:52
[2018.02.03-09.15.52:577][  0]LogInit:Display: Running engine for game: TopDown
[2018.02.03-09.15.52:577][  0]LogInit:Display: RandInit(2038503569) SRandInit(2038503569).
[2018.02.03-09.15.52:577][  0]LogTaskGraph: Started task graph with 4 named threads and 5 total threads.
[2018.02.03-09.15.52:577][  0]LogStats: Stats thread started at 0.406732
[2018.02.03-09.15.52:577][  0]LogInit: Version: 4.9.2-2707645+++depot+UE4-Releases+4.9
[2018.02.03-09.15.52:577][  0]LogInit: API Version: 2672455
[2018.02.03-09.15.52:577][  0]LogInit: Compiled (64-bit): Sep 28 2015 10:25:44
[2018.02.03-09.15.52:577][  0]LogInit: Compiled with Visual C++: 18.00.21005.01
[2018.02.03-09.15.52:577][  0]LogInit: Build Configuration: Development
[2018.02.03-09.15.52:577][  0]LogInit: Branch Name: ++depot+UE4-Releases+4.9
[2018.02.03-09.15.52:577][  0]LogInit: Command line:  
[2018.02.03-09.15.52:577][  0]LogInit: Base directory: D:/UE_4.9/Engine/Binaries/Win64/
[2018.02.03-09.15.52:577][  0]LogInit: Rocket: 1
[2018.02.03-09.15.52:629][  0]LogInit: Using libcurl 7.41.0
[2018.02.03-09.15.52:629][  0]LogInit:  - built for x86_64-pc-win32
[2018.02.03-09.15.52:629][  0]LogInit:  - supports SSL with WinSSL
[2018.02.03-09.15.52:629][  0]LogInit:  - other features:
[2018.02.03-09.15.52:629][  0]LogInit:      CURL_VERSION_SSL
[2018.02.03-09.15.52:629][  0]LogInit:      CURL_VERSION_IPV6
[2018.02.03-09.15.52:629][  0]LogInit:      CURL_VERSION_ASYNCHDNS
[2018.02.03-09.15.52:629][  0]LogInit:      CURL_VERSION_LARGEFILE
[2018.02.03-09.15.52:629][  0]LogInit:      CURL_VERSION_IDN
[2018.02.03-09.15.52:629][  0]LogInit:  CurlRequestOptions (configurable via config and command line):
[2018.02.03-09.15.52:629][  0]LogInit:  - bVerifyPeer = true  - Libcurl will verify peer certificate
[2018.02.03-09.15.52:629][  0]LogInit:  - bUseHttpProxy = false  - Libcurl will NOT use HTTP proxy
[2018.02.03-09.15.52:629][  0]LogInit:  - bDontReuseConnections = false  - Libcurl will reuse connections
[2018.02.03-09.15.52:629][  0]LogInit:  - CertBundlePath = nullptr  - Libcurl will use whatever was configured at build time.
[2018.02.03-09.15.52:640][  0]LogInit: Presizing for 0 objects not considered by GC, pre-allocating 0 bytes.
[2018.02.03-09.15.52:653][  0]LogInit: Object subsystem initialized
[2018.02.03-09.15.52:656][  0]LogInit: Selected Device Profile: [Windows]
[2018.02.03-09.15.52:656][  0]LogInit: Applying CVar settings loaded from the selected device profile: [Windows]
[2018.02.03-09.15.52:722][  0]LogInit: Computer: 1-ПК
[2018.02.03-09.15.52:722][  0]LogInit: User: 1
[2018.02.03-09.15.52:722][  0]LogInit: CPU Page size=4096, Cores=2
[2018.02.03-09.15.52:722][  0]LogInit: High frequency timer resolution =2.338486 MHz
[2018.02.03-09.15.52:722][  0]LogMemory: Memory total: Physical=3.9GB (4GB approx)
[2018.02.03-09.15.52:722][  0]LogMemory: Platform Memory Stats for Windows
[2018.02.03-09.15.52:722][  0]LogMemory: Process Physical Memory: 60.42 MB used, 60.42 MB peak
[2018.02.03-09.15.52:722][  0]LogMemory: Process Virtual Memory: 63.76 MB used, 63.76 MB peak
[2018.02.03-09.15.52:722][  0]LogMemory: Physical Memory: 1901.46 MB used, 4010.14 MB total
[2018.02.03-09.15.52:722][  0]LogMemory: Virtual Memory: 350.29 MB used, 8388608.00 MB total
[2018.02.03-09.15.53:024][  0]LogTextLocalizationManager: No translations for ('ru-RU') exist, falling back to 'en' for localization and internationalization data.
[2018.02.03-09.15.54:258][  0]LogD3D11RHI: Found D3D11 adapter 0: NVIDIA GeForce 410M (Feature Level 11_0)
[2018.02.03-09.15.54:258][  0]LogD3D11RHI: Adapter has 979MB of dedicated video memory, 0MB of dedicated system memory, and 1749MB of shared system memory, 1 output[s]
[2018.02.03-09.15.54:973][  0]LogD3D11RHI: Found D3D11 adapter 1: NVIDIA GeForce 410M (Feature Level 11_0)
[2018.02.03-09.15.54:973][  0]LogD3D11RHI: Adapter has 979MB of dedicated video memory, 0MB of dedicated system memory, and 1749MB of shared system memory, 0 output[s]
[2018.02.03-09.15.54:973][  0]LogD3D11RHI: Chosen D3D11 Adapter Id = 0
[2018.02.03-09.15.55:091][  0]LogD3D11RHI: !Direct3DDevice
[2018.02.03-09.15.55:091][  0]LogRHI: Texture pool is 1297 MB (70% of 1854 MB)
[2018.02.03-09.15.55:140][  0]LogD3D11RHI: Async texture creation enabled
[2018.02.03-09.15.56:946][  0]LogShaderCompilers: Guid format shader working directory is 15 characters bigger than the processId version (../../../../sergey/UnrealProjects/Game_1337/TopDown/Intermediate/Shaders/WorkingDirectory/6168/).
[2018.02.03-09.15.56:946][  0]LogShaderCompilers: Cleaned the shader compiler working directory '../../../../sergey/UnrealProjects/Game_1337/TopDown/Intermediate/Shaders/tmp/6274DCB94EF32AA438C33B82AC92AC4A/'.
[2018.02.03-09.15.56:946][  0]LogShaderCompilers:Display: Using Local Shader Compiler.
[2018.02.03-09.16.10:080][  0]LogTemp:Display: Loaded TP AllDesktopTargetPlatform
[2018.02.03-09.16.10:141][  0]LogTemp:Display: Loaded TP WindowsClientTargetPlatform
[2018.02.03-09.16.10:271][  0]LogTemp:Display: Loaded TP WindowsNoEditorTargetPlatform
[2018.02.03-09.16.10:344][  0]LogTemp:Display: Loaded TP WindowsServerTargetPlatform
[2018.02.03-09.16.10:548][  0]LogTemp:Display: Loaded TP WindowsTargetPlatform
[2018.02.03-09.16.10:643][  0]LogTemp:Display: Loaded TP AndroidTargetPlatform
[2018.02.03-09.16.10:722][  0]LogTemp:Display: Loaded TP Android_ASTCTargetPlatform
[2018.02.03-09.16.10:817][  0]LogTemp:Display: Loaded TP Android_ATCTargetPlatform
[2018.02.03-09.16.10:874][  0]LogTemp:Display: Loaded TP Android_DXTTargetPlatform
[2018.02.03-09.16.11:056][  0]LogTemp:Display: Loaded TP Android_ETC1TargetPlatform
[2018.02.03-09.16.11:118][  0]LogTemp:Display: Loaded TP Android_ETC2TargetPlatform
[2018.02.03-09.16.11:175][  0]LogTemp:Display: Loaded TP Android_PVRTCTargetPlatform
[2018.02.03-09.16.11:309][  0]LogTemp:Display: Loaded TP HTML5TargetPlatform
[2018.02.03-09.16.11:719][  0]LogTemp:Display: Loaded TP IOSTargetPlatform
[2018.02.03-09.16.11:764][  0]LogTemp:Display: Loaded TP LinuxNoEditorTargetPlatform
[2018.02.03-09.16.11:957][  0]LogTemp:Display: Loaded TP LinuxServerTargetPlatform
[2018.02.03-09.16.12:121][  0]LogTemp:Display: Loaded TP LinuxTargetPlatform
[2018.02.03-09.16.12:121][  0]LogTargetPlatformManager:Display: Building Assets For Windows
[2018.02.03-09.16.16:566][  0]LogDerivedDataCache:Display: Max Cache Size: 512 MB
[2018.02.03-09.16.17:515][  0]LogDerivedDataCache: Loaded boot cache 0.95s 41MB C:/Users/1/AppData/Local/UnrealEngine/4.9/DerivedDataCache/Boot.ddc.
[2018.02.03-09.16.17:516][  0]LogDerivedDataCache:Display: Loaded Boot cache: C:/Users/1/AppData/Local/UnrealEngine/4.9/DerivedDataCache/Boot.ddc
[2018.02.03-09.16.17:516][  0]LogDerivedDataCache: FDerivedDataBackendGraph:  Pak pak cache file ../../../../sergey/UnrealProjects/Game_1337/TopDown/DerivedDataCache/DDC.ddp not found, will not use a pak cache.
[2018.02.03-09.16.17:516][  0]LogDerivedDataCache: Unable to find inner node Pak for hierarchical cache Hierarchy.
[2018.02.03-09.16.17:516][  0]LogDerivedDataCache: FDerivedDataBackendGraph:  CompressedPak pak cache file ../../../../sergey/UnrealProjects/Game_1337/TopDown/DerivedDataCache/Compressed.ddp not found, will not use a pak cache.
[2018.02.03-09.16.17:516][  0]LogDerivedDataCache: Unable to find inner node CompressedPak for hierarchical cache Hierarchy.
[2018.02.03-09.16.18:108][  0]LogDerivedDataCache:Display: Pak cache opened for reading ../../../Engine/DerivedDataCache/Compressed.ddp.
[2018.02.03-09.16.18:159][  0]LogDerivedDataCache: Using Local data cache path C:/Users/1/AppData/Local/UnrealEngine/Common/DerivedDataCache: Writable
[2018.02.03-09.17.13:510][  0]LogInit: Selected Device Profile: [Windows]
[2018.02.03-09.17.14:112][  0]LogContentStreaming: Texture pool size is 0.000000MB
[2018.02.03-09.17.17:980][  0]LogMeshUtilities: No automatic mesh reduction module available
[2018.02.03-09.17.17:980][  0]LogMeshUtilities: No automatic mesh merging module available
[2018.02.03-09.17.40:516][  0]LogInit: WinSock: version 1.1 (2.2), MaxSocks=32767, MaxUdp=65467
[2018.02.03-09.18.21:473][  0]UdpMessaging: Initializing bridge on interface 0.0.0.0:0 to multicast group 230.0.0.1:6666.
[2018.02.03-09.18.23:336][  0]LogAssetRegistry: FAssetRegistry took 0.3108 seconds to start up
[2018.02.03-09.18.56:884][  0]SourceControl: Info Source control is disabled
[2018.02.03-09.18.57:626][  0]SourceControl: Info Source control is disabled
[2018.02.03-09.19.00:712][  0]SourceControl: Info Source control is disabled
[2018.02.03-09.19.02:420][  0]SourceControl: Info Source control is disabled
[2018.02.03-09.19.30:982][  0]LogLinker:Warning: Asset '../../../Engine/Plugins/Runtime/LeapMotionController/Content/LM_PassthroughMaterial.uasset' has been saved with empty engine version. The asset will be loaded but may be incompatible.
[2018.02.03-09.19.52:314][  0]LogObj: 28361 objects as part of root set at end of initial load.
[2018.02.03-09.19.52:314][  0]LogUObjectAllocator: 6038872 out of 0 bytes used by permanent object pool.
[2018.02.03-09.20.09:158][  0]LogAutomationTest:Warning: Smoke tests took > 1s to run: 9.22s
[2018.02.03-09.20.09:389][  0]LogEngine: Initializing Engine...
[2018.02.03-09.20.09:597][  0]LogHMD: Can't find Oculus library dev build: is proper Runtime installed? Version: 0.7.0.0
[2018.02.03-09.20.09:811][  0]LogHMD: SteamVR failed to initialize.  Err: 110
[2018.02.03-09.20.13:159][  0]LogAIModule: Creating AISystem for world NewWorld
[2018.02.03-09.20.14:768][  0]LogInit: XAudio2 using 'Динамики (Realtek High Definition Audio)' : 2 channels at 44.1 kHz using 16 bits per sample (channel mask 0x3)
[2018.02.03-09.20.15:146][  0]LogInit: FAudioDevice initialized.
[2018.02.03-09.20.15:219][  0]LogDerivedDataCache: Saved boot cache 0.07s 41MB C:/Users/1/AppData/Local/UnrealEngine/4.9/DerivedDataCache/Boot.ddc.
[2018.02.03-09.20.15:246][  0]LogInit: Texture streaming: Enabled
[2018.02.03-09.20.15:543][  0]LogAnalytics: Creating configured Analytics provider AnalyticsET
[2018.02.03-09.20.15:640][  0]LogAnalytics: [UEEditor.Rocket.Release] APIServer = http://et2.epicgames.com/ET2/. AppVersion = 4.9.2-2707645+++depot+UE4-Releases+4.9
[2018.02.03-09.20.15:640][  0]LogAnalytics: [UEEditor.Rocket.Release] SetUserId fdb2de1848db1fa47a6f94acde81dca0|be1dc849c34248278283a980c6ca8968|82021297-a794-427f-b0e0-602fe21b1b06
[2018.02.03-09.20.15:676][  0]LogAnalytics: [UEEditor.Rocket.Release] AnalyticsET::StartSession
[2018.02.03-09.20.20:053][  0]LogInit: Transaction tracking system initialized
[2018.02.03-09.20.31:685][  0]BlueprintLog: New page: Editor Load
[2018.02.03-09.20.39:863][  0]LocalizationService: Info Localization service is disabled
[2018.02.03-09.20.41:922][  0]LogLinker:Warning: Can't find file '/Game/FirstPersonBP/FirstPersonOverview'
[2018.02.03-09.20.41:922][  0]LogLinker:Warning: Can't find file '/Game/FirstPersonBP/FirstPersonOverview'
[2018.02.03-09.20.41:957][  0]LogUObjectGlobals:Warning: Failed to find object 'Class /Game/FirstPersonBP/FirstPersonOverview.FirstPersonOverview_C'
[2018.02.03-09.20.43:256][  0]LogConsoleResponse:Display: 
[2018.02.03-09.20.54:502][  0]LogFileCache: Scanning file cache for directory 'D:/sergey/UnrealProjects/Game_1337/TopDown/Content/' took 0.22s
[2018.02.03-09.20.54:502][  0]LogCook:Display: Done creating registry. It took  0.00s.
[2018.02.03-09.21.01:120][  0]SourceControl: Info Source control is disabled
[2018.02.03-09.21.03:188][  0]Cmd: MAP LOAD FILE="../../../../sergey/UnrealProjects/Game_1337/TopDown/Content/TopDownBP/Maps/TopDownExampleMap.umap" TEMPLATE=0 SHOWPROGRESS=1 FEATURELEVEL=3
[2018.02.03-09.21.04:847][  0]LightingResults: New page: Lighting Build
[2018.02.03-09.21.07:312][  0]MapCheck: New page: Map Check
[2018.02.03-09.21.07:312][  0]LightingResults: New page: Lighting Build
[2018.02.03-09.21.12:355][  0]LogParticles: Destroying 0 GPU particle simulations for FXSystem 0x000000001D236160
[2018.02.03-09.21.14:246][  0]LogLinker:Warning: Asset '../../../../sergey/UnrealProjects/Game_1337/TopDown/Content/Mannequin/Animations/ThirdPerson_AnimBP.uasset' has been saved with empty engine version. The asset will be loaded but may be incompatible.
[2018.02.03-09.21.14:425][  0]LogLinker:Warning: Asset '../../../../sergey/UnrealProjects/Game_1337/TopDown/Content/Mannequin/Animations/ThirdPerson_Jump.uasset' has been saved with empty engine version. The asset will be loaded but may be incompatible.
[2018.02.03-09.21.14:606][  0]LogLinker:Warning: Asset '../../../../sergey/UnrealProjects/Game_1337/TopDown/Content/Mannequin/Animations/ThirdPersonJump_Loop.uasset' has been saved with empty engine version. The asset will be loaded but may be incompatible.
[2018.02.03-09.21.14:796][  0]LogLinker:Warning: Asset '../../../../sergey/UnrealProjects/Game_1337/TopDown/Content/Mannequin/Animations/ThirdPersonJump_Start.uasset' has been saved with empty engine version. The asset will be loaded but may be incompatible.
[2018.02.03-09.21.15:013][  0]LogLinker:Warning: Asset '../../../../sergey/UnrealProjects/Game_1337/TopDown/Content/Mannequin/Animations/ThirdPerson_IdleRun_2D.uasset' has been saved with empty engine version. The asset will be loaded but may be incompatible.
[2018.02.03-09.21.15:098][  0]LogLinker:Warning: Asset '../../../../sergey/UnrealProjects/Game_1337/TopDown/Content/Mannequin/Animations/ThirdPersonIdle.uasset' has been saved with empty engine version. The asset will be loaded but may be incompatible.
[2018.02.03-09.21.15:189][  0]LogLinker:Warning: Asset '../../../../sergey/UnrealProjects/Game_1337/TopDown/Content/Mannequin/Animations/ThirdPersonRun.uasset' has been saved with empty engine version. The asset will be loaded but may be incompatible.
[2018.02.03-09.21.15:300][  0]LogLinker:Warning: Asset '../../../../sergey/UnrealProjects/Game_1337/TopDown/Content/Mannequin/Animations/ThirdPersonWalk.uasset' has been saved with empty engine version. The asset will be loaded but may be incompatible.
[2018.02.03-09.21.36:158][  0]LogLinker:Warning: CreateExport: Failed to load Parent for Function /Game/TopDownBP/Blueprints/Inventory/Chests/chest-base.chest-base_C:UserConstructionScript; removing parent information, but keeping function
[2018.02.03-09.21.37:294][  0]LogLinker:Warning: CreateExport: Failed to load Parent for Function /Game/TopDownBP/Blueprints/Inventory/Item/Items/Base_Items/Item_aid_base.Item_aid_base_C:UserConstructionScript; removing parent information, but keeping function
[2018.02.03-09.21.37:956][  0]LogLinker:Warning: CreateExport: Failed to load Parent for Function /Game/TopDownBP/Blueprints/Inventory/Item/Items/Base_Items/Item_Statue.Item_Statue_C:UserConstructionScript; removing parent information, but keeping function
[2018.02.03-09.22.16:729][  0]LogAIModule: Creating AISystem for world TopDownExampleMap
[2018.02.03-09.22.24:204][  0]LogEditorServer: Finished looking for orphan Actors (0.000 secs)
[2018.02.03-09.22.24:756][  0]Cmd: MAP CHECKDEP NOCLEARLOG
[2018.02.03-09.22.25:671][  0]MapCheck: Info Map check complete: 0 Error(s), 0 Warning(s), took 914.117ms to complete.
[2018.02.03-09.22.25:671][  0]LogFileHelpers: Loading map 'TopDownExampleMap' took 84.065
[2018.02.03-09.22.49:774][  0]LogCollectionManager: Loaded 0 collections in 0.004027 seconds
[2018.02.03-09.22.51:909][  0]LogFileCache: Scanning file cache for directory 'D:/sergey/UnrealProjects/Game_1337/TopDown/Saved/Collections/' took 0.01s
[2018.02.03-09.22.51:909][  0]LogFileCache: Scanning file cache for directory 'D:/sergey/UnrealProjects/Game_1337/TopDown/Content/Developers/1/Collections/' took 0.01s
[2018.02.03-09.22.51:909][  0]LogFileCache: Scanning file cache for directory 'D:/sergey/UnrealProjects/Game_1337/TopDown/Content/Collections/' took 0.01s
[2018.02.03-09.22.51:909][  0]LogContentBrowser: Native class hierarchy populated in 0.2775 seconds. Added 1868 classes and 335 folders.
[2018.02.03-09.22.55:654][  0]LogCollectionManager: Rebuilt the GUID cache for 0 collections in 0.000003 seconds
[2018.02.03-09.22.56:268][  0]LogContentBrowser: Native class hierarchy updated for 'WidgetCarousel' in 0.0007 seconds. Added 0 classes and 0 folders.
[2018.02.03-09.23.11:034][  0]LogContentBrowser: Native class hierarchy updated for 'AddContentDialog' in 0.0005 seconds. Added 0 classes and 0 folders.
[2018.02.03-09.23.22:384][  0]LogCrashTracker: Crashtracker disabled due to settings.
[2018.02.03-09.23.25:495][  0]LogUObjectGlobals:Warning: Failed to find object 'Class None.'
[2018.02.03-09.23.26:165][  0]LogLoad: Full Startup: 457.52 seconds (BP compile: 9.31 seconds)
[2018.02.03-09.23.29:962][  0]LogContentStreaming: Texture pool size now 400 MB
[2018.02.03-09.23.35:370][  0]LogRenderer: Reallocating scene render targets to support 520x352 (Frame:2).
[2018.02.03-09.23.48:890][ 16]LogAssetRegistry: Asset discovery search completed in 325.6320 seconds
[2018.02.03-09.23.48:890][ 16]LogCollectionManager: Rebuilt the object cache for 0 collections in 0.000002 seconds (found 0 objects)
[2018.02.03-09.23.48:910][ 16]LogCollectionManager: Fixed up redirectors for 0 collections in 0.019131 seconds (updated 0 objects)
[2018.02.03-09.24.59:094][698]Cmd: MAP LOAD FILE="../../../../sergey/UnrealProjects/Game_1337/TopDown/Content/TopDownBP/Maps/TopDownExampleMap.umap" TEMPLATE=0 SHOWPROGRESS=1 FEATURELEVEL=3
[2018.02.03-09.24.59:096][698]LightingResults: New page: Lighting Build
[2018.02.03-09.24.59:126][698]LoadErrors: New page: Loading map: TopDownExampleMap.umap
[2018.02.03-09.24.59:186][698]MapCheck: New page: Map Check
[2018.02.03-09.24.59:186][698]LightingResults: New page: Lighting Build
[2018.02.03-09.24.59:259][698]LogParticles: Destroying 0 GPU particle simulations for FXSystem 0x000000002CF5F420
[2018.02.03-09.24.59:452][698]LogAIModule: Creating AISystem for world TopDownExampleMap
[2018.02.03-09.24.59:528][698]LogEditorServer: Finished looking for orphan Actors (0.000 secs)
[2018.02.03-09.24.59:582][698]Cmd: MAP CHECKDEP NOCLEARLOG
[2018.02.03-09.24.59:687][698]MapCheck: Info Map check complete: 0 Error(s), 0 Warning(s), took 105.256ms to complete.
[2018.02.03-09.24.59:694][698]LogFileHelpers: Loading map 'TopDownExampleMap' took 0.625
[2018.02.03-09.25.32:643][706]Cmd: QUIT_EDITOR
[2018.02.03-09.25.33:289][706]LogExit: Preparing to exit.
[2018.02.03-09.25.33:996][706]LogExit: Editor shut down
[2018.02.03-09.25.33:996][706]LogExit: Transaction tracking system shut down
[2018.02.03-09.25.34:122][706]LogParticles: Destroying 0 GPU particle simulations for FXSystem 0x000000002A86A2A0
[2018.02.03-09.25.34:122][706]LogParticles: Destroying 0 GPU particle simulations for FXSystem 0x0000000033AB0F40
[2018.02.03-09.25.34:122][706]LogParticles: Destroying 0 GPU particle simulations for FXSystem 0x000000002A86A0C0
[2018.02.03-09.25.35:227][706]LogParticles: Destroying 0 GPU particle simulations for FXSystem 0x0000000034C099E0
[2018.02.03-09.25.35:227][706]LogParticles: Destroying 0 GPU particle simulations for FXSystem 0x000000002A9F1D00
[2018.02.03-09.25.35:227][706]LogExit: Object subsystem successfully closed.
[2018.02.03-09.25.35:716][706]LogD3D11RHI: Shutdown
[2018.02.03-09.25.35:716][706]LogD3D11RHI: CleanupD3DDevice
[2018.02.03-09.25.36:251][706]LogD3D11RHI: ~FD3D11DynamicRHI
[2018.02.03-09.25.37:839][706]LogModuleManager: Shutting down and abandoning module CrashTracker (197)
[2018.02.03-09.25.37:839][706]LogModuleManager: Shutting down and abandoning module SuperSearch (196)
[2018.02.03-09.25.37:839][706]LogModuleManager: Shutting down and abandoning module WidgetCarousel (195)
[2018.02.03-09.25.37:839][706]LogModuleManager: Shutting down and abandoning module AddContentDialog (194)
[2018.02.03-09.25.37:880][706]LogModuleManager: Shutting down and abandoning module EditorWidgets (193)
[2018.02.03-09.25.37:880][706]LogModuleManager: Shutting down and abandoning module CollectionManager (192)
[2018.02.03-09.25.37:880][706]LogModuleManager: Shutting down and abandoning module SceneOutliner (191)
[2018.02.03-09.25.37:913][706]LogModuleManager: Shutting down and abandoning module StatsViewer (190)
[2018.02.03-09.25.37:913][706]LogModuleManager: Shutting down and abandoning module FoliageEdit (189)
[2018.02.03-09.25.37:913][706]LogModuleManager: Shutting down and abandoning module LandscapeEditor (188)
[2018.02.03-09.25.38:109][706]LogModuleManager: Shutting down and abandoning module ActorPickerMode (187)
[2018.02.03-09.25.38:109][706]LogModuleManager: Shutting down and abandoning module GeometryMode (186)
[2018.02.03-09.25.38:109][706]LogModuleManager: Shutting down and abandoning module TextureAlignMode (185)
[2018.02.03-09.25.38:109][706]LogModuleManager: Shutting down and abandoning module BspMode (184)
[2018.02.03-09.25.38:110][706]LogModuleManager: Shutting down and abandoning module PlacementMode (183)
[2018.02.03-09.25.38:110][706]LogModuleManager: Shutting down and abandoning module AutomationWorker (182)
[2018.02.03-09.25.38:110][706]LogModuleManager: Shutting down and abandoning module CharacterAI (181)
[2018.02.03-09.25.38:110][706]LogModuleManager: Shutting down and abandoning module SmartSnapping (180)
[2018.02.03-09.25.38:110][706]LogModuleManager: Shutting down and abandoning module ViewportSnapping (179)
[2018.02.03-09.25.38:110][706]LogModuleManager: Shutting down and abandoning module LogVisualizer (178)
[2018.02.03-09.25.38:110][706]LogModuleManager: Shutting down and abandoning module GameProjectGeneration (177)
[2018.02.03-09.25.38:170][706]LogModuleManager: Shutting down and abandoning module IntroTutorials (176)
[2018.02.03-09.25.38:170][706]LogModuleManager: Shutting down and abandoning module EditorLiveStreaming (175)
[2018.02.03-09.25.38:170][706]LogModuleManager: Shutting down and abandoning module IOSPlatformEditor (174)
[2018.02.03-09.25.38:170][706]LogModuleManager: Shutting down and abandoning module HTML5PlatformEditor (173)
[2018.02.03-09.25.38:170][706]LogModuleManager: Shutting down and abandoning module AndroidDeviceDetection (172)
[2018.02.03-09.25.38:326][706]LogModuleManager: Shutting down and abandoning module AndroidPlatformEditor (171)
[2018.02.03-09.25.38:326][706]LogModuleManager: Shutting down and abandoning module IOSRuntimeSettings (170)
[2018.02.03-09.25.38:326][706]LogModuleManager: Shutting down and abandoning module AndroidRuntimeSettings (169)
[2018.02.03-09.25.38:326][706]LogModuleManager: Shutting down and abandoning module MergeActors (168)
[2018.02.03-09.25.38:352][706]LogModuleManager: Shutting down and abandoning module SizeMap (167)
[2018.02.03-09.25.38:353][706]LogModuleManager: Shutting down and abandoning module TreeMap (166)
[2018.02.03-09.25.38:353][706]LogModuleManager: Shutting down and abandoning module ReferenceViewer (165)
[2018.02.03-09.25.38:353][706]LogModuleManager: Shutting down and abandoning module LocalizationService (164)
[2018.02.03-09.25.38:353][706]LogModuleManager: Shutting down and abandoning module LocalizationDashboard (163)
[2018.02.03-09.25.38:385][706]LogModuleManager: Shutting down and abandoning module HardwareTargeting (162)
[2018.02.03-09.25.38:385][706]LogModuleManager: Shutting down and abandoning module DeviceProfileEditor (161)
[2018.02.03-09.25.38:385][706]LogModuleManager: Shutting down and abandoning module UndoHistory (160)
[2018.02.03-09.25.38:385][706]LogModuleManager: Shutting down and abandoning module GameplayTagsEditor (159)
[2018.02.03-09.25.38:385][706]LogModuleManager: Shutting down and abandoning module UserFeedback (158)
[2018.02.03-09.25.38:385][706]LogModuleManager: Shutting down and abandoning module XmlParser (157)
[2018.02.03-09.25.38:385][706]LogModuleManager: Shutting down and abandoning module Blutility (156)
[2018.02.03-09.25.38:385][706]LogModuleManager: Shutting down and abandoning module ProjectTargetPlatformEditor (155)
[2018.02.03-09.25.38:385][706]LogModuleManager: Shutting down and abandoning module ProjectSettingsViewer (154)
[2018.02.03-09.25.38:385][706]LogModuleManager: Shutting down and abandoning module InputBindingEditor (153)
[2018.02.03-09.25.38:426][706]LogModuleManager: Shutting down and abandoning module EditorSettingsViewer (152)
[2018.02.03-09.25.38:426][706]LogModuleManager: Shutting down and abandoning module SettingsEditor (151)
[2018.02.03-09.25.38:427][706]LogModuleManager: Shutting down and abandoning module ProjectLauncher (150)
[2018.02.03-09.25.38:427][706]LogModuleManager: Shutting down and abandoning module SessionFrontend (149)
[2018.02.03-09.25.38:427][706]LogModuleManager: Shutting down and abandoning module ProfilerClient (148)
[2018.02.03-09.25.38:439][706]LogModuleManager: Shutting down and abandoning module TargetDeviceServices (147)
[2018.02.03-09.25.38:454][706]LogModuleManager: Shutting down and abandoning module DeviceManager (146)
[2018.02.03-09.25.38:454][706]LogModuleManager: Shutting down and abandoning module AutomationController (145)
[2018.02.03-09.25.38:455][706]LogModuleManager: Shutting down and abandoning module AutomationWindow (144)
[2018.02.03-09.25.38:486][706]LogModuleManager: Shutting down and abandoning module Layers (143)
[2018.02.03-09.25.38:554][706]LogModuleManager: Shutting down and abandoning module ComponentVisualizers (142)
[2018.02.03-09.25.38:554][706]LogModuleManager: Shutting down and abandoning module DetailCustomizations (141)
[2018.02.03-09.25.38:637][706]LogModuleManager: Shutting down and abandoning module PackagesDialog (140)
[2018.02.03-09.25.38:637][706]LogModuleManager: Shutting down and abandoning module Persona (139)
[2018.02.03-09.25.38:691][706]LogModuleManager: Shutting down and abandoning module Kismet (138)
[2018.02.03-09.25.38:750][706]LogModuleManager: Shutting down and abandoning module GraphEditor (137)
[2018.02.03-09.25.38:887][706]LogModuleManager: Shutting down and abandoning module ClassViewer (136)
[2018.02.03-09.25.38:887][706]LogModuleManager: Shutting down and abandoning module Toolbox (135)
[2018.02.03-09.25.38:887][706]LogModuleManager: Shutting down and abandoning module ModuleUI (134)
[2018.02.03-09.25.38:928][706]LogModuleManager: Shutting down and abandoning module MovieSceneTools (133)
[2018.02.03-09.25.38:928][706]LogModuleManager: Shutting down and abandoning module OutputLog (132)
[2018.02.03-09.25.38:928][706]LogModuleManager: Shutting down and abandoning module GammaUI (131)
[2018.02.03-09.25.38:972][706]LogModuleManager: Shutting down and abandoning module Documentation (130)
[2018.02.03-09.25.38:972][706]LogModuleManager: Shutting down and abandoning module GameLiveStreaming (129)
[2018.02.03-09.25.38:972][706]LogModuleManager: Shutting down and abandoning module StreamingPauseRendering (128)
[2018.02.03-09.25.38:972][706]LogModuleManager: Shutting down and abandoning module AnalyticsET (127)
[2018.02.03-09.25.38:972][706]LogModuleManager: Shutting down and abandoning module Analytics (126)
[2018.02.03-09.25.38:972][706]LogModuleManager: Shutting down and abandoning module AITestSuite (125)
[2018.02.03-09.25.38:972][706]LogModuleManager: Shutting down and abandoning module GameplayDebugger (124)
[2018.02.03-09.25.38:972][706]LogModuleManager: Shutting down and abandoning module AIModule (123)
[2018.02.03-09.25.39:015][706]LogModuleManager: Shutting down and abandoning module ProfilerService (122)
[2018.02.03-09.25.39:231][706]LogModuleManager: Shutting down and abandoning module TaskGraph (121)
[2018.02.03-09.25.39:249][706]LogModuleManager: Shutting down and abandoning module SlateRemote (120)
[2018.02.03-09.25.39:280][706]LogModuleManager: Shutting down and abandoning module SteamVRController (119)
[2018.02.03-09.25.39:280][706]LogModuleManager: Shutting down and abandoning module SteamVR (118)
[2018.02.03-09.25.39:280][706]LogModuleManager: Shutting down and abandoning module ProceduralMeshComponent (117)
[2018.02.03-09.25.39:280][706]LogModuleManager: Shutting down and abandoning module OculusRift (116)
[2018.02.03-09.25.39:280][706]LogModuleManager: Shutting down and abandoning module OculusLibrary (115)
[2018.02.03-09.25.39:280][706]LogModuleManager: Shutting down and abandoning module LeapMotionController (114)
[2018.02.03-09.25.39:295][706]LogModuleManager: Shutting down and abandoning module CustomMeshComponent (113)
[2018.02.03-09.25.39:318][706]LogModuleManager: Shutting down and abandoning module CableComponent (112)
[2018.02.03-09.25.39:318][706]LogModuleManager: Shutting down and abandoning module ArchVisCharacter (111)
[2018.02.03-09.25.39:318][706]LogModuleManager: Shutting down and abandoning module MessagingDebugger (110)
[2018.02.03-09.25.39:360][706]LogModuleManager: Shutting down and abandoning module MediaPlayerEditor (109)
[2018.02.03-09.25.39:405][706]LogModuleManager: Shutting down and abandoning module HTML5Networking (108)
[2018.02.03-09.25.39:405][706]LogModuleManager: Shutting down and abandoning module SpeedTreeImporter (107)
[2018.02.03-09.25.39:405][706]LogModuleManager: Shutting down and abandoning module PluginBrowser (106)
[2018.02.03-09.25.39:405][706]LogModuleManager: Shutting down and abandoning module EpicSurvey (105)
[2018.02.03-09.25.39:405][706]LogModuleManager: Shutting down and abandoning module DesktopPlatform (104)
[2018.02.03-09.25.39:405][706]LogModuleManager: Shutting down and abandoning module VisualStudioSourceCodeAccess (103)
[2018.02.03-09.25.39:405][706]LogModuleManager: Shutting down and abandoning module UObjectPlugin (102)
[2018.02.03-09.25.39:405][706]LogModuleManager: Shutting down and abandoning module SubversionSourceControl (101)
[2018.02.03-09.25.39:405][706]LogModuleManager: Shutting down and abandoning module PerforceSourceControl (100)
[2018.02.03-09.25.39:405][706]LogModuleManager: Shutting down and abandoning module SourceControl (99)
[2018.02.03-09.25.39:405][706]LogModuleManager: Shutting down and abandoning module GitSourceControl (98)
[2018.02.03-09.25.39:405][706]LogModuleManager: Shutting down and abandoning module LightPropagationVolumeEditor (97)
[2018.02.03-09.25.39:405][706]LogModuleManager: Shutting down and abandoning module PaperTiledImporter (96)
[2018.02.03-09.25.39:405][706]LogModuleManager: Shutting down and abandoning module PaperSpriteSheetImporter (95)
[2018.02.03-09.25.39:405][706]LogModuleManager: Shutting down and abandoning module MeshPaint (94)
[2018.02.03-09.25.39:405][706]LogModuleManager: Shutting down and abandoning module SlateReflector (93)
[2018.02.03-09.25.39:442][706]LogModuleManager: Shutting down and abandoning module HotReload (92)
[2018.02.03-09.25.39:443][706]LogModuleManager: Shutting down and abandoning module MainFrame (91)
[2018.02.03-09.25.39:443][706]LogModuleManager: Shutting down and abandoning module LevelEditor (90)
[2018.02.03-09.25.39:485][706]LogModuleManager: Shutting down and abandoning module DirectoryWatcher (89)
[2018.02.03-09.25.39:487][706]LogModuleManager: Shutting down and abandoning module AssetRegistry (88)
[2018.02.03-09.25.39:639][706]LogModuleManager: Shutting down and abandoning module ContentBrowser (87)
[2018.02.03-09.25.39:640][706]LogModuleManager: Shutting down and abandoning module Paper2DEditor (86)
[2018.02.03-09.25.39:670][706]LogModuleManager: Shutting down and abandoning module UdpMessaging (85)
[2018.02.03-09.25.39:770][706]LogModuleManager: Shutting down and abandoning module LightPropagationVolumeRuntime (84)
[2018.02.03-09.25.39:770][706]LogModuleManager: Shutting down and abandoning module Paper2D (83)
[2018.02.03-09.25.39:770][706]LogModuleManager: Shutting down and abandoning module WindowsMoviePlayer (82)
[2018.02.03-09.25.39:817][706]LogModuleManager: Shutting down and abandoning module Media (81)
[2018.02.03-09.25.39:817][706]LogModuleManager: Shutting down and abandoning module WmfMedia (80)
[2018.02.03-09.25.39:840][706]LogModuleManager: Shutting down and abandoning module OnlineBlueprintSupport (79)
[2018.02.03-09.25.39:840][706]LogModuleManager: Shutting down and abandoning module GameplayTasksEditor (78)
[2018.02.03-09.25.39:840][706]LogModuleManager: Shutting down and abandoning module PropertyEditor (77)
[2018.02.03-09.25.39:903][706]LogModuleManager: Shutting down and abandoning module BehaviorTreeEditor (76)
[2018.02.03-09.25.39:939][706]LogModuleManager: Shutting down and abandoning module FunctionalTesting (75)
[2018.02.03-09.25.39:939][706]LogModuleManager: Shutting down and abandoning module CollisionAnalyzer (74)
[2018.02.03-09.25.39:939][706]LogModuleManager: Shutting down and abandoning module WorkspaceMenuStructure (73)
[2018.02.03-09.25.39:939][706]LogModuleManager: Shutting down and abandoning module MessageLog (72)
[2018.02.03-09.25.39:939][706]LogModuleManager: Shutting down and abandoning module Sequencer (71)
[2018.02.03-09.25.40:017][706]LogModuleManager: Shutting down and abandoning module AssetTools (70)
[2018.02.03-09.25.40:239][706]LogModuleManager: Shutting down and abandoning module UMGEditor (69)
[2018.02.03-09.25.40:240][706]LogModuleManager: Shutting down and abandoning module UMG (68)
[2018.02.03-09.25.40:276][706]LogModuleManager: Shutting down and abandoning module Slate (67)
[2018.02.03-09.25.40:276][706]LogModuleManager: Shutting down and abandoning module EditorStyle (66)
[2018.02.03-09.25.40:278][706]LogModuleManager: Shutting down and abandoning module SessionServices (65)
[2018.02.03-09.25.40:278][706]LogModuleManager: Shutting down and abandoning module SourceCodeAccess (64)
[2018.02.03-09.25.40:278][706]LogModuleManager: Shutting down and abandoning module HeadMountedDisplay (63)
[2018.02.03-09.25.40:278][706]LogModuleManager: Shutting down and abandoning module XAudio2 (62)
[2018.02.03-09.25.40:278][706]LogModuleManager: Shutting down and abandoning module Networking (60)
[2018.02.03-09.25.40:278][706]LogModuleManager: Shutting down and abandoning module Core (59)
[2018.02.03-09.25.40:278][706]LogModuleManager: Shutting down and abandoning module KismetCompiler (58)
[2018.02.03-09.25.40:278][706]LogModuleManager: Shutting down and abandoning module PhysXFormats (57)
[2018.02.03-09.25.40:279][706]LogModuleManager: Shutting down and abandoning module MeshUtilities (56)
[2018.02.03-09.25.40:320][706]LogModuleManager: Shutting down and abandoning module CookingStats (55)
[2018.02.03-09.25.40:321][706]LogModuleManager: Shutting down and abandoning module DerivedDataCache (54)
[2018.02.03-09.25.40:351][706]LogDerivedDataCache: Shutdown
[2018.02.03-09.25.40:351][706]LogModuleManager: Shutting down and abandoning module ShaderFormatOpenGL (53)
[2018.02.03-09.25.40:387][706]LogModuleManager: Shutting down and abandoning module ShaderFormatD3D (52)
[2018.02.03-09.25.40:387][706]LogModuleManager: Shutting down and abandoning module MetalShaderFormat (51)
[2018.02.03-09.25.40:461][706]LogModuleManager: Shutting down and abandoning module TextureFormatUncompressed (50)
[2018.02.03-09.25.40:462][706]LogModuleManager: Shutting down and abandoning module TextureFormatPVR (49)
[2018.02.03-09.25.40:462][706]LogModuleManager: Shutting down and abandoning module TextureFormatIntelISPCTexComp (48)
[2018.02.03-09.25.40:462][706]LogModuleManager: Shutting down and abandoning module TextureFormatDXT (47)
[2018.02.03-09.25.40:462][706]LogModuleManager: Shutting down and abandoning module ImageWrapper (46)
[2018.02.03-09.25.40:462][706]LogModuleManager: Shutting down and abandoning module TextureFormatASTC (45)
[2018.02.03-09.25.40:462][706]LogModuleManager: Shutting down and abandoning module TextureFormatAndroid (44)
[2018.02.03-09.25.40:462][706]LogModuleManager: Shutting down and abandoning module AudioFormatOpus (43)
[2018.02.03-09.25.40:462][706]LogModuleManager: Shutting down and abandoning module AudioFormatOgg (42)
[2018.02.03-09.25.40:462][706]LogModuleManager: Shutting down and abandoning module AudioFormatADPCM (41)
[2018.02.03-09.25.40:462][706]LogModuleManager: Shutting down and abandoning module LinuxTargetPlatform (40)
[2018.02.03-09.25.40:462][706]LogModuleManager: Shutting down and abandoning module LinuxServerTargetPlatform (39)
[2018.02.03-09.25.40:462][706]LogModuleManager: Shutting down and abandoning module LinuxNoEditorTargetPlatform (38)
[2018.02.03-09.25.40:462][706]LogModuleManager: Shutting down and abandoning module Messaging (37)
[2018.02.03-09.25.40:462][706]LogModuleManager: Shutting down and abandoning module IOSTargetPlatform (36)
[2018.02.03-09.25.40:462][706]LogModuleManager: Shutting down and abandoning module HTML5TargetPlatform (35)
[2018.02.03-09.25.40:462][706]LogModuleManager: Shutting down and abandoning module Android_PVRTCTargetPlatform (34)
[2018.02.03-09.25.40:462][706]LogModuleManager: Shutting down and abandoning module Android_ETC2TargetPlatform (33)
[2018.02.03-09.25.40:462][706]LogModuleManager: Shutting down and abandoning module Android_ETC1TargetPlatform (32)
[2018.02.03-09.25.40:462][706]LogModuleManager: Shutting down and abandoning module Android_DXTTargetPlatform (31)
[2018.02.03-09.25.40:462][706]LogModuleManager: Shutting down and abandoning module Android_ATCTargetPlatform (30)
[2018.02.03-09.25.40:462][706]LogModuleManager: Shutting down and abandoning module Android_ASTCTargetPlatform (29)
[2018.02.03-09.25.40:462][706]LogModuleManager: Shutting down and abandoning module AndroidTargetPlatform (28)
[2018.02.03-09.25.40:462][706]LogModuleManager: Shutting down and abandoning module WindowsTargetPlatform (27)
[2018.02.03-09.25.40:462][706]LogModuleManager: Shutting down and abandoning module WindowsServerTargetPlatform (26)
[2018.02.03-09.25.40:462][706]LogModuleManager: Shutting down and abandoning module WindowsNoEditorTargetPlatform (25)
[2018.02.03-09.25.40:462][706]LogModuleManager: Shutting down and abandoning module WindowsClientTargetPlatform (24)
[2018.02.03-09.25.40:462][706]LogModuleManager: Shutting down and abandoning module AllDesktopTargetPlatform (23)
[2018.02.03-09.25.40:462][706]LogModuleManager: Shutting down and abandoning module TargetPlatform (22)
[2018.02.03-09.25.40:462][706]LogModuleManager: Shutting down and abandoning module InputCore (21)
[2018.02.03-09.25.40:462][706]LogModuleManager: Shutting down and abandoning module Settings (20)
[2018.02.03-09.25.40:462][706]LogModuleManager: Shutting down and abandoning module OnlineSubsystem (18)
[2018.02.03-09.25.40:462][706]LogModuleManager: Shutting down and abandoning module HTTP (17)
[2018.02.03-09.25.42:465][706]LogModuleManager: Shutting down and abandoning module XMPP (16)
[2018.02.03-09.25.42:493][706]LogModuleManager: Shutting down and abandoning module ExampleDeviceProfileSelector (15)
[2018.02.03-09.25.42:493][706]LogModuleManager: Shutting down and abandoning module TextureCompressor (14)
[2018.02.03-09.25.42:527][706]LogModuleManager: Shutting down and abandoning module ShaderCore (13)
[2018.02.03-09.25.42:527][706]LogModuleManager: Shutting down and abandoning module Landscape (12)
[2018.02.03-09.25.42:527][706]LogModuleManager: Shutting down and abandoning module SlateRHIRenderer (11)
[2018.02.03-09.25.42:529][706]LogModuleManager: Shutting down and abandoning module OpenGLDrv (10)
[2018.02.03-09.25.42:539][706]LogModuleManager: Shutting down and abandoning module D3D11RHI (9)
[2018.02.03-09.25.42:539][706]LogModuleManager: Shutting down and abandoning module AnimGraphRuntime (8)
[2018.02.03-09.25.42:539][706]LogModuleManager: Shutting down and abandoning module Renderer (7)
[2018.02.03-09.25.42:539][706]LogModuleManager: Shutting down and abandoning module Engine (6)
[2018.02.03-09.25.42:539][706]LogModuleManager: Shutting down and abandoning module CoreUObject (5)
[2018.02.03-09.25.42:539][706]LogModuleManager: Shutting down and abandoning module NetworkFile (4)
[2018.02.03-09.25.42:577][706]LogModuleManager: Shutting down and abandoning module StreamingFile (3)
[2018.02.03-09.25.42:588][706]LogModuleManager: Shutting down and abandoning module SandboxFile (2)
[2018.02.03-09.25.42:595][706]LogModuleManager: Shutting down and abandoning module PakFile (1)
[2018.02.03-09.25.42:610][706]LogExit: Exiting.
[2018.02.03-09.25.42:627][706]Log file closed, 02/03/18 17:25:42
