[2018.01.27-11.27.06:539][  0]Log file open, 01/27/18 19:27:06
[2018.01.27-11.27.06:539][  0]LogInit:Display: Running engine for game: TopDown
[2018.01.27-11.27.06:539][  0]LogInit:Display: RandInit(144077812) SRandInit(144077813).
[2018.01.27-11.27.06:539][  0]LogTaskGraph: Started task graph with 4 named threads and 5 total threads.
[2018.01.27-11.27.06:539][  0]LogStats: Stats thread started at 0.707594
[2018.01.27-11.27.06:539][  0]LogInit: Version: 4.9.2-2707645+++depot+UE4-Releases+4.9
[2018.01.27-11.27.06:539][  0]LogInit: API Version: 2672455
[2018.01.27-11.27.06:539][  0]LogInit: Compiled (64-bit): Sep 28 2015 10:25:44
[2018.01.27-11.27.06:539][  0]LogInit: Compiled with Visual C++: 18.00.21005.01
[2018.01.27-11.27.06:539][  0]LogInit: Build Configuration: Development
[2018.01.27-11.27.06:539][  0]LogInit: Branch Name: ++depot+UE4-Releases+4.9
[2018.01.27-11.27.06:539][  0]LogInit: Command line:  
[2018.01.27-11.27.06:539][  0]LogInit: Base directory: D:/UE_4.9/Engine/Binaries/Win64/
[2018.01.27-11.27.06:539][  0]LogInit: Rocket: 1
[2018.01.27-11.27.06:632][  0]LogInit: Using libcurl 7.41.0
[2018.01.27-11.27.06:632][  0]LogInit:  - built for x86_64-pc-win32
[2018.01.27-11.27.06:632][  0]LogInit:  - supports SSL with WinSSL
[2018.01.27-11.27.06:632][  0]LogInit:  - other features:
[2018.01.27-11.27.06:632][  0]LogInit:      CURL_VERSION_SSL
[2018.01.27-11.27.06:632][  0]LogInit:      CURL_VERSION_IPV6
[2018.01.27-11.27.06:632][  0]LogInit:      CURL_VERSION_ASYNCHDNS
[2018.01.27-11.27.06:632][  0]LogInit:      CURL_VERSION_LARGEFILE
[2018.01.27-11.27.06:632][  0]LogInit:      CURL_VERSION_IDN
[2018.01.27-11.27.06:632][  0]LogInit:  CurlRequestOptions (configurable via config and command line):
[2018.01.27-11.27.06:632][  0]LogInit:  - bVerifyPeer = true  - Libcurl will verify peer certificate
[2018.01.27-11.27.06:632][  0]LogInit:  - bUseHttpProxy = false  - Libcurl will NOT use HTTP proxy
[2018.01.27-11.27.06:632][  0]LogInit:  - bDontReuseConnections = false  - Libcurl will reuse connections
[2018.01.27-11.27.06:632][  0]LogInit:  - CertBundlePath = nullptr  - Libcurl will use whatever was configured at build time.
[2018.01.27-11.27.06:644][  0]LogInit: Presizing for 0 objects not considered by GC, pre-allocating 0 bytes.
[2018.01.27-11.27.06:655][  0]LogInit: Object subsystem initialized
[2018.01.27-11.27.06:659][  0]LogInit: Selected Device Profile: [Windows]
[2018.01.27-11.27.06:659][  0]LogInit: Applying CVar settings loaded from the selected device profile: [Windows]
[2018.01.27-11.27.06:674][  0]LogInit: Computer: 1-ПК
[2018.01.27-11.27.06:674][  0]LogInit: User: 1
[2018.01.27-11.27.06:674][  0]LogInit: CPU Page size=4096, Cores=2
[2018.01.27-11.27.06:674][  0]LogInit: High frequency timer resolution =2.338505 MHz
[2018.01.27-11.27.06:674][  0]LogMemory: Memory total: Physical=3.9GB (4GB approx)
[2018.01.27-11.27.06:674][  0]LogMemory: Platform Memory Stats for Windows
[2018.01.27-11.27.06:674][  0]LogMemory: Process Physical Memory: 59.85 MB used, 59.85 MB peak
[2018.01.27-11.27.06:674][  0]LogMemory: Process Virtual Memory: 63.76 MB used, 63.76 MB peak
[2018.01.27-11.27.06:674][  0]LogMemory: Physical Memory: 1870.13 MB used, 4010.14 MB total
[2018.01.27-11.27.06:674][  0]LogMemory: Virtual Memory: 350.29 MB used, 8388608.00 MB total
[2018.01.27-11.27.06:914][  0]LogTextLocalizationManager: No translations for ('ru-RU') exist, falling back to 'en' for localization and internationalization data.
[2018.01.27-11.27.11:424][  0]LogD3D11RHI: Found D3D11 adapter 0: NVIDIA GeForce 410M (Feature Level 11_0)
[2018.01.27-11.27.11:424][  0]LogD3D11RHI: Adapter has 979MB of dedicated video memory, 0MB of dedicated system memory, and 1749MB of shared system memory, 1 output[s]
[2018.01.27-11.27.11:473][  0]LogD3D11RHI: Found D3D11 adapter 1: NVIDIA GeForce 410M (Feature Level 11_0)
[2018.01.27-11.27.11:473][  0]LogD3D11RHI: Adapter has 979MB of dedicated video memory, 0MB of dedicated system memory, and 1749MB of shared system memory, 0 output[s]
[2018.01.27-11.27.11:473][  0]LogD3D11RHI: Chosen D3D11 Adapter Id = 0
[2018.01.27-11.27.11:524][  0]LogD3D11RHI: !Direct3DDevice
[2018.01.27-11.27.11:526][  0]LogRHI: Texture pool is 1297 MB (70% of 1854 MB)
[2018.01.27-11.27.11:575][  0]LogD3D11RHI: Async texture creation enabled
[2018.01.27-11.27.12:752][  0]LogShaderCompilers: Guid format shader working directory is 15 characters bigger than the processId version (../../../../sergey/UnrealProjects/Game_1337/TopDown/Intermediate/Shaders/WorkingDirectory/6016/).
[2018.01.27-11.27.12:753][  0]LogShaderCompilers: Cleaned the shader compiler working directory '../../../../sergey/UnrealProjects/Game_1337/TopDown/Intermediate/Shaders/tmp/7D38751B4B4CBBABB09ECCA1E6806D84/'.
[2018.01.27-11.27.12:780][  0]LogShaderCompilers:Display: Using Local Shader Compiler.
[2018.01.27-11.27.20:614][  0]LogTemp:Display: Loaded TP AllDesktopTargetPlatform
[2018.01.27-11.27.20:713][  0]LogTemp:Display: Loaded TP WindowsClientTargetPlatform
[2018.01.27-11.27.20:988][  0]LogTemp:Display: Loaded TP WindowsNoEditorTargetPlatform
[2018.01.27-11.27.21:052][  0]LogTemp:Display: Loaded TP WindowsServerTargetPlatform
[2018.01.27-11.27.21:089][  0]LogTemp:Display: Loaded TP WindowsTargetPlatform
[2018.01.27-11.27.21:140][  0]LogTemp:Display: Loaded TP AndroidTargetPlatform
[2018.01.27-11.27.21:175][  0]LogTemp:Display: Loaded TP Android_ASTCTargetPlatform
[2018.01.27-11.27.21:194][  0]LogTemp:Display: Loaded TP Android_ATCTargetPlatform
[2018.01.27-11.27.21:240][  0]LogTemp:Display: Loaded TP Android_DXTTargetPlatform
[2018.01.27-11.27.21:257][  0]LogTemp:Display: Loaded TP Android_ETC1TargetPlatform
[2018.01.27-11.27.21:273][  0]LogTemp:Display: Loaded TP Android_ETC2TargetPlatform
[2018.01.27-11.27.21:304][  0]LogTemp:Display: Loaded TP Android_PVRTCTargetPlatform
[2018.01.27-11.27.21:320][  0]LogTemp:Display: Loaded TP HTML5TargetPlatform
[2018.01.27-11.27.21:508][  0]LogTemp:Display: Loaded TP IOSTargetPlatform
[2018.01.27-11.27.21:539][  0]LogTemp:Display: Loaded TP LinuxNoEditorTargetPlatform
[2018.01.27-11.27.21:578][  0]LogTemp:Display: Loaded TP LinuxServerTargetPlatform
[2018.01.27-11.27.21:599][  0]LogTemp:Display: Loaded TP LinuxTargetPlatform
[2018.01.27-11.27.21:599][  0]LogTargetPlatformManager:Display: Building Assets For Windows
[2018.01.27-11.27.22:774][  0]LogDerivedDataCache:Display: Max Cache Size: 512 MB
[2018.01.27-11.27.23:608][  0]LogDerivedDataCache: Loaded boot cache 0.81s 41MB C:/Users/1/AppData/Local/UnrealEngine/4.9/DerivedDataCache/Boot.ddc.
[2018.01.27-11.27.23:608][  0]LogDerivedDataCache:Display: Loaded Boot cache: C:/Users/1/AppData/Local/UnrealEngine/4.9/DerivedDataCache/Boot.ddc
[2018.01.27-11.27.23:608][  0]LogDerivedDataCache: FDerivedDataBackendGraph:  Pak pak cache file ../../../../sergey/UnrealProjects/Game_1337/TopDown/DerivedDataCache/DDC.ddp not found, will not use a pak cache.
[2018.01.27-11.27.23:608][  0]LogDerivedDataCache: Unable to find inner node Pak for hierarchical cache Hierarchy.
[2018.01.27-11.27.23:608][  0]LogDerivedDataCache: FDerivedDataBackendGraph:  CompressedPak pak cache file ../../../../sergey/UnrealProjects/Game_1337/TopDown/DerivedDataCache/Compressed.ddp not found, will not use a pak cache.
[2018.01.27-11.27.23:608][  0]LogDerivedDataCache: Unable to find inner node CompressedPak for hierarchical cache Hierarchy.
[2018.01.27-11.27.23:934][  0]LogDerivedDataCache:Display: Pak cache opened for reading ../../../Engine/DerivedDataCache/Compressed.ddp.
[2018.01.27-11.27.24:099][  0]LogDerivedDataCache: Using Local data cache path C:/Users/1/AppData/Local/UnrealEngine/Common/DerivedDataCache: Writable
[2018.01.27-11.27.39:194][  0]LogInit: Selected Device Profile: [Windows]
[2018.01.27-11.27.39:409][  0]LogContentStreaming: Texture pool size is 0.000000MB
[2018.01.27-11.27.40:423][  0]LogMeshUtilities: No automatic mesh reduction module available
[2018.01.27-11.27.40:423][  0]LogMeshUtilities: No automatic mesh merging module available
[2018.01.27-11.27.48:649][  0]LogInit: WinSock: version 1.1 (2.2), MaxSocks=32767, MaxUdp=65467
[2018.01.27-11.28.23:495][  0]UdpMessaging: Initializing bridge on interface 0.0.0.0:0 to multicast group 230.0.0.1:6666.
[2018.01.27-11.28.34:115][  0]LogAssetRegistry: FAssetRegistry took 0.1699 seconds to start up
[2018.01.27-11.29.13:904][  0]SourceControl: Info Source control is disabled
[2018.01.27-11.29.14:458][  0]SourceControl: Info Source control is disabled
[2018.01.27-11.29.18:565][  0]SourceControl: Info Source control is disabled
[2018.01.27-11.29.19:961][  0]SourceControl: Info Source control is disabled
[2018.01.27-11.29.27:980][  0]LogLinker:Warning: Asset '../../../Engine/Plugins/Runtime/LeapMotionController/Content/LM_PassthroughMaterial.uasset' has been saved with empty engine version. The asset will be loaded but may be incompatible.
[2018.01.27-11.29.28:910][  0]LogObj: 28361 objects as part of root set at end of initial load.
[2018.01.27-11.29.28:910][  0]LogUObjectAllocator: 6038864 out of 0 bytes used by permanent object pool.
[2018.01.27-11.29.31:768][  0]LogAutomationTest:Warning: Smoke tests took > 1s to run: 1.71s
[2018.01.27-11.29.31:816][  0]LogEngine: Initializing Engine...
[2018.01.27-11.29.31:853][  0]LogHMD: Can't find Oculus library dev build: is proper Runtime installed? Version: 0.7.0.0
[2018.01.27-11.29.32:022][  0]LogHMD: SteamVR failed to initialize.  Err: 110
[2018.01.27-11.29.33:924][  0]LogAIModule: Creating AISystem for world NewWorld
[2018.01.27-11.29.34:887][  0]LogInit: XAudio2 using 'Динамики (Realtek High Definition Audio)' : 2 channels at 44.1 kHz using 16 bits per sample (channel mask 0x3)
[2018.01.27-11.29.35:080][  0]LogInit: FAudioDevice initialized.
[2018.01.27-11.29.35:123][  0]LogDerivedDataCache: Saved boot cache 0.04s 41MB C:/Users/1/AppData/Local/UnrealEngine/4.9/DerivedDataCache/Boot.ddc.
[2018.01.27-11.29.35:131][  0]LogInit: Texture streaming: Enabled
[2018.01.27-11.29.35:211][  0]LogAnalytics: Creating configured Analytics provider AnalyticsET
[2018.01.27-11.29.35:216][  0]LogAnalytics: [UEEditor.Rocket.Release] APIServer = http://et2.epicgames.com/ET2/. AppVersion = 4.9.2-2707645+++depot+UE4-Releases+4.9
[2018.01.27-11.29.35:217][  0]LogAnalytics: [UEEditor.Rocket.Release] SetUserId fdb2de1848db1fa47a6f94acde81dca0|be1dc849c34248278283a980c6ca8968|82021297-a794-427f-b0e0-602fe21b1b06
[2018.01.27-11.29.35:217][  0]LogAnalytics: [UEEditor.Rocket.Release] AnalyticsET::StartSession
[2018.01.27-11.29.38:230][  0]LogInit: Transaction tracking system initialized
[2018.01.27-11.29.44:163][  0]BlueprintLog: New page: Editor Load
[2018.01.27-11.30.19:974][  0]LocalizationService: Info Localization service is disabled
[2018.01.27-11.30.27:364][  0]LogLinker:Warning: Can't find file '/Game/FirstPersonBP/FirstPersonOverview'
[2018.01.27-11.30.27:365][  0]LogLinker:Warning: Can't find file '/Game/FirstPersonBP/FirstPersonOverview'
[2018.01.27-11.30.27:400][  0]LogUObjectGlobals:Warning: Failed to find object 'Class /Game/FirstPersonBP/FirstPersonOverview.FirstPersonOverview_C'
[2018.01.27-11.30.30:975][  0]LogConsoleResponse:Display: 
[2018.01.27-11.30.44:234][  0]LogFileCache: Scanning file cache for directory 'D:/sergey/UnrealProjects/Game_1337/TopDown/Content/' took 0.13s
[2018.01.27-11.30.44:234][  0]LogCook:Display: Done creating registry. It took  0.00s.
[2018.01.27-11.30.54:152][  0]SourceControl: Info Source control is disabled
[2018.01.27-11.30.54:497][  0]Cmd: MAP LOAD FILE="../../../../sergey/UnrealProjects/Game_1337/TopDown/Content/TopDownBP/Maps/TopDownExampleMap.umap" TEMPLATE=0 SHOWPROGRESS=1 FEATURELEVEL=3
[2018.01.27-11.30.54:836][  0]LightingResults: New page: Lighting Build
[2018.01.27-11.30.55:690][  0]MapCheck: New page: Map Check
[2018.01.27-11.30.55:690][  0]LightingResults: New page: Lighting Build
[2018.01.27-11.30.58:154][  0]LogParticles: Destroying 0 GPU particle simulations for FXSystem 0x00000000243C2160
[2018.01.27-11.30.58:623][  0]LogLinker:Warning: Asset '../../../../sergey/UnrealProjects/Game_1337/TopDown/Content/Mannequin/Animations/ThirdPerson_AnimBP.uasset' has been saved with empty engine version. The asset will be loaded but may be incompatible.
[2018.01.27-11.30.58:645][  0]LogLinker:Warning: Asset '../../../../sergey/UnrealProjects/Game_1337/TopDown/Content/Mannequin/Animations/ThirdPerson_Jump.uasset' has been saved with empty engine version. The asset will be loaded but may be incompatible.
[2018.01.27-11.30.58:727][  0]LogLinker:Warning: Asset '../../../../sergey/UnrealProjects/Game_1337/TopDown/Content/Mannequin/Animations/ThirdPersonJump_Loop.uasset' has been saved with empty engine version. The asset will be loaded but may be incompatible.
[2018.01.27-11.30.58:739][  0]LogLinker:Warning: Asset '../../../../sergey/UnrealProjects/Game_1337/TopDown/Content/Mannequin/Animations/ThirdPersonJump_Start.uasset' has been saved with empty engine version. The asset will be loaded but may be incompatible.
[2018.01.27-11.30.58:756][  0]LogLinker:Warning: Asset '../../../../sergey/UnrealProjects/Game_1337/TopDown/Content/Mannequin/Animations/ThirdPerson_IdleRun_2D.uasset' has been saved with empty engine version. The asset will be loaded but may be incompatible.
[2018.01.27-11.30.58:785][  0]LogLinker:Warning: Asset '../../../../sergey/UnrealProjects/Game_1337/TopDown/Content/Mannequin/Animations/ThirdPersonIdle.uasset' has been saved with empty engine version. The asset will be loaded but may be incompatible.
[2018.01.27-11.30.58:799][  0]LogLinker:Warning: Asset '../../../../sergey/UnrealProjects/Game_1337/TopDown/Content/Mannequin/Animations/ThirdPersonRun.uasset' has been saved with empty engine version. The asset will be loaded but may be incompatible.
[2018.01.27-11.30.58:810][  0]LogLinker:Warning: Asset '../../../../sergey/UnrealProjects/Game_1337/TopDown/Content/Mannequin/Animations/ThirdPersonWalk.uasset' has been saved with empty engine version. The asset will be loaded but may be incompatible.
[2018.01.27-11.31.04:939][  0]LogLinker:Warning: CreateExport: Failed to load Parent for Function /Game/TopDownBP/Blueprints/Inventory/Item/Items/Base_Items/Item_aid_base.Item_aid_base_C:UserConstructionScript; removing parent information, but keeping function
[2018.01.27-11.31.05:334][  0]LogLinker:Warning: CreateExport: Failed to load Parent for Function /Game/TopDownBP/Blueprints/Inventory/Item/Items/Base_Items/Item_Statue.Item_Statue_C:UserConstructionScript; removing parent information, but keeping function
[2018.01.27-11.31.19:640][  0]LogAIModule: Creating AISystem for world TopDownExampleMap
[2018.01.27-11.31.20:916][  0]LogEditorServer: Finished looking for orphan Actors (0.000 secs)
[2018.01.27-11.31.20:983][  0]Cmd: MAP CHECKDEP NOCLEARLOG
[2018.01.27-11.31.21:137][  0]MapCheck: Info Map check complete: 0 Error(s), 0 Warning(s), took 153.648ms to complete.
[2018.01.27-11.31.21:137][  0]LogFileHelpers: Loading map 'TopDownExampleMap' took 26.849
[2018.01.27-11.31.24:097][  0]LogCollectionManager: Loaded 0 collections in 0.014363 seconds
[2018.01.27-11.31.24:212][  0]LogFileCache: Scanning file cache for directory 'D:/sergey/UnrealProjects/Game_1337/TopDown/Saved/Collections/' took 0.01s
[2018.01.27-11.31.24:212][  0]LogFileCache: Scanning file cache for directory 'D:/sergey/UnrealProjects/Game_1337/TopDown/Content/Developers/1/Collections/' took 0.00s
[2018.01.27-11.31.24:212][  0]LogFileCache: Scanning file cache for directory 'D:/sergey/UnrealProjects/Game_1337/TopDown/Content/Collections/' took 0.01s
[2018.01.27-11.31.24:212][  0]LogContentBrowser: Native class hierarchy populated in 0.0484 seconds. Added 1868 classes and 335 folders.
[2018.01.27-11.31.24:696][  0]LogCollectionManager: Rebuilt the GUID cache for 0 collections in 0.000003 seconds
[2018.01.27-11.31.24:915][  0]LogContentBrowser: Native class hierarchy updated for 'WidgetCarousel' in 0.0005 seconds. Added 0 classes and 0 folders.
[2018.01.27-11.31.27:204][  0]LogContentBrowser: Native class hierarchy updated for 'AddContentDialog' in 0.0005 seconds. Added 0 classes and 0 folders.
[2018.01.27-11.31.28:365][  0]LogCrashTracker: Crashtracker disabled due to settings.
[2018.01.27-11.31.29:110][  0]LogUObjectGlobals:Warning: Failed to find object 'Class None.'
[2018.01.27-11.31.29:280][  0]LogLoad: Full Startup: 265.30 seconds (BP compile: 2.93 seconds)
[2018.01.27-11.31.31:153][  0]LogContentStreaming: Texture pool size now 200 MB
[2018.01.27-11.31.34:227][  0]LogRenderer: Reallocating scene render targets to support 532x340 (Frame:2).
[2018.01.27-11.31.36:759][  2]Cmd: QUIT_EDITOR
[2018.01.27-11.31.37:307][  2]LogExit: Preparing to exit.
[2018.01.27-11.31.37:971][  2]LogExit: Editor shut down
[2018.01.27-11.31.37:971][  2]LogExit: Transaction tracking system shut down
[2018.01.27-11.31.38:052][  2]LogParticles: Destroying 0 GPU particle simulations for FXSystem 0x000000002C687420
[2018.01.27-11.31.38:738][  2]LogParticles: Destroying 0 GPU particle simulations for FXSystem 0x0000000033E66520
[2018.01.27-11.31.38:738][  2]LogParticles: Destroying 0 GPU particle simulations for FXSystem 0x0000000033CF31A0
[2018.01.27-11.31.38:738][  2]LogExit: Object subsystem successfully closed.
[2018.01.27-11.31.39:089][  2]LogD3D11RHI: Shutdown
[2018.01.27-11.31.39:089][  2]LogD3D11RHI: CleanupD3DDevice
[2018.01.27-11.31.39:115][  2]LogD3D11RHI: ~FD3D11DynamicRHI
[2018.01.27-11.31.39:769][  2]LogModuleManager: Shutting down and abandoning module CrashTracker (197)
[2018.01.27-11.31.39:769][  2]LogModuleManager: Shutting down and abandoning module SuperSearch (196)
[2018.01.27-11.31.39:769][  2]LogModuleManager: Shutting down and abandoning module WidgetCarousel (195)
[2018.01.27-11.31.39:769][  2]LogModuleManager: Shutting down and abandoning module AddContentDialog (194)
[2018.01.27-11.31.39:817][  2]LogModuleManager: Shutting down and abandoning module EditorWidgets (193)
[2018.01.27-11.31.39:817][  2]LogModuleManager: Shutting down and abandoning module CollectionManager (192)
[2018.01.27-11.31.39:817][  2]LogModuleManager: Shutting down and abandoning module SceneOutliner (191)
[2018.01.27-11.31.39:831][  2]LogModuleManager: Shutting down and abandoning module StatsViewer (190)
[2018.01.27-11.31.39:831][  2]LogModuleManager: Shutting down and abandoning module FoliageEdit (189)
[2018.01.27-11.31.39:831][  2]LogModuleManager: Shutting down and abandoning module LandscapeEditor (188)
[2018.01.27-11.31.39:874][  2]LogModuleManager: Shutting down and abandoning module ActorPickerMode (187)
[2018.01.27-11.31.39:874][  2]LogModuleManager: Shutting down and abandoning module GeometryMode (186)
[2018.01.27-11.31.39:874][  2]LogModuleManager: Shutting down and abandoning module TextureAlignMode (185)
[2018.01.27-11.31.39:874][  2]LogModuleManager: Shutting down and abandoning module BspMode (184)
[2018.01.27-11.31.39:874][  2]LogModuleManager: Shutting down and abandoning module PlacementMode (183)
[2018.01.27-11.31.39:874][  2]LogModuleManager: Shutting down and abandoning module AutomationWorker (182)
[2018.01.27-11.31.39:874][  2]LogModuleManager: Shutting down and abandoning module CharacterAI (181)
[2018.01.27-11.31.39:874][  2]LogModuleManager: Shutting down and abandoning module SmartSnapping (180)
[2018.01.27-11.31.39:874][  2]LogModuleManager: Shutting down and abandoning module ViewportSnapping (179)
[2018.01.27-11.31.39:874][  2]LogModuleManager: Shutting down and abandoning module LogVisualizer (178)
[2018.01.27-11.31.39:874][  2]LogModuleManager: Shutting down and abandoning module GameProjectGeneration (177)
[2018.01.27-11.31.39:888][  2]LogModuleManager: Shutting down and abandoning module IntroTutorials (176)
[2018.01.27-11.31.39:899][  2]LogModuleManager: Shutting down and abandoning module EditorLiveStreaming (175)
[2018.01.27-11.31.39:899][  2]LogModuleManager: Shutting down and abandoning module IOSPlatformEditor (174)
[2018.01.27-11.31.39:899][  2]LogModuleManager: Shutting down and abandoning module HTML5PlatformEditor (173)
[2018.01.27-11.31.39:899][  2]LogModuleManager: Shutting down and abandoning module AndroidDeviceDetection (172)
[2018.01.27-11.31.40:478][  2]LogModuleManager: Shutting down and abandoning module AndroidPlatformEditor (171)
[2018.01.27-11.31.40:478][  2]LogModuleManager: Shutting down and abandoning module IOSRuntimeSettings (170)
[2018.01.27-11.31.40:478][  2]LogModuleManager: Shutting down and abandoning module AndroidRuntimeSettings (169)
[2018.01.27-11.31.40:478][  2]LogModuleManager: Shutting down and abandoning module MergeActors (168)
[2018.01.27-11.31.40:572][  2]LogModuleManager: Shutting down and abandoning module SizeMap (167)
[2018.01.27-11.31.40:572][  2]LogModuleManager: Shutting down and abandoning module TreeMap (166)
[2018.01.27-11.31.40:572][  2]LogModuleManager: Shutting down and abandoning module ReferenceViewer (165)
[2018.01.27-11.31.40:572][  2]LogModuleManager: Shutting down and abandoning module LocalizationService (164)
[2018.01.27-11.31.40:572][  2]LogModuleManager: Shutting down and abandoning module LocalizationDashboard (163)
[2018.01.27-11.31.40:605][  2]LogModuleManager: Shutting down and abandoning module HardwareTargeting (162)
[2018.01.27-11.31.40:605][  2]LogModuleManager: Shutting down and abandoning module DeviceProfileEditor (161)
[2018.01.27-11.31.40:605][  2]LogModuleManager: Shutting down and abandoning module UndoHistory (160)
[2018.01.27-11.31.40:605][  2]LogModuleManager: Shutting down and abandoning module GameplayTagsEditor (159)
[2018.01.27-11.31.40:605][  2]LogModuleManager: Shutting down and abandoning module UserFeedback (158)
[2018.01.27-11.31.40:605][  2]LogModuleManager: Shutting down and abandoning module XmlParser (157)
[2018.01.27-11.31.40:605][  2]LogModuleManager: Shutting down and abandoning module Blutility (156)
[2018.01.27-11.31.40:605][  2]LogModuleManager: Shutting down and abandoning module ProjectTargetPlatformEditor (155)
[2018.01.27-11.31.40:605][  2]LogModuleManager: Shutting down and abandoning module ProjectSettingsViewer (154)
[2018.01.27-11.31.40:605][  2]LogModuleManager: Shutting down and abandoning module InputBindingEditor (153)
[2018.01.27-11.31.40:646][  2]LogModuleManager: Shutting down and abandoning module EditorSettingsViewer (152)
[2018.01.27-11.31.40:646][  2]LogModuleManager: Shutting down and abandoning module SettingsEditor (151)
[2018.01.27-11.31.40:646][  2]LogModuleManager: Shutting down and abandoning module ProjectLauncher (150)
[2018.01.27-11.31.40:646][  2]LogModuleManager: Shutting down and abandoning module SessionFrontend (149)
[2018.01.27-11.31.40:646][  2]LogModuleManager: Shutting down and abandoning module ProfilerClient (148)
[2018.01.27-11.31.40:681][  2]LogModuleManager: Shutting down and abandoning module TargetDeviceServices (147)
[2018.01.27-11.31.40:681][  2]LogModuleManager: Shutting down and abandoning module DeviceManager (146)
[2018.01.27-11.31.40:681][  2]LogModuleManager: Shutting down and abandoning module AutomationController (145)
[2018.01.27-11.31.40:681][  2]LogModuleManager: Shutting down and abandoning module AutomationWindow (144)
[2018.01.27-11.31.40:716][  2]LogModuleManager: Shutting down and abandoning module Layers (143)
[2018.01.27-11.31.40:752][  2]LogModuleManager: Shutting down and abandoning module ComponentVisualizers (142)
[2018.01.27-11.31.40:752][  2]LogModuleManager: Shutting down and abandoning module DetailCustomizations (141)
[2018.01.27-11.31.40:834][  2]LogModuleManager: Shutting down and abandoning module PackagesDialog (140)
[2018.01.27-11.31.40:834][  2]LogModuleManager: Shutting down and abandoning module Persona (139)
[2018.01.27-11.31.40:844][  2]LogModuleManager: Shutting down and abandoning module Kismet (138)
[2018.01.27-11.31.40:890][  2]LogModuleManager: Shutting down and abandoning module GraphEditor (137)
[2018.01.27-11.31.41:262][  2]LogModuleManager: Shutting down and abandoning module ClassViewer (136)
[2018.01.27-11.31.41:262][  2]LogModuleManager: Shutting down and abandoning module Toolbox (135)
[2018.01.27-11.31.41:262][  2]LogModuleManager: Shutting down and abandoning module ModuleUI (134)
[2018.01.27-11.31.41:302][  2]LogModuleManager: Shutting down and abandoning module MovieSceneTools (133)
[2018.01.27-11.31.41:302][  2]LogModuleManager: Shutting down and abandoning module OutputLog (132)
[2018.01.27-11.31.41:302][  2]LogModuleManager: Shutting down and abandoning module GammaUI (131)
[2018.01.27-11.31.41:347][  2]LogModuleManager: Shutting down and abandoning module Documentation (130)
[2018.01.27-11.31.41:347][  2]LogModuleManager: Shutting down and abandoning module GameLiveStreaming (129)
[2018.01.27-11.31.41:347][  2]LogModuleManager: Shutting down and abandoning module StreamingPauseRendering (128)
[2018.01.27-11.31.41:347][  2]LogModuleManager: Shutting down and abandoning module AnalyticsET (127)
[2018.01.27-11.31.41:347][  2]LogModuleManager: Shutting down and abandoning module Analytics (126)
[2018.01.27-11.31.41:347][  2]LogModuleManager: Shutting down and abandoning module AITestSuite (125)
[2018.01.27-11.31.41:347][  2]LogModuleManager: Shutting down and abandoning module GameplayDebugger (124)
[2018.01.27-11.31.41:347][  2]LogModuleManager: Shutting down and abandoning module AIModule (123)
[2018.01.27-11.31.41:347][  2]LogModuleManager: Shutting down and abandoning module ProfilerService (122)
[2018.01.27-11.31.41:423][  2]LogModuleManager: Shutting down and abandoning module TaskGraph (121)
[2018.01.27-11.31.41:423][  2]LogModuleManager: Shutting down and abandoning module SlateRemote (120)
[2018.01.27-11.31.41:444][  2]LogModuleManager: Shutting down and abandoning module SteamVRController (119)
[2018.01.27-11.31.41:444][  2]LogModuleManager: Shutting down and abandoning module SteamVR (118)
[2018.01.27-11.31.41:444][  2]LogModuleManager: Shutting down and abandoning module ProceduralMeshComponent (117)
[2018.01.27-11.31.41:444][  2]LogModuleManager: Shutting down and abandoning module OculusRift (116)
[2018.01.27-11.31.41:444][  2]LogModuleManager: Shutting down and abandoning module OculusLibrary (115)
[2018.01.27-11.31.41:444][  2]LogModuleManager: Shutting down and abandoning module LeapMotionController (114)
[2018.01.27-11.31.41:454][  2]LogModuleManager: Shutting down and abandoning module CustomMeshComponent (113)
[2018.01.27-11.31.41:481][  2]LogModuleManager: Shutting down and abandoning module CableComponent (112)
[2018.01.27-11.31.41:481][  2]LogModuleManager: Shutting down and abandoning module ArchVisCharacter (111)
[2018.01.27-11.31.41:482][  2]LogModuleManager: Shutting down and abandoning module MessagingDebugger (110)
[2018.01.27-11.31.41:523][  2]LogModuleManager: Shutting down and abandoning module MediaPlayerEditor (109)
[2018.01.27-11.31.41:558][  2]LogModuleManager: Shutting down and abandoning module HTML5Networking (108)
[2018.01.27-11.31.41:558][  2]LogModuleManager: Shutting down and abandoning module SpeedTreeImporter (107)
[2018.01.27-11.31.41:558][  2]LogModuleManager: Shutting down and abandoning module PluginBrowser (106)
[2018.01.27-11.31.41:558][  2]LogModuleManager: Shutting down and abandoning module EpicSurvey (105)
[2018.01.27-11.31.41:558][  2]LogModuleManager: Shutting down and abandoning module DesktopPlatform (104)
[2018.01.27-11.31.41:593][  2]LogModuleManager: Shutting down and abandoning module VisualStudioSourceCodeAccess (103)
[2018.01.27-11.31.41:593][  2]LogModuleManager: Shutting down and abandoning module UObjectPlugin (102)
[2018.01.27-11.31.41:593][  2]LogModuleManager: Shutting down and abandoning module SubversionSourceControl (101)
[2018.01.27-11.31.41:593][  2]LogModuleManager: Shutting down and abandoning module PerforceSourceControl (100)
[2018.01.27-11.31.41:593][  2]LogModuleManager: Shutting down and abandoning module SourceControl (99)
[2018.01.27-11.31.41:593][  2]LogModuleManager: Shutting down and abandoning module GitSourceControl (98)
[2018.01.27-11.31.41:593][  2]LogModuleManager: Shutting down and abandoning module LightPropagationVolumeEditor (97)
[2018.01.27-11.31.41:593][  2]LogModuleManager: Shutting down and abandoning module PaperTiledImporter (96)
[2018.01.27-11.31.41:593][  2]LogModuleManager: Shutting down and abandoning module PaperSpriteSheetImporter (95)
[2018.01.27-11.31.41:593][  2]LogModuleManager: Shutting down and abandoning module MeshPaint (94)
[2018.01.27-11.31.41:593][  2]LogModuleManager: Shutting down and abandoning module SlateReflector (93)
[2018.01.27-11.31.41:662][  2]LogModuleManager: Shutting down and abandoning module HotReload (92)
[2018.01.27-11.31.41:662][  2]LogModuleManager: Shutting down and abandoning module MainFrame (91)
[2018.01.27-11.31.41:662][  2]LogModuleManager: Shutting down and abandoning module LevelEditor (90)
[2018.01.27-11.31.41:705][  2]LogModuleManager: Shutting down and abandoning module DirectoryWatcher (89)
[2018.01.27-11.31.41:706][  2]LogModuleManager: Shutting down and abandoning module AssetRegistry (88)
[2018.01.27-11.31.41:851][  2]LogModuleManager: Shutting down and abandoning module ContentBrowser (87)
[2018.01.27-11.31.41:851][  2]LogModuleManager: Shutting down and abandoning module Paper2DEditor (86)
[2018.01.27-11.31.41:878][  2]LogModuleManager: Shutting down and abandoning module UdpMessaging (85)
[2018.01.27-11.31.41:979][  2]LogModuleManager: Shutting down and abandoning module LightPropagationVolumeRuntime (84)
[2018.01.27-11.31.41:979][  2]LogModuleManager: Shutting down and abandoning module Paper2D (83)
[2018.01.27-11.31.41:979][  2]LogModuleManager: Shutting down and abandoning module WindowsMoviePlayer (82)
[2018.01.27-11.31.42:000][  2]LogModuleManager: Shutting down and abandoning module Media (81)
[2018.01.27-11.31.42:000][  2]LogModuleManager: Shutting down and abandoning module WmfMedia (80)
[2018.01.27-11.31.42:023][  2]LogModuleManager: Shutting down and abandoning module OnlineBlueprintSupport (79)
[2018.01.27-11.31.42:023][  2]LogModuleManager: Shutting down and abandoning module GameplayTasksEditor (78)
[2018.01.27-11.31.42:023][  2]LogModuleManager: Shutting down and abandoning module PropertyEditor (77)
[2018.01.27-11.31.42:133][  2]LogModuleManager: Shutting down and abandoning module BehaviorTreeEditor (76)
[2018.01.27-11.31.42:202][  2]LogModuleManager: Shutting down and abandoning module FunctionalTesting (75)
[2018.01.27-11.31.42:202][  2]LogModuleManager: Shutting down and abandoning module CollisionAnalyzer (74)
[2018.01.27-11.31.42:202][  2]LogModuleManager: Shutting down and abandoning module WorkspaceMenuStructure (73)
[2018.01.27-11.31.42:203][  2]LogModuleManager: Shutting down and abandoning module MessageLog (72)
[2018.01.27-11.31.42:203][  2]LogModuleManager: Shutting down and abandoning module Sequencer (71)
[2018.01.27-11.31.42:203][  2]LogModuleManager: Shutting down and abandoning module AssetTools (70)
[2018.01.27-11.31.42:439][  2]LogModuleManager: Shutting down and abandoning module UMGEditor (69)
[2018.01.27-11.31.42:481][  2]LogModuleManager: Shutting down and abandoning module UMG (68)
[2018.01.27-11.31.42:481][  2]LogModuleManager: Shutting down and abandoning module Slate (67)
[2018.01.27-11.31.42:481][  2]LogModuleManager: Shutting down and abandoning module EditorStyle (66)
[2018.01.27-11.31.42:483][  2]LogModuleManager: Shutting down and abandoning module SessionServices (65)
[2018.01.27-11.31.42:483][  2]LogModuleManager: Shutting down and abandoning module SourceCodeAccess (64)
[2018.01.27-11.31.42:483][  2]LogModuleManager: Shutting down and abandoning module HeadMountedDisplay (63)
[2018.01.27-11.31.42:483][  2]LogModuleManager: Shutting down and abandoning module XAudio2 (62)
[2018.01.27-11.31.42:483][  2]LogModuleManager: Shutting down and abandoning module Networking (60)
[2018.01.27-11.31.42:483][  2]LogModuleManager: Shutting down and abandoning module Core (59)
[2018.01.27-11.31.42:483][  2]LogModuleManager: Shutting down and abandoning module KismetCompiler (58)
[2018.01.27-11.31.42:483][  2]LogModuleManager: Shutting down and abandoning module PhysXFormats (57)
[2018.01.27-11.31.42:483][  2]LogModuleManager: Shutting down and abandoning module MeshUtilities (56)
[2018.01.27-11.31.42:550][  2]LogModuleManager: Shutting down and abandoning module CookingStats (55)
[2018.01.27-11.31.42:551][  2]LogModuleManager: Shutting down and abandoning module DerivedDataCache (54)
[2018.01.27-11.31.42:594][  2]LogDerivedDataCache: Shutdown
[2018.01.27-11.31.42:594][  2]LogModuleManager: Shutting down and abandoning module ShaderFormatOpenGL (53)
[2018.01.27-11.31.42:617][  2]LogModuleManager: Shutting down and abandoning module ShaderFormatD3D (52)
[2018.01.27-11.31.42:617][  2]LogModuleManager: Shutting down and abandoning module MetalShaderFormat (51)
[2018.01.27-11.31.42:703][  2]LogModuleManager: Shutting down and abandoning module TextureFormatUncompressed (50)
[2018.01.27-11.31.42:703][  2]LogModuleManager: Shutting down and abandoning module TextureFormatPVR (49)
[2018.01.27-11.31.42:703][  2]LogModuleManager: Shutting down and abandoning module TextureFormatIntelISPCTexComp (48)
[2018.01.27-11.31.42:703][  2]LogModuleManager: Shutting down and abandoning module TextureFormatDXT (47)
[2018.01.27-11.31.42:703][  2]LogModuleManager: Shutting down and abandoning module ImageWrapper (46)
[2018.01.27-11.31.42:703][  2]LogModuleManager: Shutting down and abandoning module TextureFormatASTC (45)
[2018.01.27-11.31.42:703][  2]LogModuleManager: Shutting down and abandoning module TextureFormatAndroid (44)
[2018.01.27-11.31.42:703][  2]LogModuleManager: Shutting down and abandoning module AudioFormatOpus (43)
[2018.01.27-11.31.42:703][  2]LogModuleManager: Shutting down and abandoning module AudioFormatOgg (42)
[2018.01.27-11.31.42:703][  2]LogModuleManager: Shutting down and abandoning module AudioFormatADPCM (41)
[2018.01.27-11.31.42:703][  2]LogModuleManager: Shutting down and abandoning module LinuxTargetPlatform (40)
[2018.01.27-11.31.42:703][  2]LogModuleManager: Shutting down and abandoning module LinuxServerTargetPlatform (39)
[2018.01.27-11.31.42:703][  2]LogModuleManager: Shutting down and abandoning module LinuxNoEditorTargetPlatform (38)
[2018.01.27-11.31.42:703][  2]LogModuleManager: Shutting down and abandoning module Messaging (37)
[2018.01.27-11.31.42:703][  2]LogModuleManager: Shutting down and abandoning module IOSTargetPlatform (36)
[2018.01.27-11.31.42:703][  2]LogModuleManager: Shutting down and abandoning module HTML5TargetPlatform (35)
[2018.01.27-11.31.42:703][  2]LogModuleManager: Shutting down and abandoning module Android_PVRTCTargetPlatform (34)
[2018.01.27-11.31.42:703][  2]LogModuleManager: Shutting down and abandoning module Android_ETC2TargetPlatform (33)
[2018.01.27-11.31.42:703][  2]LogModuleManager: Shutting down and abandoning module Android_ETC1TargetPlatform (32)
[2018.01.27-11.31.42:703][  2]LogModuleManager: Shutting down and abandoning module Android_DXTTargetPlatform (31)
[2018.01.27-11.31.42:703][  2]LogModuleManager: Shutting down and abandoning module Android_ATCTargetPlatform (30)
[2018.01.27-11.31.42:703][  2]LogModuleManager: Shutting down and abandoning module Android_ASTCTargetPlatform (29)
[2018.01.27-11.31.42:703][  2]LogModuleManager: Shutting down and abandoning module AndroidTargetPlatform (28)
[2018.01.27-11.31.42:703][  2]LogModuleManager: Shutting down and abandoning module WindowsTargetPlatform (27)
[2018.01.27-11.31.42:703][  2]LogModuleManager: Shutting down and abandoning module WindowsServerTargetPlatform (26)
[2018.01.27-11.31.42:703][  2]LogModuleManager: Shutting down and abandoning module WindowsNoEditorTargetPlatform (25)
[2018.01.27-11.31.42:703][  2]LogModuleManager: Shutting down and abandoning module WindowsClientTargetPlatform (24)
[2018.01.27-11.31.42:703][  2]LogModuleManager: Shutting down and abandoning module AllDesktopTargetPlatform (23)
[2018.01.27-11.31.42:703][  2]LogModuleManager: Shutting down and abandoning module TargetPlatform (22)
[2018.01.27-11.31.42:703][  2]LogModuleManager: Shutting down and abandoning module InputCore (21)
[2018.01.27-11.31.42:703][  2]LogModuleManager: Shutting down and abandoning module Settings (20)
[2018.01.27-11.31.42:703][  2]LogModuleManager: Shutting down and abandoning module OnlineSubsystem (18)
[2018.01.27-11.31.42:703][  2]LogModuleManager: Shutting down and abandoning module HTTP (17)
[2018.01.27-11.31.45:704][  2]LogModuleManager: Shutting down and abandoning module XMPP (16)
[2018.01.27-11.31.45:735][  2]LogModuleManager: Shutting down and abandoning module ExampleDeviceProfileSelector (15)
[2018.01.27-11.31.45:735][  2]LogModuleManager: Shutting down and abandoning module TextureCompressor (14)
[2018.01.27-11.31.45:769][  2]LogModuleManager: Shutting down and abandoning module ShaderCore (13)
[2018.01.27-11.31.45:769][  2]LogModuleManager: Shutting down and abandoning module Landscape (12)
[2018.01.27-11.31.45:769][  2]LogModuleManager: Shutting down and abandoning module SlateRHIRenderer (11)
[2018.01.27-11.31.45:770][  2]LogModuleManager: Shutting down and abandoning module OpenGLDrv (10)
[2018.01.27-11.31.45:781][  2]LogModuleManager: Shutting down and abandoning module D3D11RHI (9)
[2018.01.27-11.31.45:781][  2]LogModuleManager: Shutting down and abandoning module AnimGraphRuntime (8)
[2018.01.27-11.31.45:781][  2]LogModuleManager: Shutting down and abandoning module Renderer (7)
[2018.01.27-11.31.45:781][  2]LogModuleManager: Shutting down and abandoning module Engine (6)
[2018.01.27-11.31.45:781][  2]LogModuleManager: Shutting down and abandoning module CoreUObject (5)
[2018.01.27-11.31.45:781][  2]LogModuleManager: Shutting down and abandoning module NetworkFile (4)
[2018.01.27-11.31.45:790][  2]LogModuleManager: Shutting down and abandoning module StreamingFile (3)
[2018.01.27-11.31.45:790][  2]LogModuleManager: Shutting down and abandoning module SandboxFile (2)
[2018.01.27-11.31.45:803][  2]LogModuleManager: Shutting down and abandoning module PakFile (1)
[2018.01.27-11.31.45:812][  2]LogExit: Exiting.
[2018.01.27-11.31.45:814][  2]Log file closed, 01/27/18 19:31:45
