[2018.01.26-10.16.04:190][  0]Log file open, 01/26/18 18:16:04
[2018.01.26-10.16.04:190][  0]LogInit:Display: Running engine for game: TopDown
[2018.01.26-10.16.04:190][  0]LogInit:Display: RandInit(-1225240194) SRandInit(-1225240194).
[2018.01.26-10.16.04:190][  0]LogTaskGraph: Started task graph with 4 named threads and 5 total threads.
[2018.01.26-10.16.04:190][  0]LogStats: Stats thread started at 0.194803
[2018.01.26-10.16.04:190][  0]LogInit: Version: 4.9.2-2707645+++depot+UE4-Releases+4.9
[2018.01.26-10.16.04:190][  0]LogInit: API Version: 2672455
[2018.01.26-10.16.04:190][  0]LogInit: Compiled (64-bit): Sep 28 2015 10:25:44
[2018.01.26-10.16.04:190][  0]LogInit: Compiled with Visual C++: 18.00.21005.01
[2018.01.26-10.16.04:190][  0]LogInit: Build Configuration: Development
[2018.01.26-10.16.04:190][  0]LogInit: Branch Name: ++depot+UE4-Releases+4.9
[2018.01.26-10.16.04:190][  0]LogInit: Command line:  
[2018.01.26-10.16.04:190][  0]LogInit: Base directory: D:/UE_4.9/Engine/Binaries/Win64/
[2018.01.26-10.16.04:190][  0]LogInit: Rocket: 1
[2018.01.26-10.16.04:236][  0]LogInit: Using libcurl 7.41.0
[2018.01.26-10.16.04:236][  0]LogInit:  - built for x86_64-pc-win32
[2018.01.26-10.16.04:236][  0]LogInit:  - supports SSL with WinSSL
[2018.01.26-10.16.04:236][  0]LogInit:  - other features:
[2018.01.26-10.16.04:236][  0]LogInit:      CURL_VERSION_SSL
[2018.01.26-10.16.04:236][  0]LogInit:      CURL_VERSION_IPV6
[2018.01.26-10.16.04:236][  0]LogInit:      CURL_VERSION_ASYNCHDNS
[2018.01.26-10.16.04:236][  0]LogInit:      CURL_VERSION_LARGEFILE
[2018.01.26-10.16.04:236][  0]LogInit:      CURL_VERSION_IDN
[2018.01.26-10.16.04:237][  0]LogInit:  CurlRequestOptions (configurable via config and command line):
[2018.01.26-10.16.04:237][  0]LogInit:  - bVerifyPeer = true  - Libcurl will verify peer certificate
[2018.01.26-10.16.04:237][  0]LogInit:  - bUseHttpProxy = false  - Libcurl will NOT use HTTP proxy
[2018.01.26-10.16.04:237][  0]LogInit:  - bDontReuseConnections = false  - Libcurl will reuse connections
[2018.01.26-10.16.04:237][  0]LogInit:  - CertBundlePath = nullptr  - Libcurl will use whatever was configured at build time.
[2018.01.26-10.16.04:248][  0]LogInit: Presizing for 0 objects not considered by GC, pre-allocating 0 bytes.
[2018.01.26-10.16.04:259][  0]LogInit: Object subsystem initialized
[2018.01.26-10.16.04:261][  0]LogInit: Selected Device Profile: [Windows]
[2018.01.26-10.16.04:261][  0]LogInit: Applying CVar settings loaded from the selected device profile: [Windows]
[2018.01.26-10.16.04:274][  0]LogInit: Computer: 1-ПК
[2018.01.26-10.16.04:274][  0]LogInit: User: 1
[2018.01.26-10.16.04:274][  0]LogInit: CPU Page size=4096, Cores=2
[2018.01.26-10.16.04:274][  0]LogInit: High frequency timer resolution =2.338486 MHz
[2018.01.26-10.16.04:274][  0]LogMemory: Memory total: Physical=3.9GB (4GB approx)
[2018.01.26-10.16.04:274][  0]LogMemory: Platform Memory Stats for Windows
[2018.01.26-10.16.04:274][  0]LogMemory: Process Physical Memory: 59.87 MB used, 59.87 MB peak
[2018.01.26-10.16.04:274][  0]LogMemory: Process Virtual Memory: 64.68 MB used, 64.68 MB peak
[2018.01.26-10.16.04:274][  0]LogMemory: Physical Memory: 2621.32 MB used, 4010.14 MB total
[2018.01.26-10.16.04:274][  0]LogMemory: Virtual Memory: 351.22 MB used, 8388608.00 MB total
[2018.01.26-10.16.04:516][  0]LogTextLocalizationManager: No translations for ('ru-RU') exist, falling back to 'en' for localization and internationalization data.
[2018.01.26-10.16.06:320][  0]LogD3D11RHI: Found D3D11 adapter 0: NVIDIA GeForce 410M (Feature Level 11_0)
[2018.01.26-10.16.06:321][  0]LogD3D11RHI: Adapter has 979MB of dedicated video memory, 0MB of dedicated system memory, and 1749MB of shared system memory, 1 output[s]
[2018.01.26-10.16.06:382][  0]LogD3D11RHI: Found D3D11 adapter 1: NVIDIA GeForce 410M (Feature Level 11_0)
[2018.01.26-10.16.06:382][  0]LogD3D11RHI: Adapter has 979MB of dedicated video memory, 0MB of dedicated system memory, and 1749MB of shared system memory, 0 output[s]
[2018.01.26-10.16.06:382][  0]LogD3D11RHI: Chosen D3D11 Adapter Id = 0
[2018.01.26-10.16.06:432][  0]LogD3D11RHI: !Direct3DDevice
[2018.01.26-10.16.06:448][  0]LogRHI: Texture pool is 1297 MB (70% of 1854 MB)
[2018.01.26-10.16.06:493][  0]LogD3D11RHI: Async texture creation enabled
[2018.01.26-10.16.08:326][  0]LogShaderCompilers: Guid format shader working directory is 15 characters bigger than the processId version (../../../../sergey/UnrealProjects/Game_1337/TopDown/Intermediate/Shaders/WorkingDirectory/4844/).
[2018.01.26-10.16.08:326][  0]LogShaderCompilers: Cleaned the shader compiler working directory '../../../../sergey/UnrealProjects/Game_1337/TopDown/Intermediate/Shaders/tmp/41E97704474C6247EC9AAC82B8749019/'.
[2018.01.26-10.16.08:353][  0]LogShaderCompilers:Display: Using Local Shader Compiler.
[2018.01.26-10.16.16:831][  0]LogTemp:Display: Loaded TP AllDesktopTargetPlatform
[2018.01.26-10.16.16:871][  0]LogTemp:Display: Loaded TP WindowsClientTargetPlatform
[2018.01.26-10.16.16:910][  0]LogTemp:Display: Loaded TP WindowsNoEditorTargetPlatform
[2018.01.26-10.16.16:926][  0]LogTemp:Display: Loaded TP WindowsServerTargetPlatform
[2018.01.26-10.16.16:973][  0]LogTemp:Display: Loaded TP WindowsTargetPlatform
[2018.01.26-10.16.17:024][  0]LogTemp:Display: Loaded TP AndroidTargetPlatform
[2018.01.26-10.16.17:060][  0]LogTemp:Display: Loaded TP Android_ASTCTargetPlatform
[2018.01.26-10.16.17:078][  0]LogTemp:Display: Loaded TP Android_ATCTargetPlatform
[2018.01.26-10.16.17:115][  0]LogTemp:Display: Loaded TP Android_DXTTargetPlatform
[2018.01.26-10.16.17:153][  0]LogTemp:Display: Loaded TP Android_ETC1TargetPlatform
[2018.01.26-10.16.17:168][  0]LogTemp:Display: Loaded TP Android_ETC2TargetPlatform
[2018.01.26-10.16.17:216][  0]LogTemp:Display: Loaded TP Android_PVRTCTargetPlatform
[2018.01.26-10.16.17:233][  0]LogTemp:Display: Loaded TP HTML5TargetPlatform
[2018.01.26-10.16.17:551][  0]LogTemp:Display: Loaded TP IOSTargetPlatform
[2018.01.26-10.16.17:591][  0]LogTemp:Display: Loaded TP LinuxNoEditorTargetPlatform
[2018.01.26-10.16.17:629][  0]LogTemp:Display: Loaded TP LinuxServerTargetPlatform
[2018.01.26-10.16.17:650][  0]LogTemp:Display: Loaded TP LinuxTargetPlatform
[2018.01.26-10.16.17:650][  0]LogTargetPlatformManager:Display: Building Assets For Windows
[2018.01.26-10.16.21:605][  0]LogDerivedDataCache:Display: Max Cache Size: 512 MB
[2018.01.26-10.16.22:477][  0]LogDerivedDataCache: Loaded boot cache 0.85s 41MB C:/Users/1/AppData/Local/UnrealEngine/4.9/DerivedDataCache/Boot.ddc.
[2018.01.26-10.16.22:477][  0]LogDerivedDataCache:Display: Loaded Boot cache: C:/Users/1/AppData/Local/UnrealEngine/4.9/DerivedDataCache/Boot.ddc
[2018.01.26-10.16.22:477][  0]LogDerivedDataCache: FDerivedDataBackendGraph:  Pak pak cache file ../../../../sergey/UnrealProjects/Game_1337/TopDown/DerivedDataCache/DDC.ddp not found, will not use a pak cache.
[2018.01.26-10.16.22:477][  0]LogDerivedDataCache: Unable to find inner node Pak for hierarchical cache Hierarchy.
[2018.01.26-10.16.22:477][  0]LogDerivedDataCache: FDerivedDataBackendGraph:  CompressedPak pak cache file ../../../../sergey/UnrealProjects/Game_1337/TopDown/DerivedDataCache/Compressed.ddp not found, will not use a pak cache.
[2018.01.26-10.16.22:477][  0]LogDerivedDataCache: Unable to find inner node CompressedPak for hierarchical cache Hierarchy.
[2018.01.26-10.16.23:418][  0]LogDerivedDataCache:Display: Pak cache opened for reading ../../../Engine/DerivedDataCache/Compressed.ddp.
[2018.01.26-10.16.23:494][  0]LogDerivedDataCache: Using Local data cache path C:/Users/1/AppData/Local/UnrealEngine/Common/DerivedDataCache: Writable
[2018.01.26-10.16.45:678][  0]LogInit: Selected Device Profile: [Windows]
[2018.01.26-10.16.45:927][  0]LogContentStreaming: Texture pool size is 0.000000MB
[2018.01.26-10.16.47:302][  0]LogMeshUtilities: No automatic mesh reduction module available
[2018.01.26-10.16.47:302][  0]LogMeshUtilities: No automatic mesh merging module available
[2018.01.26-10.16.57:431][  0]LogInit: WinSock: version 1.1 (2.2), MaxSocks=32767, MaxUdp=65467
[2018.01.26-10.17.25:610][  0]UdpMessaging: Initializing bridge on interface 0.0.0.0:0 to multicast group 230.0.0.1:6666.
[2018.01.26-10.17.27:369][  0]LogAssetRegistry: FAssetRegistry took 0.0163 seconds to start up
[2018.01.26-10.17.36:078][  0]SourceControl: Info Source control is disabled
[2018.01.26-10.17.36:080][  0]SourceControl: Info Source control is disabled
[2018.01.26-10.17.36:154][  0]SourceControl: Info Source control is disabled
[2018.01.26-10.17.36:280][  0]SourceControl: Info Source control is disabled
[2018.01.26-10.17.37:567][  0]LogLinker:Warning: Asset '../../../Engine/Plugins/Runtime/LeapMotionController/Content/LM_PassthroughMaterial.uasset' has been saved with empty engine version. The asset will be loaded but may be incompatible.
[2018.01.26-10.17.38:370][  0]LogObj: 28361 objects as part of root set at end of initial load.
[2018.01.26-10.17.38:370][  0]LogUObjectAllocator: 6038864 out of 0 bytes used by permanent object pool.
[2018.01.26-10.17.40:202][  0]LogEngine: Initializing Engine...
[2018.01.26-10.17.40:273][  0]LogHMD: Can't find Oculus library dev build: is proper Runtime installed? Version: 0.7.0.0
[2018.01.26-10.17.40:442][  0]LogHMD: SteamVR failed to initialize.  Err: 110
[2018.01.26-10.17.42:133][  0]LogAIModule: Creating AISystem for world NewWorld
[2018.01.26-10.17.42:831][  0]LogInit: XAudio2 using 'Динамики (Realtek High Definition Audio)' : 2 channels at 44.1 kHz using 16 bits per sample (channel mask 0x3)
[2018.01.26-10.17.42:941][  0]LogInit: FAudioDevice initialized.
[2018.01.26-10.17.42:993][  0]LogDerivedDataCache: Saved boot cache 0.05s 41MB C:/Users/1/AppData/Local/UnrealEngine/4.9/DerivedDataCache/Boot.ddc.
[2018.01.26-10.17.42:999][  0]LogInit: Texture streaming: Enabled
[2018.01.26-10.17.43:065][  0]LogAnalytics: Creating configured Analytics provider AnalyticsET
[2018.01.26-10.17.43:066][  0]LogAnalytics: [UEEditor.Rocket.Release] APIServer = http://et2.epicgames.com/ET2/. AppVersion = 4.9.2-2707645+++depot+UE4-Releases+4.9
[2018.01.26-10.17.43:066][  0]LogAnalytics: [UEEditor.Rocket.Release] SetUserId fdb2de1848db1fa47a6f94acde81dca0|be1dc849c34248278283a980c6ca8968|82021297-a794-427f-b0e0-602fe21b1b06
[2018.01.26-10.17.43:066][  0]LogAnalytics: [UEEditor.Rocket.Release] AnalyticsET::StartSession
[2018.01.26-10.17.44:239][  0]LogInit: Transaction tracking system initialized
[2018.01.26-10.17.46:572][  0]BlueprintLog: New page: Editor Load
[2018.01.26-10.17.53:416][  0]LocalizationService: Info Localization service is disabled
[2018.01.26-10.17.54:543][  0]LogLinker:Warning: Can't find file '/Game/FirstPersonBP/FirstPersonOverview'
[2018.01.26-10.17.54:543][  0]LogLinker:Warning: Can't find file '/Game/FirstPersonBP/FirstPersonOverview'
[2018.01.26-10.17.54:555][  0]LogUObjectGlobals:Warning: Failed to find object 'Class /Game/FirstPersonBP/FirstPersonOverview.FirstPersonOverview_C'
[2018.01.26-10.17.55:027][  0]LogConsoleResponse:Display: 
[2018.01.26-10.18.00:001][  0]LogFileCache: Scanning file cache for directory 'D:/sergey/UnrealProjects/Game_1337/TopDown/Content/' took 0.17s
[2018.01.26-10.18.00:001][  0]LogCook:Display: Done creating registry. It took  0.00s.
[2018.01.26-10.18.03:341][  0]SourceControl: Info Source control is disabled
[2018.01.26-10.18.03:408][  0]Cmd: MAP LOAD FILE="../../../../sergey/UnrealProjects/Game_1337/TopDown/Content/TopDownBP/Maps/TopDownExampleMap.umap" TEMPLATE=0 SHOWPROGRESS=1 FEATURELEVEL=3
[2018.01.26-10.18.03:535][  0]LightingResults: New page: Lighting Build
[2018.01.26-10.18.03:745][  0]MapCheck: New page: Map Check
[2018.01.26-10.18.03:745][  0]LightingResults: New page: Lighting Build
[2018.01.26-10.18.04:332][  0]LogParticles: Destroying 0 GPU particle simulations for FXSystem 0x0000000026636160
[2018.01.26-10.18.04:623][  0]LogLinker:Warning: Asset '../../../../sergey/UnrealProjects/Game_1337/TopDown/Content/Mannequin/Animations/ThirdPerson_AnimBP.uasset' has been saved with empty engine version. The asset will be loaded but may be incompatible.
[2018.01.26-10.18.04:646][  0]LogLinker:Warning: Asset '../../../../sergey/UnrealProjects/Game_1337/TopDown/Content/Mannequin/Animations/ThirdPerson_Jump.uasset' has been saved with empty engine version. The asset will be loaded but may be incompatible.
[2018.01.26-10.18.04:727][  0]LogLinker:Warning: Asset '../../../../sergey/UnrealProjects/Game_1337/TopDown/Content/Mannequin/Animations/ThirdPersonJump_Loop.uasset' has been saved with empty engine version. The asset will be loaded but may be incompatible.
[2018.01.26-10.18.04:739][  0]LogLinker:Warning: Asset '../../../../sergey/UnrealProjects/Game_1337/TopDown/Content/Mannequin/Animations/ThirdPersonJump_Start.uasset' has been saved with empty engine version. The asset will be loaded but may be incompatible.
[2018.01.26-10.18.04:756][  0]LogLinker:Warning: Asset '../../../../sergey/UnrealProjects/Game_1337/TopDown/Content/Mannequin/Animations/ThirdPerson_IdleRun_2D.uasset' has been saved with empty engine version. The asset will be loaded but may be incompatible.
[2018.01.26-10.18.04:785][  0]LogLinker:Warning: Asset '../../../../sergey/UnrealProjects/Game_1337/TopDown/Content/Mannequin/Animations/ThirdPersonIdle.uasset' has been saved with empty engine version. The asset will be loaded but may be incompatible.
[2018.01.26-10.18.04:799][  0]LogLinker:Warning: Asset '../../../../sergey/UnrealProjects/Game_1337/TopDown/Content/Mannequin/Animations/ThirdPersonRun.uasset' has been saved with empty engine version. The asset will be loaded but may be incompatible.
[2018.01.26-10.18.04:810][  0]LogLinker:Warning: Asset '../../../../sergey/UnrealProjects/Game_1337/TopDown/Content/Mannequin/Animations/ThirdPersonWalk.uasset' has been saved with empty engine version. The asset will be loaded but may be incompatible.
[2018.01.26-10.18.08:316][  0]LogLinker:Warning: CreateExport: Failed to load Parent for Function /Game/TopDownBP/Blueprints/Inventory/Item/Items/Base_Items/Item_aid_base.Item_aid_base_C:UserConstructionScript; removing parent information, but keeping function
[2018.01.26-10.18.08:499][  0]LogLinker:Warning: CreateExport: Failed to load Parent for Function /Game/TopDownBP/Blueprints/Inventory/Item/Items/Base_Items/Item_Statue.Item_Statue_C:UserConstructionScript; removing parent information, but keeping function
[2018.01.26-10.18.22:485][  0]LogAIModule: Creating AISystem for world TopDownExampleMap
[2018.01.26-10.18.24:228][  0]LogEditorServer: Finished looking for orphan Actors (0.000 secs)
[2018.01.26-10.18.24:295][  0]Cmd: MAP CHECKDEP NOCLEARLOG
[2018.01.26-10.18.24:448][  0]MapCheck: Info Map check complete: 0 Error(s), 0 Warning(s), took 153.623ms to complete.
[2018.01.26-10.18.24:449][  0]LogFileHelpers: Loading map 'TopDownExampleMap' took 21.072
[2018.01.26-10.18.27:241][  0]LogCollectionManager: Loaded 0 collections in 0.025517 seconds
[2018.01.26-10.18.27:366][  0]LogFileCache: Scanning file cache for directory 'D:/sergey/UnrealProjects/Game_1337/TopDown/Saved/Collections/' took 0.01s
[2018.01.26-10.18.27:366][  0]LogFileCache: Scanning file cache for directory 'D:/sergey/UnrealProjects/Game_1337/TopDown/Content/Developers/1/Collections/' took 0.01s
[2018.01.26-10.18.27:366][  0]LogFileCache: Scanning file cache for directory 'D:/sergey/UnrealProjects/Game_1337/TopDown/Content/Collections/' took 0.01s
[2018.01.26-10.18.27:366][  0]LogContentBrowser: Native class hierarchy populated in 0.0473 seconds. Added 1868 classes and 335 folders.
[2018.01.26-10.18.27:597][  0]LogCollectionManager: Rebuilt the GUID cache for 0 collections in 0.000014 seconds
[2018.01.26-10.18.27:814][  0]LogContentBrowser: Native class hierarchy updated for 'WidgetCarousel' in 0.0005 seconds. Added 0 classes and 0 folders.
[2018.01.26-10.18.30:171][  0]LogContentBrowser: Native class hierarchy updated for 'AddContentDialog' in 0.0006 seconds. Added 0 classes and 0 folders.
[2018.01.26-10.18.31:095][  0]LogCrashTracker: Crashtracker disabled due to settings.
[2018.01.26-10.18.31:311][  0]LogUObjectGlobals:Warning: Failed to find object 'Class None.'
[2018.01.26-10.18.31:447][  0]LogLoad: Full Startup: 148.98 seconds (BP compile: 1.89 seconds)
[2018.01.26-10.18.32:442][  0]LogContentStreaming: Texture pool size now 200 MB
[2018.01.26-10.18.33:517][  0]LogRenderer: Reallocating scene render targets to support 536x352 (Frame:2).
[2018.01.26-10.18.38:515][ 11]LogAssetRegistry: Asset discovery search completed in 71.1568 seconds
[2018.01.26-10.18.38:515][ 11]LogCollectionManager: Rebuilt the object cache for 0 collections in 0.000001 seconds (found 0 objects)
[2018.01.26-10.18.38:515][ 11]LogCollectionManager: Fixed up redirectors for 0 collections in 0.000035 seconds (updated 0 objects)
[2018.01.26-10.19.27:192][561]LogTexture:Display: Building textures: Texture2D_2 (G8)
[2018.01.26-10.19.48:210][933]LogTexture:Display: Building textures: Texture2D_3 (BGRA8)
[2018.01.26-10.19.48:586][934]Cmd: UpdateLandscapeEditorData
[2018.01.26-10.19.56:569][191]LogEditorViewport: Clicking on Actor (context menu): NavMeshBoundsVolume (NavigationMeshBoundsVolume)
[2018.01.26-10.20.07:757][533]Cmd: TRANSACTION UNDO
[2018.01.26-10.20.07:757][533]LogEditorTransaction: Undo Landscape Editing: Component Selection
[2018.01.26-10.20.18:411][877]Cmd: TRANSACTION UNDO
[2018.01.26-10.20.18:411][877]LogEditorTransaction: Undo Landscape Editing: Sculpt
[2018.01.26-10.20.18:493][877]LogTexture:Display: Building textures: Texture2D_3 (BGRA8)
[2018.01.26-10.20.29:684][218]Cmd: TRANSACTION UNDO
[2018.01.26-10.20.29:684][218]LogEditorTransaction: Undo Landscape Editing: Sculpt
[2018.01.26-10.20.29:747][218]LogTexture:Display: Building textures: Texture2D_3 (BGRA8)
[2018.01.26-10.22.28:715][150]LogWindowsTextInputMethodSystem:Display: IME system now activated using TSF (Китайская (традиционная) - ChangJie).
[2018.01.26-10.22.29:845][187]LogWindowsTextInputMethodSystem:Display: IME system now deactivated.
[2018.01.26-10.22.29:847][187]LogWindowsTextInputMethodSystem:Display: IME system now deactivated.
[2018.01.26-10.23.23:100][428]LogMaterial:Warning: Material /Game/InfinityBladeGrassLands/Environments/Plains/Env_Plains_Flora/Materials/M_PLains_Fern01.M_PLains_Fern01 needed to have new flag set bUsedWithInstancedStaticMeshes !
[2018.01.26-10.23.23:112][428]LogMaterial: Missing cached shader map for material M_PLains_Fern01, compiling. 
[2018.01.26-10.23.23:459][428]LogMaterial: 0.000280 seconds spent updating 1 materials, 1 interfaces, 0 instances, 0 with static permutations.
[2018.01.26-10.25.21:317][172]LogEditorViewport: Clicking on Actor (LMB): Landscape (Landscape)
[2018.01.26-10.27.31:626][248]LogHttp:Warning: Timeout processing Http request. 00000000092A3B00
[2018.01.26-10.27.35:679][377]LogBlueprintUserMessages: Early PlayInEditor Detection: Level '/Game/TopDownBP/Maps/TopDownExampleMap.TopDownExampleMap:PersistentLevel' has LevelScriptBlueprint '/Game/TopDownBP/Maps/TopDownExampleMap.TopDownExampleMap:PersistentLevel.TopDownExampleMap' with GeneratedClass '/Game/TopDownBP/Maps/TopDownExampleMap.TopDownExampleMap_C' with ClassGeneratedBy '/Game/TopDownBP/Maps/TopDownExampleMap.TopDownExampleMap:PersistentLevel.TopDownExampleMap'
[2018.01.26-10.27.35:679][377]LogPlayLevel: PlayLevel: No blueprints needed recompiling
[2018.01.26-10.27.35:690][377]PIE: New page: PIE session: TopDownExampleMap (Jan 27, 2018, 2:27:35 AM)
[2018.01.26-10.27.35:700][377]LogPlayLevel: Creating play world package: /Game/TopDownBP/Maps/UEDPIE_0_TopDownExampleMap
[2018.01.26-10.27.35:854][377]LogPlayLevel: PIE: StaticDuplicateObject took: (0.154022s)
[2018.01.26-10.27.35:861][377]LogAIModule: Creating AISystem for world TopDownExampleMap
[2018.01.26-10.27.35:861][377]LogPlayLevel: PIE: World Init took: (0.006641s)
[2018.01.26-10.27.35:861][377]LogPlayLevel: PIE: Created PIE world by copying editor world from /Game/TopDownBP/Maps/TopDownExampleMap.TopDownExampleMap to /Game/TopDownBP/Maps/UEDPIE_0_TopDownExampleMap.TopDownExampleMap (0.160991s)
[2018.01.26-10.27.35:866][377]LogActorComponent: UnregisterComponent: (/Engine/Transient.CharMoveComp) Not registered. Aborting.
[2018.01.26-10.27.36:037][377]LogInit: XAudio2 using 'Динамики (Realtek High Definition Audio)' : 2 channels at 44.1 kHz using 16 bits per sample (channel mask 0x3)
[2018.01.26-10.27.36:090][377]LogInit: FAudioDevice initialized.
[2018.01.26-10.27.36:270][377]LogWorld: Game class is 'TopDownGameMode_C'
[2018.01.26-10.27.36:354][377]LogWorld:Warning: *** WARNING - PATHS MAY NOT BE VALID ***
[2018.01.26-10.27.36:354][377]LogWorld: Bringing World /Game/TopDownBP/Maps/UEDPIE_0_TopDownExampleMap.TopDownExampleMap up for play (max tick rate 60) at 2018.01.26-18.27.36
[2018.01.26-10.27.36:354][377]LogActor:Warning: GameSession /Game/TopDownBP/Maps/UEDPIE_0_TopDownExampleMap.TopDownExampleMap:PersistentLevel.GameSession_0 has natively added scene component(s), but none of them were set as the actor's RootComponent - picking one arbitrarily
[2018.01.26-10.27.36:354][377]LogActor:Warning: GameNetworkManager /Game/TopDownBP/Maps/UEDPIE_0_TopDownExampleMap.TopDownExampleMap:PersistentLevel.GameNetworkManager_0 has natively added scene component(s), but none of them were set as the actor's RootComponent - picking one arbitrarily
[2018.01.26-10.27.36:386][377]LogWorld: Bringing up level for play took: 0.057034
[2018.01.26-10.27.36:645][377]PIE: Info Play in editor start time for /Game/TopDownBP/Maps/UEDPIE_0_TopDownExampleMap 1.837
[2018.01.26-10.27.36:646][377]LogBlueprintUserMessages: Late PlayInEditor Detection: Level '/Game/TopDownBP/Maps/TopDownExampleMap.TopDownExampleMap:PersistentLevel' has LevelScriptBlueprint '/Game/TopDownBP/Maps/TopDownExampleMap.TopDownExampleMap:PersistentLevel.TopDownExampleMap' with GeneratedClass '/Game/TopDownBP/Maps/TopDownExampleMap.TopDownExampleMap_C' with ClassGeneratedBy '/Game/TopDownBP/Maps/TopDownExampleMap.TopDownExampleMap:PersistentLevel.TopDownExampleMap'
[2018.01.26-10.27.53:624][846]LogBlueprintUserMessages: Early EndPlayMap Detection: Level '/Game/TopDownBP/Maps/TopDownExampleMap.TopDownExampleMap:PersistentLevel' has LevelScriptBlueprint '/Game/TopDownBP/Maps/TopDownExampleMap.TopDownExampleMap:PersistentLevel.TopDownExampleMap' with GeneratedClass '/Game/TopDownBP/Maps/TopDownExampleMap.TopDownExampleMap_C' with ClassGeneratedBy '/Game/TopDownBP/Maps/TopDownExampleMap.TopDownExampleMap:PersistentLevel.TopDownExampleMap'
[2018.01.26-10.27.53:826][846]LogBlueprintUserMessages: Late EndPlayMap Detection: Level '/Game/TopDownBP/Maps/TopDownExampleMap.TopDownExampleMap:PersistentLevel' has LevelScriptBlueprint '/Game/TopDownBP/Maps/TopDownExampleMap.TopDownExampleMap:PersistentLevel.TopDownExampleMap' with GeneratedClass '/Game/TopDownBP/Maps/TopDownExampleMap.TopDownExampleMap_C' with ClassGeneratedBy '/Game/TopDownBP/Maps/TopDownExampleMap.TopDownExampleMap:PersistentLevel.TopDownExampleMap'
[2018.01.26-10.27.53:888][846]LogParticles: Destroying 0 GPU particle simulations for FXSystem 0x00000000047A6520
[2018.01.26-10.27.54:237][847]Cmd: QUIT_EDITOR
[2018.01.26-10.27.54:239][847]LogActorComponent: UnregisterComponent: (/Engine/Transient.SphereBrushComponent) Not registered. Aborting.
[2018.01.26-10.27.55:868][847]LogExit: Preparing to exit.
[2018.01.26-10.27.56:974][847]LogExit: Editor shut down
[2018.01.26-10.27.56:975][847]LogExit: Transaction tracking system shut down
[2018.01.26-10.27.57:052][847]LogParticles: Destroying 0 GPU particle simulations for FXSystem 0x0000000025217560
[2018.01.26-10.27.57:053][847]LogParticles: Destroying 0 GPU particle simulations for FXSystem 0x0000000034C7E520
[2018.01.26-10.27.57:054][847]LogParticles: Destroying 0 GPU particle simulations for FXSystem 0x0000000021AAF1A0
[2018.01.26-10.27.57:054][847]LogParticles: Destroying 0 GPU particle simulations for FXSystem 0x000000002AEBAE80
[2018.01.26-10.27.57:054][847]LogParticles: Destroying 0 GPU particle simulations for FXSystem 0x0000000035B10E00
[2018.01.26-10.27.57:693][847]LogParticles: Destroying 0 GPU particle simulations for FXSystem 0x000000003ECDA0C0
[2018.01.26-10.27.57:693][847]LogExit: Object subsystem successfully closed.
[2018.01.26-10.27.57:981][847]LogD3D11RHI: Shutdown
[2018.01.26-10.27.57:981][847]LogD3D11RHI: CleanupD3DDevice
[2018.01.26-10.27.58:522][847]LogD3D11RHI: ~FD3D11DynamicRHI
[2018.01.26-10.27.58:884][847]LogModuleManager: Shutting down and abandoning module CrashTracker (197)
[2018.01.26-10.27.58:884][847]LogModuleManager: Shutting down and abandoning module SuperSearch (196)
[2018.01.26-10.27.58:884][847]LogModuleManager: Shutting down and abandoning module WidgetCarousel (195)
[2018.01.26-10.27.58:884][847]LogModuleManager: Shutting down and abandoning module AddContentDialog (194)
[2018.01.26-10.27.58:896][847]LogModuleManager: Shutting down and abandoning module EditorWidgets (193)
[2018.01.26-10.27.58:896][847]LogModuleManager: Shutting down and abandoning module CollectionManager (192)
[2018.01.26-10.27.58:896][847]LogModuleManager: Shutting down and abandoning module SceneOutliner (191)
[2018.01.26-10.27.58:909][847]LogModuleManager: Shutting down and abandoning module StatsViewer (190)
[2018.01.26-10.27.58:909][847]LogModuleManager: Shutting down and abandoning module FoliageEdit (189)
[2018.01.26-10.27.58:909][847]LogModuleManager: Shutting down and abandoning module LandscapeEditor (188)
[2018.01.26-10.27.58:909][847]LogModuleManager: Shutting down and abandoning module ActorPickerMode (187)
[2018.01.26-10.27.58:909][847]LogModuleManager: Shutting down and abandoning module GeometryMode (186)
[2018.01.26-10.27.58:909][847]LogModuleManager: Shutting down and abandoning module TextureAlignMode (185)
[2018.01.26-10.27.58:909][847]LogModuleManager: Shutting down and abandoning module BspMode (184)
[2018.01.26-10.27.58:909][847]LogModuleManager: Shutting down and abandoning module PlacementMode (183)
[2018.01.26-10.27.58:909][847]LogModuleManager: Shutting down and abandoning module AutomationWorker (182)
[2018.01.26-10.27.58:909][847]LogModuleManager: Shutting down and abandoning module CharacterAI (181)
[2018.01.26-10.27.58:909][847]LogModuleManager: Shutting down and abandoning module SmartSnapping (180)
[2018.01.26-10.27.58:909][847]LogModuleManager: Shutting down and abandoning module ViewportSnapping (179)
[2018.01.26-10.27.58:909][847]LogModuleManager: Shutting down and abandoning module LogVisualizer (178)
[2018.01.26-10.27.58:909][847]LogModuleManager: Shutting down and abandoning module GameProjectGeneration (177)
[2018.01.26-10.27.58:922][847]LogModuleManager: Shutting down and abandoning module IntroTutorials (176)
[2018.01.26-10.27.58:922][847]LogModuleManager: Shutting down and abandoning module EditorLiveStreaming (175)
[2018.01.26-10.27.58:922][847]LogModuleManager: Shutting down and abandoning module IOSPlatformEditor (174)
[2018.01.26-10.27.58:922][847]LogModuleManager: Shutting down and abandoning module HTML5PlatformEditor (173)
[2018.01.26-10.27.58:922][847]LogModuleManager: Shutting down and abandoning module AndroidDeviceDetection (172)
[2018.01.26-10.27.59:663][847]LogModuleManager: Shutting down and abandoning module AndroidPlatformEditor (171)
[2018.01.26-10.27.59:663][847]LogModuleManager: Shutting down and abandoning module IOSRuntimeSettings (170)
[2018.01.26-10.27.59:663][847]LogModuleManager: Shutting down and abandoning module AndroidRuntimeSettings (169)
[2018.01.26-10.27.59:663][847]LogModuleManager: Shutting down and abandoning module MergeActors (168)
[2018.01.26-10.27.59:738][847]LogModuleManager: Shutting down and abandoning module SizeMap (167)
[2018.01.26-10.27.59:738][847]LogModuleManager: Shutting down and abandoning module TreeMap (166)
[2018.01.26-10.27.59:738][847]LogModuleManager: Shutting down and abandoning module ReferenceViewer (165)
[2018.01.26-10.27.59:738][847]LogModuleManager: Shutting down and abandoning module LocalizationService (164)
[2018.01.26-10.27.59:738][847]LogModuleManager: Shutting down and abandoning module LocalizationDashboard (163)
[2018.01.26-10.27.59:748][847]LogModuleManager: Shutting down and abandoning module HardwareTargeting (162)
[2018.01.26-10.27.59:748][847]LogModuleManager: Shutting down and abandoning module DeviceProfileEditor (161)
[2018.01.26-10.27.59:748][847]LogModuleManager: Shutting down and abandoning module UndoHistory (160)
[2018.01.26-10.27.59:748][847]LogModuleManager: Shutting down and abandoning module GameplayTagsEditor (159)
[2018.01.26-10.27.59:748][847]LogModuleManager: Shutting down and abandoning module UserFeedback (158)
[2018.01.26-10.27.59:748][847]LogModuleManager: Shutting down and abandoning module XmlParser (157)
[2018.01.26-10.27.59:748][847]LogModuleManager: Shutting down and abandoning module Blutility (156)
[2018.01.26-10.27.59:748][847]LogModuleManager: Shutting down and abandoning module ProjectTargetPlatformEditor (155)
[2018.01.26-10.27.59:749][847]LogModuleManager: Shutting down and abandoning module ProjectSettingsViewer (154)
[2018.01.26-10.27.59:749][847]LogModuleManager: Shutting down and abandoning module InputBindingEditor (153)
[2018.01.26-10.27.59:749][847]LogModuleManager: Shutting down and abandoning module EditorSettingsViewer (152)
[2018.01.26-10.27.59:749][847]LogModuleManager: Shutting down and abandoning module SettingsEditor (151)
[2018.01.26-10.27.59:749][847]LogModuleManager: Shutting down and abandoning module ProjectLauncher (150)
[2018.01.26-10.27.59:749][847]LogModuleManager: Shutting down and abandoning module SessionFrontend (149)
[2018.01.26-10.27.59:749][847]LogModuleManager: Shutting down and abandoning module ProfilerClient (148)
[2018.01.26-10.27.59:758][847]LogModuleManager: Shutting down and abandoning module TargetDeviceServices (147)
[2018.01.26-10.27.59:758][847]LogModuleManager: Shutting down and abandoning module DeviceManager (146)
[2018.01.26-10.27.59:758][847]LogModuleManager: Shutting down and abandoning module AutomationController (145)
[2018.01.26-10.27.59:758][847]LogModuleManager: Shutting down and abandoning module AutomationWindow (144)
[2018.01.26-10.27.59:771][847]LogModuleManager: Shutting down and abandoning module Layers (143)
[2018.01.26-10.27.59:783][847]LogModuleManager: Shutting down and abandoning module ComponentVisualizers (142)
[2018.01.26-10.27.59:783][847]LogModuleManager: Shutting down and abandoning module DetailCustomizations (141)
[2018.01.26-10.27.59:783][847]LogModuleManager: Shutting down and abandoning module PackagesDialog (140)
[2018.01.26-10.27.59:783][847]LogModuleManager: Shutting down and abandoning module Persona (139)
[2018.01.26-10.27.59:798][847]LogModuleManager: Shutting down and abandoning module Kismet (138)
[2018.01.26-10.27.59:811][847]LogModuleManager: Shutting down and abandoning module GraphEditor (137)
[2018.01.26-10.27.59:850][847]LogModuleManager: Shutting down and abandoning module ClassViewer (136)
[2018.01.26-10.27.59:850][847]LogModuleManager: Shutting down and abandoning module Toolbox (135)
[2018.01.26-10.27.59:850][847]LogModuleManager: Shutting down and abandoning module ModuleUI (134)
[2018.01.26-10.27.59:868][847]LogModuleManager: Shutting down and abandoning module MovieSceneTools (133)
[2018.01.26-10.27.59:868][847]LogModuleManager: Shutting down and abandoning module OutputLog (132)
[2018.01.26-10.27.59:868][847]LogModuleManager: Shutting down and abandoning module GammaUI (131)
[2018.01.26-10.27.59:879][847]LogModuleManager: Shutting down and abandoning module Documentation (130)
[2018.01.26-10.27.59:879][847]LogModuleManager: Shutting down and abandoning module GameLiveStreaming (129)
[2018.01.26-10.27.59:879][847]LogModuleManager: Shutting down and abandoning module StreamingPauseRendering (128)
[2018.01.26-10.27.59:880][847]LogModuleManager: Shutting down and abandoning module AnalyticsET (127)
[2018.01.26-10.27.59:880][847]LogModuleManager: Shutting down and abandoning module Analytics (126)
[2018.01.26-10.27.59:880][847]LogModuleManager: Shutting down and abandoning module AITestSuite (125)
[2018.01.26-10.27.59:880][847]LogModuleManager: Shutting down and abandoning module GameplayDebugger (124)
[2018.01.26-10.27.59:880][847]LogModuleManager: Shutting down and abandoning module AIModule (123)
[2018.01.26-10.27.59:880][847]LogModuleManager: Shutting down and abandoning module ProfilerService (122)
[2018.01.26-10.28.00:001][847]LogModuleManager: Shutting down and abandoning module TaskGraph (121)
[2018.01.26-10.28.00:001][847]LogModuleManager: Shutting down and abandoning module SlateRemote (120)
[2018.01.26-10.28.00:021][847]LogModuleManager: Shutting down and abandoning module SteamVRController (119)
[2018.01.26-10.28.00:021][847]LogModuleManager: Shutting down and abandoning module SteamVR (118)
[2018.01.26-10.28.00:021][847]LogModuleManager: Shutting down and abandoning module ProceduralMeshComponent (117)
[2018.01.26-10.28.00:021][847]LogModuleManager: Shutting down and abandoning module OculusRift (116)
[2018.01.26-10.28.00:021][847]LogModuleManager: Shutting down and abandoning module OculusLibrary (115)
[2018.01.26-10.28.00:021][847]LogModuleManager: Shutting down and abandoning module LeapMotionController (114)
[2018.01.26-10.28.00:036][847]LogModuleManager: Shutting down and abandoning module CustomMeshComponent (113)
[2018.01.26-10.28.00:047][847]LogModuleManager: Shutting down and abandoning module CableComponent (112)
[2018.01.26-10.28.00:047][847]LogModuleManager: Shutting down and abandoning module ArchVisCharacter (111)
[2018.01.26-10.28.00:047][847]LogModuleManager: Shutting down and abandoning module MessagingDebugger (110)
[2018.01.26-10.28.00:056][847]LogModuleManager: Shutting down and abandoning module MediaPlayerEditor (109)
[2018.01.26-10.28.00:068][847]LogModuleManager: Shutting down and abandoning module HTML5Networking (108)
[2018.01.26-10.28.00:068][847]LogModuleManager: Shutting down and abandoning module SpeedTreeImporter (107)
[2018.01.26-10.28.00:068][847]LogModuleManager: Shutting down and abandoning module PluginBrowser (106)
[2018.01.26-10.28.00:068][847]LogModuleManager: Shutting down and abandoning module EpicSurvey (105)
[2018.01.26-10.28.00:068][847]LogModuleManager: Shutting down and abandoning module DesktopPlatform (104)
[2018.01.26-10.28.00:081][847]LogModuleManager: Shutting down and abandoning module VisualStudioSourceCodeAccess (103)
[2018.01.26-10.28.00:081][847]LogModuleManager: Shutting down and abandoning module UObjectPlugin (102)
[2018.01.26-10.28.00:081][847]LogModuleManager: Shutting down and abandoning module SubversionSourceControl (101)
[2018.01.26-10.28.00:081][847]LogModuleManager: Shutting down and abandoning module PerforceSourceControl (100)
[2018.01.26-10.28.00:082][847]LogModuleManager: Shutting down and abandoning module SourceControl (99)
[2018.01.26-10.28.00:082][847]LogModuleManager: Shutting down and abandoning module GitSourceControl (98)
[2018.01.26-10.28.00:082][847]LogModuleManager: Shutting down and abandoning module LightPropagationVolumeEditor (97)
[2018.01.26-10.28.00:082][847]LogModuleManager: Shutting down and abandoning module PaperTiledImporter (96)
[2018.01.26-10.28.00:082][847]LogModuleManager: Shutting down and abandoning module PaperSpriteSheetImporter (95)
[2018.01.26-10.28.00:082][847]LogModuleManager: Shutting down and abandoning module MeshPaint (94)
[2018.01.26-10.28.00:082][847]LogModuleManager: Shutting down and abandoning module SlateReflector (93)
[2018.01.26-10.28.00:094][847]LogModuleManager: Shutting down and abandoning module HotReload (92)
[2018.01.26-10.28.00:095][847]LogModuleManager: Shutting down and abandoning module MainFrame (91)
[2018.01.26-10.28.00:095][847]LogModuleManager: Shutting down and abandoning module LevelEditor (90)
[2018.01.26-10.28.00:104][847]LogModuleManager: Shutting down and abandoning module DirectoryWatcher (89)
[2018.01.26-10.28.00:105][847]LogModuleManager: Shutting down and abandoning module AssetRegistry (88)
[2018.01.26-10.28.00:198][847]LogModuleManager: Shutting down and abandoning module ContentBrowser (87)
[2018.01.26-10.28.00:200][847]LogModuleManager: Shutting down and abandoning module Paper2DEditor (86)
[2018.01.26-10.28.00:211][847]LogModuleManager: Shutting down and abandoning module UdpMessaging (85)
[2018.01.26-10.28.00:311][847]LogModuleManager: Shutting down and abandoning module LightPropagationVolumeRuntime (84)
[2018.01.26-10.28.00:311][847]LogModuleManager: Shutting down and abandoning module Paper2D (83)
[2018.01.26-10.28.00:311][847]LogModuleManager: Shutting down and abandoning module WindowsMoviePlayer (82)
[2018.01.26-10.28.00:333][847]LogModuleManager: Shutting down and abandoning module Media (81)
[2018.01.26-10.28.00:333][847]LogModuleManager: Shutting down and abandoning module WmfMedia (80)
[2018.01.26-10.28.00:334][847]LogModuleManager: Shutting down and abandoning module OnlineBlueprintSupport (79)
[2018.01.26-10.28.00:334][847]LogModuleManager: Shutting down and abandoning module GameplayTasksEditor (78)
[2018.01.26-10.28.00:334][847]LogModuleManager: Shutting down and abandoning module PropertyEditor (77)
[2018.01.26-10.28.00:334][847]LogModuleManager: Shutting down and abandoning module BehaviorTreeEditor (76)
[2018.01.26-10.28.00:357][847]LogModuleManager: Shutting down and abandoning module FunctionalTesting (75)
[2018.01.26-10.28.00:357][847]LogModuleManager: Shutting down and abandoning module CollisionAnalyzer (74)
[2018.01.26-10.28.00:357][847]LogModuleManager: Shutting down and abandoning module WorkspaceMenuStructure (73)
[2018.01.26-10.28.00:358][847]LogModuleManager: Shutting down and abandoning module MessageLog (72)
[2018.01.26-10.28.00:358][847]LogModuleManager: Shutting down and abandoning module Sequencer (71)
[2018.01.26-10.28.00:358][847]LogModuleManager: Shutting down and abandoning module AssetTools (70)
[2018.01.26-10.28.00:379][847]LogModuleManager: Shutting down and abandoning module UMGEditor (69)
[2018.01.26-10.28.00:391][847]LogModuleManager: Shutting down and abandoning module UMG (68)
[2018.01.26-10.28.00:391][847]LogModuleManager: Shutting down and abandoning module Slate (67)
[2018.01.26-10.28.00:391][847]LogModuleManager: Shutting down and abandoning module EditorStyle (66)
[2018.01.26-10.28.00:394][847]LogModuleManager: Shutting down and abandoning module SessionServices (65)
[2018.01.26-10.28.00:394][847]LogModuleManager: Shutting down and abandoning module SourceCodeAccess (64)
[2018.01.26-10.28.00:394][847]LogModuleManager: Shutting down and abandoning module HeadMountedDisplay (63)
[2018.01.26-10.28.00:394][847]LogModuleManager: Shutting down and abandoning module XAudio2 (62)
[2018.01.26-10.28.00:394][847]LogModuleManager: Shutting down and abandoning module Networking (60)
[2018.01.26-10.28.00:394][847]LogModuleManager: Shutting down and abandoning module Core (59)
[2018.01.26-10.28.00:394][847]LogModuleManager: Shutting down and abandoning module KismetCompiler (58)
[2018.01.26-10.28.00:394][847]LogModuleManager: Shutting down and abandoning module PhysXFormats (57)
[2018.01.26-10.28.00:394][847]LogModuleManager: Shutting down and abandoning module MeshUtilities (56)
[2018.01.26-10.28.00:405][847]LogModuleManager: Shutting down and abandoning module CookingStats (55)
[2018.01.26-10.28.00:406][847]LogModuleManager: Shutting down and abandoning module DerivedDataCache (54)
[2018.01.26-10.28.00:492][847]LogDerivedDataCache: Shutdown
[2018.01.26-10.28.00:492][847]LogModuleManager: Shutting down and abandoning module ShaderFormatOpenGL (53)
[2018.01.26-10.28.00:528][847]LogModuleManager: Shutting down and abandoning module ShaderFormatD3D (52)
[2018.01.26-10.28.00:528][847]LogModuleManager: Shutting down and abandoning module MetalShaderFormat (51)
[2018.01.26-10.28.00:647][847]LogModuleManager: Shutting down and abandoning module TextureFormatUncompressed (50)
[2018.01.26-10.28.00:647][847]LogModuleManager: Shutting down and abandoning module TextureFormatPVR (49)
[2018.01.26-10.28.00:647][847]LogModuleManager: Shutting down and abandoning module TextureFormatIntelISPCTexComp (48)
[2018.01.26-10.28.00:647][847]LogModuleManager: Shutting down and abandoning module TextureFormatDXT (47)
[2018.01.26-10.28.00:647][847]LogModuleManager: Shutting down and abandoning module ImageWrapper (46)
[2018.01.26-10.28.00:647][847]LogModuleManager: Shutting down and abandoning module TextureFormatASTC (45)
[2018.01.26-10.28.00:647][847]LogModuleManager: Shutting down and abandoning module TextureFormatAndroid (44)
[2018.01.26-10.28.00:647][847]LogModuleManager: Shutting down and abandoning module AudioFormatOpus (43)
[2018.01.26-10.28.00:647][847]LogModuleManager: Shutting down and abandoning module AudioFormatOgg (42)
[2018.01.26-10.28.00:647][847]LogModuleManager: Shutting down and abandoning module AudioFormatADPCM (41)
[2018.01.26-10.28.00:647][847]LogModuleManager: Shutting down and abandoning module LinuxTargetPlatform (40)
[2018.01.26-10.28.00:647][847]LogModuleManager: Shutting down and abandoning module LinuxServerTargetPlatform (39)
[2018.01.26-10.28.00:647][847]LogModuleManager: Shutting down and abandoning module LinuxNoEditorTargetPlatform (38)
[2018.01.26-10.28.00:647][847]LogModuleManager: Shutting down and abandoning module Messaging (37)
[2018.01.26-10.28.00:647][847]LogModuleManager: Shutting down and abandoning module IOSTargetPlatform (36)
[2018.01.26-10.28.00:647][847]LogModuleManager: Shutting down and abandoning module HTML5TargetPlatform (35)
[2018.01.26-10.28.00:647][847]LogModuleManager: Shutting down and abandoning module Android_PVRTCTargetPlatform (34)
[2018.01.26-10.28.00:647][847]LogModuleManager: Shutting down and abandoning module Android_ETC2TargetPlatform (33)
[2018.01.26-10.28.00:647][847]LogModuleManager: Shutting down and abandoning module Android_ETC1TargetPlatform (32)
[2018.01.26-10.28.00:647][847]LogModuleManager: Shutting down and abandoning module Android_DXTTargetPlatform (31)
[2018.01.26-10.28.00:647][847]LogModuleManager: Shutting down and abandoning module Android_ATCTargetPlatform (30)
[2018.01.26-10.28.00:647][847]LogModuleManager: Shutting down and abandoning module Android_ASTCTargetPlatform (29)
[2018.01.26-10.28.00:647][847]LogModuleManager: Shutting down and abandoning module AndroidTargetPlatform (28)
[2018.01.26-10.28.00:647][847]LogModuleManager: Shutting down and abandoning module WindowsTargetPlatform (27)
[2018.01.26-10.28.00:647][847]LogModuleManager: Shutting down and abandoning module WindowsServerTargetPlatform (26)
[2018.01.26-10.28.00:647][847]LogModuleManager: Shutting down and abandoning module WindowsNoEditorTargetPlatform (25)
[2018.01.26-10.28.00:647][847]LogModuleManager: Shutting down and abandoning module WindowsClientTargetPlatform (24)
[2018.01.26-10.28.00:647][847]LogModuleManager: Shutting down and abandoning module AllDesktopTargetPlatform (23)
[2018.01.26-10.28.00:647][847]LogModuleManager: Shutting down and abandoning module TargetPlatform (22)
[2018.01.26-10.28.00:647][847]LogModuleManager: Shutting down and abandoning module InputCore (21)
[2018.01.26-10.28.00:647][847]LogModuleManager: Shutting down and abandoning module Settings (20)
[2018.01.26-10.28.00:647][847]LogModuleManager: Shutting down and abandoning module OnlineSubsystem (18)
[2018.01.26-10.28.00:647][847]LogModuleManager: Shutting down and abandoning module HTTP (17)
[2018.01.26-10.28.04:648][847]LogModuleManager: Shutting down and abandoning module XMPP (16)
[2018.01.26-10.28.04:721][847]LogModuleManager: Shutting down and abandoning module ExampleDeviceProfileSelector (15)
[2018.01.26-10.28.04:721][847]LogModuleManager: Shutting down and abandoning module TextureCompressor (14)
[2018.01.26-10.28.04:747][847]LogModuleManager: Shutting down and abandoning module ShaderCore (13)
[2018.01.26-10.28.04:747][847]LogModuleManager: Shutting down and abandoning module Landscape (12)
[2018.01.26-10.28.04:747][847]LogModuleManager: Shutting down and abandoning module SlateRHIRenderer (11)
[2018.01.26-10.28.04:749][847]LogModuleManager: Shutting down and abandoning module OpenGLDrv (10)
[2018.01.26-10.28.04:758][847]LogModuleManager: Shutting down and abandoning module D3D11RHI (9)
[2018.01.26-10.28.04:758][847]LogModuleManager: Shutting down and abandoning module AnimGraphRuntime (8)
[2018.01.26-10.28.04:758][847]LogModuleManager: Shutting down and abandoning module Renderer (7)
[2018.01.26-10.28.04:758][847]LogModuleManager: Shutting down and abandoning module Engine (6)
[2018.01.26-10.28.04:758][847]LogModuleManager: Shutting down and abandoning module CoreUObject (5)
[2018.01.26-10.28.04:758][847]LogModuleManager: Shutting down and abandoning module NetworkFile (4)
[2018.01.26-10.28.04:767][847]LogModuleManager: Shutting down and abandoning module StreamingFile (3)
[2018.01.26-10.28.04:805][847]LogModuleManager: Shutting down and abandoning module SandboxFile (2)
[2018.01.26-10.28.04:814][847]LogModuleManager: Shutting down and abandoning module PakFile (1)
[2018.01.26-10.28.04:823][847]LogExit: Exiting.
[2018.01.26-10.28.04:824][847]Log file closed, 01/26/18 18:28:04
