[2018.02.07-08.31.46:791][  0]Log file open, 02/07/18 16:31:46
[2018.02.07-08.31.46:791][  0]LogInit:Display: Running engine for game: TopDown
[2018.02.07-08.31.46:791][  0]LogInit:Display: RandInit(-1037764349) SRandInit(-1037764349).
[2018.02.07-08.31.46:791][  0]LogTaskGraph: Started task graph with 4 named threads and 5 total threads.
[2018.02.07-08.31.46:791][  0]LogStats: Stats thread started at 0.114330
[2018.02.07-08.31.46:791][  0]LogInit: Version: 4.9.2-2707645+++depot+UE4-Releases+4.9
[2018.02.07-08.31.46:791][  0]LogInit: API Version: 2672455
[2018.02.07-08.31.46:791][  0]LogInit: Compiled (64-bit): Sep 28 2015 10:25:44
[2018.02.07-08.31.46:791][  0]LogInit: Compiled with Visual C++: 18.00.21005.01
[2018.02.07-08.31.46:791][  0]LogInit: Build Configuration: Development
[2018.02.07-08.31.46:791][  0]LogInit: Branch Name: ++depot+UE4-Releases+4.9
[2018.02.07-08.31.46:791][  0]LogInit: Command line:  
[2018.02.07-08.31.46:791][  0]LogInit: Base directory: D:/UE_4.9/Engine/Binaries/Win64/
[2018.02.07-08.31.46:791][  0]LogInit: Rocket: 1
[2018.02.07-08.31.46:813][  0]LogInit: Using libcurl 7.41.0
[2018.02.07-08.31.46:813][  0]LogInit:  - built for x86_64-pc-win32
[2018.02.07-08.31.46:813][  0]LogInit:  - supports SSL with WinSSL
[2018.02.07-08.31.46:813][  0]LogInit:  - other features:
[2018.02.07-08.31.46:813][  0]LogInit:      CURL_VERSION_SSL
[2018.02.07-08.31.46:813][  0]LogInit:      CURL_VERSION_IPV6
[2018.02.07-08.31.46:813][  0]LogInit:      CURL_VERSION_ASYNCHDNS
[2018.02.07-08.31.46:813][  0]LogInit:      CURL_VERSION_LARGEFILE
[2018.02.07-08.31.46:813][  0]LogInit:      CURL_VERSION_IDN
[2018.02.07-08.31.46:814][  0]LogInit:  CurlRequestOptions (configurable via config and command line):
[2018.02.07-08.31.46:814][  0]LogInit:  - bVerifyPeer = true  - Libcurl will verify peer certificate
[2018.02.07-08.31.46:814][  0]LogInit:  - bUseHttpProxy = false  - Libcurl will NOT use HTTP proxy
[2018.02.07-08.31.46:814][  0]LogInit:  - bDontReuseConnections = false  - Libcurl will reuse connections
[2018.02.07-08.31.46:814][  0]LogInit:  - CertBundlePath = nullptr  - Libcurl will use whatever was configured at build time.
[2018.02.07-08.31.46:830][  0]LogInit: Presizing for 0 objects not considered by GC, pre-allocating 0 bytes.
[2018.02.07-08.31.46:848][  0]LogInit: Object subsystem initialized
[2018.02.07-08.31.46:851][  0]LogInit: Selected Device Profile: [Windows]
[2018.02.07-08.31.46:851][  0]LogInit: Applying CVar settings loaded from the selected device profile: [Windows]
[2018.02.07-08.31.46:883][  0]LogInit: Computer: 1-ПК
[2018.02.07-08.31.46:883][  0]LogInit: User: 1
[2018.02.07-08.31.46:883][  0]LogInit: CPU Page size=4096, Cores=2
[2018.02.07-08.31.46:883][  0]LogInit: High frequency timer resolution =2.338486 MHz
[2018.02.07-08.31.46:883][  0]LogMemory: Memory total: Physical=3.9GB (4GB approx)
[2018.02.07-08.31.46:883][  0]LogMemory: Platform Memory Stats for Windows
[2018.02.07-08.31.46:883][  0]LogMemory: Process Physical Memory: 59.81 MB used, 59.81 MB peak
[2018.02.07-08.31.46:883][  0]LogMemory: Process Virtual Memory: 63.74 MB used, 63.74 MB peak
[2018.02.07-08.31.46:883][  0]LogMemory: Physical Memory: 1074.78 MB used, 4010.14 MB total
[2018.02.07-08.31.46:884][  0]LogMemory: Virtual Memory: 350.29 MB used, 8388608.00 MB total
[2018.02.07-08.31.48:060][  0]LogTextLocalizationManager: No translations for ('ru-RU') exist, falling back to 'en' for localization and internationalization data.
[2018.02.07-08.31.55:932][  0]LogD3D11RHI: Found D3D11 adapter 0: NVIDIA GeForce 410M (Feature Level 11_0)
[2018.02.07-08.31.55:932][  0]LogD3D11RHI: Adapter has 979MB of dedicated video memory, 0MB of dedicated system memory, and 1749MB of shared system memory, 1 output[s]
[2018.02.07-08.31.55:997][  0]LogD3D11RHI: Found D3D11 adapter 1: NVIDIA GeForce 410M (Feature Level 11_0)
[2018.02.07-08.31.55:997][  0]LogD3D11RHI: Adapter has 979MB of dedicated video memory, 0MB of dedicated system memory, and 1749MB of shared system memory, 0 output[s]
[2018.02.07-08.31.55:998][  0]LogD3D11RHI: Chosen D3D11 Adapter Id = 0
[2018.02.07-08.31.56:007][  0]LogD3D11RHI: !Direct3DDevice
[2018.02.07-08.31.56:007][  0]LogRHI: Texture pool is 1297 MB (70% of 1854 MB)
[2018.02.07-08.31.56:031][  0]LogD3D11RHI: Async texture creation enabled
[2018.02.07-08.31.56:044][  0]LogShaderCompilers: Guid format shader working directory is 15 characters bigger than the processId version (../../../../sergey/UnrealProjects/Game_1337/TopDown/Intermediate/Shaders/WorkingDirectory/1060/).
[2018.02.07-08.31.56:044][  0]LogShaderCompilers: Cleaned the shader compiler working directory '../../../../sergey/UnrealProjects/Game_1337/TopDown/Intermediate/Shaders/tmp/C9306FC640148AED6F9DD785D2CC7788/'.
[2018.02.07-08.31.56:044][  0]LogShaderCompilers:Display: Using Local Shader Compiler.
[2018.02.07-08.32.07:845][  0]LogTemp:Display: Loaded TP AllDesktopTargetPlatform
[2018.02.07-08.32.07:869][  0]LogTemp:Display: Loaded TP WindowsClientTargetPlatform
[2018.02.07-08.32.07:882][  0]LogTemp:Display: Loaded TP WindowsNoEditorTargetPlatform
[2018.02.07-08.32.07:893][  0]LogTemp:Display: Loaded TP WindowsServerTargetPlatform
[2018.02.07-08.32.07:904][  0]LogTemp:Display: Loaded TP WindowsTargetPlatform
[2018.02.07-08.32.07:912][  0]LogTemp:Display: Loaded TP AndroidTargetPlatform
[2018.02.07-08.32.07:920][  0]LogTemp:Display: Loaded TP Android_ASTCTargetPlatform
[2018.02.07-08.32.07:929][  0]LogTemp:Display: Loaded TP Android_ATCTargetPlatform
[2018.02.07-08.32.07:976][  0]LogTemp:Display: Loaded TP Android_DXTTargetPlatform
[2018.02.07-08.32.07:994][  0]LogTemp:Display: Loaded TP Android_ETC1TargetPlatform
[2018.02.07-08.32.08:022][  0]LogTemp:Display: Loaded TP Android_ETC2TargetPlatform
[2018.02.07-08.32.08:046][  0]LogTemp:Display: Loaded TP Android_PVRTCTargetPlatform
[2018.02.07-08.32.08:051][  0]LogTemp:Display: Loaded TP HTML5TargetPlatform
[2018.02.07-08.32.08:129][  0]LogTemp:Display: Loaded TP IOSTargetPlatform
[2018.02.07-08.32.08:178][  0]LogTemp:Display: Loaded TP LinuxNoEditorTargetPlatform
[2018.02.07-08.32.08:207][  0]LogTemp:Display: Loaded TP LinuxServerTargetPlatform
[2018.02.07-08.32.08:266][  0]LogTemp:Display: Loaded TP LinuxTargetPlatform
[2018.02.07-08.32.08:266][  0]LogTargetPlatformManager:Display: Building Assets For Windows
[2018.02.07-08.32.09:085][  0]LogDerivedDataCache:Display: Max Cache Size: 512 MB
[2018.02.07-08.32.09:887][  0]LogDerivedDataCache: Loaded boot cache 0.80s 41MB C:/Users/1/AppData/Local/UnrealEngine/4.9/DerivedDataCache/Boot.ddc.
[2018.02.07-08.32.09:887][  0]LogDerivedDataCache:Display: Loaded Boot cache: C:/Users/1/AppData/Local/UnrealEngine/4.9/DerivedDataCache/Boot.ddc
[2018.02.07-08.32.09:887][  0]LogDerivedDataCache: FDerivedDataBackendGraph:  Pak pak cache file ../../../../sergey/UnrealProjects/Game_1337/TopDown/DerivedDataCache/DDC.ddp not found, will not use a pak cache.
[2018.02.07-08.32.09:887][  0]LogDerivedDataCache: Unable to find inner node Pak for hierarchical cache Hierarchy.
[2018.02.07-08.32.09:887][  0]LogDerivedDataCache: FDerivedDataBackendGraph:  CompressedPak pak cache file ../../../../sergey/UnrealProjects/Game_1337/TopDown/DerivedDataCache/Compressed.ddp not found, will not use a pak cache.
[2018.02.07-08.32.09:888][  0]LogDerivedDataCache: Unable to find inner node CompressedPak for hierarchical cache Hierarchy.
[2018.02.07-08.32.10:218][  0]LogDerivedDataCache:Display: Pak cache opened for reading ../../../Engine/DerivedDataCache/Compressed.ddp.
[2018.02.07-08.32.10:231][  0]LogDerivedDataCache: Using Local data cache path C:/Users/1/AppData/Local/UnrealEngine/Common/DerivedDataCache: Writable
[2018.02.07-08.32.16:839][  0]LogInit: Selected Device Profile: [Windows]
[2018.02.07-08.32.16:840][  0]LogContentStreaming: Texture pool size is 0.000000MB
[2018.02.07-08.32.16:932][  0]LogMeshUtilities: No automatic mesh reduction module available
[2018.02.07-08.32.16:932][  0]LogMeshUtilities: No automatic mesh merging module available
[2018.02.07-08.32.17:705][  0]LogInit: WinSock: version 1.1 (2.2), MaxSocks=32767, MaxUdp=65467
[2018.02.07-08.32.37:414][  0]UdpMessaging: Initializing bridge on interface 0.0.0.0:0 to multicast group 230.0.0.1:6666.
[2018.02.07-08.32.38:083][  0]LogAssetRegistry: FAssetRegistry took 0.0101 seconds to start up
[2018.02.07-08.32.39:119][  0]SourceControl: Info Source control is disabled
[2018.02.07-08.32.39:120][  0]SourceControl: Info Source control is disabled
[2018.02.07-08.32.39:177][  0]SourceControl: Info Source control is disabled
[2018.02.07-08.32.39:194][  0]SourceControl: Info Source control is disabled
[2018.02.07-08.32.40:712][  0]LogLinker:Warning: Asset '../../../Engine/Plugins/Runtime/LeapMotionController/Content/LM_PassthroughMaterial.uasset' has been saved with empty engine version. The asset will be loaded but may be incompatible.
[2018.02.07-08.32.41:046][  0]LogObj: 28361 objects as part of root set at end of initial load.
[2018.02.07-08.32.41:047][  0]LogUObjectAllocator: 6038864 out of 0 bytes used by permanent object pool.
[2018.02.07-08.32.41:249][  0]LogEngine: Initializing Engine...
[2018.02.07-08.32.41:251][  0]LogHMD: Can't find Oculus library dev build: is proper Runtime installed? Version: 0.7.0.0
[2018.02.07-08.32.41:456][  0]LogHMD: SteamVR failed to initialize.  Err: 110
[2018.02.07-08.32.41:763][  0]LogAIModule: Creating AISystem for world NewWorld
[2018.02.07-08.32.42:113][  0]LogInit: XAudio2 using 'Динамики (Устройство с поддержкой High Definition Audio)' : 2 channels at 44.1 kHz using 16 bits per sample (channel mask 0x3)
[2018.02.07-08.32.42:984][  0]LogInit: FAudioDevice initialized.
[2018.02.07-08.32.43:058][  0]LogDerivedDataCache: Saved boot cache 0.07s 41MB C:/Users/1/AppData/Local/UnrealEngine/4.9/DerivedDataCache/Boot.ddc.
[2018.02.07-08.32.43:064][  0]LogInit: Texture streaming: Enabled
[2018.02.07-08.32.43:099][  0]LogAnalytics: Creating configured Analytics provider AnalyticsET
[2018.02.07-08.32.43:099][  0]LogAnalytics: [UEEditor.Rocket.Release] APIServer = http://et2.epicgames.com/ET2/. AppVersion = 4.9.2-2707645+++depot+UE4-Releases+4.9
[2018.02.07-08.32.43:099][  0]LogAnalytics: [UEEditor.Rocket.Release] SetUserId fdb2de1848db1fa47a6f94acde81dca0|be1dc849c34248278283a980c6ca8968|82021297-a794-427f-b0e0-602fe21b1b06
[2018.02.07-08.32.43:114][  0]LogAnalytics: [UEEditor.Rocket.Release] AnalyticsET::StartSession
[2018.02.07-08.32.43:400][  0]LogInit: Transaction tracking system initialized
[2018.02.07-08.32.44:117][  0]BlueprintLog: New page: Editor Load
[2018.02.07-08.32.47:971][  0]LocalizationService: Info Localization service is disabled
[2018.02.07-08.32.48:343][  0]LogLinker:Warning: Can't find file '/Game/FirstPersonBP/FirstPersonOverview'
[2018.02.07-08.32.48:344][  0]LogLinker:Warning: Can't find file '/Game/FirstPersonBP/FirstPersonOverview'
[2018.02.07-08.32.48:344][  0]LogUObjectGlobals:Warning: Failed to find object 'Class /Game/FirstPersonBP/FirstPersonOverview.FirstPersonOverview_C'
[2018.02.07-08.32.48:738][  0]LogConsoleResponse:Display: 
[2018.02.07-08.32.49:946][  0]LogCook:Display: Done creating registry. It took  0.00s.
[2018.02.07-08.32.50:745][  0]LogFileCache: Scanning file cache for directory 'D:/sergey/UnrealProjects/Game_1337/TopDown/Content/' took 0.02s
[2018.02.07-08.32.50:844][  0]SourceControl: Info Source control is disabled
[2018.02.07-08.32.50:844][  0]Cmd: MAP LOAD FILE="../../../../sergey/UnrealProjects/Game_1337/TopDown/Content/TopDownBP/Maps/TopDownExampleMap.umap" TEMPLATE=0 SHOWPROGRESS=1 FEATURELEVEL=3
[2018.02.07-08.32.50:845][  0]LightingResults: New page: Lighting Build
[2018.02.07-08.32.50:879][  0]MapCheck: New page: Map Check
[2018.02.07-08.32.50:879][  0]LightingResults: New page: Lighting Build
[2018.02.07-08.32.50:903][  0]LogParticles: Destroying 0 GPU particle simulations for FXSystem 0x0000000022A82160
[2018.02.07-08.32.50:971][  0]LogLinker:Warning: Asset '../../../../sergey/UnrealProjects/Game_1337/TopDown/Content/Mannequin/Animations/ThirdPerson_AnimBP.uasset' has been saved with empty engine version. The asset will be loaded but may be incompatible.
[2018.02.07-08.32.50:973][  0]LogLinker:Warning: Asset '../../../../sergey/UnrealProjects/Game_1337/TopDown/Content/Mannequin/Animations/ThirdPerson_Jump.uasset' has been saved with empty engine version. The asset will be loaded but may be incompatible.
[2018.02.07-08.32.50:976][  0]LogLinker:Warning: Asset '../../../../sergey/UnrealProjects/Game_1337/TopDown/Content/Mannequin/Animations/ThirdPersonJump_Loop.uasset' has been saved with empty engine version. The asset will be loaded but may be incompatible.
[2018.02.07-08.32.50:977][  0]LogLinker:Warning: Asset '../../../../sergey/UnrealProjects/Game_1337/TopDown/Content/Mannequin/Animations/ThirdPersonJump_Start.uasset' has been saved with empty engine version. The asset will be loaded but may be incompatible.
[2018.02.07-08.32.50:979][  0]LogLinker:Warning: Asset '../../../../sergey/UnrealProjects/Game_1337/TopDown/Content/Mannequin/Animations/ThirdPerson_IdleRun_2D.uasset' has been saved with empty engine version. The asset will be loaded but may be incompatible.
[2018.02.07-08.32.50:980][  0]LogLinker:Warning: Asset '../../../../sergey/UnrealProjects/Game_1337/TopDown/Content/Mannequin/Animations/ThirdPersonIdle.uasset' has been saved with empty engine version. The asset will be loaded but may be incompatible.
[2018.02.07-08.32.50:981][  0]LogLinker:Warning: Asset '../../../../sergey/UnrealProjects/Game_1337/TopDown/Content/Mannequin/Animations/ThirdPersonRun.uasset' has been saved with empty engine version. The asset will be loaded but may be incompatible.
[2018.02.07-08.32.50:983][  0]LogLinker:Warning: Asset '../../../../sergey/UnrealProjects/Game_1337/TopDown/Content/Mannequin/Animations/ThirdPersonWalk.uasset' has been saved with empty engine version. The asset will be loaded but may be incompatible.
[2018.02.07-08.32.52:190][  0]LogLinker:Warning: CreateExport: Failed to load Parent for Function /Game/TopDownBP/Blueprints/Inventory/Chests/chest-base.chest-base_C:UserConstructionScript; removing parent information, but keeping function
[2018.02.07-08.32.52:292][  0]LogLinker:Warning: CreateExport: Failed to load Parent for Function /Game/TopDownBP/Blueprints/Inventory/Item/Items/Base_Items/Item_aid_base.Item_aid_base_C:UserConstructionScript; removing parent information, but keeping function
[2018.02.07-08.32.52:310][  0]LogLinker:Warning: CreateExport: Failed to load Parent for Function /Game/TopDownBP/Blueprints/Inventory/Item/Items/Base_Items/Item_Statue.Item_Statue_C:UserConstructionScript; removing parent information, but keeping function
[2018.02.07-08.32.57:847][  0]LogAIModule: Creating AISystem for world TopDownExampleMap
[2018.02.07-08.32.57:890][  0]LogEditorServer: Finished looking for orphan Actors (0.000 secs)
[2018.02.07-08.32.57:891][  0]Cmd: MAP CHECKDEP NOCLEARLOG
[2018.02.07-08.32.57:990][  0]MapCheck: Info Map check complete: 0 Error(s), 0 Warning(s), took 98.732ms to complete.
[2018.02.07-08.32.57:990][  0]LogFileHelpers: Loading map 'TopDownExampleMap' took 7.146
[2018.02.07-08.32.58:447][  0]LogCollectionManager: Loaded 0 collections in 0.002189 seconds
[2018.02.07-08.32.58:489][  0]LogFileCache: Scanning file cache for directory 'D:/sergey/UnrealProjects/Game_1337/TopDown/Saved/Collections/' took 0.01s
[2018.02.07-08.32.58:489][  0]LogFileCache: Scanning file cache for directory 'D:/sergey/UnrealProjects/Game_1337/TopDown/Content/Developers/1/Collections/' took 0.01s
[2018.02.07-08.32.58:489][  0]LogFileCache: Scanning file cache for directory 'D:/sergey/UnrealProjects/Game_1337/TopDown/Content/Collections/' took 0.01s
[2018.02.07-08.32.58:489][  0]LogContentBrowser: Native class hierarchy populated in 0.0102 seconds. Added 1868 classes and 335 folders.
[2018.02.07-08.32.58:495][  0]LogCollectionManager: Rebuilt the GUID cache for 0 collections in 0.000003 seconds
[2018.02.07-08.32.58:502][  0]LogContentBrowser: Native class hierarchy updated for 'WidgetCarousel' in 0.0004 seconds. Added 0 classes and 0 folders.
[2018.02.07-08.33.00:351][  0]LogContentBrowser: Native class hierarchy updated for 'AddContentDialog' in 0.0005 seconds. Added 0 classes and 0 folders.
[2018.02.07-08.33.00:438][  0]LogCrashTracker: Crashtracker disabled due to settings.
[2018.02.07-08.33.00:445][  0]LogUObjectGlobals:Warning: Failed to find object 'Class None.'
[2018.02.07-08.33.00:474][  0]LogLoad: Full Startup: 76.10 seconds (BP compile: 0.62 seconds)
[2018.02.07-08.33.00:953][  0]LogContentStreaming: Texture pool size now 400 MB
[2018.02.07-08.33.01:138][  0]LogRenderer: Reallocating scene render targets to support 536x352 (Frame:2).
[2018.02.07-08.33.04:256][ 10]LogAssetRegistry: Asset discovery search completed in 26.1837 seconds
[2018.02.07-08.33.04:257][ 10]LogCollectionManager: Rebuilt the object cache for 0 collections in 0.000001 seconds (found 0 objects)
[2018.02.07-08.33.04:257][ 10]LogCollectionManager: Fixed up redirectors for 0 collections in 0.000034 seconds (updated 0 objects)
[2018.02.07-08.33.16:164][130]LogContentBrowser: Native class hierarchy updated for 'BlueprintGraph' in 0.0011 seconds. Added 107 classes and 0 folders.
[2018.02.07-08.33.20:473][224]LogLinker:Warning: Asset '../../../Engine/Content/ArtTools/RenderToTexture/Macros/RenderToTextureMacros.uasset' has been saved with empty engine version. The asset will be loaded but may be incompatible.
[2018.02.07-08.34.10:188][334]LogBlueprintUserMessages: Early PlayInEditor Detection: Level '/Game/TopDownBP/Maps/TopDownExampleMap.TopDownExampleMap:PersistentLevel' has LevelScriptBlueprint '/Game/TopDownBP/Maps/TopDownExampleMap.TopDownExampleMap:PersistentLevel.TopDownExampleMap' with GeneratedClass '/Game/TopDownBP/Maps/TopDownExampleMap.TopDownExampleMap_C' with ClassGeneratedBy '/Game/TopDownBP/Maps/TopDownExampleMap.TopDownExampleMap:PersistentLevel.TopDownExampleMap'
[2018.02.07-08.34.10:188][334]LogPlayLevel: PlayLevel: No blueprints needed recompiling
[2018.02.07-08.34.10:188][334]PIE: New page: PIE session: TopDownExampleMap (Feb 8, 2018, 12:34:10 AM)
[2018.02.07-08.34.10:188][334]LogPlayLevel: Creating play world package: /Game/TopDownBP/Maps/UEDPIE_0_TopDownExampleMap
[2018.02.07-08.34.10:238][334]LogPlayLevel: PIE: StaticDuplicateObject took: (0.050008s)
[2018.02.07-08.34.10:239][334]LogAIModule: Creating AISystem for world TopDownExampleMap
[2018.02.07-08.34.10:240][334]LogPlayLevel: PIE: World Init took: (0.001157s)
[2018.02.07-08.34.10:240][334]LogPlayLevel: PIE: Created PIE world by copying editor world from /Game/TopDownBP/Maps/TopDownExampleMap.TopDownExampleMap to /Game/TopDownBP/Maps/UEDPIE_0_TopDownExampleMap.TopDownExampleMap (0.051568s)
[2018.02.07-08.34.10:240][334]LogActorComponent: UnregisterComponent: (/Engine/Transient.CharMoveComp) Not registered. Aborting.
[2018.02.07-08.34.10:345][334]LogInit: XAudio2 using 'Динамики (Устройство с поддержкой High Definition Audio)' : 2 channels at 44.1 kHz using 16 bits per sample (channel mask 0x3)
[2018.02.07-08.34.10:353][334]LogInit: FAudioDevice initialized.
[2018.02.07-08.34.10:409][334]LogWorld: Game class is 'TopDownGameMode_C'
[2018.02.07-08.34.10:423][334]LogWorld:Warning: *** WARNING - PATHS MAY NOT BE VALID ***
[2018.02.07-08.34.10:423][334]LogWorld: Bringing World /Game/TopDownBP/Maps/UEDPIE_0_TopDownExampleMap.TopDownExampleMap up for play (max tick rate 60) at 2018.02.07-16.34.10
[2018.02.07-08.34.10:423][334]LogActor:Warning: GameSession /Game/TopDownBP/Maps/UEDPIE_0_TopDownExampleMap.TopDownExampleMap:PersistentLevel.GameSession_0 has natively added scene component(s), but none of them were set as the actor's RootComponent - picking one arbitrarily
[2018.02.07-08.34.10:423][334]LogActor:Warning: GameNetworkManager /Game/TopDownBP/Maps/UEDPIE_0_TopDownExampleMap.TopDownExampleMap:PersistentLevel.GameNetworkManager_0 has natively added scene component(s), but none of them were set as the actor's RootComponent - picking one arbitrarily
[2018.02.07-08.34.10:424][334]LogWorld: Bringing up level for play took: 0.014225
[2018.02.07-08.34.10:473][334]PIE: Info Play in editor start time for /Game/TopDownBP/Maps/UEDPIE_0_TopDownExampleMap -0.553
[2018.02.07-08.34.10:474][334]LogBlueprintUserMessages: Late PlayInEditor Detection: Level '/Game/TopDownBP/Maps/TopDownExampleMap.TopDownExampleMap:PersistentLevel' has LevelScriptBlueprint '/Game/TopDownBP/Maps/TopDownExampleMap.TopDownExampleMap:PersistentLevel.TopDownExampleMap' with GeneratedClass '/Game/TopDownBP/Maps/TopDownExampleMap.TopDownExampleMap_C' with ClassGeneratedBy '/Game/TopDownBP/Maps/TopDownExampleMap.TopDownExampleMap:PersistentLevel.TopDownExampleMap'
[2018.02.07-08.34.10:524][335]LogRenderer: Reallocating scene render targets to support 1280x720 (Frame:1037).
[2018.02.07-08.34.13:006][367]LogBlueprintUserMessages: [TopDownCharacter_C_2] item placed to slot :  0
[2018.02.07-08.34.13:007][367]LogBlueprintUserMessages: [Item_aid_base_C_7] use
[2018.02.07-08.34.13:900][380]LogBlueprintUserMessages: [TopDownCharacter_C_2] item placed to slot :  1
[2018.02.07-08.34.13:900][380]LogBlueprintUserMessages: [Item_Statue11_749] use
[2018.02.07-08.34.14:242][385]LogBlueprintUserMessages: [Item_Statue10_581] long distance for picked up
[2018.02.07-08.34.14:658][391]LogBlueprintUserMessages: [TopDownCharacter_C_2] item placed to slot :  2
[2018.02.07-08.34.14:660][391]LogBlueprintUserMessages: [Item_Statue10_581] use
[2018.02.07-08.34.16:359][416]LogBlueprintUserMessages: [TopDownCharacter_C_2] Item dropped from  2
[2018.02.07-08.34.18:486][447]LogBlueprintUserMessages: [TopDownCharacter_C_2] Item dropped from  1
[2018.02.07-08.34.19:994][469]LogBlueprintUserMessages: [TopDownCharacter_C_2] Item dropped from  0
[2018.02.07-08.34.21:203][486]LogBlueprintUserMessages: [TopDownCharacter_C_2] item placed to slot :  0
[2018.02.07-08.34.21:204][486]LogBlueprintUserMessages: [Item_aid_base_C_15] use
[2018.02.07-08.34.21:522][491]LogBlueprintUserMessages: [TopDownCharacter_C_2] item stacked to slot :  0
[2018.02.07-08.34.21:524][491]LogBlueprintUserMessages: [Item_aid_base_C_9] use
[2018.02.07-08.34.22:480][505]LogBlueprintUserMessages: [TopDownCharacter_C_2] item placed to slot :  1
[2018.02.07-08.34.22:481][505]LogBlueprintUserMessages: [Item_Statue_C_75] use
[2018.02.07-08.34.22:818][510]LogBlueprintUserMessages: [TopDownCharacter_C_2] item placed to slot :  2
[2018.02.07-08.34.22:819][510]LogBlueprintUserMessages: [Item_Statue_C_76] use
[2018.02.07-08.34.24:917][541]LogBlueprintUserMessages: [TopDownCharacter_C_2] Item dropped from  2
[2018.02.07-08.34.26:530][564]LogBlueprintUserMessages: [TopDownCharacter_C_2] item placed to slot :  2
[2018.02.07-08.34.26:531][564]LogBlueprintUserMessages: [Item_Statue_C_77] use
[2018.02.07-08.34.27:459][578]LogBlueprintUserMessages: [Item_Statue18] long distance for picked up
[2018.02.07-08.34.28:130][588]LogBlueprintUserMessages: [Item_Statue20_1618] long distance for picked up
[2018.02.07-08.34.28:401][592]LogBlueprintUserMessages: [TopDownCharacter_C_2] item placed to slot :  3
[2018.02.07-08.34.28:402][592]LogBlueprintUserMessages: [Item_Statue18] use
[2018.02.07-08.34.28:676][596]LogBlueprintUserMessages: [TopDownCharacter_C_2] item placed to slot :  4
[2018.02.07-08.34.28:678][596]LogBlueprintUserMessages: [Item_Statue14_1064] use
[2018.02.07-08.34.29:014][601]LogBlueprintUserMessages: [TopDownCharacter_C_2] item placed to slot :  5
[2018.02.07-08.34.29:016][601]LogBlueprintUserMessages: [Item_Statue20_1618] use
[2018.02.07-08.34.31:948][645]LogBlueprintUserMessages: [TopDownCharacter_C_2] Item dropped from  4
[2018.02.07-08.34.36:627][713]LogBlueprintUserMessages: [TopDownCharacter_C_2] Item dropped from  0
[2018.02.07-08.34.37:480][725]LogBlueprintUserMessages: [TopDownCharacter_C_2] item stacked to slot :  0
[2018.02.07-08.34.37:482][725]LogBlueprintUserMessages: [Item_aid_base_C_5] use
[2018.02.07-08.34.37:788][730]LogBlueprintUserMessages: [TopDownCharacter_C_2] item stacked to slot :  0
[2018.02.07-08.34.37:791][730]LogBlueprintUserMessages: [Item_aid_base_C_16] use
[2018.02.07-08.34.39:273][752]LogBlueprintUserMessages: [Item_aid_base_C_8] long distance for picked up
[2018.02.07-08.34.42:566][802]LogBlueprintUserMessages: [TopDownCharacter_C_2] item stacked to slot :  0
[2018.02.07-08.34.42:569][802]LogBlueprintUserMessages: [Item_aid_base_C_8] use
[2018.02.07-08.34.44:998][839]LogBlueprintUserMessages: [TopDownCharacter_C_2] Item dropped from  5
[2018.02.07-08.35.15:053][283]LogBlueprintUserMessages: [TopDownCharacter_C_2] Item dropped from  0
[2018.02.07-08.35.17:736][323]LogBlueprintUserMessages: [TopDownCharacter_C_2] Item dropped from  0
[2018.02.07-08.35.57:748][927]LogBlueprintUserMessages: Early EndPlayMap Detection: Level '/Game/TopDownBP/Maps/TopDownExampleMap.TopDownExampleMap:PersistentLevel' has LevelScriptBlueprint '/Game/TopDownBP/Maps/TopDownExampleMap.TopDownExampleMap:PersistentLevel.TopDownExampleMap' with GeneratedClass '/Game/TopDownBP/Maps/TopDownExampleMap.TopDownExampleMap_C' with ClassGeneratedBy '/Game/TopDownBP/Maps/TopDownExampleMap.TopDownExampleMap:PersistentLevel.TopDownExampleMap'
[2018.02.07-08.35.57:789][927]LogBlueprintUserMessages: Late EndPlayMap Detection: Level '/Game/TopDownBP/Maps/TopDownExampleMap.TopDownExampleMap:PersistentLevel' has LevelScriptBlueprint '/Game/TopDownBP/Maps/TopDownExampleMap.TopDownExampleMap:PersistentLevel.TopDownExampleMap' with GeneratedClass '/Game/TopDownBP/Maps/TopDownExampleMap.TopDownExampleMap_C' with ClassGeneratedBy '/Game/TopDownBP/Maps/TopDownExampleMap.TopDownExampleMap:PersistentLevel.TopDownExampleMap'
[2018.02.07-08.35.57:849][927]LogParticles: Destroying 0 GPU particle simulations for FXSystem 0x0000000070397600
[2018.02.07-08.36.09:679][290]LogSavePackage: Save=195.427719ms
[2018.02.07-08.36.09:679][290]LogSavePackage: Moving '../../../../sergey/UnrealProjects/Game_1337/TopDown/Saved/TopDownExampleMap70A17F734DD54646F46893867C2A4AF7.tmp' to '../../../../sergey/UnrealProjects/Game_1337/TopDown/Content/TopDownBP/Maps/TopDownExampleMap.umap'
[2018.02.07-08.36.09:681][290]LogSavePackage: Total save time: 251.113325ms
[2018.02.07-08.36.09:681][290]LogSavePackage:Warning: Finished SavePackage ../../../../sergey/UnrealProjects/Game_1337/TopDown/Content/TopDownBP/Maps/TopDownExampleMap.umap
[2018.02.07-08.39.13:715][ 37]LogActorComponent: UnregisterComponent: (/Engine/Transient.EditorFloorComp) Not registered. Aborting.
[2018.02.07-08.39.16:037][101]LogActorComponent: UnregisterComponent: (/Engine/Transient.CharMoveComp) Not registered. Aborting.
[2018.02.07-08.39.16:088][101]LogParticles: Destroying 0 GPU particle simulations for FXSystem 0x000000003A1CF880
[2018.02.07-08.39.16:090][101]LogParticles: Destroying 0 GPU particle simulations for FXSystem 0x0000000055405260
[2018.02.07-08.39.16:091][101]LogParticles: Destroying 0 GPU particle simulations for FXSystem 0x0000000055404D60
[2018.02.07-08.39.16:092][101]LogParticles: Destroying 0 GPU particle simulations for FXSystem 0x000000002A9A0CC0
[2018.02.07-08.39.16:093][101]LogParticles: Destroying 0 GPU particle simulations for FXSystem 0x000000002A9A07C0
[2018.02.07-08.39.16:095][101]LogParticles: Destroying 0 GPU particle simulations for FXSystem 0x00000000677D5B20
[2018.02.07-08.39.16:096][101]LogParticles: Destroying 0 GPU particle simulations for FXSystem 0x00000000677D5620
[2018.02.07-08.39.16:097][101]LogParticles: Destroying 0 GPU particle simulations for FXSystem 0x0000000007B5E340
[2018.02.07-08.39.16:098][101]LogParticles: Destroying 0 GPU particle simulations for FXSystem 0x0000000007B5DE40
[2018.02.07-08.39.16:099][101]LogParticles: Destroying 0 GPU particle simulations for FXSystem 0x000000005551CA40
[2018.02.07-08.39.16:100][101]LogParticles: Destroying 0 GPU particle simulations for FXSystem 0x00000000347C37E0
[2018.02.07-08.39.17:062][102]Cmd: QUIT_EDITOR
[2018.02.07-08.39.17:712][102]LogExit: Preparing to exit.
[2018.02.07-08.39.19:173][102]LogExit: Editor shut down
[2018.02.07-08.39.19:173][102]LogExit: Transaction tracking system shut down
[2018.02.07-08.39.19:215][102]LogParticles: Destroying 0 GPU particle simulations for FXSystem 0x000000002D753420
[2018.02.07-08.39.19:215][102]LogParticles: Destroying 0 GPU particle simulations for FXSystem 0x00000000347C0AE0
[2018.02.07-08.39.19:218][102]LogParticles: Destroying 0 GPU particle simulations for FXSystem 0x0000000034D3FE20
[2018.02.07-08.39.19:218][102]LogParticles: Destroying 0 GPU particle simulations for FXSystem 0x00000000394FD940
[2018.02.07-08.39.19:218][102]LogParticles: Destroying 0 GPU particle simulations for FXSystem 0x00000000394FDA80
[2018.02.07-08.39.38:346][102]LogExit: Object subsystem successfully closed.
[2018.02.07-08.39.39:002][102]LogD3D11RHI: Shutdown
[2018.02.07-08.39.39:002][102]LogD3D11RHI: CleanupD3DDevice
[2018.02.07-08.39.40:145][102]LogD3D11RHI: ~FD3D11DynamicRHI
[2018.02.07-08.39.50:195][102]LogModuleManager: Shutting down and abandoning module SequencerWidgets (199)
[2018.02.07-08.39.50:195][102]LogModuleManager: Shutting down and abandoning module BlueprintGraph (198)
[2018.02.07-08.39.50:195][102]LogModuleManager: Shutting down and abandoning module CrashTracker (197)
[2018.02.07-08.39.50:195][102]LogModuleManager: Shutting down and abandoning module SuperSearch (196)
[2018.02.07-08.39.50:195][102]LogModuleManager: Shutting down and abandoning module WidgetCarousel (195)
[2018.02.07-08.39.50:195][102]LogModuleManager: Shutting down and abandoning module AddContentDialog (194)
[2018.02.07-08.39.50:916][102]LogModuleManager: Shutting down and abandoning module EditorWidgets (193)
[2018.02.07-08.39.50:916][102]LogModuleManager: Shutting down and abandoning module CollectionManager (192)
[2018.02.07-08.39.50:990][102]LogModuleManager: Shutting down and abandoning module SceneOutliner (191)
[2018.02.07-08.39.51:042][102]LogModuleManager: Shutting down and abandoning module StatsViewer (190)
[2018.02.07-08.39.51:819][102]LogModuleManager: Shutting down and abandoning module FoliageEdit (189)
[2018.02.07-08.39.51:916][102]LogModuleManager: Shutting down and abandoning module LandscapeEditor (188)
[2018.02.07-08.39.52:250][102]LogModuleManager: Shutting down and abandoning module ActorPickerMode (187)
[2018.02.07-08.39.52:250][102]LogModuleManager: Shutting down and abandoning module GeometryMode (186)
[2018.02.07-08.39.52:250][102]LogModuleManager: Shutting down and abandoning module TextureAlignMode (185)
[2018.02.07-08.39.52:250][102]LogModuleManager: Shutting down and abandoning module BspMode (184)
[2018.02.07-08.39.52:250][102]LogModuleManager: Shutting down and abandoning module PlacementMode (183)
[2018.02.07-08.39.52:250][102]LogModuleManager: Shutting down and abandoning module AutomationWorker (182)
[2018.02.07-08.39.52:278][102]LogModuleManager: Shutting down and abandoning module CharacterAI (181)
[2018.02.07-08.39.52:278][102]LogModuleManager: Shutting down and abandoning module SmartSnapping (180)
[2018.02.07-08.39.52:278][102]LogModuleManager: Shutting down and abandoning module ViewportSnapping (179)
[2018.02.07-08.39.52:278][102]LogModuleManager: Shutting down and abandoning module LogVisualizer (178)
[2018.02.07-08.39.52:622][102]LogModuleManager: Shutting down and abandoning module GameProjectGeneration (177)
[2018.02.07-08.39.52:677][102]LogModuleManager: Shutting down and abandoning module IntroTutorials (176)
[2018.02.07-08.39.53:161][102]LogModuleManager: Shutting down and abandoning module EditorLiveStreaming (175)
[2018.02.07-08.39.53:161][102]LogModuleManager: Shutting down and abandoning module IOSPlatformEditor (174)
[2018.02.07-08.39.53:221][102]LogModuleManager: Shutting down and abandoning module HTML5PlatformEditor (173)
[2018.02.07-08.39.53:221][102]LogModuleManager: Shutting down and abandoning module AndroidDeviceDetection (172)
[2018.02.07-08.39.53:270][102]LogModuleManager: Shutting down and abandoning module AndroidPlatformEditor (171)
[2018.02.07-08.39.53:270][102]LogModuleManager: Shutting down and abandoning module IOSRuntimeSettings (170)
[2018.02.07-08.39.53:270][102]LogModuleManager: Shutting down and abandoning module AndroidRuntimeSettings (169)
[2018.02.07-08.39.53:270][102]LogModuleManager: Shutting down and abandoning module MergeActors (168)
[2018.02.07-08.39.53:981][102]LogModuleManager: Shutting down and abandoning module SizeMap (167)
[2018.02.07-08.39.53:981][102]LogModuleManager: Shutting down and abandoning module TreeMap (166)
[2018.02.07-08.39.54:160][102]LogModuleManager: Shutting down and abandoning module ReferenceViewer (165)
[2018.02.07-08.39.54:160][102]LogModuleManager: Shutting down and abandoning module LocalizationService (164)
[2018.02.07-08.39.54:200][102]LogModuleManager: Shutting down and abandoning module LocalizationDashboard (163)
[2018.02.07-08.39.54:326][102]LogModuleManager: Shutting down and abandoning module HardwareTargeting (162)
[2018.02.07-08.39.54:326][102]LogModuleManager: Shutting down and abandoning module DeviceProfileEditor (161)
[2018.02.07-08.39.54:326][102]LogModuleManager: Shutting down and abandoning module UndoHistory (160)
[2018.02.07-08.39.54:584][102]LogModuleManager: Shutting down and abandoning module GameplayTagsEditor (159)
[2018.02.07-08.39.54:584][102]LogModuleManager: Shutting down and abandoning module UserFeedback (158)
[2018.02.07-08.39.54:584][102]LogModuleManager: Shutting down and abandoning module XmlParser (157)
[2018.02.07-08.39.54:584][102]LogModuleManager: Shutting down and abandoning module Blutility (156)
[2018.02.07-08.39.54:584][102]LogModuleManager: Shutting down and abandoning module ProjectTargetPlatformEditor (155)
[2018.02.07-08.39.54:937][102]LogModuleManager: Shutting down and abandoning module ProjectSettingsViewer (154)
[2018.02.07-08.39.54:937][102]LogModuleManager: Shutting down and abandoning module InputBindingEditor (153)
[2018.02.07-08.39.55:252][102]LogModuleManager: Shutting down and abandoning module EditorSettingsViewer (152)
[2018.02.07-08.39.55:252][102]LogModuleManager: Shutting down and abandoning module SettingsEditor (151)
[2018.02.07-08.39.55:961][102]LogModuleManager: Shutting down and abandoning module ProjectLauncher (150)
[2018.02.07-08.39.56:345][102]LogModuleManager: Shutting down and abandoning module SessionFrontend (149)
[2018.02.07-08.39.56:427][102]LogModuleManager: Shutting down and abandoning module ProfilerClient (148)
[2018.02.07-08.39.56:467][102]LogModuleManager: Shutting down and abandoning module TargetDeviceServices (147)
[2018.02.07-08.39.56:467][102]LogModuleManager: Shutting down and abandoning module DeviceManager (146)
[2018.02.07-08.39.56:496][102]LogModuleManager: Shutting down and abandoning module AutomationController (145)
[2018.02.07-08.39.56:542][102]LogModuleManager: Shutting down and abandoning module AutomationWindow (144)
[2018.02.07-08.39.56:736][102]LogModuleManager: Shutting down and abandoning module Layers (143)
[2018.02.07-08.39.56:951][102]LogModuleManager: Shutting down and abandoning module ComponentVisualizers (142)
[2018.02.07-08.39.56:951][102]LogModuleManager: Shutting down and abandoning module DetailCustomizations (141)
[2018.02.07-08.39.57:211][102]LogModuleManager: Shutting down and abandoning module PackagesDialog (140)
[2018.02.07-08.39.57:211][102]LogModuleManager: Shutting down and abandoning module Persona (139)
[2018.02.07-08.39.57:408][102]LogModuleManager: Shutting down and abandoning module Kismet (138)
[2018.02.07-08.39.57:408][102]LogModuleManager: Shutting down and abandoning module GraphEditor (137)
[2018.02.07-08.39.57:408][102]LogModuleManager: Shutting down and abandoning module ClassViewer (136)
[2018.02.07-08.39.57:408][102]LogModuleManager: Shutting down and abandoning module Toolbox (135)
[2018.02.07-08.39.57:408][102]LogModuleManager: Shutting down and abandoning module ModuleUI (134)
[2018.02.07-08.39.57:467][102]LogModuleManager: Shutting down and abandoning module MovieSceneTools (133)
[2018.02.07-08.39.57:467][102]LogModuleManager: Shutting down and abandoning module OutputLog (132)
[2018.02.07-08.39.57:512][102]LogModuleManager: Shutting down and abandoning module GammaUI (131)
[2018.02.07-08.39.57:567][102]LogModuleManager: Shutting down and abandoning module Documentation (130)
[2018.02.07-08.39.57:631][102]LogModuleManager: Shutting down and abandoning module GameLiveStreaming (129)
[2018.02.07-08.39.57:692][102]LogModuleManager: Shutting down and abandoning module StreamingPauseRendering (128)
[2018.02.07-08.39.57:692][102]LogModuleManager: Shutting down and abandoning module AnalyticsET (127)
[2018.02.07-08.39.57:692][102]LogModuleManager: Shutting down and abandoning module Analytics (126)
[2018.02.07-08.39.57:692][102]LogModuleManager: Shutting down and abandoning module AITestSuite (125)
[2018.02.07-08.39.57:735][102]LogModuleManager: Shutting down and abandoning module GameplayDebugger (124)
[2018.02.07-08.39.57:735][102]LogModuleManager: Shutting down and abandoning module AIModule (123)
[2018.02.07-08.39.57:735][102]LogModuleManager: Shutting down and abandoning module ProfilerService (122)
[2018.02.07-08.39.57:955][102]LogModuleManager: Shutting down and abandoning module TaskGraph (121)
[2018.02.07-08.39.58:141][102]LogModuleManager: Shutting down and abandoning module SlateRemote (120)
[2018.02.07-08.39.58:531][102]LogModuleManager: Shutting down and abandoning module SteamVRController (119)
[2018.02.07-08.39.58:531][102]LogModuleManager: Shutting down and abandoning module SteamVR (118)
[2018.02.07-08.39.58:531][102]LogModuleManager: Shutting down and abandoning module ProceduralMeshComponent (117)
[2018.02.07-08.39.58:531][102]LogModuleManager: Shutting down and abandoning module OculusRift (116)
[2018.02.07-08.39.58:531][102]LogModuleManager: Shutting down and abandoning module OculusLibrary (115)
[2018.02.07-08.39.58:531][102]LogModuleManager: Shutting down and abandoning module LeapMotionController (114)
[2018.02.07-08.39.59:005][102]LogModuleManager: Shutting down and abandoning module CustomMeshComponent (113)
[2018.02.07-08.39.59:035][102]LogModuleManager: Shutting down and abandoning module CableComponent (112)
[2018.02.07-08.39.59:035][102]LogModuleManager: Shutting down and abandoning module ArchVisCharacter (111)
[2018.02.07-08.39.59:035][102]LogModuleManager: Shutting down and abandoning module MessagingDebugger (110)
[2018.02.07-08.39.59:644][102]LogModuleManager: Shutting down and abandoning module MediaPlayerEditor (109)
[2018.02.07-08.39.59:811][102]LogModuleManager: Shutting down and abandoning module HTML5Networking (108)
[2018.02.07-08.39.59:811][102]LogModuleManager: Shutting down and abandoning module SpeedTreeImporter (107)
[2018.02.07-08.39.59:811][102]LogModuleManager: Shutting down and abandoning module PluginBrowser (106)
[2018.02.07-08.39.59:932][102]LogModuleManager: Shutting down and abandoning module EpicSurvey (105)
[2018.02.07-08.39.59:932][102]LogModuleManager: Shutting down and abandoning module DesktopPlatform (104)
[2018.02.07-08.40.00:057][102]LogModuleManager: Shutting down and abandoning module VisualStudioSourceCodeAccess (103)
[2018.02.07-08.40.00:057][102]LogModuleManager: Shutting down and abandoning module UObjectPlugin (102)
[2018.02.07-08.40.00:057][102]LogModuleManager: Shutting down and abandoning module SubversionSourceControl (101)
[2018.02.07-08.40.00:307][102]LogModuleManager: Shutting down and abandoning module PerforceSourceControl (100)
[2018.02.07-08.40.00:813][102]LogModuleManager: Shutting down and abandoning module SourceControl (99)
[2018.02.07-08.40.00:947][102]LogModuleManager: Shutting down and abandoning module GitSourceControl (98)
[2018.02.07-08.40.01:067][102]LogModuleManager: Shutting down and abandoning module LightPropagationVolumeEditor (97)
[2018.02.07-08.40.01:067][102]LogModuleManager: Shutting down and abandoning module PaperTiledImporter (96)
[2018.02.07-08.40.01:154][102]LogModuleManager: Shutting down and abandoning module PaperSpriteSheetImporter (95)
[2018.02.07-08.40.01:293][102]LogModuleManager: Shutting down and abandoning module MeshPaint (94)
[2018.02.07-08.40.01:477][102]LogModuleManager: Shutting down and abandoning module SlateReflector (93)
[2018.02.07-08.40.01:904][102]LogModuleManager: Shutting down and abandoning module HotReload (92)
[2018.02.07-08.40.02:075][102]LogModuleManager: Shutting down and abandoning module MainFrame (91)
[2018.02.07-08.40.02:075][102]LogModuleManager: Shutting down and abandoning module LevelEditor (90)
[2018.02.07-08.40.02:680][102]LogModuleManager: Shutting down and abandoning module DirectoryWatcher (89)
[2018.02.07-08.40.02:681][102]LogModuleManager: Shutting down and abandoning module AssetRegistry (88)
[2018.02.07-08.40.02:752][102]LogModuleManager: Shutting down and abandoning module ContentBrowser (87)
[2018.02.07-08.40.02:753][102]LogModuleManager: Shutting down and abandoning module Paper2DEditor (86)
[2018.02.07-08.40.03:469][102]LogModuleManager: Shutting down and abandoning module UdpMessaging (85)
[2018.02.07-08.40.03:569][102]LogModuleManager: Shutting down and abandoning module LightPropagationVolumeRuntime (84)
[2018.02.07-08.40.03:569][102]LogModuleManager: Shutting down and abandoning module Paper2D (83)
[2018.02.07-08.40.04:132][102]LogModuleManager: Shutting down and abandoning module WindowsMoviePlayer (82)
[2018.02.07-08.40.04:253][102]LogModuleManager: Shutting down and abandoning module Media (81)
[2018.02.07-08.40.04:253][102]LogModuleManager: Shutting down and abandoning module WmfMedia (80)
[2018.02.07-08.40.04:321][102]LogModuleManager: Shutting down and abandoning module OnlineBlueprintSupport (79)
[2018.02.07-08.40.04:321][102]LogModuleManager: Shutting down and abandoning module GameplayTasksEditor (78)
[2018.02.07-08.40.04:321][102]LogModuleManager: Shutting down and abandoning module PropertyEditor (77)
[2018.02.07-08.40.04:321][102]LogModuleManager: Shutting down and abandoning module BehaviorTreeEditor (76)
[2018.02.07-08.40.05:138][102]LogModuleManager: Shutting down and abandoning module FunctionalTesting (75)
[2018.02.07-08.40.05:138][102]LogModuleManager: Shutting down and abandoning module CollisionAnalyzer (74)
[2018.02.07-08.40.05:322][102]LogModuleManager: Shutting down and abandoning module WorkspaceMenuStructure (73)
[2018.02.07-08.40.05:322][102]LogModuleManager: Shutting down and abandoning module MessageLog (72)
[2018.02.07-08.40.05:322][102]LogModuleManager: Shutting down and abandoning module Sequencer (71)
[2018.02.07-08.40.05:322][102]LogModuleManager: Shutting down and abandoning module AssetTools (70)
[2018.02.07-08.40.06:634][102]LogModuleManager: Shutting down and abandoning module UMGEditor (69)
[2018.02.07-08.40.06:634][102]LogModuleManager: Shutting down and abandoning module UMG (68)
[2018.02.07-08.40.06:634][102]LogModuleManager: Shutting down and abandoning module Slate (67)
[2018.02.07-08.40.06:634][102]LogModuleManager: Shutting down and abandoning module EditorStyle (66)
[2018.02.07-08.40.06:636][102]LogModuleManager: Shutting down and abandoning module SessionServices (65)
[2018.02.07-08.40.06:636][102]LogModuleManager: Shutting down and abandoning module SourceCodeAccess (64)
[2018.02.07-08.40.06:636][102]LogModuleManager: Shutting down and abandoning module HeadMountedDisplay (63)
[2018.02.07-08.40.06:636][102]LogModuleManager: Shutting down and abandoning module XAudio2 (62)
[2018.02.07-08.40.06:636][102]LogModuleManager: Shutting down and abandoning module Networking (60)
[2018.02.07-08.40.06:636][102]LogModuleManager: Shutting down and abandoning module Core (59)
[2018.02.07-08.40.06:636][102]LogModuleManager: Shutting down and abandoning module KismetCompiler (58)
[2018.02.07-08.40.06:636][102]LogModuleManager: Shutting down and abandoning module PhysXFormats (57)
[2018.02.07-08.40.06:636][102]LogModuleManager: Shutting down and abandoning module MeshUtilities (56)
[2018.02.07-08.40.07:180][102]LogModuleManager: Shutting down and abandoning module CookingStats (55)
[2018.02.07-08.40.07:181][102]LogModuleManager: Shutting down and abandoning module DerivedDataCache (54)
[2018.02.07-08.40.07:207][102]LogDerivedDataCache: Shutdown
[2018.02.07-08.40.07:207][102]LogModuleManager: Shutting down and abandoning module ShaderFormatOpenGL (53)
[2018.02.07-08.40.07:349][102]LogModuleManager: Shutting down and abandoning module ShaderFormatD3D (52)
[2018.02.07-08.40.07:349][102]LogModuleManager: Shutting down and abandoning module MetalShaderFormat (51)
[2018.02.07-08.40.07:445][102]LogModuleManager: Shutting down and abandoning module TextureFormatUncompressed (50)
[2018.02.07-08.40.07:446][102]LogModuleManager: Shutting down and abandoning module TextureFormatPVR (49)
[2018.02.07-08.40.07:446][102]LogModuleManager: Shutting down and abandoning module TextureFormatIntelISPCTexComp (48)
[2018.02.07-08.40.07:446][102]LogModuleManager: Shutting down and abandoning module TextureFormatDXT (47)
[2018.02.07-08.40.07:446][102]LogModuleManager: Shutting down and abandoning module ImageWrapper (46)
[2018.02.07-08.40.07:446][102]LogModuleManager: Shutting down and abandoning module TextureFormatASTC (45)
[2018.02.07-08.40.07:446][102]LogModuleManager: Shutting down and abandoning module TextureFormatAndroid (44)
[2018.02.07-08.40.07:446][102]LogModuleManager: Shutting down and abandoning module AudioFormatOpus (43)
[2018.02.07-08.40.07:446][102]LogModuleManager: Shutting down and abandoning module AudioFormatOgg (42)
[2018.02.07-08.40.07:446][102]LogModuleManager: Shutting down and abandoning module AudioFormatADPCM (41)
[2018.02.07-08.40.07:446][102]LogModuleManager: Shutting down and abandoning module LinuxTargetPlatform (40)
[2018.02.07-08.40.07:446][102]LogModuleManager: Shutting down and abandoning module LinuxServerTargetPlatform (39)
[2018.02.07-08.40.07:491][102]LogModuleManager: Shutting down and abandoning module LinuxNoEditorTargetPlatform (38)
[2018.02.07-08.40.07:491][102]LogModuleManager: Shutting down and abandoning module Messaging (37)
[2018.02.07-08.40.07:491][102]LogModuleManager: Shutting down and abandoning module IOSTargetPlatform (36)
[2018.02.07-08.40.07:491][102]LogModuleManager: Shutting down and abandoning module HTML5TargetPlatform (35)
[2018.02.07-08.40.07:491][102]LogModuleManager: Shutting down and abandoning module Android_PVRTCTargetPlatform (34)
[2018.02.07-08.40.07:553][102]LogModuleManager: Shutting down and abandoning module Android_ETC2TargetPlatform (33)
[2018.02.07-08.40.07:661][102]LogModuleManager: Shutting down and abandoning module Android_ETC1TargetPlatform (32)
[2018.02.07-08.40.07:722][102]LogModuleManager: Shutting down and abandoning module Android_DXTTargetPlatform (31)
[2018.02.07-08.40.07:818][102]LogModuleManager: Shutting down and abandoning module Android_ATCTargetPlatform (30)
[2018.02.07-08.40.07:883][102]LogModuleManager: Shutting down and abandoning module Android_ASTCTargetPlatform (29)
[2018.02.07-08.40.07:943][102]LogModuleManager: Shutting down and abandoning module AndroidTargetPlatform (28)
[2018.02.07-08.40.08:002][102]LogModuleManager: Shutting down and abandoning module WindowsTargetPlatform (27)
[2018.02.07-08.40.08:002][102]LogModuleManager: Shutting down and abandoning module WindowsServerTargetPlatform (26)
[2018.02.07-08.40.08:166][102]LogModuleManager: Shutting down and abandoning module WindowsNoEditorTargetPlatform (25)
[2018.02.07-08.40.08:339][102]LogModuleManager: Shutting down and abandoning module WindowsClientTargetPlatform (24)
[2018.02.07-08.40.08:376][102]LogModuleManager: Shutting down and abandoning module AllDesktopTargetPlatform (23)
[2018.02.07-08.40.08:376][102]LogModuleManager: Shutting down and abandoning module TargetPlatform (22)
[2018.02.07-08.40.08:376][102]LogModuleManager: Shutting down and abandoning module InputCore (21)
[2018.02.07-08.40.08:376][102]LogModuleManager: Shutting down and abandoning module Settings (20)
[2018.02.07-08.40.08:376][102]LogModuleManager: Shutting down and abandoning module OnlineSubsystem (18)
[2018.02.07-08.40.08:376][102]LogModuleManager: Shutting down and abandoning module HTTP (17)
[2018.02.07-08.41.12:044][102]LogModuleManager: Shutting down and abandoning module XMPP (16)
[2018.02.07-08.41.12:706][102]LogModuleManager: Shutting down and abandoning module ExampleDeviceProfileSelector (15)
[2018.02.07-08.41.12:706][102]LogModuleManager: Shutting down and abandoning module TextureCompressor (14)
[2018.02.07-08.41.12:775][102]LogModuleManager: Shutting down and abandoning module ShaderCore (13)
[2018.02.07-08.41.12:775][102]LogModuleManager: Shutting down and abandoning module Landscape (12)
[2018.02.07-08.41.12:775][102]LogModuleManager: Shutting down and abandoning module SlateRHIRenderer (11)
[2018.02.07-08.41.12:850][102]LogModuleManager: Shutting down and abandoning module OpenGLDrv (10)
[2018.02.07-08.41.13:020][102]LogModuleManager: Shutting down and abandoning module D3D11RHI (9)
[2018.02.07-08.41.13:020][102]LogModuleManager: Shutting down and abandoning module AnimGraphRuntime (8)
[2018.02.07-08.41.13:020][102]LogModuleManager: Shutting down and abandoning module Renderer (7)
[2018.02.07-08.41.13:020][102]LogModuleManager: Shutting down and abandoning module Engine (6)
[2018.02.07-08.41.13:020][102]LogModuleManager: Shutting down and abandoning module CoreUObject (5)
[2018.02.07-08.41.13:020][102]LogModuleManager: Shutting down and abandoning module NetworkFile (4)
[2018.02.07-08.41.13:086][102]LogModuleManager: Shutting down and abandoning module StreamingFile (3)
[2018.02.07-08.41.13:086][102]LogModuleManager: Shutting down and abandoning module SandboxFile (2)
[2018.02.07-08.41.13:086][102]LogModuleManager: Shutting down and abandoning module PakFile (1)
[2018.02.07-08.41.13:385][102]LogExit: Exiting.
[2018.02.07-08.41.13:536][102]Log file closed, 02/07/18 16:41:13
