Log file open, 06/07/18 21:22:00
LogInit:Display: Running engine for game: TopDownProject
LogPlatformFile: Not using cached read wrapper
LogInit:Display: RandInit(-1119889443) SRandInit(-1119889441).
LogTaskGraph: Started task graph with 4 named threads and 5 total threads.
LogStats: Stats thread started at 0.056481
LogInit: Version: 4.11.2-2946394+++UE4+Release-4.11
LogInit: API Version: 2927265
LogInit: Compiled (64-bit): Apr 18 2016 02:18:46
LogInit: Compiled with Visual C++: 19.00.23026.00
LogInit: Build Configuration: Development
LogInit: Branch Name: ++UE4+Release-4.11
LogInit: Command line:  
LogInit: Base directory: D:/UE_4.11/Engine/Binaries/Win64/
LogInit: Installed Engine Build: 1
LogInit: Using libcurl 7.41.0
LogInit:  - built for x86_64-pc-win32
LogInit:  - supports SSL with WinSSL
LogInit:  - other features:
LogInit:      CURL_VERSION_SSL
LogInit:      CURL_VERSION_IPV6
LogInit:      CURL_VERSION_ASYNCHDNS
LogInit:      CURL_VERSION_LARGEFILE
LogInit:      CURL_VERSION_IDN
LogInit:  CurlRequestOptions (configurable via config and command line):
LogInit:  - bVerifyPeer = true  - Libcurl will verify peer certificate
LogInit:  - bUseHttpProxy = false  - Libcurl will NOT use HTTP proxy
LogInit:  - bDontReuseConnections = false  - Libcurl will reuse connections
LogInit:  - CertBundlePath = nullptr  - Libcurl will use whatever was configured at build time.
LogInit: Presizing for max 16777216 objects, including 0 objects not considered by GC, pre-allocating 0 bytes for permanent pool.
LogInit: Object subsystem initialized
[2018.06.07-13.22.00:983][  0]LogInit: Selected Device Profile: [Windows]
[2018.06.07-13.22.00:983][  0]LogInit: Applying CVar settings loaded from the selected device profile: [Windows]
[2018.06.07-13.22.00:993][  0]LogInit: Computer: 1-ПК
[2018.06.07-13.22.00:993][  0]LogInit: User: 1
[2018.06.07-13.22.00:993][  0]LogInit: CPU Page size=65536, Cores=2
[2018.06.07-13.22.00:993][  0]LogInit: High frequency timer resolution =2.338515 MHz
[2018.06.07-13.22.00:993][  0]LogMemory: Memory total: Physical=3.9GB (4GB approx)
[2018.06.07-13.22.00:993][  0]LogMemory: Platform Memory Stats for Windows
[2018.06.07-13.22.00:993][  0]LogMemory: Process Physical Memory: 314.50 MB used, 314.50 MB peak
[2018.06.07-13.22.00:993][  0]LogMemory: Process Virtual Memory: 318.84 MB used, 318.84 MB peak
[2018.06.07-13.22.00:994][  0]LogMemory: Physical Memory: 2608.07 MB used, 4010.14 MB total
[2018.06.07-13.22.00:994][  0]LogMemory: Virtual Memory: 624.87 MB used, 8388608.00 MB total
[2018.06.07-13.22.01:064][  0]LogTextLocalizationManager: No translations for ('ru-RU') exist, falling back to 'en' for localization and internationalization data.
[2018.06.07-13.22.01:681][  0]LogD3D11RHI: D3D11 adapters:
[2018.06.07-13.22.01:715][  0]LogD3D11RHI:    0. 'NVIDIA GeForce 410M' (Feature Level 11_0)
[2018.06.07-13.22.01:715][  0]LogD3D11RHI:       979MB of dedicated video memory, 0MB of dedicated system memory, and 1749MB of shared system memory, 1 output[s]
[2018.06.07-13.22.01:735][  0]LogD3D11RHI:    1. 'NVIDIA GeForce 410M' (Feature Level 11_0)
[2018.06.07-13.22.01:735][  0]LogD3D11RHI:       979MB of dedicated video memory, 0MB of dedicated system memory, and 1749MB of shared system memory, 0 output[s]
[2018.06.07-13.22.01:735][  0]LogD3D11RHI: Chosen D3D11 Adapter: 0
[2018.06.07-13.22.01:744][  0]LogD3D11RHI: Creating new Direct3DDevice
[2018.06.07-13.22.01:744][  0]LogD3D11RHI:     Adapter Name: Intel(R) HD Graphics 3000
[2018.06.07-13.22.01:744][  0]LogD3D11RHI:   Driver Version: Unknown (internal Unknown)
[2018.06.07-13.22.01:744][  0]LogD3D11RHI:      Driver Date: Unknown
[2018.06.07-13.22.01:744][  0]LogRHI: Texture pool is 1297 MB (70% of 1854 MB)
[2018.06.07-13.22.01:758][  0]LogD3D11RHI: Async texture creation enabled
[2018.06.07-13.22.01:776][  0]LogShaderCompilers: Guid format shader working directory is -29 characters bigger than the processId version (../../../../sergey/UnrealProjects/Game_1337/TopDownProjectNewRepository/Intermediate/Shaders/WorkingDirectory/5816/).
[2018.06.07-13.22.01:776][  0]LogShaderCompilers: Cleaned the shader compiler working directory 'C:/Users/1/AppData/Local/Temp/UnrealShaderWorkingDir/F57DC8D043677ECA9D12C2A7D9DBB84B/'.
[2018.06.07-13.22.01:776][  0]LogShaderCompilers:Display: Using Local Shader Compiler.
[2018.06.07-13.22.05:774][  0]LogTemp:Display: Loaded TP AllDesktopTargetPlatform
[2018.06.07-13.22.05:779][  0]LogTemp:Display: Loaded TP WindowsClientTargetPlatform
[2018.06.07-13.22.05:785][  0]LogTemp:Display: Loaded TP WindowsNoEditorTargetPlatform
[2018.06.07-13.22.05:791][  0]LogTemp:Display: Loaded TP WindowsServerTargetPlatform
[2018.06.07-13.22.05:796][  0]LogTemp:Display: Loaded TP WindowsTargetPlatform
[2018.06.07-13.22.05:800][  0]LogTemp:Display: Loaded TP AndroidTargetPlatform
[2018.06.07-13.22.05:804][  0]LogTemp:Display: Loaded TP Android_ASTCTargetPlatform
[2018.06.07-13.22.05:808][  0]LogTemp:Display: Loaded TP Android_ATCTargetPlatform
[2018.06.07-13.22.05:812][  0]LogTemp:Display: Loaded TP Android_DXTTargetPlatform
[2018.06.07-13.22.05:816][  0]LogTemp:Display: Loaded TP Android_ETC1TargetPlatform
[2018.06.07-13.22.05:820][  0]LogTemp:Display: Loaded TP Android_ETC2TargetPlatform
[2018.06.07-13.22.05:828][  0]LogTemp:Display: Loaded TP Android_MultiTargetPlatform
[2018.06.07-13.22.05:828][  0]LogTemp:Display: Loaded TP Android_PVRTCTargetPlatform
[2018.06.07-13.22.05:829][  0]LogTemp:Display: Loaded TP HTML5TargetPlatform
[2018.06.07-13.22.05:847][  0]LogTemp:Display: Loaded TP IOSTargetPlatform
[2018.06.07-13.22.05:850][  0]LogTemp:Display: Loaded TP TVOSTargetPlatform
[2018.06.07-13.22.05:854][  0]LogTemp:Display: Loaded TP LinuxNoEditorTargetPlatform
[2018.06.07-13.22.05:858][  0]LogTemp:Display: Loaded TP LinuxServerTargetPlatform
[2018.06.07-13.22.05:863][  0]LogTemp:Display: Loaded TP LinuxTargetPlatform
[2018.06.07-13.22.05:863][  0]LogTargetPlatformManager:Display: Building Assets For Windows
[2018.06.07-13.22.05:949][  0]LogDerivedDataCache:Display: Max Cache Size: 512 MB
[2018.06.07-13.22.06:193][  0]LogDerivedDataCache: Loaded boot cache 0.24s 46MB C:/Users/1/AppData/Local/UnrealEngine/4.11/DerivedDataCache/Boot.ddc.
[2018.06.07-13.22.06:193][  0]LogDerivedDataCache:Display: Loaded Boot cache: C:/Users/1/AppData/Local/UnrealEngine/4.11/DerivedDataCache/Boot.ddc
[2018.06.07-13.22.06:194][  0]LogDerivedDataCache: FDerivedDataBackendGraph:  Pak pak cache file ../../../../sergey/UnrealProjects/Game_1337/TopDownProjectNewRepository/DerivedDataCache/DDC.ddp not found, will not use a pak cache.
[2018.06.07-13.22.06:194][  0]LogDerivedDataCache: Unable to find inner node Pak for hierarchical cache Hierarchy.
[2018.06.07-13.22.06:194][  0]LogDerivedDataCache: FDerivedDataBackendGraph:  CompressedPak pak cache file ../../../../sergey/UnrealProjects/Game_1337/TopDownProjectNewRepository/DerivedDataCache/Compressed.ddp not found, will not use a pak cache.
[2018.06.07-13.22.06:194][  0]LogDerivedDataCache: Unable to find inner node CompressedPak for hierarchical cache Hierarchy.
[2018.06.07-13.22.06:217][  0]LogDerivedDataCache:Display: Pak cache opened for reading ../../../Engine/DerivedDataCache/Compressed.ddp.
[2018.06.07-13.22.06:229][  0]LogDerivedDataCache: Using Local data cache path C:/Users/1/AppData/Local/UnrealEngine/Common/DerivedDataCache: Writable
[2018.06.07-13.22.06:530][  0]LogInit: Selected Device Profile: [Windows]
[2018.06.07-13.22.06:532][  0]LogContentStreaming: Texture pool size is 0.00 MB
[2018.06.07-13.22.06:579][  0]LogMaterial: Uniform references updated for custom material expression Custom.
[2018.06.07-13.22.06:782][  0]LogMeshUtilities: No automatic mesh reduction module available
[2018.06.07-13.22.06:782][  0]LogMeshUtilities: No automatic mesh merging module available
[2018.06.07-13.22.06:782][  0]LogMeshUtilities: No distributed automatic mesh merging module available
[2018.06.07-13.22.07:980][  0]LogUObjectArray: 27679 objects as part of root set at end of initial load.
[2018.06.07-13.22.07:980][  0]LogUObjectAllocator: 5591592 out of 0 bytes used by permanent object pool.
[2018.06.07-13.22.07:980][  0]LogUObjectArray: CloseDisregardForGC: 0/0 objects in disregard for GC pool
[2018.06.07-13.22.07:985][  0]LogInit: WinSock: version 1.1 (2.2), MaxSocks=32767, MaxUdp=65467
[2018.06.07-13.22.14:664][  0]LogSlate: SlateFontCache - WITH_FREETYPE: 1, WITH_HARFBUZZ: 1
[2018.06.07-13.22.14:664][  0]LogSlate: SlateFontCache - WITH_FREETYPE: 1, WITH_HARFBUZZ: 1
[2018.06.07-13.22.19:724][  0]LogStreaming:Warning: Failed to read file '../../../Engine/Content/Editor/Slate/Common/Selection_16x.png' error.
[2018.06.07-13.22.19:724][  0]LogSlate: Could not find file for Slate resource: ../../../Engine/Content/Editor/Slate/Common/Selection_16x.png
[2018.06.07-13.22.19:724][  0]LogStreaming:Warning: Failed to read file '../../../Engine/Content/Editor/Slate/Common/Selection_16x.png' error.
[2018.06.07-13.22.19:724][  0]LogSlate: Could not find file for Slate resource: ../../../Engine/Content/Editor/Slate/Common/Selection_16x.png
[2018.06.07-13.22.19:724][  0]LogStreaming:Warning: Failed to read file '../../../Engine/Content/Editor/Slate/Common/Selection_16x.png' error.
[2018.06.07-13.22.19:724][  0]LogSlate: Could not find file for Slate resource: ../../../Engine/Content/Editor/Slate/Common/Selection_16x.png
[2018.06.07-13.22.30:713][  0]LogUdpMessaging: Initializing bridge on interface 0.0.0.0:0 to multicast group 230.0.0.1:6666.
[2018.06.07-13.22.31:220][  0]LogAssetRegistry: FAssetRegistry took 0.0372 seconds to start up
[2018.06.07-13.22.36:987][  0]SourceControl: Info Source control is disabled
[2018.06.07-13.22.36:991][  0]SourceControl: Info Source control is disabled
[2018.06.07-13.22.37:305][  0]SourceControl: Info Source control is disabled
[2018.06.07-13.22.37:460][  0]SourceControl: Info Source control is disabled
[2018.06.07-13.22.38:932][  0]LogHMD: Failed to initialize OpenVR with code 110
[2018.06.07-13.22.43:475][  0]LogAutomationTest:Warning: Smoke tests took > 1s to run: 3.25s
[2018.06.07-13.22.43:666][  0]LogEngine: Initializing Engine...
[2018.06.07-13.22.47:827][  0]LogAIModule: Creating AISystem for world NewWorld
[2018.06.07-13.22.48:067][  0]LogInit: XAudio2 using 'Динамики (Устройство с поддержкой High Definition Audio)' : 2 channels at 44.1 kHz using 16 bits per sample (channel mask 0x3)
[2018.06.07-13.22.48:155][  0]LogInit: FAudioDevice initialized.
[2018.06.07-13.22.48:210][  0]LogDerivedDataCache: Saved boot cache 0.05s 46MB C:/Users/1/AppData/Local/UnrealEngine/4.11/DerivedDataCache/Boot.ddc.
[2018.06.07-13.22.48:239][  0]LogInit: Texture streaming: Enabled
[2018.06.07-13.22.48:871][  0]LogInit: Transaction tracking system initialized
[2018.06.07-13.22.49:618][  0]BlueprintLog: New page: Editor Load
[2018.06.07-13.22.51:647][  0]LocalizationService: Info Localization service is disabled
[2018.06.07-13.22.54:716][  0]LogConsoleResponse:Display: 
[2018.06.07-13.23.01:411][  0]LogCook:Display: Max memory allowance for cook 8192mb
[2018.06.07-13.23.01:447][  0]LogCook:Display: Mobile HDR setting 1
[2018.06.07-13.23.01:513][  0]LogCook:Display: Done creating registry. It took  0.00s.
[2018.06.07-13.23.01:636][  0]LogFileCache: Scanning file cache for directory 'D:/sergey/UnrealProjects/Game_1337/TopDownProjectNewRepository/Content/' took 0.34s
[2018.06.07-13.23.05:124][  0]SourceControl: Info Source control is disabled
[2018.06.07-13.23.05:215][  0]Cmd: MAP LOAD FILE="../../../../sergey/UnrealProjects/Game_1337/TopDownProjectNewRepository/Content/TopDownBP/Maps/LowPolyMap.umap" TEMPLATE=0 SHOWPROGRESS=1 FEATURELEVEL=3
[2018.06.07-13.23.05:355][  0]LightingResults: New page: Lighting Build
[2018.06.07-13.23.05:849][  0]MapCheck: New page: Map Check
[2018.06.07-13.23.05:849][  0]LightingResults: New page: Lighting Build
[2018.06.07-13.23.07:129][  0]LogLinker:Warning: Asset '../../../../sergey/UnrealProjects/Game_1337/TopDownProjectNewRepository/Content/Mannequin/Animations/ThirdPerson_AnimBP.uasset' has been saved with empty engine version. The asset will be loaded but may be incompatible.
[2018.06.07-13.23.07:148][  0]LogLinker:Warning: Asset '../../../../sergey/UnrealProjects/Game_1337/TopDownProjectNewRepository/Content/Mannequin/Animations/ThirdPerson_Jump.uasset' has been saved with empty engine version. The asset will be loaded but may be incompatible.
[2018.06.07-13.23.07:200][  0]LogLinker:Warning: Asset '../../../../sergey/UnrealProjects/Game_1337/TopDownProjectNewRepository/Content/Mannequin/Animations/ThirdPersonJump_Loop.uasset' has been saved with empty engine version. The asset will be loaded but may be incompatible.
[2018.06.07-13.23.07:220][  0]LogLinker:Warning: Asset '../../../../sergey/UnrealProjects/Game_1337/TopDownProjectNewRepository/Content/Mannequin/Animations/ThirdPersonJump_Start.uasset' has been saved with empty engine version. The asset will be loaded but may be incompatible.
[2018.06.07-13.23.07:304][  0]LogLinker:Warning: Asset '../../../../sergey/UnrealProjects/Game_1337/TopDownProjectNewRepository/Content/Mannequin/Animations/ThirdPersonIdle.uasset' has been saved with empty engine version. The asset will be loaded but may be incompatible.
[2018.06.07-13.23.07:323][  0]LogLinker:Warning: Asset '../../../../sergey/UnrealProjects/Game_1337/TopDownProjectNewRepository/Content/Mannequin/Animations/ThirdPersonRun.uasset' has been saved with empty engine version. The asset will be loaded but may be incompatible.
[2018.06.07-13.23.07:336][  0]LogLinker:Warning: Asset '../../../../sergey/UnrealProjects/Game_1337/TopDownProjectNewRepository/Content/Mannequin/Animations/ThirdPersonWalk.uasset' has been saved with empty engine version. The asset will be loaded but may be incompatible.
[2018.06.07-13.23.19:064][  0]LogMaterial: Uniform references updated for custom material expression TemporalAA SampleID.
[2018.06.07-13.23.19:064][  0]LogMaterial: Uniform references updated for custom material expression Custom.
[2018.06.07-13.23.25:199][  0]LogAIModule: Creating AISystem for world LowPolyMap
[2018.06.07-13.23.26:940][  0]LogMaterial:Warning: Material /Game/LowPolyModels/Materials/Green_3.Green_3 needed to have new flag set bUsedWithInstancedStaticMeshes !
[2018.06.07-13.23.27:120][  0]LogMaterial: Missing cached shader map for material Green_3, compiling. 
[2018.06.07-13.23.27:680][  0]MapCheck:Warning: Warning Green_3 Material /Game/LowPolyModels/Materials/Green_3.Green_3 was missing the usage flag bUsedWithInstancedStaticMeshes. If the material asset is not re-saved, it may not render correctly when run outside the editor. Fix
[2018.06.07-13.23.27:693][  0]LogMaterial: 0.00 seconds spent updating 1 materials, 1 interfaces, 0 instances, 0 with static permutations.
[2018.06.07-13.23.32:085][  0]LogEditorServer: Finished looking for orphan Actors (0.000 secs)
[2018.06.07-13.23.32:974][  0]Cmd: MAP CHECKDEP NOCLEARLOG
[2018.06.07-13.23.33:439][  0]MapCheck: Info Map check complete: 0 Error(s), 1 Warning(s), took 465.428ms to complete.
[2018.06.07-13.23.34:796][  0]LogFileHelpers: Loading map 'LowPolyMap' took 29.596
[2018.06.07-13.23.42:804][  0]LogCollectionManager: Loaded 0 collections in 0.021479 seconds
[2018.06.07-13.23.43:214][  0]LogFileCache: Scanning file cache for directory 'D:/sergey/UnrealProjects/Game_1337/TopDownProjectNewRepository/Saved/Collections/' took 0.01s
[2018.06.07-13.23.43:214][  0]LogFileCache: Scanning file cache for directory 'D:/sergey/UnrealProjects/Game_1337/TopDownProjectNewRepository/Content/Developers/1/Collections/' took 0.00s
[2018.06.07-13.23.43:214][  0]LogFileCache: Scanning file cache for directory 'D:/sergey/UnrealProjects/Game_1337/TopDownProjectNewRepository/Content/Collections/' took 0.00s
[2018.06.07-13.23.43:214][  0]LogCollectionManager: Rebuilt the GUID cache for 0 collections in 0.000005 seconds
[2018.06.07-13.23.43:312][  0]LogContentBrowser: Native class hierarchy populated in 0.0962 seconds. Added 1979 classes and 343 folders.
[2018.06.07-13.23.43:650][  0]LogStats: UGameplayTagsManager::ConstructGameplayTagTree: Construct from data asset -  0.000 s
[2018.06.07-13.23.43:651][  0]LogStats: UGameplayTagsManager::ConstructGameplayTagTree: GameplayTagTreeChangedEvent.Broadcast -  0.000 s
[2018.06.07-13.23.43:652][  0]LogContentBrowser: Native class hierarchy updated for 'GameplayTags' in 0.0009 seconds. Added 12 classes and 0 folders.
[2018.06.07-13.23.43:791][  0]LogContentBrowser: Native class hierarchy updated for 'WidgetCarousel' in 0.0008 seconds. Added 0 classes and 0 folders.
[2018.06.07-13.23.44:009][  0]LogContentBrowser: Native class hierarchy updated for 'SuperSearch' in 0.0009 seconds. Added 1 classes and 2 folders.
[2018.06.07-13.23.45:803][  0]LogContentBrowser: Native class hierarchy updated for 'AddContentDialog' in 0.0007 seconds. Added 0 classes and 0 folders.
[2018.06.07-13.23.45:993][  0]LogContentBrowser: Native class hierarchy updated for 'SceneOutliner' in 0.0008 seconds. Added 1 classes and 2 folders.
[2018.06.07-13.23.47:124][  0]LogCrashTracker: Crashtracker disabled due to settings.
[2018.06.07-13.23.47:578][  0]LogUObjectGlobals:Warning: Failed to find object 'Class None.'
[2018.06.07-13.23.47:934][  0]LogContentBrowser: Native class hierarchy updated for 'HierarchicalLODOutliner' in 0.0010 seconds. Added 1 classes and 2 folders.
[2018.06.07-13.23.47:934][  0]LogLoad: Full Startup: 107.82 seconds (BP compile: 3.52 seconds)
[2018.06.07-13.23.47:934][  0]LogExternalProfiler:Warning: No registered external profiler was matched with a command-line switch (or the DLL could not be loaded).  External profiling features will not be available.
[2018.06.07-13.23.48:413][  0]LogOcInput: OculusInput pre-init called
[2018.06.07-13.23.49:311][  0]LogContentStreaming: Texture pool size now 200 MB
[2018.06.07-13.23.51:463][  0]LogRenderer: Reallocating scene render targets to support 804x680 (Frame:2).
[2018.06.07-13.23.56:400][  4]LogAssetRegistry: Asset discovery search completed in 85.2146 seconds
[2018.06.07-13.23.56:415][  4]LogCollectionManager: Rebuilt the object cache for 0 collections in 0.000001 seconds (found 0 objects)
[2018.06.07-13.23.56:415][  4]LogCollectionManager: Fixed up redirectors for 0 collections in 0.014742 seconds (updated 0 objects)
[2018.06.07-13.32.51:991][939]LogWindowsTextInputMethodSystem:Display: IME system now deactivated.
[2018.06.07-13.33.01:416][392]LogActorComponent: UnregisterComponent: (/Engine/Transient.CharMoveComp) Not registered. Aborting.
[2018.06.07-13.33.01:416][392]LogActorComponent: UnregisterComponent: (/Engine/Transient.CursorOnActorText_GEN_VARIABLE) Not registered. Aborting.
[2018.06.07-13.33.01:416][392]LogActorComponent: UnregisterComponent: (/Engine/Transient.CharGoingForAction_GEN_VARIABLE) Not registered. Aborting.
[2018.06.07-13.33.01:416][392]LogActorComponent: UnregisterComponent: (/Engine/Transient.PawnSensing_GEN_VARIABLE) Not registered. Aborting.
[2018.06.07-13.33.01:416][392]LogActorComponent: UnregisterComponent: (/Engine/Transient.CharacterMovementComponent_0) Not registered. Aborting.
[2018.06.07-13.33.01:416][392]LogActorComponent: UnregisterComponent: (/Engine/Transient.CharacterMovementComponent_1) Not registered. Aborting.
[2018.06.07-13.33.01:416][392]LogActorComponent: UnregisterComponent: (/Engine/Transient.CursorOnActorText_C_0) Not registered. Aborting.
[2018.06.07-13.33.01:416][392]LogActorComponent: UnregisterComponent: (/Engine/Transient.CharGoingForAction_C_1) Not registered. Aborting.
[2018.06.07-13.33.01:416][392]LogActorComponent: UnregisterComponent: (/Engine/Transient.PawnSensingComponent_0) Not registered. Aborting.
[2018.06.07-13.33.02:857][392]LogSavePackage: Save=396.12ms
[2018.06.07-13.33.02:858][392]LogSavePackage: Moving '../../../../sergey/UnrealProjects/Game_1337/TopDownProjectNewRepository/Saved/LowPolyMap262433054D5E3E3D972B7DA6C8498692.tmp' to '../../../../sergey/UnrealProjects/Game_1337/TopDownProjectNewRepository/Content/TopDownBP/Maps/LowPolyMap.umap'
[2018.06.07-13.33.02:916][392]LogSavePackage: Total save time: 810.42ms
[2018.06.07-13.33.02:916][392]LogSavePackage:Display: Finished SavePackage ../../../../sergey/UnrealProjects/Game_1337/TopDownProjectNewRepository/Content/TopDownBP/Maps/LowPolyMap.umap
[2018.06.07-13.33.03:056][392]LogFileHelpers: Saving map 'LowPolyMap' took 1.275
[2018.06.07-13.33.07:211][633]LogPlayLevel: PlayLevel: No blueprints needed recompiling
[2018.06.07-13.33.07:292][633]PIE: New page: PIE session: LowPolyMap (Jun 8, 2018, 5:33:07 AM)
[2018.06.07-13.33.07:292][633]LogPlayLevel: Creating play world package: /Game/TopDownBP/Maps/UEDPIE_0_LowPolyMap
[2018.06.07-13.33.07:511][633]LogPlayLevel: PIE: StaticDuplicateObject took: (0.218693s)
[2018.06.07-13.33.07:512][633]LogAIModule: Creating AISystem for world LowPolyMap
[2018.06.07-13.33.07:512][633]LogPlayLevel: PIE: World Init took: (0.000897s)
[2018.06.07-13.33.07:512][633]LogPlayLevel: PIE: Created PIE world by copying editor world from /Game/TopDownBP/Maps/LowPolyMap.LowPolyMap to /Game/TopDownBP/Maps/UEDPIE_0_LowPolyMap.LowPolyMap (0.219868s)
[2018.06.07-13.33.07:560][633]LogInit: XAudio2 using 'Динамики (Устройство с поддержкой High Definition Audio)' : 2 channels at 44.1 kHz using 16 bits per sample (channel mask 0x3)
[2018.06.07-13.33.07:569][633]LogInit: FAudioDevice initialized.
[2018.06.07-13.33.07:968][633]LogWorld: Game class is 'TopDownGameMode_C'
[2018.06.07-13.33.08:074][633]LogWorld: Bringing World /Game/TopDownBP/Maps/UEDPIE_0_LowPolyMap.LowPolyMap up for play (max tick rate 60) at 2018.06.07-21.33.08
[2018.06.07-13.33.08:303][633]LogWorld: Bringing up level for play took: 0.236885
[2018.06.07-13.33.08:581][633]LogContentBrowser: Native class hierarchy updated for 'MovieSceneCapture' in 0.0006 seconds. Added 9 classes and 0 folders.
[2018.06.07-13.33.08:914][633]LogBlueprintUserMessages: [TestQuest_C_0] убейте 3 врага
[2018.06.07-13.33.08:914][633]PIE: Info Play in editor start time for /Game/TopDownBP/Maps/UEDPIE_0_LowPolyMap 2.426
[2018.06.07-13.33.19:959][  9]LogPlayLevel: PlayLevel: No blueprints needed recompiling
[2018.06.07-13.33.19:959][  9]PIE: New page: PIE session: LowPolyMap (Jun 8, 2018, 5:33:19 AM)
[2018.06.07-13.33.19:959][  9]LogPlayLevel: Creating play world package: /Game/TopDownBP/Maps/UEDPIE_0_LowPolyMap
[2018.06.07-13.33.19:973][  9]LogPlayLevel: PIE: StaticDuplicateObject took: (0.013680s)
[2018.06.07-13.33.19:974][  9]LogAIModule: Creating AISystem for world LowPolyMap
[2018.06.07-13.33.19:974][  9]LogPlayLevel: PIE: World Init took: (0.001279s)
[2018.06.07-13.33.19:974][  9]LogPlayLevel: PIE: Created PIE world by copying editor world from /Game/TopDownBP/Maps/LowPolyMap.LowPolyMap to /Game/TopDownBP/Maps/UEDPIE_0_LowPolyMap.LowPolyMap (0.015280s)
[2018.06.07-13.33.20:009][  9]LogInit: XAudio2 using 'Динамики (Устройство с поддержкой High Definition Audio)' : 2 channels at 44.1 kHz using 16 bits per sample (channel mask 0x3)
[2018.06.07-13.33.20:018][  9]LogInit: FAudioDevice initialized.
[2018.06.07-13.33.20:064][  9]LogWorld: Game class is 'TopDownGameMode_C'
[2018.06.07-13.33.20:071][  9]LogWorld: Bringing World /Game/TopDownBP/Maps/UEDPIE_0_LowPolyMap.LowPolyMap up for play (max tick rate 60) at 2018.06.07-21.33.20
[2018.06.07-13.33.20:074][  9]LogWorld: Bringing up level for play took: 0.009318
[2018.06.07-13.33.20:080][  9]LogBlueprintUserMessages: [TestQuest_C_1] убейте 3 врага
[2018.06.07-13.33.20:081][  9]PIE: Info Play in editor start time for /Game/TopDownBP/Maps/UEDPIE_0_LowPolyMap -0.407
[2018.06.07-13.33.47:045][203]LogContentBrowser: Native class hierarchy updated for 'BlueprintGraph' in 0.0011 seconds. Added 108 classes and 0 folders.
[2018.06.07-13.35.45:742][513]BlueprintLog: New page: Compile MySaveGame
[2018.06.07-13.35.45:977][513]LogActorComponent: UnregisterComponent: (/Engine/Transient.CharMoveComp) Not registered. Aborting.
[2018.06.07-13.35.46:270][513]BlueprintEditorCompileResults: Info [0826.12] Compile of MySaveGame successful! [in 517 ms]
[2018.06.07-13.35.46:980][535]LogSavePackage: Save=81.78ms
[2018.06.07-13.35.46:980][535]LogSavePackage: Moving '../../../../sergey/UnrealProjects/Game_1337/TopDownProjectNewRepository/Saved/MySaveGame9E6EB68A4364794309E4F681F5E35DF7.tmp' to '../../../../sergey/UnrealProjects/Game_1337/TopDownProjectNewRepository/Content/TopDownBP/Blueprints/SaveGame/MySaveGame.uasset'
[2018.06.07-13.35.47:010][535]LogSavePackage: Total save time: 122.80ms
[2018.06.07-13.35.47:010][535]LogSavePackage:Display: Finished SavePackage ../../../../sergey/UnrealProjects/Game_1337/TopDownProjectNewRepository/Content/TopDownBP/Blueprints/SaveGame/MySaveGame.uasset
[2018.06.07-13.38.10:718][152]LogActorComponent: UnregisterComponent: (/Engine/Transient.CharMoveComp) Not registered. Aborting.
[2018.06.07-13.38.13:542][249]BlueprintLog: New page: Compile TopDownCharacter
[2018.06.07-13.38.14:031][249]LogActorComponent: UnregisterComponent: (/Engine/Transient.CharacterMovementComponent_2) Not registered. Aborting.
[2018.06.07-13.38.14:463][249]BlueprintEditorCompileResults: Info [0974.32] Compile of TopDownCharacter successful! [in 921 ms]
[2018.06.07-13.38.16:989][259]LogSavePackage: Save=1647.20ms
[2018.06.07-13.38.16:989][259]LogSavePackage: Moving '../../../../sergey/UnrealProjects/Game_1337/TopDownProjectNewRepository/Saved/TopDownCharacterAA556D7A43391DC5E809F59E86B7DBCC.tmp' to '../../../../sergey/UnrealProjects/Game_1337/TopDownProjectNewRepository/Content/TopDownBP/Blueprints/TopDownCharacter.uasset'
[2018.06.07-13.38.17:109][259]LogSavePackage: Total save time: 1914.83ms
[2018.06.07-13.38.17:109][259]LogSavePackage:Display: Finished SavePackage ../../../../sergey/UnrealProjects/Game_1337/TopDownProjectNewRepository/Content/TopDownBP/Blueprints/TopDownCharacter.uasset
[2018.06.07-13.39.05:724][869]BlueprintLog: New page: Compile MySaveGame
[2018.06.07-13.39.05:752][869]LogActorComponent: UnregisterComponent: (/Engine/Transient.CharMoveComp) Not registered. Aborting.
[2018.06.07-13.39.05:962][869]BlueprintEditorCompileResults: Info [1025.82] Compile of MySaveGame successful! [in 237 ms]
[2018.06.07-13.39.06:517][883]LogSavePackage: Save=31.06ms
[2018.06.07-13.39.06:517][883]LogSavePackage: Moving '../../../../sergey/UnrealProjects/Game_1337/TopDownProjectNewRepository/Saved/MySaveGame31CAFEEE467DA38BAC7773AB170959E8.tmp' to '../../../../sergey/UnrealProjects/Game_1337/TopDownProjectNewRepository/Content/TopDownBP/Blueprints/SaveGame/MySaveGame.uasset'
[2018.06.07-13.39.06:520][883]LogSavePackage: Total save time: 44.06ms
[2018.06.07-13.39.06:520][883]LogSavePackage:Display: Finished SavePackage ../../../../sergey/UnrealProjects/Game_1337/TopDownProjectNewRepository/Content/TopDownBP/Blueprints/SaveGame/MySaveGame.uasset
[2018.06.07-13.42.26:193][566]BlueprintLog: New page: Compile MySaveGame
[2018.06.07-13.42.26:433][566]LogActorComponent: UnregisterComponent: (/Engine/Transient.CharMoveComp) Not registered. Aborting.
[2018.06.07-13.42.26:759][566]BlueprintEditorCompileResults: Info [1226.61] Compile of MySaveGame successful! [in 565 ms]
[2018.06.07-13.42.27:231][576]LogSavePackage: Save=31.41ms
[2018.06.07-13.42.27:231][576]LogSavePackage: Moving '../../../../sergey/UnrealProjects/Game_1337/TopDownProjectNewRepository/Saved/MySaveGameFA1B70F5414599328EB78F8BB51AD3E0.tmp' to '../../../../sergey/UnrealProjects/Game_1337/TopDownProjectNewRepository/Content/TopDownBP/Blueprints/SaveGame/MySaveGame.uasset'
[2018.06.07-13.42.27:233][576]LogSavePackage: Total save time: 43.86ms
[2018.06.07-13.42.27:233][576]LogSavePackage:Display: Finished SavePackage ../../../../sergey/UnrealProjects/Game_1337/TopDownProjectNewRepository/Content/TopDownBP/Blueprints/SaveGame/MySaveGame.uasset
[2018.06.07-13.44.35:400][736]BlueprintLog: New page: Compile SaveGameSlotW
[2018.06.07-13.44.35:433][736]LogActorComponent: UnregisterComponent: (/Engine/Transient.CharMoveComp) Not registered. Aborting.
[2018.06.07-13.44.35:623][736]BlueprintEditorCompileResults: Info [1355.47] Compile of SaveGameSlotW successful! [in 222 ms]
[2018.06.07-13.44.36:106][749]LogSavePackage: Save=14.79ms
[2018.06.07-13.44.36:106][749]LogSavePackage: Moving '../../../../sergey/UnrealProjects/Game_1337/TopDownProjectNewRepository/Saved/SaveGameSlotWD8347FD14E87638320EF4CA20A2BCF89.tmp' to '../../../../sergey/UnrealProjects/Game_1337/TopDownProjectNewRepository/Content/TopDownBP/Blueprints/SaveGame/SaveGameSlotW.uasset'
[2018.06.07-13.44.36:107][749]LogSavePackage: Total save time: 16.61ms
[2018.06.07-13.44.36:107][749]LogSavePackage:Display: Finished SavePackage ../../../../sergey/UnrealProjects/Game_1337/TopDownProjectNewRepository/Content/TopDownBP/Blueprints/SaveGame/SaveGameSlotW.uasset
[2018.06.07-13.44.41:702][943]BlueprintLog: New page: Compile SaveGameSlotW
[2018.06.07-13.44.41:911][943]BlueprintEditorCompileResults: Info [1361.76] Compile of SaveGameSlotW successful! [in 208 ms]
[2018.06.07-13.44.42:405][955]LogSavePackage: Save=13.66ms
[2018.06.07-13.44.42:405][955]LogSavePackage: Moving '../../../../sergey/UnrealProjects/Game_1337/TopDownProjectNewRepository/Saved/SaveGameSlotW24C2D56342494E010E3C0ABFFFC61D8F.tmp' to '../../../../sergey/UnrealProjects/Game_1337/TopDownProjectNewRepository/Content/TopDownBP/Blueprints/SaveGame/SaveGameSlotW.uasset'
[2018.06.07-13.44.42:407][955]LogSavePackage: Total save time: 53.31ms
[2018.06.07-13.44.42:407][955]LogSavePackage:Display: Finished SavePackage ../../../../sergey/UnrealProjects/Game_1337/TopDownProjectNewRepository/Content/TopDownBP/Blueprints/SaveGame/SaveGameSlotW.uasset
[2018.06.07-13.45.05:124][727]BlueprintLog: New page: Compile SaveGameSlotW
[2018.06.07-13.45.05:345][727]BlueprintEditorCompileResults: Info [1385.19] Compile of SaveGameSlotW successful! [in 220 ms]
[2018.06.07-13.45.10:291][894]BlueprintLog: New page: Compile SaveGameSlotW
[2018.06.07-13.45.10:496][894]BlueprintEditorCompileResults: Info [1390.34] Compile of SaveGameSlotW successful! [in 204 ms]
[2018.06.07-13.45.11:009][908]LogSavePackage: Save=14.62ms
[2018.06.07-13.45.11:009][908]LogSavePackage: Moving '../../../../sergey/UnrealProjects/Game_1337/TopDownProjectNewRepository/Saved/SaveGameSlotW4E0DCD1347AE7EEB054DCEA8706B6905.tmp' to '../../../../sergey/UnrealProjects/Game_1337/TopDownProjectNewRepository/Content/TopDownBP/Blueprints/SaveGame/SaveGameSlotW.uasset'
[2018.06.07-13.45.11:066][908]LogSavePackage: Total save time: 82.27ms
[2018.06.07-13.45.11:066][908]LogSavePackage:Display: Finished SavePackage ../../../../sergey/UnrealProjects/Game_1337/TopDownProjectNewRepository/Content/TopDownBP/Blueprints/SaveGame/SaveGameSlotW.uasset
[2018.06.07-13.46.51:713][310]BlueprintLog: New page: Compile LoadGame
[2018.06.07-13.46.51:918][310]BlueprintEditorCompileResults: Info [1491.76] Compile of LoadGame successful! [in 204 ms]
[2018.06.07-13.46.54:644][427]LogPlayLevel: PlayLevel: No blueprints needed recompiling
[2018.06.07-13.46.54:644][427]PIE: New page: PIE session: LowPolyMap (Jun 8, 2018, 5:46:54 AM)
[2018.06.07-13.46.54:644][427]LogPlayLevel: Creating play world package: /Game/TopDownBP/Maps/UEDPIE_0_LowPolyMap
[2018.06.07-13.46.54:659][427]LogPlayLevel: PIE: StaticDuplicateObject took: (0.014760s)
[2018.06.07-13.46.54:660][427]LogAIModule: Creating AISystem for world LowPolyMap
[2018.06.07-13.46.54:660][427]LogPlayLevel: PIE: World Init took: (0.001048s)
[2018.06.07-13.46.54:661][427]LogPlayLevel: PIE: Created PIE world by copying editor world from /Game/TopDownBP/Maps/LowPolyMap.LowPolyMap to /Game/TopDownBP/Maps/UEDPIE_0_LowPolyMap.LowPolyMap (0.016164s)
[2018.06.07-13.46.54:731][427]LogInit: XAudio2 using 'Динамики (Устройство с поддержкой High Definition Audio)' : 2 channels at 44.1 kHz using 16 bits per sample (channel mask 0x3)
[2018.06.07-13.46.54:739][427]LogInit: FAudioDevice initialized.
[2018.06.07-13.46.54:769][427]LogWorld: Game class is 'TopDownGameMode_C'
[2018.06.07-13.46.54:777][427]LogWorld: Bringing World /Game/TopDownBP/Maps/UEDPIE_0_LowPolyMap.LowPolyMap up for play (max tick rate 60) at 2018.06.07-21.46.54
[2018.06.07-13.46.54:780][427]LogWorld: Bringing up level for play took: 0.009616
[2018.06.07-13.46.54:786][427]LogBlueprintUserMessages: [TestQuest_C_0] убейте 3 врага
[2018.06.07-13.46.54:787][427]PIE: Info Play in editor start time for /Game/TopDownBP/Maps/UEDPIE_0_LowPolyMap 0.272
[2018.06.07-13.47.07:244][840]Cmd: SELECT NONE
[2018.06.07-13.47.08:576][902]LogPlayLevel: PlayLevel: No blueprints needed recompiling
[2018.06.07-13.47.08:576][902]PIE: New page: PIE session: LowPolyMap (Jun 8, 2018, 5:47:08 AM)
[2018.06.07-13.47.08:576][902]LogPlayLevel: Creating play world package: /Game/TopDownBP/Maps/UEDPIE_0_LowPolyMap
[2018.06.07-13.47.08:592][902]LogPlayLevel: PIE: StaticDuplicateObject took: (0.015148s)
[2018.06.07-13.47.08:592][902]LogAIModule: Creating AISystem for world LowPolyMap
[2018.06.07-13.47.08:593][902]LogPlayLevel: PIE: World Init took: (0.000895s)
[2018.06.07-13.47.08:593][902]LogPlayLevel: PIE: Created PIE world by copying editor world from /Game/TopDownBP/Maps/LowPolyMap.LowPolyMap to /Game/TopDownBP/Maps/UEDPIE_0_LowPolyMap.LowPolyMap (0.016402s)
[2018.06.07-13.47.08:676][902]LogInit: XAudio2 using 'Динамики (Устройство с поддержкой High Definition Audio)' : 2 channels at 44.1 kHz using 16 bits per sample (channel mask 0x3)
[2018.06.07-13.47.08:686][902]LogInit: FAudioDevice initialized.
[2018.06.07-13.47.08:713][902]LogWorld: Game class is 'TopDownGameMode_C'
[2018.06.07-13.47.08:722][902]LogWorld: Bringing World /Game/TopDownBP/Maps/UEDPIE_0_LowPolyMap.LowPolyMap up for play (max tick rate 60) at 2018.06.07-21.47.08
[2018.06.07-13.47.08:724][902]LogWorld: Bringing up level for play took: 0.010179
[2018.06.07-13.47.08:732][902]LogBlueprintUserMessages: [TestQuest_C_1] убейте 3 врага
[2018.06.07-13.47.08:732][902]PIE: Info Play in editor start time for /Game/TopDownBP/Maps/UEDPIE_0_LowPolyMap 0.217
[2018.06.07-13.47.19:135][272]LogScript:Warning: Attempted to get an item from array SavedSlotsNames out of bounds [0/0]!
[2018.06.07-13.47.29:673][740]LogPlayLevel: PlayLevel: No blueprints needed recompiling
[2018.06.07-13.47.29:673][740]PIE: New page: PIE session: LowPolyMap (Jun 8, 2018, 5:47:29 AM)
[2018.06.07-13.47.29:673][740]LogPlayLevel: Creating play world package: /Game/TopDownBP/Maps/UEDPIE_0_LowPolyMap
[2018.06.07-13.47.29:685][740]LogPlayLevel: PIE: StaticDuplicateObject took: (0.012147s)
[2018.06.07-13.47.29:686][740]LogAIModule: Creating AISystem for world LowPolyMap
[2018.06.07-13.47.29:686][740]LogPlayLevel: PIE: World Init took: (0.000857s)
[2018.06.07-13.47.29:686][740]LogPlayLevel: PIE: Created PIE world by copying editor world from /Game/TopDownBP/Maps/LowPolyMap.LowPolyMap to /Game/TopDownBP/Maps/UEDPIE_0_LowPolyMap.LowPolyMap (0.013270s)
[2018.06.07-13.47.29:744][740]LogInit: XAudio2 using 'Динамики (Устройство с поддержкой High Definition Audio)' : 2 channels at 44.1 kHz using 16 bits per sample (channel mask 0x3)
[2018.06.07-13.47.29:752][740]LogInit: FAudioDevice initialized.
[2018.06.07-13.47.29:779][740]LogWorld: Game class is 'TopDownGameMode_C'
[2018.06.07-13.47.29:787][740]LogWorld: Bringing World /Game/TopDownBP/Maps/UEDPIE_0_LowPolyMap.LowPolyMap up for play (max tick rate 60) at 2018.06.07-21.47.29
[2018.06.07-13.47.29:789][740]LogWorld: Bringing up level for play took: 0.009164
[2018.06.07-13.47.29:796][740]LogBlueprintUserMessages: [TestQuest_C_2] убейте 3 врага
[2018.06.07-13.47.29:796][740]PIE: Info Play in editor start time for /Game/TopDownBP/Maps/UEDPIE_0_LowPolyMap -0.72
[2018.06.07-13.48.27:554][961]LogFileHelpers: Editor autosave (incl. sublevels) for '/Game/TopDownBP/Maps/LowPolyMap' took 0.058
[2018.06.07-13.48.27:648][961]OBJ SavePackage: Generating thumbnails for [0] asset(s) in package [/Game/TopDownBP/Widgets/LoadGame] ([1] browsable assets)...
[2018.06.07-13.48.27:648][961]OBJ SavePackage: Finished generating thumbnails for package [/Game/TopDownBP/Widgets/LoadGame]
[2018.06.07-13.48.27:760][961]LogSavePackage: Save=100.75ms
[2018.06.07-13.48.27:760][961]LogSavePackage: Moving '../../../../sergey/UnrealProjects/Game_1337/TopDownProjectNewRepository/Saved/LoadGame_Auto1788BDA0F490F4AA3C4608EA7C37DF9F9.tmp' to '../../../../sergey/UnrealProjects/Game_1337/TopDownProjectNewRepository/Saved/Autosaves/Game/TopDownBP/Widgets/LoadGame_Auto1.uasset'
[2018.06.07-13.48.27:762][961]LogSavePackage: Total save time: 112.55ms
[2018.06.07-13.48.27:762][961]LogSavePackage:Display: Finished SavePackage ../../../../sergey/UnrealProjects/Game_1337/TopDownProjectNewRepository/Saved/Autosaves/Game/TopDownBP/Widgets/LoadGame_Auto1.uasset
[2018.06.07-13.48.27:767][961]OBJ SavePackage: Generating thumbnails for [0] asset(s) in package [/Game/TopDownBP/Widgets/SaveGame] ([1] browsable assets)...
[2018.06.07-13.48.27:767][961]OBJ SavePackage: Finished generating thumbnails for package [/Game/TopDownBP/Widgets/SaveGame]
[2018.06.07-13.48.27:863][961]LogSavePackage: Save=84.42ms
[2018.06.07-13.48.27:863][961]LogSavePackage: Moving '../../../../sergey/UnrealProjects/Game_1337/TopDownProjectNewRepository/Saved/SaveGame_Auto1394F28474B669AB17CBC03A33FEF1786.tmp' to '../../../../sergey/UnrealProjects/Game_1337/TopDownProjectNewRepository/Saved/Autosaves/Game/TopDownBP/Widgets/SaveGame_Auto1.uasset'
[2018.06.07-13.48.27:863][961]LogSavePackage: Total save time: 96.09ms
[2018.06.07-13.48.27:863][961]LogSavePackage:Display: Finished SavePackage ../../../../sergey/UnrealProjects/Game_1337/TopDownProjectNewRepository/Saved/Autosaves/Game/TopDownBP/Widgets/SaveGame_Auto1.uasset
[2018.06.07-13.48.27:864][961]LogFileHelpers: Auto-saving content packages took 0.277
[2018.06.07-13.49.08:318][275]BlueprintLog: New page: Compile LoadGame
[2018.06.07-13.49.08:524][275]BlueprintEditorCompileResults: Info [1628.36] Compile of LoadGame successful! [in 205 ms]
[2018.06.07-13.49.09:714][312]Cmd: OBJ SAVEPACKAGE PACKAGE="/Game/TopDownBP/Widgets/LoadGame" FILE="../../../../sergey/UnrealProjects/Game_1337/TopDownProjectNewRepository/Content/TopDownBP/Widgets/LoadGame.uasset" SILENT=true
[2018.06.07-13.49.09:852][312]LogSavePackage: Save=126.68ms
[2018.06.07-13.49.09:852][312]LogSavePackage: Moving '../../../../sergey/UnrealProjects/Game_1337/TopDownProjectNewRepository/Saved/LoadGame9917F0D94B267E28A39294BEB86A531E.tmp' to '../../../../sergey/UnrealProjects/Game_1337/TopDownProjectNewRepository/Content/TopDownBP/Widgets/LoadGame.uasset'
[2018.06.07-13.49.09:873][312]LogSavePackage: Total save time: 157.80ms
[2018.06.07-13.49.09:873][312]LogSavePackage:Display: Finished SavePackage ../../../../sergey/UnrealProjects/Game_1337/TopDownProjectNewRepository/Content/TopDownBP/Widgets/LoadGame.uasset
[2018.06.07-13.50.19:877][713]BlueprintLog: New page: Compile MySaveGame
[2018.06.07-13.50.20:097][713]BlueprintEditorCompileResults: Info [1699.93] Compile of MySaveGame successful! [in 220 ms]
[2018.06.07-13.50.20:584][725]LogSavePackage: Save=32.74ms
[2018.06.07-13.50.20:584][725]LogSavePackage: Moving '../../../../sergey/UnrealProjects/Game_1337/TopDownProjectNewRepository/Saved/MySaveGame5C4893724FBA35A7D89772BCDC7F7C66.tmp' to '../../../../sergey/UnrealProjects/Game_1337/TopDownProjectNewRepository/Content/TopDownBP/Blueprints/SaveGame/MySaveGame.uasset'
[2018.06.07-13.50.20:588][725]LogSavePackage: Total save time: 80.68ms
[2018.06.07-13.50.20:588][725]LogSavePackage:Display: Finished SavePackage ../../../../sergey/UnrealProjects/Game_1337/TopDownProjectNewRepository/Content/TopDownBP/Blueprints/SaveGame/MySaveGame.uasset
[2018.06.07-13.52.51:546][ 64]LogSavePackage: Save=33.40ms
[2018.06.07-13.52.51:546][ 64]LogSavePackage: Moving '../../../../sergey/UnrealProjects/Game_1337/TopDownProjectNewRepository/Saved/MySaveGame96CC5CB746D00E4A9B4EB09E10AE7CC8.tmp' to '../../../../sergey/UnrealProjects/Game_1337/TopDownProjectNewRepository/Content/TopDownBP/Blueprints/SaveGame/MySaveGame.uasset'
[2018.06.07-13.52.51:548][ 64]LogSavePackage: Total save time: 45.16ms
[2018.06.07-13.52.51:548][ 64]LogSavePackage:Display: Finished SavePackage ../../../../sergey/UnrealProjects/Game_1337/TopDownProjectNewRepository/Content/TopDownBP/Blueprints/SaveGame/MySaveGame.uasset
[2018.06.07-13.54.58:493][603]LogPlayLevel: PlayLevel: No blueprints needed recompiling
[2018.06.07-13.54.58:494][603]PIE: New page: PIE session: LowPolyMap (Jun 8, 2018, 5:54:58 AM)
[2018