Log file open, 05/31/18 11:34:38
LogInit:Display: Running engine for game: TopDownProject
LogPlatformFile: Not using cached read wrapper
LogInit:Display: RandInit(-1960983833) SRandInit(-1960983832).
LogTaskGraph: Started task graph with 4 named threads and 5 total threads.
LogStats: Stats thread started at 0.840805
LogInit: Version: 4.11.2-2946394+++UE4+Release-4.11
LogInit: API Version: 2927265
LogInit: Compiled (64-bit): Apr 18 2016 02:18:46
LogInit: Compiled with Visual C++: 19.00.23026.00
LogInit: Build Configuration: Development
LogInit: Branch Name: ++UE4+Release-4.11
LogInit: Command line:  
LogInit: Base directory: D:/UE_4.11/Engine/Binaries/Win64/
LogInit: Installed Engine Build: 1
LogInit: Using libcurl 7.41.0
LogInit:  - built for x86_64-pc-win32
LogInit:  - supports SSL with WinSSL
LogInit:  - other features:
LogInit:      CURL_VERSION_SSL
LogInit:      CURL_VERSION_IPV6
LogInit:      CURL_VERSION_ASYNCHDNS
LogInit:      CURL_VERSION_LARGEFILE
LogInit:      CURL_VERSION_IDN
LogInit:  CurlRequestOptions (configurable via config and command line):
LogInit:  - bVerifyPeer = true  - Libcurl will verify peer certificate
LogInit:  - bUseHttpProxy = false  - Libcurl will NOT use HTTP proxy
LogInit:  - bDontReuseConnections = false  - Libcurl will reuse connections
LogInit:  - CertBundlePath = nullptr  - Libcurl will use whatever was configured at build time.
LogInit: Presizing for max 16777216 objects, including 0 objects not considered by GC, pre-allocating 0 bytes for permanent pool.
LogInit: Object subsystem initialized
[2018.05.31-03.34.45:631][  0]LogInit: Selected Device Profile: [Windows]
[2018.05.31-03.34.45:639][  0]LogInit: Applying CVar settings loaded from the selected device profile: [Windows]
[2018.05.31-03.34.46:399][  0]LogInit: Computer: 1-ПК
[2018.05.31-03.34.46:399][  0]LogInit: User: 1
[2018.05.31-03.34.46:399][  0]LogInit: CPU Page size=65536, Cores=2
[2018.05.31-03.34.46:399][  0]LogInit: High frequency timer resolution =2.338515 MHz
[2018.05.31-03.34.46:533][  0]LogMemory: Memory total: Physical=3.9GB (4GB approx)
[2018.05.31-03.34.46:533][  0]LogMemory: Platform Memory Stats for Windows
[2018.05.31-03.34.46:533][  0]LogMemory: Process Physical Memory: 314.59 MB used, 314.59 MB peak
[2018.05.31-03.34.46:533][  0]LogMemory: Process Virtual Memory: 318.94 MB used, 318.94 MB peak
[2018.05.31-03.34.46:533][  0]LogMemory: Physical Memory: 2612.61 MB used, 4010.14 MB total
[2018.05.31-03.34.46:533][  0]LogMemory: Virtual Memory: 624.87 MB used, 8388608.00 MB total
[2018.05.31-03.34.58:065][  0]LogTextLocalizationManager: No translations for ('ru-RU') exist, falling back to 'en' for localization and internationalization data.
[2018.05.31-03.35.10:746][  0]LogD3D11RHI: D3D11 adapters:
[2018.05.31-03.35.11:418][  0]LogD3D11RHI:    0. 'NVIDIA GeForce 410M' (Feature Level 11_0)
[2018.05.31-03.35.11:418][  0]LogD3D11RHI:       979MB of dedicated video memory, 0MB of dedicated system memory, and 1749MB of shared system memory, 1 output[s]
[2018.05.31-03.35.11:474][  0]LogD3D11RHI:    1. 'NVIDIA GeForce 410M' (Feature Level 11_0)
[2018.05.31-03.35.11:474][  0]LogD3D11RHI:       979MB of dedicated video memory, 0MB of dedicated system memory, and 1749MB of shared system memory, 0 output[s]
[2018.05.31-03.35.11:474][  0]LogD3D11RHI: Chosen D3D11 Adapter: 0
[2018.05.31-03.35.12:027][  0]LogD3D11RHI: Creating new Direct3DDevice
[2018.05.31-03.35.12:128][  0]LogD3D11RHI:     Adapter Name: Intel(R) HD Graphics 3000
[2018.05.31-03.35.12:128][  0]LogD3D11RHI:   Driver Version: Unknown (internal Unknown)
[2018.05.31-03.35.12:128][  0]LogD3D11RHI:      Driver Date: Unknown
[2018.05.31-03.35.12:196][  0]LogRHI: Texture pool is 1297 MB (70% of 1854 MB)
[2018.05.31-03.35.12:227][  0]LogD3D11RHI: Async texture creation enabled
[2018.05.31-03.35.16:025][  0]LogShaderCompilers: Guid format shader working directory is -29 characters bigger than the processId version (../../../../sergey/UnrealProjects/Game_1337/TopDownProjectNewRepository/Intermediate/Shaders/WorkingDirectory/2472/).
[2018.05.31-03.35.16:025][  0]LogShaderCompilers: Cleaned the shader compiler working directory 'C:/Users/1/AppData/Local/Temp/UnrealShaderWorkingDir/B84FE71A46FC91098FB9A59F03CD597E/'.
[2018.05.31-03.35.16:180][  0]LogShaderCompilers:Display: Using Local Shader Compiler.
[2018.05.31-03.36.39:677][  0]LogTemp:Display: Loaded TP AllDesktopTargetPlatform
[2018.05.31-03.36.39:785][  0]LogTemp:Display: Loaded TP WindowsClientTargetPlatform
[2018.05.31-03.36.39:977][  0]LogTemp:Display: Loaded TP WindowsNoEditorTargetPlatform
[2018.05.31-03.36.40:114][  0]LogTemp:Display: Loaded TP WindowsServerTargetPlatform
[2018.05.31-03.36.40:303][  0]LogTemp:Display: Loaded TP WindowsTargetPlatform
[2018.05.31-03.36.40:478][  0]LogTemp:Display: Loaded TP AndroidTargetPlatform
[2018.05.31-03.36.40:599][  0]LogTemp:Display: Loaded TP Android_ASTCTargetPlatform
[2018.05.31-03.36.40:864][  0]LogTemp:Display: Loaded TP Android_ATCTargetPlatform
[2018.05.31-03.36.41:135][  0]LogTemp:Display: Loaded TP Android_DXTTargetPlatform
[2018.05.31-03.36.41:219][  0]LogTemp:Display: Loaded TP Android_ETC1TargetPlatform
[2018.05.31-03.36.41:336][  0]LogTemp:Display: Loaded TP Android_ETC2TargetPlatform
[2018.05.31-03.36.41:504][  0]LogTemp:Display: Loaded TP Android_MultiTargetPlatform
[2018.05.31-03.36.41:504][  0]LogTemp:Display: Loaded TP Android_PVRTCTargetPlatform
[2018.05.31-03.36.41:605][  0]LogTemp:Display: Loaded TP HTML5TargetPlatform
[2018.05.31-03.36.42:350][  0]LogTemp:Display: Loaded TP IOSTargetPlatform
[2018.05.31-03.36.42:354][  0]LogTemp:Display: Loaded TP TVOSTargetPlatform
[2018.05.31-03.36.42:437][  0]LogTemp:Display: Loaded TP LinuxNoEditorTargetPlatform
[2018.05.31-03.36.42:525][  0]LogTemp:Display: Loaded TP LinuxServerTargetPlatform
[2018.05.31-03.36.42:709][  0]LogTemp:Display: Loaded TP LinuxTargetPlatform
[2018.05.31-03.36.42:709][  0]LogTargetPlatformManager:Display: Building Assets For Windows
[2018.05.31-03.36.50:598][  0]LogDerivedDataCache:Display: Max Cache Size: 512 MB
[2018.05.31-03.36.59:767][  0]LogDerivedDataCache: Loaded boot cache 9.14s 46MB C:/Users/1/AppData/Local/UnrealEngine/4.11/DerivedDataCache/Boot.ddc.
[2018.05.31-03.36.59:767][  0]LogDerivedDataCache:Display: Loaded Boot cache: C:/Users/1/AppData/Local/UnrealEngine/4.11/DerivedDataCache/Boot.ddc
[2018.05.31-03.36.59:767][  0]LogDerivedDataCache: FDerivedDataBackendGraph:  Pak pak cache file ../../../../sergey/UnrealProjects/Game_1337/TopDownProjectNewRepository/DerivedDataCache/DDC.ddp not found, will not use a pak cache.
[2018.05.31-03.36.59:767][  0]LogDerivedDataCache: Unable to find inner node Pak for hierarchical cache Hierarchy.
[2018.05.31-03.36.59:767][  0]LogDerivedDataCache: FDerivedDataBackendGraph:  CompressedPak pak cache file ../../../../sergey/UnrealProjects/Game_1337/TopDownProjectNewRepository/DerivedDataCache/Compressed.ddp not found, will not use a pak cache.
[2018.05.31-03.36.59:767][  0]LogDerivedDataCache: Unable to find inner node CompressedPak for hierarchical cache Hierarchy.
[2018.05.31-03.37.00:335][  0]LogDerivedDataCache:Display: Pak cache opened for reading ../../../Engine/DerivedDataCache/Compressed.ddp.
[2018.05.31-03.37.00:530][  0]LogDerivedDataCache: Using Local data cache path C:/Users/1/AppData/Local/UnrealEngine/Common/DerivedDataCache: Writable
[2018.05.31-03.37.48:866][  0]LogInit: Selected Device Profile: [Windows]
[2018.05.31-03.37.49:519][  0]LogContentStreaming: Texture pool size is 0.00 MB
[2018.05.31-03.37.55:301][  0]LogMaterial: Uniform references updated for custom material expression Custom.
[2018.05.31-03.38.04:419][  0]LogMeshUtilities: No automatic mesh reduction module available
[2018.05.31-03.38.04:419][  0]LogMeshUtilities: No automatic mesh merging module available
[2018.05.31-03.38.04:419][  0]LogMeshUtilities: No distributed automatic mesh merging module available
[2018.05.31-03.38.36:193][  0]LogUObjectArray: 27679 objects as part of root set at end of initial load.
[2018.05.31-03.38.36:193][  0]LogUObjectAllocator: 5591592 out of 0 bytes used by permanent object pool.
[2018.05.31-03.38.36:193][  0]LogUObjectArray: CloseDisregardForGC: 0/0 objects in disregard for GC pool
[2018.05.31-03.38.36:373][  0]LogInit: WinSock: version 1.1 (2.2), MaxSocks=32767, MaxUdp=65467
[2018.05.31-03.38.59:923][  0]LogSlate: SlateFontCache - WITH_FREETYPE: 1, WITH_HARFBUZZ: 1
[2018.05.31-03.38.59:923][  0]LogSlate: SlateFontCache - WITH_FREETYPE: 1, WITH_HARFBUZZ: 1
[2018.05.31-03.39.19:145][  0]LogStreaming:Warning: Failed to read file '../../../Engine/Content/Editor/Slate/Common/Selection_16x.png' error.
[2018.05.31-03.39.19:145][  0]LogSlate: Could not find file for Slate resource: ../../../Engine/Content/Editor/Slate/Common/Selection_16x.png
[2018.05.31-03.39.19:177][  0]LogStreaming:Warning: Failed to read file '../../../Engine/Content/Editor/Slate/Common/Selection_16x.png' error.
[2018.05.31-03.39.19:177][  0]LogSlate: Could not find file for Slate resource: ../../../Engine/Content/Editor/Slate/Common/Selection_16x.png
[2018.05.31-03.39.19:177][  0]LogStreaming:Warning: Failed to read file '../../../Engine/Content/Editor/Slate/Common/Selection_16x.png' error.
[2018.05.31-03.39.19:177][  0]LogSlate: Could not find file for Slate resource: ../../../Engine/Content/Editor/Slate/Common/Selection_16x.png
[2018.05.31-03.40.23:465][  0]LogUdpMessaging: Initializing bridge on interface 0.0.0.0:0 to multicast group 230.0.0.1:6666.
[2018.05.31-03.40.27:989][  0]LogAssetRegistry: FAssetRegistry took 0.3235 seconds to start up
[2018.05.31-03.40.45:896][  0]SourceControl: Info Source control is disabled
[2018.05.31-03.40.46:067][  0]SourceControl: Info Source control is disabled
[2018.05.31-03.40.46:787][  0]SourceControl: Info Source control is disabled
[2018.05.31-03.40.47:640][  0]SourceControl: Info Source control is disabled
[2018.05.31-03.40.53:523][  0]LogHMD: Failed to initialize OpenVR with code 110
[2018.05.31-03.40.58:549][  0]LogAutomationTest:Warning: Smoke tests took > 1s to run: 3.06s
[2018.05.31-03.40.58:812][  0]LogEngine: Initializing Engine...
[2018.05.31-03.41.12:586][  0]LogAIModule: Creating AISystem for world NewWorld
[2018.05.31-03.41.13:936][  0]LogInit: XAudio2 using 'Динамики (Устройство с поддержкой High Definition Audio)' : 2 channels at 44.1 kHz using 16 bits per sample (channel mask 0x3)
[2018.05.31-03.41.14:301][  0]LogInit: FAudioDevice initialized.
[2018.05.31-03.41.14:367][  0]LogDerivedDataCache: Saved boot cache 0.07s 46MB C:/Users/1/AppData/Local/UnrealEngine/4.11/DerivedDataCache/Boot.ddc.
[2018.05.31-03.41.14:391][  0]LogInit: Texture streaming: Enabled
[2018.05.31-03.41.18:601][  0]LogInit: Transaction tracking system initialized
[2018.05.31-03.41.31:980][  0]BlueprintLog: New page: Editor Load
[2018.05.31-03.41.57:058][  0]LocalizationService: Info Localization service is disabled
[2018.05.31-03.42.08:757][  0]LogConsoleResponse:Display: 
[2018.05.31-03.42.27:584][  0]LogFileCache: Scanning file cache for directory 'D:/sergey/UnrealProjects/Game_1337/TopDownProjectNewRepository/Content/' took 0.07s
[2018.05.31-03.42.27:584][  0]LogCook:Display: Max memory allowance for cook 8192mb
[2018.05.31-03.42.27:584][  0]LogCook:Display: Mobile HDR setting 1
[2018.05.31-03.42.27:614][  0]LogCook:Display: Done creating registry. It took  0.00s.
[2018.05.31-03.42.36:439][  0]SourceControl: Info Source control is disabled
[2018.05.31-03.42.36:752][  0]Cmd: MAP LOAD FILE="../../../../sergey/UnrealProjects/Game_1337/TopDownProjectNewRepository/Content/TopDownBP/Maps/LowPolyMap.umap" TEMPLATE=0 SHOWPROGRESS=1 FEATURELEVEL=3
[2018.05.31-03.42.36:981][  0]LightingResults: New page: Lighting Build
[2018.05.31-03.42.38:975][  0]MapCheck: New page: Map Check
[2018.05.31-03.42.38:975][  0]LightingResults: New page: Lighting Build
[2018.05.31-03.42.41:534][  0]LogLinker:Warning: Asset '../../../../sergey/UnrealProjects/Game_1337/TopDownProjectNewRepository/Content/Mannequin/Animations/ThirdPerson_AnimBP.uasset' has been saved with empty engine version. The asset will be loaded but may be incompatible.
[2018.05.31-03.42.41:677][  0]LogLinker:Warning: Asset '../../../../sergey/UnrealProjects/Game_1337/TopDownProjectNewRepository/Content/Mannequin/Animations/ThirdPerson_Jump.uasset' has been saved with empty engine version. The asset will be loaded but may be incompatible.
[2018.05.31-03.42.41:837][  0]LogLinker:Warning: Asset '../../../../sergey/UnrealProjects/Game_1337/TopDownProjectNewRepository/Content/Mannequin/Animations/ThirdPersonJump_Loop.uasset' has been saved with empty engine version. The asset will be loaded but may be incompatible.
[2018.05.31-03.42.41:890][  0]LogLinker:Warning: Asset '../../../../sergey/UnrealProjects/Game_1337/TopDownProjectNewRepository/Content/Mannequin/Animations/ThirdPersonJump_Start.uasset' has been saved with empty engine version. The asset will be loaded but may be incompatible.
[2018.05.31-03.42.42:019][  0]LogLinker:Warning: Asset '../../../../sergey/UnrealProjects/Game_1337/TopDownProjectNewRepository/Content/Mannequin/Animations/ThirdPersonIdle.uasset' has been saved with empty engine version. The asset will be loaded but may be incompatible.
[2018.05.31-03.42.42:082][  0]LogLinker:Warning: Asset '../../../../sergey/UnrealProjects/Game_1337/TopDownProjectNewRepository/Content/Mannequin/Animations/ThirdPersonRun.uasset' has been saved with empty engine version. The asset will be loaded but may be incompatible.
[2018.05.31-03.42.42:184][  0]LogLinker:Warning: Asset '../../../../sergey/UnrealProjects/Game_1337/TopDownProjectNewRepository/Content/Mannequin/Animations/ThirdPersonWalk.uasset' has been saved with empty engine version. The asset will be loaded but may be incompatible.
[2018.05.31-03.43.09:914][  0]LogMaterial: Uniform references updated for custom material expression TemporalAA SampleID.
[2018.05.31-03.43.09:914][  0]LogMaterial: Uniform references updated for custom material expression Custom.
[2018.05.31-03.43.31:021][  0]LogAIModule: Creating AISystem for world LowPolyMap
[2018.05.31-03.43.36:641][  0]LogMaterial:Warning: Material /Game/LowPolyModels/Materials/Green_3.Green_3 needed to have new flag set bUsedWithInstancedStaticMeshes !
[2018.05.31-03.43.37:401][  0]LogMaterial: Missing cached shader map for material Green_3, compiling. 
[2018.05.31-03.43.39:931][  0]MapCheck:Warning: Warning Green_3 Material /Game/LowPolyModels/Materials/Green_3.Green_3 was missing the usage flag bUsedWithInstancedStaticMeshes. If the material asset is not re-saved, it may not render correctly when run outside the editor. Fix
[2018.05.31-03.43.40:093][  0]LogMaterial: 0.13 seconds spent updating 1 materials, 1 interfaces, 0 instances, 0 with static permutations.
[2018.05.31-03.43.52:688][  0]LogEditorServer: Finished looking for orphan Actors (0.057 secs)
[2018.05.31-03.43.56:098][  0]Cmd: MAP CHECKDEP NOCLEARLOG
[2018.05.31-03.43.56:638][  0]MapCheck: Info Map check complete: 0 Error(s), 1 Warning(s), took 539.61ms to complete.
[2018.05.31-03.44.00:131][  0]LogFileHelpers: Loading map 'LowPolyMap' took 83.447
[2018.05.31-03.44.31:043][  0]LogCollectionManager: Loaded 0 collections in 0.015775 seconds
[2018.05.31-03.44.33:893][  0]LogFileCache: Scanning file cache for directory 'D:/sergey/UnrealProjects/Game_1337/TopDownProjectNewRepository/Saved/Collections/' took 0.01s
[2018.05.31-03.44.33:893][  0]LogFileCache: Scanning file cache for directory 'D:/sergey/UnrealProjects/Game_1337/TopDownProjectNewRepository/Content/Developers/1/Collections/' took 0.00s
[2018.05.31-03.44.33:893][  0]LogFileCache: Scanning file cache for directory 'D:/sergey/UnrealProjects/Game_1337/TopDownProjectNewRepository/Content/Collections/' took 0.00s
[2018.05.31-03.44.33:893][  0]LogCollectionManager: Rebuilt the GUID cache for 0 collections in 0.000004 seconds
[2018.05.31-03.44.34:140][  0]LogContentBrowser: Native class hierarchy populated in 0.1364 seconds. Added 1979 classes and 343 folders.
[2018.05.31-03.44.35:069][  0]LogStats: UGameplayTagsManager::ConstructGameplayTagTree: Construct from data asset -  0.013 s
[2018.05.31-03.44.35:071][  0]LogStats: UGameplayTagsManager::ConstructGameplayTagTree: GameplayTagTreeChangedEvent.Broadcast -  0.001 s
[2018.05.31-03.44.35:072][  0]LogContentBrowser: Native class hierarchy updated for 'GameplayTags' in 0.0006 seconds. Added 12 classes and 0 folders.
[2018.05.31-03.44.35:210][  0]LogContentBrowser: Native class hierarchy updated for 'WidgetCarousel' in 0.0015 seconds. Added 0 classes and 0 folders.
[2018.05.31-03.44.36:483][  0]LogContentBrowser: Native class hierarchy updated for 'SuperSearch' in 0.0008 seconds. Added 1 classes and 2 folders.
[2018.05.31-03.44.41:871][  0]LogContentBrowser: Native class hierarchy updated for 'AddContentDialog' in 0.0012 seconds. Added 0 classes and 0 folders.
[2018.05.31-03.44.42:039][  0]LogContentBrowser: Native class hierarchy updated for 'SceneOutliner' in 0.0012 seconds. Added 1 classes and 2 folders.
[2018.05.31-03.44.46:027][  0]LogCrashTracker: Crashtracker disabled due to settings.
[2018.05.31-03.44.47:257][  0]LogUObjectGlobals:Warning: Failed to find object 'Class None.'
[2018.05.31-03.44.48:060][  0]LogContentBrowser: Native class hierarchy updated for 'HierarchicalLODOutliner' in 0.0008 seconds. Added 1 classes and 2 folders.
[2018.05.31-03.44.48:106][  0]LogLoad: Full Startup: 612.99 seconds (BP compile: 11.72 seconds)
[2018.05.31-03.44.48:106][  0]LogExternalProfiler:Warning: No registered external profiler was matched with a command-line switch (or the DLL could not be loaded).  External profiling features will not be available.
[2018.05.31-03.44.48:891][  0]LogOcInput: OculusInput pre-init called
[2018.05.31-03.44.53:411][  0]LogContentStreaming: Texture pool size now 200 MB
[2018.05.31-03.45.01:238][  0]LogRenderer: Reallocating scene render targets to support 736x392 (Frame:2).
[2018.05.31-03.45.13:064][  6]LogAssetRegistry: Asset discovery search completed in 285.1901 seconds
[2018.05.31-03.45.13:259][  6]LogCollectionManager: Rebuilt the object cache for 0 collections in 0.000001 seconds (found 0 objects)
[2018.05.31-03.45.13:259][  6]LogCollectionManager: Fixed up redirectors for 0 collections in 0.195276 seconds (updated 0 objects)
[2018.05.31-03.49.04:257][200]LogPlayLevel: PlayLevel: No blueprints needed recompiling
[2018.05.31-03.49.04:617][200]PIE: New page: PIE session: LowPolyMap (May 31, 2018, 7:49:04 PM)
[2018.05.31-03.49.04:630][200]LogPlayLevel: Creating play world package: /Game/TopDownBP/Maps/UEDPIE_0_LowPolyMap
[2018.05.31-03.49.05:078][200]LogPlayLevel: PIE: StaticDuplicateObject took: (0.448713s)
[2018.05.31-03.49.05:079][200]LogAIModule: Creating AISystem for world LowPolyMap
[2018.05.31-03.49.05:079][200]LogPlayLevel: PIE: World Init took: (0.000930s)
[2018.05.31-03.49.05:102][200]LogPlayLevel: PIE: Created PIE world by copying editor world from /Game/TopDownBP/Maps/LowPolyMap.LowPolyMap to /Game/TopDownBP/Maps/UEDPIE_0_LowPolyMap.LowPolyMap (0.472817s)
[2018.05.31-03.49.05:139][200]LogActorComponent: UnregisterComponent: (/Engine/Transient.CharMoveComp) Not registered. Aborting.
[2018.05.31-03.49.05:170][200]LogActorComponent: UnregisterComponent: (/Engine/Transient.CursorOnActorText_GEN_VARIABLE) Not registered. Aborting.
[2018.05.31-03.49.05:170][200]LogActorComponent: UnregisterComponent: (/Engine/Transient.CharGoingForAction_GEN_VARIABLE) Not registered. Aborting.
[2018.05.31-03.49.05:170][200]LogActorComponent: UnregisterComponent: (/Engine/Transient.CharacterMovementComponent_0) Not registered. Aborting.
[2018.05.31-03.49.05:171][200]LogActorComponent: UnregisterComponent: (/Engine/Transient.CharacterMovementComponent_1) Not registered. Aborting.
[2018.05.31-03.49.05:171][200]LogActorComponent: UnregisterComponent: (/Engine/Transient.CursorOnActorText_C_0) Not registered. Aborting.
[2018.05.31-03.49.05:171][200]LogActorComponent: UnregisterComponent: (/Engine/Transient.CharGoingForAction_C_1) Not registered. Aborting.
[2018.05.31-03.49.05:962][200]LogInit: XAudio2 using 'Динамики (Устройство с поддержкой High Definition Audio)' : 2 channels at 44.1 kHz using 16 bits per sample (channel mask 0x3)
[2018.05.31-03.49.05:986][200]LogInit: FAudioDevice initialized.
[2018.05.31-03.49.06:527][200]LogWorld: Game class is 'TopDownGameMode_C'
[2018.05.31-03.49.06:809][200]LogWorld: Bringing World /Game/TopDownBP/Maps/UEDPIE_0_LowPolyMap.LowPolyMap up for play (max tick rate 60) at 2018.05.31-11.49.06
[2018.05.31-03.49.07:182][200]LogWorld: Bringing up level for play took: 0.446910
[2018.05.31-03.49.07:539][200]LogContentBrowser: Native class hierarchy updated for 'MovieSceneCapture' in 0.0006 seconds. Added 9 classes and 0 folders.
[2018.05.31-03.49.08:213][200]PIE: Info Play in editor start time for /Game/TopDownBP/Maps/UEDPIE_0_LowPolyMap 3.576
[2018.05.31-03.49.08:865][201]LogRenderer: Reallocating scene render targets to support 800x600 (Frame:1602).
[2018.05.31-03.51.46:864][841]LogContentBrowser: Native class hierarchy updated for 'BlueprintGraph' in 0.0011 seconds. Added 108 classes and 0 folders.
[2018.05.31-03.52.45:672][267]LogWindowsTextInputMethodSystem:Display: IME system now deactivated.
[2018.05.31-03.52.49:725][351]LogActorComponent: UnregisterComponent: (/Engine/Transient.CharMoveComp) Not registered. Aborting.
[2018.05.31-03.52.49:725][351]LogActorComponent: UnregisterComponent: (/Engine/Transient.CursorOnActorText_GEN_VARIABLE) Not registered. Aborting.
[2018.05.31-03.52.49:725][351]LogActorComponent: UnregisterComponent: (/Engine/Transient.CharGoingForAction_GEN_VARIABLE) Not registered. Aborting.
[2018.05.31-03.52.49:725][351]LogActorComponent: UnregisterComponent: (/Engine/Transient.CharacterMovementComponent_2) Not registered. Aborting.
[2018.05.31-03.52.49:725][351]LogActorComponent: UnregisterComponent: (/Engine/Transient.CursorOnActorText_C_1) Not registered. Aborting.
[2018.05.31-03.52.49:725][351]LogActorComponent: UnregisterComponent: (/Engine/Transient.CharGoingForAction_C_2) Not registered. Aborting.
[2018.05.31-03.52.52:557][416]BlueprintLog: New page: Compile MyAIEnemy
[2018.05.31-03.52.52:686][416]LogActorComponent: UnregisterComponent: (/Engine/Transient.CharacterMovementComponent_3) Not registered. Aborting.
[2018.05.31-03.52.52:686][416]LogActorComponent: UnregisterComponent: (/Engine/Transient.PawnSensing_GEN_VARIABLE) Not registered. Aborting.
[2018.05.31-03.52.52:686][416]LogActorComponent: UnregisterComponent: (/Engine/Transient.CursorOnActorText_C_2) Not registered. Aborting.
[2018.05.31-03.52.52:686][416]LogActorComponent: UnregisterComponent: (/Engine/Transient.CharGoingForAction_C_3) Not registered. Aborting.
[2018.05.31-03.52.53:268][416]BlueprintEditorCompileResults: Info [1098.13] Compile of MyAIEnemy successful! [in 698 ms]
[2018.05.31-03.52.56:918][493]LogEditorTransaction: Undo Add Component
[2018.05.31-03.52.57:045][493]LogActorComponent: UnregisterComponent: (/Engine/Transient.CharMoveComp) Not registered. Aborting.
[2018.05.31-03.52.57:045][493]LogActorComponent: UnregisterComponent: (/Engine/Transient.PawnSensing_GEN_VARIABLE) Not registered. Aborting.
[2018.05.31-03.52.57:045][493]LogActorComponent: UnregisterComponent: (/Engine/Transient.CursorOnActorText_GEN_VARIABLE) Not registered. Aborting.
[2018.05.31-03.52.57:045][493]LogActorComponent: UnregisterComponent: (/Engine/Transient.CharGoingForAction_GEN_VARIABLE) Not registered. Aborting.
[2018.05.31-03.52.58:986][539]BlueprintLog: New page: Compile MyAIEnemy
[2018.05.31-03.52.59:030][539]LogActorComponent: UnregisterComponent: (/Engine/Transient.CharacterMovementComponent_4) Not registered. Aborting.
[2018.05.31-03.52.59:030][539]LogActorComponent: UnregisterComponent: (/Engine/Transient.CursorOnActorText_C_3) Not registered. Aborting.
[2018.05.31-03.52.59:030][539]LogActorComponent: UnregisterComponent: (/Engine/Transient.CharGoingForAction_C_4) Not registered. Aborting.
[2018.05.31-03.52.59:355][539]BlueprintEditorCompileResults: Info [1104.23] Compile of MyAIEnemy successful! [in 369 ms]
[2018.05.31-03.52.59:892][546]Cmd: OBJ SAVEPACKAGE PACKAGE="/Game/TopDownBP/AI/MyAIEnemy" FILE="../../../../sergey/UnrealProjects/Game_1337/TopDownProjectNewRepository/Content/TopDownBP/AI/MyAIEnemy.uasset" SILENT=true
[2018.05.31-03.53.00:373][546]LogSavePackage: Save=386.92ms
[2018.05.31-03.53.00:373][546]LogSavePackage: Moving '../../../../sergey/UnrealProjects/Game_1337/TopDownProjectNewRepository/Saved/MyAIEnemy28F4E6AC44E6DCE952991087F90C2F8D.tmp' to '../../../../sergey/UnrealProjects/Game_1337/TopDownProjectNewRepository/Content/TopDownBP/AI/MyAIEnemy.uasset'
[2018.05.31-03.53.00:553][546]LogSavePackage: Total save time: 643.99ms
[2018.05.31-03.53.00:553][546]LogSavePackage:Display: Finished SavePackage ../../../../sergey/UnrealProjects/Game_1337/TopDownProjectNewRepository/Content/TopDownBP/AI/MyAIEnemy.uasset
[2018.05.31-03.53.12:449][834]LogActorComponent: UnregisterComponent: (/Engine/Transient.CharMoveComp) Not registered. Aborting.
[2018.05.31-03.53.12:449][834]LogActorComponent: UnregisterComponent: (/Engine/Transient.CursorOnActorText_GEN_VARIABLE) Not registered. Aborting.
[2018.05.31-03.53.12:449][834]LogActorComponent: UnregisterComponent: (/Engine/Transient.CharGoingForAction_GEN_VARIABLE) Not registered. Aborting.
[2018.05.31-03.53.12:449][834]LogActorComponent: UnregisterComponent: (/Engine/Transient.CharacterMovementComponent_5) Not registered. Aborting.
[2018.05.31-03.53.12:449][834]LogActorComponent: UnregisterComponent: (/Engine/Transient.CursorOnActorText_C_4) Not registered. Aborting.
[2018.05.31-03.53.12:449][834]LogActorComponent: UnregisterComponent: (/Engine/Transient.CharGoingForAction_C_5) Not registered. Aborting.
[2018.05.31-03.53.14:601][877]BlueprintLog: New page: Compile MyAICharacter
[2018.05.31-03.53.14:728][877]LogActorComponent: UnregisterComponent: (/Engine/Transient.CharacterMovementComponent_6) Not registered. Aborting.
[2018.05.31-03.53.14:728][877]LogActorComponent: UnregisterComponent: (/Engine/Transient.CursorOnActorText_C_5) Not registered. Aborting.
[2018.05.31-03.53.14:728][877]LogActorComponent: UnregisterComponent: (/Engine/Transient.CharGoingForAction_C_6) Not registered. Aborting.
[2018.05.31-03.53.14:728][877]LogActorComponent: UnregisterComponent: (/Engine/Transient.PawnSensing_GEN_VARIABLE) Not registered. Aborting.
[2018.05.31-03.53.14:728][877]LogActorComponent: UnregisterComponent: (/Engine/Transient.CharacterMovementComponent_7) Not registered. Aborting.
[2018.05.31-03.53.14:728][877]LogActorComponent: UnregisterComponent: (/Engine/Transient.CursorOnActorText_C_6) Not registered. Aborting.
[2018.05.31-03.53.14:728][877]LogActorComponent: UnregisterComponent: (/Engine/Transient.CharGoingForAction_C_7) Not registered. Aborting.
[2018.05.31-03.53.14:728][877]LogActorComponent: UnregisterComponent: (/Engine/Transient.PawnSensingComponent_1) Not registered. Aborting.
[2018.05.31-03.53.15:497][877]BlueprintEditorCompileResults: Info [1120.37] Compile of MyAICharacter successful! [in 895 ms]
[2018.05.31-03.53.16:141][887]Cmd: OBJ SAVEPACKAGE PACKAGE="/Game/TopDownBP/AI/MyAICharacter" FILE="../../../../sergey/UnrealProjects/Game_1337/TopDownProjectNewRepository/Content/TopDownBP/AI/MyAICharacter.uasset" SILENT=true
[2018.05.31-03.53.16:512][887]LogSavePackage: Save=341.98ms
[2018.05.31-03.53.16:512][887]LogSavePackage: Moving '../../../../sergey/UnrealProjects/Game_1337/TopDownProjectNewRepository/Saved/MyAICharacter2F6189D84C5F63D53E5CE6AD2F2E0A08.tmp' to '../../../../sergey/UnrealProjects/Game_1337/TopDownProjectNewRepository/Content/TopDownBP/AI/MyAICharacter.uasset'
[2018.05.31-03.53.16:550][887]LogSavePackage: Total save time: 407.82ms
[2018.05.31-03.53.16:550][887]LogSavePackage:Display: Finished SavePackage ../../../../sergey/UnrealProjects/Game_1337/TopDownProjectNewRepository/Content/TopDownBP/AI/MyAICharacter.uasset
[2018.05.31-03.53.17:105][899]LogRenderer: Reallocating scene render targets to support 808x600 (Frame:3841).
[2018.05.31-03.54.15:149][863]LogActorComponent: UnregisterComponent: (/Engine/Transient.CharMoveComp) Not registered. Aborting.
[2018.05.31-03.54.15:149][863]LogActorComponent: UnregisterComponent: (/Engine/Transient.CursorOnActorText_GEN_VARIABLE) Not registered. Aborting.
[2018.05.31-03.54.15:149][863]LogActorComponent: UnregisterComponent: (/Engine/Transient.CharGoingForAction_GEN_VARIABLE) Not registered. Aborting.
[2018.05.31-03.54.15:149][863]LogActorComponent: UnregisterComponent: (/Engine/Transient.PawnSensing_GEN_VARIABLE) Not registered. Aborting.
[2018.05.31-03.54.15:149][863]LogActorComponent: UnregisterComponent: (/Engine/Transient.CharacterMovementComponent_8) Not registered. Aborting.
[2018.05.31-03.54.15:149][863]LogActorComponent: UnregisterComponent: (/Engine/Transient.CursorOnActorText_C_7) Not registered. Aborting.
[2018.05.31-03.54.15:149][863]LogActorComponent: UnregisterComponent: (/Engine/Transient.CharGoingForAction_C_8) Not registered. Aborting.
[2018.05.31-03.54.15:149][863]LogActorComponent: UnregisterComponent: (/Engine/Transient.PawnSensingComponent_2) Not registered. Aborting.
[2018.05.31-03.54.16:104][880]LogActorComponent: UnregisterComponent: (/Engine/Transient.CharacterMovementComponent_9) Not registered. Aborting.
[2018.05.31-03.54.16:104][880]LogActorComponent: UnregisterComponent: (/Engine/Transient.CursorOnActorText_C_8) Not registered. Aborting.
[2018.05.31-03.54.16:104][880]LogActorComponent: UnregisterComponent: (/Engine/Transient.CharGoingForAction_C_9) Not registered. Aborting.
[2018.05.31-03.54.16:104][880]LogActorComponent: UnregisterComponent: (/Engine/Transient.PawnSensingComponent_3) Not registered. Aborting.
[2018.05.31-03.54.24:739][995]LogActorComponent: UnregisterComponent: (/Engine/Transient.CharacterMovementComponent_10) Not registered. Aborting.
[2018.05.31-03.54.24:739][995]LogActorComponent: UnregisterComponent: (/Engine/Transient.CursorOnActorText_C_9) Not registered. Aborting.
[2018.05.31-03.54.24:739][995]LogActorComponent: UnregisterComponent: (/Engine/Transient.CharGoingForAction_C_10) Not registered. Aborting.
[2018.05.31-03.54.24:739][995]LogActorComponent: UnregisterComponent: (/Engine/Transient.PawnSensingComponent_4) Not registered. Aborting.
[2018.05.31-03.54.28:578][ 67]LogActorComponent: UnregisterComponent: (/Engine/Transient.CharacterMovementComponent_11) Not registered. Aborting.
[2018.05.31-03.54.28:578][ 67]LogActorComponent: UnregisterComponent: (/Engine/Transient.CursorOnActorText_C_10) Not registered. Aborting.
[2018.05.31-03.54.28:578][ 67]LogActorComponent: UnregisterComponent: (/Engine/Transient.CharGoingForAction_C_11) Not registered. Aborting.
[2018.05.31-03.54.28:578][ 67]LogActorComponent: UnregisterComponent: (/Engine/Transient.PawnSensingComponent_5) Not registered. Aborting.
[2018.05.31-03.54.35:761][125]LogActorComponent: UnregisterComponent: (/Engine/Transient.CharacterMovementComponent_12) Not registered. Aborting.
[2018.05.31-03.54.35:761][125]LogActorComponent: UnregisterComponent: (/Engine/Transient.CursorOnActorText_C_11) Not registered. Aborting.
[2018.05.31-03.54.35:761][125]LogActorComponent: UnregisterComponent: (/Engine/Transient.CharGoingForAction_C_12) Not registered. Aborting.
[2018.05.31-03.54.35:761][125]LogActorComponent: UnregisterComponent: (/Engine/Transient.PawnSensingComponent_6) Not registered. Aborting.
[2018.05.31-03.54.36:719][142]LogActorComponent: UnregisterComponent: (/Engine/Transient.CharacterMovementComponent_13) Not registered. Aborting.
[2018.05.31-03.54.36:719][142]LogActorComponent: UnregisterComponent: (/Engine/Transient.CursorOnActorText_C_12) Not registered. Aborting.
[2018.05.31-03.54.36:719][142]LogActorComponent: UnregisterComponent: (/Engine/Transient.CharGoingForAction_C_13) Not registered. Aborting.
[2018.05.31-03.54.36:719][142]LogActorComponent: UnregisterComponent: (/Engine/Transient.PawnSensingComponent_7) Not registered. Aborting.
[2018.05.31-03.55.18:690][490]LogActorComponent: UnregisterComponent: (/Engine/Transient.CharacterMovementComponent_14) Not registered. Aborting.
[2018.05.31-03.55.18:690][490]LogActorComponent: UnregisterComponent: (/Engine/Transient.CursorOnActorText_C_13) Not registered. Aborting.
[2018.05.31-03.55.18:690][490]LogActorComponent: UnregisterComponent: (/Engine/Transient.CharGoingForAction_C_14) Not registered. Aborting.
[2018.05.31-03.55.18:690][490]LogActorComponent: UnregisterComponent: (/Engine/Transient.PawnSensingComponent_8) Not registered. Aborting.
[2018.05.31-03.55.19:200][490]LogSavePackage: Save=291.19ms
[2018.05.31-03.55.19:200][490]LogSavePackage: Moving '../../../../sergey/UnrealProjects/Game_1337/TopDownProjectNewRepository/Saved/LowPolyMap_Auto1FD510D6D48F25CC03E4B0898C3F12226.tmp' to '../../../../sergey/UnrealProjects/Game_1337/TopDownProjectNewRepository/Saved/Autosaves/Game/TopDownBP/Maps/LowPolyMap_Auto1.umap'
[2018.05.31-03.55.19:276][490]LogSavePackage: Total save time: 377.33ms
[2018.05.31-03.55.19:276][490]LogSavePackage:Display: Finished SavePackage ../../../../sergey/UnrealProjects/Game_1337/TopDownProjectNewRepository/Saved/Autosaves/Game/TopDownBP/Maps/LowPolyMap_Auto1.umap
[2018.05.31-03.55.19:386][490]LogFileHelpers: Editor autosave (incl. sublevels) for '/Game/TopDownBP/Maps/LowPolyMap' took 0.685
[2018.05.31-03.55.19:386][490]LogFileHelpers: Editor autosave (incl. sublevels) for all levels took 0.685
[2018.05.31-03.55.19:393][490]OBJ SavePackage: Generating thumbnails for [1] asset(s) in package [/Game/TopDownBP/AI/MyAICharacter] ([1] browsable assets)...
[2018.05.31-03.55.19:414][490]OBJ SavePackage:     Rendered thumbnail for [Blueprint /Game/TopDownBP/AI/MyAICharacter.MyAICharacter]
[2018.05.31-03.55.19:414][490]OBJ SavePackage: Finished generating thumbnails for package [/Game/TopDownBP/AI/MyAICharacter]
[2018.05.31-03.55.19:818][490]LogSavePackage: Save=396.70ms
[2018.05.31-03.55.19:818][490]LogSavePackage: Moving '../../../../sergey/UnrealProjects/Game_1337/TopDownProjectNewRepository/Saved/MyAICharacter_Auto141F72A614D82AE25663C2AA4E3A5EE5F.tmp' to '../../../../sergey/UnrealProjects/Game_1337/TopDownProjectNewRepository/Saved/Autosaves/Game/TopDownBP/AI/MyAICharacter_Auto1.uasset'
[2018.05.31-03.55.20:100][490]LogSavePackage: Total save time: 684.24ms
[2018.05.31-03.55.20:100][490]LogSavePackage:Display: Finished SavePackage ../../../../sergey/UnrealProjects/Game_1337/TopDownProjectNewRepository/Saved/Autosaves/Game/TopDownBP/AI/MyAICharacter_Auto1.uasset
[2018.05.31-03.55.20:100][490]LogFileHelpers: Auto-saving content packages took 0.713
[2018.05.31-03.55.32:448][588]BlueprintLog: New page: Compile MyAICharacter
[2018.05.31-03.55.32:575][588]LogActorComponent: UnregisterComponent: (/Engine/Transient.CharMoveComp) Not registered. Aborting.
[2018.05.31-03.55.32:575][588]LogActorComponent: UnregisterComponent: (/Engine/Transient.CursorOnActorText_GEN_VARIABLE) Not registered. Aborting.
[2018.05.31-03.55.32:575][588]LogActorComponent: UnregisterComponent: (/Engine/Transient.CharGoingForAction_GEN_VARIABLE) Not registered. Aborting.
[2018.05.31-03.55.32:575][588]LogActorComponent: UnregisterComponent: (/Engine/Transient.PawnSensing_GEN_VARIABLE) Not registered. Aborting.
[2018.05.31-03.55.32:901][588]BlueprintEditorCompileResults: Info [1257.77] Compile of MyAICharacter successful! [in 453 ms]
[2018.05.31-03.55.33:314][594]Cmd: OBJ SAVEPACKAGE PACKAGE="/Game/TopDownBP/AI/MyAICharacter" FILE="../../../../sergey/UnrealProjects/Game_1337/TopDownProjectNewRepository/Content/TopDownBP/AI/MyAICharacter.uasset" SILENT=true
[2018.05.31-03.55.33:655][594]LogSavePackage: Save=335.41ms
[2018.05.31-03.55.33:655][594]LogSavePackage: Moving '../../../../sergey/UnrealProjects/Game_1337/TopDownProjectNewRepository/Saved/MyAICharacterA9F366C54F4E1BEB39F068AEC5F95A64.tmp' to '../../../../sergey/UnrealProjects/Game_1337/TopDownProjectNewRepository/Content/TopDownBP/AI/MyAICharacter.uasset'
[2018.05.31-03.55.33:658][594]LogSavePackage: Total save time: 342.36ms
[2018.05.31-03.55.33:658][594]LogSavePackage:Display: Finished SavePackage ../../../../sergey/UnrealProjects/Game_1337/TopDownProjectNewRepository/Content/TopDownBP/AI/MyAICharacter.uasset
[2018.05.31-03.55.41:098][761]LogActorComponent: UnregisterComponent: (/Engine/Transient.CharMoveComp) Not registered. Aborting.
[2018.05.31-03.55.41:098][761]LogActorComponent: UnregisterComponent: (/Engine/Transient.CursorOnActorText_GEN_VARIABLE) Not registered. Aborting.
[2018.05.31-03.55.41:098][761]LogActorComponent: UnregisterComponent: (/Engine/Transient.CharGoingForAction_GEN_VARIABLE) Not registered. Aborting.
[2018.05.31-03.55.41:098][761]LogActorComponent: UnregisterComponent: (/Engine/Transient.PawnSensing_GEN_VARIABLE) Not registered. Aborting.
[2018.05.31-03.55.41:098][761]LogActorComponent: UnregisterComponent: (/Engine/Transient.CharacterMovementComponent_15) Not registered. Aborting.
[2018.05.31-03.55.41:098][761]LogActorComponent: UnregisterComponent: (/Engine/Transient.CursorOnActorText_C_14) Not registered. Aborting.
[2018.05.31-03.55.41:098][761]LogActorComponent: UnregisterComponent: (/Engine/Transient.CharGoingForAction_C_15) Not registered. Aborting.
[2018.05.31-03.55.41:098][761]LogActorComponent: UnregisterComponent: (/Engine/Transient.PawnSensingComponent_9) Not registered. Aborting.
[2018.05.31-03.56.50:224][701]BlueprintLog: New page: Compile MyAIEnemy
[2018.05.31-03.56.50:274][701]LogActorComponent: UnregisterComponent: (/Engine/Transient.CharacterMovementComponent_16) Not registered. Aborting.
[2018.05.31-03.56.50:274][701]LogActorComponent: UnregisterComponent: (/Engine/Transient.CursorOnActorText_C_15) Not registered. Aborting.
[2018.05.31-03.56.50:274][701]LogActorComponent: UnregisterComponent: (/Engine/Transient.CharGoingForAction_C_16) Not registered. Aborting.
[2018.05.31-03.56.50:274][701]LogActorComponent: UnregisterComponent: (/Engine/Transient.PawnSensingComponent_10) Not registered. Aborting.
[2018.05.31-03.56.50:421][701]BlueprintEditorCompileResults: Info [1335.28] Compile of MyAIEnemy successful! [in 196 ms]
[2018.05.31-03.56.51:315][720]LogPlayLevel: PlayLevel: No blueprints needed recompiling
[2018.05.31-03.56.51:315][720]PIE: New page: PIE session: LowPolyMap (May 31, 2018, 7:56:51 PM)
[2018.05.31-03.56.51:315][720]LogPlayLevel: Creating play world package: /Game/TopDownBP/Maps/UEDPIE_0_LowPolyMap
[2018.05.31-03.56.51:326][720]LogPlayLevel: PIE: StaticDuplicateObject took: (0.010515s)
[2018.05.31-03.56.51:326][720]LogAIModule: Creating AISystem for world LowPolyMap
[2018.05.31-03.56.51:327][720]LogPlayLevel: PIE: World Init took: (0.000941s)
[2018.05.31-03.56.51:327][720]LogPlayLevel: PIE: Created PIE world by copying editor world from /Game/TopDownBP/Maps/LowPolyMap.LowPolyMap to /Game/TopDownBP/Maps/UEDPIE_0_LowPolyMap.LowPolyMap (0.011731s)
[2018.05.31-03.56.51:327][720]LogActorComponent: UnregisterComponent: (/Engine/Transient.CharMoveComp) Not registered. Aborting.
[2018.05.31-03.56.51:327][720]LogActorComponent: UnregisterComponent: (/Engine/Transient.CursorOnActorText_GEN_VARIABLE) Not registered. Aborting.
[2018.05.31-03.56.51:327][720]LogActorComponent: UnregisterComponent: (/Engine/Transient.CharGoingForAction_GEN_VARIABLE) Not registered. Aborting.
[2018.05.31-03.56.51:327][720]LogActorComponent: UnregisterComponent: (/Engine/Transient.PawnSensing_GEN_VARIABLE) Not registered. Aborting.
[2018.05.31-03.56.51:439][720]LogInit: XAudio2 using 'Динамики (Устройство с поддержкой High Definition Audio)' : 2 channels at 44.1 kHz using 16 bits per sample (channel mask 0x3)
[2018.05.31-03.56.51:447][720]LogInit: FAudioDevice initialized.
[2018.05.31-03.56.51:488][720]LogWorld: Game class is 'TopDownGameMode_C'
[2018.05.31-03.56.51:494][720]LogWorld: Bringing World /Game/TopDownBP/Maps/UEDPIE_0_LowPolyMap.LowPolyMap up for play (max tick rate 60) at 2018.05.31-11.56.51
[2018.05.31-03.56.51:496][720]LogWorld: Bringing up level for play took: 0.007495
[2018.05.31-03.56.51:523][720]PIE: Info Play in editor start time for /Game/TopDownBP/Maps/UEDPIE_0_LowPolyMap 0.872
[2018.05.31-03.56.59:329][852]LogBlueprintUserMessages: [MyAIEnemy_358] see
[2018.05.31-03.56.59:801][861]LogBlueprintUserMessages: [MyAIEnemy_358] see
[2018.05.31-03.57.00:315][870]LogBlueprintUserMessages: [MyAIEnemy_358] see
[2018.05.31-03.57.00:833][879]LogBlueprintUserMessages: [MyAIEnemy_358] see
[2018.05.31-03.57.01:348][888]LogBlueprintUserMessages: [MyAIEnemy_358] see
[2018.05.31-03.57.01:868][897]LogBlueprintUserMessages: [MyAIEnemy_358] see
[2018.05.31-03.57.02:395][906]LogBlueprintUserMessages: [MyAIEnemy_358] see
[2018.05.31-03.57.02:898][915]LogBlueprintUserMessages: [MyAIEnemy_358] see
[2018.05.31-03.57.03:411][924]LogBlueprintUserMessages: [MyAIEnemy_358] see
[2018.05.31-03.57.03:924][933]LogBlueprintUserMessages: [MyAIEnemy_358] see
[2018.05.31-03.57.04:439][942]LogBlueprintUserMessages: [MyAIEnemy_358] see
[2018.05.31-03.57.04:952][951]LogBlueprintUserMessages: [MyAIEnemy_358] see
[2018.05.31-03.57.05:467][960]LogBlueprintUserMessages: [MyAIEnemy_358] see
[2018.05.31-03.57.05:978][969]LogBlueprintUserMessages: [MyAIEnemy_358] see
[2018.05.31-03.57.06:493][978]LogBlueprintUserMessages: [MyAIEnemy_358] see
[2018.05.31-03.57.07:023][987]LogBlueprintUserMessages: [MyAIEnemy_358] see
[2018.05.31-03.57.07:522][996]LogBlueprintUserMessages: [MyAIEnemy_358] see
[2018.05.31-03.57.08:037][  5]LogBlueprintUserMessages: [MyAIEnemy_358] see
[2018.05.31-03.57.08:551][ 14]LogBlueprintUserMessages: [MyAIEnemy_358] see
[2018.05.31-03.57.09:063][ 23]LogBlueprintUserMessages: [MyAIEnemy_358] see
[2018.05.31-03.57.09:573][ 32]LogBlueprintUserMessages: [MyAIEnemy_358] see
[2018.05.31-03.57.10:084][ 41]LogBlueprintUserMessages: [MyAIEnemy_358] see
[2018.05.31-03.57.10:599][ 50]LogBlueprintUserMessages: [MyAIEnemy_358] see
[2018.05.31-03.57.11:110][ 59]LogBlueprintUserMessages: [MyAIEnemy_358] see
[2018.05.31-03.57.11:621][ 68]LogBlueprintUserMessages: [MyAIEnemy_358] see
[2018.05.31-03.57.12:134][ 77]LogBlueprintUserMessages: [MyAIEnemy_358] see
[2018.05.31-03.57.12:644][ 86]LogBlueprintUserMessages: [MyAIEnemy_358] see
[2018.05.31-03.57.13:155][ 95]LogBlueprintUserMessages: [MyAIEnemy_358] see
[2018.05.31-03.57.13:664][104]LogBlueprintUserMessages: [MyAIEnemy_358] see
[2018.05.31-03.57.14:173][113]LogBlueprintUserMessages: [MyAIEnemy_358] see
[2018.05.31-03.57.14:686][122]LogBlueprintUserMessages: [MyAIEnemy_358] see
[2018.05.31-03.57.15:197][131]LogBlueprintUserMessages: [MyAIEnemy_358] see
[2018.05.31-03.57.15:707][140]LogBlueprintUserMessages: [MyAIEnemy_358] see
[2018.05.31-03.57.16:219][149]LogBlueprintUserMessages: [MyAIEnemy_358] see
[2018.05.31-03.57.16:733][158]LogBlueprintUserMessages: [MyAIEnemy_358] see
[2018.05.31-03.57.22:875][266]LogBlueprintUserMessages: [MyAIEnemy_358] see
[2018.05.31-03.57.23:387][275]LogBlueprintUserMessages: [MyAIEnemy_358] see
[2018.05.31-03.57.23:899][284]LogBlueprintUserMessages: [MyAIEnemy_358] see
[2018.05.31-03.57.24:411][293]LogBlueprintUserMessages: [MyAIEnemy_358] see
[2018.05.31-03.57.24:932][302]LogBlueprintUserMessages: [MyAIEnemy_358] see
[2018.05.31-03.57.25:463][311]LogBlueprintUserMessages: [MyAIEnemy_358] see
[2018.05.31-03.57.25:959][320]LogBlueprintUserMessages: [MyAIEnemy_358] see
[2018.05.31-03.57.31:578][419]LogBlueprintUserMessages: [MyAIEnemy_358] see
[2018.05.31-03.57.32:099][428]LogBlueprintUserMessages: [MyAIEnemy_358] see
[2018.05.31-03.57.32:608][437]LogBlueprintUserMessages: [MyAIEnemy_358] see
[2018.05.31-03.57.33:129][446]LogBlueprintUserMessages: [MyAIEnemy_358] see
[2018.05.31-03.57.33:646][455]LogBlueprintUserMessages: [MyAIEnemy_358] see
[2018.05.31-03.57.34:159][464]LogBlueprintUserMessages: [MyAIEnemy_358] see
[2018.05.31-03.57.34:675][473]LogBlueprintUserMessages: [MyAIEnemy_358] see
[2018.05.31-03.57.35:192][482]LogBlueprintUserMessages: [MyAIEnemy_358] see
[2018.05.31-03.57.35:704][491]LogBlueprintUserMessages: [MyAIEnemy_358] see
[2018.05.31-03.57.36:214][500]LogBlueprintUserMessages: [MyAIEnemy_358] see
[2018.05.31-03.57.36:727][509]LogBlueprintUserMessages: [MyAIEnemy_358] see
[2018.05.31-03.57.37:242][518]LogBlueprintUserMessages: [MyAIEnemy_358] see
[2018.05.31-03.57.37:751][527]LogBlueprintUserMessages: [MyAIEnemy_358] see
[2018.05.31-03.57.38:260][536]LogBlueprintUserMessages: [MyAIEnemy_358] see
[2018.05.31-03.57.38:770][545]LogBlueprintUserMessages: [MyAIEnemy_358] see
[2018.05.31-03.57.44:399][644]LogBlueprintUserMessages: [MyAIEnemy_358] see
[2018.05.31-03.57.44:912][653]LogBlueprintUserMessages: [MyAIEnemy_358] see
[2018.05.31-03.57.45:423][662]LogBlueprintUserMessages: [MyAIEnemy_358] see
[2018.05.31-03.57.45:938][671]LogBlueprintUserMessages: [MyAIEnemy_358] see
[2018.05.31-03.57.46:457][680]LogBlueprintUserMessages: [MyAIEnemy_358] see
[2018.05.31-03.57.46:964][689]LogBlueprintUserMessages: [MyAIEnemy_358] see
[2018.05.31-03.57.47:471][698]LogBlueprintUserMessages: [MyAIEnemy_358] see
[2018.05.31-03.57.47:983][707]LogBlueprintUserMessages: [MyAIEnemy_358] see
[2018.05.31-03.57.48:495][716]LogBlueprintUserMessages: [MyAIEnemy_358] see
[2018.05.31-03.57.49:002][725]LogBlueprintUserMessages: [MyAIEnemy_358] see
[2018.05.31-03.57.49:516][734]LogBlueprintUserMessages: [MyAIEnemy_358] see
[2018.05.31-03.57.50:041][743]LogBlueprintUserMessages: [MyAIEnemy_358] see
[2018.05.31-03.57.50:562][752]LogBlueprintUserMessages: [MyAIEnemy_358] see
[2018.05.31-03.57.51:083][761]LogBlueprintUserMessages: [MyAIEnemy_358] see
[2018.05.31-03.57.51:605][769]LogBlueprintUserMessages: [MyAIEnemy_358] see
[2018.05.31-03.57.52:133][778]LogBlueprintUserMessages: [MyAIEnemy_358] see
[2018.05.31-03.57.52:652][787]LogBlueprintUserMessages: [MyAIEnemy_358] see
[2018.05.31-03.57.53:168][796]LogBlueprintUserMessages: [MyAIEnemy_358] see
[2018.05.31-03.57.53:693][805]LogBlueprintUserMessages: [MyAIEnemy_358] see
[2018.05.31-03.57.54:212][814]LogBlueprintUserMessages: [MyAIEnemy_358] see
[2018.05.31-03.57.54:727][823]LogBlueprintUserMessages: [MyAIEnemy_358] see
[2018.05.31-03.57.55:259][832]LogBlueprintUserMessages: [MyAIEnemy_358] see
[2018.05.31-03.57.55:762][841]LogBlueprintUserMessages: [MyAIEnemy_358] see
[2018.05.31-03.57.56:278][850]LogBlueprintUserMessages: [MyAIEnemy_358] see
[2018.05.31-03.57.56:795][859]LogBlueprintUserMessages: [MyAIEnemy_358] see
[2018.05.31-03.57.57:322][868]LogBlueprintUserMessages: [MyAIEnemy_358] see
[2018.05.31-03.57.57:851][877]LogBlueprintUserMessages: [MyAIEnemy_358] see
[2018.05.31-03.57.58:391][886]LogBlueprintUserMessages: [MyAIEnemy_358] see
[2018.05.31-03.57.58:902][895]LogBlueprintUserMessages: [MyAIEnemy_358] see
[2018.05.31-03.57.59:427][904]LogBlueprintUserMessages: [MyAIEnemy_358] see
[2018.05.31-03.57.59:956][913]LogBlueprintUserMessages: [MyAIEnemy_358] see
[2018.05.31-03.58.00:481][922]LogBlueprintUserMessages: [MyAIEnemy_358] see
[2018.05.31-03.58.01:009][931]LogBlueprintUserMessages: [MyAIEnemy_358] see
[2018.05.31-03.58.01:532][940]LogBlueprintUserMessages: [MyAIEnemy_358] see
[2018.05.31-03.58.02:063][949]LogBlueprintUserMessages: [MyAIEnemy_358] see
[2018.05.31-03.58.02:588][958]LogBlueprintUserMessages: [MyAIEnemy_358] see
[2018.05.31-03.58.03:113][967]LogBlueprintUserMessages: [MyAIEnemy_358] see
[2018.05.31-03.58.03:634][976]LogBlueprintUserMessages: [MyAIEnemy_358] see
[2018.05.31-03.58.04:150][985]LogBlueprintUserMessages: [MyAIEnemy_358] see
[2018.05.31-03.58.04:674][994]LogBlueprintUserMessages: [MyAIEnemy_358] see
[2018.05.31-03.58.05:198][  3]LogBlueprintUserMessages: [MyAIEnemy_358] see
[2018.05.31-03.58.06:239][ 21]LogBlueprintUserMessages: [MyAIEnemy_358] see
[2018.05.31-03.58.06:757][ 30]LogBlueprintUserMessages: [MyAIEnemy_358] see
[2018.05.31-03.58.07:283][ 39]LogBlueprintUserMessages: [MyAIEnemy_358] see
[2018.05.31-03.58.07:811][ 48]LogBlueprintUserMessages: [MyAIEnemy_358] see
[2018.05.31-03.58.08:344][ 57]LogBlueprintUserMessages: [MyAIEnemy_358] see
[2018.05.31-03.58.08:872][ 66]LogBlueprintUserMessages: [MyAIEnemy_358] see
[2018.05.31-03.58.09:404][ 75]LogBlueprintUserMessages: [MyAIEnemy_358] see
[2018.05.31-03.58.09:932][ 84]LogBlueprintUserMessages: [MyAIEnemy_358] see
[2018.05.31-03.58.10:457][ 93]LogBlueprintUserMessages: [MyAIEnemy_358] see
[2018.05.31-03.58.11:005][102]LogBlueprintUserMessages: [MyAIEnemy_358] see
[2018.05.31-03.58.11:511][111]LogBlueprintUserMessages: [MyAIEnemy_358] see
[2018.05.31-03.58.12:037][120]LogBlueprintUserMessages: [MyAIEnemy_358] see
[2018.05.31-03.58.12:565][129]LogBlueprintUserMessages: [MyAIEnemy_358] see
[2018.05.31-03.58.13:091][138]LogBlueprintUserMessages: [MyAIEnemy_358] see
[2018.05.31-03.58.13:616][147]LogBlueprintUserMessages: [MyAIEnemy_358] see
[2018.05.31-03.58.14:144][156]LogBlueprintUserMessages: [MyAIEnemy_358] see
[2018.05.31-03.58.14:666][165]LogBlueprintUserMessages: [MyAIEnemy_358] see
[2018.05.31-03.58.15:187][174]LogBlueprintUserMessages: [MyAIEnemy_358] see
[2018.05.31-03.58.15:706][183]LogBlueprintUserMessages: [MyAIEnemy_358] see
[2018.05.31-03.58.16:232][192]LogBlueprintUserMessages: [MyAIEnemy_358] see
[2018.05.31-03.58.16:771][201]LogBlueprintUserMessages: [MyAIEnemy_358] see
[2018.05.31-03.58.17:299][210]LogBlueprintUserMessages: [MyAIEnemy_358] see
[2018.05.31-03.58.17:833][219]LogBlueprintUserMessages: [MyAIEnemy_358] see
[2018.05.31-03.58.18:363][228]LogBlueprintUserMessages: [MyAIEnemy_358] see
[2018.05.31-03.58.18:889][237]LogBlueprintUserMessages: [MyAIEnemy_358] see
[2018.05.31-03.58.19:416][246]LogBlueprintUserMessages: [MyAIEnemy_358] see
[2018.05.31-03.58.19:942][255]LogBlueprintUserMessages: [MyAIEnemy_358] see
[2018.05.31-03.58.20:470][264]LogBlueprintUserMessages: [MyAIEnemy_358] see
[2018.05.31-03.58.22:600][300]LogBlueprintUserMessages: [MyAIEnemy_358] see
[2018.05.31-03.58.23:135][309]LogBlueprintUserMessages: [MyAIEnemy_358] see
[2018.05.31-03.58.25:256][345]LogBlueprintUserMessages: [MyAIEnemy_358] see
[2018.05.31-03.58.26:849][372]LogBlueprintUserMessages: [MyAIEnemy_358] see
[2018.05.31-03.58.27:398][381]LogBlueprintUserMessages: [MyAIEnemy_358] see
[2018.05.31-03.58.29:493][417]LogBlueprintUserMessages: [MyAIEnemy_358] see
[2018.05.31-03.58.30:027][426]LogBlueprintUserMessages: [MyAIEnemy_358] see
[2018.05.31-03.58.30:555][435]LogBlueprintUserMessages: [MyAIEnemy_358] see
[2018.05.31-03.58.31:082][444]LogBlueprintUserMessages: [MyAIEnemy_358] see
[2018.05.31-03.58.31:608][453]LogBlueprintUserMessages: [MyAIEnemy_358] see
[2018.05.31-03.58.32:135][462]LogBlueprintUserMessages: [MyAIEnemy_358] see
[2018.05.31-03.58.32:660][471]LogBlueprintUserMessages: [MyAIEnemy_358] see
[2018.05.31-03.58.39:249][594]LogRenderer: Reallocating scene render targets to support 880x600 (Frame:9531).
[2018.05.31-03.59.03:811][996]LogActorComponent: UnregisterComponent: (/Engine/Transient.CharMoveComp) Not registered. Aborting.
[2018.05.31-03.59.03:811][996]LogActorComponent: UnregisterComponent: (/Engine/Transient.CursorOnActorText_GEN_VARIABLE) Not registered. Aborting.
[2018.05.31-03.59.03:811][996]LogActorComponent: UnregisterComponent: (/Engine/Transient.CharGoingForAction_GEN_VARIABLE) Not registered. Aborting.
[2018.05.31-03.59.03:811][996]LogActorComponent: UnregisterComponent: (/Engine/Transient.PawnSensing_GEN_VARIABLE) Not registered. Aborting.
[2018.05.31-03.59.50:871][622]LogActorComponent: UnregisterComponent: (/Engine/Transient.CharacterMovementComponent_17) Not registered. Aborting.
[2018.05.31-03.59.50:871][622]LogActorComponent: UnregisterComponent: (/Engine/Transient.CursorOnActorText_C_16) Not registered. Aborting.
[2018.05.31-03.59.50:871][622]LogActorComponent: UnregisterComponent: (/Engine/Transient.CharGoingForAction_C_17) Not registered. Aborting.
[2018.05.31-03.59.50:871][622]LogActorComponent: UnregisterComponent: (/Engine/Transient.PawnSensingComponent_12) Not registered. Aborting.
[2018.05.31-03.59.52:275][647]BlueprintLog: New page: Compile MyAIEnemy
[2018.05.31-03.59.52:323][647]LogActorComponent: UnregisterComponent: (/Engine/Transient.CharacterMovementComponent_18) Not registered. Aborting.
[2018.05.31-03.59.52:323][647]LogActorComponent: UnregisterComponent: (/Engine/Transient.CursorOnActorText_C_17) Not registered. Aborting.
[2018.05.31-03.59.52:323][647]LogActorComponent: UnregisterComponent: (/Engine/Transient.CharGoingForAction_C_18) Not registered. Aborting.
[2018.05.31-03.59.52:323][647]LogActorComponent: UnregisterComponent: (/Engine/Transient.PawnSensingComponent_13) Not registered. Aborting.
[2018.05.31-03.59.52:468][647]BlueprintEditorCompileResults: Info [1517.33] Compile of MyAIEnemy successful! [in 193 ms]
[2018.05.31-03.59.52:952][655]Cmd: OBJ SAVEPACKAGE PACKAGE="/Game/TopDownBP/AI/MyAIEnemy" FILE="../../../../sergey/UnrealProjects/Game_1337/TopDownProjectNewRepository/Content/TopDownBP/AI/MyAIEnemy.uasset" SILENT=true
[2018.05.31-03.59.53:172][655]LogSavePackage: Save=209.38ms
[2018.05.31-03.59.53:172][655]LogSavePackage: Moving '../../../../sergey/UnrealProjects/Game_1337/TopDownProjectNewRepository/Saved/MyAIEnemy36AA87164B7D94B438D9DCB216B700A2.tmp' to '../../../../sergey/UnrealProjects/Game_1337/TopDownProjectNewRepository/Content/TopDownBP/AI/MyAIEnemy.uasset'
[2018.05.31-03.59.53:174][655]LogSavePackage: Total save time: 219.62ms
[2018.05.31-03.59.53:174][655]LogSavePackage:Display: Finished SavePackage ../../../../sergey/UnrealProjects/Game_1337/TopDownProjectNewRepository/Content/TopDownBP/AI/MyAIEnemy.uasset
[2018.05.31-03.59.54:178][673]LogPlayLevel: PlayLevel: No blueprints needed recompiling
[2018.05.31-03.59.54:178][673]PIE: New page: PIE session: LowPolyMap (May 31, 2018, 7:59:54 PM)
[2018.05.31-03.59.54:178][673]LogPlayLevel: Creating play world package: /Game/TopDownBP/Maps/UEDPIE_0_LowPolyMap
[2018.05.31-03.59.54:188][673]LogPlayLevel: PIE: StaticDuplicateObject took: (0.009946s)
[2018.05.31-03.59.54:189][673]LogAIModule: Creating AISystem for world LowPolyMap
[2018.05.31-03.59.54:189][673]LogPlayLevel: PIE: World Init took: (0.000904s)
[2018.05.31-03.59.54:189][673]LogPlayLevel: PIE: Created PIE world by copying editor world from /Game/TopDownBP/Maps/LowPolyMap.LowPolyMap to /Game/TopDownBP/Maps/UEDPIE_0_LowPolyMap.LowPolyMap (0.011118s)
[2018.05.31-03.59.54:189][673]LogActorComponent: UnregisterComponent: (/Engine/Transient.CharMoveComp) Not registered. Aborting.
[2018.05.31-03.59.54:189][673]LogActorComponent: UnregisterComponent: (/Engine/Transient.CursorOnActorText_GEN_VARIABLE) Not registered. Aborting.
[2018.05.31-03.59.54:189][673]LogActorComponent: UnregisterComponent: (/Engine/Transient.CharGoingForAction_GEN_VARIABLE) Not registered. Aborting.
[2018.05.31-03.59.54:189][673]LogActorComponent: UnregisterComponent: (/Engine/Transient.PawnSensing_GEN_VARIABLE) Not registered. Aborting.
[2018.05.31-03.59.54:254][673]LogInit: XAudio2 using 'Динамики (Устройство с поддержкой High Definition Audio)' : 2 channels at 44.1 kHz using 16 bits per sample (channel mask 0x3)
[2018.05.31-03.59.54:262][673]LogInit: FAudioDevice initialized.
[2018.05.31-03.59.54:313][673]LogWorld: Game class is 'TopDownGameMode_C'
[2018.05.31-03.59.54:320][673]LogWorld: Bringing World /Game/TopDownBP/Maps/UEDPIE_0_LowPolyMap.LowPolyMap up for play (max tick rate 60) at 2018.05.31-11.59.54
[2018.05.31-03.59.54:321][673]LogWorld: Bringing up level for play took: 0.007575
[2018.05.31-03.59.54:345][673]PIE: Info Play in editor start time for /Game/TopDownBP/Maps/UEDPIE_0_LowPolyMap -0.312
[2018.05.31-03.59.57:348][725]LogBlueprintUserMessages: [MyAIEnemy_358] see
[2018.05.31-03.59.57:886][735]LogBlueprintUserMessages: [MyAIEnemy_358] see
[2018.05.31-03.59.58:423][745]LogBlueprintUserMessages: [MyAIEnemy_358] see
[2018.05.31-03.59.58:966][755]LogBlueprintUserMessages: [MyAIEnemy_358] see
[2018.05.31-03.59.59:504][765]LogBlueprintUserMessages: [MyAIEnemy_358] see
[2018.05.31-04.00.00:043][775]LogBlueprintUserMessages: [MyAIEnemy_358] see
[2018.05.31-04.00.00:587][785]LogBlueprintUserMessages: [MyAIEnemy_358] see
[2018.05.31-04.00.01:132][795]LogBlueprintUserMessages: [MyAIEnemy_358] see
[2018.05.31-04.00.08:559][930]LogBlueprintUserMessages: [MyAIEnemy_358] see
[2018.05.31-04.00.09:610][949]LogBlueprintUserMessages: [MyAIEnemy_358] see
[2018.05.31-04.00.10:155][959]LogBlueprintUserMessages: [MyAIEnemy_358] see
[2018.05.31-04.00.22:866][969]LogCrashTracker: 


[2018.05.31-04.00.22:866][969]LogThreadingWindows:Error: Runnable thread TaskGraphThread 0 crashed.
[2018.05.31-04.00.22:866][969]LogCrashTracker: 


[2018.05.31-04.00.22:866][969]LogWindows:Error: === Critical error: ===
Fatal error!


Crash in runnable thread TaskGraphThread 0

[2018.05.31-04.00.22:968][969]LogExit: Executing StaticShutdownAfterError
[2018.05.31-04.00.22:968][969]LogWindows: FPlatformMisc::RequestExit(1)
[2018.05.31-04.00.22:968][969]Log file closed, 05/31/18 12:00:22
