Log file open, 06/09/18 13:50:09
LogInit:Display: Running engine for game: TopDownProject
LogPlatformFile: Not using cached read wrapper
LogInit:Display: RandInit(-1266759816) SRandInit(-1266759810).
LogTaskGraph: Started task graph with 4 named threads and 5 total threads.
LogStats: Stats thread started at 4.950604
LogInit: Version: 4.11.2-2946394+++UE4+Release-4.11
LogInit: API Version: 2927265
LogInit: Compiled (64-bit): Apr 18 2016 02:18:46
LogInit: Compiled with Visual C++: 19.00.23026.00
LogInit: Build Configuration: Development
LogInit: Branch Name: ++UE4+Release-4.11
LogInit: Command line:  
LogInit: Base directory: D:/UE_4.11/Engine/Binaries/Win64/
LogInit: Installed Engine Build: 1
LogInit: Using libcurl 7.41.0
LogInit:  - built for x86_64-pc-win32
LogInit:  - supports SSL with WinSSL
LogInit:  - other features:
LogInit:      CURL_VERSION_SSL
LogInit:      CURL_VERSION_IPV6
LogInit:      CURL_VERSION_ASYNCHDNS
LogInit:      CURL_VERSION_LARGEFILE
LogInit:      CURL_VERSION_IDN
LogInit:  CurlRequestOptions (configurable via config and command line):
LogInit:  - bVerifyPeer = true  - Libcurl will verify peer certificate
LogInit:  - bUseHttpProxy = false  - Libcurl will NOT use HTTP proxy
LogInit:  - bDontReuseConnections = false  - Libcurl will reuse connections
LogInit:  - CertBundlePath = nullptr  - Libcurl will use whatever was configured at build time.
LogInit: Presizing for max 16777216 objects, including 0 objects not considered by GC, pre-allocating 0 bytes for permanent pool.
LogInit: Object subsystem initialized
[2018.06.09-05.50.11:694][  0]LogInit: Selected Device Profile: [Windows]
[2018.06.09-05.50.11:694][  0]LogInit: Applying CVar settings loaded from the selected device profile: [Windows]
[2018.06.09-05.50.11:980][  0]LogInit: Computer: 1-ПК
[2018.06.09-05.50.11:980][  0]LogInit: User: 1
[2018.06.09-05.50.11:980][  0]LogInit: CPU Page size=65536, Cores=2
[2018.06.09-05.50.11:980][  0]LogInit: High frequency timer resolution =2.338466 MHz
[2018.06.09-05.50.11:994][  0]LogMemory: Memory total: Physical=3.9GB (4GB approx)
[2018.06.09-05.50.11:994][  0]LogMemory: Platform Memory Stats for Windows
[2018.06.09-05.50.11:994][  0]LogMemory: Process Physical Memory: 314.49 MB used, 314.49 MB peak
[2018.06.09-05.50.11:994][  0]LogMemory: Process Virtual Memory: 318.84 MB used, 318.84 MB peak
[2018.06.09-05.50.11:994][  0]LogMemory: Physical Memory: 2326.41 MB used, 4010.14 MB total
[2018.06.09-05.50.11:994][  0]LogMemory: Virtual Memory: 624.87 MB used, 8388608.00 MB total
[2018.06.09-05.50.16:033][  0]LogTextLocalizationManager: No translations for ('ru-RU') exist, falling back to 'en' for localization and internationalization data.
[2018.06.09-05.50.18:390][  0]LogD3D11RHI: D3D11 adapters:
[2018.06.09-05.50.20:241][  0]LogD3D11RHI:    0. 'NVIDIA GeForce 410M' (Feature Level 11_0)
[2018.06.09-05.50.20:241][  0]LogD3D11RHI:       979MB of dedicated video memory, 0MB of dedicated system memory, and 1749MB of shared system memory, 1 output[s]
[2018.06.09-05.50.20:282][  0]LogD3D11RHI:    1. 'NVIDIA GeForce 410M' (Feature Level 11_0)
[2018.06.09-05.50.20:282][  0]LogD3D11RHI:       979MB of dedicated video memory, 0MB of dedicated system memory, and 1749MB of shared system memory, 0 output[s]
[2018.06.09-05.50.20:282][  0]LogD3D11RHI: Chosen D3D11 Adapter: 0
[2018.06.09-05.50.20:316][  0]LogD3D11RHI: Creating new Direct3DDevice
[2018.06.09-05.50.20:317][  0]LogD3D11RHI:     Adapter Name: Intel(R) HD Graphics 3000
[2018.06.09-05.50.20:317][  0]LogD3D11RHI:   Driver Version: Unknown (internal Unknown)
[2018.06.09-05.50.20:318][  0]LogD3D11RHI:      Driver Date: Unknown
[2018.06.09-05.50.20:318][  0]LogRHI: Texture pool is 1297 MB (70% of 1854 MB)
[2018.06.09-05.50.20:345][  0]LogD3D11RHI: Async texture creation enabled
[2018.06.09-05.50.21:408][  0]LogShaderCompilers: Guid format shader working directory is -28 characters bigger than the processId version (../../../../sergey/UnrealProjects/Game_1337/TopDownProjectNewRepository/Intermediate/Shaders/WorkingDirectory/976/).
[2018.06.09-05.50.21:409][  0]LogShaderCompilers: Cleaned the shader compiler working directory 'C:/Users/1/AppData/Local/Temp/UnrealShaderWorkingDir/56DF43584FFEFED1E77C1098D2BA2916/'.
[2018.06.09-05.50.21:428][  0]LogShaderCompilers:Display: Using Local Shader Compiler.
[2018.06.09-05.50.38:166][  0]LogTemp:Display: Loaded TP AllDesktopTargetPlatform
[2018.06.09-05.50.38:210][  0]LogTemp:Display: Loaded TP WindowsClientTargetPlatform
[2018.06.09-05.50.38:269][  0]LogTemp:Display: Loaded TP WindowsNoEditorTargetPlatform
[2018.06.09-05.50.38:319][  0]LogTemp:Display: Loaded TP WindowsServerTargetPlatform
[2018.06.09-05.50.38:375][  0]LogTemp:Display: Loaded TP WindowsTargetPlatform
[2018.06.09-05.50.38:455][  0]LogTemp:Display: Loaded TP AndroidTargetPlatform
[2018.06.09-05.50.38:533][  0]LogTemp:Display: Loaded TP Android_ASTCTargetPlatform
[2018.06.09-05.50.38:595][  0]LogTemp:Display: Loaded TP Android_ATCTargetPlatform
[2018.06.09-05.50.38:655][  0]LogTemp:Display: Loaded TP Android_DXTTargetPlatform
[2018.06.09-05.50.38:737][  0]LogTemp:Display: Loaded TP Android_ETC1TargetPlatform
[2018.06.09-05.50.38:814][  0]LogTemp:Display: Loaded TP Android_ETC2TargetPlatform
[2018.06.09-05.50.38:928][  0]LogTemp:Display: Loaded TP Android_MultiTargetPlatform
[2018.06.09-05.50.38:928][  0]LogTemp:Display: Loaded TP Android_PVRTCTargetPlatform
[2018.06.09-05.50.38:960][  0]LogTemp:Display: Loaded TP HTML5TargetPlatform
[2018.06.09-05.50.39:146][  0]LogTemp:Display: Loaded TP IOSTargetPlatform
[2018.06.09-05.50.39:158][  0]LogTemp:Display: Loaded TP TVOSTargetPlatform
[2018.06.09-05.50.39:198][  0]LogTemp:Display: Loaded TP LinuxNoEditorTargetPlatform
[2018.06.09-05.50.39:221][  0]LogTemp:Display: Loaded TP LinuxServerTargetPlatform
[2018.06.09-05.50.39:276][  0]LogTemp:Display: Loaded TP LinuxTargetPlatform
[2018.06.09-05.50.39:276][  0]LogTargetPlatformManager:Display: Building Assets For Windows
[2018.06.09-05.50.40:571][  0]LogDerivedDataCache:Display: Max Cache Size: 512 MB
[2018.06.09-05.50.41:409][  0]LogDerivedDataCache: Loaded boot cache 0.82s 46MB C:/Users/1/AppData/Local/UnrealEngine/4.11/DerivedDataCache/Boot.ddc.
[2018.06.09-05.50.41:410][  0]LogDerivedDataCache:Display: Loaded Boot cache: C:/Users/1/AppData/Local/UnrealEngine/4.11/DerivedDataCache/Boot.ddc
[2018.06.09-05.50.41:410][  0]LogDerivedDataCache: FDerivedDataBackendGraph:  Pak pak cache file ../../../../sergey/UnrealProjects/Game_1337/TopDownProjectNewRepository/DerivedDataCache/DDC.ddp not found, will not use a pak cache.
[2018.06.09-05.50.41:410][  0]LogDerivedDataCache: Unable to find inner node Pak for hierarchical cache Hierarchy.
[2018.06.09-05.50.41:410][  0]LogDerivedDataCache: FDerivedDataBackendGraph:  CompressedPak pak cache file ../../../../sergey/UnrealProjects/Game_1337/TopDownProjectNewRepository/DerivedDataCache/Compressed.ddp not found, will not use a pak cache.
[2018.06.09-05.50.41:410][  0]LogDerivedDataCache: Unable to find inner node CompressedPak for hierarchical cache Hierarchy.
[2018.06.09-05.50.41:576][  0]LogDerivedDataCache:Display: Pak cache opened for reading ../../../Engine/DerivedDataCache/Compressed.ddp.
[2018.06.09-05.50.41:651][  0]LogDerivedDataCache: Using Local data cache path C:/Users/1/AppData/Local/UnrealEngine/Common/DerivedDataCache: Writable
[2018.06.09-05.50.53:384][  0]LogInit: Selected Device Profile: [Windows]
[2018.06.09-05.50.53:607][  0]LogContentStreaming: Texture pool size is 0.00 MB
[2018.06.09-05.50.55:421][  0]LogMaterial: Uniform references updated for custom material expression Custom.
[2018.06.09-05.50.58:885][  0]LogMeshUtilities: No automatic mesh reduction module available
[2018.06.09-05.50.58:885][  0]LogMeshUtilities: No automatic mesh merging module available
[2018.06.09-05.50.58:885][  0]LogMeshUtilities: No distributed automatic mesh merging module available
[2018.06.09-05.51.10:079][  0]LogUObjectArray: 27679 objects as part of root set at end of initial load.
[2018.06.09-05.51.10:079][  0]LogUObjectAllocator: 5591592 out of 0 bytes used by permanent object pool.
[2018.06.09-05.51.10:079][  0]LogUObjectArray: CloseDisregardForGC: 0/0 objects in disregard for GC pool
[2018.06.09-05.51.10:128][  0]LogInit: WinSock: version 1.1 (2.2), MaxSocks=32767, MaxUdp=65467
[2018.06.09-05.51.14:801][  0]LogSlate: SlateFontCache - WITH_FREETYPE: 1, WITH_HARFBUZZ: 1
[2018.06.09-05.51.14:802][  0]LogSlate: SlateFontCache - WITH_FREETYPE: 1, WITH_HARFBUZZ: 1
[2018.06.09-05.51.18:912][  0]LogStreaming:Warning: Failed to read file '../../../Engine/Content/Editor/Slate/Common/Selection_16x.png' error.
[2018.06.09-05.51.18:912][  0]LogSlate: Could not find file for Slate resource: ../../../Engine/Content/Editor/Slate/Common/Selection_16x.png
[2018.06.09-05.51.18:912][  0]LogStreaming:Warning: Failed to read file '../../../Engine/Content/Editor/Slate/Common/Selection_16x.png' error.
[2018.06.09-05.51.18:912][  0]LogSlate: Could not find file for Slate resource: ../../../Engine/Content/Editor/Slate/Common/Selection_16x.png
[2018.06.09-05.51.18:912][  0]LogStreaming:Warning: Failed to read file '../../../Engine/Content/Editor/Slate/Common/Selection_16x.png' error.
[2018.06.09-05.51.18:912][  0]LogSlate: Could not find file for Slate resource: ../../../Engine/Content/Editor/Slate/Common/Selection_16x.png
[2018.06.09-05.51.34:412][  0]LogUdpMessaging: Initializing bridge on interface 0.0.0.0:0 to multicast group 230.0.0.1:6666.
[2018.06.09-05.51.35:375][  0]LogAssetRegistry: FAssetRegistry took 0.0264 seconds to start up
[2018.06.09-05.51.45:243][  0]SourceControl: Info Source control is disabled
[2018.06.09-05.51.45:280][  0]SourceControl: Info Source control is disabled
[2018.06.09-05.51.45:462][  0]SourceControl: Info Source control is disabled
[2018.06.09-05.51.45:611][  0]SourceControl: Info Source control is disabled
[2018.06.09-05.51.47:144][  0]LogHMD: Failed to initialize OpenVR with code 110
[2018.06.09-05.51.48:464][  0]LogEngine: Initializing Engine...
[2018.06.09-05.51.52:821][  0]LogAIModule: Creating AISystem for world NewWorld
[2018.06.09-05.51.53:166][  0]LogInit: XAudio2 using 'Динамики (Устройство с поддержкой High Definition Audio)' : 2 channels at 44.1 kHz using 16 bits per sample (channel mask 0x3)
[2018.06.09-05.51.53:273][  0]LogInit: FAudioDevice initialized.
[2018.06.09-05.51.53:331][  0]LogDerivedDataCache: Saved boot cache 0.06s 46MB C:/Users/1/AppData/Local/UnrealEngine/4.11/DerivedDataCache/Boot.ddc.
[2018.06.09-05.51.53:340][  0]LogInit: Texture streaming: Enabled
[2018.06.09-05.51.54:572][  0]LogInit: Transaction tracking system initialized
[2018.06.09-05.51.58:003][  0]BlueprintLog: New page: Editor Load
[2018.06.09-05.52.11:199][  0]LocalizationService: Info Localization service is disabled
[2018.06.09-05.52.22:718][  0]LogConsoleResponse:Display: 
[2018.06.09-05.52.38:045][  0]LogFileCache: Scanning file cache for directory 'D:/sergey/UnrealProjects/Game_1337/TopDownProjectNewRepository/Content/' took 0.07s
[2018.06.09-05.52.38:045][  0]LogCook:Display: Max memory allowance for cook 8192mb
[2018.06.09-05.52.38:045][  0]LogCook:Display: Mobile HDR setting 1
[2018.06.09-05.52.38:097][  0]LogCook:Display: Done creating registry. It took  0.00s.
[2018.06.09-05.52.45:165][  0]SourceControl: Info Source control is disabled
[2018.06.09-05.53.20:181][  0]LogWindowsTextInputMethodSystem:Display: IME system now deactivated.
[2018.06.09-05.53.23:272][  0]LogWindowsTextInputMethodSystem:Display: IME system now deactivated.
[2018.06.09-05.53.23:513][  0]Cmd: MAP LOAD FILE="../../../../sergey/UnrealProjects/Game_1337/TopDownProjectNewRepository/Content/TopDownBP/Maps/LowPolyMap.umap" TEMPLATE=0 SHOWPROGRESS=1 FEATURELEVEL=3
[2018.06.09-05.53.23:695][  0]LightingResults: New page: Lighting Build
[2018.06.09-05.53.26:521][  0]MapCheck: New page: Map Check
[2018.06.09-05.53.26:521][  0]LightingResults: New page: Lighting Build
[2018.06.09-05.53.30:872][  0]LogLinker:Warning: Asset '../../../../sergey/UnrealProjects/Game_1337/TopDownProjectNewRepository/Content/Mannequin/Animations/ThirdPerson_AnimBP.uasset' has been saved with empty engine version. The asset will be loaded but may be incompatible.
[2018.06.09-05.53.31:024][  0]LogLinker:Warning: Asset '../../../../sergey/UnrealProjects/Game_1337/TopDownProjectNewRepository/Content/Mannequin/Animations/ThirdPerson_Jump.uasset' has been saved with empty engine version. The asset will be loaded but may be incompatible.
[2018.06.09-05.53.31:742][  0]LogLinker:Warning: Asset '../../../../sergey/UnrealProjects/Game_1337/TopDownProjectNewRepository/Content/Mannequin/Animations/ThirdPersonJump_Loop.uasset' has been saved with empty engine version. The asset will be loaded but may be incompatible.
[2018.06.09-05.53.31:818][  0]LogLinker:Warning: Asset '../../../../sergey/UnrealProjects/Game_1337/TopDownProjectNewRepository/Content/Mannequin/Animations/ThirdPersonJump_Start.uasset' has been saved with empty engine version. The asset will be loaded but may be incompatible.
[2018.06.09-05.53.32:379][  0]LogLinker:Warning: Asset '../../../../sergey/UnrealProjects/Game_1337/TopDownProjectNewRepository/Content/Mannequin/Animations/ThirdPersonIdle.uasset' has been saved with empty engine version. The asset will be loaded but may be incompatible.
[2018.06.09-05.53.32:476][  0]LogLinker:Warning: Asset '../../../../sergey/UnrealProjects/Game_1337/TopDownProjectNewRepository/Content/Mannequin/Animations/ThirdPersonRun.uasset' has been saved with empty engine version. The asset will be loaded but may be incompatible.
[2018.06.09-05.53.32:651][  0]LogLinker:Warning: Asset '../../../../sergey/UnrealProjects/Game_1337/TopDownProjectNewRepository/Content/Mannequin/Animations/ThirdPersonWalk.uasset' has been saved with empty engine version. The asset will be loaded but may be incompatible.
[2018.06.09-05.53.56:328][  0]LogMaterial: Uniform references updated for custom material expression TemporalAA SampleID.
[2018.06.09-05.53.56:328][  0]LogMaterial: Uniform references updated for custom material expression Custom.
[2018.06.09-05.54.06:003][  0]LogAIModule: Creating AISystem for world LowPolyMap
[2018.06.09-05.54.06:818][  0]LogMaterial:Warning: Material /Game/LowPolyModels/Materials/Green_3.Green_3 needed to have new flag set bUsedWithInstancedStaticMeshes !
[2018.06.09-05.54.06:846][  0]LogMaterial: Missing cached shader map for material Green_3, compiling. 
[2018.06.09-05.54.07:016][  0]MapCheck:Warning: Warning Green_3 Material /Game/LowPolyModels/Materials/Green_3.Green_3 was missing the usage flag bUsedWithInstancedStaticMeshes. If the material asset is not re-saved, it may not render correctly when run outside the editor. Fix
[2018.06.09-05.54.07:017][  0]LogMaterial: 0.00 seconds spent updating 1 materials, 1 interfaces, 0 instances, 0 with static permutations.
[2018.06.09-05.54.10:237][  0]LogEditorServer: Finished looking for orphan Actors (0.000 secs)
[2018.06.09-05.54.10:494][  0]Cmd: MAP CHECKDEP NOCLEARLOG
[2018.06.09-05.54.10:634][  0]MapCheck: Info Map check complete: 0 Error(s), 1 Warning(s), took 139.778ms to complete.
[2018.06.09-05.54.10:760][  0]LogFileHelpers: Loading map 'LowPolyMap' took 47.321
[2018.06.09-05.54.16:880][  0]LogStats:Warning: MetaData mismatch. Did you assign a stat to two groups? New //STATGROUP_Threads//SplashScreenThread///Thread_1a54_0///####STATCAT_Advanced#### old //STATGROUP_Threads//SplashScreenThread///Thread_1a60_0///####STATCAT_Advanced####
[2018.06.09-05.54.16:880][  0]LogCollectionManager: Loaded 0 collections in 0.023049 seconds
[2018.06.09-05.54.17:489][  0]LogFileCache: Scanning file cache for directory 'D:/sergey/UnrealProjects/Game_1337/TopDownProjectNewRepository/Saved/Collections/' took 0.01s
[2018.06.09-05.54.17:489][  0]LogFileCache: Scanning file cache for directory 'D:/sergey/UnrealProjects/Game_1337/TopDownProjectNewRepository/Content/Developers/1/Collections/' took 0.01s
[2018.06.09-05.54.17:489][  0]LogFileCache: Scanning file cache for directory 'D:/sergey/UnrealProjects/Game_1337/TopDownProjectNewRepository/Content/Collections/' took 0.01s
[2018.06.09-05.54.17:489][  0]LogCollectionManager: