Log file open, 05/27/18 16:23:51
LogInit:Display: Running engine for game: TopDownProject
LogPlatformFile: Not using cached read wrapper
LogInit:Display: RandInit(1475824925) SRandInit(1475824926).
LogTaskGraph: Started task graph with 4 named threads and 5 total threads.
LogStats: Stats thread started at 0.111340
LogInit: Version: 4.11.2-2946394+++UE4+Release-4.11
LogInit: API Version: 2927265
LogInit: Compiled (64-bit): Apr 18 2016 02:18:46
LogInit: Compiled with Visual C++: 19.00.23026.00
LogInit: Build Configuration: Development
LogInit: Branch Name: ++UE4+Release-4.11
LogInit: Command line:  
LogInit: Base directory: D:/UE_4.11/Engine/Binaries/Win64/
LogInit: Installed Engine Build: 1
LogInit: Using libcurl 7.41.0
LogInit:  - built for x86_64-pc-win32
LogInit:  - supports SSL with WinSSL
LogInit:  - other features:
LogInit:      CURL_VERSION_SSL
LogInit:      CURL_VERSION_IPV6
LogInit:      CURL_VERSION_ASYNCHDNS
LogInit:      CURL_VERSION_LARGEFILE
LogInit:      CURL_VERSION_IDN
LogInit:  CurlRequestOptions (configurable via config and command line):
LogInit:  - bVerifyPeer = true  - Libcurl will verify peer certificate
LogInit:  - bUseHttpProxy = false  - Libcurl will NOT use HTTP proxy
LogInit:  - bDontReuseConnections = false  - Libcurl will reuse connections
LogInit:  - CertBundlePath = nullptr  - Libcurl will use whatever was configured at build time.
LogInit: Presizing for max 16777216 objects, including 0 objects not considered by GC, pre-allocating 0 bytes for permanent pool.
LogInit: Object subsystem initialized
[2018.05.27-08.23.52:829][  0]LogInit: Selected Device Profile: [Windows]
[2018.05.27-08.23.52:830][  0]LogInit: Applying CVar settings loaded from the selected device profile: [Windows]
[2018.05.27-08.23.53:709][  0]LogInit: Computer: 1-ПК
[2018.05.27-08.23.53:709][  0]LogInit: User: 1
[2018.05.27-08.23.53:709][  0]LogInit: CPU Page size=65536, Cores=2
[2018.05.27-08.23.53:709][  0]LogInit: High frequency timer resolution =2.338505 MHz
[2018.05.27-08.23.53:799][  0]LogMemory: Memory total: Physical=3.9GB (4GB approx)
[2018.05.27-08.23.53:799][  0]LogMemory: Platform Memory Stats for Windows
[2018.05.27-08.23.53:799][  0]LogMemory: Process Physical Memory: 314.38 MB used, 314.38 MB peak
[2018.05.27-08.23.53:799][  0]LogMemory: Process Virtual Memory: 314.84 MB used, 314.84 MB peak
[2018.05.27-08.23.53:799][  0]LogMemory: Physical Memory: 1802.95 MB used, 4010.14 MB total
[2018.05.27-08.23.53:799][  0]LogMemory: Virtual Memory: 620.87 MB used, 8388608.00 MB total
[2018.05.27-08.23.57:974][  0]LogTextLocalizationManager: No translations for ('ru-RU') exist, falling back to 'en' for localization and internationalization data.
[2018.05.27-08.24.03:324][  0]LogD3D11RHI: D3D11 adapters:
[2018.05.27-08.24.05:290][  0]LogD3D11RHI:    0. 'NVIDIA GeForce 410M' (Feature Level 11_0)
[2018.05.27-08.24.05:290][  0]LogD3D11RHI:       979MB of dedicated video memory, 0MB of dedicated system memory, and 1749MB of shared system memory, 1 output[s]
[2018.05.27-08.24.05:319][  0]LogD3D11RHI:    1. 'NVIDIA GeForce 410M' (Feature Level 11_0)
[2018.05.27-08.24.05:319][  0]LogD3D11RHI:       979MB of dedicated video memory, 0MB of dedicated system memory, and 1749MB of shared system memory, 0 output[s]
[2018.05.27-08.24.05:319][  0]LogD3D11RHI: Chosen D3D11 Adapter: 0
[2018.05.27-08.24.05:358][  0]LogD3D11RHI: Creating new Direct3DDevice
[2018.05.27-08.24.05:404][  0]LogD3D11RHI:     Adapter Name: Intel(R) HD Graphics 3000
[2018.05.27-08.24.05:405][  0]LogD3D11RHI:   Driver Version: Unknown (internal Unknown)
[2018.05.27-08.24.05:405][  0]LogD3D11RHI:      Driver Date: Unknown
[2018.05.27-08.24.05:419][  0]LogRHI: Texture pool is 1297 MB (70% of 1854 MB)
[2018.05.27-08.24.05:438][  0]LogD3D11RHI: Async texture creation enabled
[2018.05.27-08.24.07:352][  0]LogShaderCompilers: Guid format shader working directory is -16 characters bigger than the processId version (../../../../sergey/UnrealProjects/Game_1337/TopDownProject/Intermediate/Shaders/WorkingDirectory/4132/).
[2018.05.27-08.24.07:352][  0]LogShaderCompilers: Cleaned the shader compiler working directory 'C:/Users/1/AppData/Local/Temp/UnrealShaderWorkingDir/F0D023E546F52237B2D32BABD58C97DF/'.
[2018.05.27-08.24.07:457][  0]LogShaderCompilers:Display: Using Local Shader Compiler.
[2018.05.27-08.24.19:922][  0]LogTemp:Display: Loaded TP AllDesktopTargetPlatform
[2018.05.27-08.24.19:953][  0]LogTemp:Display: Loaded TP WindowsClientTargetPlatform
[2018.05.27-08.24.20:010][  0]LogTemp:Display: Loaded TP WindowsNoEditorTargetPlatform
[2018.05.27-08.24.20:084][  0]LogTemp:Display: Loaded TP WindowsServerTargetPlatform
[2018.05.27-08.24.20:140][  0]LogTemp:Display: Loaded TP WindowsTargetPlatform
[2018.05.27-08.24.20:209][  0]LogTemp:Display: Loaded TP AndroidTargetPlatform
[2018.05.27-08.24.20:245][  0]LogTemp:Display: Loaded TP Android_ASTCTargetPlatform
[2018.05.27-08.24.20:281][  0]LogTemp:Display: Loaded TP Android_ATCTargetPlatform
[2018.05.27-08.24.20:307][  0]LogTemp:Display: Loaded TP Android_DXTTargetPlatform
[2018.05.27-08.24.20:344][  0]LogTemp:Display: Loaded TP Android_ETC1TargetPlatform
[2018.05.27-08.24.20:377][  0]LogTemp:Display: Loaded TP Android_ETC2TargetPlatform
[2018.05.27-08.24.20:422][  0]LogTemp:Display: Loaded TP Android_MultiTargetPlatform
[2018.05.27-08.24.20:422][  0]LogTemp:Display: Loaded TP Android_PVRTCTargetPlatform
[2018.05.27-08.24.20:453][  0]LogTemp:Display: Loaded TP HTML5TargetPlatform
[2018.05.27-08.24.20:762][  0]LogTemp:Display: Loaded TP IOSTargetPlatform
[2018.05.27-08.24.20:766][  0]LogTemp:Display: Loaded TP TVOSTargetPlatform
[2018.05.27-08.24.20:796][  0]LogTemp:Display: Loaded TP LinuxNoEditorTargetPlatform
[2018.05.27-08.24.20:818][  0]LogTemp:Display: Loaded TP LinuxServerTargetPlatform
[2018.05.27-08.24.20:866][  0]LogTemp:Display: Loaded TP LinuxTargetPlatform
[2018.05.27-08.24.20:866][  0]LogTargetPlatformManager:Display: Building Assets For Windows
[2018.05.27-08.24.22:264][  0]LogDerivedDataCache:Display: Max Cache Size: 512 MB
[2018.05.27-08.24.23:161][  0]LogDerivedDataCache: Loaded boot cache 0.88s 66MB C:/Users/1/AppData/Local/UnrealEngine/4.11/DerivedDataCache/Boot.ddc.
[2018.05.27-08.24.23:161][  0]LogDerivedDataCache:Display: Loaded Boot cache: C:/Users/1/AppData/Local/UnrealEngine/4.11/DerivedDataCache/Boot.ddc
[2018.05.27-08.24.23:161][  0]LogDerivedDataCache: FDerivedDataBackendGraph:  Pak pak cache file ../../../../sergey/UnrealProjects/Game_1337/TopDownProject/DerivedDataCache/DDC.ddp not found, will not use a pak cache.
[2018.05.27-08.24.23:161][  0]LogDerivedDataCache: Unable to find inner node Pak for hierarchical cache Hierarchy.
[2018.05.27-08.24.23:161][  0]LogDerivedDataCache: FDerivedDataBackendGraph:  CompressedPak pak cache file ../../../../sergey/UnrealProjects/Game_1337/TopDownProject/DerivedDataCache/Compressed.ddp not found, will not use a pak cache.
[2018.05.27-08.24.23:161][  0]LogDerivedDataCache: Unable to find inner node CompressedPak for hierarchical cache Hierarchy.
[2018.05.27-08.24.23:370][  0]LogDerivedDataCache:Display: Pak cache opened for reading ../../../Engine/DerivedDataCache/Compressed.ddp.
[2018.05.27-08.24.23:677][  0]LogDerivedDataCache: Using Local data cache path C:/Users/1/AppData/Local/UnrealEngine/Common/DerivedDataCache: Writable
[2018.05.27-08.24.37:123][  0]LogInit: Selected Device Profile: [Windows]
[2018.05.27-08.24.37:244][  0]LogContentStreaming: Texture pool size is 0.00 MB
[2018.05.27-08.24.38:679][  0]LogMaterial: Uniform references updated for custom material expression Custom.
[2018.05.27-08.24.42:814][  0]LogMeshUtilities: No automatic mesh reduction module available
[2018.05.27-08.24.42:814][  0]LogMeshUtilities: No automatic mesh merging module available
[2018.05.27-08.24.42:814][  0]LogMeshUtilities: No distributed automatic mesh merging module available
[2018.05.27-08.25.36:408][  0]LogUObjectArray: 27679 objects as part of root set at end of initial load.
[2018.05.27-08.25.36:408][  0]LogUObjectAllocator: 5591592 out of 0 bytes used by permanent object pool.
[2018.05.27-08.25.36:408][  0]LogUObjectArray: CloseDisregardForGC: 0/0 objects in disregard for GC pool
[2018.05.27-08.25.36:435][  0]LogInit: WinSock: version 1.1 (2.2), MaxSocks=32767, MaxUdp=65467
[2018.05.27-08.25.50:782][  0]LogSlate: SlateFontCache - WITH_FREETYPE: 1, WITH_HARFBUZZ: 1
[2018.05.27-08.25.50:782][  0]LogSlate: SlateFontCache - WITH_FREETYPE: 1, WITH_HARFBUZZ: 1
[2018.05.27-08.25.58:016][  0]LogStreaming:Warning: Failed to read file '../../../Engine/Content/Editor/Slate/Common/Selection_16x.png' error.
[2018.05.27-08.25.58:016][  0]LogSlate: Could not find file for Slate resource: ../../../Engine/Content/Editor/Slate/Common/Selection_16x.png
[2018.05.27-08.25.58:025][  0]LogStreaming:Warning: Failed to read file '../../../Engine/Content/Editor/Slate/Common/Selection_16x.png' error.
[2018.05.27-08.25.58:025][  0]LogSlate: Could not find file for Slate resource: ../../../Engine/Content/Editor/Slate/Common/Selection_16x.png
[2018.05.27-08.25.58:025][  0]LogStreaming:Warning: Failed to read file '../../../Engine/Content/Editor/Slate/Common/Selection_16x.png' error.
[2018.05.27-08.25.58:025][  0]LogSlate: Could not find file for Slate resource: ../../../Engine/Content/Editor/Slate/Common/Selection_16x.png
[2018.05.27-08.26.14:726][  0]LogUdpMessaging: Initializing bridge on interface 0.0.0.0:0 to multicast group 230.0.0.1:6666.
[2018.05.27-08.26.15:674][  0]LogAssetRegistry: FAssetRegistry took 0.0240 seconds to start up
[2018.05.27-08.26.24:168][  0]SourceControl: Info Source control is disabled
[2018.05.27-08.26.24:203][  0]SourceControl: Info Source control is disabled
[2018.05.27-08.26.24:474][  0]SourceControl: Info Source control is disabled
[2018.05.27-08.26.24:682][  0]SourceControl: Info Source control is disabled
[2018.05.27-08.26.26:157][  0]LogHMD: Failed to initialize OpenVR with code 110
[2018.05.27-08.26.27:753][  0]LogEngine: Initializing Engine...
[2018.05.27-08.26.32:993][  0]LogAIModule: Creating AISystem for world NewWorld
[2018.05.27-08.26.33:333][  0]LogInit: XAudio2 using 'Динамики (Устройство с поддержкой High Definition Audio)' : 2 channels at 44.1 kHz using 16 bits per sample (channel mask 0x3)
[2018.05.27-08.26.33:475][  0]LogInit: FAudioDevice initialized.
[2018.05.27-08.26.33:578][  0]LogDerivedDataCache: Saved boot cache 0.10s 66MB C:/Users/1/AppData/Local/UnrealEngine/4.11/DerivedDataCache/Boot.ddc.
[2018.05.27-08.26.33:609][  0]LogInit: Texture streaming: Enabled
[2018.05.27-08.26.35:085][  0]LogInit: Transaction tracking system initialized
[2018.05.27-08.26.41:321][  0]BlueprintLog: New page: Editor Load
[2018.05.27-08.26.54:486][  0]LocalizationService: Info Localization service is disabled
[2018.05.27-08.27.03:431][  0]LogConsoleResponse:Display: 
[2018.05.27-08.27.15:302][  0]LogFileCache: Scanning file cache for directory 'D:/sergey/UnrealProjects/Game_1337/TopDownProject/Content/' took 0.11s
[2018.05.27-08.27.15:302][  0]LogCook:Display: Max memory allowance for cook 8192mb
[2018.05.27-08.27.15:302][  0]LogCook:Display: Mobile HDR setting 1
[2018.05.27-08.27.15:343][  0]LogCook:Display: Done creating registry. It took  0.00s.
[2018.05.27-08.27.21:403][  0]SourceControl: Info Source control is disabled
[2018.05.27-08.27.21:550][  0]Cmd: MAP LOAD FILE="../../../../sergey/UnrealProjects/Game_1337/TopDownProject/Content/TopDownBP/Maps/LowPolyMap.umap" TEMPLATE=0 SHOWPROGRESS=1 FEATURELEVEL=3
[2018.05.27-08.27.21:681][  0]LightingResults: New page: Lighting Build
[2018.05.27-08.27.22:484][  0]MapCheck: New page: Map Check
[2018.05.27-08.27.22:484][  0]LightingResults: New page: Lighting Build
[2018.05.27-08.27.30:920][  0]LogMaterial: Uniform references updated for custom material expression TemporalAA SampleID.
[2018.05.27-08.27.30:920][  0]LogMaterial: Uniform references updated for custom material expression Custom.
[2018.05.27-08.27.38:690][  0]LogAIModule: Creating AISystem for world LowPolyMap
[2018.05.27-08.27.41:886][  0]LogEditorServer: Finished looking for orphan Actors (0.000 secs)
[2018.05.27-08.27.42:547][  0]Cmd: MAP CHECKDEP NOCLEARLOG
[2018.05.27-08.27.42:695][  0]MapCheck: Info Map check complete: 0 Error(s), 0 Warning(s), took 147.666ms to complete.
[2018.05.27-08.27.42:695][  0]LogFileHelpers: Loading map 'LowPolyMap' took 21.183
[2018.05.27-08.27.52:127][  0]LogCollectionManager: Loaded 0 collections in 0.051651 seconds
[2018.05.27-08.27.55:527][  0]LogFileCache: Scanning file cache for directory 'D:/sergey/UnrealProjects/Game_1337/TopDownProject/Saved/Collections/' took 0.01s
[2018.05.27-08.27.55:527][  0]LogFileCache: Scanning file cache for directory 'D:/sergey/UnrealProjects/Game_1337/TopDownProject/Content/Developers/1/Collections/' took 0.01s
[2018.05.27-08.27.55:527][  0]LogFileCache: Scanning file cache for directory 'D:/sergey/UnrealProjects/Game_1337/TopDownProject/Content/Collections/' took 0.00s
[2018.05.27-08.27.55:527][  0]LogCollectionManager: Rebuilt the GUID cache for 0 collections in 0.000003 seconds
[2018.05.27-08.27.55:666][  0]LogContentBrowser: Native class hierarchy populated in 0.1080 seconds. Added 1979 classes and 343 folders.
[2018.05.27-08.27.56:690][  0]LogStats: UGameplayTagsManager::ConstructGameplayTagTree: Construct from data asset -  0.000 s
[2018.05.27-08.27.56:690][  0]LogStats: UGameplayTagsManager::ConstructGameplayTagTree: GameplayTagTreeChangedEvent.Broadcast -  0.000 s
[2018.05.27-08.27.56:721][  0]LogContentBrowser: Native class hierarchy updated for 'GameplayTags' in 0.0006 seconds. Added 12 classes and 0 folders.
[2018.05.27-08.27.56:927][  0]LogContentBrowser: Native class hierarchy updated for 'WidgetCarousel' in 0.0016 seconds. Added 0 classes and 0 folders.
[2018.05.27-08.27.59:539][  0]LogContentBrowser: Native class hierarchy updated for 'SuperSearch' in 0.0005 seconds. Added 1 classes and 2 folders.
[2018.05.27-08.28.06:591][  0]LogContentBrowser: Native class hierarchy updated for 'AddContentDialog' in 0.0007 seconds. Added 0 classes and 0 folders.
[2018.05.27-08.28.07:337][  0]LogContentBrowser: Native class hierarchy updated for 'SceneOutliner' in 0.0013 seconds. Added 1 classes and 2 folders.
[2018.05.27-08.28.10:890][  0]LogCrashTracker: Crashtracker disabled due to settings.
[2018.05.27-08.28.12:834][  0]LogUObjectGlobals:Warning: Failed to find object 'Class None.'
[2018.05.27-08.28.13:678][  0]LogContentBrowser: Native class hierarchy updated for 'HierarchicalLODOutliner' in 0.0006 seconds. Added 1 classes and 2 folders.
[2018.05.27-08.28.13:683][  0]LogLoad: Full Startup: 263.32 seconds (BP compile: 15.29 seconds)
[2018.05.27-08.28.13:683][  0]LogExternalProfiler:Warning: No registered external profiler was matched with a command-line switch (or the DLL could not be loaded).  External profiling features will not be available.
[2018.05.27-08.28.14:234][  0]LogOcInput: OculusInput pre-init called
[2018.05.27-08.28.20:514][  0]LogContentStreaming: Texture pool size now 200 MB
[2018.05.27-08.28.28:505][  0]LogRenderer: Reallocating scene render targets to support 780x392 (Frame:2).
[2018.05.27-08.28.30:478][  3]LogAssetRegistry: Asset discovery search completed in 134.8213 seconds
[2018.05.27-08.28.30:516][  3]LogCollectionManager: Rebuilt the object cache for 0 collections in 0.000001 seconds (found 0 objects)
[2018.05.27-08.28.30:516][  3]LogCollectionManager: Fixed up redirectors for 0 collections in 0.038168 seconds (updated 0 objects)
[2018.05.27-08.29.31:253][220]LogPlayLevel: PlayLevel: No blueprints needed recompiling
[2018.05.27-08.29.31:524][220]PIE: New page: PIE session: LowPolyMap (May 28, 2018, 12:29:31 AM)
[2018.05.27-08.29.31:524][220]LogPlayLevel: Creating play world package: /Game/TopDownBP/Maps/UEDPIE_0_LowPolyMap
[2018.05.27-08.29.31:719][220]LogPlayLevel: PIE: StaticDuplicateObject took: (0.195200s)
[2018.05.27-08.29.31:720][220]LogAIModule: Creating AISystem for world LowPolyMap
[2018.05.27-08.29.31:720][220]LogPlayLevel: PIE: World Init took: (0.000927s)
[2018.05.27-08.29.31:720][220]LogPlayLevel: PIE: Created PIE world by copying editor world from /Game/TopDownBP/Maps/LowPolyMap.LowPolyMap to /Game/TopDownBP/Maps/UEDPIE_0_LowPolyMap.LowPolyMap (0.196396s)
[2018.05.27-08.29.31:918][220]LogInit: XAudio2 using 'Динамики (Устройство с поддержкой High Definition Audio)' : 2 channels at 44.1 kHz using 16 bits per sample (channel mask 0x3)
[2018.05.27-08.29.31:929][220]LogInit: FAudioDevice initialized.
[2018.05.27-08.29.32:793][220]LogLinker:Warning: Asset '../../../../sergey/UnrealProjects/Game_1337/TopDownProject/Content/Mannequin/Animations/ThirdPerson_AnimBP.uasset' has been saved with empty engine version. The asset will be loaded but may be incompatible.
[2018.05.27-08.29.32:900][220]LogLinker:Warning: Asset '../../../../sergey/UnrealProjects/Game_1337/TopDownProject/Content/Mannequin/Animations/ThirdPerson_Jump.uasset' has been saved with empty engine version. The asset will be loaded but may be incompatible.
[2018.05.27-08.29.33:074][220]LogLinker:Warning: Asset '../../../../sergey/UnrealProjects/Game_1337/TopDownProject/Content/Mannequin/Animations/ThirdPersonJump_Loop.uasset' has been saved with empty engine version. The asset will be loaded but may be incompatible.
[2018.05.27-08.29.33:082][220]LogLinker:Warning: Asset '../../../../sergey/UnrealProjects/Game_1337/TopDownProject/Content/Mannequin/Animations/ThirdPersonJump_Start.uasset' has been saved with empty engine version. The asset will be loaded but may be incompatible.
[2018.05.27-08.29.33:278][220]LogLinker:Warning: Asset '../../../../sergey/UnrealProjects/Game_1337/TopDownProject/Content/Mannequin/Animations/ThirdPersonIdle.uasset' has been saved with empty engine version. The asset will be loaded but may be incompatible.
[2018.05.27-08.29.33:352][220]LogLinker:Warning: Asset '../../../../sergey/UnrealProjects/Game_1337/TopDownProject/Content/Mannequin/Animations/ThirdPersonRun.uasset' has been saved with empty engine version. The asset will be loaded but may be incompatible.
[2018.05.27-08.29.33:432][220]LogLinker:Warning: Asset '../../../../sergey/UnrealProjects/Game_1337/TopDownProject/Content/Mannequin/Animations/ThirdPersonWalk.uasset' has been saved with empty engine version. The asset will be loaded but may be incompatible.
[2018.05.27-08.29.41:202][220]LogWorld: Game class is 'TopDownGameMode_C'
[2018.05.27-08.29.41:256][220]LogWorld: Bringing World /Game/TopDownBP/Maps/UEDPIE_0_LowPolyMap.LowPolyMap up for play (max tick rate 60) at 2018.05.27-16.29.41
[2018.05.27-08.29.41:279][220]LogWorld: Bringing up level for play took: 0.025648
[2018.05.27-08.29.41:429][220]LogContentBrowser: Native class hierarchy updated for 'MovieSceneCapture' in 0.0006 seconds. Added 9 classes and 0 folders.
[2018.05.27-08.29.41:740][220]PIE: Info Play in editor start time for /Game/TopDownBP/Maps/UEDPIE_0_LowPolyMap 11.422
[2018.05.27-08.29.41:854][221]LogRenderer: Reallocating scene render targets to support 800x600 (Frame:77).
[2018.05.27-08.38.28:041][109]LogEditorViewport: Clicking on Actor (LMB): StaticMeshActor (Terrain_2)
[2018.05.27-08.38.54:173][835]LogMaterial: Missing cached shader map for material Green_13, compiling. 
[2018.05.27-08.38.55:436][835]LogMaterial: Missing cached shader map for material Green_13, compiling. 
[2018.05.27-08.38.55:444][835]LogMaterial: 0.00 seconds spent updating 1 materials, 1 interfaces, 0 instances, 0 with static permutations.
[2018.05.27-08.38.55:469][835]LogMaterial: Missing cached shader map for material FMatExpressionPreview MaterialExpressionVectorParameter_28, compiling. 
[2018.05.27-08.39.03:029][932]MaterialEditorStats: Info Base pass shader with only dynamic lighting: 22 instructions
[2018.05.27-08.39.03:029][932]MaterialEditorStats: Info Vertex shader: 29 instructions
[2018.05.27-08.39.03:029][932]MaterialEditorStats: Info Texture samplers: 0/16
[2018.05.27-08.39.22:610][297]LogMaterial: Uniform references updated for custom material expression Ambient Cubemap Intensity.
[2018.05.27-08.39.22:621][297]LogMaterial: Uniform references updated for custom material expression Ambient Cubemap Tint.
[2018.05.27-08.39.23:765][331]LogWindowsTextInputMethodSystem:Display: IME system now deactivated.
[2018.05.27-08.40.02:958][554]LogMaterial: Missing cached shader map for material Green_13, compiling. 
[2018.05.27-08.40.02:968][554]LogMaterial: 0.00 seconds spent updating 1 materials, 1 interfaces, 0 instances, 0 with static permutations.
[2018.05.27-08.40.02:979][554]LogMaterial: Missing cached shader map for material Green_13, compiling. 
[2018.05.27-08.40.02:988][554]LogMaterial: 0.00 seconds spent updating 1 materials, 1 interfaces, 0 instances, 0 with static permutations.
[2018.05.27-08.40.05:578][596]MaterialEditorStats: Info Base pass shader with only dynamic lighting: 23 instructions
[2018.05.27-08.40.05:579][596]MaterialEditorStats: Info Vertex shader: 29 instructions
[2018.05.27-08.40.05:579][596]MaterialEditorStats: Info Texture samplers: 0/16
[2018.05.27-08.40.46:928][521]LogMaterial: Missing cached shader map for material Green_13, compiling. 
[2018.05.27-08.40.46:937][521]LogMaterial: 0.00 seconds spent updating 1 materials, 1 interfaces, 0 instances, 0 with static permutations.
[2018.05.27-08.40.46:996][521]LogMaterial: Missing cached shader map for material Green_13, compiling. 
[2018.05.27-08.40.47:004][521]LogMaterial: 0.00 seconds spent updating 1 materials, 1 interfaces, 0 instances, 0 with static permutations.
[2018.05.27-08.40.49:619][574]MaterialEditorStats: Info Base pass shader with only dynamic lighting: 23 instructions
[2018.05.27-08.40.49:619][574]MaterialEditorStats: Info Vertex shader: 29 instructions
[2018.05.27-08.40.49:619][574]MaterialEditorStats: Info Texture samplers: 0/16
[2018.05.27-08.41.16:282][ 33]LogMaterialEditor: Applying material Green_13
[2018.05.27-08.41.16:894][ 33]LogMaterial: Missing cached shader map for material Green_13, compiling. 
[2018.05.27-08.41.16:915][ 33]LogMaterial: 0.00 seconds spent updating 1 materials, 1 interfaces, 0 instances, 0 with static permutations.
[2018.05.27-08.41.16:964][ 33]LogMaterial: Missing cached shader map for material Green_13, compiling. 
[2018.05.27-08.41.17:234][ 33]LogMaterial: Missing cached shader map for material Green_13, compiling. 
[2018.05.27-08.41.17:255][ 33]LogMaterial: 0.00 seconds spent updating 1 materials, 1 interfaces, 0 instances, 0 with static permutations.
[2018.05.27-08.41.20:196][ 77]LogMaterialEditor: Saving and Compiling material Green_13
[2018.05.27-08.41.22:781][ 77]Cmd: OBJ SAVEPACKAGE PACKAGE="/Game/LowPolyModels/Materials/Green_13" FILE="../../../../sergey/UnrealProjects/Game_1337/TopDownProject/Content/LowPolyModels/Materials/Green_13.uasset" SILENT=true
[2018.05.27-08.41.23:346][ 77]LogSavePackage: Save=89.32ms
[2018.05.27-08.41.23:346][ 77]LogSavePackage: Moving '../../../../sergey/UnrealProjects/Game_1337/TopDownProject/Saved/Green_1368E6D989479C0C81C0692AAA9482E41E.tmp' to '../../../../sergey/UnrealProjects/Game_1337/TopDownProject/Content/LowPolyModels/Materials/Green_13.uasset'
[2018.05.27-08.41.23:407][ 77]LogSavePackage: Total save time: 620.02ms
[2018.05.27-08.41.23:407][ 77]LogSavePackage:Display: Finished SavePackage ../../../../sergey/UnrealProjects/Game_1337/TopDownProject/Content/LowPolyModels/Materials/Green_13.uasset
[2018.05.27-08.41.23:411][ 77]MaterialEditorStats: Info Base pass shader with only dynamic lighting: 64 instructions
[2018.05.27-08.41.23:411][ 77]MaterialEditorStats: Info Vertex shader: 29 instructions
[2018.05.27-08.41.23:411][ 77]MaterialEditorStats: Info Texture samplers: 3/16
[2018.05.27-08.41.48:648][726]LogSavePackage: Save=114.40ms
[2018.05.27-08.41.48:648][726]LogSavePackage: Moving '../../../../sergey/UnrealProjects/Game_1337/TopDownProject/Saved/LowPolyMap7204591A4987D3B642E6AA8E01D4820A.tmp' to '../../../../sergey/UnrealProjects/Game_1337/TopDownProject/Content/TopDownBP/Maps/LowPolyMap.umap'
[2018.05.27-08.41.48:753][726]LogSavePackage: Total save time: 226.11ms
[2018.05.27-08.41.48:753][726]LogSavePackage:Display: Finished SavePackage ../../../../sergey/UnrealProjects/Game_1337/TopDownProject/Content/TopDownBP/Maps/LowPolyMap.umap
[2018.05.27-08.41.48:920][726]LogFileHelpers: Saving map 'LowPolyMap' took 0.579
[2018.05.27-08.41.49:857][752]LogPlayLevel: PlayLevel: No blueprints needed recompiling
[2018.05.27-08.41.49:857][752]PIE: New page: PIE session: LowPolyMap (May 28, 2018, 12:41:49 AM)
[2018.05.27-08.41.49:857][752]LogPlayLevel: Creating play world package: /Game/TopDownBP/Maps/UEDPIE_0_LowPolyMap
[2018.05.27-08.41.49:867][752]LogPlayLevel: PIE: StaticDuplicateObject took: (0.009418s)
[2018.05.27-08.41.49:867][752]LogAIModule: Creating AISystem for world LowPolyMap
[2018.05.27-08.41.49:868][752]LogPlayLevel: PIE: World Init took: (0.000939s)
[2018.05.27-08.41.49:868][752]LogPlayLevel: PIE: Created PIE world by copying editor world from /Game/TopDownBP/Maps/LowPolyMap.LowPolyMap to /Game/TopDownBP/Maps/UEDPIE_0_LowPolyMap.LowPolyMap (0.010648s)
[2018.05.27-08.41.49:897][752]LogInit: XAudio2 using 'Динамики (Устройство с поддержкой High Definition Audio)' : 2 channels at 44.1 kHz using 16 bits per sample (channel mask 0x3)
[2018.05.27-08.41.49:906][752]LogInit: FAudioDevice initialized.
[2018.05.27-08.41.49:945][752]LogWorld: Game class is 'TopDownGameMode_C'
[2018.05.27-08.41.49:949][752]LogWorld: Bringing World /Game/TopDownBP/Maps/UEDPIE_0_LowPolyMap.LowPolyMap up for play (max tick rate 60) at 2018.05.27-16.41.49
[2018.05.27-08.41.49:949][752]LogWorld: Bringing up level for play took: 0.003995
[2018.05.27-08.41.49:975][752]PIE: Info Play in editor start time for /Game/TopDownBP/Maps/UEDPIE_0_LowPolyMap -0.365
[2018.05.27-08.42.28:343][723]LogEditorViewport: Clicking on Actor (LMB): InstancedFoliageActor (InstancedFoliageActor)
[2018.05.27-08.42.39:409][  1]Cmd: DELETE
[2018.05.27-08.42.39:409][  1]Cmd: ACTOR DELETE
[2018.05.27-08.42.39:656][  1]LogEditorActor: Deleted Actor: InstancedFoliageActor
[2018.05.27-08.42.39:683][  1]LogEditorActor: Deleted 1 Actors (0.028 secs)
[2018.05.27-08.42.43:137][ 95]LogEditorViewport: Clicking on Actor (LMB): StaticMeshActor (Terrain_2)
[2018.05.27-08.42.47:373][211]LogEditorViewport: Clicking on Actor (LMB): BP_Sky_Sphere_C (Sky Sphere)
[2018.05.27-08.42.48:661][243]LogEditorViewport: Clicking on Actor (LMB): StaticMeshActor (Terrain_2)
[2018.05.27-08.42.55:437][411]LogActorComponent: UnregisterComponent: (/Engine/Transient.SphereBrushComponent) Not registered. Aborting.
[2018.05.27-08.42.59:099][529]LogEditorViewport: Clicking on Actor (LMB): StaticMeshActor (Terrain_2)
[2018.05.27-08.43.19:075][ 79]Cmd: DELETE
[2018.05.27-08.43.19:075][ 79]Cmd: ACTOR DELETE
[2018.05.27-08.43.19:076][ 79]LogEditorActor: Deleted Actor: StaticMeshActor
[2018.05.27-08.43.19:106][ 79]LogEditorActor: Deleted 1 Actors (0.030 secs)
[2018.05.27-08.43.27:002][250]LogActorFactory: Actor Factory created Grass_1
[2018.05.27-08.43.29:064][305]LogActorFactory: Actor Factory created Grass_2
[2018.05.27-08.43.38:764][560]LogMaterial:Warning: Material /Game/LowPolyModels/Materials/Green_3.Green_3 needed to have new flag set bUsedWithInstancedStaticMeshes !
[2018.05.27-08.43.38:799][560]LogMaterial: Missing cached shader map for material Green_3, compiling. 
[2018.05.27-08.43.38:821][560]LogMaterial: 0.00 seconds spent updating 1 materials, 1 interfaces, 0 instances, 0 with static permutations.
[2018.05.27-08.43.42:181][639]Cmd: TRANSACTION UNDO
[2018.05.27-08.43.42:181][639]LogEditorTransaction: Undo Foliage Editing
[2018.05.27-08.43.42:218][639]LogMaterial: Missing cached shader map for material Green_13, compiling. 
[2018.05.27-08.43.42:233][639]LogMaterial: 0.00 seconds spent updating 1 materials, 1 interfaces, 0 instances, 0 with static permutations.
[2018.05.27-08.43.45:917][723]MaterialEditorStats: Info Base pass shader with only dynamic lighting: 23 instructions
[2018.05.27-08.43.45:917][723]MaterialEditorStats: Info Vertex shader: 29 instructions
[2018.05.27-08.43.45:917][723]MaterialEditorStats: Info Texture samplers: 0/16
[2018.05.27-08.44.02:837][160]LogActorFactory: Actor Factory created Log_1
[2018.05.27-08.44.14:201][470]Cmd: TRANSACTION UNDO
[2018.05.27-08.44.14:201][470]LogEditorTransaction: Undo Foliage Editing
[2018.05.27-08.44.14:278][470]LogMaterial: Missing cached shader map for material Green_13, compiling. 
[2018.05.27-08.44.14:287][470]LogMaterial: 0.00 seconds spent updating 1 materials, 1 interfaces, 0 instances, 0 with static permutations.
[2018.05.27-08.44.16:836][543]MaterialEditorStats: Info Base pass shader with only dynamic lighting: 23 instructions
[2018.05.27-08.44.16:836][543]MaterialEditorStats: Info Vertex shader: 29 instructions
[2018.05.27-08.44.16:836][543]MaterialEditorStats: Info Texture samplers: 0/16
[2018.05.27-08.44.17:115][550]Cmd: TRANSACTION UNDO
[2018.05.27-08.44.17:115][550]LogEditorTransaction: Undo Foliage Editing
[2018.05.27-08.44.17:218][550]LogMaterial: Missing cached shader map for material Green_13, compiling. 
[2018.05.27-08.44.17:227][550]LogMaterial: 0.00 seconds spent updating 1 materials, 1 interfaces, 0 instances, 0 with static permutations.
[2018.05.27-08.44.19:182][592]MaterialEditorStats: Info Base pass shader with only dynamic lighting: 23 instructions
[2018.05.27-08.44.19:182][592]MaterialEditorStats: Info Vertex shader: 29 instructions
[2018.05.27-08.44.19:182][592]MaterialEditorStats: Info Texture samplers: 0/16
[2018.05.27-08.44.23:805][716]Cmd: TRANSACTION UNDO
[2018.05.27-08.44.23:805][716]LogEditorTransaction: Undo Foliage Editing
[2018.05.27-08.44.23:881][716]LogMaterial: Missing cached shader map for material Green_13, compiling. 
[2018.05.27-08.44.23:890][716]LogMaterial: 0.00 seconds spent updating 1 materials, 1 interfaces, 0 instances, 0 with static permutations.
[2018.05.27-08.44.26:131][787]MaterialEditorStats: Info Base pass shader with only dynamic lighting: 23 instructions
[2018.05.27-08.44.26:131][787]MaterialEditorStats: Info Vertex shader: 29 instructions
[2018.05.27-08.44.26:131][787]MaterialEditorStats: Info Texture samplers: 0/16
[2018.05.27-08.44.48:565][321]LogActorFactory: Actor Factory created Plant_1
[2018.05.27-08.44.50:589][433]LogActorFactory: Actor Factory created Plant_1
[2018.05.27-08.44.55:468][584]LogMaterial:Warning: Material /Game/LowPolyModels/Materials/Green_5.Green_5 needed to have new flag set bUsedWithInstancedStaticMeshes !
[2018.05.27-08.44.55:506][584]LogMaterial: Missing cached shader map for material Green_5, compiling. 
[2018.05.27-08.44.55:527][584]LogMaterial: 0.00 seconds spent updating 1 materials, 1 interfaces, 0 instances, 0 with static permutations.
[2018.05.27-08.44.55:527][584]LogMaterial:Warning: Material /Game/LowPolyModels/Materials/Purple_1.Purple_1 needed to have new flag set bUsedWithInstancedStaticMeshes !
[2018.05.27-08.44.55:530][584]LogMaterial: Missing cached shader map for material Purple_1, compiling. 
[2018.05.27-08.44.55:555][584]LogMaterial: 0.00 seconds spent updating 1 materials, 1 interfaces, 0 instances, 0 with static permutations.
[2018.05.27-08.45.14:799][ 31]LogActorFactory: Actor Factory created Plant_5
[2018.05.27-08.45.15:398][ 46]LogActorFactory: Actor Factory created Plant_5
[2018.05.27-08.45.16:345][ 72]Cmd: TRANSACTION UNDO
[2018.05.27-08.45.16:345][ 72]LogEditorTransaction: Undo Create Actors
[2018.05.27-08.45.16:386][ 72]LogMaterial: Missing cached shader map for material Green_13, compiling. 
[2018.05.27-08.45.16:395][ 72]LogMaterial: 0.00 seconds spent updating 1 materials, 1 interfaces, 0 instances, 0 with static permutations.
[2018.05.27-08.45.17:504][ 86]LogActorFactory: Actor Factory created Plant_6
[2018.05.27-08.45.17:942][ 97]LogActorFactory: Actor Factory created Plant_6
[2018.05.27-08.45.18:340][105]MaterialEditorStats: Info Base pass shader with only dynamic lighting: 23 instructions
[2018.05.27-08.45.18:340][105]MaterialEditorStats: Info Vertex shader: 29 instructions
[2018.05.27-08.45.18:340][105]MaterialEditorStats: Info Texture samplers: 0/16
[2018.05.27-08.45.18:808][115]Cmd: TRANSACTION UNDO
[2018.05.27-08.45.18:808][115]LogEditorTransaction: Undo Create Actors
[2018.05.27-08.45.18:857][115]LogMaterial: Missing cached shader map for material Green_13, compiling. 
[2018.05.27-08.45.18:865][115]LogMaterial: 0.00 seconds spent updating 1 materials, 1 interfaces, 0 instances, 0 with static permutations.
[2018.05.27-08.45.19:952][132]LogActorFactory: Actor Factory created Plant_4
[2018.05.27-08.45.20:402][140]LogActorFactory: Actor Factory created Plant_4
[2018.05.27-08.45.20:865][150]MaterialEditorStats: Info Base pass shader with only dynamic lighting: 23 instructions
[2018.05.27-08.45.20:865][150]MaterialEditorStats: Info Vertex shader: 29 instructions
[2018.05.27-08.45.20:865][150]MaterialEditorStats: Info Texture samplers: 0/16
[2018.05.27-08.45.22:251][185]Cmd: TRANSACTION UNDO
[2018.05.27-08.45.22:251][185]LogEditorTransaction: Undo Create Actors
[2018.05.27-08.45.22:345][185]LogMaterial: Missing cached shader map for material Green_13, compiling. 
[2018.05.27-08.45.22:354][185]LogMaterial: 0.00 seconds spent updating 1 materials, 1 interfaces, 0 instances, 0 with static permutations.
[2018.05.27-08.45.23:090][204]LogActorFactory: Actor Factory created Plant_6
[2018.05.27-08.45.23:330][208]LogActorFactory: Actor Factory created Plant_6
[2018.05.27-08.45.24:202][224]Cmd: TRANSACTION UNDO
[2018.05.27-08.45.24:202][224]LogEditorTransaction: Undo Create Actors
[2018.05.27-08.45.24:273][224]LogMaterial: Missing cached shader map for material Green_13, compiling. 
[2018.05.27-08.45.24:285][224]LogMaterial: 0.00 seconds spent updating 1 materials, 1 interfaces, 0 instances, 0 with static permutations.
[2018.05.27-08.45.25:540][243]LogActorFactory: Actor Factory created Plant_7
[2018.05.27-08.45.25:599][244]LogActorFactory: Actor Factory created Plant_7
[2018.05.27-08.45.26:565][282]Cmd: TRANSACTION UNDO
[2018.05.27-08.45.26:565][282]LogEditorTransaction: Undo Create Actors
[2018.05.27-08.45.26:730][282]LogMaterial: Missing cached shader map for material Green_13, compiling. 
[2018.05.27-08.45.26:739][282]LogMaterial: 0.00 seconds spent updating 1 materials, 1 interfaces, 0 instances, 0 with static permutations.
[2018.05.27-08.45.27:829][301]LogActorFactory: Actor Factory created Plant_5
[2018.05.27-08.45.28:029][305]LogActorFactory: Actor Factory created Plant_5
[2018.05.27-08.45.28:710][320]MaterialEditorStats: Info Base pass shader with only dynamic lighting: 23 instructions
[2018.05.27-08.45.28:710][320]MaterialEditorStats: Info Vertex shader: 29 instructions
[2018.05.27-08.45.28:710][320]MaterialEditorStats: Info Texture samplers: 0/16
[2018.05.27-08.45.28:932][325]Cmd: TRANSACTION UNDO
[2018.05.27-08.45.28:932][325]LogEditorTransaction: Undo Create Actors
[2018.05.27-08.45.28:989][325]LogMaterial: Missing cached shader map for material Green_13, compiling. 
[2018.05.27-08.45.28:997][325]LogMaterial: 0.00 seconds spent updating 1 materials, 1 interfaces, 0 instances, 0 with static permutations.
[2018.05.27-08.45.29:466][331]LogActorFactory: Actor Factory created Plant_6
[2018.05.27-08.45.29:590][333]LogActorFactory: Actor Factory created Plant_6
[2018.05.27-08.45.30:097][343]Cmd: TRANSACTION UNDO
[2018.05.27-08.45.30:097][343]LogEditorTransaction: Undo Create Actors
[2018.05.27-08.45.30:144][343]LogMaterial: Missing cached shader map for material Green_13, compiling. 
[2018.05.27-08.45.30:159][343]LogMaterial: 0.00 seconds spent updating 1 materials, 1 interfaces, 0 instances, 0 with static permutations.
[2018.05.27-08.45.32:251][387]MaterialEditorStats: Info Base pass shader with only dynamic lighting: 23 instructions
[2018.05.27-08.45.32:251][387]MaterialEditorStats: Info Vertex shader: 29 instructions
[2018.05.27-08.45.32:251][387]MaterialEditorStats: Info Texture samplers: 0/16
[2018.05.27-08.45.38:508][538]LogActorFactory: Actor Factory created Plant_6
[2018.05.27-08.45.44:423][662]LogMaterial:Warning: Material /Game/LowPolyModels/Materials/Pink_1.Pink_1 needed to have new flag set bUsedWithInstancedStaticMeshes !
[2018.05.27-08.45.44:478][662]LogMaterial: Missing cached shader map for material Pink_1, compiling. 
[2018.05.27-08.45.44:499][662]LogMaterial: 0.00 seconds spent updating 1 materials, 1 interfaces, 0 instances, 0 with static permutations.
[2018.05.27-08.45.44:499][662]LogMaterial:Warning: Material /Game/LowPolyModels/Materials/Green_8.Green_8 needed to have new flag set bUsedWithInstancedStaticMeshes !
[2018.05.27-08.45.44:556][662]LogMaterial: Missing cached shader map for material Green_8, compiling. 
[2018.05.27-08.45.44:594][662]LogMaterial: 0.00 seconds spent updating 1 materials, 1 interfaces, 0 instances, 0 with static permutations.
[2018.05.27-08.45.55:220][911]LogSavePackage: Save=121.28ms
[2018.05.27-08.45.55:220][911]LogSavePackage: Moving '../../../../sergey/UnrealProjects/Game_1337/TopDownProject/Saved/LowPolyMap4061DF2B493D96428FEB17AFFB1EE74F.tmp' to '../../../../sergey/UnrealProjects/Game_1337/TopDownProject/Content/TopDownBP/Maps/LowPolyMap.umap'
[2018.05.27-08.45.55:224][911]LogSavePackage: Total save time: 134.13ms
[2018.05.27-08.45.55:224][911]LogSavePackage:Display: Finished SavePackage ../../../../sergey/UnrealProjects/Game_1337/TopDownProject/Content/TopDownBP/Maps/LowPolyMap.umap
[2018.05.27-08.45.55:380][911]LogFileHelpers: Saving map 'LowPolyMap' took 0.498
[2018.05.27-08.45.55:467][911]Cmd: OBJ SAVEPACKAGE PACKAGE="/Game/LowPolyModels/Materials/Green_5" FILE="../../../../sergey/UnrealProjects/Game_1337/TopDownProject/Content/LowPolyModels/Materials/Green_5.uasset" SILENT=true
[2018.05.27-08.45.55:513][911]LogSavePackage: Save=20.73ms
[2018.05.27-08.45.55:513][911]LogSavePackage: Moving '../../../../sergey/UnrealProjects/Game_1337/TopDownProject/Saved/Green_5BF2D151040A40E97D9EE9690E60EE114.tmp' to '../../../../sergey/UnrealProjects/Game_1337/TopDownProject/Content/LowPolyModels/Materials/Green_5.uasset'
[2018.05.27-08.45.55:516][911]LogSavePackage: Total save time: 47.40ms
[2018.05.27-08.45.55:516][911]LogSavePackage:Display: Finished SavePackage ../../../../sergey/UnrealProjects/Game_1337/TopDownProject/Content/LowPolyModels/Materials/Green_5.uasset
[2018.05.27-08.45.55:563][911]Cmd: OBJ SAVEPACKAGE PACKAGE="/Game/LowPolyModels/Materials/Purple_1" FILE="../../../../sergey/UnrealProjects/Game_1337/TopDownProject/Content/LowPolyModels/Materials/Purple_1.uasset" SILENT=true
[2018.05.27-08.45.55:685][911]LogSavePackage: Save=71.54ms
[2018.05.27-08.45.55:686][911]LogSavePackage: Moving '../../../../sergey/UnrealProjects/Game_1337/TopDownProject/Saved/Purple_16BE5D1744272C28254D1648A039E00FD.tmp' to '../../../../sergey/UnrealProjects/Game_1337/TopDownProject/Content/LowPolyModels/Materials/Purple_1.uasset'
[2018.05.27-08.45.55:689][911]LogSavePackage: Total save time: 124.27ms
[2018.05.27-08.45.55:689][911]LogSavePackage:Display: Finished SavePackage ../../../../sergey/UnrealProjects/Game_1337/TopDownProject/Content/LowPolyModels/Materials/Purple_1.uasset
[2018.05.27-08.46.00:157][911]Cmd: OBJ SAVEPACKAGE PACKAGE="/Game/LowPolyModels/Materials/Green_8" FILE="../../../../sergey/UnrealProjects/Game_1337/TopDownProject/Content/LowPolyModels/Materials/Green_8.uasset" SILENT=true
[2018.05.27-08.46.00:200][911]LogSavePackage: Save=38.21ms
[2018.05.27-08.46.00:201][911]LogSavePackage: Moving '../../../../sergey/UnrealProjects/Game_1337/TopDownProject/Saved/Green_8F362636B481DA4EA4241AFB11BB85044.tmp' to '../../../../sergey/UnrealProjects/Game_1337/TopDownProject/Content/LowPolyModels/Materials/Green_8.uasset'
[2018.05.27-08.46.00:202][911]LogSavePackage: Total save time: 43.98ms
[2018.05.27-08.46.00:202][911]LogSavePackage:Display: Finished SavePackage ../../../../sergey/UnrealProjects/Game_1337/TopDownProject/Content/LowPolyModels/Materials/Green_8.uasset
[2018.05.27-08.46.00:242][911]Cmd: OBJ SAVEPACKAGE PACKAGE="/Game/LowPolyModels/Materials/Pink_1" FILE="../../../../sergey/UnrealProjects/Game_1337/TopDownProject/Content/LowPolyModels/Materials/Pink_1.uasset" SILENT=true
[2018.05.27-08.46.00:264][911]LogSavePackage: Save=14.54ms
[2018.05.27-08.46.00:264][911]LogSavePackage: Moving '../../../../sergey/UnrealProjects/Game_1337/TopDownProject/Saved/Pink_141E6260C4CD5DAC9422BE496C379BA1F.tmp' to '../../../../sergey/UnrealProjects/Game_1337/TopDownProject/Content/LowPolyModels/Materials/Pink_1.uasset'
[2018.05.27-08.46.00:266][911]LogSavePackage: Total save time: 22.86ms
[2018.05.27-08.46.00:266][911]LogSavePackage:Display: Finished SavePackage ../../../../sergey/UnrealProjects/Game_1337/TopDownProject/Content/LowPolyModels/Materials/Pink_1.uasset
[2018.05.27-08.46.01:576][946]LogPlayLevel: PlayLevel: No blueprints needed recompiling
[2018.05.27-08.46.01:576][946]PIE: New page: PIE session: LowPolyMap (May 28, 2018, 12:46:01 AM)
[2018.05.27-08.46.01:576][946]LogPlayLevel: Creating play world package: /Game/TopDownBP/Maps/UEDPIE_0_LowPolyMap
[2018.05.27-08.46.01:585][946]LogPlayLevel: PIE: StaticDuplicateObject took: (0.008193s)
[2018.05.27-08.46.01:586][946]LogAIModule: Creating AISystem for world LowPolyMap
[2018.05.27-08.46.01:586][946]LogPlayLevel: PIE: World Init took: (0.001284s)
[2018.05.27-08.46.01:586][946]LogPlayLevel: PIE: Created PIE world by copying editor world from /Game/TopDownBP/Maps/LowPolyMap.LowPolyMap to /Game/TopDownBP/Maps/UEDPIE_0_LowPolyMap.LowPolyMap (0.009728s)
[2018.05.27-08.46.01:616][946]LogInit: XAudio2 using 'Динамики (Устройство с поддержкой High Definition Audio)' : 2 channels at 44.1 kHz using 16 bits per sample (channel mask 0x3)
[2018.05.27-08.46.01:626][946]LogInit: FAudioDevice initialized.
[2018.05.27-08.46.01:673][946]LogWorld: Game class is 'TopDownGameMode_C'
[2018.05.27-08.46.01:677][946]LogWorld: Bringing World /Game/TopDownBP/Maps/UEDPIE_0_LowPolyMap.LowPolyMap up for play (max tick rate 60) at 2018.05.27-16.46.01
[2018.05.27-08.46.01:678][946]LogWorld: Bringing up level for play took: 0.004158
[2018.05.27-08.46.01:702][946]PIE: Info Play in editor start time for /Game/TopDownBP/Maps/UEDPIE_0_LowPolyMap -0.645
[2018.05.27-08.46.25:376][582]LogPlayLevel: PlayLevel: No blueprints needed recompiling
[2018.05.27-08.46.25:376][582]PIE: New page: PIE session: LowPolyMap (May 28, 2018, 12:46:25 AM)
[2018.05.27-08.46.25:376][582]LogPlayLevel: Creating play world package: /Game/TopDownBP/Maps/UEDPIE_0_LowPolyMap
[2018.05.27-08.46.25:386][582]LogPlayLevel: PIE: StaticDuplicateObject took: (0.010437s)
[2018.05.27-08.46.25:388][582]LogAIModule: Creating AISystem for world LowPolyMap
[2018.05.27-08.46.25:388][582]LogPlayLevel: PIE: World Init took: (0.001368s)
[2018.05.27-08.46.25:388][582]LogPlayLevel: PIE: Created PIE world by copying editor world from /Game/TopDownBP/Maps/LowPolyMap.LowPolyMap to /Game/TopDownBP/Maps/UEDPIE_0_LowPolyMap.LowPolyMap (0.012053s)
[2018.05.27-08.46.25:419][582]LogInit: XAudio2 using 'Динамики (Устройство с поддержкой High Definition Audio)' : 2 channels at 44.1 kHz using 16 bits per sample (channel mask 0x3)
[2018.05.27-08.46.25:430][582]LogInit: FAudioDevice initialized.
[2018.05.27-08.46.25:472][582]LogWorld: Game class is 'TopDownGameMode_C'
[2018.05.27-08.46.25:477][582]LogWorld: Bringing World /Game/TopDownBP/Maps/UEDPIE_0_LowPolyMap.LowPolyMap up for play (max tick rate 60) at 2018.05.27-16.46.25
[2018.05.27-08.46.25:478][582]LogWorld: Bringing up level for play took: 0.005223
[2018.05.27-08.46.25:501][582]PIE: Info Play in editor start time for /Game/TopDownBP/Maps/UEDPIE_0_LowPolyMap -0.846
[2018.05.27-08.46.52:247][203]LogContentBrowser: Native class hierarchy updated for 'BlueprintGraph' in 0.0013 seconds. Added 108 classes and 0 folders.
[2018.05.27-08.47.48:416][497]LogActorComponent: UnregisterComponent: (/Engine/Transient.CharMoveComp) Not registered. Aborting.
[2018.05.27-08.48.34:821][482]BlueprintLog: New page: Compile TopDownCharacter
[2018.05.27-08.48.35:282][482]LogActorComponent: UnregisterComponent: (/Engine/Transient.CharacterMovementComponent_0) Not registered. Aborting.
[2018.05.27-08.48.35:693][482]BlueprintEditorCompileResults: Info [1485.30] Compile of TopDownCharacter successful! [in 871 ms]
[2018.05.27-08.48.37:816][484]LogSavePackage: Save=1521.85ms
[2018.05.27-08.48.37:816][484]LogSavePackage: Moving '../../../../sergey/UnrealProjects/Game_1337/TopDownProject/Saved/TopDownCharacterE1628CB94CC9BC6352BF4FB52E23C42D.tmp' to '../../../../sergey/UnrealProjects/Game_1337/TopDownProject/Content/TopDownBP/Blueprints/TopDownCharacter.uasset'
[2018.05.27-08.48.37:893][484]LogSavePackage: Total save time: 1747.36ms
[2018.05.27-08.48.37:893][484]LogSavePackage:Display: Finished SavePackage ../../../../sergey/UnrealProjects/Game_1337/TopDownProject/Content/TopDownBP/Blueprints/TopDownCharacter.uasset
[2018.05.27-08.48.38:677][499]LogPlayLevel: PlayLevel: No blueprints needed recompiling
[2018.05.27-08.48.38:677][499]PIE: New page: PIE session: LowPolyMap (May 28, 2018, 12:48:38 AM)
[2018.05.27-08.48.38:677][499]LogPlayLevel: Creating play world package: /Game/TopDownBP/Maps/UEDPIE_0_LowPolyMap
[2018.05.27-08.48.38:686][499]LogPlayLevel: PIE: StaticDuplicateObject took: (0.008977s)
[2018.05.27-08.48.38:687][499]LogAIModule: Creating AISystem for world LowPolyMap
[2018.05.27-08.48.38:687][499]LogPlayLevel: PIE: World Init took: (0.001034s)
[2018.05.27-08.48.38:687][499]LogPlayLevel: PIE: Created PIE world by copying editor world from /Game/TopDownBP/Maps/LowPolyMap.LowPolyMap to /Game/TopDownBP/Maps/UEDPIE_0_LowPolyMap.LowPolyMap (0.010268s)
[2018.05.27-08.48.38:687][499]LogActorComponent: UnregisterComponent: (/Engine/Transient.CharMoveComp) Not registered. Aborting.
[2018.05.27-08.48.38:747][499]LogInit: XAudio2 using 'Динамики (Устройство с поддержкой High Definition Audio)' : 2 channels at 44.1 kHz using 16 bits per sample (channel mask 0x3)
[2018.05.27-08.48.38:757][499]LogInit: FAudioDevice initialized.
[2018.05.27-08.48.38:807][499]LogWorld: Game class is 'TopDownGameMode_C'
[2018.05.27-08.48.38:811][499]LogWorld: Bringing World /Game/TopDownBP/Maps/UEDPIE_0_LowPolyMap.LowPolyMap up for play (max tick rate 60) at 2018.05.27-16.48.38
[2018.05.27-08.48.38:812][499]LogWorld: Bringing up level for play took: 0.003948
[2018.05.27-08.48.38:848][499]PIE: Info Play in editor start time for /Game/TopDownBP/Maps/UEDPIE_0_LowPolyMap 0.497
[2018.05.27-08.49.21:452][263]BlueprintLog: New page: Compile TopDownCharacter
[2018.05.27-08.49.21:874][263]LogActorComponent: UnregisterComponent: (/Engine/Transient.CharMoveComp) Not registered. Aborting.
[2018.05.27-08.49.22:161][263]BlueprintEditorCompileResults: Info [1531.77] Compile of TopDownCharacter successful! [in 709 ms]
[2018.05.27-08.49.24:445][270]LogSavePackage: Save=1570.15ms
[2018.05.27-08.49.24:445][270]LogSavePackage: Moving '../../../../sergey/UnrealProjects/Game_1337/TopDownProject/Saved/TopDownCharacter59F9861748149C9FD2D28483DAC65EB5.tmp' to '../../../../sergey/UnrealProjects/Game_1337/TopDownProject/Content/TopDownBP/Blueprints/TopDownCharacter.uasset'
[2018.05.27-08.49.24:450][270]LogSavePackage: Total save time: 1578.94ms
[2018.05.27-08.49.24:450][270]LogSavePackage:Display: Finished SavePackage ../../../../sergey/UnrealProjects/Game_1337/TopDownProject/Content/TopDownBP/Blueprints/TopDownCharacter.uasset
[2018.05.27-08.49.27:426][336]LogPlayLevel: PlayLevel: No blueprints needed recompiling
[2018.05.27-08.49.27:426][336]PIE: New page: PIE session: LowPolyMap (May 28, 2018, 12:49:27 AM)
[2018.05.27-08.49.27:427][336]LogPlayLevel: Creating play world package: /Game/TopDownBP/Maps/UEDPIE_0_LowPolyMap
[2018.05.27-08.49.27:436][336]LogPlayLevel: PIE: StaticDuplicateObject took: (0.008886s)
[2018.05.27-08.49.27:436][336]LogAIModule: Creating AISystem for world LowPolyMap
[2018.05.27-08.49.27:436][336]LogPlayLevel: PIE: World Init took: (0.000827s)
[2018.05.27-08.49.27:437][336]LogPlayLevel: PIE: Created PIE world by copying editor world from /Game/TopDownBP/Maps/LowPolyMap.LowPolyMap to /Game/TopDownBP/Maps/UEDPIE_0_LowPolyMap.LowPolyMap (0.010059s)
[2018.05.27-08.49.27:437][336]LogActorComponent: UnregisterComponent: (/Engine/Transient.CharMoveComp) Not registered. Aborting.
[2018.05.27-08.49.27:497][336]LogInit: XAudio2 using 'Динамики (Устройство с поддержкой High Definition Audio)' : 2 channels at 44.1 kHz using 16 bits per sample (channel mask 0x3)
[2018.05.27-08.49.27:526][336]LogInit: FAudioDevice initialized.
[2018.05.27-08.49.27:572][336]LogWorld: Game class is 'TopDownGameMode_C'
[2018.05.27-08.49.27:575][336]LogWorld: Bringing World /Game/TopDownBP/Maps/UEDPIE_0_LowPolyMap.LowPolyMap up for play (max tick rate 60) at 2018.05.27-16.49.27
[2018.05.27-08.49.27:576][336]LogWorld: Bringing up level for play took: 0.003759
[2018.05.27-08.49.27:608][336]PIE: Info Play in editor start time for /Game/TopDownBP/Maps/UEDPIE_0_LowPolyMap -0.744
[2018.05.27-08.50.21:683][658]LogPlayLevel: PlayLevel: No blueprints needed recompiling
[2018.05.27-08.50.21:683][658]PIE: New page: PIE session: LowPolyMap (May 28, 2018, 12:50:21 AM)
[2018.05.27-08.50.21:683][658]LogPlayLevel: Creating play world package: /Game/TopDownBP/Maps/UEDPIE_0_LowPolyMap
[2018.05.27-08.50.21:692][658]LogPlayLevel: PIE: StaticDuplicateObject took: (0.008756s)
[2018.05.27-08.50.21:693][658]LogAIModule: Creating AISystem for world LowPolyMap
[2018.05.27-08.50.21:693][658]LogPlayLevel: PIE: World Init took: (0.000992s)
[2018.05.27-08.50.21:693][658]LogPlayLevel: PIE: Created PIE world by copying editor world from /Game/TopDownBP/Maps/LowPolyMap.LowPolyMap to /Game/TopDownBP/Maps/UEDPIE_0_LowPolyMap.LowPolyMap (0.010012s)
[2018.05.27-08.50.21:693][658]LogActorComponent: UnregisterComponent: (/Engine/Transient.CharMoveComp) Not registered. Aborting.
[2018.05.27-08.50.22:566][658]LogInit: XAudio2 using 'Динамики (Устройство с поддержкой High Definition Audio)' : 2 channels at 44.1 kHz using 16 bits per sample (channel mask 0x3)
[2018.05.27-08.50.22:576][658]LogInit: FAudioDevice initialized.
[2018.05.27-08.50.22:628][658]LogWorld: Game class is 'TopDownGameMode_C'
[2018.05.27-08.50.22:633][658]LogWorld: Bringing World /Game/TopDownBP/Maps/UEDPIE_0_LowPolyMap.LowPolyMap up for play (max tick rate 60) at 2018.05.27-16.50.22
[2018.05.27-08.50.22:967][658]LogWorld: Bringing up level for play took: 0.338366
[2018.05.27-08.50.23:017][658]PIE: Info Play in editor start time for /Game/TopDownBP/Maps/UEDPIE_0_LowPolyMap 2.663
[2018.05.27-08.50.29:090][768]LogPlayLevel: PlayLevel: No blueprints needed recompiling
[2018.05.27-08.50.29:090][768]PIE: New page: PIE session: LowPolyMap (May 28, 2018, 12:50:29 AM)
[2018.05.27-08.50.29:090][768]LogPlayLevel: Creating play world package: /Game/TopDownBP/Maps/UEDPIE_0_LowPolyMap
[2018.05.27-08.50.29:099][768]LogPlayLevel: PIE: StaticDuplicateObject took: (0.009038s)
[2018.05.27-08.50.29:100][768]LogAIModule: Creating AISystem for world LowPolyMap
[2018.05.27-08.50.29:100][768]LogPlayLevel: PIE: World Init took: (0.000939s)
[2018.05.27-08.50.29:100][768]LogPlayLevel: PIE: Created PIE world by copying editor world from /Game/TopDownBP/Maps/LowPolyMap.LowPolyMap to /Game/TopDownBP/Maps/UEDPIE_0_LowPolyMap.LowPolyMap (0.010232s)
[2018.05.27-08.50.29:180][768]LogInit: XAudio2 using 'Динамики (Устройство с поддержкой High Definition Audio)' : 2 channels at 44.1 kHz using 16 bits per sample (channel mask 0x3)
[2018.05.27-08.50.29:189][768]LogInit: FAudioDevice initialized.
[2018.05.27-08.50.29:235][768]LogWorld: Game class is 'TopDownGameMode_C'
[2018.05.27-08.50.29:240][768]LogWorld: Bringing World /Game/TopDownBP/Maps/UEDPIE_0_LowPolyMap.LowPolyMap up for play (max tick rate 60) at 2018.05.27-16.50.29
[2018.05.27-08.50.29:241][768]LogWorld: Bringing up level for play took: 0.005498
[2018.05.27-08.50.29:267][768]PIE: Info Play in editor start time for /Game/TopDownBP/Maps/UEDPIE_0_LowPolyMap 0.913
[2018.05.27-08.50.51:044][251]Cmd: DELETE
[2018.05.27-08.50.51:044][251]Cmd: ACTOR DELETE
[2018.05.27-08.50.51:046][251]LogEditorActor: Deleted Actor: TopDownCharacter_C
[2018.05.27-08.50.51:163][251]LogEditorActor: Deleted 1 Actors (0.119 secs)
[2018.05.27-08.51.11:701][803]LogEditorViewport: Clicking on Actor (LMB): PlayerStart (Player Start)
[2018.05.27-08.51.17:111][944]Cmd: DELETE
[2018.05.27-08.51.17:111][944]Cmd: ACTOR DELETE
[2018.05.27-08.51.17:112][944]LogEditorActor: Deleted Actor: PlayerStart
[2018.05.27-08.51.17:114][944]LogActorComponent: UnregisterComponent: (/Engine/Transient.CharMoveComp) Not registered. Aborting.
[2018.05.27-08.51.17:166][944]LogEditorActor: Deleted 1 Actors (0.055 secs)
[2018.05.27-08.51.19:465][  5]LogPlayLevel: PlayLevel: No blueprints needed recompiling
[2018.05.27-08.51.19:465][  5]PIE: New page: PIE session: LowPolyMap (May 28, 2018, 12:51:19 AM)
[2018.05.27-08.51.19:465][  5]LogPlayLevel: Creating play world package: /Game/TopDownBP/Maps/UEDPIE_0_LowPolyMap
[2018.05.27-08.51.19:478][  5]LogPlayLevel: PIE: StaticDuplicateObject took: (0.012662s)
[2018.05.27-08.51.19:478][  5]LogAIModule: Creating AISystem for world LowPolyMap
[2018.05.27-08.51.19:479][  5]LogPlayLevel: PIE: World Init took: (0.000908s)
[2018.05.27-08.51.19:479][  5]LogPlayLevel: PIE: Created PIE world by copying editor world from /Game/TopDownBP/Maps/LowPolyMap.LowPolyMap to /Game/TopDownBP/Maps/UEDPIE_0_LowPolyMap.LowPolyMap (0.013889s)
[2018.05.27-08.51.19:479][  5]LogActorComponent: UnregisterComponent: (/Engine/Transient.CharMoveComp) Not registered. Aborting.
[2018.05.27-08.51.19:535][  5]LogInit: XAudio2 using 'Динамики (Устройство с поддержкой High Definition Audio)' : 2 channels at 44.1 kHz using 16 bits per sample (channel mask 0x3)
[2018.05.27-08.51.19:543][  5]LogInit: FAudioDevice initialized.
[2018.05.27-08.51.19:586][  5]LogWorld: Game class is 'TopDownGameMode_C'
[2018.05.27-08.51.19:590][  5]LogWorld: Bringing World /Game/TopDownBP/Maps/UEDPIE_0_LowPolyMap.LowPolyMap up for play (max tick rate 60) at 2018.05.27-16.51.19
[2018.05.27-08.51.19:591][  5]LogWorld: Bringing up level for play took: 0.003651
[2018.05.27-08.51.19:614][  5]PIE: Info Play in editor start time for /Game/TopDownBP/Maps/UEDPIE_0_LowPolyMap -0.742
[2018.05.27-08.51.26:204][151]LogPlayLevel: PlayLevel: No blueprints needed recompiling
[2018.05.27-08.51.26:204][151]PIE: New page: PIE session: LowPolyMap (May 28, 2018, 12:51:26 AM)
[2018.05.27-08.51.26:204][151]LogPlayLevel: Creating play world package: /Game/TopDownBP/Maps/UEDPIE_0_LowPolyMap
[2018.05.27-08.51.26:215][151]LogPlayLevel: PIE: StaticDuplicateObject took: (0.010378s)
[2018.05.27-08.51.26:216][151]LogAIModule: Creating AISystem for world LowPolyMap
[2018.05.27-08.51.26:216][151]LogPlayLevel: PIE: World Init took: (0.001551s)
[2018.05.27-08.51.26:216][151]LogPlayLevel: PIE: Created PIE world by copying editor world from /Game/TopDownBP/Maps/LowPolyMap.LowPolyMap to /Game/TopDownBP/Maps/UEDPIE_0_LowPolyMap.LowPolyMap (0.012246s)
[2018.05.27-08.51.26:216][151]LogActorComponent: UnregisterComponent: (/Engine/Transient.CharMoveComp) Not registered. Aborting.
[2018.05.27-08.51.26:304][151]LogInit: XAudio2 using 'Динамики (Устройство с поддержкой High Definition Audio)' : 2 channels at 44.1 kHz using 16 bits per sample (channel mask 0x3)
[2018.05.27-08.51.26:325][151]LogInit: FAudioDevice initialized.
[2018.05.27-08.51.26:369][151]LogWorld: Game class is 'TopDownGameMode_C'
[2018.05.27-08.51.26:375][151]LogWorld: Bringing World /Game/TopDownBP/Maps/UEDPIE_0_LowPolyMap.LowPolyMap up for play (max tick rate 60) at 2018.05.27-16.51.26
[2018.05.27-08.51.26:376][151]LogWorld: Bringing up level for play took: 0.005889
[2018.05.27-08.51.26:400][151]PIE: Info Play in editor start time for /Game/TopDownBP/Maps/UEDPIE_0_LowPolyMap 0.045
[2018.05.27-08.51.34:118][314]Cmd: DELETE
[2018.05.27-08.51.34:118][314]Cmd: ACTOR DELETE
[2018.05.27-08.51.34:119][314]LogEditorActor: Deleted Actor: TopDownCharacter_C
[2018.05.27-08.51.34:225][314]LogEditorActor: Deleted 1 Actors (0.106 secs)
[2018.05.27-08.51.35:293][342]Cmd: TRANSACTION UNDO
[2018.05.27-08.51.35:293][342]LogEditorTransaction: Undo Delete Actors
[2018.05.27-08.52.18:433][342]LogCrashTracker: 


[2018.05.27-08.52.19:766][342]LogCrashTracker: 


[2018.05.27-08.52.19:766][342]LogWindows:Error: === Critical error: ===
Fatal error!



[2018.05.27-08.52.19:893][342]LogExit: Executing StaticShutdownAfterError
[2018.05.27-08.52.23:356][342]LogPhysics:Warning: PHYSX: ..\..\PhysX\src\NpScene.cpp (2946) 8 : PxScene::unlockWrite() called without matching call to PxScene::lockWrite(), behaviour will be undefined.
[2018.05.27-08.52.23:356][342]LogPhysics:Warning: PHYSX: ..\..\PhysX\src\NpScene.cpp (2946) 8 : PxScene::unlockWrite() called without matching call to PxScene::lockWrite(), behaviour will be undefined.
[2018.05.27-08.52.23:356][342]LogPhysics:Warning: PHYSX: ..\..\PhysX\src\NpScene.cpp (2946) 8 : PxScene::unlockWrite() called without matching call to PxScene::lockWrite(), behaviour will be undefined.
[2018.05.27-08.52.23:356][342]LogPhysics:Warning: PHYSX: ..\..\PhysX\src\NpScene.cpp (2946) 8 : PxScene::unlockWrite() called without matching call to PxScene::lockWrite(), behaviour will be undefined.
[2018.05.27-08.52.23:356][342]LogPhysics:Warning: PHYSX: ..\..\PhysX\src\NpScene.cpp (2946) 8 : PxScene::unlockWrite() called without matching call to PxScene::lockWrite(), behaviour will be undefined.
[2018.05.27-08.52.23:357][342]LogPhysics:Warning: PHYSX: ..\..\PhysX\src\NpScene.cpp (2946) 8 : PxScene::unlockWrite() called without matching call to PxScene::lockWrite(), behaviour will be undefined.
[2018.05.27-08.52.23:882][342]LogWindows: FPlatformMisc::RequestExit(1)
[2018.05.27-08.52.23:935][342]Log file closed, 05/27/18 16:52:23
