Log file open, 06/06/18 13:36:29
LogInit:Display: Running engine for game: TopDownProject
LogPlatformFile: Not using cached read wrapper
LogInit:Display: RandInit(-449284961) SRandInit(-449284957).
LogTaskGraph: Started task graph with 4 named threads and 5 total threads.
LogStats: Stats thread started at 6.569112
LogInit: Version: 4.11.2-2946394+++UE4+Release-4.11
LogInit: API Version: 2927265
LogInit: Compiled (64-bit): Apr 18 2016 02:18:46
LogInit: Compiled with Visual C++: 19.00.23026.00
LogInit: Build Configuration: Development
LogInit: Branch Name: ++UE4+Release-4.11
LogInit: Command line:  
LogInit: Base directory: D:/UE_4.11/Engine/Binaries/Win64/
LogInit: Installed Engine Build: 1
LogInit: Using libcurl 7.41.0
LogInit:  - built for x86_64-pc-win32
LogInit:  - supports SSL with WinSSL
LogInit:  - other features:
LogInit:      CURL_VERSION_SSL
LogInit:      CURL_VERSION_IPV6
LogInit:      CURL_VERSION_ASYNCHDNS
LogInit:      CURL_VERSION_LARGEFILE
LogInit:      CURL_VERSION_IDN
LogInit:  CurlRequestOptions (configurable via config and command line):
LogInit:  - bVerifyPeer = true  - Libcurl will verify peer certificate
LogInit:  - bUseHttpProxy = false  - Libcurl will NOT use HTTP proxy
LogInit:  - bDontReuseConnections = false  - Libcurl will reuse connections
LogInit:  - CertBundlePath = nullptr  - Libcurl will use whatever was configured at build time.
LogInit: Presizing for max 16777216 objects, including 0 objects not considered by GC, pre-allocating 0 bytes for permanent pool.
LogInit: Object subsystem initialized
[2018.06.06-05.36.33:014][  0]LogInit: Selected Device Profile: [Windows]
[2018.06.06-05.36.33:014][  0]LogInit: Applying CVar settings loaded from the selected device profile: [Windows]
[2018.06.06-05.36.34:059][  0]LogInit: Computer: 1-ПК
[2018.06.06-05.36.34:059][  0]LogInit: User: 1
[2018.06.06-05.36.34:059][  0]LogInit: CPU Page size=65536, Cores=2
[2018.06.06-05.36.34:059][  0]LogInit: High frequency timer resolution =2.338476 MHz
[2018.06.06-05.36.34:173][  0]LogMemory: Memory total: Physical=3.9GB (4GB approx)
[2018.06.06-05.36.34:173][  0]LogMemory: Platform Memory Stats for Windows
[2018.06.06-05.36.34:173][  0]LogMemory: Process Physical Memory: 314.47 MB used, 314.47 MB peak
[2018.06.06-05.36.34:173][  0]LogMemory: Process Virtual Memory: 318.83 MB used, 318.83 MB peak
[2018.06.06-05.36.34:173][  0]LogMemory: Physical Memory: 1631.35 MB used, 4010.14 MB total
[2018.06.06-05.36.34:173][  0]LogMemory: Virtual Memory: 624.87 MB used, 8388608.00 MB total
[2018.06.06-05.36.38:079][  0]LogTextLocalizationManager: No translations for ('ru-RU') exist, falling back to 'en' for localization and internationalization data.
[2018.06.06-05.36.41:671][  0]LogD3D11RHI: D3D11 adapters:
[2018.06.06-05.36.43:343][  0]LogD3D11RHI:    0. 'NVIDIA GeForce 410M' (Feature Level 11_0)
[2018.06.06-05.36.43:343][  0]LogD3D11RHI:       979MB of dedicated video memory, 0MB of dedicated system memory, and 1749MB of shared system memory, 1 output[s]
[2018.06.06-05.36.43:388][  0]LogD3D11RHI:    1. 'NVIDIA GeForce 410M' (Feature Level 11_0)
[2018.06.06-05.36.43:388][  0]LogD3D11RHI:       979MB of dedicated video memory, 0MB of dedicated system memory, and 1749MB of shared system memory, 0 output[s]
[2018.06.06-05.36.43:388][  0]LogD3D11RHI: Chosen D3D11 Adapter: 0
[2018.06.06-05.36.43:425][  0]LogD3D11RHI: Creating new Direct3DDevice
[2018.06.06-05.36.43:448][  0]LogD3D11RHI:     Adapter Name: Intel(R) HD Graphics 3000
[2018.06.06-05.36.43:448][  0]LogD3D11RHI:   Driver Version: Unknown (internal Unknown)
[2018.06.06-05.36.43:448][  0]LogD3D11RHI:      Driver Date: Unknown
[2018.06.06-05.36.43:448][  0]LogRHI: Texture pool is 1297 MB (70% of 1854 MB)
[2018.06.06-05.36.43:487][  0]LogD3D11RHI: Async texture creation enabled
[2018.06.06-05.36.44:366][  0]LogShaderCompilers: Guid format shader working directory is -29 characters bigger than the processId version (../../../../sergey/UnrealProjects/Game_1337/TopDownProjectNewRepository/Intermediate/Shaders/WorkingDirectory/2832/).
[2018.06.06-05.36.44:366][  0]LogShaderCompilers: Cleaned the shader compiler working directory 'C:/Users/1/AppData/Local/Temp/UnrealShaderWorkingDir/41AFBBD94059445B52DA8182789EAABD/'.
[2018.06.06-05.36.44:386][  0]LogShaderCompilers:Display: Using Local Shader Compiler.
[2018.06.06-05.37.03:079][  0]LogTemp:Display: Loaded TP AllDesktopTargetPlatform
[2018.06.06-05.37.03:107][  0]LogTemp:Display: Loaded TP WindowsClientTargetPlatform
[2018.06.06-05.37.03:218][  0]LogTemp:Display: Loaded TP WindowsNoEditorTargetPlatform
[2018.06.06-05.37.03:239][  0]LogTemp:Display: Loaded TP WindowsServerTargetPlatform
[2018.06.06-05.37.03:283][  0]LogTemp:Display: Loaded TP WindowsTargetPlatform
[2018.06.06-05.37.03:362][  0]LogTemp:Display: Loaded TP AndroidTargetPlatform
[2018.06.06-05.37.03:452][  0]LogTemp:Display: Loaded TP Android_ASTCTargetPlatform
[2018.06.06-05.37.03:480][  0]LogTemp:Display: Loaded TP Android_ATCTargetPlatform
[2018.06.06-05.37.03:528][  0]LogTemp:Display: Loaded TP Android_DXTTargetPlatform
[2018.06.06-05.37.03:563][  0]LogTemp:Display: Loaded TP Android_ETC1TargetPlatform
[2018.06.06-05.37.03:610][  0]LogTemp:Display: Loaded TP Android_ETC2TargetPlatform
[2018.06.06-05.37.03:654][  0]LogTemp:Display: Loaded TP Android_MultiTargetPlatform
[2018.06.06-05.37.03:654][  0]LogTemp:Display: Loaded TP Android_PVRTCTargetPlatform
[2018.06.06-05.37.03:723][  0]LogTemp:Display: Loaded TP HTML5TargetPlatform
[2018.06.06-05.37.03:904][  0]LogTemp:Display: Loaded TP IOSTargetPlatform
[2018.06.06-05.37.03:908][  0]LogTemp:Display: Loaded TP TVOSTargetPlatform
[2018.06.06-05.37.03:938][  0]LogTemp:Display: Loaded TP LinuxNoEditorTargetPlatform
[2018.06.06-05.37.03:981][  0]LogTemp:Display: Loaded TP LinuxServerTargetPlatform
[2018.06.06-05.37.04:052][  0]LogTemp:Display: Loaded TP LinuxTargetPlatform
[2018.06.06-05.37.04:052][  0]LogTargetPlatformManager:Display: Building Assets For Windows
[2018.06.06-05.37.05:508][  0]LogDerivedDataCache:Display: Max Cache Size: 512 MB
[2018.06.06-05.37.06:430][  0]LogDerivedDataCache: Loaded boot cache 0.91s 46MB C:/Users/1/AppData/Local/UnrealEngine/4.11/DerivedDataCache/Boot.ddc.
[2018.06.06-05.37.06:430][  0]LogDerivedDataCache:Display: Loaded Boot cache: C:/Users/1/AppData/Local/UnrealEngine/4.11/DerivedDataCache/Boot.ddc
[2018.06.06-05.37.06:430][  0]LogDerivedDataCache: FDerivedDataBackendGraph:  Pak pak cache file ../../../../sergey/UnrealProjects/Game_1337/TopDownProjectNewRepository/DerivedDataCache/DDC.ddp not found, will not use a pak cache.
[2018.06.06-05.37.06:430][  0]LogDerivedDataCache: Unable to find inner node Pak for hierarchical cache Hierarchy.
[2018.06.06-05.37.06:430][  0]LogDerivedDataCache: FDerivedDataBackendGraph:  CompressedPak pak cache file ../../../../sergey/UnrealProjects/Game_1337/TopDownProjectNewRepository/DerivedDataCache/Compressed.ddp not found, will not use a pak cache.
[2018.06.06-05.37.06:430][  0]LogDerivedDataCache: Unable to find inner node CompressedPak for hierarchical cache Hierarchy.
[2018.06.06-05.37.06:534][  0]LogDerivedDataCache:Display: Pak cache opened for reading ../../../Engine/DerivedDataCache/Compressed.ddp.
[2018.06.06-05.37.06:608][  0]LogDerivedDataCache: Using Local data cache path C:/Users/1/AppData/Local/UnrealEngine/Common/DerivedDataCache: Writable
[2018.06.06-05.37.18:049][  0]LogInit: Selected Device Profile: [Windows]
[2018.06.06-05.37.18:231][  0]LogContentStreaming: Texture pool size is 0.00 MB
[2018.06.06-05.37.19:979][  0]LogMaterial: Uniform references updated for custom material expression Custom.
[2018.06.06-05.37.46:633][  0]LogMeshUtilities: No automatic mesh reduction module available
[2018.06.06-05.37.46:633][  0]LogMeshUtilities: No automatic mesh merging module available
[2018.06.06-05.37.46:633][  0]LogMeshUtilities: No distributed automatic mesh merging module available
[2018.06.06-05.38.08:284][  0]LogUObjectArray: 27679 objects as part of root set at end of initial load.
[2018.06.06-05.38.08:284][  0]LogUObjectAllocator: 5591592 out of 0 bytes used by permanent object pool.
[2018.06.06-05.38.08:284][  0]LogUObjectArray: CloseDisregardForGC: 0/0 objects in disregard for GC pool
[2018.06.06-05.38.08:328][  0]LogInit: WinSock: version 1.1 (2.2), MaxSocks=32767, MaxUdp=65467
[2018.06.06-05.38.25:968][  0]LogSlate: SlateFontCache - WITH_FREETYPE: 1, WITH_HARFBUZZ: 1
[2018.06.06-05.38.25:968][  0]LogSlate: SlateFontCache - WITH_FREETYPE: 1, WITH_HARFBUZZ: 1
[2018.06.06-05.38.36:457][  0]LogStreaming:Warning: Failed to read file '../../../Engine/Content/Editor/Slate/Common/Selection_16x.png' error.
[2018.06.06-05.38.36:457][  0]LogSlate: Could not find file for Slate resource: ../../../Engine/Content/Editor/Slate/Common/Selection_16x.png
[2018.06.06-05.38.36:458][  0]LogStreaming:Warning: Failed to read file '../../../Engine/Content/Editor/Slate/Common/Selection_16x.png' error.
[2018.06.06-05.38.36:458][  0]LogSlate: Could not find file for Slate resource: ../../../Engine/Content/Editor/Slate/Common/Selection_16x.png
[2018.06.06-05.38.36:458][  0]LogStreaming:Warning: Failed to read file '../../../Engine/Content/Editor/Slate/Common/Selection_16x.png' error.
[2018.06.06-05.38.36:458][  0]LogSlate: Could not find file for Slate resource: ../../../Engine/Content/Editor/Slate/Common/Selection_16x.png
[2018.06.06-05.39.20:434][  0]LogUdpMessaging: Initializing bridge on interface 0.0.0.0:0 to multicast group 230.0.0.1:6666.
[2018.06.06-05.39.21:412][  0]LogAssetRegistry: FAssetRegistry took 0.0326 seconds to start up
[2018.06.06-05.39.33:186][  0]SourceControl: Info Source control is disabled
[2018.06.06-05.39.33:200][  0]SourceControl: Info Source control is disabled
[2018.06.06-05.39.33:370][  0]SourceControl: Info Source control is disabled
[2018.06.06-05.39.33:535][  0]SourceControl: Info Source control is disabled
[2018.06.06-05.39.34:831][  0]LogHMD: Failed to initialize OpenVR with code 110
[2018.06.06-05.39.36:240][  0]LogEngine: Initializing Engine...
[2018.06.06-05.39.44:351][  0]LogAIModule: Creating AISystem for world NewWorld
[2018.06.06-05.39.44:660][  0]LogInit: XAudio2 using 'Динамики (Устройство с поддержкой High Definition Audio)' : 2 channels at 44.1 kHz using 16 bits per sample (channel mask 0x3)
[2018.06.06-05.39.44:768][  0]LogInit: FAudioDevice initialized.
[2018.06.06-05.39.44:884][  0]LogDerivedDataCache: Saved boot cache 0.12s 46MB C:/Users/1/AppData/Local/UnrealEngine/4.11/DerivedDataCache/Boot.ddc.
[2018.06.06-05.39.44:892][  0]LogInit: Texture streaming: Enabled
[2018.06.06-05.39.46:626][  0]LogInit: Transaction tracking system initialized
[2018.06.06-05.39.53:046][  0]BlueprintLog: New page: Editor Load
[2018.06.06-05.40.07:952][  0]LocalizationService: Info Localization service is disabled
[2018.06.06-05.40.23:340][  0]LogConsoleResponse:Display: 
[2018.06.06-05.40.35:776][  0]LogFileCache: Scanning file cache for directory 'D:/sergey/UnrealProjects/Game_1337/TopDownProjectNewRepository/Content/' took 0.05s
[2018.06.06-05.40.35:776][  0]LogCook:Display: Max memory allowance for cook 8192mb
[2018.06.06-05.40.35:776][  0]LogCook:Display: Mobile HDR setting 1
[2018.06.06-05.40.35:818][  0]LogCook:Display: Done creating registry. It took  0.00s.
[2018.06.06-05.40.40:429][  0]SourceControl: Info Source control is disabled
[2018.06.06-05.40.40:623][  0]Cmd: MAP LOAD FILE="../../../../sergey/UnrealProjects/Game_1337/TopDownProjectNewRepository/Content/TopDownBP/Maps/LowPolyMap.umap" TEMPLATE=0 SHOWPROGRESS=1 FEATURELEVEL=3
[2018.06.06-05.40.40:786][  0]LightingResults: New page: Lighting Build
[2018.06.06-05.40.42:021][  0]MapCheck: New page: Map Check
[2018.06.06-05.40.42:021][  0]LightingResults: New page: Lighting Build
[2018.06.06-05.40.44:151][  0]LogLinker:Warning: Asset '../../../../sergey/UnrealProjects/Game_1337/TopDownProjectNewRepository/Content/Mannequin/Animations/ThirdPerson_AnimBP.uasset' has been saved with empty engine version. The asset will be loaded but may be incompatible.
[2018.06.06-05.40.44:191][  0]LogLinker:Warning: Asset '../../../../sergey/UnrealProjects/Game_1337/TopDownProjectNewRepository/Content/Mannequin/Animations/ThirdPerson_Jump.uasset' has been saved with empty engine version. The asset will be loaded but may be incompatible.
[2018.06.06-05.40.44:298][  0]LogLinker:Warning: Asset '../../../../sergey/UnrealProjects/Game_1337/TopDownProjectNewRepository/Content/Mannequin/Animations/ThirdPersonJump_Loop.uasset' has been saved with empty engine version. The asset will be loaded but may be incompatible.
[2018.06.06-05.40.44:329][  0]LogLinker:Warning: Asset '../../../../sergey/UnrealProjects/Game_1337/TopDownProjectNewRepository/Content/Mannequin/Animations/ThirdPersonJump_Start.uasset' has been saved with empty engine version. The asset will be loaded but may be incompatible.
[2018.06.06-05.40.44:424][  0]LogLinker:Warning: Asset '../../../../sergey/UnrealProjects/Game_1337/TopDownProjectNewRepository/Content/Mannequin/Animations/ThirdPersonIdle.uasset' has been saved with empty engine version. The asset will be loaded but may be incompatible.
[2018.06.06-05.40.44:454][  0]LogLinker:Warning: Asset '../../../../sergey/UnrealProjects/Game_1337/TopDownProjectNewRepository/Content/Mannequin/Animations/ThirdPersonRun.uasset' has been saved with empty engine version. The asset will be loaded but may be incompatible.
[2018.06.06-05.40.44:490][  0]LogLinker:Warning: Asset '../../../../sergey/UnrealProjects/Game_1337/TopDownProjectNewRepository/Content/Mannequin/Animations/ThirdPersonWalk.uasset' has been saved with empty engine version. The asset will be loaded but may be incompatible.
[2018.06.06-05.41.04:342][  0]LogMaterial: Uniform references updated for custom material expression TemporalAA SampleID.
[2018.06.06-05.41.04:342][  0]LogMaterial: Uniform references updated for custom material expression Custom.
[2018.06.06-05.41.16:720][  0]LogAIModule: Creating AISystem for world LowPolyMap
[2018.06.06-05.41.17:952][  0]LogMaterial:Warning: Material /Game/LowPolyModels/Materials/Green_3.Green_3 needed to have new flag set bUsedWithInstancedStaticMeshes !
[2018.06.06-05.41.17:955][  0]LogMaterial: Missing cached shader map for material Green_3, compiling. 
[2018.06.06-05.41.18:272][  0]MapCheck:Warning: Warning Green_3 Material /Game/LowPolyModels/Materials/Green_3.Green_3 was missing the usage flag bUsedWithInstancedStaticMeshes. If the material asset is not re-saved, it may not render correctly when run outside the editor. Fix
[2018.06.06-05.41.18:272][  0]LogMaterial: 0.00 seconds spent updating 1 materials, 1 interfaces, 0 instances, 0 with static permutations.
[2018.06.06-05.41.23:237][  0]LogEditorServer: Finished looking for orphan Actors (0.000 secs)
[2018.06.06-05.41.24:203][  0]Cmd: MAP CHECKDEP NOCLEARLOG
[2018.06.06-05.41.24:470][  0]MapCheck: Info Map check complete: 0 Error(s), 1 Warning(s), took 266.302ms to complete.
[2018.06.06-05.41.24:824][  0]LogFileHelpers: Loading map 'LowPolyMap' took 44.286
[2018.06.06-05.41.36:034][  0]LogCollectionManager: Loaded 0 collections in 0.052515 seconds
[2018.06.06-05.41.38:022][  0]LogFileCache: Scanning file cache for directory 'D:/sergey/UnrealProjects/Game_1337/TopDownProjectNewRepository/Saved/Collections/' took 0.04s
[2018.06.06-05.41.38:022][  0]LogFileCache: Scanning file cache for directory 'D:/sergey/UnrealProjects/Game_1337/TopDownProjectNewRepository/Content/Developers/1/Collections/' took 0.01s
[2018.06.06-05.41.38:022][  0]LogFileCache: Scanning file cache for directory 'D:/sergey/UnrealProjects/Game_1337/TopDownProjectNewRepository/Content/Collections/' took 0.01s
[2018.06.06-05.41.38:022][  0]LogCollectionManager: Rebuilt the GUID cache for 0 collections in 0.000004 seconds
[2018.06.06-05.41.38:085][  0]LogContentBrowser: Native class hierarchy populated in 0.0612 seconds. Added 1979 classes and 343 folders.
[2018.06.06-05.41.38:241][  0]LogStats: UGameplayTagsManager::ConstructGameplayTagTree: Construct from data asset -  0.000 s
[2018.06.06-05.41.38:241][  0]LogStats: UGameplayTagsManager::ConstructGameplayTagTree: GameplayTagTreeChangedEvent.Broadcast -  0.000 s
[2018.06.06-05.41.38:242][  0]LogContentBrowser: Native class hierarchy updated for 'GameplayTags' in 0.0011 seconds. Added 12 classes and 0 folders.
[2018.06.06-05.41.38:359][  0]LogContentBrowser: Native class hierarchy updated for 'WidgetCarousel' in 0.0007 seconds. Added 0 classes and 0 folders.
[2018.06.06-05.41.38:656][  0]LogContentBrowser: Native class hierarchy updated for 'SuperSearch' in 0.0007 seconds. Added 1 classes and 2 folders.
[2018.06.06-05.41.40:209][  0]LogContentBrowser: Native class hierarchy updated for 'AddContentDialog' in 0.0007 seconds. Added 0 classes and 0 folders.
[2018.06.06-05.41.40:399][  0]LogContentBrowser: Native class hierarchy updated for 'SceneOutliner' in 0.0007 seconds. Added 1 classes and 2 folders.
[2018.06.06-05.41.45:074][  0]LogCrashTracker: Crashtracker disabled due to settings.
[2018.06.06-05.41.48:552][  0]LogUObjectGlobals:Warning: Failed to find object 'Class None.'
[2018.06.06-05.41.51:074][  0]LogContentBrowser: Native class hierarchy updated for 'HierarchicalLODOutliner' in 0.0006 seconds. Added 1 classes and 2 folders.
[2018.06.06-05.41.51:075][  0]LogLoad: Full Startup: 338.57 seconds (BP compile: 3.92 seconds)
[2018.06.06-05.41.51:075][  0]LogExternalProfiler:Warning: No registered external profiler was matched with a command-line switch (or the DLL could not be loaded).  External profiling features will not be available.
[2018.06.06-05.41.51:416][  0]LogOcInput: OculusInput pre-init called
[2018.06.06-05.42.01:266][  0]LogContentStreaming: Texture pool size now 200 MB
[2018.06.06-05.42.09:225][  0]LogRenderer: Reallocating scene render targets to support 688x392 (Frame:2).
[2018.06.06-05.42.14:856][  2]LogAssetRegistry: Asset discovery search completed in 173.4667 seconds
[2018.06.06-05.42.15:211][  2]LogCollectionManager: Rebuilt the object cache for 0 collections in 0.000001 seconds (found 0 objects)
[2018.06.06-05.42.15:211][  2]LogCollectionManager: Fixed up redirectors for 0 collections in 0.354466 seconds (updated 0 objects)
[2018.06.06-05.49.13:057][380]LogPlayLevel: PlayLevel: No blueprints needed recompiling
[2018.06.06-05.49.14:128][380]PIE: New page: PIE session: LowPolyMap (Jun 6, 2018, 9:49:13 PM)
[2018.06.06-05.49.14:156][380]LogPlayLevel: Creating play world package: /Game/TopDownBP/Maps/UEDPIE_0_LowPolyMap
[2018.06.06-05.49.14:512][380]LogPlayLevel: PIE: StaticDuplicateObject took: (0.355766s)
[2018.06.06-05.49.14:513][380]LogAIModule: Creating AISystem for world LowPolyMap
[2018.06.06-05.49.14:513][380]LogPlayLevel: PIE: World Init took: (0.001040s)
[2018.06.06-05.49.14:525][380]LogPlayLevel: PIE: Created PIE world by copying editor world from /Game/TopDownBP/Maps/LowPolyMap.LowPolyMap to /Game/TopDownBP/Maps/UEDPIE_0_LowPolyMap.LowPolyMap (0.368743s)
[2018.06.06-05.49.14:619][380]LogActorComponent: UnregisterComponent: (/Engine/Transient.CharMoveComp) Not registered. Aborting.
[2018.06.06-05.49.14:619][380]LogActorComponent: UnregisterComponent: (/Engine/Transient.CursorOnActorText_GEN_VARIABLE) Not registered. Aborting.
[2018.06.06-05.49.14:619][380]LogActorComponent: UnregisterComponent: (/Engine/Transient.CharGoingForAction_GEN_VARIABLE) Not registered. Aborting.
[2018.06.06-05.49.14:619][380]LogActorComponent: UnregisterComponent: (/Engine/Transient.PawnSensing_GEN_VARIABLE) Not registered. Aborting.
[2018.06.06-05.49.14:619][380]LogActorComponent: UnregisterComponent: (/Engine/Transient.CharacterMovementComponent_0) Not registered. Aborting.
[2018.06.06-05.49.14:619][380]LogActorComponent: UnregisterComponent: (/Engine/Transient.CursorOnActorText_C_0) Not registered. Aborting.
[2018.06.06-05.49.14:619][380]LogActorComponent: UnregisterComponent: (/Engine/Transient.CharGoingForAction_C_1) Not registered. Aborting.
[2018.06.06-05.49.14:619][380]LogActorComponent: UnregisterComponent: (/Engine/Transient.PawnSensingComponent_0) Not registered. Aborting.
[2018.06.06-05.49.14:619][380]LogActorComponent: UnregisterComponent: (/Engine/Transient.CharacterMovementComponent_1) Not registered. Aborting.
[2018.06.06-05.49.15:314][380]LogInit: XAudio2 using 'Динамики (Устройство с поддержкой High Definition Audio)' : 2 channels at 44.1 kHz using 16 bits per sample (channel mask 0x3)
[2018.06.06-05.49.15:324][380]LogInit: FAudioDevice initialized.
[2018.06.06-05.49.16:262][380]LogWorld: Game class is 'TopDownGameMode_C'
[2018.06.06-05.49.16:596][380]LogWorld: Bringing World /Game/TopDownBP/Maps/UEDPIE_0_LowPolyMap.LowPolyMap up for play (max tick rate 60) at 2018.06.06-13.49.16
[2018.06.06-05.49.17:183][380]LogWorld: Bringing up level for play took: 0.657604
[2018.06.06-05.49.17:493][380]LogContentBrowser: Native class hierarchy updated for 'MovieSceneCapture' in 0.0006 seconds. Added 9 classes and 0 folders.
[2018.06.06-05.49.17:960][380]LogBlueprintUserMessages: [TestQuest_C_0] убейте 3 врага
[2018.06.06-05.49.17:974][380]PIE: Info Play in editor start time for /Game/TopDownBP/Maps/UEDPIE_0_LowPolyMap 4.942
[2018.06.06-05.50.00:864][742]LogBlueprintUserMessages: [TestQuest_C_0] Миссия выполнена(+50 монет)!
[2018.06.06-06.11.10:265][643]Cmd: STAT FPS
[2018.06.06-06.11.24:380][944]Cmd: STAT AI
[2018.06.06-06.11.31:726][105]Cmd: STAT AI
[2018.06.06-06.11.33:788][151]LogPlayLevel: PlayLevel: No blueprints needed recompiling
[2018.06.06-06.11.33:788][151]PIE: New page: PIE session: LowPolyMap (Jun 6, 2018, 10:11:33 PM)
[2018.06.06-06.11.33:789][151]LogPlayLevel: Creating play world package: /Game/TopDownBP/Maps/UEDPIE_0_LowPolyMap
[2018.06.06-06.11.33:829][151]LogPlayLevel: PIE: StaticDuplicateObject took: (0.040766s)
[2018.06.06-06.11.33:830][151]LogAIModule: Creating AISystem for world LowPolyMap
[2018.06.06-06.11.33:830][151]LogPlayLevel: PIE: World Init took: (0.000923s)
[2018.06.06-06.11.33:831][151]LogPlayLevel: PIE: Created PIE world by copying editor world from /Game/TopDownBP/Maps/LowPolyMap.LowPolyMap to /Game/TopDownBP/Maps/UEDPIE_0_LowPolyMap.LowPolyMap (0.042013s)
[2018.06.06-06.11.33:831][151]LogActorComponent: UnregisterComponent: (/Engine/Transient.CharMoveComp) Not registered. Aborting.
[2018.06.06-06.11.33:831][151]LogActorComponent: UnregisterComponent: (/Engine/Transient.CursorOnActorText_GEN_VARIABLE) Not registered. Aborting.
[2018.06.06-06.11.33:831][151]LogActorComponent: UnregisterComponent: (/Engine/Transient.CharGoingForAction_GEN_VARIABLE) Not registered. Aborting.
[2018.06.06-06.11.33:831][151]LogActorComponent: UnregisterComponent: (/Engine/Transient.PawnSensing_GEN_VARIABLE) Not registered. Aborting.
[2018.06.06-06.11.33:865][151]LogInit: XAudio2 using 'Динамики (Устройство с поддержкой High Definition Audio)' : 2 channels at 44.1 kHz using 16 bits per sample (channel mask 0x3)
[2018.06.06-06.11.33:874][151]LogInit: FAudioDevice initialized.
[2018.06.06-06.11.33:923][151]LogWorld: Game class is 'TopDownGameMode_C'
[2018.06.06-06.11.33:996][151]LogWorld: Bringing World /Game/TopDownBP/Maps/UEDPIE_0_LowPolyMap.LowPolyMap up for play (max tick rate 60) at 2018.06.06-14.11.33
[2018.06.06-06.11.34:067][151]LogWorld: Bringing up level for play took: 0.142383
[2018.06.06-06.11.34:102][151]LogBlueprintUserMessages: [TestQuest_C_1] убейте 3 врага
[2018.06.06-06.11.34:102][151]PIE: Info Play in editor start time for /Game/TopDownBP/Maps/UEDPIE_0_LowPolyMap 1.048
[2018.06.06-06.12.06:508][ 33]LogBlueprintUserMessages: [TestQuest_C_1] Миссия выполнена(+50 монет)!
[2018.06.06-06.12.46:302][335]LogContentBrowser: Native class hierarchy updated for 'BlueprintGraph' in 0.0011 seconds. Added 108 classes and 0 folders.
[2018.06.06-06.13.18:664][204]BlueprintLog: New page: Compile TopDownCharacter
[2018.06.06-06.13.19:704][204]LogActorComponent: UnregisterComponent: (/Engine/Transient.CharMoveComp) Not registered. Aborting.
[2018.06.06-06.13.19:704][204]LogActorComponent: UnregisterComponent: (/Engine/Transient.CursorOnActorText_GEN_VARIABLE) Not registered. Aborting.
[2018.06.06-06.13.19:704][204]LogActorComponent: UnregisterComponent: (/Engine/Transient.CharGoingForAction_GEN_VARIABLE) Not registered. Aborting.
[2018.06.06-06.13.19:704][204]LogActorComponent: UnregisterComponent: (/Engine/Transient.PawnSensing_GEN_VARIABLE) Not registered. Aborting.
[2018.06.06-06.13.19:704][204]LogActorComponent: UnregisterComponent: (/Engine/Transient.CharacterMovementComponent_2) Not registered. Aborting.
[2018.06.06-06.13.19:704][204]LogActorComponent: UnregisterComponent: (/Engine/Transient.CursorOnActorText_C_1) Not registered. Aborting.
[2018.06.06-06.13.19:704][204]LogActorComponent: UnregisterComponent: (/Engine/Transient.CharGoingForAction_C_2) Not registered. Aborting.
[2018.06.06-06.13.19:704][204]LogActorComponent: UnregisterComponent: (/Engine/Transient.PawnSensingComponent_1) Not registered. Aborting.
[2018.06.06-06.13.19:704][204]LogActorComponent: UnregisterComponent: (/Engine/Transient.CharacterMovementComponent_3) Not registered. Aborting.
[2018.06.06-06.13.20:586][204]BlueprintEditorCompileResults: Info [2228.04] Compile of TopDownCharacter successful! [in 1,910 ms]
[2018.06.06-06.13.25:947][216]LogSavePackage: Save=2240.63ms
[2018.06.06-06.13.25:947][216]LogSavePackage: Moving '../../../../sergey/UnrealProjects/Game_1337/TopDownProjectNewRepository/Saved/TopDownCharacter3D2DB27A44D21756F875F7AEAC6CD543.tmp' to '../../../../sergey/UnrealProjects/Game_1337/TopDownProjectNewRepository/Content/TopDownBP/Blueprints/TopDownCharacter.uasset'
[2018.06.06-06.13.26:106][216]LogSavePackage: Total save time: 4657.43ms
[2018.06.06-06.13.26:106][216]LogSavePackage:Display: Finished SavePackage ../../../../sergey/UnrealProjects/Game_1337/TopDownProjectNewRepository/Content/TopDownBP/Blueprints/TopDownCharacter.uasset
[2018.06.06-06.14.15:642][777]LogWindowsTextInputMethodSystem:Display: IME system now deactivated.
[2018.06.06-06.15.04:392][342]BlueprintLog: New page: Compile MyAIEnemy
[2018.06.06-06.15.04:705][342]LogActorComponent: UnregisterComponent: (/Engine/Transient.CharMoveComp) Not registered. Aborting.
[2018.06.06-06.15.04:705][342]LogActorComponent: UnregisterComponent: (/Engine/Transient.CharacterMovementComponent_4) Not registered. Aborting.
[2018.06.06-06.15.04:705][342]LogActorComponent: UnregisterComponent: (/Engine/Transient.CursorOnActorText_GEN_VARIABLE) Not registered. Aborting.
[2018.06.06-06.15.04:705][342]LogActorComponent: UnregisterComponent: (/Engine/Transient.CharGoingForAction_GEN_VARIABLE) Not registered. Aborting.
[2018.06.06-06.15.04:705][342]LogActorComponent: UnregisterComponent: (/Engine/Transient.PawnSensing_GEN_VARIABLE) Not registered. Aborting.
[2018.06.06-06.15.05:030][342]BlueprintEditorCompileResults: Info [2332.49] Compile of MyAIEnemy successful! [in 638 ms]
[2018.06.06-06.15.05:465][353]Cmd: OBJ SAVEPACKAGE PACKAGE="/Game/TopDownBP/AI/MyAIEnemy" FILE="../../../../sergey/UnrealProjects/Game_1337/TopDownProjectNewRepository/Content/TopDownBP/AI/MyAIEnemy.uasset" SILENT=true
[2018.06.06-06.15.05:989][353]LogSavePackage: Save=393.40ms
[2018.06.06-06.15.05:989][353]LogSavePackage: Moving '../../../../sergey/UnrealProjects/Game_1337/TopDownProjectNewRepository/Saved/MyAIEnemy7A453DC942260724AD40D59127535668.tmp' to '../../../../sergey/UnrealProjects/Game_1337/TopDownProjectNewRepository/Content/TopDownBP/AI/MyAIEnemy.uasset'
[2018.06.06-06.15.06:038][353]LogSavePackage: Total save time: 571.38ms
[2018.06.06-06.15.06:038][353]LogSavePackage:Display: Finished SavePackage ../../../../sergey/UnrealProjects/Game_1337/TopDownProjectNewRepository/Content/TopDownBP/AI/MyAIEnemy.uasset
[2018.06.06-06.15.06:855][379]LogPlayLevel: PlayLevel: No blueprints needed recompiling
[2018.06.06-06.15.06:856][379]PIE: New page: PIE session: LowPolyMap (Jun 6, 2018, 10:15:06 PM)
[2018.06.06-06.15.06:856][379]LogPlayLevel: Creating play world package: /Game/TopDownBP/Maps/UEDPIE_0_LowPolyMap
[2018.06.06-06.15.06:895][379]LogPlayLevel: PIE: StaticDuplicateObject took: (0.038952s)
[2018.06.06-06.15.06:895][379]LogAIModule: Creating AISystem for world LowPolyMap
[2018.06.06-06.15.06:896][379]LogPlayLevel: PIE: World Init took: (0.000904s)
[2018.06.06-06.15.06:896][379]LogPlayLevel: PIE: Created PIE world by copying editor world from /Game/TopDownBP/Maps/LowPolyMap.LowPolyMap to /Game/TopDownBP/Maps/UEDPIE_0_LowPolyMap.LowPolyMap (0.040148s)
[2018.06.06-06.15.06:896][379]LogActorComponent: UnregisterComponent: (/Engine/Transient.CharMoveComp) Not registered. Aborting.
[2018.06.06-06.15.06:896][379]LogActorComponent: UnregisterComponent: (/Engine/Transient.CursorOnActorText_GEN_VARIABLE) Not registered. Aborting.
[2018.06.06-06.15.06:896][379]LogActorComponent: UnregisterComponent: (/Engine/Transient.CharGoingForAction_GEN_VARIABLE) Not registered. Aborting.
[2018.06.06-06.15.06:896][379]LogActorComponent: UnregisterComponent: (/Engine/Transient.PawnSensing_GEN_VARIABLE) Not registered. Aborting.
[2018.06.06-06.15.07:079][379]LogInit: XAudio2 using 'Динамики (Устройство с поддержкой High Definition Audio)' : 2 channels at 44.1 kHz using 16 bits per sample (channel mask 0x3)
[2018.06.06-06.15.07:088][379]LogInit: FAudioDevice initialized.
[2018.06.06-06.15.07:123][379]LogWorld: Game class is 'TopDownGameMode_C'
[2018.06.06-06.15.07:195][379]LogWorld: Bringing World /Game/TopDownBP/Maps/UEDPIE_0_LowPolyMap.LowPolyMap up for play (max tick rate 60) at 2018.06.06-14.15.07
[2018.06.06-06.15.07:262][379]LogWorld: Bringing up level for play took: 0.137840
[2018.06.06-06.15.07:299][379]LogBlueprintUserMessages: [TestQuest_C_0] убейте 3 врага
[2018.06.06-06.15.07:299][379]PIE: Info Play in editor start time for /Game/TopDownBP/Maps/UEDPIE_0_LowPolyMap 0.242
[2018.06.06-06.15.11:532][516]LogPlayLevel: PlayLevel: No blueprints needed recompiling
[2018.06.06-06.15.11:532][516]PIE: New page: PIE session: LowPolyMap (Jun 6, 2018, 10:15:11 PM)
[2018.06.06-06.15.11:533][516]LogPlayLevel: Creating play world package: /Game/TopDownBP/Maps/UEDPIE_0_LowPolyMap
[2018.06.06-06.15.11:576][516]LogPlayLevel: PIE: StaticDuplicateObject took: (0.043164s)
[2018.06.06-06.15.11:577][516]LogAIModule: Creating AISystem for world LowPolyMap
[2018.06.06-06.15.11:577][516]LogPlayLevel: PIE: World Init took: (0.001340s)
[2018.06.06-06.15.11:577][516]LogPlayLevel: PIE: Created PIE world by copying editor world from /Game/TopDownBP/Maps/LowPolyMap.LowPolyMap to /Game/TopDownBP/Maps/UEDPIE_0_LowPolyMap.LowPolyMap (0.044789s)
[2018.06.06-06.15.11:640][516]LogInit: XAudio2 using 'Динамики (Устройство с поддержкой High Definition Audio)' : 2 channels at 44.1 kHz using 16 bits per sample (channel mask 0x3)
[2018.06.06-06.15.11:647][516]LogInit: FAudioDevice initialized.
[2018.06.06-06.15.11:676][516]LogWorld: Game class is 'TopDownGameMode_C'
[2018.06.06-06.15.11:747][516]LogWorld: Bringing World /Game/TopDownBP/Maps/UEDPIE_0_LowPolyMap.LowPolyMap up for play (max tick rate 60) at 2018.06.06-14.15.11
[2018.06.06-06.15.11:812][516]LogWorld: Bringing up level for play took: 0.135285
[2018.06.06-06.15.11:848][516]LogBlueprintUserMessages: [TestQuest_C_1] убейте 3 врага
[2018.06.06-06.15.11:848][516]PIE: Info Play in editor start time for /Game/TopDownBP/Maps/UEDPIE_0_LowPolyMap 0.791
[2018.06.06-06.16.16:415][573]LogBlueprintUserMessages: [TestQuest_C_1] Миссия выполнена(+50 монет)!
[2018.06.06-06.17.06:070][257]LogPlayLevel: PlayLevel: No blueprints needed recompiling
[2018.06.06-06.17.06:070][257]PIE: New page: PIE session: LowPolyMap (Jun 6, 2018, 10:17:06 PM)
[2018.06.06-06.17.06:070][257]LogPlayLevel: Creating play world package: /Game/TopDownBP/Maps/UEDPIE_0_LowPolyMap
[2018.06.06-06.17.06:110][257]LogPlayLevel: PIE: StaticDuplicateObject took: (0.039185s)
[2018.06.06-06.17.06:111][257]LogAIModule: Creating AISystem for world LowPolyMap
[2018.06.06-06.17.06:111][257]LogPlayLevel: PIE: World Init took: (0.000885s)
[2018.06.06-06.17.06:112][257]LogPlayLevel: PIE: Created PIE world by copying editor world from /Game/TopDownBP/Maps/LowPolyMap.LowPolyMap to /Game/TopDownBP/Maps/UEDPIE_0_LowPolyMap.LowPolyMap (0.040386s)
[2018.06.06-06.17.06:167][257]LogInit: XAudio2 using 'Динамики (Устройство с поддержкой High Definition Audio)' : 2 channels at 44.1 kHz using 16 bits per sample (channel mask 0x3)
[2018.06.06-06.17.06:220][257]LogInit: FAudioDevice initialized.
[2018.06.06-06.17.06:251][257]LogWorld: Game class is 'TopDownGameMode_C'
[2018.06.06-06.17.06:331][257]LogWorld: Bringing World /Game/TopDownBP/Maps/UEDPIE_0_LowPolyMap.LowPolyMap up for play (max tick rate 60) at 2018.06.06-14.17.06
[2018.06.06-06.17.06:395][257]LogWorld: Bringing up level for play took: 0.143709
[2018.06.06-06.17.06:436][257]LogBlueprintUserMessages: [TestQuest_C_2] убейте 3 врага
[2018.06.06-06.17.06:436][257]PIE: Info Play in editor start time for /Game/TopDownBP/Maps/UEDPIE_0_LowPolyMap -0.623
[2018.06.06-06.17.32:891][ 34]LogRenderer: Reallocating scene render targets to support 760x468 (Frame:8022).
[2018.06.06-06.17.40:547][245]BlueprintLog: New page: Compile MyAIEnemy
[2018.06.06-06.17.40:875][245]LogActorComponent: UnregisterComponent: (/Engine/Transient.CharMoveComp) Not registered. Aborting.
[2018.06.06-06.17.40:875][245]LogActorComponent: UnregisterComponent: (/Engine/Transient.CharacterMovementComponent_5) Not registered. Aborting.
[2018.06.06-06.17.40:875][245]LogActorComponent: UnregisterComponent: (/Engine/Transient.CursorOnActorText_GEN_VARIABLE) Not registered. Aborting.
[2018.06.06-06.17.40:875][245]LogActorComponent: UnregisterComponent: (/Engine/Transient.CharGoingForAction_GEN_VARIABLE) Not registered. Aborting.
[2018.06.06-06.17.40:875][245]LogActorComponent: UnregisterComponent: (/Engine/Transient.PawnSensing_GEN_VARIABLE) Not registered. Aborting.
[2018.06.06-06.17.41:196][245]BlueprintEditorCompileResults: Info [2488.66] Compile of MyAIEnemy successful! [in 647 ms]
[2018.06.06-06.17.42:610][288]Cmd: OBJ SAVEPACKAGE PACKAGE="/Game/TopDownBP/AI/MyAIEnemy" FILE="../../../../sergey/UnrealProjects/Game_1337/TopDownProjectNewRepository/Content/TopDownBP/AI/MyAIEnemy.uasset" SILENT=true
[2018.06.06-06.17.43:006][288]LogSavePackage: Save=385.02ms
[2018.06.06-06.17.43:006][288]LogSavePackage: Moving '../../../../sergey/UnrealProjects/Game_1337/TopDownProjectNewRepository/Saved/MyAIEnemyA1343E5945730E6A023A7AA42FF0995C.tmp' to '../../../../sergey/UnrealProjects/Game_1337/TopDownProjectNewRepository/Content/TopDownBP/AI/MyAIEnemy.uasset'
[2018.06.06-06.17.43:010][288]LogSavePackage: Total save time: 398.22ms
[2018.06.06-06.17.43:010][288]LogSavePackage:Display: Finished SavePackage ../../../../sergey/UnrealProjects/Game_1337/TopDownProjectNewRepository/Content/TopDownBP/AI/MyAIEnemy.uasset
[2018.06.06-06.17.44:366][347]LogPlayLevel: PlayLevel: No blueprints needed recompiling
[2018.06.06-06.17.44:366][347]PIE: New page: PIE session: LowPolyMap (Jun 6, 2018, 10:17:44 PM)
[2018.06.06-06.17.44:366][347]LogPlayLevel: Creating play world package: /Game/TopDownBP/Maps/UEDPIE_0_LowPolyMap
[2018.06.06-06.17.44:411][347]LogPlayLevel: PIE: StaticDuplicateObject took: (0.044436s)
[2018.06.06-06.17.44:412][347]LogAIModule: Creating AISystem for world LowPolyMap
[2018.06.06-06.17.44:412][347]LogPlayLevel: PIE: World Init took: (0.000979s)
[2018.06.06-06.17.44:412][347]LogPlayLevel: PIE: Created PIE world by copying editor world from /Game/TopDownBP/Maps/LowPolyMap.LowPolyMap to /Game/TopDownBP/Maps/UEDPIE_0_LowPolyMap.LowPolyMap (0.045744s)
[2018.06.06-06.17.44:412][347]LogActorComponent: UnregisterComponent: (/Engine/Transient.CharMoveComp) Not registered. Aborting.
[2018.06.06-06.17.44:412][347]LogActorComponent: UnregisterComponent: (/Engine/Transient.CursorOnActorText_GEN_VARIABLE) Not registered. Aborting.
[2018.06.06-06.17.44:412][347]LogActorComponent: UnregisterComponent: (/Engine/Transient.CharGoingForAction_GEN_VARIABLE) Not registered. Aborting.
[2018.06.06-06.17.44:412][347]LogActorComponent: UnregisterComponent: (/Engine/Transient.PawnSensing_GEN_VARIABLE) Not registered. Aborting.
[2018.06.06-06.17.44:483][347]LogInit: XAudio2 using 'Динамики (Устройство с поддержкой High Definition Audio)' : 2 channels at 44.1 kHz using 16 bits per sample (channel mask 0x3)
[2018.06.06-06.17.44:492][347]LogInit: FAudioDevice initialized.
[2018.06.06-06.17.44:522][347]LogWorld: Game class is 'TopDownGameMode_C'
[2018.06.06-06.17.44:595][347]LogWorld: Bringing World /Game/TopDownBP/Maps/UEDPIE_0_LowPolyMap.LowPolyMap up for play (max tick rate 60) at 2018.06.06-14.17.44
[2018.06.06-06.17.44:661][347]LogWorld: Bringing up level for play took: 0.138325
[2018.06.06-06.17.44:699][347]LogBlueprintUserMessages: [TestQuest_C_3] убейте 3 врага
[2018.06.06-06.17.44:699][347]PIE: Info Play in editor start time for /Game/TopDownBP/Maps/UEDPIE_0_LowPolyMap -0.361
[2018.06.06-06.18.06:540][958]LogSavePackage: Save=631.50ms
[2018.06.06-06.18.06:540][958]LogSavePackage: Moving '../../../../sergey/UnrealProjects/Game_1337/TopDownProjectNewRepository/Saved/LowPolyMap62626C5D456460DE05393F94C1745CFE.tmp' to '../../../../sergey/UnrealProjects/Game_1337/TopDownProjectNewRepository/Content/TopDownBP/Maps/LowPolyMap.umap'
[2018.06.06-06.18.06:579][958]LogSavePackage: Total save time: 682.85ms
[2018.06.06-06.18.06:579][958]LogSavePackage:Display: Finished SavePackage ../../../../sergey/UnrealProjects/Game_1337/TopDownProjectNewRepository/Content/TopDownBP/Maps/LowPolyMap.umap
[2018.06.06-06.18.06:720][958]LogFileHelpers: Saving map 'LowPolyMap' took 0.973
[2018.06.06-06.18.07:150][978]LogPlayLevel: PlayLevel: No blueprints needed recompiling
[2018.06.06-06.18.07:150][978]PIE: New page: PIE session: LowPolyMap (Jun 6, 2018, 10:18:07 PM)
[2018.06.06-06.18.07:150][978]LogPlayLevel: Creating play world package: /Game/TopDownBP/Maps/UEDPIE_0_LowPolyMap
[2018.06.06-06.18.07:187][978]LogPlayLevel: PIE: StaticDuplicateObject took: (0.037353s)
[2018.06.06-06.18.07:188][978]LogAIModule: Creating AISystem for world LowPolyMap
[2018.06.06-06.18.07:188][978]LogPlayLevel: PIE: World Init took: (0.000859s)
[2018.06.06-06.18.07:188][978]LogPlayLevel: PIE: Created PIE world by copying editor world from /Game/TopDownBP/Maps/LowPolyMap.LowPolyMap to /Game/TopDownBP/Maps/UEDPIE_0_LowPolyMap.LowPolyMap (0.038501s)
[2018.06.06-06.18.07:244][978]LogInit: XAudio2 using 'Динамики (Устройство с поддержкой High Definition Audio)' : 2 channels at 44.1 kHz using 16 bits per sample (channel mask 0x3)
[2018.06.06-06.18.07:252][978]LogInit: FAudioDevice initialized.
[2018.06.06-06.18.07:286][978]LogWorld: Game class is 'TopDownGameMode_C'
[2018.06.06-06.18.07:362][978]LogWorld: Bringing World /Game/TopDownBP/Maps/UEDPIE_0_LowPolyMap.LowPolyMap up for play (max tick rate 60) at 2018.06.06-14.18.07
[2018.06.06-06.18.07:449][978]LogWorld: Bringing up level for play took: 0.161921
[2018.06.06-06.18.07:496][978]LogBlueprintUserMessages: [TestQuest_C_4] убейте 3 врага
[2018.06.06-06.18.07:496][978]PIE: Info Play in editor start time for /Game/TopDownBP/Maps/UEDPIE_0_LowPolyMap 0.436
[2018.06.06-06.18.31:735][911]LogPlayLevel: PlayLevel: No blueprints needed recompiling
[2018.06.06-06.18.31:735][911]PIE: New page: PIE session: LowPolyMap (Jun 6, 2018, 10:18:31 PM)
[2018.06.06-06.18.31:735][911]LogPlayLevel: Creating play world package: /Game/TopDownBP/Maps/UEDPIE_0_LowPolyMap
[2018.06.06-06.18.31:785][911]LogPlayLevel: PIE: StaticDuplicateObject took: (0.049683s)
[2018.06.06-06.18.31:786][911]LogAIModule: Creating AISystem for world LowPolyMap
[2018.06.06-06.18.31:786][911]LogPlayLevel: PIE: World Init took: (0.001094s)
[2018.06.06-06.18.31:786][911]LogPlayLevel: PIE: Created PIE world by copying editor world from /Game/TopDownBP/Maps/LowPolyMap.LowPolyMap to /Game/TopDownBP/Maps/UEDPIE_0_LowPolyMap.LowPolyMap (0.051163s)
[2018.06.06-06.18.31:786][911]LogActorComponent: UnregisterComponent: (/Engine/Transient.CharMoveComp) Not registered. Aborting.
[2018.06.06-06.18.31:849][911]LogInit: XAudio2 using 'Динамики (Устройство с поддержкой High Definition Audio)' : 2 channels at 44.1 kHz using 16 bits per sample (channel mask 0x3)
[2018.06.06-06.18.31:871][911]LogInit: FAudioDevice initialized.
[2018.06.06-06.18.31:904