Log file open, 05/26/18 15:57:11
LogInit:Display: Running engine for game: TopDownProject
LogPlatformFile: Not using cached read wrapper
LogInit:Display: RandInit(-1961155174) SRandInit(-1961155171).
LogTaskGraph: Started task graph with 4 named threads and 5 total threads.
LogStats: Stats thread started at 0.327258
LogInit: Version: 4.11.2-2946394+++UE4+Release-4.11
LogInit: API Version: 2927265
LogInit: Compiled (64-bit): Apr 18 2016 02:18:46
LogInit: Compiled with Visual C++: 19.00.23026.00
LogInit: Build Configuration: Development
LogInit: Branch Name: ++UE4+Release-4.11
LogInit: Command line:  
LogInit: Base directory: D:/UE_4.11/Engine/Binaries/Win64/
LogInit: Installed Engine Build: 1
LogInit: Using libcurl 7.41.0
LogInit:  - built for x86_64-pc-win32
LogInit:  - supports SSL with WinSSL
LogInit:  - other features:
LogInit:      CURL_VERSION_SSL
LogInit:      CURL_VERSION_IPV6
LogInit:      CURL_VERSION_ASYNCHDNS
LogInit:      CURL_VERSION_LARGEFILE
LogInit:      CURL_VERSION_IDN
LogInit:  CurlRequestOptions (configurable via config and command line):
LogInit:  - bVerifyPeer = true  - Libcurl will verify peer certificate
LogInit:  - bUseHttpProxy = false  - Libcurl will NOT use HTTP proxy
LogInit:  - bDontReuseConnections = false  - Libcurl will reuse connections
LogInit:  - CertBundlePath = nullptr  - Libcurl will use whatever was configured at build time.
LogInit: Presizing for max 16777216 objects, including 0 objects not considered by GC, pre-allocating 0 bytes for permanent pool.
LogInit: Object subsystem initialized
[2018.05.26-07.57.19:149][  0]LogInit: Selected Device Profile: [Windows]
[2018.05.26-07.57.19:149][  0]LogInit: Applying CVar settings loaded from the selected device profile: [Windows]
[2018.05.26-07.57.21:822][  0]LogInit: Computer: 1-ПК
[2018.05.26-07.57.21:822][  0]LogInit: User: 1
[2018.05.26-07.57.21:822][  0]LogInit: CPU Page size=65536, Cores=2
[2018.05.26-07.57.21:822][  0]LogInit: High frequency timer resolution =2.338496 MHz
[2018.05.26-07.57.21:823][  0]LogMemory: Memory total: Physical=3.9GB (4GB approx)
[2018.05.26-07.57.21:863][  0]LogMemory: Platform Memory Stats for Windows
[2018.05.26-07.57.21:863][  0]LogMemory: Process Physical Memory: 314.07 MB used, 314.07 MB peak
[2018.05.26-07.57.21:863][  0]LogMemory: Process Virtual Memory: 314.56 MB used, 314.56 MB peak
[2018.05.26-07.57.21:863][  0]LogMemory: Physical Memory: 3411.30 MB used, 4010.14 MB total
[2018.05.26-07.57.21:863][  0]LogMemory: Virtual Memory: 621.31 MB used, 8388608.00 MB total
[2018.05.26-07.57.32:339][  0]LogTextLocalizationManager: No translations for ('ru-RU') exist, falling back to 'en' for localization and internationalization data.
[2018.05.26-07.57.39:490][  0]LogD3D11RHI: D3D11 adapters:
[2018.05.26-07.57.41:306][  0]LogD3D11RHI:    0. 'Intel(R) HD Graphics 3000' (Feature Level 10_0)
[2018.05.26-07.57.41:306][  0]LogD3D11RHI:       64MB of dedicated video memory, 0MB of dedicated system memory, and 1632MB of shared system memory, 1 output[s]
[2018.05.26-07.57.45:598][  0]LogD3D11RHI:    1. 'NVIDIA GeForce 410M' (Feature Level 11_0)
[2018.05.26-07.57.45:598][  0]LogD3D11RHI:       979MB of dedicated video memory, 0MB of dedicated system memory, and 1749MB of shared system memory, 0 output[s]
[2018.05.26-07.57.45:598][  0]LogD3D11RHI: Chosen D3D11 Adapter: 0
[2018.05.26-07.57.45:623][  0]LogD3D11RHI: Creating new Direct3DDevice
[2018.05.26-07.57.45:657][  0]LogD3D11RHI:     Adapter Name: Intel(R) HD Graphics 3000
[2018.05.26-07.57.45:657][  0]LogD3D11RHI:   Driver Version: Unknown (internal Unknown)
[2018.05.26-07.57.45:657][  0]LogD3D11RHI:      Driver Date: Unknown
[2018.05.26-07.57.45:657][  0]LogRHI: Texture pool is 616 MB (70% of 880 MB)
[2018.05.26-07.57.45:701][  0]LogD3D11RHI: Async texture creation enabled
[2018.05.26-07.57.48:370][  0]LogShaderCompilers: Guid format shader working directory is -16 characters bigger than the processId version (../../../../sergey/UnrealProjects/Game_1337/TopDownProject/Intermediate/Shaders/WorkingDirectory/7072/).
[2018.05.26-07.57.48:370][  0]LogShaderCompilers: Cleaned the shader compiler working directory 'C:/Users/1/AppData/Local/Temp/UnrealShaderWorkingDir/29005E8B40125687579FECA1094370DD/'.
[2018.05.26-07.57.48:370][  0]LogShaderCompilers:Display: Using Local Shader Compiler.
[2018.05.26-07.58.07:966][  0]LogTemp:Display: Loaded TP AllDesktopTargetPlatform
[2018.05.26-07.58.07:997][  0]LogTemp:Display: Loaded TP WindowsClientTargetPlatform
[2018.05.26-07.58.08:053][  0]LogTemp:Display: Loaded TP WindowsNoEditorTargetPlatform
[2018.05.26-07.58.08:149][  0]LogTemp:Display: Loaded TP WindowsServerTargetPlatform
[2018.05.26-07.58.08:216][  0]LogTemp:Display: Loaded TP WindowsTargetPlatform
[2018.05.26-07.58.08:317][  0]LogTemp:Display: Loaded TP AndroidTargetPlatform
[2018.05.26-07.58.08:377][  0]LogTemp:Display: Loaded TP Android_ASTCTargetPlatform
[2018.05.26-07.58.08:436][  0]LogTemp:Display: Loaded TP Android_ATCTargetPlatform
[2018.05.26-07.58.08:500][  0]LogTemp:Display: Loaded TP Android_DXTTargetPlatform
[2018.05.26-07.58.08:520][  0]LogTemp:Display: Loaded TP Android_ETC1TargetPlatform
[2018.05.26-07.58.08:730][  0]LogTemp:Display: Loaded TP Android_ETC2TargetPlatform
[2018.05.26-07.58.09:898][  0]LogTemp:Display: Loaded TP Android_MultiTargetPlatform
[2018.05.26-07.58.09:898][  0]LogTemp:Display: Loaded TP Android_PVRTCTargetPlatform
[2018.05.26-07.58.11:383][  0]LogTemp:Display: Loaded TP HTML5TargetPlatform
[2018.05.26-07.58.11:910][  0]LogTemp:Display: Loaded TP IOSTargetPlatform
[2018.05.26-07.58.11:916][  0]LogTemp:Display: Loaded TP TVOSTargetPlatform
[2018.05.26-07.58.12:016][  0]LogTemp:Display: Loaded TP LinuxNoEditorTargetPlatform
[2018.05.26-07.58.12:093][  0]LogTemp:Display: Loaded TP LinuxServerTargetPlatform
[2018.05.26-07.58.12:475][  0]LogTemp:Display: Loaded TP LinuxTargetPlatform
[2018.05.26-07.58.12:475][  0]LogTargetPlatformManager:Display: Building Assets For Windows
[2018.05.26-07.58.17:033][  0]LogDerivedDataCache:Display: Max Cache Size: 512 MB
[2018.05.26-07.58.24:766][  0]LogDerivedDataCache: Loaded boot cache 7.69s 66MB C:/Users/1/AppData/Local/UnrealEngine/4.11/DerivedDataCache/Boot.ddc.
[2018.05.26-07.58.24:766][  0]LogDerivedDataCache:Display: Loaded Boot cache: C:/Users/1/AppData/Local/UnrealEngine/4.11/DerivedDataCache/Boot.ddc
[2018.05.26-07.58.24:767][  0]LogDerivedDataCache: FDerivedDataBackendGraph:  Pak pak cache file ../../../../sergey/UnrealProjects/Game_1337/TopDownProject/DerivedDataCache/DDC.ddp not found, will not use a pak cache.
[2018.05.26-07.58.24:767][  0]LogDerivedDataCache: Unable to find inner node Pak for hierarchical cache Hierarchy.
[2018.05.26-07.58.24:767][  0]LogDerivedDataCache: FDerivedDataBackendGraph:  CompressedPak pak cache file ../../../../sergey/UnrealProjects/Game_1337/TopDownProject/DerivedDataCache/Compressed.ddp not found, will not use a pak cache.
[2018.05.26-07.58.24:767][  0]LogDerivedDataCache: Unable to find inner node CompressedPak for hierarchical cache Hierarchy.
[2018.05.26-07.58.24:998][  0]LogDerivedDataCache:Display: Pak cache opened for reading ../../../Engine/DerivedDataCache/Compressed.ddp.
[2018.05.26-07.58.25:053][  0]LogDerivedDataCache: Using Local data cache path C:/Users/1/AppData/Local/UnrealEngine/Common/DerivedDataCache: Writable
[2018.05.26-07.59.11:892][  0]LogInit: Selected Device Profile: [Windows]
[2018.05.26-07.59.12:073][  0]LogContentStreaming: Texture pool size is 0.00 MB
[2018.05.26-07.59.13:376][  0]LogMaterial: Uniform references updated for custom material expression Custom.
[2018.05.26-07.59.18:791][  0]LogMeshUtilities: No automatic mesh reduction module available
[2018.05.26-07.59.18:791][  0]LogMeshUtilities: No automatic mesh merging module available
[2018.05.26-07.59.18:791][  0]LogMeshUtilities: No distributed automatic mesh merging module available
[2018.05.26-07.59.42:743][  0]LogUObjectArray: 27679 objects as part of root set at end of initial load.
[2018.05.26-07.59.42:801][  0]LogUObjectAllocator: 5591600 out of 0 bytes used by permanent object pool.
[2018.05.26-07.59.42:801][  0]LogUObjectArray: CloseDisregardForGC: 0/0 objects in disregard for GC pool
[2018.05.26-07.59.42:861][  0]LogInit: WinSock: version 1.1 (2.2), MaxSocks=32767, MaxUdp=65467
[2018.05.26-08.00.03:373][  0]LogSlate: SlateFontCache - WITH_FREETYPE: 1, WITH_HARFBUZZ: 1
[2018.05.26-08.00.03:373][  0]LogSlate: SlateFontCache - WITH_FREETYPE: 1, WITH_HARFBUZZ: 1
[2018.05.26-08.00.11:263][  0]LogStreaming:Warning: Failed to read file '../../../Engine/Content/Editor/Slate/Common/Selection_16x.png' error.
[2018.05.26-08.00.11:263][  0]LogSlate: Could not find file for Slate resource: ../../../Engine/Content/Editor/Slate/Common/Selection_16x.png
[2018.05.26-08.00.11:263][  0]LogStreaming:Warning: Failed to read file '../../../Engine/Content/Editor/Slate/Common/Selection_16x.png' error.
[2018.05.26-08.00.11:263][  0]LogSlate: Could not find file for Slate resource: ../../../Engine/Content/Editor/Slate/Common/Selection_16x.png
[2018.05.26-08.00.11:263][  0]LogStreaming:Warning: Failed to read file '../../../Engine/Content/Editor/Slate/Common/Selection_16x.png' error.
[2018.05.26-08.00.11:263][  0]LogSlate: Could not find file for Slate resource: ../../../Engine/Content/Editor/Slate/Common/Selection_16x.png
[2018.05.26-08.00.31:787][  0]LogUdpMessaging: Initializing bridge on interface 0.0.0.0:0 to multicast group 230.0.0.1:6666.
[2018.05.26-08.00.32:621][  0]LogAssetRegistry: FAssetRegistry took 0.0200 seconds to start up
[2018.05.26-08.00.37:819][  0]SourceControl: Info Source control is disabled
[2018.05.26-08.00.37:963][  0]SourceControl: Info Source control is disabled
[2018.05.26-08.00.38:356][  0]SourceControl: Info Source control is disabled
[2018.05.26-08.00.38:553][  0]SourceControl: Info Source control is disabled
[2018.05.26-08.00.42:693][  0]LogHMD: Failed to initialize OpenVR with code 110
[2018.05.26-08.00.45:207][  0]LogAutomationTest:Warning: Smoke tests took > 1s to run: 1.42s
[2018.05.26-08.00.45:229][  0]LogEngine: Initializing Engine...
[2018.05.26-08.00.50:164][  0]LogAIModule: Creating AISystem for world NewWorld
[2018.05.26-08.00.50:519][  0]LogInit: XAudio2 using 'Динамики (Устройство с поддержкой High Definition Audio)' : 2 channels at 44.1 kHz using 16 bits per sample (channel mask 0x3)
[2018.05.26-08.00.50:666][  0]LogInit: FAudioDevice initialized.
[2018.05.26-08.00.50:893][  0]LogDerivedDataCache: Saved boot cache 0.23s 66MB C:/Users/1/AppData/Local/UnrealEngine/4.11/DerivedDataCache/Boot.ddc.
[2018.05.26-08.00.50:953][  0]LogInit: Texture streaming: Enabled
[2018.05.26-08.00.51:769][  0]LogInit: Transaction tracking system initialized
[2018.05.26-08.00.53:728][  0]BlueprintLog: New page: Editor Load
[2018.05.26-08.00.56:138][  0]LocalizationService: Info Localization service is disabled
[2018.05.26-08.00.57:928][  0]LogConsoleResponse:Display: 
[2018.05.26-08.01.02:756][  0]LogFileCache: Scanning file cache for directory 'D:/sergey/UnrealProjects/Game_1337/TopDownProject/Content/' took 0.05s
[2018.05.26-08.01.02:756][  0]LogCook:Display: Max memory allowance for cook 8192mb
[2018.05.26-08.01.02:791][  0]LogCook:Display: Mobile HDR setting 1
[2018.05.26-08.01.02:819][  0]LogCook:Display: Done creating registry. It took  0.00s.
[2018.05.26-08.01.06:262][  0]SourceControl: Info Source control is disabled
[2018.05.26-08.01.06:300][  0]Cmd: MAP LOAD FILE="../../../../sergey/UnrealProjects/Game_1337/TopDownProject/Content/TopDownBP/Maps/LowPolyMap.umap" TEMPLATE=0 SHOWPROGRESS=1 FEATURELEVEL=2
[2018.05.26-08.01.06:305][  0]LightingResults: New page: Lighting Build
[2018.05.26-08.01.06:402][  0]MapCheck: New page: Map Check
[2018.05.26-08.01.06:402][  0]LightingResults: New page: Lighting Build
[2018.05.26-08.01.07:675][  0]LogMaterial: Uniform references updated for custom material expression TemporalAA SampleID.
[2018.05.26-08.01.07:675][  0]LogMaterial: Uniform references updated for custom material expression Custom.
[2018.05.26-08.01.08:800][  0]LogMaterial: Missing cached shader map for material Green_12, compiling. 
[2018.05.26-08.01.08:973][  0]LogMaterial: Missing cached shader map for material Brown_8, compiling. 
[2018.05.26-08.01.13:573][  0]LogMaterial: Missing cached shader map for material Low_Poly_Water, compiling. 
[2018.05.26-08.01.14:239][  0]LogAIModule: Creating AISystem for world LowPolyMap
[2018.05.26-08.01.14:909][  0]LogEditorServer: Finished looking for orphan Actors (0.000 secs)
[2018.05.26-08.01.15:248][  0]Cmd: MAP CHECKDEP NOCLEARLOG
[2018.05.26-08.01.15:329][  0]MapCheck: Info Map check complete: 0 Error(s), 0 Warning(s), took 80.046ms to complete.
[2018.05.26-08.01.15:329][  0]LogFileHelpers: Loading map 'LowPolyMap' took 9.029
[2018.05.26-08.01.16:359][  0]LogCollectionManager: Loaded 0 collections in 0.009027 seconds
[2018.05.26-08.01.16:484][  0]LogFileCache: Scanning file cache for directory 'D:/sergey/UnrealProjects/Game_1337/TopDownProject/Saved/Collections/' took 0.01s
[2018.05.26-08.01.16:484][  0]LogFileCache: Scanning file cache for directory 'D:/sergey/UnrealProjects/Game_1337/TopDownProject/Content/Developers/1/Collections/' took 0.00s
[2018.05.26-08.01.16:484][  0]LogFileCache: Scanning file cache for directory 'D:/sergey/UnrealProjects/Game_1337/TopDownProject/Content/Collections/' took 0.00s
[2018.05.26-08.01.16:484][  0]LogCollectionManager: Rebuilt the GUID cache for 0 collections in 0.000004 seconds
[2018.05.26-08.01.16:519][  0]LogContentBrowser: Native class hierarchy populated in 0.0332 seconds. Added 1979 classes and 343 folders.
[2018.05.26-08.01.16:601][  0]LogStats: UGameplayTagsManager::ConstructGameplayTagTree: Construct from data asset -  0.000 s
[2018.05.26-08.01.16:602][  0]LogStats: UGameplayTagsManager::ConstructGameplayTagTree: GameplayTagTreeChangedEvent.Broadcast -  0.000 s
[2018.05.26-08.01.16:603][  0]LogContentBrowser: Native class hierarchy updated for 'GameplayTags' in 0.0011 seconds. Added 12 classes and 0 folders.
[2018.05.26-08.01.16:636][  0]LogContentBrowser: Native class hierarchy updated for 'WidgetCarousel' in 0.0008 seconds. Added 0 classes and 0 folders.
[2018.05.26-08.01.17:028][  0]LogContentBrowser: Native class hierarchy updated for 'SuperSearch' in 0.0008 seconds. Added 1 classes and 2 folders.
[2018.05.26-08.01.18:601][  0]LogContentBrowser: Native class hierarchy updated for 'AddContentDialog' in 0.0007 seconds. Added 0 classes and 0 folders.
[2018.05.26-08.01.18:635][  0]LogContentBrowser: Native class hierarchy updated for 'SceneOutliner' in 0.0007 seconds. Added 1 classes and 2 folders.
[2018.05.26-08.01.19:068][  0]LogCrashTracker: Crashtracker disabled due to settings.
[2018.05.26-08.01.19:101][  0]LogUObjectGlobals:Warning: Failed to find object 'Class None.'
[2018.05.26-08.01.19:300][  0]LogContentBrowser: Native class hierarchy updated for 'HierarchicalLODOutliner' in 0.0008 seconds. Added 1 classes and 2 folders.
[2018.05.26-08.01.19:301][  0]LogLoad: Full Startup: 250.30 seconds (BP compile: 3.46 seconds)
[2018.05.26-08.01.19:301][  0]LogExternalProfiler:Warning: No registered external profiler was matched with a command-line switch (or the DLL could not be loaded).  External profiling features will not be available.
[2018.05.26-08.01.19:652][  0]LogOcInput: OculusInput pre-init called
[2018.05.26-08.01.19:995][  0]LogContentStreaming: Texture pool size now 200 MB
[2018.05.26-08.01.20:703][  0]LogRenderer: Reallocating scene render targets to support 780x392 (Frame:2).
[2018.05.26-08.01.23:291][  4]LogAssetRegistry: Asset discovery search completed in 50.6889 seconds
[2018.05.26-08.01.23:315][  4]LogCollectionManager: Rebuilt the object cache for 0 collections in 0.000001 seconds (found 0 objects)
[2018.05.26-08.01.23:315][  4]LogCollectionManager: Fixed up redirectors for 0 collections in 0.024366 seconds (updated 0 objects)
[2018.05.26-08.08.25:912][261]LogFactory: FactoryCreateBinary: StaticMesh with FbxFactory (0 0 C:\Users\1\Desktop\PineTree3Snowy.fbx)
[2018.05.26-08.08.26:191][261]LogFbx: ItemName: GlobalSettings, ItemCount : 1
[2018.05.26-08.08.26:191][261]LogFbx: ItemName: Geometry, ItemCount : 1
[2018.05.26-08.08.26:191][261]LogFbx: ItemName: Model, ItemCount : 1
[2018.05.26-08.08.26:191][261]LogFbx: ItemName: Material, ItemCount : 1
[2018.05.26-08.08.26:261][261]LogFbx: Loading FBX Scene from C:\Users\1\Desktop\PineTree3Snowy.fbx
[2018.05.26-08.08.26:311][261]LogFbx: FBX Scene Loaded Succesfully
[2018.05.26-08.08.28:730][261]LogFbx: Loading FBX Scene from C:\Users\1\Desktop\PineTree3Snowy.fbx
[2018.05.26-08.08.28:739][261]LogFbx: FBX Scene Loaded Succesfully
[2018.05.26-08.08.28:778][261]LogLinker:Warning: Can't find file '/Game/LowPolyModels/Evergreen'
[2018.05.26-08.08.28:797][261]LogLinker:Warning: Can't find file '/Game/LowPolyModels/Evergreen'
[2018.05.26-08.08.28:873][261]LogMaterial: Missing cached shader map for material Evergreen, compiling. 
[2018.05.26-08.08.28:968][261]LogStaticMesh: Building static mesh PineTree3Snowy...
[2018.05.26-08.08.29:063][261]LogStaticMesh: Built static mesh [0.09s] /Game/LowPolyModels/PineTree3Snowy.PineTree3Snowy
[2018.05.26-08.08.29:101][261]FBXImport:Warning: Warning Warning: No smoothing group information was found in this FBX scene.  Please make sure to enable the 'Export Smoothing Groups' option in the FBX Exporter plug-in before exporting the file.  Even for tools that don't support smoothing groups, the FBX Exporter will generate appropriate smoothing data at export-time so that correct vertex normals can be inferred while importing. 
[2018.05.26-08.08.41:924][753]LogActorFactory: Actor Factory created PineTree3Snowy
[2018.05.26-08.08.42:492][785]LogActorFactory: Actor Factory created PineTree3Snowy
[2018.05.26-08.09.10:260][690]Cmd: DELETE
[2018.05.26-08.09.10:260][690]Cmd: ACTOR DELETE
[2018.05.26-08.09.10:260][690]LogEditorActor: Deleted Actor: StaticMeshActor
[2018.05.26-08.09.10:297][690]LogEditorActor: Deleted 1 Actors (0.037 secs)
[2018.05.26-08.11.19:892][343]LogSavePackage: Save=110.36ms
[2018.05.26-08.11.19:892][343]LogSavePackage: Moving '../../../../sergey/UnrealProjects/Game_1337/TopDownProject/Saved/LowPolyMap_Auto1D9FA83B544FC06269B3A338E758E64FC.tmp' to '../../../../sergey/UnrealProjects/Game_1337/TopDownProject/Saved/Autosaves/Game/TopDownBP/Maps/LowPolyMap_Auto1.umap'
[2018.05.26-08.11.19:937][343]LogSavePackage: Total save time: 180.15ms
[2018.05.26-08.11.19:937][343]LogSavePackage:Display: Finished SavePackage ../../../../sergey/UnrealProjects/Game_1337/TopDownProject/Saved/Autosaves/Game/TopDownBP/Maps/LowPolyMap_Auto1.umap
[2018.05.26-08.11.19:938][343]LogFileHelpers: Editor autosave (incl. sublevels) for '/Game/TopDownBP/Maps/LowPolyMap' took 0.319
[2018.05.26-08.11.19:938][343]LogFileHelpers: Editor autosave (incl. sublevels) for all levels took 0.319
[2018.05.26-08.18.24:553][800]LogPlayLevel: PlayLevel: No blueprints needed recompiling
[2018.05.26-08.18.24:605][800]PIE: New page: PIE session: LowPolyMap (May 27, 2018, 12:18:24 AM)
[2018.05.26-08.18.24:605][800]LogPlayLevel: Creating play world package: /Game/TopDownBP/Maps/UEDPIE_0_LowPolyMap
[2018.05.26-08.18.24:614][800]LogPlayLevel: PIE: StaticDuplicateObject took: (0.008661s)
[2018.05.26-08.18.24:615][800]LogAIModule: Creating AISystem for world LowPolyMap
[2018.05.26-08.18.24:615][800]LogPlayLevel: PIE: World Init took: (0.001038s)
[2018.05.26-08.18.24:615][800]LogPlayLevel: PIE: Created PIE world by copying editor world from /Game/TopDownBP/Maps/LowPolyMap.LowPolyMap to /Game/TopDownBP/Maps/UEDPIE_0_LowPolyMap.LowPolyMap (0.009979s)
[2018.05.26-08.18.24:640][800]LogInit: XAudio2 using 'Динамики (Устройство с поддержкой High Definition Audio)' : 2 channels at 44.1 kHz using 16 bits per sample (channel mask 0x3)
[2018.05.26-08.18.24:649][800]LogInit: FAudioDevice initialized.
[2018.05.26-08.18.24:780][800]LogLinker:Warning: Asset '../../../../sergey/UnrealProjects/Game_1337/TopDownProject/Content/Mannequin/Animations/ThirdPerson_AnimBP.uasset' has been saved with empty engine version. The asset will be loaded but may be incompatible.
[2018.05.26-08.18.24:811][800]LogLinker:Warning: Asset '../../../../sergey/UnrealProjects/Game_1337/TopDownProject/Content/Mannequin/Animations/ThirdPerson_Jump.uasset' has been saved with empty engine version. The asset will be loaded but may be incompatible.
[2018.05.26-08.18.24:826][800]LogLinker:Warning: Asset '../../../../sergey/UnrealProjects/Game_1337/TopDownProject/Content/Mannequin/Animations/ThirdPersonJump_Loop.uasset' has been saved with empty engine version. The asset will be loaded but may be incompatible.
[2018.05.26-08.18.24:828][800]LogLinker:Warning: Asset '../../../../sergey/UnrealProjects/Game_1337/TopDownProject/Content/Mannequin/Animations/ThirdPersonJump_Start.uasset' has been saved with empty engine version. The asset will be loaded but may be incompatible.
[2018.05.26-08.18.24:829][800]LogLinker:Warning: Asset '../../../../sergey/UnrealProjects/Game_1337/TopDownProject/Content/Mannequin/Animations/ThirdPersonIdle.uasset' has been saved with empty engine version. The asset will be loaded but may be incompatible.
[2018.05.26-08.18.24:862][800]LogLinker:Warning: Asset '../../../../sergey/UnrealProjects/Game_1337/TopDownProject/Content/Mannequin/Animations/ThirdPersonRun.uasset' has been saved with empty engine version. The asset will be loaded but may be incompatible.
[2018.05.26-08.18.24:863][800]LogLinker:Warning: Asset '../../../../sergey/UnrealProjects/Game_1337/TopDownProject/Content/Mannequin/Animations/ThirdPersonWalk.uasset' has been saved with empty engine version. The asset will be loaded but may be incompatible.
[2018.05.26-08.18.29:869][800]LogWorld: Game class is 'TopDownGameMode_C'
[2018.05.26-08.18.29:873][800]LogWorld: Bringing World /Game/TopDownBP/Maps/UEDPIE_0_LowPolyMap.LowPolyMap up for play (max tick rate 60) at 2018.05.26-16.18.29
[2018.05.26-08.18.29:874][800]LogWorld: Bringing up level for play took: 0.003991
[2018.05.26-08.18.29:968][800]LogContentBrowser: Native class hierarchy updated for 'MovieSceneCapture' in 0.0006 seconds. Added 9 classes and 0 folders.
[2018.05.26-08.18.30:056][800]PIE: Info Play in editor start time for /Game/TopDownBP/Maps/UEDPIE_0_LowPolyMap 5.091
[2018.05.26-08.18.30:227][801]LogRenderer: Reallocating scene render targets to support 800x600 (Frame:5531).
[2018.05.26-08.19.16:698][136]LogEditorViewport: Clicking on Actor (LMB): BP_Sky_Sphere_C (Sky Sphere)
[2018.05.26-08.19.41:282][931]Cmd: DELETE
[2018.05.26-08.19.41:282][931]Cmd: ACTOR DELETE
[2018.05.26-08.19.41:283][931]LogEditorActor: Deleted Actor: Brush
[2018.05.26-08.19.41:352][931]LogEditorActor: Deleted 1 Actors (0.069 secs)
[2018.05.26-08.19.45:594][ 67]LogActorFactory: Actor Factory created Cube
[2018.05.26-08.19.45:969][ 75]LogActorFactory: Actor Factory created Cube
[2018.05.26-08.20.24:640][253]LogMaterial: Missing cached shader map for material Low_Poly_Water, compiling. 
[2018.05.26-08.20.24:855][253]LogMaterial: Missing cached shader map for material Low_Poly_Water, compiling. 
[2018.05.26-08.20.24:871][253]LogMaterial: 0.00 seconds spent updating 1 materials, 1 interfaces, 0 instances, 0 with static permutations.
[2018.05.26-08.20.24:897][253]LogMaterial: Missing cached shader map for material FMatExpressionPreview MaterialExpressionVectorParameter_1, compiling. 
[2018.05.26-08.20.24:920][253]LogMaterial: Missing cached shader map for material FMatExpressionPreview MaterialExpressionVectorParameter_3, compiling. 
[2018.05.26-08.20.24:925][253]LogMaterial: Missing cached shader map for material FMatExpressionPreview MaterialExpressionDepthFade_0, compiling. 
[2018.05.26-08.20.36:735][487]MaterialEditorStats: Info Base pass shader with static lighting: 155 instructions
[2018.05.26-08.20.36:735][487]MaterialEditorStats: Info Base pass shader with only dynamic lighting: 135 instructions
[2018.05.26-08.20.36:735][487]MaterialEditorStats: Info Base pass shader for self shadowed translucency: 172 instructions
[2018.05.26-08.20.36:735][487]MaterialEditorStats: Info Vertex shader: 66 instructions
[2018.05.26-08.20.36:735][487]MaterialEditorStats: Info Texture samplers: 6/16
[2018.05.26-08.20.40:950][637]Cmd: CLOSE_SLATE_MAINFRAME
[2018.05.26-08.20.44:269][638]Cmd: QUIT_EDITOR
[2018.05.26-08.20.44:430][638]LogExit: Preparing to exit.
[2018.05.26-08.20.45:095][638]LogExit: Editor shut down
[2018.05.26-08.20.45:096][638]LogExit: Transaction tracking system shut down
[2018.05.26-08.20.45:251][638]LogObj: Freed 0b from 0 cluster array pools.
[2018.05.26-08.20.45:251][638]LogExit: Object subsystem successfully closed.
[2018.05.26-08.20.45:275][638]LogD3D11RHI: Shutdown
[2018.05.26-08.20.45:275][638]LogD3D11RHI: CleanupD3DDevice
[2018.05.26-08.20.45:348][638]LogD3D11RHI: ~FD3D11DynamicRHI
[2018.05.26-08.20.45:365][638]LogDerivedDataCache: Shutdown
[2018.05.26-08.20.45:366][638]LogModuleManager: Shutting down and abandoning module MaterialEditor (206)
[2018.05.26-08.20.45:366][638]LogModuleManager: Shutting down and abandoning module MovieSceneCapture (205)
[2018.05.26-08.20.45:366][638]LogModuleManager: Shutting down and abandoning module HierarchicalLODOutliner (204)
[2018.05.26-08.20.45:366][638]LogModuleManager: Shutting down and abandoning module CrashTracker (203)
[2018.05.26-08.20.45:366][638]LogModuleManager: Shutting down and abandoning module SceneOutliner (202)
[2018.05.26-08.20.45:366][638]LogModuleManager: Shutting down and abandoning module SuperSearch (201)
[2018.05.26-08.20.45:366][638]LogModuleManager: Shutting down and abandoning module WidgetCarousel (200)
[2018.05.26-08.20.45:366][638]LogModuleManager: Shutting down and abandoning module AddContentDialog (199)
[2018.05.26-08.20.45:368][638]LogModuleManager: Shutting down and abandoning module GameplayTags (198)
[2018.05.26-08.20.45:368][638]LogModuleManager: Shutting down and abandoning module EditorWidgets (197)
[2018.05.26-08.20.45:368][638]LogModuleManager: Shutting down and abandoning module CollectionManager (196)
[2018.05.26-08.20.45:368][638]LogModuleManager: Shutting down and abandoning module StatsViewer (195)
[2018.05.26-08.20.45:368][638]LogModuleManager: Shutting down and abandoning module FoliageEdit (194)
[2018.05.26-08.20.45:368][638]LogModuleManager: Shutting down and abandoning module LandscapeEditor (193)
[2018.05.26-08.20.45:369][638]LogModuleManager: Shutting down and abandoning module ActorPickerMode (192)
[2018.05.26-08.20.45:369][638]LogModuleManager: Shutting down and abandoning module GeometryMode (191)
[2018.05.26-08.20.45:369][638]LogModuleManager: Shutting down and abandoning module TextureAlignMode (190)
[2018.05.26-08.20.45:369][638]LogModuleManager: Shutting down and abandoning module BspMode (189)
[2018.05.26-08.20.45:369][638]LogModuleManager: Shutting down and abandoning module PlacementMode (188)
[2018.05.26-08.20.45:369][638]LogModuleManager: Shutting down and abandoning module AutomationWorker (187)
[2018.05.26-08.20.45:369][638]LogModuleManager: Shutting down and abandoning module CharacterAI (186)
[2018.05.26-08.20.45:369][638]LogModuleManager: Shutting down and abandoning module SmartSnapping (185)
[2018.05.26-08.20.45:369][638]LogModuleManager: Shutting down and abandoning module ViewportSnapping (184)
[2018.05.26-08.20.45:369][638]LogModuleManager: Shutting down and abandoning module LogVisualizer (183)
[2018.05.26-08.20.45:369][638]LogModuleManager: Shutting down and abandoning module GameProjectGeneration (182)
[2018.05.26-08.20.45:369][638]LogModuleManager: Shutting down and abandoning module IntroTutorials (181)
[2018.05.26-08.20.45:369][638]LogModuleManager: Shutting down and abandoning module EditorLiveStreaming (180)
[2018.05.26-08.20.45:369][638]LogModuleManager: Shutting down and abandoning module IOSPlatformEditor (179)
[2018.05.26-08.20.45:369][638]LogModuleManager: Shutting down and abandoning module HTML5PlatformEditor (178)
[2018.05.26-08.20.45:369][638]LogModuleManager: Shutting down and abandoning module AndroidDeviceDetection (177)
[2018.05.26-08.20.46:118][638]LogModuleManager: Shutting down and abandoning module AndroidPlatformEditor (176)
[2018.05.26-08.20.46:118][638]LogModuleManager: Shutting down and abandoning module IOSRuntimeSettings (175)
[2018.05.26-08.20.46:118][638]LogModuleManager: Shutting down and abandoning module AndroidRuntimeSettings (174)
[2018.05.26-08.20.46:118][638]LogModuleManager: Shutting down and abandoning module MergeActors (173)
[2018.05.26-08.20.46:118][638]LogModuleManager: Shutting down and abandoning module SizeMap (172)
[2018.05.26-08.20.46:118][638]LogModuleManager: Shutting down and abandoning module TreeMap (171)
[2018.05.26-08.20.46:118][638]LogModuleManager: Shutting down and abandoning module ReferenceViewer (170)
[2018.05.26-08.20.46:118][638]LogModuleManager: Shutting down and abandoning module LocalizationService (169)
[2018.05.26-08.20.46:118][638]LogModuleManager: Shutting down and abandoning module LocalizationDashboard (168)
[2018.05.26-08.20.46:118][638]LogModuleManager: Shutting down and abandoning module HardwareTargeting (167)
[2018.05.26-08.20.46:118][638]LogModuleManager: Shutting down and abandoning module DeviceProfileEditor (166)
[2018.05.26-08.20.46:118][638]LogModuleManager: Shutting down and abandoning module UndoHistory (165)
[2018.05.26-08.20.46:118][638]LogModuleManager: Shutting down and abandoning module UserFeedback (164)
[2018.05.26-08.20.46:118][638]LogModuleManager: Shutting down and abandoning module XmlParser (163)
[2018.05.26-08.20.46:118][638]LogModuleManager: Shutting down and abandoning module Blutility (162)
[2018.05.26-08.20.46:119][638]LogModuleManager: Shutting down and abandoning module ProjectTargetPlatformEditor (161)
[2018.05.26-08.20.46:119][638]LogModuleManager: Shutting down and abandoning module ProjectSettingsViewer (160)
[2018.05.26-08.20.46:119][638]LogModuleManager: Shutting down and abandoning module InputBindingEditor (159)
[2018.05.26-08.20.46:119][638]LogModuleManager: Shutting down and abandoning module EditorSettingsViewer (158)
[2018.05.26-08.20.46:119][638]LogModuleManager: Shutting down and abandoning module SettingsEditor (157)
[2018.05.26-08.20.46:119][638]LogModuleManager: Shutting down and abandoning module ProjectLauncher (156)
[2018.05.26-08.20.46:119][638]LogModuleManager: Shutting down and abandoning module SessionFrontend (155)
[2018.05.26-08.20.46:119][638]LogModuleManager: Shutting down and abandoning module ProfilerClient (154)
[2018.05.26-08.20.46:119][638]LogModuleManager: Shutting down and abandoning module TargetDeviceServices (153)
[2018.05.26-08.20.46:119][638]LogModuleManager: Shutting down and abandoning module DeviceManager (152)
[2018.05.26-08.20.46:149][638]LogModuleManager: Shutting down and abandoning module AutomationController (151)
[2018.05.26-08.20.46:149][638]LogModuleManager: Shutting down and abandoning module AutomationWindow (150)
[2018.05.26-08.20.46:149][638]LogModuleManager: Shutting down and abandoning module Layers (149)
[2018.05.26-08.20.46:149][638]LogModuleManager: Shutting down and abandoning module ComponentVisualizers (148)
[2018.05.26-08.20.46:149][638]LogModuleManager: Shutting down and abandoning module DetailCustomizations (147)
[2018.05.26-08.20.46:149][638]LogModuleManager: Shutting down and abandoning module PackagesDialog (146)
[2018.05.26-08.20.46:149][638]LogModuleManager: Shutting down and abandoning module Persona (145)
[2018.05.26-08.20.46:149][638]LogModuleManager: Shutting down and abandoning module Kismet (144)
[2018.05.26-08.20.46:149][638]LogModuleManager: Shutting down and abandoning module GraphEditor (143)
[2018.05.26-08.20.46:149][638]LogModuleManager: Shutting down and abandoning module ClassViewer (142)
[2018.05.26-08.20.46:149][638]LogModuleManager: Shutting down and abandoning module Toolbox (141)
[2018.05.26-08.20.46:149][638]LogModuleManager: Shutting down and abandoning module ModuleUI (140)
[2018.05.26-08.20.46:149][638]LogModuleManager: Shutting down and abandoning module MovieSceneTools (139)
[2018.05.26-08.20.46:149][638]LogModuleManager: Shutting down and abandoning module OutputLog (138)
[2018.05.26-08.20.46:149][638]LogModuleManager: Shutting down and abandoning module GammaUI (137)
[2018.05.26-08.20.46:150][638]LogModuleManager: Shutting down and abandoning module Documentation (136)
[2018.05.26-08.20.46:150][638]LogModuleManager: Shutting down and abandoning module StreamingPauseRendering (135)
[2018.05.26-08.20.46:150][638]LogModuleManager: Shutting down and abandoning module AnalyticsET (134)
[2018.05.26-08.20.46:150][638]LogModuleManager: Shutting down and abandoning module Analytics (133)
[2018.05.26-08.20.46:150][638]LogModuleManager: Shutting down and abandoning module PortalServices (132)
[2018.05.26-08.20.46:150][638]LogModuleManager: Shutting down and abandoning module PortalRpc (131)
[2018.05.26-08.20.46:150][638]LogModuleManager: Shutting down and abandoning module MessagingRpc (130)
[2018.05.26-08.20.46:150][638]LogModuleManager: Shutting down and abandoning module AITestSuite (129)
[2018.05.26-08.20.46:150][638]LogModuleManager: Shutting down and abandoning module GameplayDebugger (128)
[2018.05.26-08.20.46:150][638]LogModuleManager: Shutting down and abandoning module AIModule (127)
[2018.05.26-08.20.46:150][638]LogModuleManager: Shutting down and abandoning module ProfilerService (126)
[2018.05.26-08.20.46:194][638]LogModuleManager: Shutting down and abandoning module TaskGraph (125)
[2018.05.26-08.20.46:194][638]LogModuleManager: Shutting down and abandoning module SlateRemote (124)
[2018.05.26-08.20.46:194][638]LogModuleManager: Shutting down and abandoning module SteamVRController (123)
[2018.05.26-08.20.46:194][638]LogModuleManager: Shutting down and abandoning module SteamVR (122)
[2018.05.26-08.20.46:194][638]LogModuleManager: Shutting down and abandoning module ProceduralMeshComponent (121)
[2018.05.26-08.20.46:194][638]LogModuleManager: Shutting down and abandoning module OculusLibrary (120)
[2018.05.26-08.20.46:194][638]LogModuleManager: Shutting down and abandoning module OculusInput (119)
[2018.05.26-08.20.46:194][638]LogModuleManager: Shutting down and abandoning module CustomMeshComponent (118)
[2018.05.26-08.20.46:194][638]LogModuleManager: Shutting down and abandoning module CableComponent (117)
[2018.05.26-08.20.46:194][638]LogModuleManager: Shutting down and abandoning module ArchVisCharacter (116)
[2018.05.26-08.20.46:194][638]LogModuleManager: Shutting down and abandoning module MediaPlayerEditor (115)
[2018.05.26-08.20.46:194][638]LogModuleManager: Shutting down and abandoning module HTML5Networking (114)
[2018.05.26-08.20.46:194][638]LogModuleManager: Shutting down and abandoning module SpeedTreeImporter (113)
[2018.05.26-08.20.46:194][638]LogModuleManager: Shutting down and abandoning module PluginBrowser (112)
[2018.05.26-08.20.46:194][638]LogModuleManager: Shutting down and abandoning module EpicSurvey (111)
[2018.05.26-08.20.46:194][638]LogModuleManager: Shutting down and abandoning module DesktopPlatform (110)
[2018.05.26-08.20.46:194][638]LogModuleManager: Shutting down and abandoning module VisualStudioSourceCodeAccess (109)
[2018.05.26-08.20.46:194][638]LogModuleManager: Shutting down and abandoning module UObjectPlugin (108)
[2018.05.26-08.20.46:194][638]LogModuleManager: Shutting down and abandoning module SubversionSourceControl (107)
[2018.05.26-08.20.46:194][638]LogModuleManager: Shutting down and abandoning module PerforceSourceControl (106)
[2018.05.26-08.20.46:194][638]LogModuleManager: Shutting down and abandoning module SourceControl (105)
[2018.05.26-08.20.46:194][638]LogModuleManager: Shutting down and abandoning module GitSourceControl (104)
[2018.05.26-08.20.46:194][638]LogModuleManager: Shutting down and abandoning module LightPropagationVolumeEditor (103)
[2018.05.26-08.20.46:194][638]LogModuleManager: Shutting down and abandoning module PaperTiledImporter (102)
[2018.05.26-08.20.46:194][638]LogModuleManager: Shutting down and abandoning module PaperSpriteSheetImporter (101)
[2018.05.26-08.20.46:194][638]LogModuleManager: Shutting down and abandoning module MeshPaint (100)
[2018.05.26-08.20.46:194][638]LogModuleManager: Shutting down and abandoning module HotReload (99)
[2018.05.26-08.20.46:195][638]LogModuleManager: Shutting down and abandoning module MainFrame (98)
[2018.05.26-08.20.46:195][638]LogModuleManager: Shutting down and abandoning module LevelEditor (97)
[2018.05.26-08.20.46:197][638]LogModuleManager: Shutting down and abandoning module DirectoryWatcher (96)
[2018.05.26-08.20.46:197][638]LogModuleManager: Shutting down and abandoning module AssetRegistry (95)
[2018.05.26-08.20.46:453][638]LogModuleManager: Shutting down and abandoning module ContentBrowser (94)
[2018.05.26-08.20.46:454][638]LogModuleManager: Shutting down and abandoning module Paper2DEditor (93)
[2018.05.26-08.20.46:454][638]LogModuleManager: Shutting down and abandoning module UdpMessaging (92)
[2018.05.26-08.20.46:554][638]LogModuleManager: Shutting down and abandoning module LightPropagationVolumeRuntime (91)
[2018.05.26-08.20.46:554][638]LogModuleManager: Shutting down and abandoning module Paper2D (90)
[2018.05.26-08.20.46:554][638]LogModuleManager: Shutting down and abandoning module WindowsMoviePlayer (89)
[2018.05.26-08.20.46:554][638]LogModuleManager: Shutting down and abandoning module Media (88)
[2018.05.26-08.20.46:554][638]LogModuleManager: Shutting down and abandoning module WmfMedia (87)
[2018.05.26-08.20.46:554][638]LogModuleManager: Shutting down and abandoning module MediaAssets (86)
[2018.05.26-08.20.46:554][638]LogModuleManager: Shutting down and abandoning module GameLiveStreaming (85)
[2018.05.26-08.20.46:555][638]LogModuleManager: Shutting down and abandoning module GameplayTagsEditor (84)
[2018.05.26-08.20.46:555][638]LogModuleManager: Shutting down and abandoning module OnlineBlueprintSupport (83)
[2018.05.26-08.20.46:555][638]LogModuleManager: Shutting down and abandoning module GameplayTasksEditor (82)
[2018.05.26-08.20.46:555][638]LogModuleManager: Shutting down and abandoning module PropertyEditor (81)
[2018.05.26-08.20.46:555][638]LogModuleManager: Shutting down and abandoning module BehaviorTreeEditor (80)
[2018.05.26-08.20.46:555][638]LogModuleManager: Shutting down and abandoning module FunctionalTesting (79)
[2018.05.26-08.20.46:555][638]LogModuleManager: Shutting down and abandoning module CollisionAnalyzer (78)
[2018.05.26-08.20.46:555][638]LogModuleManager: Shutting down and abandoning module WorkspaceMenuStructure (77)
[2018.05.26-08.20.46:555][638]LogModuleManager: Shutting down and abandoning module MessageLog (76)
[2018.05.26-08.20.46:555][638]LogModuleManager: Shutting down and abandoning module Sequencer (75)
[2018.05.26-08.20.46:555][638]LogModuleManager: Shutting down and abandoning module AssetTools (74)
[2018.05.26-08.20.46:555][638]LogModuleManager: Shutting down and abandoning module UMGEditor (73)
[2018.05.26-08.20.46:555][638]LogModuleManager: Shutting down and abandoning module UMG (72)
[2018.05.26-08.20.46:555][638]LogModuleManager: Shutting down and abandoning module SlateReflector (71)
[2018.05.26-08.20.46:555][638]LogModuleManager: Shutting down and abandoning module Slate (70)
[2018.05.26-08.20.46:555][638]LogModuleManager: Shutting down and abandoning module EditorStyle (69)
[2018.05.26-08.20.46:557][638]LogModuleManager: Shutting down and abandoning module SessionServices (68)
[2018.05.26-08.20.46:557][638]LogModuleManager: Shutting down and abandoning module SourceCodeAccess (67)
[2018.05.26-08.20.46:557][638]LogModuleManager: Shutting down and abandoning module HeadMountedDisplay (66)
[2018.05.26-08.20.46:557][638]LogModuleManager: Shutting down and abandoning module XAudio2 (65)
[2018.05.26-08.20.46:557][638]LogModuleManager: Shutting down and abandoning module Networking (63)
[2018.05.26-08.20.46:557][638]LogModuleManager: Shutting down and abandoning module Core (62)
[2018.05.26-08.20.46:557][638]LogModuleManager: Shutting down and abandoning module KismetCompiler (61)
[2018.05.26-08.20.46:557][638]LogModuleManager: Shutting down and abandoning module PhysXFormats (60)
[2018.05.26-08.20.46:557][638]LogModuleManager: Shutting down and abandoning module MeshUtilities (59)
[2018.05.26-08.20.46:557][638]LogModuleManager: Shutting down and abandoning module CookingStats (58)
[2018.05.26-08.20.46:557][638]LogModuleManager: Shutting down and abandoning module DerivedDataCache (57)
[2018.05.26-08.20.46:557][638]LogDerivedDataCache: Shutdown
[2018.05.26-08.20.46:557][638]LogModuleManager: Shutting down and abandoning module ShaderFormatOpenGL (56)
[2018.05.26-08.20.46:557][638]LogModuleManager: Shutting down and abandoning module ShaderFormatD3D (55)
[2018.05.26-08.20.46:557][638]LogModuleManager: Shutting down and abandoning module MetalShaderFormat (54)
[2018.05.26-08.20.46:557][638]LogModuleManager: Shutting down and abandoning module TextureFormatUncompressed (53)
[2018.05.26-08.20.46:557][638]LogModuleManager: Shutting down and abandoning module TextureFormatPVR (52)
[2018.05.26-08.20.46:557][638]LogModuleManager: Shutting down and abandoning module TextureFormatIntelISPCTexComp (51)
[2018.05.26-08.20.46:558][638]LogModuleManager: Shutting down and abandoning module TextureFormatDXT (50)
[2018.05.26-08.20.46:558][638]LogModuleManager: Shutting down and abandoning module ImageWrapper (49)
[2018.05.26-08.20.46:558][638]LogModuleManager: Shutting down and abandoning module TextureFormatASTC (48)
[2018.05.26-08.20.46:558][638]LogModuleManager: Shutting down and abandoning module TextureFormatAndroid (47)
[2018.05.26-08.20.46:558][638]LogModuleManager: Shutting down and abandoning module AudioFormatOpus (46)
[2018.05.26-08.20.46:558][638]LogModuleManager: Shutting down and abandoning module AudioFormatOgg (45)
[2018.05.26-08.20.46:558][638]LogModuleManager: Shutting down and abandoning module AudioFormatADPCM (44)
[2018.05.26-08.20.46:558][638]LogModuleManager: Shutting down and abandoning module LinuxTargetPlatform (43)
[2018.05.26-08.20.46:558][638]LogModuleManager: Shutting down and abandoning module LinuxServerTargetPlatform (42)
[2018.05.26-08.20.46:558][638]LogModuleManager: Shutting down and abandoning module LinuxNoEditorTargetPlatform (41)
[2018.05.26-08.20.46:558][638]LogModuleManager: Shutting down and abandoning module TVOSTargetPlatform (40)
[2018.05.26-08.20.46:558][638]LogModuleManager: Shutting down and abandoning module Messaging (39)
[2018.05.26-08.20.46:558][638]LogModuleManager: Shutting down and abandoning module IOSTargetPlatform (38)
[2018.05.26-08.20.46:558][638]LogModuleManager: Shutting down and abandoning module HTML5TargetPlatform (37)
[2018.05.26-08.20.46:558][638]LogModuleManager: Shutting down and abandoning module Android_PVRTCTargetPlatform (36)
[2018.05.26-08.20.46:558][638]LogModuleManager: Shutting down and abandoning module Android_MultiTargetPlatform (35)
[2018.05.26-08.20.46:558][638]LogModuleManager: Shutting down and abandoning module Android_ETC2TargetPlatform (34)
[2018.05.26-08.20.46:558][638]LogModuleManager: Shutting down and abandoning module Android_ETC1TargetPlatform (33)
[2018.05.26-08.20.46:558][638]LogModuleManager: Shutting down and abandoning module Android_DXTTargetPlatform (32)
[2018.05.26-08.20.46:558][638]LogModuleManager: Shutting down and abandoning module Android_ATCTargetPlatform (31)
[2018.05.26-08.20.46:558][638]LogModuleManager: Shutting down and abandoning module Android_ASTCTargetPlatform (30)
[2018.05.26-08.20.46:558][638]LogModuleManager: Shutting down and abandoning module AndroidTargetPlatform (29)
[2018.05.26-08.20.46:558][638]LogModuleManager: Shutting down and abandoning module WindowsTargetPlatform (28)
[2018.05.26-08.20.46:558][638]LogModuleManager: Shutting down and abandoning module WindowsServerTargetPlatform (27)
[2018.05.26-08.20.46:558][638]LogModuleManager: Shutting down and abandoning module WindowsNoEditorTargetPlatform (26)
[2018.05.26-08.20.46:558][638]LogModuleManager: Shutting down and abandoning module WindowsClientTargetPlatform (25)
[2018.05.26-08.20.46:558][638]LogModuleManager: Shutting down and abandoning module AllDesktopTargetPlatform (24)
[2018.05.26-08.20.46:558][638]LogModuleManager: Shutting down and abandoning module TargetPlatform (23)
[2018.05.26-08.20.46:558][638]LogModuleManager: Shutting down and abandoning module InputCore (22)
[2018.05.26-08.20.46:558][638]LogModuleManager: Shutting down and abandoning module Settings (21)
[2018.05.26-08.20.46:558][638]LogModuleManager: Shutting down and abandoning module OnlineSubsystem (19)
[2018.05.26-08.20.46:558][638]LogModuleManager: Shutting down and abandoning module HTTP (18)
[2018.05.26-08.20.59:560][638]LogModuleManager: Shutting down and abandoning module XMPP (17)
[2018.05.26-08.20.59:560][638]LogModuleManager: Shutting down and abandoning module OculusRift (16)
[2018.05.26-08.20.59:560][638]LogModuleManager: Shutting down and abandoning module ExampleDeviceProfileSelector (15)
[2018.05.26-08.20.59:560][638]LogModuleManager: Shutting down and abandoning module TextureCompressor (14)
[2018.05.26-08.20.59:560][638]LogModuleManager: Shutting down and abandoning module ShaderCore (13)
[2018.05.26-08.20.59:560][638]LogModuleManager: Shutting down and abandoning module Landscape (12)
[2018.05.26-08.20.59:560][638]LogModuleManager: Shutting down and abandoning module SlateRHIRenderer (11)
[2018.05.26-08.20.59:563][638]LogModuleManager: Shutting down and abandoning module OpenGLDrv (10)
[2018.05.26-08.20.59:563][638]LogModuleManager: Shutting down and abandoning module D3D11RHI (9)
[2018.05.26-08.20.59:563][638]LogModuleManager: Shutting down and abandoning module AnimGraphRuntime (8)
[2018.05.26-08.20.59:563][638]LogModuleManager: Shutting down and abandoning module Renderer (7)
[2018.05.26-08.20.59:563][638]LogModuleManager: Shutting down and abandoning module Engine (6)
[2018.05.26-08.20.59:563][638]LogModuleManager: Shutting down and abandoning module CoreUObject (5)
[2018.05.26-08.20.59:563][638]LogModuleManager: Shutting down and abandoning module NetworkFile (4)
[2018.05.26-08.20.59:563][638]LogModuleManager: Shutting down and abandoning module StreamingFile (3)
[2018.05.26-08.20.59:563][638]LogModuleManager: Shutting down and abandoning module SandboxFile (2)
[2018.05.26-08.20.59:563][638]LogModuleManager: Shutting down and abandoning module PakFile (1)
[2018.05.26-08.20.59:564][638]LogExit: Exiting.
[2018.05.26-08.20.59:566][638]Log file closed, 05/26/18 16:20:59
