Log file open, 05/31/18 11:34:38
LogInit:Display: Running engine for game: TopDownProject
LogPlatformFile: Not using cached read wrapper
LogInit:Display: RandInit(-1960983833) SRandInit(-1960983832).
LogTaskGraph: Started task graph with 4 named threads and 5 total threads.
LogStats: Stats thread started at 0.840805
LogInit: Version: 4.11.2-2946394+++UE4+Release-4.11
LogInit: API Version: 2927265
LogInit: Compiled (64-bit): Apr 18 2016 02:18:46
LogInit: Compiled with Visual C++: 19.00.23026.00
LogInit: Build Configuration: Development
LogInit: Branch Name: ++UE4+Release-4.11
LogInit: Command line:  
LogInit: Base directory: D:/UE_4.11/Engine/Binaries/Win64/
LogInit: Installed Engine Build: 1
LogInit: Using libcurl 7.41.0
LogInit:  - built for x86_64-pc-win32
LogInit:  - supports SSL with WinSSL
LogInit:  - other features:
LogInit:      CURL_VERSION_SSL
LogInit:      CURL_VERSION_IPV6
LogInit:      CURL_VERSION_ASYNCHDNS
LogInit:      CURL_VERSION_LARGEFILE
LogInit:      CURL_VERSION_IDN
LogInit:  CurlRequestOptions (configurable via config and command line):
LogInit:  - bVerifyPeer = true  - Libcurl will verify peer certificate
LogInit:  - bUseHttpProxy = false  - Libcurl will NOT use HTTP proxy
LogInit:  - bDontReuseConnections = false  - Libcurl will reuse connections
LogInit:  - CertBundlePath = nullptr  - Libcurl will use whatever was configured at build time.
LogInit: Presizing for max 16777216 objects, including 0 objects not considered by GC, pre-allocating 0 bytes for permanent pool.
LogInit: Object subsystem initialized
[2018.05.31-03.34.45:631][  0]LogInit: Selected Device Profile: [Windows]
[2018.05.31-03.34.45:639][  0]LogInit: Applying CVar settings loaded from the selected device profile: [Windows]
[2018.05.31-03.34.46:399][  0]LogInit: Computer: 1-ПК
[2018.05.31-03.34.46:399][  0]LogInit: User: 1
[2018.05.31-03.34.46:399][  0]LogInit: CPU Page size=65536, Cores=2
[2018.05.31-03.34.46:399][  0]LogInit: High frequency timer resolution =2.338515 MHz
[2018.05.31-03.34.46:533][  0]LogMemory: Memory total: Physical=3.9GB (4GB approx)
[2018.05.31-03.34.46:533][  0]LogMemory: Platform Memory Stats for Windows
[2018.05.31-03.34.46:533][  0]LogMemory: Process Physical Memory: 314.59 MB used, 314.59 MB peak
[2018.05.31-03.34.46:533][  0]LogMemory: Process Virtual Memory: 318.94 MB used, 318.94 MB peak
[2018.05.31-03.34.46:533][  0]LogMemory: Physical Memory: 2612.61 MB used, 4010.14 MB total
[2018.05.31-03.34.46:533][  0]LogMemory: Virtual Memory: 624.87 MB used, 8388608.00 MB total
[2018.05.31-03.34.58:065][  0]LogTextLocalizationManager: No translations for ('ru-RU') exist, falling back to 'en' for localization and internationalization data.
[2018.05.31-03.35.10:746][  0]LogD3D11RHI: D3D11 adapters:
[2018.05.31-03.35.11:418][  0]LogD3D11RHI:    0. 'NVIDIA GeForce 410M' (Feature Level 11_0)
[2018.05.31-03.35.11:418][  0]LogD3D11RHI:       979MB of dedicated video memory, 0MB of dedicated system memory, and 1749MB of shared system memory, 1 output[s]
[2018.05.31-03.35.11:474][  0]LogD3D11RHI:    1. 'NVIDIA GeForce 410M' (Feature Level 11_0)
[2018.05.31-03.35.11:474][  0]LogD3D11RHI:       979MB of dedicated video memory, 0MB of dedicated system memory, and 1749MB of shared system memory, 0 output[s]
[2018.05.31-03.35.11:474][  0]LogD3D11RHI: Chosen D3D11 Adapter: 0
[2018.05.31-03.35.12:027][  0]LogD3D11RHI: Creating new Direct3DDevice
[2018.05.31-03.35.12:128][  0]LogD3D11RHI:     Adapter Name: Intel(R) HD Graphics 3000
[2018.05.31-03.35.12:128][  0]LogD3D11RHI:   Driver Version: Unknown (internal Unknown)
[2018.05.31-03.35.12:128][  0]LogD3D11RHI:      Driver Date: Unknown
[2018.05.31-03.35.12:196][  0]LogRHI: Texture pool is 1297 MB (70% of 1854 MB)
[2018.05.31-03.35.12:227][  0]LogD3D11RHI: Async texture creation enabled
[2018.05.31-03.35.16:025][  0]LogShaderCompilers: Guid format shader working directory is -29 characters bigger than the processId version (../../../../sergey/UnrealProjects/Game_1337/TopDownProjectNewRepository/Intermediate/Shaders/WorkingDirectory/2472/).
[2018.05.31-03.35.16:025][  0]LogShaderCompilers: Cleaned the shader compiler working directory 'C:/Users/1/AppData/Local/Temp/UnrealShaderWorkingDir/B84FE71A46FC91098FB9A59F03CD597E/'.
[2018.05.31-03.35.16:180][  0]LogShaderCompilers:Display: Using Local Shader Compiler.
[2018.05.31-03.36.39:677][  0]LogTemp:Display: Loaded TP AllDesktopTargetPlatform
[2018.05.31-03.36.39:785][  0]LogTemp:Display: Loaded TP WindowsClientTargetPlatform
[2018.05.31-03.36.39:977][  0]LogTemp:Display: Loaded TP WindowsNoEditorTargetPlatform
[2018.05.31-03.36.40:114][  0]LogTemp:Display: Loaded TP WindowsServerTargetPlatform
[2018.05.31-03.36.40:303][  0]LogTemp:Display: Loaded TP WindowsTargetPlatform
[2018.05.31-03.36.40:478][  0]LogTemp:Display: Loaded TP AndroidTargetPlatform
[2018.05.31-03.36.40:599][  0]LogTemp:Display: Loaded TP Android_ASTCTargetPlatform
[2018.05.31-03.36.40:864][  0]LogTemp:Display: Loaded TP Android_ATCTargetPlatform
[2018.05.31-03.36.41:135][  0]LogTemp:Display: Loaded TP Android_DXTTargetPlatform
[2018.05.31-03.36.41:219][  0]LogTemp:Display: Loaded TP Android_ETC1TargetPlatform
[2018.05.31-03.36.41:336][  0]LogTemp:Display: Loaded TP Android_ETC2TargetPlatform
[2018.05.31-03.36.41:504][  0]LogTemp:Display: Loaded TP Android_MultiTargetPlatform
[2018.05.31-03.36.41:504][  0]LogTemp:Display: Loaded TP Android_PVRTCTargetPlatform
[2018.05.31-03.36.41:605][  0]LogTemp:Display: Loaded TP HTML5TargetPlatform
[2018.05.31-03.36.42:350][  0]LogTemp:Display: Loaded TP IOSTargetPlatform
[2018.05.31-03.36.42:354][  0]LogTemp:Display: Loaded TP TVOSTargetPlatform
[2018.05.31-03.36.42:437][  0]LogTemp:Display: Loaded TP LinuxNoEditorTargetPlatform
[2018.05.31-03.36.42:525][  0]LogTemp:Display: Loaded TP LinuxServerTargetPlatform
[2018.05.31-03.36.42:709][  0]LogTemp:Display: Loaded TP LinuxTargetPlatform
[2018.05.31-03.36.42:709][  0]LogTargetPlatformManager:Display: Building Assets For Windows
[2018.05.31-03.36.50:598][  0]LogDerivedDataCache:Display: Max Cache Size: 512 MB
[2018.05.31-03.36.59:767][  0]LogDerivedDataCache: Loaded boot cache 9.14s 46MB C:/Users/1/AppData/Local/UnrealEngine/4.11/DerivedDataCache/Boot.ddc.
[2018.05.31-03.36.59:767][  0]LogDerivedDataCache:Display: Loaded Boot cache: C:/Users/1/AppData/Local/UnrealEngine/4.11/DerivedDataCache/Boot.ddc
[2018.05.31-03.36.59:767][  0]LogDerivedDataCache: FDerivedDataBackendGraph:  Pak pak cache file ../../../../sergey/UnrealProjects/Game_1337/TopDownProjectNewRepository/DerivedDataCache/DDC.ddp not found, will not use a pak cache.
[2018.05.31-03.36.59:767][  0]LogDerivedDataCache: Unable to find inner node Pak for hierarchical cache Hierarchy.
[2018.05.31-03.36.59:767][  0]LogDerivedDataCache: FDerivedDataBackendGraph:  CompressedPak pak cache file ../../../../sergey/UnrealProjects/Game_1337/TopDownProjectNewRepository/DerivedDataCache/Compressed.ddp not found, will not use a pak cache.
[2018.05.31-03.36.59:767][  0]LogDerivedDataCache: Unable to find inner node CompressedPak for hierarchical cache Hierarchy.
[2018.05.31-03.37.00:335][  0]LogDerivedDataCache:Display: Pak cache opened for reading ../../../Engine/DerivedDataCache/Compressed.ddp.
[2018.05.31-03.37.00:530][  0]LogDerivedDataCache: Using Local data cache path C:/Users/1/AppData/Local/UnrealEngine/Common/DerivedDataCache: Writable
[2018.05.31-03.37.48:866][  0]LogInit: Selected Device Profile: [Windows]
[2018.05.31-03.37.49:519][  0]LogContentStreaming: Texture pool size is 0.00 MB
[2018.05.31-03.37.55:301][  0]LogMaterial: Uniform references updated for custom material expression Custom.
[2018.05.31-03.38.04:419][  0]LogMeshUtilities: No automatic mesh reduction module available
[2018.05.31-03.38.04:419][  0]LogMeshUtilities: No automatic mesh merging module available
[2018.05.31-03.38.04:419][  0]LogMeshUtilities: No distributed automatic mesh merging module available
[2018.05.31-03.38.36:193][  0]LogUObjectArray: 27679 objects as part of root set at end of initial load.
[2018.05.31-03.38.36:193][  0]LogUObjectAllocator: 5591592 out of 0 byte