Log file open, 06/09/18 16:04:14
LogInit:Display: Running engine for game: TopDownProject
LogPlatformFile: Not using cached read wrapper
LogInit:Display: RandInit(-1787461293) SRandInit(-1787461291).
LogTaskGraph: Started task graph with 4 named threads and 5 total threads.
LogStats: Stats thread started at 4.429186
LogInit: Version: 4.11.2-2946394+++UE4+Release-4.11
LogInit: API Version: 2927265
LogInit: Compiled (64-bit): Apr 18 2016 02:18:46
LogInit: Compiled with Visual C++: 19.00.23026.00
LogInit: Build Configuration: Development
LogInit: Branch Name: ++UE4+Release-4.11
LogInit: Command line:  
LogInit: Base directory: D:/UE_4.11/Engine/Binaries/Win64/
LogInit: Installed Engine Build: 1
LogInit: Using libcurl 7.41.0
LogInit:  - built for x86_64-pc-win32
LogInit:  - supports SSL with WinSSL
LogInit:  - other features:
LogInit:      CURL_VERSION_SSL
LogInit:      CURL_VERSION_IPV6
LogInit:      CURL_VERSION_ASYNCHDNS
LogInit:      CURL_VERSION_LARGEFILE
LogInit:      CURL_VERSION_IDN
LogInit:  CurlRequestOptions (configurable via config and command line):
LogInit:  - bVerifyPeer = true  - Libcurl will verify peer certificate
LogInit:  - bUseHttpProxy = false  - Libcurl will NOT use HTTP proxy
LogInit:  - bDontReuseConnections = false  - Libcurl will reuse connections
LogInit:  - CertBundlePath = nullptr  - Libcurl will use whatever was configured at build time.
LogInit: Presizing for max 16777216 objects, including 0 objects not considered by GC, pre-allocating 0 bytes for permanent pool.
LogInit: Object subsystem initialized
[2018.06.09-08.04.17:636][  0]LogInit: Selected Device Profile: [Windows]
[2018.06.09-08.04.17:636][  0]LogInit: Applying CVar settings loaded from the selected device profile: [Windows]
[2018.06.09-08.04.17:918][  0]LogInit: Computer: 1-ПК
[2018.06.09-08.04.17:918][  0]LogInit: User: 1
[2018.06.09-08.04.17:918][  0]LogInit: CPU Page size=65536, Cores=2
[2018.06.09-08.04.17:918][  0]LogInit: High frequency timer resolution =2.338496 MHz
[2018.06.09-08.04.17:947][  0]LogMemory: Memory total: Physical=3.9GB (4GB approx)
[2018.06.09-08.04.17:947][  0]LogMemory: Platform Memory Stats for Windows
[2018.06.09-08.04.17:947][  0]LogMemory: Process Physical Memory: 314.21 MB used, 314.21 MB peak
[2018.06.09-08.04.17:947][  0]LogMemory: Process Virtual Memory: 318.56 MB used, 318.56 MB peak
[2018.06.09-08.04.17:947][  0]LogMemory: Physical Memory: 1786.57 MB used, 4010.14 MB total
[2018.06.09-08.04.17:947][  0]LogMemory: Virtual Memory: 625.31 MB used, 8388608.00 MB total
[2018.06.09-08.04.21:341][  0]LogTextLocalizationManager: No translations for ('ru-RU') exist, falling back to 'en' for localization and internationalization data.
[2018.06.09-08.04.26:041][  0]LogD3D11RHI: D3D11 adapters:
[2018.06.09-08.04.26:524][  0]LogD3D11RHI:    0. 'Intel(R) HD Graphics 3000' (Feature Level 10_0)
[2018.06.09-08.04.26:524][  0]LogD3D11RHI:       64MB of dedicated video memory, 0MB of dedicated system memory, and 1632MB of shared system memory, 1 output[s]
[2018.06.09-08.04.28:086][  0]LogD3D11RHI:    1. 'NVIDIA GeForce 410M' (Feature Level 11_0)
[2018.06.09-08.04.28:086][  0]LogD3D11RHI:       979MB of dedicated video memory, 0MB of dedicated system memory, and 1749MB of shared system memory, 0 output[s]
[2018.06.09-08.04.28:086][  0]LogD3D11RHI: Chosen D3D11 Adapter: 0
[2018.06.09-08.04.28:154][  0]LogD3D11RHI: Creating new Direct3DDevice
[2018.06.09-08.04.28:154][  0]LogD3D11RHI:     Adapter Name: Intel(R) HD Graphics 3000
[2018.06.09-08.04.28:154][  0]LogD3D11RHI:   Driver Version: Unknown (internal Unknown)
[2018.06.09-08.04.28:155][  0]LogD3D11RHI:      Driver Date: Unknown
[2018.06.09-08.04.28:155][  0]LogRHI: Texture pool is 616 MB (70% of 880 MB)
[2018.06.09-08.04.28:158][  0]LogD3D11RHI: Async texture creation enabled
[2018.06.09-08.04.29:229][  0]LogShaderCompilers: Guid format shader working directory is -29 characters bigger than the processId version (../../../../sergey/UnrealProjects/Game_1337/TopDownProjectNewRepository/Intermediate/Shaders/WorkingDirectory/4064/).
[2018.06.09-08.04.29:229][  0]LogShaderCompilers: Cleaned the shader compiler working directory 'C:/Users/1/AppData/Local/Temp/UnrealShaderWorkingDir/7B09C8CA4D7A7815B9DD4EBD741EDF29/'.
[2018.06.09-08.04.29:271][  0]LogShaderCompilers:Display: Using Local Shader Compiler.
[2018.06.09-08.04.43:785][  0]LogTemp:Display: Loaded TP AllDesktopTargetPlatform
[2018.06.09-08.04.43:935][  0]LogTemp:Display: Loaded TP WindowsClientTargetPlatform
[2018.06.09-08.04.44:049][  0]LogTemp:Display: Loaded TP WindowsNoEditorTargetPlatform
[2018.06.09-08.04.44:178][  0]LogTemp:Display: Loaded TP WindowsServerTargetPlatform
[2018.06.09-08.04.44:332][  0]LogTemp:Display: Loaded TP WindowsTargetPlatform
[2018.06.09-08.04.44:773][  0]LogTemp:Display: Loaded TP AndroidTargetPlatform
[2018.06.09-08.04.44:959][  0]LogTemp:Display: Loaded TP Android_ASTCTargetPlatform
[2018.06.09-08.04.45:136][  0]LogTemp:Display: Loaded TP Android_ATCTargetPlatform
[2018.06.09-08.04.45:297][  0]LogTemp:Display: Loaded TP Android_DXTTargetPlatform
[2018.06.09-08.04.45:476][  0]LogTemp:Display: Loaded TP Android_ETC1TargetPlatform
[2018.06.09-08.04.45:688][  0]LogTemp:Display: Loaded TP Android_ETC2TargetPlatform
[2018.06.09-08.04.46:101][  0]LogTemp:Display: Loaded TP Android_MultiTargetPlatform
[2018.06.09-08.04.46:101][  0]LogTemp:Display: Loaded TP Android_PVRTCTargetPlatform
[2018.06.09-08.04.46:234][  0]LogTemp:Display: Loaded TP HTML5TargetPlatform
[2018.06.09-08.04.46:811][  0]LogTemp:Display: Loaded TP IOSTargetPlatform
[2018.06.09-08.04.46:815][  0]LogTemp:Display: Loaded TP TVOSTargetPlatform
[2018.06.09-08.04.47:033][  0]LogTemp:Display: Loaded TP LinuxNoEditorTargetPlatform
[2018.06.09-08.04.47:231][  0]LogTemp:Display: Loaded TP LinuxServerTargetPlatform
[2018.06.09-08.04.48:271][  0]LogTemp:Display: Loaded TP LinuxTargetPlatform
[2018.06.09-08.04.48:271][  0]LogTargetPlatformManager:Display: Building Assets For Windows
[2018.06.09-08.04.52:379][  0]LogDerivedDataCache:Display: Max Cache Size: 512 MB
[2018.06.09-08.04.55:658][  0]LogDerivedDataCache: Loaded boot cache 3.25s 46MB C:/Users/1/AppData/Local/UnrealEngine/4.11/DerivedDataCache/Boot.ddc.
[2018.06.09-08.04.55:658][  0]LogDerivedDataCache:Display: Loaded Boot cache: C:/Users/1/AppData/Local/UnrealEngine/4.11/DerivedDataCache/Boot.ddc
[2018.06.09-08.04.55:658][  0]LogDerivedDataCache: FDerivedDataBackendGraph:  Pak pak cache file ../../../../sergey/UnrealProjects/Game_1337/TopDownProjectNewRepository/DerivedDataCache/DDC.ddp not found, will not use a pak cache.
[2018.06.09-08.04.55:658][  0]LogDerivedDataCache: Unable to find inner node Pak for hierarchical cache Hierarchy.
[2018.06.09-08.04.55:658][  0]LogDerivedDataCache: FDerivedDataBackendGraph:  CompressedPak pak cache file ../../../../sergey/UnrealProjects/Game_1337/TopDownProjectNewRepository/DerivedDataCache/Compressed.ddp not found, will not use a pak cache.
[2018.06.09-08.04.55:658][  0]LogDerivedDataCache: Unable to find inner node CompressedPak for hierarchical cache Hierarchy.
[2018.06.09-08.04.55:981][  0]LogDerivedDataCache:Display: Pak cache opened for reading ../../../Engine/DerivedDataCache/Compressed.ddp.
[2018.06.09-08.04.56:114][  0]LogDerivedDataCache: Using Local data cache path C:/Users/1/AppData/Local/UnrealEngine/Common/DerivedDataCache: Writable
[2018.06.09-08.06.10:642][  0]LogInit: Selected Device Profile: [Windows]
[2018.06.09-08.06.10:790][  0]LogContentStreaming: Texture pool size is 0.00 MB
[2018.06.09-08.06.12:215][  0]LogMaterial: Uniform references updated for custom material expression Custom.
[2018.06.09-08.06.16:968][  0]LogMeshUtilities: No automatic mesh reduction module available
[2018.06.09-08.06.16:968][  0]LogMeshUtilities: No automatic mesh merging module available
[2018.06.09-08.06.16:968][  0]LogMeshUtilities: No distributed automatic mesh merging module available
[2018.06.09-08.06.29:555][  0]LogUObjectArray: 27679 objects as part of root set at end of initial load.
[2018.06.09-08.06.29:555][  0]LogUObjectAllocator: 5591592 out of 0 bytes used by permanent object pool.
[2018.06.09-08.06.29:556][  0]LogUObjectArray: CloseDisregardForGC: 0/0 objects in disregard for GC pool
[2018.06.09-08.06.29:680][  0]LogInit: WinSock: version 1.1 (2.2), MaxSocks=32767, MaxUdp=65467
[2018.06.09-08.06.36:019][  0]LogSlate: SlateFontCache - WITH_FREETYPE: 1, WITH_HARFBUZZ: 1
[2018.06.09-08.06.36:019][  0]LogSlate: SlateFontCache - WITH_FREETYPE: 1, WITH_HARFBUZZ: 1
[2018.06.09-08.06.46:985][  0]LogStreaming:Warning: Failed to read file '../../../Engine/Content/Editor/Slate/Common/Selection_16x.png' error.
[2018.06.09-08.06.46:985][  0]LogSlate: Could not find file for Slate resource: ../../../Engine/Content/Editor/Slate/Common/Selection_16x.png
[2018.06.09-08.06.46:985][  0]LogStreaming:Warning: Failed to read file '../../../Engine/Content/Editor/Slate/Common/Selection_16x.png' error.
[2018.06.09-08.06.46:985][  0]LogSlate: Could not find file for Slate resource: ../../../Engine/Content/Editor/Slate/Common/Selection_16x.png
[2018.06.09-08.06.46:985][  0]LogStreaming:Warning: Failed to read file '../../../Engine/Content/Editor/Slate/Common/Selection_16x.png' error.
[2018.06.09-08.06.46:985][  0]LogSlate: Could not find file for Slate resource: ../../../Engine/Content/Editor/Slate/Common/Selection_16x.png
[2018.06.09-08.07.25:551][  0]LogUdpMessaging: Initializing bridge on interface 0.0.0.0:0 to multicast group 230.0.0.1:6666.
[2018.06.09-08.07.26:752][  0]LogAssetRegistry: FAssetRegistry took 0.0425 seconds to start up
[2018.06.09-08.07.36:859][  0]SourceControl: Info Source control is disabled
[2018.06.09-08.07.36:883][  0]SourceControl: Info Source control is disabled
[2018.06.09-08.07.37:801][  0]SourceControl: Info Source control is disabled
[2018.06.09-08.07.37:907][  0]SourceControl: Info Source control is disabled
[2018.06.09-08.07.39:581][  0]LogHMD: Failed to initialize OpenVR with code 110
[2018.06.09-08.07.41:257][  0]LogEngine: Initializing Engine...
[2018.06.09-08.07.45:713][  0]LogAIModule: Creating AISystem for world NewWorld
[2018.06.09-08.07.45:954][  0]LogInit: XAudio2 using 'Динамики (Устройство с поддержкой High Definition Audio)' : 2 channels at 44.1 kHz using 16 bits per sample (channel mask 0x3)
[2018.06.09-08.07.46:049][  0]LogInit: FAudioDevice initialized.
[2018.06.09-08.07.46:157][  0]LogDerivedDataCache: Saved boot cache 0.11s 66MB C:/Users/1/AppData/Local/UnrealEngine/4.11/DerivedDataCache/Boot.ddc.
[2018.06.09-08.07.46:168][  0]LogInit: Texture streaming: Enabled
[2018.06.09-08.07.49:321][  0]LogInit: Transaction tracking system initialized
[2018.06.09-08.07.52:218][  0]BlueprintLog: New page: Editor Load
[2018.06.09-08.08.05:699][  0]LocalizationService: Info Localization service is disabled
[2018.06.09-08.08.15:523][  0]LogConsoleResponse:Display: 
[2018.06.09-08.08.25:728][  0]LogFileCache: Scanning file cache for directory 'D:/sergey/UnrealProjects/Game_1337/TopDownProjectNewRepository/Content/' took 0.17s
[2018.06.09-08.08.25:728][  0]LogCook:Display: Max memory allowance for cook 8192mb
[2018.06.09-08.08.25:728][  0]LogCook:Display: Mobile HDR setting 1
[2018.06.09-08.08.25:769][  0]LogCook:Display: Done creating registry. It took  0.00s.
[2018.06.09-08.08.30:539][  0]SourceControl: Info Source control is disabled
[2018.06.09-08.08.30:786][  0]Cmd: MAP LOAD FILE="../../../../sergey/UnrealProjects/Game_1337/TopDownProjectNewRepository/Content/TopDownBP/Maps/LowPolyMap.umap" TEMPLATE=0 SHOWPROGRESS=1 FEATURELEVEL=2
[2018.06.09-08.08.31:062][  0]LightingResults: New page: Lighting Build
[2018.06.09-08.08.32:411][  0]MapCheck: New page: Map Check
[2018.06.09-08.08.32:411][  0]LightingResults: New page: Lighting Build
[2018.06.09-08.08.35:512][  0]LogLinker:Warning: Asset '../../../../sergey/UnrealProjects/Game_1337/TopDownProjectNewRepository/Content/Mannequin/Animations/ThirdPerson_AnimBP.uasset' has been saved with empty engine version. The asset will be loaded but may be incompatible.
[2018.06.09-08.08.35:553][  0]LogLinker:Warning: Asset '../../../../sergey/UnrealProjects/Game_1337/TopDownProjectNewRepository/Content/Mannequin/Animations/ThirdPerson_Jump.uasset' has been saved with empty engine version. The asset will be loaded but may be incompatible.
[2018.06.09-08.08.35:705][  0]LogLinker:Warning: Asset '../../../../sergey/UnrealProjects/Game_1337/TopDownProjectNewRepository/Content/Mannequin/Animations/ThirdPersonJump_Loop.uasset' has been saved with empty engine version. The asset will be loaded but may be incompatible.
[2018.06.09-08.08.35:747][  0]LogLinker:Warning: Asset '../../../../sergey/UnrealProjects/Game_1337/TopDownProjectNewRepository/Content/Mannequin/Animations/ThirdPersonJump_Start.uasset' has been saved with empty engine version. The asset will be loaded but may be incompatible.
[2018.06.09-08.08.35:820][  0]LogLinker:Warning: Asset '../../../../sergey/UnrealProjects/Game_1337/TopDownProjectNewRepository/Content/Mannequin/Animations/ThirdPersonIdle.uasset' has been saved with empty engine version. The asset will be loaded but may be incompatible.
[2018.06.09-08.08.35:850][  0]LogLinker:Warning: Asset '../../../../sergey/UnrealProjects/Game_1337/TopDownProjectNewRepository/Content/Mannequin/Animations/ThirdPersonRun.uasset' has been saved with empty engine version. The asset will be loaded but may be incompatible.
[2018.06.09-08.08.35:885][  0]LogLinker:Warning: Asset '../../../../sergey/UnrealProjects/Game_1337/TopDownProjectNewRepository/Content/Mannequin/Animations/ThirdPersonWalk.uasset' has been saved with empty engine version. The asset will be loaded but may be incompatible.
[2018.06.09-08.08.58:111][  0]LogMaterial: Uniform references updated for custom material expression TemporalAA SampleID.
[2018.06.09-08.08.58:112][  0]LogMaterial: Uniform references updated for custom material expression Custom.
[2018.06.09-08.09.12:537][  0]LogMaterial: Missing cached shader map for material Brown_4, compiling. 
[2018.06.09-08.09.20:338][  0]LogAIModule: Creating AISystem for world LowPolyMap
[2018.06.09-08.09.25:553][  0]LogMaterial:Warning: Material /Game/LowPolyModels/Materials/Green_3.Green_3 needed to have new flag set bUsedWithInstancedStaticMeshes !
[2018.06.09-08.09.25:700][  0]LogMaterial: Missing cached shader map for material Green_3, compiling. 
[2018.06.09-08.09.25:976][  0]MapCheck:Warning: Warning Green_3 Material /Game/LowPolyModels/Materials/Green_3.Green_3 was missing the usage flag bUsedWithInstancedStaticMeshes. If the material asset is not re-saved, it may not render correctly when run outside the editor. Fix
[2018.06.09-08.09.26:031][  0]LogMaterial: 0.00 seconds spent updating 1 materials, 1 interfaces, 0 instances, 0 with static permutations.
[2018.06.09-08.09.32:143][  0]LogEditorServer: Finished looking for orphan Actors (0.000 secs)
[2018.06.09-08.09.32:426][  0]Cmd: MAP CHECKDEP NOCLEARLOG
[2018.06.09-08.09.32:870][  0]MapCheck: Info Map check complete: 0 Error(s), 1 Warning(s), took 443.595ms to complete.
[2018.06.09-08.09.33:788][  0]LogFileHelpers: Loading map 'LowPolyMap' took 63.105
[2018.06.09-08.09.51:472][  0]LogCollectionManager: Loaded 0 collections in 0.086334 seconds
[2018.06.09-08.09.56:216][  0]LogFileCache: Scanning file cache for directory 'D:/sergey/UnrealProjects/Game_1337/TopDownProjectNewRepository/Saved/Collections/' took 0.01s
[2018.06.09-08.09.56:216][  0]LogFileCache: Scanning file cache for directory 'D:/sergey/UnrealProjects/Game_1337/TopDownProjectNewRepository/Content/Developers/1/Collections/' took 0.01s
[2018.06.09-08.09.56:216][  0]LogFileCache: Scanning file cache for directory 'D:/sergey/UnrealProjects/Game_1337/TopDownProjectNewRepository/Content/Collections/' took 0.01s
[2018.06.09-08.09.56:216][  0]LogCollectionManager: Rebuilt the GUID cache for 0 collections in 0.000003 seconds
[2018.06.09-08.09.56:522][  0]LogContentBrowser: Native class hierarchy populated in 0.1291 seconds. Added 1979 classes and 343 folders.
[2018.06.09-08.09.57:525][  0]LogStats: UGameplayTagsManager::ConstructGameplayTagTree: Construct from data asset -  0.000 s
[2018.06.09-08.09.57:600][  0]LogStats: UGameplayTagsManager::ConstructGameplayTagTree: GameplayTagTreeChangedEvent.Broadcast -  0.075 s
[2018.06.09-08.09.57:668][  0]LogContentBrowser: Native class hierarchy updated for 'GameplayTags' in 0.0006 seconds. Added 12 classes and 0 folders.
[2018.06.09-08.09.57:870][  0]LogContentBrowser: Native class hierarchy updated for 'WidgetCarousel' in 0.0005 seconds. Added 0 classes and 0 folders.
[2018.06.09-08.10.01:540][  0]LogContentBrowser: Native class hierarchy updated for 'SuperSearch' in 0.0005 seconds. Added 1 classes and 2 folders.
[2018.06.09-08.10.10:014][  0]LogContentBrowser: Native class hierarchy updated for 'AddContentDialog' in 0.0007 seconds. Added 0 classes and 0 folders.
[2018.06.09-08.10.10:789][  0]LogContentBrowser: Native class hierarchy updated for 'SceneOutliner' in 0.0005 seconds. Added 1 classes and 2 folders.
[2018.06.09-08.10.12:096][  0]LogCrashTracker: Crashtracker disabled due to settings.
[2018.06.09-08.10.12:498][  0]LogUObjectGlobals:Warning: Failed to find object 'Class None.'
[2018.06.09-08.10.12:727][  0]LogContentBrowser: Native class hierarchy updated for 'HierarchicalLODOutliner' in 0.0006 seconds. Added 1 classes and 2 folders.
[2018.06.09-08.10.12:727][  0]LogLoad: Full Startup: 373.19 seconds (BP compile: 6.18 seconds)
[2018.06.09-08.10.12:727][  0]LogExternalProfiler:Warning: No registered external profiler was matched with a command-line switch (or the DLL could not be loaded).  External profiling features will not be available.
[2018.06.09-08.10.13:235][  0]LogOcInput: OculusInput pre-init called
[2018.06.09-08.10.14:701][  0]LogContentStreaming: Texture pool size now 200 MB
[2018.06.09-08.10.16:998][  0]LogRenderer: Reallocating scene render targets to support 804x680 (Frame:2).
[2018.06.09-08.10.32:011][  4]LogAssetRegistry: Asset discovery search completed in 185.2918 seconds
[2018.06.09-08.10.32:027][  4]LogCollectionManager: Rebuilt the object cache for 0 collections in 0.000001 seconds (found 0 objects)
[2018.06.09-08.10.32:027][  4]LogCollectionManager: Fixed up redirectors for 0 collections in 0.016222 seconds (updated 0 objects)
[2018.06.09-08.10.57:147][595]LogEditorViewport: Clicking on Actor (LMB): StaticMeshActor (Terrain_2)
[2018.06.09-08.11.09:727][595]LogEditorViewport: Clicking on Actor (context menu): StaticMeshActor (Terrain_2)
[2018.06.09-08.11.16:418][597]LogEditorViewport: Clicking on Actor (context menu): StaticMeshActor (Terrain_2)
[2018.06.09-08.11.34:355][956]LogEditorViewport: Clicking on Actor (LMB): StaticMeshActor (Terrain_2)
[2018.06.09-08.11.59:072][599]LogPlayLevel: PlayLevel: No blueprints needed recompiling
[2018.06.09-08.12.00:791][599]PIE: New page: PIE session: LowPolyMap (Jun 10, 2018, 12:11:59 AM)
[2018.06.09-08.12.00:829][599]LogPlayLevel: Creating play world package: /Game/TopDownBP/Maps/UEDPIE_0_LowPolyMap
[2018.06.09-08.12.01:219][599]LogPlayLevel: PIE: StaticDuplicateObject took: (0.389815s)
[2018.06.09-08.12.01:220][599]LogAIModule: Creating AISystem for world LowPolyMap
[2018.06.09-08.12.01:220][599]LogPlayLevel: PIE: World Init took: (0.001038s)
[2018.06.09-08.12.01:243][599]LogPlayLevel: PIE: Created PIE world by copying editor world from /Game/TopDownBP/Maps/LowPolyMap.LowPolyMap to /Game/TopDownBP/Maps/UEDPIE_0_LowPolyMap.LowPolyMap (0.413881s)
[2018.06.09-08.12.01:280][599]LogActorComponent: UnregisterComponent: (/Engine/Transient.CharMoveComp) Not registered. Aborting.
[2018.06.09-08.12.01:289][599]LogActorComponent: UnregisterComponent: (/Engine/Transient.CursorOnActorText_GEN_VARIABLE) Not registered. Aborting.
[2018.06.09-08.12.01:289][599]LogActorComponent: UnregisterComponent: (/Engine/Transient.CharGoingForAction_GEN_VARIABLE) Not registered. Aborting.
[2018.06.09-08.12.01:289][599]LogActorComponent: UnregisterComponent: (/Engine/Transient.PawnSensing_GEN_VARIABLE) Not registered. Aborting.
[2018.06.09-08.12.01:289][599]LogActorComponent: UnregisterComponent: (/Engine/Transient.CharacterMovementComponent_0) Not registered. Aborting.
[2018.06.09-08.12.01:289][599]LogActorComponent: UnregisterComponent: (/Engine/Transient.CharacterMovementComponent_1) Not registered. Aborting.
[2018.06.09-08.12.01:289][599]LogActorComponent: UnregisterComponent: (/Engine/Transient.CursorOnActorText_C_0) Not registered. Aborting.
[2018.06.09-08.12.01:289][599]LogActorComponent: UnregisterComponent: (/Engine/Transient.CharGoingForAction_C_1) Not registered. Aborting.
[2018.06.09-08.12.01:289][599]LogActorComponent: UnregisterComponent: (/Engine/Transient.PawnSensingComponent_0) Not registered. Aborting.
[2018.06.09-08.12.02:710][599]LogInit: XAudio2 using 'Динамики (Устройство с поддержкой High Definition Audio)' : 2 channels at 44.1 kHz using 16 bits per sample (channel mask 0x3)
[2018.06.09-08.12.02:719][599]LogInit: FAudioDevice initialized.
[2018.06.09-08.12.03:601][599]LogWorld: Game class is 'TopDownGameMode_C'
[2018.06.09-08.12.05:218][599]LogWorld: Bringing World /Game/TopDownBP/Maps/UEDPIE_0_LowPolyMap.LowPolyMap up for play (max tick rate 60) at 2018.06.09-16.12.05
[2018.06.09-08.12.08:079][599]LogWorld: Bringing up level for play took: 2.868406
[2018.06.09-08.12.08:457][599]LogContentBrowser: Native class hierarchy updated for 'MovieSceneCapture' in 0.0006 seconds. Added 9 classes and 0 folders.
[2018.06.09-08.12.08:966][599]LogBlueprintUserMessages: [TestQuest_C_0] убейте 3 врага
[2018.06.09-08.12.09:018][599]PIE: Info Play in editor start time for /Game/TopDownBP/Maps/UEDPIE_0_LowPolyMap 9.389
[2018.06.09-08.13.02:664][984]LogEditorViewport: Clicking on Actor (context menu): MyAIEnemy_C (MyAIEnemy)
[2018.06.09-08.13.14:214][262]LogPlayLevel: PlayLevel: No blueprints needed recompiling
[2018.06.09-08.13.14:215][262]PIE: New page: PIE session: LowPolyMap (Jun 10, 2018, 12:13:14 AM)
[2018.06.09-08.13.14:215][262]LogPlayLevel: Creating play world package: /Game/TopDownBP/Maps/UEDPIE_0_LowPolyMap
[2018.06.09-08.13.14:227][262]LogPlayLevel: PIE: StaticDuplicateObject took: (0.012123s)
[2018.06.09-08.13.14:229][262]LogAIModule: Creating AISystem for world LowPolyMap
[2018.06.09-08.13.14:229][262]LogPlayLevel: PIE: World Init took: (0.002642s)
[2018.06.09-08.13.14:230][262]LogPlayLevel: PIE: Created PIE world by copying editor world from /Game/TopDownBP/Maps/LowPolyMap.LowPolyMap to /Game/TopDownBP/Maps/UEDPIE_0_LowPolyMap.LowPolyMap (0.015132s)
[2018.06.09-08.13.14:230][262]LogActorComponent: UnregisterComponent: (/Engine/Transient.CharMoveComp) Not registered. Aborting.
[2018.06.09-08.13.14:230][262]LogActorComponent: UnregisterComponent: (/Engine/Transient.CursorOnActorText_GEN_VARIABLE) Not registered. Aborting.
[2018.06.09-08.13.14:230][262]LogActorComponent: UnregisterComponent: (/Engine/Transient.CharGoingForAction_GEN_VARIABLE) Not registered. Aborting.
[2018.06.09-08.13.14:230][262]LogActorComponent: UnregisterComponent: (/Engine/Transient.PawnSensing_GEN_VARIABLE) Not registered. Aborting.
[2018.06.09-08.13.14:230][262]LogActorComponent: UnregisterComponent: (/Engine/Transient.CharacterMovementComponent_2) Not registered. Aborting.
[2018.06.09-08.13.14:230][262]LogActorComponent: UnregisterComponent: (/Engine/Transient.CursorOnActorText_C_1) Not registered. Aborting.
[2018.06.09-08.13.14:230][262]LogActorComponent: UnregisterComponent: (/Engine/Transient.CharGoingForAction_C_2) Not registered. Aborting.
[2018.06.09-08.13.14:230][262]LogActorComponent: UnregisterComponent: (/Engine/Transient.PawnSensingComponent_1) Not registered. Aborting.
[2018.06.09-08.13.14:230][262]LogActorComponent: UnregisterComponent: (/Engine/Transient.CharacterMovementComponent_3) Not registered. Aborting.
[2018.06.09-08.13.14:283][262]LogInit: XAudio2 using 'Динамики (Устройство с поддержкой High Definition Audio)' : 2 channels at 44.1 kHz using 16 bits per sample (channel mask 0x3)
[2018.06.09-08.13.14:292][262]LogInit: FAudioDevice initialized.
[2018.06.09-08.13.14:349][262]LogWorld: Game class is 'TopDownGameMode_C'
[2018.06.09-08.13.14:396][262]LogWorld: Bringing World /Game/TopDownBP/Maps/UEDPIE_0_LowPolyMap.LowPolyMap up for play (max tick rate 60) at 2018.06.09-16.13.14
[2018.06.09-08.13.14:414][262]LogWorld: Bringing up level for play took: 0.027494
[2018.06.09-08.13.14:421][262]LogBlueprintUserMessages: [TestQuest_C_1] убейте 3 врага
[2018.06.09-08.13.14:422][262]PIE: Info Play in editor start time for /Game/TopDownBP/Maps/UEDPIE_0_LowPolyMap 0.791
[2018.06.09-08.13.29:833][666]LogBlueprintUserMessages: [TestQuest_C_1] Миссия выполнена(+50 монет)!
[2018.06.09-08.14.33:584][853]LogSavePackage: Save=917.35ms
[2018.06.09-08.14.33:584][853]LogSavePackage: Moving '../../../../sergey/UnrealProjects/Game_1337/TopDownProjectNewRepository/Saved/LowPolyMap4A4008E7445730A40D317F99837926C6.tmp' to '../../../../sergey/UnrealProjects/Game_1337/TopDownProjectNewRepository/Content/TopDownBP/Maps/LowPolyMap.umap'
[2018.06.09-08.14.33:699][853]LogSavePackage: Total save time: 1824.95ms
[2018.06.09-08.14.33:699][853]LogSavePackage:Display: Finished SavePackage ../../../../sergey/UnrealProjects/Game_1337/TopDownProjectNewRepository/Content/TopDownBP/Maps/LowPolyMap.umap
[2018.06.09-08.14.33:858][853]LogFileHelpers: Saving map 'LowPolyMap' took 2.223
[2018.06.09-08.17.27:543][545]LogEditorViewport: Clicking on Actor (context menu): StaticMeshActor (Terrain_2)
[2018.06.09-08.18.50:069][473]LogPlayLevel: PlayLevel: No blueprints needed recompiling
[2018.06.09-08.18.50:069][473]PIE: New page: PIE session: LowPolyMap (Jun 10, 2018, 12:18:50 AM)
[2018.06.09-08.18.50:069][473]LogPlayLevel: Creating play world package: /Game/TopDownBP/Maps/UEDPIE_0_LowPolyMap
[2018.06.09-08.18.50:087][473]LogPlayLevel: PIE: StaticDuplicateObject took: (0.017920s)
[2018.06.09-08.18.50:088][473]LogAIModule: Creating AISystem for world LowPolyMap
[2018.06.09-08.18.50:088][473]LogPlayLevel: PIE: World Init took: (0.001155s)
[2018.06.09-08.18.50:088][473]LogPlayLevel: PIE: Created PIE world by copying editor world from /Game/TopDownBP/Maps/LowPolyMap.LowPolyMap to /Game/TopDownBP/Maps/UEDPIE_0_LowPolyMap.LowPolyMap (0.019444s)
[2018.06.09-08.18.50:089][473]LogActorComponent: UnregisterComponent: (/Engine/Transient.CharMoveComp) Not registered. Aborting.
[2018.06.09-08.18.50:089][473]LogActorComponent: UnregisterComponent: (/Engine/Transient.CursorOnActorText_GEN_VARIABLE) Not registered. Aborting.
[2018.06.09-08.18.50:089][473]LogActorComponent: UnregisterComponent: (/Engine/Transient.CharGoingForAction_GEN_VARIABLE) Not registered. Aborting.
[2018.06.09-08.18.50:089][473]LogActorComponent: UnregisterComponent: (/Engine/Transient.PawnSensing_GEN_VARIABLE) Not registered. Aborting.
[2018.06.09-08.18.50:089][473]LogActorComponent: UnregisterComponent: (/Engine/Transient.CharacterMovementComponent_4) Not registered. Aborting.
[2018.06.09-08.18.50:089][473]LogActorComponent: UnregisterComponent: (/Engine/Transient.CursorOnActorText_C_2) Not registered. Aborting.
[2018.06.09-08.18.50:089][473]LogActorComponent: UnregisterComponent: (/Engine/Transient.CharGoingForAction_C_3) Not registered. Aborting.
[2018.06.09-08.18.50:089][473]LogActorComponent: UnregisterComponent: (/Engine/Transient.PawnSensingComponent_2) Not registered. Aborting.
[2018.06.09-08.18.50:132][473]LogInit: XAudio2 using 'Динамики (Устройство с поддержкой High Definition Audio)' : 2 channels at 44.1 kHz using 16 bits per sample (channel mask 0x3)
[2018.06.09-08.18.50:142][473]LogInit: FAudioDevice initialized.
[2018.06.09-08.18.50:168][473]LogWorld: Game class is 'TopDownGameMode_C'
[2018.06.09-08.18.50:182][473]LogWorld: Bringing World /Game/TopDownBP/Maps/UEDPIE_0_LowPolyMap.LowPolyMap up for play (max tick rate 60) at 2018.06.09-16.18.50
[2018.06.09-08.18.50:187][473]LogWorld: Bringing up level for play took: 0.018307
[2018.06.09-08.18.50:197][473]LogBlueprintUserMessages: [TestQuest_C_2] убейте 3 врага
[2018.06.09-08.18.50:197][473]PIE: Info Play in editor start time for /Game/TopDownBP/Maps/UEDPIE_0_LowPolyMap 0.559
[2018.06.09-08.28.18:660][840]LogEditorViewport: Clicking on Actor (LMB): StaticMeshActor (Terrain_2)
[2018.06.09-08.28.26:278][193]LogTexture:Display: Building textures: Texture2D_2 (G8)
[2018.06.09-08.28.28:691][231]LogEditorViewport: Clicking on Actor (LMB): StaticMeshActor (Terrain_2)
[2018.06.09-08.28.32:885][333]LogEditorViewport: Clicking on Actor (LMB): StaticMeshActor (Terrain_2)
[2018.06.09-08.29.11:674][136]LogEditorViewport: Clicking on Actor (context menu): StaticMeshActor (Terrain_2)
[2018.06.09-08.29.14:906][203]LogActorComponent: UnregisterComponent: (/Engine/Transient.SphereBrushComponent) Not registered. Aborting.
[2018.06.09-08.29.15:158][216]LogEditorViewport: Clicking on Actor (LMB): StaticMeshActor (Terrain_2)
[2018.06.09-08.29.16:860][313]Cmd: DELETE
[2018.06.09-08.29.16:861][313]Cmd: ACTOR DELETE
[2018.06.09-08.29.17:240][313]LogEditorActor: Deleted Actor: StaticMeshActor
[2018.06.09-08.29.17:249][313]LogActorComponent: UnregisterComponent: (/Engine/Transient.CharMoveComp) Not registered. Aborting.
[2018.06.09-08.29.17:249][313]LogActorComponent: UnregisterComponent: (/Engine/Transient.CursorOnActorText_GEN_VARIABLE) Not registered. Aborting.
[2018.06.09-08.29.17:249][313]LogActorComponent: UnregisterComponent: (/Engine/Transient.CharGoingForAction_GEN_VARIABLE) Not registered. Aborting.
[2018.06.09-08.29.17:249][313]LogActorComponent: UnregisterComponent: (/Engine/Transient.PawnSensing_GEN_VARIABLE) Not registered. Aborting.
[2018.06.09-08.29.17:249][313]LogActorComponent: UnregisterComponent: (/Engine/Transient.CharacterMovementComponent_5) Not registered. Aborting.
[2018.06.09-08.29.17:249][313]LogActorComponent: UnregisterComponent: (/Engine/Transient.CursorOnActorText_C_3) Not registered. Aborting.
[2018.06.09-08.29.17:249][313]LogActorComponent: UnregisterComponent: (/Engine/Transient.CharGoingForAction_C_4) Not registered. Aborting.
[2018.06.09-08.29.17:249][313]LogActorComponent: UnregisterComponent: (/Engine/Transient.PawnSensingComponent_3) Not registered. Aborting.
[2018.06.09-08.29.17:249][313]LogActorComponent: UnregisterComponent: (/Engine/Transient.CharacterMovementComponent_6) Not registered. Aborting.
[2018.06.09-08.29.17:351][313]LogEditorActor: Deleted 1 Actors (0.127 secs)
[2018.06.09-08.29.27:177][512]LogTexture:Display: Building textures: Texture2D_3 (G8)
[2018.06.09-08.29.50:383][823]LogMaterial: 0.00 seconds spent updating 1 materials, 1 interfaces, 1 instances, 0 with static permutations.
[2018.06.09-08.29.50:383][823]LogMaterial: 0.00 seconds spent updating 1 materials, 1 interfaces, 1 instances, 0 with static permutations.
[2018.06.09-08.29.50:384][823]LogMaterial: 0.00 seconds spent updating 1 materials, 1 interfaces, 1 instances, 0 with static permutations.
[2018.06.09-08.29.50:385][823]LogMaterial: 0.00 seconds spent updating 1 materials, 1 interfaces, 1 instances, 0 with static permutations.
[2018.06.09-08.29.50:488][823]LogTexture:Display: Building textures: Texture2D_4 (BGRA8)
[2018.06.09-08.29.50:604][824]Cmd: UpdateLandscapeEditorData
[2018.06.09-08.30.14:607][264]LogEditorViewport: Clicking on Actor (LMB): Landscape (Landscape)
[2018.06.09-08.32.24:620][310]LogTexture:Display: Building textures: T_Wood_Oak_N (BC5)
[2018.06.09-08.32.26:542][310]LogTexture:Display: Building textures: T_Wood_Oak_D (AutoDXT)
[2018.06.09-08.32.40:625][491]LogActorComponent: UnregisterComponent: (/Engine/Transient.CharMoveComp) Not registered. Aborting.
[2018.06.09-08.32.40:625][491]LogActorComponent: UnregisterComponent: (/Engine/Transient.CursorOnActorText_GEN_VARIABLE) Not registered. Aborting.
[2018.06.09-08.32.40:625][491]LogActorComponent: UnregisterComponent: (/Engine/Transient.CharGoingForAction_GEN_VARIABLE) Not registered. Aborting.
[2018.06.09-08.32.40:625][491]LogActorComponent: UnregisterComponent: (/Engine/Transient.PawnSensing_GEN_VARIABLE) Not registered. Aborting.
[2018.06.09-08.32.40:625][491]LogActorComponent: UnregisterComponent: (/Engine/Transient.CharacterMovementComponent_7) Not registered. Aborting.
[2018.06.09-08.32.40:625][491]LogActorComponent: UnregisterComponent: (/Engine/Transient.CharacterMovementComponent_8) Not registered. Aborting.
[2018.06.09-08.32.40:625][491]LogActorComponent: UnregisterComponent: (/Engine/Transient.CursorOnActorText_C_4) Not registered. Aborting.
[2018.06.09-08.32.40:625][491]LogActorComponent: UnregisterComponent: (/Engine/Transient.CharGoingForAction_C_5) Not registered. Aborting.
[2018.06.09-08.32.40:625][491]LogActorComponent: UnregisterComponent: (/Engine/Transient.PawnSensingComponent_4) Not registered. Aborting.
[2018.06.09-08.32.41:157][491]LogSavePackage: Save=413.45ms
[2018.06.09-08.32.41:157][491]LogSavePackage: Moving '../../../../sergey/UnrealProjects/Game_1337/TopDownProjectNewRepository/Saved/LowPolyMap_Auto189ED181D43C7456DF548D0899859FDAD.tmp' to '../../../../sergey/UnrealProjects/Game_1337/TopDownProjectNewRepository/Saved/Autosaves/Game/TopDownBP/Maps/LowPolyMap_Auto1.umap'
[2018.06.09-08.32.41:188][491]LogSavePackage: Total save time: 459.10ms
[2018.06.09-08.32.41:188][491]LogSavePackage:Display: Finished SavePackage ../../../../sergey/UnrealProjects/Game_1337/TopDownProjectNewRepository/Saved/Autosaves/Game/TopDownBP/Maps/LowPolyMap_Auto1.umap
[2018.06.09-08.32.41:190][491]LogFileHelpers: Editor autosave (incl. sublevels) for '/Game/TopDownBP/Maps/LowPolyMap' took 0.565
[2018.06.09-08.32.41:190][491]LogFileHelpers: Editor autosave (incl. sublevels) for all levels took 0.565
[2018.06.09-08.33.16:382][568]LogEditorViewport: Clicking on Actor (LMB): Landscape (Landscape)
[2018.06.09-08.33.48:033][337]LogMaterial: 0.00 seconds spent updating 1 materials, 1 interfaces, 5 instances, 0 with static permutations.
[2018.06.09-08.33.48:086][337]LogMaterial: 0.02 seconds spent updating 1 materials, 1 interfaces, 1 instances, 0 with static permutations.
[2018.06.09-08.33.48:087][337]LogMaterial: 0.00 seconds spent updating 1 materials, 1 interfaces, 1 instances, 0 with static permutations.
[2018.06.09-08.33.48:087][337]LogMaterial: 0.00 seconds spent updating 1 materials, 1 interfaces, 1 instances, 0 with static permutations.
[2018.06.09-08.33.48:088][337]LogMaterial: 0.00 seconds spent updating 1 materials, 1 interfaces, 1 instances, 0 with static permutations.
[2018.06.09-08.33.48:226][338]Cmd: UpdateLandscapeEditorData
[2018.06.09-08.33.48:227][338]Cmd: UpdateLandscapeMIC
[2018.06.09-08.33.48:250][338]LogMaterial: 0.01 seconds spent updating 1 materials, 1 interfaces, 1 instances, 0 with static permutations.
[2018.06.09-08.33.48:272][338]LogMaterial: 0.00 seconds spent updating 1 materials, 1 interfaces, 1 instances, 0 with static permutations.
[2018.06.09-08.33.48:273][338]LogMaterial: 0.00 seconds spent updating 1 materials, 1 interfaces, 1 instances, 0 with static permutations.
[2018.06.09-08.33.48:274][338]LogMaterial: 0.00 seconds spent updating 1 materials, 1 interfaces, 1 instances, 0 with static permutations.
[2018.06.09-08.33.52:977][508]LogPlayLevel: PlayLevel: No blueprints needed recompiling
[2018.06.09-08.33.52:978][508]PIE: New page: PIE session: LowPolyMap (Jun 10, 2018, 12:33:52 AM)
[2018.06.09-08.33.52:978][508]LogPlayLevel: Creating play world package: /Game/TopDownBP/Maps/UEDPIE_0_LowPolyMap
[2018.06.09-08.33.53:013][508]LogPlayLevel: PIE: StaticDuplicateObject took: (0.035223s)
[2018.06.09-08.33.53:014][508]LogAIModule: Creating AISystem for world LowPolyMap
[2018.06.09-08.33.53:014][508]LogPlayLevel: PIE: World Init took: (0.001350s)
[2018.06.09-08.33.53:015][508]LogPlayLevel: PIE: Created PIE world by copying editor world from /Game/TopDownBP/Maps/LowPolyMap.LowPolyMap to /Game/TopDownBP/Maps/UEDPIE_0_LowPolyMap.LowPolyMap (0.036951s)
[2018.06.09-08.33.53:057][508]LogInit: XAudio2 using 'Динамики (Устройство с поддержкой High Definition Audio)' : 2 channels at 44.1 kHz using 16 bits per sample (channel mask 0x3)
[2018.06.09-08.33.53:068][508]LogInit: FAudioDevice initialized.
[2018.06.09-08.33.53:097][508]LogWorld: Game class is 'TopDownGameMode_C'
[2018.06.09-08.33.53:110][508]LogWorld: Bringing World /Game/TopDownBP/Maps/UEDPIE_0_LowPolyMap.LowPolyMap up for play (max tick rate 60) at 2018.06.09-16.33.53
[2018.06.09-08.33.53:493][508]LogWorld: Bringing up level for play took: 0.395265
[2018.06.09-08.33.53:502][508]LogBlueprintUserMessages: [TestQuest_C_3] убейте 3 врага
[2018.06.09-08.33.53:502][508]PIE: Info Play in editor start time for /Game/TopDownBP/Maps/UEDPIE_0_LowPolyMap -0.158
[2018.06.09-08.34.06:288][888]LogEditorViewport: Clicking on Actor (LMB): MyAIEnemy_C (MyAIEnemy3)
[2018.06.09-08.34.08:009][954]LogEditorViewport: Clicking on Actor (LMB): MyAIEnemy_C (MyAIEnemy2)
[2018.06.09-08.34.10:629][ 27]LogEditorViewport: Clicking on Actor (LMB): Landscape (Landscape)
[2018.06.09-08.34.11:331][ 61]LogEditorViewport: Clicking on Actor (LMB): MyAIEnemy_C (MyAIEnemy)
[2018.06.09-08.34.22:910][690]LogSavePackage: Save=181.68ms
[2018.06.09-08.34.22:910][690]LogSavePackage: Moving '../../../../sergey/UnrealProjects/Game_1337/TopDownProjectNewRepository/Saved/LowPolyMapD17A35B74BDD9F48777D02BC754F2AFD.tmp' to '../../../../sergey/UnrealProjects/Game_1337/TopDownProjectNewRepository/Content/TopDownBP/Maps/LowPolyMap.umap'
[2018.06.09-08.34.22:913][690]LogSavePackage: Total save time: 195.63ms
[2018.06.09-08.34.22:913][690]LogSavePackage:Display: Finished SavePackage ../../../../sergey/UnrealProjects/Game_1337/TopDownProjectNewRepository/Content/TopDownBP/Maps/LowPolyMap.umap
[2018.06.09-08.34.23:046][690]LogFileHelpers: Saving map 'LowPolyMap' took 0.438
[2018.06.09-08.34.46:959][618]Cmd: CLOSE_SLATE_MAINFRAME
[2018.06.09-08.34.48:236][619]Cmd: QUIT_EDITOR
[2018.06.09-08.34.49:781][619]LogExit: Preparing to exit.
[2018.06.09-08.34.52:641][619]LogExit: Editor shut down
[2018.06.09-08.34.52:643][619]LogExit: Transaction tracking system shut down
[2018.06.09-08.35.02:406][619]LogObj: Freed 0b from 0 cluster array pools.
[2018.06.09-08.35.02:406][619]LogExit: Object subsystem successfully closed.
[2018.06.09-08.35.04:056][619]LogD3D11RHI: Shutdown
[2018.06.09-08.35.04:056][619]LogD3D11RHI: CleanupD3DDevice
[2018.06.09-08.35.04:267][619]LogD3D11RHI: ~FD3D11DynamicRHI
[2018.06.09-08.35.04:527][619]LogDerivedDataCache: Shutdown
[2018.06.09-08.35.08:403][619]LogModuleManager: Shutting down and abandoning module MovieSceneCapture (205)
[2018.06.09-08.35.08:403][619]LogModuleManager: Shutting down and abandoning module HierarchicalLODOutliner (204)
[2018.06.09-08.35.08:416][619]LogModuleManager: Shutting down and abandoning module CrashTracker (203)
[2018.06.09-08.35.08:416][619]LogModuleManager: Shutting down and abandoning module SceneOutliner (202)
[2018.06.09-08.35.08:436][619]LogModuleManager: Shutting down and abandoning module SuperSearch (201)
[2018.06.09-08.35.08:436][619]LogModuleManager: Shutting down and abandoning module WidgetCarousel (200)
[2018.06.09-08.35.08:436][619]LogModuleManager: Shutting down and abandoning module AddContentDialog (199)
[2018.06.09-08.35.08:533][619]LogModuleManager: Shutting down and abandoning module GameplayTags (198)
[2018.06.09-08.35.08:533][619]LogModuleManager: Shutting down and abandoning module EditorWidgets (197)
[2018.06.09-08.35.08:533][619]LogModuleManager: Shutting down and abandoning module CollectionManager (196)
[2018.06.09-08.35.08:621][619]LogModuleManager: Shutting down and abandoning module StatsViewer (195)
[2018.06.09-08.35.08:757][619]LogModuleManager: Shutting down and abandoning module FoliageEdit (194)
[2018.06.09-08.35.08:757][619]LogModuleManager: Shutting down and abandoning module LandscapeEditor (193)
[2018.06.09-08.35.08:757][619]LogModuleManager: Shutting down and abandoning module ActorPickerMode (192)
[2018.06.09-08.35.08:757][619]LogModuleManager: Shutting down and abandoning module GeometryMode (191)
[2018.06.09-08.35.08:757][619]LogModuleManager: Shutting down and abandoning module TextureAlignMode (190)
[2018.06.09-08.35.08:757][619]LogModuleManager: Shutting down and abandoning module BspMode (189)
[2018.06.09-08.35.08:757][619]LogModuleManager: Shutting down and abandoning module PlacementMode (188)
[2018.06.09-08.35.08:757][619]LogModuleManager: Shutting down and abandoning module AutomationWorker (187)
[2018.06.09-08.35.08:757][619]LogModuleManager: Shutting down and abandoning module CharacterAI (186)
[2018.06.09-08.35.08:757][619]LogModuleManager: Shutting down and abandoning module SmartSnapping (185)
[2018.06.09-08.35.08:757][619]LogModuleManager: Shutting down and abandoning module ViewportSnapping (184)
[2018.06.09-08.35.08:757][619]LogModuleManager: Shutting down and abandoning module LogVisualizer (183)
[2018.06.09-08.35.08:857][619]LogModuleManager: Shutting down and abandoning module GameProjectGeneration (182)
[2018.06.09-08.35.09:074][619]LogModuleManager: Shutting down and abandoning module IntroTutorials (181)
[2018.06.09-08.35.09:242][619]LogModuleManager: Shutting down and abandoning module EditorLiveStreaming (180)
[2018.06.09-08.35.09:242][619]LogModuleManager: Shutting down and abandoning module IOSPlatformEditor (179)
[2018.06.09-08.35.09:301][619]LogModuleManager: Shutting down and abandoning module HTML5PlatformEditor (178)
[2018.06.09-08.35.09:301][619]LogModuleManager: Shutting down and abandoning module AndroidDeviceDetection (177)
[2018.06.09-08.35.09:712][619]LogModuleManager: Shutting down and abandoning module AndroidPlatformEditor (176)
[2018.06.09-08.35.09:712][619]LogModuleManager: Shutting down and abandoning module IOSRuntimeSettings (175)
[2018.06.09-08.35.09:712][619]LogModuleManager: Shutting down and abandoning module AndroidRuntimeSettings (174)
[2018.06.09-08.35.09:712][619]LogModuleManager: Shutting down and abandoning module MergeActors (173)
[2018.06.09-08.35.09:742][619]LogModuleManager: Shutting down and abandoning module SizeMap (172)
[2018.06.09-08.35.09:761][619]LogModuleManager: Shutting down and abandoning module TreeMap (171)
[2018.06.09-08.35.09:765][619]LogModuleManager: Shutting down and abandoning module ReferenceViewer (170)
[2018.06.09-08.35.09:782][619]LogModuleManager: Shutting down and abandoning module LocalizationService (169)
[2018.06.09-08.35.09:798][619]LogModuleManager: Shutting down and abandoning module LocalizationDashboard (168)
[2018.06.09-08.35.09:815][619]LogModuleManager: Shutting down and abandoning module HardwareTargeting (167)
[2018.06.09-08.35.09:815][619]LogModuleManager: Shutting down and abandoning module DeviceProfileEditor (166)
[2018.06.09-08.35.09:823][619]LogModuleManager: Shutting down and abandoning module UndoHistory (165)
[2018.06.09-08.35.09:844][619]LogModuleManager: Shutting down and abandoning module UserFeedback (164)
[2018.06.09-08.35.09:844][619]LogModuleManager: Shutting down and abandoning module XmlParser (163)
[2018.06.09-08.35.09:861][619]LogModuleManager: Shutting down and abandoning module Blutility (162)
[2018.06.09-08.35.09:861][619]LogModuleManager: Shutting down and abandoning module ProjectTargetPlatformEditor (161)
[2018.06.09-08.35.09:861][619]LogModuleManager: Shutting down and abandoning module ProjectSettingsViewer (160)
[2018.06.09-08.35.09:861][619]LogModuleManager: Shutting down and abandoning module InputBindingEditor (159)
[2018.06.09-08.35.09:897][619]LogModuleManager: Shutting down and abandoning module EditorSettingsViewer (158)
[2018.06.09-08.35.09:897][619]LogModuleManager: Shutting down and abandoning module SettingsEditor (157)
[2018.06.09-08.35.09:949][619]LogModuleManager: Shutting down and abandoning module ProjectLauncher (156)
[2018.06.09-08.35.09:974][619]LogModuleManager: Shutting down and abandoning module SessionFrontend (155)
[2018.06.09-08.35.10:010][619]LogModuleManager: Shutting down and abandoning module ProfilerClient (154)
[2018.06.09-08.35.10:059][619]LogModuleManager: Shutting down and abandoning module TargetDeviceServices (153)
[2018.06.09-08.35.10:059][619]LogModuleManager: Shutting down and abandoning module DeviceManager (152)
[2018.06.09-08.35.10:160][619]LogModuleManager: Shutting down and abandoning module AutomationController (151)
[2018.06.09-08.35.10:213][619]LogModuleManager: Shutting down and abandoning module AutomationWindow (150)
[2018.06.09-08.35.10:331][619]LogModuleManager: Shutting down and abandoning module Layers (149)
[2018.06.09-08.35.10:480][619]LogModuleManager: Shutting down and abandoning module ComponentVisualizers (148)
[2018.06.09-08.35.10:480][619]LogModuleManager: Shutting down and abandoning module DetailCustomizations (147)
[2018.06.09-08.35.10:501][619]LogModuleManager: Shutting down and abandoning module PackagesDialog (146)
[2018.06.09-08.35.10:501][619]LogModuleManager: Shutting down and abandoning module Persona (145)
[2018.06.09-08.35.10:685][619]LogModuleManager: Shutting down and abandoning module Kismet (144)
[2018.06.09-08.35.10:741][619]LogModuleManager: Shutting down and abandoning module GraphEditor (143)
[2018.06.09-08.35.10:935][619]LogModuleManager: Shutting down and abandoning module ClassViewer (142)
[2018.06.09-08.35.10:999][619]LogModuleManager: Shutting down and abandoning module Toolbox (141)
[2018.06.09-08.35.11:040][619]LogModuleManager: Shutting down and abandoning module ModuleUI (140)
[2018.06.09-08.35.11:115][619]LogModuleManager: Shutting down and abandoning module MovieSceneTools (139)
[2018.06.09-08.35.11:143][619]LogModuleManager: Shutting down and abandoning module OutputLog (138)
[2018.06.09-08.35.11:180][619]LogModuleManager: Shutting down and abandoning module GammaUI (137)
[2018.06.09-08.35.11:186][619]LogModuleManager: Shutting down and abandoning module Documentation (136)
[2018.06.09-08.35.11:186][619]LogModuleManager: Shutting down and abandoning module StreamingPauseRendering (135)
[2018.06.09-08.35.11:186][619]LogModuleManager: Shutting down and abandoning module AnalyticsET (134)
[2018.06.09-08.35.11:186][619]LogModuleManager: Shutting down and abandoning module Analytics (133)
[2018.06.09-08.35.11:186][619]LogModuleManager: Shutting down and abandoning module PortalServices (132)
[2018.06.09-08.35.11:186][619]LogModuleManager: Shutting down and abandoning module PortalRpc (131)
[2018.06.09-08.35.11:186][619]LogModuleManager: Shutting down and abandoning module MessagingRpc (130)
[2018.06.09-08.35.11:186][619]LogModuleManager: Shutting down and abandoning module AITestSuite (129)
[2018.06.09-08.35.11:201][619]LogModuleManager: Shutting down and abandoning module GameplayDebugger (128)
[2018.06.09-08.35.11:201][619]LogModuleManager: Shutting down and abandoning module AIModule (127)
[2018.06.09-08.35.11:201][619]LogModuleManager: Shutting down and abandoning module ProfilerService (126)
[2018.06.09-08.35.11:251][619]LogModuleManager: Shutting down and abandoning module TaskGraph (125)
[2018.06.09-08.35.11:305][619]LogModuleManager: Shutting down and abandoning module SlateRemote (124)
[2018.06.09-08.35.11:305][619]LogModuleManager: Shutting down and abandoning module SteamVRController (123)
[2018.06.09-08.35.11:305][619]LogModuleManager: Shutting down and abandoning module SteamVR (122)
[2018.06.09-08.35.11:305][619]LogModuleManager: Shutting down and abandoning module ProceduralMeshComponent (121)
[2018.06.09-08.35.11:305][619]LogModuleManager: Shutting down and abandoning module OculusLibrary (120)
[2018.06.09-08.35.11:305][619]LogModuleManager: Shutting down and abandoning module OculusInput (119)
[2018.06.09-08.35.11:305][619]LogModuleManager: Shutting down and abandoning module CustomMeshComponent (118)
[2018.06.09-08.35.11:305][619]LogModuleManager: Shutting down and abandoning module CableComponent (117)
[2018.06.09-08.35.11:305][619]LogModuleManager: Shutting down and abandoning module ArchVisCharacter (116)
[2018.06.09-08.35.11:305][619]LogModuleManager: Shutting down and abandoning module MediaPlayerEditor (115)
[2018.06.09-08.35.11:345][619]LogModuleManager: Shutting down and abandoning module HTML5Networking (114)
[2018.06.09-08.35.11:345][619]LogModuleManager: Shutting down and abandoning module SpeedTreeImporter (113)
[2018.06.09-08.35.11:345][619]LogModuleManager: Shutting down and abandoning module PluginBrowser (112)
[2018.06.09-08.35.11:384][619]LogModuleManager: Shutting down and abandoning module EpicSurvey (111)
[2018.06.09-08.35.11:389][619]LogModuleManager: Shutting down and abandoning module DesktopPlatform (110)
[2018.06.09-08.35.11:414][619]LogModuleManager: Shutting down and abandoning module VisualStudioSourceCodeAccess (109)
[2018.06.09-08.35.11:425][619]LogModuleManager: Shutting down and abandoning module UObjectPlugin (108)
[2018.06.09-08.35.11:425][619]LogModuleManager: Shutting down and abandoning module SubversionSourceControl (107)
[2018.06.09-08.35.11:448][619]LogModuleManager: Shutting down and abandoning module PerforceSourceControl (106)
[2018.06.09-08.35.11:475][619]LogModuleManager: Shutting down and abandoning module SourceControl (105)
[2018.06.09-08.35.11:488][619]LogModuleManager: Shutting down and abandoning module GitSourceControl (104)
[2018.06.09-08.35.11:514][619]LogModuleManager: Shutting down and abandoning module LightPropagationVolumeEditor (103)
[2018.06.09-08.35.11:514][619]LogModuleManager: Shutting down and abandoning module PaperTiledImporter (102)
[2018.06.09-08.35.11:527][619]LogModuleManager: Shutting down and abandoning module PaperSpriteSheetImporter (101)
[2018.06.09-08.35.11:527][619]LogModuleManager: Shutting down and abandoning module MeshPaint (100)
[2018.06.09-08.35.11:546][619]LogModuleManager: Shutting down and abandoning module HotReload (99)
[2018.06.09-08.35.11:628][619]LogModuleManager: Shutting down and abandoning module MainFrame (98)
[2018.06.09-08.35.11:628][619]LogModuleManager: Shutting down and abandoning module LevelEditor (97)
[2018.06.09-08.35.11:629][619]LogModuleManager: Shutting down and abandoning module DirectoryWatcher (96)
[2018.06.09-08.35.11:629][619]LogModuleManager: Shutting down and abandoning module AssetRegistry (95)
[2018.06.09-08.35.11:929][619]LogModuleManager: Shutting down and abandoning module ContentBrowser (94)
[2018.06.09-08.35.11:930][619]LogModuleManager: Shutting down and abandoning module Paper2DEditor (93)
[2018.06.09-08.35.12:019][619]LogModuleManager: Shutting down and abandoning module UdpMessaging (92)
[2018.06.09-08.35.12:119][619]LogModuleManager: Shutting down and abandoning module LightPropagationVolumeRuntime (91)
[2018.06.09-08.35.12:119][619]LogModuleManager: Shutting down and abandoning module Paper2D (90)
[2018.06.09-08.35.12:143][619]LogModuleManager: Shutting down and abandoning module WindowsMoviePlayer (89)
[2018.06.09-08.35.12:177][619]LogModuleManager: Shutting down and abandoning module Media (88)
[2018.06.09-08.35.12:178][619]LogModuleManager: Shutting down and abandoning module WmfMedia (87)
[2018.06.09-08.35.12:274][619]LogModuleManager: Shutting down and abandoning module MediaAssets (86)
[2018.06.09-08.35.12:274][619]LogModuleManager: Shutting down and abandoning module GameLiveStreaming (85)
[2018.06.09-08.35.12:274][619]LogModuleManager: Shutting down and abandoning module GameplayTagsEditor (84)
[2018.06.09-08.35.12:274][619]LogModuleManager: Shutting down and abandoning module OnlineBlueprintSupport (83)
[2018.06.09-08.35.12:274][619]LogModuleManager: Shutting down and abandoning module GameplayTasksEditor (82)
[2018.06.09-08.35.12:274][619]LogModuleManager: Shutting down and abandoning module PropertyEditor (81)
[2018.06.09-08.35.12:274][619]LogModuleManager: Shutting down and abandoning module BehaviorTreeEditor (80)
[2018.06.09-08.35.12:434][619]LogModuleManager: Shutting down and abandoning module FunctionalTesting (79)
[2018.06.09-08.35.12:434][619]LogModuleManager: Shutting down and abandoning module CollisionAnalyzer (78)
[2018.06.09-08.35.12:477][619]LogModuleManager: Shutting down and abandoning module WorkspaceMenuStructure (77)
[2018.06.09-08.35.12:477][619]LogModuleManager: Shutting down and abandoning module MessageLog (76)
[2018.06.09-08.35.12:477][619]LogModuleManager: Shutting down and abandoning module Sequencer (75)
[2018.06.09-08.35.12:514][619]LogModuleManager: Shutting down and abandoning module AssetTools (74)
[2018.06.09-08.35.12:550][619]LogModuleManager: Shutting down and abandoning module UMGEditor (73)
[2018.06.09-08.35.13:064][619]LogModuleManager: Shutting down and abandoning module UMG (72)
[2018.06.09-08.35.13:064][619]LogModuleManager: Shutting down and abandoning module SlateReflector (71)
[2018.06.09-08.35.13:243][619]LogModuleManager: Shutting down and abandoning module Slate (70)
[2018.06.09-08.35.13:243][619]LogModuleManager: Shutting down and abandoning module EditorStyle (69)
[2018.06.09-08.35.13:246][619]LogModuleManager: Shutting down and abandoning module SessionServices (68)
[2018.06.09-08.35.13:246][619]LogModuleManager: Shutting down and abandoning module SourceCodeAccess (67)
[2018.06.09-08.35.13:246][619]LogModuleManager: Shutting down and abandoning module HeadMountedDisplay (66)
[2018.06.09-08.35.13:246][619]LogModuleManager: Shutting down and abandoning module XAudio2 (65)
[2018.06.09-08.35.13:246][619]LogModuleManager: Shutting down and abandoning module Networking (63)
[2018.06.09-08.35.13:246][619]LogModuleManager: Shutting down and abandoning module Core (62)
[2018.06.09-08.35.13:246][619]LogModuleManager: Shutting down and abandoning module KismetCompiler (61)
[2018.06.09-08.35.13:246][619]LogModuleManager: Shutting down and abandoning module PhysXFormats (60)
[2018.06.09-08.35.13:246][619]LogModuleManager: Shutting down and abandoning module MeshUtilities (59)
[2018.06.09-08.35.13:419][619]LogModuleManager: Shutting down and abandoning module CookingStats (58)
[2018.06.09-08.35.13:419][619]LogModuleManager: Shutting down and abandoning module DerivedDataCache (57)
[2018.06.09-08.35.13:419][619]LogDerivedDataCache: Shutdown
[2018.06.09-08.35.13:419][619]LogModuleManager: Shutting down and abandoning module ShaderFormatOpenGL (56)
[2018.06.09-08.35.13:574][619]LogModuleManager: Shutting down and abandoning module ShaderFormatD3D (55)
[2018.06.09-08.35.13:635][619]LogModuleManager: Shutting down and abandoning module MetalShaderFormat (54)
[2018.06.09-08.35.13:700][619]LogModuleManager: Shutting down and abandoning module TextureFormatUncompressed (53)
[2018.06.09-08.35.13:700][619]LogModuleManager: Shutting down and abandoning module TextureFormatPVR (52)
[2018.06.09-08.35.13:744][619]LogModuleManager: Shutting down and abandoning module TextureFormatIntelISPCTexComp (51)
[2018.06.09-08.35.13:784][619]LogModuleManager: Shutting down and abandoning module TextureFormatDXT (50)
[2018.06.09-08.35.13:784][619]LogModuleManager: Shutting down and abandoning module ImageWrapper (49)
[2018.06.09-08.35.13:784][619]LogModuleManager: Shutting down and abandoning module TextureFormatASTC (48)
[2018.06.09-08.35.13:784][619]LogModuleManager: Shutting down and abandoning module TextureFormatAndroid (47)
[2018.06.09-08.35.13:784][619]LogModuleManager: Shutting down and abandoning module AudioFormatOpus (46)
[2018.06.09-08.35.13:813][619]LogModuleManager: Shutting down and abandoning module AudioFormatOgg (45)
[2018.06.09-08.35.13:851][619]LogModuleManager: Shutting down and abandoning module AudioFormatADPCM (44)
[2018.06.09-08.35.13:912][619]LogModuleManager: Shutting down and abandoning module LinuxTargetPlatform (43)
[2018.06.09-08.35.13:912][619]LogModuleManager: Shutting down and abandoning module LinuxServerTargetPlatform (42)
[2018.06.09-08.35.13:953][619]LogModuleManager: Shutting down and abandoning module LinuxNoEditorTargetPlatform (41)
[2018.06.09-08.35.13:988][619]LogModuleManager: Shutting down and abandoning module TVOSTargetPlatform (40)
[2018.06.09-08.35.13:988][619]LogModuleManager: Shutting down and abandoning module Messaging (39)
[2018.06.09-08.35.13:988][619]LogModuleManager: Shutting down and abandoning module IOSTargetPlatform (38)
[2018.06.09-08.35.13:988][619]LogModuleManager: Shutting down and abandoning module HTML5TargetPlatform (37)
[2018.06.09-08.35.13:988][619]LogModuleManager: Shutting down and abandoning module Android_PVRTCTargetPlatform (36)
[2018.06.09-08.35.13:988][619]LogModuleManager: Shutting down and abandoning module Android_MultiTargetPlatform (35)
[2018.06.09-08.35.14:030][619]LogModuleManager: Shutting down and abandoning module Android_ETC2TargetPlatform (34)
[2018.06.09-08.35.14:030][619]LogModuleManager: Shutting down and abandoning module Android_ETC1TargetPlatform (33)
[2018.06.09-08.35.14:030][619]LogModuleManager: Shutting down and abandoning module Android_DXTTargetPlatform (32)
[2018.06.09-08.35.14:030][619]LogModuleManager: Shutting down and abandoning module Android_ATCTargetPlatform (31)
[2018.06.09-08.35.14:030][619]LogModuleManager: Shutting down and abandoning module Android_ASTCTargetPlatform (30)
[2018.06.09-08.35.14:030][619]LogModuleManager: Shutting down and abandoning module AndroidTargetPlatform (29)
[2018.06.09-08.35.14:030][619]LogModuleManager: Shutting down and abandoning module WindowsTargetPlatform (28)
[2018.06.09-08.35.14:030][619]LogModuleManager: Shutting down and abandoning module WindowsServerTargetPlatform (27)
[2018.06.09-08.35.14:065][619]LogModuleManager: Shutting down and abandoning module WindowsNoEditorTargetPlatform (26)
[2018.06.09-08.35.14:069][619]LogModuleManager: Shutting down and abandoning module WindowsClientTargetPlatform (25)
[2018.06.09-08.35.14:113][619]LogModuleManager: Shutting down and abandoning module AllDesktopTargetPlatform (24)
[2018.06.09-08.35.14:113][619]LogModuleManager: Shutting down and abandoning module TargetPlatform (23)
[2018.06.09-08.35.14:113][619]LogModuleManager: Shutting down and abandoning module InputCore (22)
[2018.06.09-08.35.14:113][619]LogModuleManager: Shutting down and abandoning module Settings (21)
[2018.06.09-08.35.14:113][619]LogModuleManager: Shutting down and abandoning module OnlineSubsystem (19)
[2018.06.09-08.35.14:113][619]LogModuleManager: Shutting down and abandoning module HTTP (18)
[2018.06.09-08.35.16:113][619]LogModuleManager: Shutting down and abandoning module XMPP (17)
[2018.06.09-08.35.16:182][619]LogModuleManager: Shutting down and abandoning module OculusRift (16)
[2018.06.09-08.35.16:305][619]LogModuleManager: Shutting down and abandoning module ExampleDeviceProfileSelector (15)
[2018.06.09-08.35.16:305][619]LogModuleManager: Shutting down and abandoning module TextureCompressor (14)
[2018.06.09-08.35.16:305][619]LogModuleManager: Shutting down and abandoning module ShaderCore (13)
[2018.06.09-08.35.16:305][619]LogModuleManager: Shutting down and abandoning module Landscape (12)
[2018.06.09-08.35.16:305][619]LogModuleManager: Shutting down and abandoning module SlateRHIRenderer (11)
[2018.06.09-08.35.16:340][619]LogModuleManager: Shutting down and abandoning module OpenGLDrv (10)
[2018.06.09-08.35.16:511][619]LogModuleManager: Shutting down and abandoning module D3D11RHI (9)
[2018.06.09-08.35.16:511][619]LogModuleManager: Shutting down and abandoning module AnimGraphRuntime (8)
[2018.06.09-08.35.16:512][619]LogModuleManager: Shutting down and abandoning module Renderer (7)
[2018.06.09-08.35.16:512][619]LogModuleManager: Shutting down and abandoning module Engine (6)
[2018.06.09-08.35.16:512][619]LogModuleManager: Shutting down and abandoning module CoreUObject (5)
[2018.06.09-08.35.16:512][619]LogModuleManager: Shutting down and abandoning module NetworkFile (4)
[2018.06.09-08.35.16:610][619]LogModuleManager: Shutting down and abandoning module StreamingFile (3)
[2018.06.09-08.35.16:659][619]LogModuleManager: Shutting down and abandoning module SandboxFile (2)
[2018.06.09-08.35.16:694][619]LogModuleManager: Shutting down and abandoning module PakFile (1)
[2018.06.09-08.35.16:841][619]LogExit: Exiting.
[2018.06.09-08.35.16:877][619]Log file closed, 06/09/18 16:35:16
