Log file open, 05/31/18 16:40:28
LogInit:Display: Running engine for game: TopDownProject
LogPlatformFile: Not using cached read wrapper
LogInit:Display: RandInit(-1997776331) SRandInit(-1997776329).
LogTaskGraph: Started task graph with 4 named threads and 5 total threads.
LogStats: Stats thread started at 0.044818
LogInit: Version: 4.11.2-2946394+++UE4+Release-4.11
LogInit: API Version: 2927265
LogInit: Compiled (64-bit): Apr 18 2016 02:18:46
LogInit: Compiled with Visual C++: 19.00.23026.00
LogInit: Build Configuration: Development
LogInit: Branch Name: ++UE4+Release-4.11
LogInit: Command line:  
LogInit: Base directory: D:/UE_4.11/Engine/Binaries/Win64/
LogInit: Installed Engine Build: 1
LogInit: Using libcurl 7.41.0
LogInit:  - built for x86_64-pc-win32
LogInit:  - supports SSL with WinSSL
LogInit:  - other features:
LogInit:      CURL_VERSION_SSL
LogInit:      CURL_VERSION_IPV6
LogInit:      CURL_VERSION_ASYNCHDNS
LogInit:      CURL_VERSION_LARGEFILE
LogInit:      CURL_VERSION_IDN
LogInit:  CurlRequestOptions (configurable via config and command line):
LogInit:  - bVerifyPeer = true  - Libcurl will verify peer certificate
LogInit:  - bUseHttpProxy = false  - Libcurl will NOT use HTTP proxy
LogInit:  - bDontReuseConnections = false  - Libcurl will reuse connections
LogInit:  - CertBundlePath = nullptr  - Libcurl will use whatever was configured at build time.
LogInit: Presizing for max 16777216 objects, including 0 objects not considered by GC, pre-allocating 0 bytes for permanent pool.
LogInit: Object subsystem initialized
[2018.05.31-08.40.29:007][  0]LogInit: Selected Device Profile: [Windows]
[2018.05.31-08.40.29:007][  0]LogInit: Applying CVar settings loaded from the selected device profile: [Windows]
[2018.05.31-08.40.29:107][  0]LogInit: Computer: 1-ПК
[2018.05.31-08.40.29:107][  0]LogInit: User: 1
[2018.05.31-08.40.29:107][  0]LogInit: CPU Page size=65536, Cores=2
[2018.05.31-08.40.29:107][  0]LogInit: High frequency timer resolution =2.338515 MHz
[2018.05.31-08.40.29:107][  0]LogMemory: Memory total: Physical=3.9GB (4GB approx)
[2018.05.31-08.40.29:107][  0]LogMemory: Platform Memory Stats for Windows
[2018.05.31-08.40.29:107][  0]LogMemory: Process Physical Memory: 313.88 MB used, 313.88 MB peak
[2018.05.31-08.40.29:107][  0]LogMemory: Process Virtual Memory: 318.43 MB used, 318.43 MB peak
[2018.05.31-08.40.29:107][  0]LogMemory: Physical Memory: 1465.37 MB used, 4010.14 MB total
[2018.05.31-08.40.29:107][  0]LogMemory: Virtual Memory: 624.30 MB used, 8388608.00 MB total
[2018.05.31-08.40.31:052][  0]LogTextLocalizationManager: No translations for ('ru-RU') exist, falling back to 'en' for localization and internationalization data.
[2018.05.31-08.40.35:176][  0]LogD3D11RHI: D3D11 adapters:
[2018.05.31-08.40.35:305][  0]LogD3D11RHI:    0. 'Intel(R) HD Graphics 3000' (Feature Level 10_0)
[2018.05.31-08.40.35:305][  0]LogD3D11RHI:       64MB of dedicated video memory, 0MB of dedicated system memory, and 1632MB of shared system memory, 1 output[s]
[2018.05.31-08.40.42:572][  0]LogD3D11RHI:    1. 'NVIDIA GeForce 410M' (Feature Level 11_0)
[2018.05.31-08.40.42:572][  0]LogD3D11RHI:       979MB of dedicated video memory, 0MB of dedicated system memory, and 1749MB of shared system memory, 0 output[s]
[2018.05.31-08.40.42:572][  0]LogD3D11RHI: Chosen D3D11 Adapter: 0
[2018.05.31-08.40.43:286][  0]LogD3D11RHI: Creating new Direct3DDevice
[2018.05.31-08.40.43:287][  0]LogD3D11RHI:     Adapter Name: Intel(R) HD Graphics 3000
[2018.05.31-08.40.43:287][  0]LogD3D11RHI:   Driver Version: Unknown (internal Unknown)
[2018.05.31-08.40.43:287][  0]LogD3D11RHI:      Driver Date: Unknown
[2018.05.31-08.40.43:287][  0]LogRHI: Texture pool is 616 MB (70% of 880 MB)
[2018.05.31-08.40.43:290][  0]LogD3D11RHI: Async texture creation enabled
[2018.05.31-08.40.50:984][  0]LogShaderCompilers: Guid format shader working directory is -29 characters bigger than the processId version (../../../../sergey/UnrealProjects/Game_1337/TopDownProjectNewRepository/Intermediate/Shaders/WorkingDirectory/4464/).
[2018.05.31-08.40.50:984][  0]LogShaderCompilers: Cleaned the shader compiler working directory 'C:/Users/1/AppData/Local/Temp/UnrealShaderWorkingDir/9B98448B44D8DF8937AD209E1CF911A5/'.
[2018.05.31-08.40.50:985][  0]LogShaderCompilers:Display: Using Local Shader Compiler.
[2018.05.31-08.41.18:152][  0]LogTemp:Display: Loaded TP AllDesktopTargetPlatform
[2018.05.31-08.41.18:180][  0]LogTemp:Display: Loaded TP WindowsClientTargetPlatform
[2018.05.31-08.41.18:193][  0]LogTemp:Display: Loaded TP WindowsNoEditorTargetPlatform
[2018.05.31-08.41.18:210][  0]LogTemp:Display: Loaded TP WindowsServerTargetPlatform
[2018.05.31-08.41.18:245][  0]LogTemp:Display: Loaded TP WindowsTargetPlatform
[2018.05.31-08.41.18:310][  0]LogTemp:Display: Loaded TP AndroidTargetPlatform
[2018.05.31-08.41.18:338][  0]LogTemp:Display: Loaded TP Android_ASTCTargetPlatform
[2018.05.31-08.41.18:389][  0]LogTemp:Display: Loaded TP Android_ATCTargetPlatform
[2018.05.31-08.41.18:447][  0]LogTemp:Display: Loaded TP Android_DXTTargetPlatform
[2018.05.31-08.41.18:495][  0]LogTemp:Display: Loaded TP Android_ETC1TargetPlatform
[2018.05.31-08.41.18:540][  0]LogTemp:Display: Loaded TP Android_ETC2TargetPlatform
[2018.05.31-08.41.18:676][  0]LogTemp:Display: Loaded TP Android_MultiTargetPlatform
[2018.05.31-08.41.18:676][  0]LogTemp:Display: Loaded TP Android_PVRTCTargetPlatform
[2018.05.31-08.41.18:734][  0]LogTemp:Display: Loaded TP HTML5TargetPlatform
[2018.05.31-08.41.18:875][  0]LogTemp:Display: Loaded TP IOSTargetPlatform
[2018.05.31-08.41.18:880][  0]LogTemp:Display: Loaded TP TVOSTargetPlatform
[2018.05.31-08.41.18:912][  0]LogTemp:Display: Loaded TP LinuxNoEditorTargetPlatform
[2018.05.31-08.41.18:956][  0]LogTemp:Display: Loaded TP LinuxServerTargetPlatform
[2018.05.31-08.41.19:039][  0]LogTemp:Display: Loaded TP LinuxTargetPlatform
[2018.05.31-08.41.19:054][  0]LogTargetPlatformManager:Display: Building Assets For Windows
[2018.05.31-08.41.20:732][  0]LogDerivedDataCache:Display: Max Cache Size: 512 MB
[2018.05.31-08.41.21:628][  0]LogDerivedDataCache: Loaded boot cache 0.88s 46MB C:/Users/1/AppData/Local/UnrealEngine/4.11/DerivedDataCache/Boot.ddc.
[2018.05.31-08.41.21:628][  0]LogDerivedDataCache:Display: Loaded Boot cache: C:/Users/1/AppData/Local/UnrealEngine/4.11/DerivedDataCache/Boot.ddc
[2018.05.31-08.41.21:628][  0]LogDerivedDataCache: FDerivedDataBackendGraph:  Pak pak cache file ../../../../sergey/UnrealProjects/Game_1337/TopDownProjectNewRepository/DerivedDataCache/DDC.ddp not found, will not use a pak cache.
[2018.05.31-08.41.21:629][  0]LogDerivedDataCache: Unable to find inner node Pak for hierarchical cache Hierarchy.
[2018.05.31-08.41.21:629][  0]LogDerivedDataCache: FDerivedDataBackendGraph:  CompressedPak pak cache file ../../../../sergey/UnrealProjects/Game_1337/TopDownProjectNewRepository/DerivedDataCache/Compressed.ddp not found, will not use a pak cache.
[2018.05.31-08.41.21:629][  0]LogDerivedDataCache: Unable to find inner node CompressedPak for hierarchical cache Hierarchy.
[2018.05.31-08.41.21:708][  0]LogDerivedDataCache:Display: Pak cache opened for reading ../../../Engine/DerivedDataCache/Compressed.ddp.
[2018.05.31-08.41.21:750][  0]LogDerivedDataCache: Using Local data cache path C:/Users/1/AppData/Local/UnrealEngine/Common/DerivedDataCache: Writable
[2018.05.31-08.41.41:374][  0]LogInit: Selected Device Profile: [Windows]
[2018.05.31-08.41.41:449][  0]LogContentStreaming: Texture pool size is 0.00 MB
[2018.05.31-08.41.43:507][  0]LogMaterial: Uniform references updated for custom material expression Custom.
[2018.05.31-08.41.46:925][  0]LogMeshUtilities: No automatic mesh reduction module available
[2018.05.31-08.41.46:925][  0]LogMeshUtilities: No automatic mesh merging module available
[2018.05.31-08.41.46:925][  0]LogMeshUtilities: No distributed automatic mesh merging module available
[2018.05.31-08.41.58:326][  0]LogUObjectArray: 27679 objects as part of root set at end of initial load.
[2018.05.31-08.41.58:344][  0]LogUObjectAllocator: 5591592 out of 0 bytes used by permanent object pool.
[2018.05.31-08.41.58:344][  0]LogUObjectArray: CloseDisregardForGC: 0/0 objects in disregard for GC pool
[2018.05.31-08.41.58:385][  0]LogInit: WinSock: version 1.1 (2.2), MaxSocks=32767, MaxUdp=65467
[2018.05.31-08.42.03:612][  0]LogSlate: SlateFontCache - WITH_FREETYPE: 1, WITH_HARFBUZZ: 1
[2018.05.31-08.42.03:612][  0]LogSlate: SlateFontCache - WITH_FREETYPE: 1, WITH_HARFBUZZ: 1
[2018.05.31-08.42.07:399][  0]LogStreaming:Warning: Failed to read file '../../../Engine/Content/Editor/Slate/Common/Selection_16x.png' error.
[2018.05.31-08.42.07:399][  0]LogSlate: Could not find file for Slate resource: ../../../Engine/Content/Editor/Slate/Common/Selection_16x.png
[2018.05.31-08.42.07:399][  0]LogStreaming:Warning: Failed to read file '../../../Engine/Content/Editor/Slate/Common/Selection_16x.png' error.
[2018.05.31-08.42.07:399][  0]LogSlate: Could not find file for Slate resource: ../../../Engine/Content/Editor/Slate/Common/Selection_16x.png
[2018.05.31-08.42.07:400][  0]LogStreaming:Warning: Failed to read file '../../../Engine/Content/Editor/Slate/Common/Selection_16x.png' error.
[2018.05.31-08.42.07:400][  0]LogSlate: Could not find file for Slate resource: ../../../Engine/Content/Editor/Slate/Common/Selection_16x.png
[2018.05.31-08.42.22:886][  0]LogUdpMessaging: Initializing bridge on interface 0.0.0.0:0 to multicast group 230.0.0.1:6666.
[2018.05.31-08.42.23:569][  0]LogAssetRegistry: FAssetRegistry took 0.0238 seconds to start up
[2018.05.31-08.42.30:075][  0]SourceControl: Info Source control is disabled
[2018.05.31-08.42.30:076][  0]SourceControl: Info Source control is disabled
[2018.05.31-08.42.30:293][  0]SourceControl: Info Source control is disabled
[2018.05.31-08.42.30:478][  0]SourceControl: Info Source control is disabled
[2018.05.31-08.42.32:369][  0]LogHMD: Failed to initialize OpenVR with code 110
[2018.05.31-08.42.33:418][  0]LogEngine: Initializing Engine...
[2018.05.31-08.42.36:052][  0]LogAIModule: Creating AISystem for world NewWorld
[2018.05.31-08.42.36:156][  0]LogInit: XAudio2 using 'Динамики (Устройство с поддержкой High Definition Audio)' : 2 channels at 44.1 kHz using 16 bits per sample (channel mask 0x3)
[2018.05.31-08.42.36:167][  0]LogInit: FAudioDevice initialized.
[2018.05.31-08.42.36:256][  0]LogDerivedDataCache: Saved boot cache 0.09s 66MB C:/Users/1/AppData/Local/UnrealEngine/4.11/DerivedDataCache/Boot.ddc.
[2018.05.31-08.42.36:315][  0]LogInit: Texture streaming: Enabled
[2018.05.31-08.42.37:411][  0]LogInit: Transaction tracking system initialized
[2018.05.31-08.42.41:641][  0]BlueprintLog: New page: Editor Load
[2018.05.31-08.42.51:548][  0]LocalizationService: Info Localization service is disabled
[2018.05.31-08.42.58:413][  0]LogConsoleResponse:Display: 
[2018.05.31-08.43.07:175][  0]LogFileCache: Scanning file cache for directory 'D:/sergey/UnrealProjects/Game_1337/TopDownProjectNewRepository/Content/' took 0.03s
[2018.05.31-08.43.07:175][  0]LogCook:Display: Max memory allowance for cook 8192mb
[2018.05.31-08.43.07:222][  0]LogCook:Display: Mobile HDR setting 1
[2018.05.31-08.43.07:273][  0]LogCook:Display: Done creating registry. It took  0.00s.
[2018.05.31-08.43.12:985][  0]SourceControl: Info Source control is disabled
[2018.05.31-08.43.13:097][  0]Cmd: MAP LOAD FILE="../../../../sergey/UnrealProjects/Game_1337/TopDownProjectNewRepository/Content/TopDownBP/Maps/LowPolyMap.umap" TEMPLATE=0 SHOWPROGRESS=1 FEATURELEVEL=2
[2018.05.31-08.43.13:220][  0]LightingResults: New page: Lighting Build
[2018.05.31-08.43.13:789][  0]MapCheck: New page: Map Check
[2018.05.31-08.43.13:789][  0]LightingResults: New page: Lighting Build
[2018.05.31-08.43.14:627][  0]LogLinker:Warning: Asset '../../../../sergey/UnrealProjects/Game_1337/TopDownProjectNewRepository/Content/Mannequin/Animations/ThirdPerson_AnimBP.uasset' has been saved with empty engine version. The asset will be loaded but may be incompatible.
[2018.05.31-08.43.14:723][  0]LogLinker:Warning: Asset '../../../../sergey/UnrealProjects/Game_1337/TopDownProjectNewRepository/Content/Mannequin/Animations/ThirdPerson_Jump.uasset' has been saved with empty engine version. The asset will be loaded but may be incompatible.
[2018.05.31-08.43.14:875][  0]LogLinker:Warning: Asset '../../../../sergey/UnrealProjects/Game_1337/TopDownProjectNewRepository/Content/Mannequin/Animations/ThirdPersonJump_Loop.uasset' has been saved with empty engine version. The asset will be loaded but may be incompatible.
[2018.05.31-08.43.14:995][  0]LogLinker:Warning: Asset '../../../../sergey/UnrealProjects/Game_1337/TopDownProjectNewRepository/Content/Mannequin/Animations/ThirdPersonJump_Start.uasset' has been saved with empty engine version. The asset will be loaded but may be incompatible.
[2018.05.31-08.43.15:234][  0]LogLinker:Warning: Asset '../../../../sergey/UnrealProjects/Game_1337/TopDownProjectNewRepository/Content/Mannequin/Animations/ThirdPersonIdle.uasset' has been saved with empty engine version. The asset will be loaded but may be incompatible.
[2018.05.31-08.43.15:365][  0]LogLinker:Warning: Asset '../../../../sergey/UnrealProjects/Game_1337/TopDownProjectNewRepository/Content/Mannequin/Animations/ThirdPersonRun.uasset' has been saved with empty engine version. The asset will be loaded but may be incompatible.
[2018.05.31-08.43.15:445][  0]LogLinker:Warning: Asset '../../../../sergey/UnrealProjects/Game_1337/TopDownProjectNewRepository/Content/Mannequin/Animations/ThirdPersonWalk.uasset' has been saved with empty engine version. The asset will be loaded but may be incompatible.
[2018.05.31-08.43.34:483][  0]LogMaterial: Uniform references updated for custom material expression TemporalAA SampleID.
[2018.05.31-08.43.34:483][  0]LogMaterial: Uniform references updated for custom material expression Custom.
[2018.05.31-08.43.40:258][  0]LogMaterial: Missing cached shader map for material Green_3, compiling. 
[2018.05.31-08.43.41:801][  0]LogMaterial: Missing cached shader map for material Purple_1, compiling. 
[2018.05.31-08.43.41:911][  0]LogMaterial: Missing cached shader map for material Green_5, compiling. 
[2018.05.31-08.43.43:687][  0]LogMaterial: Missing cached shader map for material Pink_1, compiling. 
[2018.05.31-08.43.43:770][  0]LogMaterial: Missing cached shader map for material Green_8, compiling. 
[2018.05.31-08.43.44:657][  0]LogMaterial: Missing cached shader map for material Green_13, compiling. 
[2018.05.31-08.43.47:676][  0]LogAIModule: Creating AISystem for world LowPolyMap
[2018.05.31-08.43.47:889][  0]LogMaterial:Warning: Material /Game/LowPolyModels/Materials/Green_3.Green_3 needed to have new flag set bUsedWithInstancedStaticMeshes !
[2018.05.31-08.43.48:009][  0]LogMaterial: Missing cached shader map for material Green_3, compiling. 
[2018.05.31-08.43.48:067][  0]MapCheck:Warning: Warning Green_3 Material /Game/LowPolyModels/Materials/Green_3.Green_3 was missing the usage flag bUsedWithInstancedStaticMeshes. If the material asset is not re-saved, it may not render correctly when run outside the editor. Fix
[2018.05.31-08.43.48:068][  0]LogMaterial: 0.00 seconds spent updating 1 materials, 1 interfaces, 0 instances, 0 with static permutations.
[2018.05.31-08.43.48:805][  0]LogEditorServer: Finished looking for orphan Actors (0.027 secs)
[2018.05.31-08.43.49:375][  0]Cmd: MAP CHECKDEP NOCLEARLOG
[2018.05.31-08.43.49:727][  0]MapCheck: Info Map check complete: 0 Error(s), 1 Warning(s), took 351.8ms to complete.
[2018.05.31-08.43.49:871][  0]LogFileHelpers: Loading map 'LowPolyMap' took 36.774
[2018.05.31-08.43.53:991][  0]LogCollectionManager: Loaded 0 collections in 0.022967 seconds
[2018.05.31-08.43.54:512][  0]LogFileCache: Scanning file cache for directory 'D:/sergey/UnrealProjects/Game_1337/TopDownProjectNewRepository/Saved/Collections/' took 0.08s
[2018.05.31-08.43.54:512][  0]LogFileCache: Scanning file cache for directory 'D:/sergey/UnrealProjects/Game_1337/TopDownProjectNewRepository/Content/Developers/1/Collections/' took 0.01s
[2018.05.31-08.43.54:512][  0]LogFileCache: Scanning file cache for directory 'D:/sergey/UnrealProjects/Game_1337/TopDownProjectNewRepository/Content/Collections/' took 0.01s
[2018.05.31-08.43.54:512][  0]LogCollectionManager: Rebuilt the GUID cache for 0 collections in 0.000005 seconds
[2018.05.31-08.43.54:576][  0]LogContentBrowser: Native class hierarchy populated in 0.0482 seconds. Added 1979 classes and 343 folders.
[2018.05.31-08.43.54:686][  0]LogStats: UGameplayTagsManager::ConstructGameplayTagTree: Construct from data asset -  0.000 s
[2018.05.31-08.43.54:686][  0]LogStats: UGameplayTagsManager::ConstructGameplayTagTree: GameplayTagTreeChangedEvent.Broadcast -  0.000 s
[2018.05.31-08.43.54:718][  0]LogContentBrowser: Native class hierarchy updated for 'GameplayTags' in 0.0015 seconds. Added 12 classes and 0 folders.
[2018.05.31-08.43.54:879][  0]LogContentBrowser: Native class hierarchy updated for 'WidgetCarousel' in 0.0009 seconds. Added 0 classes and 0 folders.
[2018.05.31-08.43.55:891][  0]LogContentBrowser: Native class hierarchy updated for 'SuperSearch' in 0.0008 seconds. Added 1 classes and 2 folders.
[2018.05.31-08.43.58:676][  0]LogContentBrowser: Native class hierarchy updated for 'AddContentDialog' in 0.0007 seconds. Added 0 classes and 0 folders.
[2018.05.31-08.43.58:793][  0]LogContentBrowser: Native class hierarchy updated for 'SceneOutliner' in 0.0008 seconds. Added 1 classes and 2 folders.
[2018.05.31-08.43.59:741][  0]LogCrashTracker: Crashtracker disabled due to settings.
[2018.05.31-08.44.00:943][  0]LogUObjectGlobals:Warning: Failed to find object 'Class None.'
[2018.05.31-08.44.02:423][  0]LogContentBrowser: Native class hierarchy updated for 'HierarchicalLODOutliner' in 0.0008 seconds. Added 1 classes and 2 folders.
[2018.05.31-08.44.02:424][  0]LogLoad: Full Startup: 214.94 seconds (BP compile: 6.43 seconds)
[2018.05.31-08.44.02:424][  0]LogExternalProfiler:Warning: No registered external profiler was matched with a command-line switch (or the DLL could not be loaded).  External profiling features will not be available.
[2018.05.31-08.44.02:943][  0]LogOcInput: OculusInput pre-init called
[2018.05.31-08.44.05:952][  0]LogContentStreaming: Texture pool size now 200 MB
[2018.05.31-08.44.07:499][  0]LogRenderer: Reallocating scene render targets to support 736x392 (Frame:2).
[2018.05.31-08.44.20:798][  3]LogAssetRegistry: Asset discovery search completed in 117.2471 seconds
[2018.05.31-08.44.20:856][  3]LogCollectionManager: Rebuilt the object cache for 0 collections in 0.000001 seconds (found 0 objects)
[2018.05.31-08.44.20:856][  3]LogCollectionManager: Fixed up redirectors for 0 collections in 0.057956 seconds (updated 0 objects)
[2018.05.31-08.51.42:240][335]LogEditorViewport: Clicking on Actor (context menu): BP_Sky_Sphere_C (Sky Sphere)
[2018.05.31-08.51.44:996][335]LogEditorViewport: Clicking on Actor (context menu): MyAIEnemy_C (MyAIEnemy37)
[2018.05.31-08.51.48:524][379]LogPlayLevel: PlayLevel: No blueprints needed recompiling
[2018.05.31-08.51.48:806][379]PIE: New page: PIE session: LowPolyMap (Jun 1, 2018, 12:51:48 AM)
[2018.05.31-08.51.48:818][379]LogPlayLevel: Creating play world package: /Game/TopDownBP/Maps/UEDPIE_0_LowPolyMap
[2018.05.31-08.51.49:023][379]LogPlayLevel: PIE: StaticDuplicateObject took: (0.204432s)
[2018.05.31-08.51.49:024][379]LogAIModule: Creating AISystem for world LowPolyMap
[2018.05.31-08.51.49:024][379]LogPlayLevel: PIE: World Init took: (0.001060s)
[2018.05.31-08.51.49:069][379]LogPlayLevel: PIE: Created PIE world by copying editor world from /Game/TopDownBP/Maps/LowPolyMap.LowPolyMap to /Game/TopDownBP/Maps/UEDPIE_0_LowPolyMap.LowPolyMap (0.250746s)
[2018.05.31-08.51.49:083][379]LogActorComponent: UnregisterComponent: (/Engine/Transient.CharMoveComp) Not registered. Aborting.
[2018.05.31-08.51.49:083][379]LogActorComponent: UnregisterComponent: (/Engine/Transient.CursorOnActorText_GEN_VARIABLE) Not registered. Aborting.
[2018.05.31-08.51.49:083][379]LogActorComponent: UnregisterComponent: (/Engine/Transient.CharGoingForAction_GEN_VARIABLE) Not registered. Aborting.
[2018.05.31-08.51.49:084][379]LogActorComponent: UnregisterComponent: (/Engine/Transient.PawnSensing_GEN_VARIABLE) Not registered. Aborting.
[2018.05.31-08.51.49:084][379]LogActorComponent: UnregisterComponent: (/Engine/Transient.CharacterMovementComponent_0) Not registered. Aborting.
[2018.05.31-08.51.49:084][379]LogActorComponent: UnregisterComponent: (/Engine/Transient.CursorOnActorText_C_0) Not registered. Aborting.
[2018.05.31-08.51.49:084][379]LogActorComponent: UnregisterComponent: (/Engine/Transient.CharGoingForAction_C_0) Not registered. Aborting.
[2018.05.31-08.51.49:084][379]LogActorComponent: UnregisterComponent: (/Engine/Transient.PawnSensingComponent_0) Not registered. Aborting.
[2018.05.31-08.51.49:084][379]LogActorComponent: UnregisterComponent: (/Engine/Transient.CharacterMovementComponent_1) Not registered. Aborting.
[2018.05.31-08.51.49:675][379]LogInit: XAudio2 using 'Динамики (Устройство с поддержкой High Definition Audio)' : 2 channels at 44.1 kHz using 16 bits per sample (channel mask 0x3)
[2018.05.31-08.51.49:683][379]LogInit: FAudioDevice initialized.
[2018.05.31-08.51.50:304][379]LogWorld: Game class is 'TopDownGameMode_C'
[2018.05.31-08.51.50:633][379]LogWorld: Bringing World /Game/TopDownBP/Maps/UEDPIE_0_LowPolyMap.LowPolyMap up for play (max tick rate 60) at 2018.05.31-16.51.50
[2018.05.31-08.51.51:249][379]LogWorld: Bringing up level for play took: 0.669374
[2018.05.31-08.51.51:521][379]LogContentBrowser: Native class hierarchy updated for 'MovieSceneCapture' in 0.0006 seconds. Added 9 classes and 0 folders.
[2018.05.31-08.51.52:132][379]PIE: Info Play in editor start time for /Game/TopDownBP/Maps/UEDPIE_0_LowPolyMap 4.396
[2018.05.31-08.51.52:770][380]LogRenderer: Reallocating scene render targets to support 800x600 (Frame:85).
[2018.05.31-08.51.52:774][380]LogCharacterMovement:Warning: GetSimulationTimeStep() - Max iterations 8 hit while remaining time 0.091147 > MaxSimulationTimeStep (0.050) for 'MyAIEnemy37', movement 'Walking'
[2018.05.31-08.51.52:775][380]LogCharacterMovement:Warning: GetSimulationTimeStep() - Max iterations 8 hit while remaining time 0.088750 > MaxSimulationTimeStep (0.050) for 'MyAIEnemy38', movement 'Walking'
[2018.05.31-09.11.56:313][373]Cmd: SELECT NONE
[2018.05.31-09.11.58:934][484]LogActorComponent: UnregisterComponent: (/Engine/Transient.CharMoveComp) Not registered. Aborting.
[2018.05.31-09.11.58:934][484]LogActorComponent: UnregisterComponent: (/Engine/Transient.CursorOnActorText_GEN_VARIABLE) Not registered. Aborting.
[2018.05.31-09.11.58:934][484]LogActorComponent: UnregisterComponent: (/Engine/Transient.CharGoingForAction_GEN_VARIABLE) Not registered. Aborting.
[2018.05.31-09.11.58:934][484]LogActorComponent: UnregisterComponent: (/Engine/Transient.PawnSensing_GEN_VARIABLE) Not registered. Aborting.
[2018.05.31-09.12.15:463][104]LogPlayLevel: PlayLevel: No blueprints needed recompiling
[2018.05.31-09.12.15:463][104]PIE: New page: PIE session: LowPolyMap (Jun 1, 2018, 1:12:15 AM)
[2018.05.31-09.12.15:463][104]LogPlayLevel: Creating play world package: /Game/TopDownBP/Maps/UEDPIE_0_LowPolyMap
[2018.05.31-09.12.15:502][104]LogPlayLevel: PIE: StaticDuplicateObject took: (0.039301s)
[2018.05.31-09.12.15:503][104]LogAIModule: Creating AISystem for world LowPolyMap
[2018.05.31-09.12.15:504][104]LogPlayLevel: PIE: World Init took: (0.001049s)
[2018.05.31-09.12.15:504][104]LogPlayLevel: PIE: Created PIE world by copying editor world from /Game/TopDownBP/Maps/LowPolyMap.LowPolyMap to /Game/TopDownBP/Maps/UEDPIE_0_LowPolyMap.LowPolyMap (0.040637s)
[2018.05.31-09.12.15:504][104]LogActorComponent: UnregisterComponent: (/Engine/Transient.CharMoveComp) Not registered. Aborting.
[2018.05.31-09.12.15:504][104]LogActorComponent: UnregisterComponent: (/Engine/Transient.CursorOnActorText_GEN_VARIABLE) Not registered. Aborting.
[2018.05.31-09.12.15:504][104]LogActorComponent: UnregisterComponent: (/Engine/Transient.CharGoingForAction_GEN_VARIABLE) Not registered. Aborting.
[2018.05.31-09.12.15:504][104]LogActorComponent: UnregisterComponent: (/Engine/Transient.PawnSensing_GEN_VARIABLE) Not registered. Aborting.
[2018.05.31-09.12.15:539][104]LogInit: XAudio2 using 'Динамики (Устройство с поддержкой High Definition Audio)' : 2 channels at 44.1 kHz using 16 bits per sample (channel mask 0x3)
[2018.05.31-09.12.15:548][104]LogInit: FAudioDevice initialized.
[2018.05.31-09.12.15:589][104]LogWorld: Game class is 'TopDownGameMode_C'
[2018.05.31-09.12.15:659][104]LogWorld: Bringing World /Game/TopDownBP/Maps/UEDPIE_0_LowPolyMap.LowPolyMap up for play (max tick rate 60) at 2018.05.31-17.12.15
[2018.05.31-09.12.15:694][104]LogWorld: Bringing up level for play took: 0.103975
[2018.05.31-09.12.15:731][104]PIE: Info Play in editor start time for /Game/TopDownBP/Maps/UEDPIE_0_LowPolyMap -0.045
[2018.05.31-09.12.15:792][105]LogCharacterMovement:Warning: GetSimulationTimeStep() - Max iterations 8 hit while remaining time 0.057186 > MaxSimulationTimeStep (0.050) for 'MyAIEnemy37', movement 'Walking'
[2018.05.31-09.12.15:793][105]LogCharacterMovement:Warning: GetSimulationTimeStep() - Max iterations 8 hit while remaining time 0.054729 > MaxSimulationTimeStep (0.050) for 'MyAIEnemy38', movement 'Walking'
[2018.05.31-09.12.36:905][685]Cmd: CLOSE_SLATE_MAINFRAME
[2018.05.31-09.12.38:065][686]Cmd: QUIT_EDITOR
[2018.05.31-09.12.38:428][686]LogExit: Preparing to exit.
[2018.05.31-09.12.40:076][686]LogExit: Editor shut down
[2018.05.31-09.12.40:077][686]LogExit: Transaction tracking system shut down
[2018.05.31-09.12.40:889][686]LogObj: Freed 0b from 0 cluster array pools.
[2018.05.31-09.12.40:890][686]LogExit: Object subsystem successfully closed.
[2018.05.31-09.12.41:183][686]LogD3D11RHI: Shutdown
[2018.05.31-09.12.41:183][686]LogD3D11RHI: CleanupD3DDevice
[2018.05.31-09.12.41:379][686]LogD3D11RHI: ~FD3D11DynamicRHI
[2018.05.31-09.12.41:432][686]LogDerivedDataCache: Shutdown
[2018.05.31-09.12.41:870][686]LogModuleManager: Shutting down and abandoning module MovieSceneCapture (205)
[2018.05.31-09.12.41:871][686]LogModuleManager: Shutting down and abandoning module HierarchicalLODOutliner (204)
[2018.05.31-09.12.41:886][686]LogModuleManager: Shutting down and abandoning module CrashTracker (203)
[2018.05.31-09.12.41:886][686]LogModuleManager: Shutting down and abandoning module SceneOutliner (202)
[2018.05.31-09.12.41:900][686]LogModuleManager: Shutting down and abandoning module SuperSearch (201)
[2018.05.31-09.12.41:900][686]LogModuleManager: Shutting down and abandoning module WidgetCarousel (200)
[2018.05.31-09.12.41:900][686]LogModuleManager: Shutting down and abandoning module AddContentDialog (199)
[2018.05.31-09.12.41:902][686]LogModuleManager: Shutting down and abandoning module GameplayTags (198)
[2018.05.31-09.12.41:902][686]LogModuleManager: Shutting down and abandoning module EditorWidgets (197)
[2018.05.31-09.12.41:902][686]LogModuleManager: Shutting down and abandoning module CollectionManager (196)
[2018.05.31-09.12.41:903][686]LogModuleManager: Shutting down and abandoning module StatsViewer (195)
[2018.05.31-09.12.41:933][686]LogModuleManager: Shutting down and abandoning module FoliageEdit (194)
[2018.05.31-09.12.41:933][686]LogModuleManager: Shutting down and abandoning module LandscapeEditor (193)
[2018.05.31-09.12.41:945][686]LogModuleManager: Shutting down and abandoning module ActorPickerMode (192)
[2018.05.31-09.12.41:945][686]LogModuleManager: Shutting down and abandoning module GeometryMode (191)
[2018.05.31-09.12.41:945][686]LogModuleManager: Shutting down and abandoning module TextureAlignMode (190)
[2018.05.31-09.12.41:945][686]LogModuleManager: Shutting down and abandoning module BspMode (189)
[2018.05.31-09.12.41:945][686]LogModuleManager: Shutting down and abandoning module PlacementMode (188)
[2018.05.31-09.12.41:945][686]LogModuleManager: Shutting down and abandoning module AutomationWorker (187)
[2018.05.31-09.12.41:945][686]LogModuleManager: Shutting down and abandoning module CharacterAI (186)
[2018.05.31-09.12.41:945][686]LogModuleManager: Shutting down and abandoning module SmartSnapping (185)
[2018.05.31-09.12.41:945][686]LogModuleManager: Shutting down and abandoning module ViewportSnapping (184)
[2018.05.31-09.12.41:945][686]LogModuleManager: Shutting down and abandoning module LogVisualizer (183)
[2018.05.31-09.12.41:988][686]LogModuleManager: Shutting down and abandoning module GameProjectGeneration (182)
[2018.05.31-09.12.42:017][686]LogModuleManager: Shutting down and abandoning module IntroTutorials (181)
[2018.05.31-09.12.42:017][686]LogModuleManager: Shutting down and abandoning module EditorLiveStreaming (180)
[2018.05.31-09.12.42:017][686]LogModuleManager: Shutting down and abandoning module IOSPlatformEditor (179)
[2018.05.31-09.12.42:017][686]LogModuleManager: Shutting down and abandoning module HTML5PlatformEditor (178)
[2018.05.31-09.12.42:017][686]LogModuleManager: Shutting down and abandoning module AndroidDeviceDetection (177)
[2018.05.31-09.12.42:812][686]LogModuleManager: Shutting down and abandoning module AndroidPlatformEditor (176)
[2018.05.31-09.12.42:812][686]LogModuleManager: Shutting down and abandoning module IOSRuntimeSettings (175)
[2018.05.31-09.12.42:812][686]LogModuleManager: Shutting down and abandoning module AndroidRuntimeSettings (174)
[2018.05.31-09.12.42:812][686]LogModuleManager: Shutting down and abandoning module MergeActors (173)
[2018.05.31-09.12.42:828][686]LogModuleManager: Shutting down and abandoning module SizeMap (172)
[2018.05.31-09.12.42:828][686]LogModuleManager: Shutting down and abandoning module TreeMap (171)
[2018.05.31-09.12.42:842][686]LogModuleManager: Shutting down and abandoning module ReferenceViewer (170)
[2018.05.31-09.12.42:842][686]LogModuleManager: Shutting down and abandoning module LocalizationService (169)
[2018.05.31-09.12.42:863][686]LogModuleManager: Shutting down and abandoning module LocalizationDashboard (168)
[2018.05.31-09.12.42:878][686]LogModuleManager: Shutting down and abandoning module HardwareTargeting (167)
[2018.05.31-09.12.42:893][686]LogModuleManager: Shutting down and abandoning module DeviceProfileEditor (166)
[2018.05.31-09.12.42:909][686]LogModuleManager: Shutting down and abandoning module UndoHistory (165)
[2018.05.31-09.12.42:924][686]LogModuleManager: Shutting down and abandoning module UserFeedback (164)
[2018.05.31-09.12.42:924][686]LogModuleManager: Shutting down and abandoning module XmlParser (163)
[2018.05.31-09.12.42:924][686]LogModuleManager: Shutting down and abandoning module Blutility (162)
[2018.05.31-09.12.42:924][686]LogModuleManager: Shutting down and abandoning module ProjectTargetPlatformEditor (161)
[2018.05.31-09.12.42:924][686]LogModuleManager: Shutting down and abandoning module ProjectSettingsViewer (160)
[2018.05.31-09.12.42:924][686]LogModuleManager: Shutting down and abandoning module InputBindingEditor (159)
[2018.05.31-09.12.42:924][686]LogModuleManager: Shutting down and abandoning module EditorSettingsViewer (158)
[2018.05.31-09.12.42:924][686]LogModuleManager: Shutting down and abandoning module SettingsEditor (157)
[2018.05.31-09.12.42:940][686]LogModuleManager: Shutting down and abandoning module ProjectLauncher (156)
[2018.05.31-09.12.42:972][686]LogModuleManager: Shutting down and abandoning module SessionFrontend (155)
[2018.05.31-09.12.42:986][686]LogModuleManager: Shutting down and abandoning module ProfilerClient (154)
[2018.05.31-09.12.43:024][686]LogModuleManager: Shutting down and abandoning module TargetDeviceServices (153)
[2018.05.31-09.12.43:024][686]LogModuleManager: Shutting down and abandoning module DeviceManager (152)
[2018.05.31-09.12.43:103][686]LogModuleManager: Shutting down and abandoning module AutomationController (151)
[2018.05.31-09.12.43:121][686]LogModuleManager: Shutting down and abandoning module AutomationWindow (150)
[2018.05.31-09.12.43:164][686]LogModuleManager: Shutting down and abandoning module Layers (149)
[2018.05.31-09.12.43:191][686]LogModuleManager: Shutting down and abandoning module ComponentVisualizers (148)
[2018.05.31-09.12.43:191][686]LogModuleManager: Shutting down and abandoning module DetailCustomizations (147)
[2018.05.31-09.12.43:210][686]LogModuleManager: Shutting down and abandoning module PackagesDialog (146)
[2018.05.31-09.12.43:238][686]LogModuleManager: Shutting down and abandoning module Persona (145)
[2018.05.31-09.12.43:261][686]LogModuleManager: Shutting down and abandoning module Kismet (144)
[2018.05.31-09.12.43:278][686]LogModuleManager: Shutting down and abandoning module GraphEditor (143)
[2018.05.31-09.12.43:344][686]LogModuleManager: Shutting down and abandoning module ClassViewer (142)
[2018.05.31-09.12.43:385][686]LogModuleManager: Shutting down and abandoning module Toolbox (141)
[2018.05.31-09.12.43:385][686]LogModuleManager: Shutting down and abandoning module ModuleUI (140)
[2018.05.31-09.12.43:425][686]LogModuleManager: Shutting down and abandoning module MovieSceneTools (139)
[2018.05.31-09.12.43:425][686]LogModuleManager: Shutting down and abandoning module OutputLog (138)
[2018.05.31-09.12.43:425][686]LogModuleManager: Shutting down and abandoning module GammaUI (137)
[2018.05.31-09.12.43:439][686]LogModuleManager: Shutting down and abandoning module Documentation (136)
[2018.05.31-09.12.43:439][686]LogModuleManager: Shutting down and abandoning module StreamingPauseRendering (135)
[2018.05.31-09.12.43:439][686]LogModuleManager: Shutting down and abandoning module AnalyticsET (134)
[2018.05.31-09.12.43:439][686]LogModuleManager: Shutting down and abandoning module Analytics (133)
[2018.05.31-09.12.43:439][686]LogModuleManager: Shutting down and abandoning module PortalServices (132)
[2018.05.31-09.12.43:439][686]LogModuleManager: Shutting down and abandoning module PortalRpc (131)
[2018.05.31-09.12.43:439][686]LogModuleManager: Shutting down and abandoning module MessagingRpc (130)
[2018.05.31-09.12.43:439][686]LogModuleManager: Shutting down and abandoning module AITestSuite (129)
[2018.05.31-09.12.43:439][686]LogModuleManager: Shutting down and abandoning module GameplayDebugger (128)
[2018.05.31-09.12.43:439][686]LogModuleManager: Shutting down and abandoning module AIModule (127)
[2018.05.31-09.12.43:439][686]LogModuleManager: Shutting down and abandoning module ProfilerService (126)
[2018.05.31-09.12.43:665][686]LogModuleManager: Shutting down and abandoning module TaskGraph (125)
[2018.05.31-09.12.43:690][686]LogModuleManager: Shutting down and abandoning module SlateRemote (124)
[2018.05.31-09.12.43:690][686]LogModuleManager: Shutting down and abandoning module SteamVRController (123)
[2018.05.31-09.12.43:690][686]LogModuleManager: Shutting down and abandoning module SteamVR (122)
[2018.05.31-09.12.43:690][686]LogModuleManager: Shutting down and abandoning module ProceduralMeshComponent (121)
[2018.05.31-09.12.43:690][686]LogModuleManager: Shutting down and abandoning module OculusLibrary (120)
[2018.05.31-09.12.43:690][686]LogModuleManager: Shutting down and abandoning module OculusInput (119)
[2018.05.31-09.12.43:690][686]LogModuleManager: Shutting down and abandoning module CustomMeshComponent (118)
[2018.05.31-09.12.43:691][686]LogModuleManager: Shutting down and abandoning module CableComponent (117)
[2018.05.31-09.12.43:691][686]LogModuleManager: Shutting down and abandoning module ArchVisCharacter (116)
[2018.05.31-09.12.43:691][686]LogModuleManager: Shutting down and abandoning module MediaPlayerEditor (115)
[2018.05.31-09.12.43:721][686]LogModuleManager: Shutting down and abandoning module HTML5Networking (114)
[2018.05.31-09.12.43:721][686]LogModuleManager: Shutting down and abandoning module SpeedTreeImporter (113)
[2018.05.31-09.12.43:721][686]LogModuleManager: Shutting down and abandoning module PluginBrowser (112)
[2018.05.31-09.12.43:721][686]LogModuleManager: Shutting down and abandoning module EpicSurvey (111)
[2018.05.31-09.12.43:721][686]LogModuleManager: Shutting down and abandoning module DesktopPlatform (110)
[2018.05.31-09.12.43:721][686]LogModuleManager: Shutting down and abandoning module VisualStudioSourceCodeAccess (109)
[2018.05.31-09.12.43:721][686]LogModuleManager: Shutting down and abandoning module UObjectPlugin (108)
[2018.05.31-09.12.43:721][686]LogModuleManager: Shutting down and abandoning module SubversionSourceControl (107)
[2018.05.31-09.12.43:721][686]LogModuleManager: Shutting down and abandoning module PerforceSourceControl (106)
[2018.05.31-09.12.43:721][686]LogModuleManager: Shutting down and abandoning module SourceControl (105)
[2018.05.31-09.12.43:721][686]LogModuleManager: Shutting down and abandoning module GitSourceControl (104)
[2018.05.31-09.12.43:721][686]LogModuleManager: Shutting down and abandoning module LightPropagationVolumeEditor (103)
[2018.05.31-09.12.43:721][686]LogModuleManager: Shutting down and abandoning module PaperTiledImporter (102)
[2018.05.31-09.12.43:721][686]LogModuleManager: Shutting down and abandoning module PaperSpriteSheetImporter (101)
[2018.05.31-09.12.43:721][686]LogModuleManager: Shutting down and abandoning module MeshPaint (100)
[2018.05.31-09.12.43:721][686]LogModuleManager: Shutting down and abandoning module HotReload (99)
[2018.05.31-09.12.43:722][686]LogModuleManager: Shutting down and abandoning module MainFrame (98)
[2018.05.31-09.12.43:722][686]LogModuleManager: Shutting down and abandoning module LevelEditor (97)
[2018.05.31-09.12.43:722][686]LogModuleManager: Shutting down and abandoning module DirectoryWatcher (96)
[2018.05.31-09.12.43:723][686]LogModuleManager: Shutting down and abandoning module AssetRegistry (95)
[2018.05.31-09.12.43:971][686]LogModuleManager: Shutting down and abandoning module ContentBrowser (94)
[2018.05.31-09.12.43:972][686]LogModuleManager: Shutting down and abandoning module Paper2DEditor (93)
[2018.05.31-09.12.43:972][686]LogModuleManager: Shutting down and abandoning module UdpMessaging (92)
[2018.05.31-09.12.44:072][686]LogModuleManager: Shutting down and abandoning module LightPropagationVolumeRuntime (91)
[2018.05.31-09.12.44:072][686]LogModuleManager: Shutting down and abandoning module Paper2D (90)
[2018.05.31-09.12.44:072][686]LogModuleManager: Shutting down and abandoning module WindowsMoviePlayer (89)
[2018.05.31-09.12.44:072][686]LogModuleManager: Shutting down and abandoning module Media (88)
[2018.05.31-09.12.44:072][686]LogModuleManager: Shutting down and abandoning module WmfMedia (87)
[2018.05.31-09.12.44:083][686]LogModuleManager: Shutting down and abandoning module MediaAssets (86)
[2018.05.31-09.12.44:083][686]LogModuleManager: Shutting down and abandoning module GameLiveStreaming (85)
[2018.05.31-09.12.44:083][686]LogModuleManager: Shutting down and abandoning module GameplayTagsEditor (84)
[2018.05.31-09.12.44:083][686]LogModuleManager: Shutting down and abandoning module OnlineBlueprintSupport (83)
[2018.05.31-09.12.44:083][686]LogModuleManager: Shutting down and abandoning module GameplayTasksEditor (82)
[2018.05.31-09.12.44:083][686]LogModuleManager: Shutting down and abandoning module PropertyEditor (81)
[2018.05.31-09.12.44:083][686]LogModuleManager: Shutting down and abandoning module BehaviorTreeEditor (80)
[2018.05.31-09.12.44:103][686]LogModuleManager: Shutting down and abandoning module FunctionalTesting (79)
[2018.05.31-09.12.44:103][686]LogModuleManager: Shutting down and abandoning module CollisionAnalyzer (78)
[2018.05.31-09.12.44:118][686]LogModuleManager: Shutting down and abandoning module WorkspaceMenuStructure (77)
[2018.05.31-09.12.44:119][686]LogModuleManager: Shutting down and abandoning module MessageLog (76)
[2018.05.31-09.12.44:119][686]LogModuleManager: Shutting down and abandoning module Sequencer (75)
[2018.05.31-09.12.44:145][686]LogModuleManager: Shutting down and abandoning module AssetTools (74)
[2018.05.31-09.12.44:178][686]LogModuleManager: Shutting down and abandoning module UMGEditor (73)
[2018.05.31-09.12.44:229][686]LogModuleManager: Shutting down and abandoning module UMG (72)
[2018.05.31-09.12.44:229][686]LogModuleManager: Shutting down and abandoning module SlateReflector (71)
[2018.05.31-09.12.44:287][686]LogModuleManager: Shutting down and abandoning module Slate (70)
[2018.05.31-09.12.44:287][686]LogModuleManager: Shutting down and abandoning module EditorStyle (69)
[2018.05.31-09.12.44:289][686]LogModuleManager: Shutting down and abandoning module SessionServices (68)
[2018.05.31-09.12.44:289][686]LogModuleManager: Shutting down and abandoning module SourceCodeAccess (67)
[2018.05.31-09.12.44:289][686]LogModuleManager: Shutting down and abandoning module HeadMountedDisplay (66)
[2018.05.31-09.12.44:289][686]LogModuleManager: Shutting down and abandoning module XAudio2 (65)
[2018.05.31-09.12.44:289][686]LogModuleManager: Shutting down and abandoning module Networking (63)
[2018.05.31-09.12.44:289][686]LogModuleManager: Shutting down and abandoning module Core (62)
[2018.05.31-09.12.44:289][686]LogModuleManager: Shutting down and abandoning module KismetCompiler (61)
[2018.05.31-09.12.44:289][686]LogModuleManager: Shutting down and abandoning module PhysXFormats (60)
[2018.05.31-09.12.44:309][686]LogModuleManager: Shutting down and abandoning module MeshUtilities (59)
[2018.05.31-09.12.44:332][686]LogModuleManager: Shutting down and abandoning module CookingStats (58)
[2018.05.31-09.12.44:332][686]LogModuleManager: Shutting down and abandoning module DerivedDataCache (57)
[2018.05.31-09.12.44:332][686]LogDerivedDataCache: Shutdown
[2018.05.31-09.12.44:332][686]LogModuleManager: Shutting down and abandoning module ShaderFormatOpenGL (56)
[2018.05.31-09.12.44:372][686]LogModuleManager: Shutting down and abandoning module ShaderFormatD3D (55)
[2018.05.31-09.12.44:372][686]LogModuleManager: Shutting down and abandoning module MetalShaderFormat (54)
[2018.05.31-09.12.44:388][686]LogModuleManager: Shutting down and abandoning module TextureFormatUncompressed (53)
[2018.05.31-09.12.44:388][686]LogModuleManager: Shutting down and abandoning module TextureFormatPVR (52)
[2018.05.31-09.12.44:388][686]LogModuleManager: Shutting down and abandoning module TextureFormatIntelISPCTexComp (51)
[2018.05.31-09.12.44:388][686]LogModuleManager: Shutting down and abandoning module TextureFormatDXT (50)
[2018.05.31-09.12.44:388][686]LogModuleManager: Shutting down and abandoning module ImageWrapper (49)
[2018.05.31-09.12.44:388][686]LogModuleManager: Shutting down and abandoning module TextureFormatASTC (48)
[2018.05.31-09.12.44:388][686]LogModuleManager: Shutting down and abandoning module TextureFormatAndroid (47)
[2018.05.31-09.12.44:388][686]LogModuleManager: Shutting down and abandoning module AudioFormatOpus (46)
[2018.05.31-09.12.44:400][686]LogModuleManager: Shutting down and abandoning module AudioFormatOgg (45)
[2018.05.31-09.12.44:400][686]LogModuleManager: Shutting down and abandoning module AudioFormatADPCM (44)
[2018.05.31-09.12.44:400][686]LogModuleManager: Shutting down and abandoning module LinuxTargetPlatform (43)
[2018.05.31-09.12.44:400][686]LogModuleManager: Shutting down and abandoning module LinuxServerTargetPlatform (42)
[2018.05.31-09.12.44:400][686]LogModuleManager: Shutting down and abandoning module LinuxNoEditorTargetPlatform (41)
[2018.05.31-09.12.44:400][686]LogModuleManager: Shutting down and abandoning module TVOSTargetPlatform (40)
[2018.05.31-09.12.44:400][686]LogModuleManager: Shutting down and abandoning module Messaging (39)
[2018.05.31-09.12.44:400][686]LogModuleManager: Shutting down and abandoning module IOSTargetPlatform (38)
[2018.05.31-09.12.44:400][686]LogModuleManager: Shutting down and abandoning module HTML5TargetPlatform (37)
[2018.05.31-09.12.44:400][686]LogModuleManager: Shutting down and abandoning module Android_PVRTCTargetPlatform (36)
[2018.05.31-09.12.44:400][686]LogModuleManager: Shutting down and abandoning module Android_MultiTargetPlatform (35)
[2018.05.31-09.12.44:400][686]LogModuleManager: Shutting down and abandoning module Android_ETC2TargetPlatform (34)
[2018.05.31-09.12.44:400][686]LogModuleManager: Shutting down and abandoning module Android_ETC1TargetPlatform (33)
[2018.05.31-09.12.44:400][686]LogModuleManager: Shutting down and abandoning module Android_DXTTargetPlatform (32)
[2018.05.31-09.12.44:400][686]LogModuleManager: Shutting down and abandoning module Android_ATCTargetPlatform (31)
[2018.05.31-09.12.44:400][686]LogModuleManager: Shutting down and abandoning module Android_ASTCTargetPlatform (30)
[2018.05.31-09.12.44:400][686]LogModuleManager: Shutting down and abandoning module AndroidTargetPlatform (29)
[2018.05.31-09.12.44:400][686]LogModuleManager: Shutting down and abandoning module WindowsTargetPlatform (28)
[2018.05.31-09.12.44:400][686]LogModuleManager: Shutting down and abandoning module WindowsServerTargetPlatform (27)
[2018.05.31-09.12.44:400][686]LogModuleManager: Shutting down and abandoning module WindowsNoEditorTargetPlatform (26)
[2018.05.31-09.12.44:400][686]LogModuleManager: Shutting down and abandoning module WindowsClientTargetPlatform (25)
[2018.05.31-09.12.44:401][686]LogModuleManager: Shutting down and abandoning module AllDesktopTargetPlatform (24)
[2018.05.31-09.12.44:401][686]LogModuleManager: Shutting down and abandoning module TargetPlatform (23)
[2018.05.31-09.12.44:401][686]LogModuleManager: Shutting down and abandoning module InputCore (22)
[2018.05.31-09.12.44:401][686]LogModuleManager: Shutting down and abandoning module Settings (21)
[2018.05.31-09.12.44:401][686]LogModuleManager: Shutting down and abandoning module OnlineSubsystem (19)
[2018.05.31-09.12.44:401][686]LogModuleManager: Shutting down and abandoning module HTTP (18)
[2018.05.31-09.12.57:403][686]LogModuleManager: Shutting down and abandoning module XMPP (17)
[2018.05.31-09.12.57:446][686]LogModuleManager: Shutting down and abandoning module OculusRift (16)
[2018.05.31-09.12.57:469][686]LogModuleManager: Shutting down and abandoning module ExampleDeviceProfileSelector (15)
[2018.05.31-09.12.57:469][686]LogModuleManager: Shutting down and abandoning module TextureCompressor (14)
[2018.05.31-09.12.57:491][686]LogModuleManager: Shutting down and abandoning module ShaderCore (13)
[2018.05.31-09.12.57:491][686]LogModuleManager: Shutting down and abandoning module Landscape (12)
[2018.05.31-09.12.57:491][686]LogModuleManager: Shutting down and abandoning module SlateRHIRenderer (11)
[2018.05.31-09.12.57:492][686]LogModuleManager: Shutting down and abandoning module OpenGLDrv (10)
[2018.05.31-09.12.57:521][686]LogModuleManager: Shutting down and abandoning module D3D11RHI (9)
[2018.05.31-09.12.57:521][686]LogModuleManager: Shutting down and abandoning module AnimGraphRuntime (8)
[2018.05.31-09.12.57:521][686]LogModuleManager: Shutting down and abandoning module Renderer (7)
[2018.05.31-09.12.57:521][686]LogModuleManager: Shutting down and abandoning module Engine (6)
[2018.05.31-09.12.57:521][686]LogModuleManager: Shutting down and abandoning module CoreUObject (5)
[2018.05.31-09.12.57:521][686]LogModuleManager: Shutting down and abandoning module NetworkFile (4)
[2018.05.31-09.12.57:530][686]LogModuleManager: Shutting down and abandoning module StreamingFile (3)
[2018.05.31-09.12.57:534][686]LogModuleManager: Shutting down and abandoning module SandboxFile (2)
[2018.05.31-09.12.57:547][686]LogModuleManager: Shutting down and abandoning module PakFile (1)
[2018.05.31-09.12.57:629][686]LogExit: Exiting.
[2018.05.31-09.12.57:641][686]Log file closed, 05/31/18 17:12:57
