Log file open, 05/10/18 15:09:34
LogInit:Display: Running engine for game: TopDownProject
LogPlatformFile: Not using cached read wrapper
LogInit:Display: RandInit(-1928838027) SRandInit(-1928838025).
LogTaskGraph: Started task graph with 4 named threads and 5 total threads.
LogStats: Stats thread started at 0.195478
LogInit: Version: 4.11.2-2946394+++UE4+Release-4.11
LogInit: API Version: 2927265
LogInit: Compiled (64-bit): Apr 18 2016 02:18:46
LogInit: Compiled with Visual C++: 19.00.23026.00
LogInit: Build Configuration: Development
LogInit: Branch Name: ++UE4+Release-4.11
LogInit: Command line:  
LogInit: Base directory: D:/UE_4.11/Engine/Binaries/Win64/
LogInit: Installed Engine Build: 1
LogInit: Using libcurl 7.41.0
LogInit:  - built for x86_64-pc-win32
LogInit:  - supports SSL with WinSSL
LogInit:  - other features:
LogInit:      CURL_VERSION_SSL
LogInit:      CURL_VERSION_IPV6
LogInit:      CURL_VERSION_ASYNCHDNS
LogInit:      CURL_VERSION_LARGEFILE
LogInit:      CURL_VERSION_IDN
LogInit:  CurlRequestOptions (configurable via config and command line):
LogInit:  - bVerifyPeer = true  - Libcurl will verify peer certificate
LogInit:  - bUseHttpProxy = false  - Libcurl will NOT use HTTP proxy
LogInit:  - bDontReuseConnections = false  - Libcurl will reuse connections
LogInit:  - CertBundlePath = nullptr  - Libcurl will use whatever was configured at build time.
LogInit: Presizing for max 16777216 objects, including 0 objects not considered by GC, pre-allocating 0 bytes for permanent pool.
LogInit: Object subsystem initialized
[2018.05.10-07.09.39:928][  0]LogInit: Selected Device Profile: [Windows]
[2018.05.10-07.09.39:928][  0]LogInit: Applying CVar settings loaded from the selected device profile: [Windows]
[2018.05.10-07.09.41:598][  0]LogInit: Computer: 1-ПК
[2018.05.10-07.09.41:598][  0]LogInit: User: 1
[2018.05.10-07.09.41:598][  0]LogInit: CPU Page size=65536, Cores=2
[2018.05.10-07.09.41:598][  0]LogInit: High frequency timer resolution =2.338476 MHz
[2018.05.10-07.09.41:821][  0]LogMemory: Memory total: Physical=3.9GB (4GB approx)
[2018.05.10-07.09.41:821][  0]LogMemory: Platform Memory Stats for Windows
[2018.05.10-07.09.41:821][  0]LogMemory: Process Physical Memory: 314.50 MB used, 314.50 MB peak
[2018.05.10-07.09.41:821][  0]LogMemory: Process Virtual Memory: 314.96 MB used, 314.96 MB peak
[2018.05.10-07.09.41:821][  0]LogMemory: Physical Memory: 1666.61 MB used, 4010.14 MB total
[2018.05.10-07.09.41:821][  0]LogMemory: Virtual Memory: 620.87 MB used, 8388608.00 MB total
[2018.05.10-07.10.05:940][  0]LogTextLocalizationManager: No translations for ('ru-RU') exist, falling back to 'en' for localization and internationalization data.
[2018.05.10-07.10.18:625][  0]LogD3D11RHI: D3D11 adapters:
[2018.05.10-07.10.20:089][  0]LogD3D11RHI:    0. 'NVIDIA GeForce 410M' (Feature Level 11_0)
[2018.05.10-07.10.20:089][  0]LogD3D11RHI:       979MB of dedicated video memory, 0MB of dedicated system memory, and 1749MB of shared system memory, 1 output[s]
[2018.05.10-07.10.20:144][  0]LogD3D11RHI:    1. 'NVIDIA GeForce 410M' (Feature Level 11_0)
[2018.05.10-07.10.20:144][  0]LogD3D11RHI:       979MB of dedicated video memory, 0MB of dedicated system memory, and 1749MB of shared system memory, 0 output[s]
[2018.05.10-07.10.20:144][  0]LogD3D11RHI: Chosen D3D11 Adapter: 0
[2018.05.10-07.10.20:178][  0]LogD3D11RHI: Creating new Direct3DDevice
[2018.05.10-07.10.20:192][  0]LogD3D11RHI:     Adapter Name: Intel(R) HD Graphics 3000
[2018.05.10-07.10.20:192][  0]LogD3D11RHI:   Driver Version: Unknown (internal Unknown)
[2018.05.10-07.10.20:192][  0]LogD3D11RHI:      Driver Date: Unknown
[2018.05.10-07.10.20:207][  0]LogRHI: Texture pool is 1297 MB (70% of 1854 MB)
[2018.05.10-07.10.20:226][  0]LogD3D11RHI: Async texture creation enabled
[2018.05.10-07.10.21:183][  0]LogShaderCompilers: Guid format shader working directory is -16 characters bigger than the processId version (../../../../sergey/UnrealProjects/Game_1337/TopDownProject/Intermediate/Shaders/WorkingDirectory/6516/).
[2018.05.10-07.10.21:183][  0]LogShaderCompilers: Cleaned the shader compiler working directory 'C:/Users/1/AppData/Local/Temp/UnrealShaderWorkingDir/9A18B812472BA2688D98448BB58CED42/'.
[2018.05.10-07.10.21:211][  0]LogShaderCompilers:Display: Using Local Shader Compiler.
[2018.05.10-07.10.36:555][  0]LogTemp:Display: Loaded TP AllDesktopTargetPlatform
[2018.05.10-07.10.36:751][  0]LogTemp:Display: Loaded TP WindowsClientTargetPlatform
[2018.05.10-07.10.36:909][  0]LogTemp:Display: Loaded TP WindowsNoEditorTargetPlatform
[2018.05.10-07.10.37:065][  0]LogTemp:Display: Loaded TP WindowsServerTargetPlatform
[2018.05.10-07.10.37:314][  0]LogTemp:Display: Loaded TP WindowsTargetPlatform
[2018.05.10-07.10.37:612][  0]LogTemp:Display: Loaded TP AndroidTargetPlatform
[2018.05.10-07.10.37:830][  0]LogTemp:Display: Loaded TP Android_ASTCTargetPlatform
[2018.05.10-07.10.38:086][  0]LogTemp:Display: Loaded TP Android_ATCTargetPlatform
[2018.05.10-07.10.38:357][  0]LogTemp:Display: Loaded TP Android_DXTTargetPlatform
[2018.05.10-07.10.38:548][  0]LogTemp:Display: Loaded TP Android_ETC1TargetPlatform
[2018.05.10-07.10.38:782][  0]LogTemp:Display: Loaded TP Android_ETC2TargetPlatform
[2018.05.10-07.10.39:217][  0]LogTemp:Display: Loaded TP Android_MultiTargetPlatform
[2018.05.10-07.10.39:217][  0]LogTemp:Display: Loaded TP Android_PVRTCTargetPlatform
[2018.05.10-07.10.39:827][  0]LogTemp:Display: Loaded TP HTML5TargetPlatform
[2018.05.10-07.10.41:530][  0]LogTemp:Display: Loaded TP IOSTargetPlatform
[2018.05.10-07.10.41:534][  0]LogTemp:Display: Loaded TP TVOSTargetPlatform
[2018.05.10-07.10.41:705][  0]LogTemp:Display: Loaded TP LinuxNoEditorTargetPlatform
[2018.05.10-07.10.41:717][  0]LogTemp:Display: Loaded TP LinuxServerTargetPlatform
[2018.05.10-07.10.41:766][  0]LogTemp:Display: Loaded TP LinuxTargetPlatform
[2018.05.10-07.10.41:766][  0]LogTargetPlatformManager:Display: Building Assets For Windows
[2018.05.10-07.10.44:192][  0]LogDerivedDataCache:Display: Max Cache Size: 512 MB
[2018.05.10-07.10.44:978][  0]LogDerivedDataCache: Loaded boot cache 0.72s 46MB C:/Users/1/AppData/Local/UnrealEngine/4.11/DerivedDataCache/Boot.ddc.
[2018.05.10-07.10.44:978][  0]LogDerivedDataCache:Display: Loaded Boot cache: C:/Users/1/AppData/Local/UnrealEngine/4.11/DerivedDataCache/Boot.ddc
[2018.05.10-07.10.44:978][  0]LogDerivedDataCache: FDerivedDataBackendGraph:  Pak pak cache file ../../../../sergey/UnrealProjects/Game_1337/TopDownProject/DerivedDataCache/DDC.ddp not found, will not use a pak cache.
[2018.05.10-07.10.44:978][  0]LogDerivedDataCache: Unable to find inner node Pak for hierarchical cache Hierarchy.
[2018.05.10-07.10.44:978][  0]LogDerivedDataCache: FDerivedDataBackendGraph:  CompressedPak pak cache file ../../../../sergey/UnrealProjects/Game_1337/TopDownProject/DerivedDataCache/Compressed.ddp not found, will not use a pak cache.
[2018.05.10-07.10.44:978][  0]LogDerivedDataCache: Unable to find inner node CompressedPak for hierarchical cache Hierarchy.
[2018.05.10-07.10.45:080][  0]LogDerivedDataCache:Display: Pak cache opened for reading ../../../Engine/DerivedDataCache/Compressed.ddp.
[2018.05.10-07.10.45:093][  0]LogDerivedDataCache: Using Local data cache path C:/Users/1/AppData/Local/UnrealEngine/Common/DerivedDataCache: Writable
[2018.05.10-07.11.05:211][  0]LogInit: Selected Device Profile: [Windows]
[2018.05.10-07.11.05:399][  0]LogContentStreaming: Texture pool size is 0.00 MB
[2018.05.10-07.11.07:256][  0]LogMaterial: Uniform references updated for custom material expression Custom.
[2018.05.10-07.11.11:761][  0]LogMeshUtilities: No automatic mesh reduction module available
[2018.05.10-07.11.11:761][  0]LogMeshUtilities: No automatic mesh merging module available
[2018.05.10-07.11.11:761][  0]LogMeshUtilities: No distributed automatic mesh merging module available
[2018.05.10-07.11.23:915][  0]LogUObjectArray: 27679 objects as part of root set at end of initial load.
[2018.05.10-07.11.23:915][  0]LogUObjectAllocator: 5591600 out of 0 bytes used by permanent object pool.
[2018.05.10-07.11.23:915][  0]LogUObjectArray: CloseDisregardForGC: 0/0 objects in disregard for GC pool
[2018.05.10-07.11.23:940][  0]LogInit: WinSock: version 1.1 (2.2), MaxSocks=32767, MaxUdp=65467
[2018.05.10-07.11.28:749][  0]LogSlate: SlateFontCache - WITH_FREETYPE: 1, WITH_HARFBUZZ: 1
[2018.05.10-07.11.28:749][  0]LogSlate: SlateFontCache - WITH_FREETYPE: 1, WITH_HARFBUZZ: 1
[2018.05.10-07.11.33:722][  0]LogStreaming:Warning: Failed to read file '../../../Engine/Content/Editor/Slate/Common/Selection_16x.png' error.
[2018.05.10-07.11.33:722][  0]LogSlate: Could not find file for Slate resource: ../../../Engine/Content/Editor/Slate/Common/Selection_16x.png
[2018.05.10-07.11.33:748][  0]LogStreaming:Warning: Failed to read file '../../../Engine/Content/Editor/Slate/Common/Selection_16x.png' error.
[2018.05.10-07.11.33:748][  0]LogSlate: Could not find file for Slate resource: ../../../Engine/Content/Editor/Slate/Common/Selection_16x.png
[2018.05.10-07.11.33:748][  0]LogStreaming:Warning: Failed to read file '../../../Engine/Content/Editor/Slate/Common/Selection_16x.png' error.
[2018.05.10-07.11.33:748][  0]LogSlate: Could not find file for Slate resource: ../../../Engine/Content/Editor/Slate/Common/Selection_16x.png
[2018.05.10-07.11.48:483][  0]LogUdpMessaging: Initializing bridge on interface 0.0.0.0:0 to multicast group 230.0.0.1:6666.
[2018.05.10-07.11.49:353][  0]LogAssetRegistry: FAssetRegistry took 0.0247 seconds to start up
[2018.05.10-07.11.57:769][  0]SourceControl: Info Source control is disabled
[2018.05.10-07.11.57:788][  0]SourceControl: Info Source control is disabled
[2018.05.10-07.11.58:048][  0]SourceControl: Info Source control is disabled
[2018.05.10-07.11.58:236][  0]SourceControl: Info Source control is disabled
[2018.05.10-07.12.00:187][  0]LogHMD: Failed to initialize OpenVR with code 110
[2018.05.10-07.12.01:540][  0]LogEngine: Initializing Engine...
[2018.05.10-07.12.05:905][  0]LogAIModule: Creating AISystem for world NewWorld
[2018.05.10-07.12.06:182][  0]LogInit: XAudio2 using 'Динамики (Устройство с поддержкой High Definition Audio)' : 2 channels at 44.1 kHz using 16 bits per sample (channel mask 0x3)
[2018.05.10-07.12.06:287][  0]LogInit: FAudioDevice initialized.
[2018.05.10-07.12.06:348][  0]LogDerivedDataCache: Saved boot cache 0.06s 46MB C:/Users/1/AppData/Local/UnrealEngine/4.11/DerivedDataCache/Boot.ddc.
[2018.05.10-07.12.06:377][  0]LogInit: Texture streaming: Enabled
[2018.05.10-07.12.07:919][  0]LogInit: Transaction tracking system initialized
[2018.05.10-07.12.13:833][  0]BlueprintLog: New page: Editor Load
[2018.05.10-07.12.28:789][  0]LocalizationService: Info Localization service is disabled
[2018.05.10-07.12.37:468][  0]LogConsoleResponse:Display: 
[2018.05.10-07.12.46:060][  0]LogFileCache: Scanning file cache for directory 'D:/sergey/UnrealProjects/Game_1337/TopDownProject/Content/' took 0.09s
[2018.05.10-07.12.46:060][  0]LogCook:Display: Max memory allowance for cook 8192mb
[2018.05.10-07.12.46:060][  0]LogCook:Display: Mobile HDR setting 1
[2018.05.10-07.12.46:090][  0]LogCook:Display: Done creating registry. It took  0.00s.
[2018.05.10-07.12.53:182][  0]SourceControl: Info Source control is disabled
[2018.05.10-07.12.53:606][  0]Cmd: MAP LOAD FILE="../../../../sergey/UnrealProjects/Game_1337/TopDownProject/Content/TopDownBP/Maps/TopDownExampleMap.umap" TEMPLATE=0 SHOWPROGRESS=1 FEATURELEVEL=3
[2018.05.10-07.12.53:752][  0]LightingResults: New page: Lighting Build
[2018.05.10-07.12.54:918][  0]MapCheck: New page: Map Check
[2018.05.10-07.12.54:918][  0]LightingResults: New page: Lighting Build
[2018.05.10-07.12.58:704][  0]LogLinker:Warning: Asset '../../../../sergey/UnrealProjects/Game_1337/TopDownProject/Content/Mannequin/Animations/ThirdPerson_AnimBP.uasset' has been saved with empty engine version. The asset will be loaded but may be incompatible.
[2018.05.10-07.12.58:844][  0]LogLinker:Warning: Asset '../../../../sergey/UnrealProjects/Game_1337/TopDownProject/Content/Mannequin/Animations/ThirdPerson_Jump.uasset' has been saved with empty engine version. The asset will be loaded but may be incompatible.
[2018.05.10-07.12.59:385][  0]LogLinker:Warning: Asset '../../../../sergey/UnrealProjects/Game_1337/TopDownProject/Content/Mannequin/Animations/ThirdPersonJump_Loop.uasset' has been saved with empty engine version. The asset will be loaded but may be incompatible.
[2018.05.10-07.12.59:675][  0]LogLinker:Warning: Asset '../../../../sergey/UnrealProjects/Game_1337/TopDownProject/Content/Mannequin/Animations/ThirdPersonJump_Start.uasset' has been saved with empty engine version. The asset will be loaded but may be incompatible.
[2018.05.10-07.13.00:173][  0]LogLinker:Warning: Asset '../../../../sergey/UnrealProjects/Game_1337/TopDownProject/Content/Mannequin/Animations/ThirdPersonIdle.uasset' has been saved with empty engine version. The asset will be loaded but may be incompatible.
[2018.05.10-07.13.00:177][  0]LogLinker:Warning: Asset '../../../../sergey/UnrealProjects/Game_1337/TopDownProject/Content/Mannequin/Animations/ThirdPersonRun.uasset' has been saved with empty engine version. The asset will be loaded but may be incompatible.
[2018.05.10-07.13.00:245][  0]LogLinker:Warning: Asset '../../../../sergey/UnrealProjects/Game_1337/TopDownProject/Content/Mannequin/Animations/ThirdPersonWalk.uasset' has been saved with empty engine version. The asset will be loaded but may be incompatible.
[2018.05.10-07.13.20:415][  0]LogMaterial: Uniform references updated for custom material expression TemporalAA SampleID.
[2018.05.10-07.13.20:415][  0]LogMaterial: Uniform references updated for custom material expression Custom.
[2018.05.10-07.13.39:335][  0]LogAIModule: Creating AISystem for world TopDownExampleMap
[2018.05.10-07.13.40:650][  0]LogMaterial:Warning: Material /Game/InfinityBladeGrassLands/Environments/Plains/Env_Plains_Flora/Materials/M_PLains_Fern01.M_PLains_Fern01 needed to have new flag set bUsedWithInstancedStaticMeshes !
[2018.05.10-07.13.40:724][  0]LogMaterial: Missing cached shader map for material M_PLains_Fern01, compiling. 
[2018.05.10-07.13.41:113][  0]MapCheck:Warning: Warning M_PLains_Fern01 Material /Game/InfinityBladeGrassLands/Environments/Plains/Env_Plains_Flora/Materials/M_PLains_Fern01.M_PLains_Fern01 was missing the usage flag bUsedWithInstancedStaticMeshes. If the material asset is not re-saved, it may not render correctly when run outside the editor. Fix
[2018.05.10-07.13.41:113][  0]LogMaterial: 0.00 seconds spent updating 1 materials, 1 interfaces, 0 instances, 0 with static permutations.
[2018.05.10-07.13.45:263][  0]LogEditorServer: Finished looking for orphan Actors (0.000 secs)
[2018.05.10-07.13.45:969][  0]Cmd: MAP CHECKDEP NOCLEARLOG
[2018.05.10-07.13.46:095][  0]MapCheck: Info Map check complete: 0 Error(s), 1 Warning(s), took 126.026ms to complete.
[2018.05.10-07.13.46:607][  0]LogFileHelpers: Loading map 'TopDownExampleMap' took 53.036
[2018.05.10-07.14.06:652][  0]LogCollectionManager: Loaded 0 collections in 0.193985 seconds
[2018.05.10-07.14.09:262][  0]LogFileCache: Scanning file cache for directory 'D:/sergey/UnrealProjects/Game_1337/TopDownProject/Saved/Collections/' took 0.01s
[2018.05.10-07.14.09:262][  0]LogFileCache: Scanning file cache for directory 'D:/sergey/UnrealProjects/Game_1337/TopDownProject/Content/Developers/1/Collections/' took 0.01s
[2018.05.10-07.14.09:262][  0]LogFileCache: Scanning file cache for directory 'D:/sergey/UnrealProjects/Game_1337/TopDownProject/Content/Collections/' took 0.01s
[2018.05.10-07.14.09:262][  0]LogCollectionManager: Rebuilt the GUID cache for 0 collections in 0.000005 seconds
[2018.05.10-07.14.09:342][  0]LogContentBrowser: Native class hierarchy populated in 0.0777 seconds. Added 1979 classes and 343 folders.
[2018.05.10-07.14.09:564][  0]LogStats: UGameplayTagsManager::ConstructGameplayTagTree: Construct from data asset -  0.000 s
[2018.05.10-07.14.09:564][  0]LogStats: UGameplayTagsManager::ConstructGameplayTagTree: GameplayTagTreeChangedEvent.Broadcast -  0.000 s
[2018.05.10-07.14.09:603][  0]LogContentBrows