[2018.04.28-08.04.50:420][  0]Log file open, 04/28/18 16:04:50
[2018.04.28-08.04.50:420][  0]LogInit:Display: Running engine for game: TopDownProject
[2018.04.28-08.04.50:420][  0]LogInit:Display: RandInit(-1030297077) SRandInit(-1030297076).
[2018.04.28-08.04.50:420][  0]LogTaskGraph: Started task graph with 4 named threads and 5 total threads.
[2018.04.28-08.04.50:420][  0]LogStats: Stats thread started at 0.059998
[2018.04.28-08.04.50:420][  0]LogInit: Version: 4.9.2-2707645+++depot+UE4-Releases+4.9
[2018.04.28-08.04.50:420][  0]LogInit: API Version: 2672455
[2018.04.28-08.04.50:420][  0]LogInit: Compiled (64-bit): Sep 28 2015 10:25:44
[2018.04.28-08.04.50:420][  0]LogInit: Compiled with Visual C++: 18.00.21005.01
[2018.04.28-08.04.50:420][  0]LogInit: Build Configuration: Development
[2018.04.28-08.04.50:420][  0]LogInit: Branch Name: ++depot+UE4-Releases+4.9
[2018.04.28-08.04.50:420][  0]LogInit: Command line:  
[2018.04.28-08.04.50:420][  0]LogInit: Base directory: D:/UE_4.9/Engine/Binaries/Win64/
[2018.04.28-08.04.50:420][  0]LogInit: Rocket: 1
[2018.04.28-08.04.50:540][  0]LogInit: Using libcurl 7.41.0
[2018.04.28-08.04.50:540][  0]LogInit:  - built for x86_64-pc-win32
[2018.04.28-08.04.50:540][  0]LogInit:  - supports SSL with WinSSL
[2018.04.28-08.04.50:540][  0]LogInit:  - other features:
[2018.04.28-08.04.50:540][  0]LogInit:      CURL_VERSION_SSL
[2018.04.28-08.04.50:540][  0]LogInit:      CURL_VERSION_IPV6
[2018.04.28-08.04.50:540][  0]LogInit:      CURL_VERSION_ASYNCHDNS
[2018.04.28-08.04.50:540][  0]LogInit:      CURL_VERSION_LARGEFILE
[2018.04.28-08.04.50:540][  0]LogInit:      CURL_VERSION_IDN
[2018.04.28-08.04.50:540][  0]LogInit:  CurlRequestOptions (configurable via config and command line):
[2018.04.28-08.04.50:540][  0]LogInit:  - bVerifyPeer = true  - Libcurl will verify peer certificate
[2018.04.28-08.04.50:540][  0]LogInit:  - bUseHttpProxy = false  - Libcurl will NOT use HTTP proxy
[2018.04.28-08.04.50:540][  0]LogInit:  - bDontReuseConnections = false  - Libcurl will reuse connections
[2018.04.28-08.04.50:540][  0]LogInit:  - CertBundlePath = nullptr  - Libcurl will use whatever was configured at build time.
[2018.04.28-08.04.50:550][  0]LogInit: Presizing for 0 objects not considered by GC, pre-allocating 0 bytes.
[2018.04.28-08.04.50:560][  0]LogInit: Object subsystem initialized
[2018.04.28-08.04.50:560][  0]LogInit: Selected Device Profile: [Windows]
[2018.04.28-08.04.50:560][  0]LogInit: Applying CVar settings loaded from the selected device profile: [Windows]
[2018.04.28-08.04.50:580][  0]LogInit: Computer: 1-ПК
[2018.04.28-08.04.50:580][  0]LogInit: User: 1
[2018.04.28-08.04.50:580][  0]LogInit: CPU Page size=4096, Cores=2
[2018.04.28-08.04.50:580][  0]LogInit: High frequency timer resolution =2.338476 MHz
[2018.04.28-08.04.50:580][  0]LogMemory: Memory total: Physical=3.9GB (4GB approx)
[2018.04.28-08.04.50:580][  0]LogMemory: Platform Memory Stats for Windows
[2018.04.28-08.04.50:580][  0]LogMemory: Process Physical Memory: 54.71 MB used, 54.71 MB peak
[2018.04.28-08.04.50:580][  0]LogMemory: Process Virtual Memory: 56.58 MB used, 56.58 MB peak
[2018.04.28-08.04.50:580][  0]LogMemory: Physical Memory: 1607.83 MB used, 4010.14 MB total
[2018.04.28-08.04.50:580][  0]LogMemory: Virtual Memory: 339.01 MB used, 8388608.00 MB total
[2018.04.28-08.04.52:105][  0]LogTextLocalizationManager: No translations for ('ru-RU') exist, falling back to 'en' for localization and internationalization data.
[2018.04.28-08.04.57:142][  0]LogD3D11RHI: Found D3D11 adapter 0: NVIDIA GeForce 410M (Feature Level 11_0)
[2018.04.28-08.04.57:142][  0]LogD3D11RHI: Adapter has 979MB of dedicated video memory, 0MB of dedicated system memory, and 1749MB of shared system memory, 1 output[s]
[2018.04.28-08.04.57:717][  0]LogD3D11RHI: Found D3D11 adapter 1: NVIDIA GeForce 410M (Feature Level 11_0)
[2018.04.28-08.04.57:717][  0]LogD3D11RHI: Adapter has 979MB of dedicated video memory, 0MB of dedicated system memory, and 1749MB of shared system memory, 0 output[s]
[2018.04.28-08.04.57:717][  0]LogD3D11RHI: Chosen D3D11 Adapter Id = 0
[2018.04.28-08.04.58:982][  0]LogD3D11RHI: !Direct3DDevice
[2018.04.28-08.04.58:982][  0]LogRHI: Texture pool is 1297 MB (70% of 1854 MB)
[2018.04.28-08.04.59:664][  0]LogD3D11RHI: Async texture creation enabled
[2018.04.28-08.05.03:976][  0]LogShaderCompilers: Guid format shader working directory is 15 characters bigger than the processId version (../../../../sergey/UnrealProjects/TopDownProject/Intermediate/Shaders/WorkingDirectory/5652/).
[2018.04.28-08.05.03:977][  0]LogShaderCompilers: Cleaned the shader compiler working directory '../../../../sergey/UnrealProjects/TopDownProject/Intermediate/Shaders/tmp/7332F85846C851E2535BB5B38022A066/'.
[2018.04.28-08.05.03:977][  0]LogShaderCompilers:Display: Using Local Shader Compiler.
[2018.04.28-08.05.50:924][  0]LogTemp:Display: Loaded TP AllDesktopTargetPlatform
[2018.04.28-08.05.51:149][  0]LogTemp:Display: Loaded TP WindowsClientTargetPlatform
[2018.04.28-08.05.51:667][  0]LogTemp:Display: Loaded TP WindowsNoEditorTargetPlatform
[2018.04.28-08.05.51:892][  0]LogTemp:Display: Loaded TP WindowsServerTargetPlatform
[2018.04.28-08.05.52:268][  0]LogTemp:Display: Loaded TP WindowsTargetPlatform
[2018.04.28-08.05.53:265][  0]LogTemp:Display: Loaded TP AndroidTargetPlatform
[2018.04.28-08.05.53:689][  0]LogTemp:Display: Loaded TP Android_ASTCTargetPlatform
[2018.04.28-08.05.53:995][  0]LogTemp:Display: Loaded TP Android_ATCTargetPlatform
[2018.04.28-08.05.54:154][  0]LogTemp:Display: Loaded TP Android_DXTTargetPlatform
[2018.04.28-08.05.55:151][  0]LogTemp:Display: Loaded TP Android_ETC1TargetPlatform
[2018.04.28-08.05.55:345][  0]LogTemp:Display: Loaded TP Android_ETC2TargetPlatform
[2018.04.28-08.05.55:842][  0]LogTemp:Display: Loaded TP Android_PVRTCTargetPlatform
[2018.04.28-08.05.56:001][  0]LogTemp:Display: Loaded TP HTML5TargetPlatform
[2018.04.28-08.05.56:305][  0]LogTemp:Display: Loaded TP IOSTargetPlatform
[2018.04.28-08.05.56:411][  0]LogTemp:Display: Loaded TP LinuxNoEditorTargetPlatform
[2018.04.28-08.05.56:525][  0]LogTemp:Display: Loaded TP LinuxServerTargetPlatform
[2018.04.28-08.05.56:750][  0]LogTemp:Display: Loaded TP LinuxTargetPlatform
[2018.04.28-08.05.56:751][  0]LogTargetPlatformManager:Display: Building Assets For Windows
[2018.04.28-08.05.58:901][  0]LogDerivedDataCache:Display: Max Cache Size: 512 MB
[2018.04.28-08.05.59:502][  0]LogDerivedDataCache: Loaded boot cache 0.59s 41MB C:/Users/1/AppData/Local/UnrealEngine/4.9/DerivedDataCache/Boot.ddc.
[2018.04.28-08.05.59:502][  0]LogDerivedDataCache:Display: Loaded Boot cache: C:/Users/1/AppData/Local/UnrealEngine/4.9/DerivedDataCache/Boot.ddc
[2018.04.28-08.05.59:502][  0]LogDerivedDataCache: FDerivedDataBackendGraph:  Pak pak cache file ../../../../sergey/UnrealProjects/TopDownProject/DerivedDataCache/DDC.ddp not found, will not use a pak cache.
[2018.04.28-08.05.59:502][  0]LogDerivedDataCache: Unable to find inner node Pak for hierarchical cache Hierarchy.
[2018.04.28-08.05.59:502][  0]LogDerivedDataCache: FDerivedDataBackendGraph:  CompressedPak pak cache file ../../../../sergey/UnrealProjects/TopDownProject/DerivedDataCache/Compressed.ddp not found, will not use a pak cache.
[2018.04.28-08.05.59:502][  0]LogDerivedDataCache: Unable to find inner node CompressedPak for hierarchical cache Hierarchy.
[2018.04.28-08.05.59:851][  0]LogDerivedDataCache:Display: Pak cache opened for reading ../../../Engine/DerivedDataCache/Compressed.ddp.
[2018.04.28-08.05.59:881][  0]LogDerivedDataCache: Using Local data cache path C:/Users/1/AppData/Local/UnrealEngine/Common/DerivedDataCache: Writable
[2018.04.28-08.06.11:851][  0]LogInit: Selected Device Profile: [Windows]
[2018.04.28-08.06.11:880][  0]LogContentStreaming: Texture pool size is 0.000000MB
[2018.04.28-08.06.12:258][  0]LogMeshUtilities: No automatic mesh reduction module available
[2018.04.28-08.06.12:258][  0]LogMeshUtilities: No automatic mesh merging module available
[2018.04.28-08.06.18:126][  0]LogInit: WinSock: version 1.1 (2.2), MaxSocks=32767, MaxUdp=65467
[2018.04.28-08.06.48:814][  0]UdpMessaging: Initializing bridge on interface 0.0.0.0:0 to multicast group 230.0.0.1:6666.
[2018.04.28-08.06.50:019][  0]LogAssetRegistry: FAssetRegistry took 0.0304 seconds to start up
[2018.04.28-08.06.56:772][  0]SourceControl: Info Source control is disabled
[2018.04.28-08.06.56:773][  0]SourceControl: Info Source control is disabled
[2018.04.28-08.06.57:549][  0]SourceControl: Info Source control is disabled
[2018.04.28-08.06.58:124][  0]SourceControl: Info Source control is disabled
[2018.04.28-08.07.00:288][  0]LogLinker:Warning: Asset '../../../Engine/Plugins/Runtime/LeapMotionController/Content/LM_PassthroughMaterial.uasset' has been saved with empty engine version. The asset will be loaded but may be incompatible.
[2018.04.28-08.07.01:080][  0]LogObj: 28361 objects as part of root set at end of initial load.
[2018.04.28-08.07.01:080][  0]LogUObjectAllocator: 6038864 out of 0 bytes used by permanent object pool.
[2018.04.28-08.07.02:290][  0]LogEngine: Initializing Engine...
[2018.04.28-08.07.02:339][  0]LogHMD: Can't find Oculus library dev build: is proper Runtime installed? Version: 0.7.0.0
[2018.04.28-08.07.02:852][  0]LogHMD: SteamVR failed to initialize.  Err: 110
[2018.04.28-08.07.04:398][  0]LogAIModule: Creating AISystem for world NewWorld
[2018.04.28-08.07.04:485][  0]LogInit: XAudio2 using 'Динамики (Устройство с поддержкой High Definition Audio)' : 2 channels at 44.1 kHz using 16 bits per sample (channel mask 0x3)
[2018.04.28-08.07.04:521][  0]LogInit: FAudioDevice initialized.
[2018.04.28-08.07.04:594][  0]LogDerivedDataCache: Saved boot cache 0.07s 41MB C:/Users/1/AppData/Local/UnrealEngine/4.9/DerivedDataCache/Boot.ddc.
[2018.04.28-08.07.04:600][  0]LogInit: Texture streaming: Enabled
[2018.04.28-08.07.04:638][  0]LogAnalytics: Creating configured Analytics provider AnalyticsET
[2018.04.28-08.07.04:638][  0]LogAnalytics: [UEEditor.Rocket.Release] APIServer = http://et2.epicgames.com/ET2/. AppVersion = 4.9.2-2707645+++depot+UE4-Releases+4.9
[2018.04.28-08.07.04:638][  0]LogAnalytics: [UEEditor.Rocket.Release] SetUserId fdb2de1848db1fa47a6f94acde81dca0|be1dc849c34248278283a980c6ca8968|82021297-a794-427f-b0e0-602fe21b1b06
[2018.04.28-08.07.04:659][  0]LogAnalytics: [UEEditor.Rocket.Release] AnalyticsET::StartSession
[2018.04.28-08.07.05:528][  0]LogInit: Transaction tracking system initialized
[2018.04.28-08.07.08:493][  0]BlueprintLog: New page: Editor Load
[2018.04.28-08.07.23:197][  0]LocalizationService: Info Localization service is disabled
[2018.04.28-08.07.31:054][  0]LogConsoleResponse:Display: 
[2018.04.28-08.07.42:754][  0]LogFileCache: Scanning file cache for directory 'D:/sergey/UnrealProjects/TopDownProject/Content/' took 0.03s
[2018.04.28-08.07.42:754][  0]LogCook:Display: Done creating registry. It took  0.00s.
[2018.04.28-08.07.49:784][  0]SourceControl: Info Source control is disabled
[2018.04.28-08.07.50:427][  0]Cmd: MAP LOAD FILE="../../../../sergey/UnrealProjects/TopDownProject/Content/TopDownBP/Maps/TopDownExampleMap.umap" TEMPLATE=0 SHOWPROGRESS=1 FEATURELEVEL=3
[2018.04.28-08.07.51:384][  0]LightingResults: New page: Lighting Build
[2018.04.28-08.07.53:091][  0]MapCheck: New page: Map Check
[2018.04.28-08.07.53:091][  0]LightingResults: New page: Lighting Build
[2018.04.28-08.07.58:038][  0]LogParticles: Destroying 0 GPU particle simulations for FXSystem 0x00000000247E0860
[2018.04.28-08.08.01:486][  0]LogLinker:Warning: Asset '../../../../sergey/UnrealProjects/TopDownProject/Content/Mannequin/Animations/ThirdPerson_AnimBP.uasset' has been saved with empty engine version. The asset will be loaded but may be incompatible.
[2018.04.28-08.08.01:669][  0]LogLinker:Warning: Asset '../../../../sergey/UnrealProjects/TopDownProject/Content/Mannequin/Animations/ThirdPerson_Jump.uasset' has been saved with empty engine version. The asset will be loaded but may be incompatible.
[2018.04.28-08.08.01:994][  0]LogLinker:Warning: Asset '../../../../sergey/UnrealProjects/TopDownProject/Content/Mannequin/Animations/ThirdPersonJump_Loop.uasset' has been saved with empty engine version. The asset will be loaded but may be incompatible.
[2018.04.28-08.08.02:052][  0]LogLinker:Warning: Asset '../../../../sergey/UnrealProjects/TopDownProject/Content/Mannequin/Animations/ThirdPersonJump_Start.uasset' has been saved with empty engine version. The asset will be loaded but may be incompatible.
[2018.04.28-08.08.02:097][  0]LogLinker:Warning: Asset '../../../../sergey/UnrealProjects/TopDownProject/Content/Mannequin/Animations/ThirdPerson_IdleRun_2D.uasset' has been saved with empty engine version. The asset will be loaded but may be incompatible.
[2018.04.28-08.08.02:482][  0]LogLinker:Warning: Asset '../../../../sergey/UnrealProjects/TopDownProject/Content/Mannequin/Animations/ThirdPersonIdle.uasset' has been saved with empty engine version. The asset will be loaded but may be incompatible.
[2018.04.28-08.08.02:769][  0]LogLinker:Warning: Asset '../../../../sergey/UnrealProjects/TopDownProject/Content/Mannequin/Animations/ThirdPersonRun.uasset' has been saved with empty engine version. The asset will be loaded but may be incompatible.
[2018.04.28-08.08.03:240][  0]LogLinker:Warning: Asset '../../../../sergey/UnrealProjects/TopDownProject/Content/Mannequin/Animations/ThirdPersonWalk.uasset' has been saved with empty engine version. The asset will be loaded but may be incompatible.
[2018.04.28-08.08.19:918][  0]LogLinker:Warning: CreateExport: Failed to load Parent for Function /Game/TopDownBP/InventorySystem/Item/Items/Box.Box_C:UserConstructionScript; removing parent information, but keeping function
[2018.04.28-08.08.20:192][  0]LogLinker:Warning: CreateExport: Failed to load Parent for Function /Game/TopDownBP/InventorySystem/Item/Items/ItemSphere.ItemSphere_C:UserConstructionScript; removing parent information, but keeping function
[2018.04.28-08.08.20:271][  0]LogLinker:Warning: CreateExport: Failed to load Parent for Function /Game/TopDownBP/InventorySystem/Item/Items/ItemCone.ItemCone_C:UserConstructionScript; removing parent information, but keeping function
[2018.04.28-08.08.39:447][  0]LogAIModule: Creating AISystem for world TopDownExampleMap
[2018.04.28-08.08.44:543][  0]LogEditorServer: Finished looking for orphan Actors (0.043 secs)
[2018.04.28-08.08.45:197][  0]Cmd: MAP CHECKDEP NOCLEARLOG
[2018.04.28-08.08.45:568][  0]MapCheck: Info Map check complete: 0 Error(s), 0 Warning(s), took 370.49ms to complete.
[2018.04.28-08.08.45:568][  0]LogFileHelpers: Loading map 'TopDownExampleMap' took 55.513
[2018.04.28-08.08.54:443][  0]LogCollectionManager: Loaded 0 collections in 0.002442 seconds
[2018.04.28-08.08.54:814][  0]LogFileCache: Scanning file cache for directory 'D:/sergey/UnrealProjects/TopDownProject/Saved/Collections/' took 0.01s
[2018.04.28-08.08.54:814][  0]LogFileCache: Scanning file cache for directory 'D:/sergey/UnrealProjects/TopDownProject/Content/Developers/1/Collections/' took 0.00s
[2018.04.28-08.08.54:814][  0]LogFileCache: Scanning file cache for directory 'D:/sergey/UnrealProjects/TopDownProject/Content/Collections/' took 0.00s
[2018.04.28-08.08.54:814][  0]LogContentBrowser: Native class hierarchy populated in 0.1294 seconds. Added 1868 classes and 335 folders.
[2018.04.28-08.08.54:951][  0]LogCollectionManager: Rebuilt the GUID cache for 0 collections in 0.000009 seconds
[2018.04.28-08.08.55:177][  0]LogContentBrowser: Native class hierarchy updated for 'WidgetCarousel' in 0.0017 seconds. Added 0 classes and 0 folders.
[2018.04.28-08.08.57:366][  0]LogContentBrowser: Native class hierarchy updated for 'AddContentDialog' in 0.0007 seconds. Added 0 classes and 0 folders.
[2018.04.28-08.08.57:965][  0]LogCrashTracker: Crashtracker disabled due to settings.
[2018.04.28-08.08.58:238][  0]LogUObjectGlobals:Warning: Failed to find object 'Class None.'
[2018.04.28-08.08.58:388][  0]LogLoad: Full Startup: 249.15 seconds (BP compile: 6.61 seconds)
[2018.04.28-08.08.59:720][  0]LogContentStreaming: Texture pool size now 400 MB
[2018.04.28-08.09.00:725][  0]LogRenderer: Reallocating scene render targets to support 752x660 (Frame:2).
[2018.04.28-08.09.08:300][ 17]LogAssetRegistry: Asset discovery search completed in 138.3091 seconds
[2018.04.28-08.09.08:300][ 17]LogCollectionManager: Rebuilt the object cache for 0 collections in 0.000001 seconds (found 0 objects)
[2018.04.28-08.09.08:300][ 17]LogCollectionManager: Fixed up redirectors for 0 collections in 0.000034 seconds (updated 0 objects)
[2018.04.28-08.18.34:239][919]LogBlueprintUserMessages: Early PlayInEditor Detection: Level '/Game/TopDownBP/Maps/TopDownExampleMap.TopDownExampleMap:PersistentLevel' has LevelScriptBlueprint '/Game/TopDownBP/Maps/TopDownExampleMap.TopDownExampleMap:PersistentLevel.TopDownExampleMap' with GeneratedClass '/Game/TopDownBP/Maps/TopDownExampleMap.TopDownExampleMap_C' with ClassGeneratedBy '/Game/TopDownBP/Maps/TopDownExampleMap.TopDownExampleMap:PersistentLevel.TopDownExampleMap'
[2018.04.28-08.18.34:239][919]LogPlayLevel: PlayLevel: No blueprints needed recompiling
[2018.04.28-08.18.34:398][919]PIE: New page: PIE session: TopDownExampleMap (Apr 29, 2018, 12:18:34 AM)
[2018.04.28-08.18.34:429][919]LogPlayLevel: Creating play world package: /Game/TopDownBP/Maps/UEDPIE_0_TopDownExampleMap
[2018.04.28-08.18.34:658][919]LogPlayLevel: PIE: StaticDuplicateObject took: (0.228389s)
[2018.04.28-08.18.34:700][919]LogAIModule: Creating AISystem for world TopDownExampleMap
[2018.04.28-08.18.34:700][919]LogPlayLevel: PIE: World Init took: (0.042642s)
[2018.04.28-08.18.34:701][919]LogPlayLevel: PIE: Created PIE world by copying editor world from /Game/TopDownBP/Maps/TopDownExampleMap.TopDownExampleMap to /Game/TopDownBP/Maps/UEDPIE_0_TopDownExampleMap.TopDownExampleMap (0.271779s)
[2018.04.28-08.18.34:816][919]LogActorComponent: UnregisterComponent: (/Engine/Transient.CharGoingForAction_GEN_VARIABLE) Not registered. Aborting.
[2018.04.28-08.18.34:816][919]LogActorComponent: UnregisterComponent: (/Engine/Transient.CursorOnActorText_GEN_VARIABLE) Not registered. Aborting.
[2018.04.28-08.18.35:156][919]LogInit: XAudio2 using 'Динамики (Устройство с поддержкой High Definition Audio)' : 2 channels at 44.1 kHz using 16 bits per sample (channel mask 0x3)
[2018.04.28-08.18.35:166][919]LogInit: FAudioDevice initialized.
[2018.04.28-08.18.35:526][919]LogWorld: Game class is 'TopDownGameMode_C'
[2018.04.28-08.18.35:748][919]LogWorld:Warning: *** WARNING - PATHS MAY NOT BE VALID ***
[2018.04.28-08.18.35:748][919]LogWorld: Bringing World /Game/TopDownBP/Maps/UEDPIE_0_TopDownExampleMap.TopDownExampleMap up for play (max tick rate 60) at 2018.04.28-16.18.35
[2018.04.28-08.18.35:749][919]LogActor:Warning: GameSession /Game/TopDownBP/Maps/UEDPIE_0_TopDownExampleMap.TopDownExampleMap:PersistentLevel.GameSession_0 has natively added scene component(s), but none of them were set as the actor's RootComponent - picking one arbitrarily
[2018.04.28-08.18.35:759][919]LogActor:Warning: GameNetworkManager /Game/TopDownBP/Maps/UEDPIE_0_TopDownExampleMap.TopDownExampleMap:PersistentLevel.GameNetworkManager_0 has natively added scene component(s), but none of them were set as the actor's RootComponent - picking one arbitrarily
[2018.04.28-08.18.35:825][919]LogWorld: Bringing up level for play took: 0.089375
[2018.04.28-08.18.36:195][919]PIE: Info Play in editor start time for /Game/TopDownBP/Maps/UEDPIE_0_TopDownExampleMap 1.578
[2018.04.28-08.18.36:195][919]LogBlueprintUserMessages: Late PlayInEditor Detection: Level '/Game/TopDownBP/Maps/TopDownExampleMap.TopDownExampleMap:PersistentLevel' has LevelScriptBlueprint '/Game/TopDownBP/Maps/TopDownExampleMap.TopDownExampleMap:PersistentLevel.TopDownExampleMap' with GeneratedClass '/Game/TopDownBP/Maps/TopDownExampleMap.TopDownExampleMap_C' with ClassGeneratedBy '/Game/TopDownBP/Maps/TopDownExampleMap.TopDownExampleMap:PersistentLevel.TopDownExampleMap'
[2018.04.28-08.18.50:204][284]LogBlueprintUserMessages: Early EndPlayMap Detection: Level '/Game/TopDownBP/Maps/TopDownExampleMap.TopDownExampleMap:PersistentLevel' has LevelScriptBlueprint '/Game/TopDownBP/Maps/TopDownExampleMap.TopDownExampleMap:PersistentLevel.TopDownExampleMap' with GeneratedClass '/Game/TopDownBP/Maps/TopDownExampleMap.TopDownExampleMap_C' with ClassGeneratedBy '/Game/TopDownBP/Maps/TopDownExampleMap.TopDownExampleMap:PersistentLevel.TopDownExampleMap'
[2018.04.28-08.18.50:430][284]LogBlueprintUserMessages: Late EndPlayMap Detection: Level '/Game/TopDownBP/Maps/TopDownExampleMap.TopDownExampleMap:PersistentLevel' has LevelScriptBlueprint '/Game/TopDownBP/Maps/TopDownExampleMap.TopDownExampleMap:PersistentLevel.TopDownExampleMap' with GeneratedClass '/Game/TopDownBP/Maps/TopDownExampleMap.TopDownExampleMap_C' with ClassGeneratedBy '/Game/TopDownBP/Maps/TopDownExampleMap.TopDownExampleMap:PersistentLevel.TopDownExampleMap'
[2018.04.28-08.18.50:506][284]LogParticles: Destroying 0 GPU particle simulations for FXSystem 0x0000000012801EE0
[2018.04.28-08.19.07:373][ 72]Cmd: CLOSE_SLATE_MAINFRAME
[2018.04.28-08.19.08:527][ 73]Cmd: QUIT_EDITOR
[2018.04.28-08.19.09:137][ 73]LogExit: Preparing to exit.
[2018.04.28-08.19.12:389][ 73]LogExit: Editor shut down
[2018.04.28-08.19.12:390][ 73]LogExit: Transaction tracking system shut down
[2018.04.28-08.19.12:868][ 73]LogParticles: Destroying 0 GPU particle simulations for FXSystem 0x000000002D05F1A0
[2018.04.28-08.19.13:749][ 73]LogParticles: Destroying 0 GPU particle simulations for FXSystem 0x0000000033970720
[2018.04.28-08.19.13:749][ 73]LogParticles: Destroying 0 GPU particle simulations for FXSystem 0x0000000033113F60
[2018.04.28-08.19.13:749][ 73]LogParticles: Destroying 0 GPU particle simulations for FXSystem 0x00000000380594E0
[2018.04.28-08.19.13:749][ 73]LogExit: Object subsystem successfully closed.
[2018.04.28-08.19.14:071][ 73]LogD3D11RHI: Shutdown
[2018.04.28-08.19.14:071][ 73]LogD3D11RHI: CleanupD3DDevice
[2018.04.28-08.19.14:214][ 73]LogD3D11RHI: ~FD3D11DynamicRHI
[2018.04.28-08.19.14:681][ 73]LogModuleManager: Shutting down and abandoning module CrashTracker (197)
[2018.04.28-08.19.14:681][ 73]LogModuleManager: Shutting down and abandoning module SuperSearch (196)
[2018.04.28-08.19.14:681][ 73]LogModuleManager: Shutting down and abandoning module WidgetCarousel (195)
[2018.04.28-08.19.14:681][ 73]LogModuleManager: Shutting down and abandoning module AddContentDialog (194)
[2018.04.28-08.19.14:693][ 73]LogModuleManager: Shutting down and abandoning module EditorWidgets (193)
[2018.04.28-08.19.14:693][ 73]LogModuleManager: Shutting down and abandoning module CollectionManager (192)
[2018.04.28-08.19.14:693][ 73]LogModuleManager: Shutting down and abandoning module SceneOutliner (191)
[2018.04.28-08.19.14:701][ 73]LogModuleManager: Shutting down and abandoning module StatsViewer (190)
[2018.04.28-08.19.14:701][ 73]LogModuleManager: Shutting down and abandoning module FoliageEdit (189)
[2018.04.28-08.19.14:701][ 73]LogModuleManager: Shutting down and abandoning module LandscapeEditor (188)
[2018.04.28-08.19.14:839][ 73]LogModuleManager: Shutting down and abandoning module ActorPickerMode (187)
[2018.04.28-08.19.14:839][ 73]LogModuleManager: Shutting down and abandoning module GeometryMode (186)
[2018.04.28-08.19.14:839][ 73]LogModuleManager: Shutting down and abandoning module TextureAlignMode (185)
[2018.04.28-08.19.14:839][ 73]LogModuleManager: Shutting down and abandoning module BspMode (184)
[2018.04.28-08.19.14:839][ 73]LogModuleManager: Shutting down and abandoning module PlacementMode (183)
[2018.04.28-08.19.14:839][ 73]LogModuleManager: Shutting down and abandoning module AutomationWorker (182)
[2018.04.28-08.19.14:839][ 73]LogModuleManager: Shutting down and abandoning module CharacterAI (181)
[2018.04.28-08.19.14:839][ 73]LogModuleManager: Shutting down and abandoning module SmartSnapping (180)
[2018.04.28-08.19.14:839][ 73]LogModuleManager: Shutting down and abandoning module ViewportSnapping (179)
[2018.04.28-08.19.14:839][ 73]LogModuleManager: Shutting down and abandoning module LogVisualizer (178)
[2018.04.28-08.19.14:839][ 73]LogModuleManager: Shutting down and abandoning module GameProjectGeneration (177)
[2018.04.28-08.19.14:863][ 73]LogModuleManager: Shutting down and abandoning module IntroTutorials (176)
[2018.04.28-08.19.14:884][ 73]LogModuleManager: Shutting down and abandoning module EditorLiveStreaming (175)
[2018.04.28-08.19.14:884][ 73]LogModuleManager: Shutting down and abandoning module IOSPlatformEditor (174)
[2018.04.28-08.19.14:884][ 73]LogModuleManager: Shutting down and abandoning module HTML5PlatformEditor (173)
[2018.04.28-08.19.14:884][ 73]LogModuleManager: Shutting down and abandoning module AndroidDeviceDetection (172)
[2018.04.28-08.19.15:033][ 73]LogModuleManager: Shutting down and abandoning module AndroidPlatformEditor (171)
[2018.04.28-08.19.15:033][ 73]LogModuleManager: Shutting down and abandoning module IOSRuntimeSettings (170)
[2018.04.28-08.19.15:033][ 73]LogModuleManager: Shutting down and abandoning module AndroidRuntimeSettings (169)
[2018.04.28-08.19.15:033][ 73]LogModuleManager: Shutting down and abandoning module MergeActors (168)
[2018.04.28-08.19.15:076][ 73]LogModuleManager: Shutting down and abandoning module SizeMap (167)
[2018.04.28-08.19.15:076][ 73]LogModuleManager: Shutting down and abandoning module TreeMap (166)
[2018.04.28-08.19.15:076][ 73]LogModuleManager: Shutting down and abandoning module ReferenceViewer (165)
[2018.04.28-08.19.15:076][ 73]LogModuleManager: Shutting down and abandoning module LocalizationService (164)
[2018.04.28-08.19.15:076][ 73]LogModuleManager: Shutting down and abandoning module LocalizationDashboard (163)
[2018.04.28-08.19.15:098][ 73]LogModuleManager: Shutting down and abandoning module HardwareTargeting (162)
[2018.04.28-08.19.15:098][ 73]LogModuleManager: Shutting down and abandoning module DeviceProfileEditor (161)
[2018.04.28-08.19.15:098][ 73]LogModuleManager: Shutting down and abandoning module UndoHistory (160)
[2018.04.28-08.19.15:098][ 73]LogModuleManager: Shutting down and abandoning module GameplayTagsEditor (159)
[2018.04.28-08.19.15:098][ 73]LogModuleManager: Shutting down and abandoning module UserFeedback (158)
[2018.04.28-08.19.15:098][ 73]LogModuleManager: Shutting down and abandoning module XmlParser (157)
[2018.04.28-08.19.15:098][ 73]LogModuleManager: Shutting down and abandoning module Blutility (156)
[2018.04.28-08.19.15:098][ 73]LogModuleManager: Shutting down and abandoning module ProjectTargetPlatformEditor (155)
[2018.04.28-08.19.15:098][ 73]LogModuleManager: Shutting down and abandoning module ProjectSettingsViewer (154)
[2018.04.28-08.19.15:098][ 73]LogModuleManager: Shutting down and abandoning module InputBindingEditor (153)
[2018.04.28-08.19.15:140][ 73]LogModuleManager: Shutting down and abandoning module EditorSettingsViewer (152)
[2018.04.28-08.19.15:141][ 73]LogModuleManager: Shutting down and abandoning module SettingsEditor (151)
[2018.04.28-08.19.15:141][ 73]LogModuleManager: Shutting down and abandoning module ProjectLauncher (150)
[2018.04.28-08.19.15:141][ 73]LogModuleManager: Shutting down and abandoning module SessionFrontend (149)
[2018.04.28-08.19.15:141][ 73]LogModuleManager: Shutting down and abandoning module ProfilerClient (148)
[2018.04.28-08.19.15:150][ 73]LogModuleManager: Shutting down and abandoning module TargetDeviceServices (147)
[2018.04.28-08.19.15:150][ 73]LogModuleManager: Shutting down and abandoning module DeviceManager (146)
[2018.04.28-08.19.15:151][ 73]LogModuleManager: Shutting down and abandoning module AutomationController (145)
[2018.04.28-08.19.15:151][ 73]LogModuleManager: Shutting down and abandoning module AutomationWindow (144)
[2018.04.28-08.19.15:163][ 73]LogModuleManager: Shutting down and abandoning module Layers (143)
[2018.04.28-08.19.15:180][ 73]LogModuleManager: Shutting down and abandoning module ComponentVisualizers (142)
[2018.04.28-08.19.15:180][ 73]LogModuleManager: Shutting down and abandoning module DetailCustomizations (141)
[2018.04.28-08.19.15:219][ 73]LogModuleManager: Shutting down and abandoning module PackagesDialog (140)
[2018.04.28-08.19.15:238][ 73]LogModuleManager: Shutting down and abandoning module Persona (139)
[2018.04.28-08.19.15:253][ 73]LogModuleManager: Shutting down and abandoning module Kismet (138)
[2018.04.28-08.19.15:274][ 73]LogModuleManager: Shutting down and abandoning module GraphEditor (137)
[2018.04.28-08.19.15:315][ 73]LogModuleManager: Shutting down and abandoning module ClassViewer (136)
[2018.04.28-08.19.15:315][ 73]LogModuleManager: Shutting down and abandoning module Toolbox (135)
[2018.04.28-08.19.15:315][ 73]LogModuleManager: Shutting down and abandoning module ModuleUI (134)
[2018.04.28-08.19.15:328][ 73]LogModuleManager: Shutting down and abandoning module MovieSceneTools (133)
[2018.04.28-08.19.15:328][ 73]LogModuleManager: Shutting down and abandoning module OutputLog (132)
[2018.04.28-08.19.15:328][ 73]LogModuleManager: Shutting down and abandoning module GammaUI (131)
[2018.04.28-08.19.15:344][ 73]LogModuleManager: Shutting down and abandoning module Documentation (130)
[2018.04.28-08.19.15:344][ 73]LogModuleManager: Shutting down and abandoning module GameLiveStreaming (129)
[2018.04.28-08.19.15:358][ 73]LogModuleManager: Shutting down and abandoning module StreamingPauseRendering (128)
[2018.04.28-08.19.15:358][ 73]LogModuleManager: Shutting down and abandoning module AnalyticsET (127)
[2018.04.28-08.19.15:358][ 73]LogModuleManager: Shutting down and abandoning module Analytics (126)
[2018.04.28-08.19.15:358][ 73]LogModuleManager: Shutting down and abandoning module AITestSuite (125)
[2018.04.28-08.19.15:358][ 73]LogModuleManager: Shutting down and abandoning module GameplayDebugger (124)
[2018.04.28-08.19.15:358][ 73]LogModuleManager: Shutting down and abandoning module AIModule (123)
[2018.04.28-08.19.15:359][ 73]LogModuleManager: Shutting down and abandoning module ProfilerService (122)
[2018.04.28-08.19.15:465][ 73]LogModuleManager: Shutting down and abandoning module TaskGraph (121)
[2018.04.28-08.19.15:493][ 73]LogModuleManager: Shutting down and abandoning module SlateRemote (120)
[2018.04.28-08.19.15:493][ 73]LogModuleManager: Shutting down and abandoning module SteamVRController (119)
[2018.04.28-08.19.15:493][ 73]LogModuleManager: Shutting down and abandoning module SteamVR (118)
[2018.04.28-08.19.15:493][ 73]LogModuleManager: Shutting down and abandoning module ProceduralMeshComponent (117)
[2018.04.28-08.19.15:493][ 73]LogModuleManager: Shutting down and abandoning module OculusRift (116)
[2018.04.28-08.19.15:493][ 73]LogModuleManager: Shutting down and abandoning module OculusLibrary (115)
[2018.04.28-08.19.15:493][ 73]LogModuleManager: Shutting down and abandoning module LeapMotionController (114)
[2018.04.28-08.19.15:503][ 73]LogModuleManager: Shutting down and abandoning module CustomMeshComponent (113)
[2018.04.28-08.19.15:524][ 73]LogModuleManager: Shutting down and abandoning module CableComponent (112)
[2018.04.28-08.19.15:524][ 73]LogModuleManager: Shutting down and abandoning module ArchVisCharacter (111)
[2018.04.28-08.19.15:524][ 73]LogModuleManager: Shutting down and abandoning module MessagingDebugger (110)
[2018.04.28-08.19.15:563][ 73]LogModuleManager: Shutting down and abandoning module MediaPlayerEditor (109)
[2018.04.28-08.19.15:647][ 73]LogModuleManager: Shutting down and abandoning module HTML5Networking (108)
[2018.04.28-08.19.15:647][ 73]LogModuleManager: Shutting down and abandoning module SpeedTreeImporter (107)
[2018.04.28-08.19.15:647][ 73]LogModuleManager: Shutting down and abandoning module PluginBrowser (106)
[2018.04.28-08.19.15:647][ 73]LogModuleManager: Shutting down and abandoning module EpicSurvey (105)
[2018.04.28-08.19.15:647][ 73]LogModuleManager: Shutting down and abandoning module DesktopPlatform (104)
[2018.04.28-08.19.15:647][ 73]LogModuleManager: Shutting down and abandoning module VisualStudioSourceCodeAccess (103)
[2018.04.28-08.19.15:647][ 73]LogModuleManager: Shutting down and abandoning module UObjectPlugin (102)
[2018.04.28-08.19.15:647][ 73]LogModuleManager: Shutting down and abandoning module SubversionSourceControl (101)
[2018.04.28-08.19.15:647][ 73]LogModuleManager: Shutting down and abandoning module PerforceSourceControl (100)
[2018.04.28-08.19.15:647][ 73]LogModuleManager: Shutting down and abandoning module SourceControl (99)
[2018.04.28-08.19.15:688][ 73]LogModuleManager: Shutting down and abandoning module GitSourceControl (98)
[2018.04.28-08.19.15:688][ 73]LogModuleManager: Shutting down and abandoning module LightPropagationVolumeEditor (97)
[2018.04.28-08.19.15:688][ 73]LogModuleManager: Shutting down and abandoning module PaperTiledImporter (96)
[2018.04.28-08.19.15:688][ 73]LogModuleManager: Shutting down and abandoning module PaperSpriteSheetImporter (95)
[2018.04.28-08.19.15:688][ 73]LogModuleManager: Shutting down and abandoning module MeshPaint (94)
[2018.04.28-08.19.15:688][ 73]LogModuleManager: Shutting down and abandoning module SlateReflector (93)
[2018.04.28-08.19.15:735][ 73]LogModuleManager: Shutting down and abandoning module HotReload (92)
[2018.04.28-08.19.15:735][ 73]LogModuleManager: Shutting down and abandoning module MainFrame (91)
[2018.04.28-08.19.15:735][ 73]LogModuleManager: Shutting down and abandoning module LevelEditor (90)
[2018.04.28-08.19.15:736][ 73]LogModuleManager: Shutting down and abandoning module DirectoryWatcher (89)
[2018.04.28-08.19.15:737][ 73]LogModuleManager: Shutting down and abandoning module AssetRegistry (88)
[2018.04.28-08.19.15:917][ 73]LogModuleManager: Shutting down and abandoning module ContentBrowser (87)
[2018.04.28-08.19.15:918][ 73]LogModuleManager: Shutting down and abandoning module Paper2DEditor (86)
[2018.04.28-08.19.15:933][ 73]LogModuleManager: Shutting down and abandoning module UdpMessaging (85)
[2018.04.28-08.19.16:033][ 73]LogModuleManager: Shutting down and abandoning module LightPropagationVolumeRuntime (84)
[2018.04.28-08.19.16:033][ 73]LogModuleManager: Shutting down and abandoning module Paper2D (83)
[2018.04.28-08.19.16:033][ 73]LogModuleManager: Shutting down and abandoning module WindowsMoviePlayer (82)
[2018.04.28-08.19.16:056][ 73]LogModuleManager: Shutting down and abandoning module Media (81)
[2018.04.28-08.19.16:056][ 73]LogModuleManager: Shutting down and abandoning module WmfMedia (80)
[2018.04.28-08.19.16:079][ 73]LogModuleManager: Shutting down and abandoning module OnlineBlueprintSupport (79)
[2018.04.28-08.19.16:079][ 73]LogModuleManager: Shutting down and abandoning module GameplayTasksEditor (78)
[2018.04.28-08.19.16:080][ 73]LogModuleManager: Shutting down and abandoning module PropertyEditor (77)
[2018.04.28-08.19.16:109][ 73]LogModuleManager: Shutting down and abandoning module BehaviorTreeEditor (76)
[2018.04.28-08.19.16:118][ 73]LogModuleManager: Shutting down and abandoning module FunctionalTesting (75)
[2018.04.28-08.19.16:118][ 73]LogModuleManager: Shutting down and abandoning module CollisionAnalyzer (74)
[2018.04.28-08.19.16:118][ 73]LogModuleManager: Shutting down and abandoning module WorkspaceMenuStructure (73)
[2018.04.28-08.19.16:119][ 73]LogModuleManager: Shutting down and abandoning module MessageLog (72)
[2018.04.28-08.19.16:119][ 73]LogModuleManager: Shutting down and abandoning module Sequencer (71)
[2018.04.28-08.19.16:119][ 73]LogModuleManager: Shutting down and abandoning module AssetTools (70)
[2018.04.28-08.19.16:147][ 73]LogModuleManager: Shutting down and abandoning module UMGEditor (69)
[2018.04.28-08.19.16:154][ 73]LogModuleManager: Shutting down and abandoning module UMG (68)
[2018.04.28-08.19.16:154][ 73]LogModuleManager: Shutting down and abandoning module Slate (67)
[2018.04.28-08.19.16:154][ 73]LogModuleManager: Shutting down and abandoning module EditorStyle (66)
[2018.04.28-08.19.16:156][ 73]LogModuleManager: Shutting down and abandoning module SessionServices (65)
[2018.04.28-08.19.16:157][ 73]LogModuleManager: Shutting down and abandoning module SourceCodeAccess (64)
[2018.04.28-08.19.16:157][ 73]LogModuleManager: Shutting down and abandoning module HeadMountedDisplay (63)
[2018.04.28-08.19.16:157][ 73]LogModuleManager: Shutting down and abandoning module XAudio2 (62)
[2018.04.28-08.19.16:157][ 73]LogModuleManager: Shutting down and abandoning module Networking (60)
[2018.04.28-08.19.16:157][ 73]LogModuleManager: Shutting down and abandoning module Core (59)
[2018.04.28-08.19.16:157][ 73]LogModuleManager: Shutting down and abandoning module KismetCompiler (58)
[2018.04.28-08.19.16:157][ 73]LogModuleManager: Shutting down and abandoning module PhysXFormats (57)
[2018.04.28-08.19.16:157][ 73]LogModuleManager: Shutting down and abandoning module MeshUtilities (56)
[2018.04.28-08.19.16:190][ 73]LogModuleManager: Shutting down and abandoning module CookingStats (55)
[2018.04.28-08.19.16:190][ 73]LogModuleManager: Shutting down and abandoning module DerivedDataCache (54)
[2018.04.28-08.19.16:198][ 73]LogDerivedDataCache: Shutdown
[2018.04.28-08.19.16:198][ 73]LogModuleManager: Shutting down and abandoning module ShaderFormatOpenGL (53)
[2018.04.28-08.19.16:227][ 73]LogModuleManager: Shutting down and abandoning module ShaderFormatD3D (52)
[2018.04.28-08.19.16:227][ 73]LogModuleManager: Shutting down and abandoning module MetalShaderFormat (51)
[2018.04.28-08.19.16:308][ 73]LogModuleManager: Shutting down and abandoning module TextureFormatUncompressed (50)
[2018.04.28-08.19.16:308][ 73]LogModuleManager: Shutting down and abandoning module TextureFormatPVR (49)
[2018.04.28-08.19.16:308][ 73]LogModuleManager: Shutting down and abandoning module TextureFormatIntelISPCTexComp (48)
[2018.04.28-08.19.16:308][ 73]LogModuleManager: Shutting down and abandoning module TextureFormatDXT (47)
[2018.04.28-08.19.16:308][ 73]LogModuleManager: Shutting down and abandoning module ImageWrapper (46)
[2018.04.28-08.19.16:308][ 73]LogModuleManager: Shutting down and abandoning module TextureFormatASTC (45)
[2018.04.28-08.19.16:308][ 73]LogModuleManager: Shutting down and abandoning module TextureFormatAndroid (44)
[2018.04.28-08.19.16:308][ 73]LogModuleManager: Shutting down and abandoning module AudioFormatOpus (43)
[2018.04.28-08.19.16:308][ 73]LogModuleManager: Shutting down and abandoning module AudioFormatOgg (42)
[2018.04.28-08.19.16:308][ 73]LogModuleManager: Shutting down and abandoning module AudioFormatADPCM (41)
[2018.04.28-08.19.16:308][ 73]LogModuleManager: Shutting down and abandoning module LinuxTargetPlatform (40)
[2018.04.28-08.19.16:308][ 73]LogModuleManager: Shutting down and abandoning module LinuxServerTargetPlatform (39)
[2018.04.28-08.19.16:308][ 73]LogModuleManager: Shutting down and abandoning module LinuxNoEditorTargetPlatform (38)
[2018.04.28-08.19.16:308][ 73]LogModuleManager: Shutting down and abandoning module Messaging (37)
[2018.04.28-08.19.16:308][ 73]LogModuleManager: Shutting down and abandoning module IOSTargetPlatform (36)
[2018.04.28-08.19.16:308][ 73]LogModuleManager: Shutting down and abandoning module HTML5TargetPlatform (35)
[2018.04.28-08.19.16:308][ 73]LogModuleManager: Shutting down and abandoning module Android_PVRTCTargetPlatform (34)
[2018.04.28-08.19.16:353][ 73]LogModuleManager: Shutting down and abandoning module Android_ETC2TargetPlatform (33)
[2018.04.28-08.19.16:389][ 73]LogModuleManager: Shutting down and abandoning module Android_ETC1TargetPlatform (32)
[2018.04.28-08.19.16:424][ 73]LogModuleManager: Shutting down and abandoning module Android_DXTTargetPlatform (31)
[2018.04.28-08.19.16:482][ 73]LogModuleManager: Shutting down and abandoning module Android_ATCTargetPlatform (30)
[2018.04.28-08.19.16:512][ 73]LogModuleManager: Shutting down and abandoning module Android_ASTCTargetPlatform (29)
[2018.04.28-08.19.16:512][ 73]LogModuleManager: Shutting down and abandoning module AndroidTargetPlatform (28)
[2018.04.28-08.19.16:546][ 73]LogModuleManager: Shutting down and abandoning module WindowsTargetPlatform (27)
[2018.04.28-08.19.16:546][ 73]LogModuleManager: Shutting down and abandoning module WindowsServerTargetPlatform (26)
[2018.04.28-08.19.16:546][ 73]LogModuleManager: Shutting down and abandoning module WindowsNoEditorTargetPlatform (25)
[2018.04.28-08.19.16:546][ 73]LogModuleManager: Shutting down and abandoning module WindowsClientTargetPlatform (24)
[2018.04.28-08.19.16:546][ 73]LogModuleManager: Shutting down and abandoning module AllDesktopTargetPlatform (23)
[2018.04.28-08.19.16:546][ 73]LogModuleManager: Shutting down and abandoning module TargetPlatform (22)
[2018.04.28-08.19.16:546][ 73]LogModuleManager: Shutting down and abandoning module InputCore (21)
[2018.04.28-08.19.16:546][ 73]LogModuleManager: Shutting down and abandoning module Settings (20)
[2018.04.28-08.19.16:546][ 73]LogModuleManager: Shutting down and abandoning module OnlineSubsystem (18)
[2018.04.28-08.19.16:546][ 73]LogModuleManager: Shutting down and abandoning module HTTP (17)
[2018.04.28-08.19.18:546][ 73]LogModuleManager: Shutting down and abandoning module XMPP (16)
[2018.04.28-08.19.18:695][ 73]LogModuleManager: Shutting down and abandoning module ExampleDeviceProfileSelector (15)
[2018.04.28-08.19.18:695][ 73]LogModuleManager: Shutting down and abandoning module TextureCompressor (14)
[2018.04.28-08.19.18:705][ 73]LogModuleManager: Shutting down and abandoning module ShaderCore (13)
[2018.04.28-08.19.18:705][ 73]LogModuleManager: Shutting down and abandoning module Landscape (12)
[2018.04.28-08.19.18:705][ 73]LogModuleManager: Shutting down and abandoning module SlateRHIRenderer (11)
[2018.04.28-08.19.18:717][ 73]LogModuleManager: Shutting down and abandoning module OpenGLDrv (10)
[2018.04.28-08.19.18:734][ 73]LogModuleManager: Shutting down and abandoning module D3D11RHI (9)
[2018.04.28-08.19.18:734][ 73]LogModuleManager: Shutting down and abandoning module AnimGraphRuntime (8)
[2018.04.28-08.19.18:734][ 73]LogModuleManager: Shutting down and abandoning module Renderer (7)
[2018.04.28-08.19.18:734][ 73]LogModuleManager: Shutting down and abandoning module Engine (6)
[2018.04.28-08.19.18:734][ 73]LogModuleManager: Shutting down and abandoning module CoreUObject (5)
[2018.04.28-08.19.18:734][ 73]LogModuleManager: Shutting down and abandoning module NetworkFile (4)
[2018.04.28-08.19.18:750][ 73]LogModuleManager: Shutting down and abandoning module StreamingFile (3)
[2018.04.28-08.19.18:751][ 73]LogModuleManager: Shutting down and abandoning module SandboxFile (2)
[2018.04.28-08.19.18:758][ 73]LogModuleManager: Shutting down and abandoning module PakFile (1)
[2018.04.28-08.19.18:783][ 73]LogExit: Exiting.
[2018.04.28-08.19.18:794][ 73]Log file closed, 04/28/18 16:19:18
