Log file open, 05/26/18 16:40:41
LogInit:Display: Running engine for game: TopDownProject
LogPlatformFile: Not using cached read wrapper
LogInit:Display: RandInit(1749483753) SRandInit(1749483755).
LogTaskGraph: Started task graph with 4 named threads and 5 total threads.
LogStats: Stats thread started at 0.062145
LogInit: Version: 4.11.2-2946394+++UE4+Release-4.11
LogInit: API Version: 2927265
LogInit: Compiled (64-bit): Apr 18 2016 02:18:46
LogInit: Compiled with Visual C++: 19.00.23026.00
LogInit: Build Configuration: Development
LogInit: Branch Name: ++UE4+Release-4.11
LogInit: Command line:  
LogInit: Base directory: D:/UE_4.11/Engine/Binaries/Win64/
LogInit: Installed Engine Build: 1
LogInit: Using libcurl 7.41.0
LogInit:  - built for x86_64-pc-win32
LogInit:  - supports SSL with WinSSL
LogInit:  - other features:
LogInit:      CURL_VERSION_SSL
LogInit:      CURL_VERSION_IPV6
LogInit:      CURL_VERSION_ASYNCHDNS
LogInit:      CURL_VERSION_LARGEFILE
LogInit:      CURL_VERSION_IDN
LogInit:  CurlRequestOptions (configurable via config and command line):
LogInit:  - bVerifyPeer = true  - Libcurl will verify peer certificate
LogInit:  - bUseHttpProxy = false  - Libcurl will NOT use HTTP proxy
LogInit:  - bDontReuseConnections = false  - Libcurl will reuse connections
LogInit:  - CertBundlePath = nullptr  - Libcurl will use whatever was configured at build time.
LogInit: Presizing for max 16777216 objects, including 0 objects not considered by GC, pre-allocating 0 bytes for permanent pool.
LogInit: Object subsystem initialized
[2018.05.26-08.40.42:983][  0]LogInit: Selected Device Profile: [Windows]
[2018.05.26-08.40.42:983][  0]LogInit: Applying CVar settings loaded from the selected device profile: [Windows]
[2018.05.26-08.40.43:180][  0]LogInit: Computer: 1-ПК
[2018.05.26-08.40.43:180][  0]LogInit: User: 1
[2018.05.26-08.40.43:180][  0]LogInit: CPU Page size=65536, Cores=2
[2018.05.26-08.40.43:180][  0]LogInit: High frequency timer resolution =2.338486 MHz
[2018.05.26-08.40.43:180][  0]LogMemory: Memory total: Physical=3.9GB (4GB approx)
[2018.05.26-08.40.43:180][  0]LogMemory: Platform Memory Stats for Windows
[2018.05.26-08.40.43:180][  0]LogMemory: Process Physical Memory: 314.39 MB used, 314.39 MB peak
[2018.05.26-08.40.43:180][  0]LogMemory: Process Virtual Memory: 314.82 MB used, 314.82 MB peak
[2018.05.26-08.40.43:180][  0]LogMemory: Physical Memory: 3213.89 MB used, 4010.14 MB total
[2018.05.26-08.40.43:180][  0]LogMemory: Virtual Memory: 620.87 MB used, 8388608.00 MB total
[2018.05.26-08.40.46:751][  0]LogTextLocalizationManager: No translations for ('ru-RU') exist, falling back to 'en' for localization and internationalization data.
[2018.05.26-08.40.50:212][  0]LogD3D11RHI: D3D11 adapters:
[2018.05.26-08.40.51:916][  0]LogD3D11RHI:    0. 'NVIDIA GeForce 410M' (Feature Level 11_0)
[2018.05.26-08.40.51:916][  0]LogD3D11RHI:       979MB of dedicated video memory, 0MB of dedicated system memory, and 1749MB of shared system memory, 1 output[s]
[2018.05.26-08.40.51:951][  0]LogD3D11RHI:    1. 'NVIDIA GeForce 410M' (Feature Level 11_0)
[2018.05.26-08.40.51:951][  0]LogD3D11RHI:       979MB of dedicated video memory, 0MB of dedicated system memory, and 1749MB of shared system memory, 0 output[s]
[2018.05.26-08.40.51:951][  0]LogD3D11RHI: Chosen D3D11 Adapter: 0
[2018.05.26-08.40.51:964][  0]LogD3D11RHI: Creating new Direct3DDevice
[2018.05.26-08.40.51:964][  0]LogD3D11RHI:     Adapter Name: Intel(R) HD Graphics 3000
[2018.05.26-08.40.51:964][  0]LogD3D11RHI:   Driver Version: Unknown (internal Unknown)
[2018.05.26-08.40.51:964][  0]LogD3D11RHI:      Driver Date: Unknown
[2018.05.26-08.40.51:964][  0]LogRHI: Texture pool is 1297 MB (70% of 1854 MB)
[2018.05.26-08.40.51:991][  0]LogD3D11RHI: Async texture creation enabled
[2018.05.26-08.40.52:124][  0]LogShaderCompilers: Guid format shader working directory is -16 characters bigger than the processId version (../../../../sergey/UnrealProjects/Game_1337/TopDownProject/Intermediate/Shaders/WorkingDirectory/3312/).
[2018.05.26-08.40.52:125][  0]LogShaderCompilers: Cleaned the shader compiler working directory 'C:/Users/1/AppData/Local/Temp/UnrealShaderWorkingDir/006643E3468DF8BBB0D832BB72742419/'.
[2018.05.26-08.40.52:125][  0]LogShaderCompilers:Display: Using Local Shader Compiler.
[2018.05.26-08.41.04:147][  0]LogTemp:Display: Loaded TP AllDesktopTargetPlatform
[2018.05.26-08.41.04:303][  0]LogTemp:Display: Loaded TP WindowsClientTargetPlatform
[2018.05.26-08.41.04:369][  0]LogTemp:Display: Loaded TP WindowsNoEditorTargetPlatform
[2018.05.26-08.41.04:411][  0]LogTemp:Display: Loaded TP WindowsServerTargetPlatform
[2018.05.26-08.41.04:444][  0]LogTemp:Display: Loaded TP WindowsTargetPlatform
[2018.05.26-08.41.04:605][  0]LogTemp:Display: Loaded TP AndroidTargetPlatform
[2018.05.26-08.41.04:682][  0]LogTemp:Display: Loaded TP Android_ASTCTargetPlatform
[2018.05.26-08.41.04:744][  0]LogTemp:Display: Loaded TP Android_ATCTargetPlatform
[2018.05.26-08.41.04:812][  0]LogTemp:Display: Loaded TP Android_DXTTargetPlatform
[2018.05.26-08.41.04:901][  0]LogTemp:Display: Loaded TP Android_ETC1TargetPlatform
[2018.05.26-08.41.04:925][  0]LogTemp:Display: Loaded TP Android_ETC2TargetPlatform
[2018.05.26-08.41.05:060][  0]LogTemp:Display: Loaded TP Android_MultiTargetPlatform
[2018.05.26-08.41.05:060][  0]LogTemp:Display: Loaded TP Android_PVRTCTargetPlatform
[2018.05.26-08.41.05:122][  0]LogTemp:Display: Loaded TP HTML5TargetPlatform
[2018.05.26-08.41.05:437][  0]LogTemp:Display: Loaded TP IOSTargetPlatform
[2018.05.26-08.41.05:443][  0]LogTemp:Display: Loaded TP TVOSTargetPlatform
[2018.05.26-08.41.05:483][  0]LogTemp:Display: Loaded TP LinuxNoEditorTargetPlatform
[2018.05.26-08.41.05:498][  0]LogTemp:Display: Loaded TP LinuxServerTargetPlatform
[2018.05.26-08.41.05:595][  0]LogTemp:Display: Loaded TP LinuxTargetPlatform
[2018.05.26-08.41.05:595][  0]LogTargetPlatformManager:Display: Building Assets For Windows
[2018.05.26-08.41.07:873][  0]LogDerivedDataCache:Display: Max Cache Size: 512 MB
[2018.05.26-08.41.11:574][  0]LogDerivedDataCache: Loaded boot cache 3.70s 40MB C:/Users/1/AppData/Local/UnrealEngine/4.11/DerivedDataCache/Boot.ddc.
[2018.05.26-08.41.11:576][  0]LogDerivedDataCache:Display: Loaded Boot cache: C:/Users/1/AppData/Local/UnrealEngine/4.11/DerivedDataCache/Boot.ddc
[2018.05.26-08.41.11:576][  0]LogDerivedDataCache: FDerivedDataBackendGraph:  Pak pak cache file ../../../../sergey/UnrealProjects/Game_1337/TopDownProject/DerivedDataCache/DDC.ddp not found, will not use a pak cache.
[2018.05.26-08.41.11:576][  0]LogDerivedDataCache: Unable to find inner node Pak for hierarchical cache Hierarchy.
[2018.05.26-08.41.11:576][  0]LogDerivedDataCache: FDerivedDataBackendGraph:  CompressedPak pak cache file ../../../../sergey/UnrealProjects/Game_1337/TopDownProject/DerivedDataCache/Compressed.ddp not found, will not use a pak cache.
[2018.05.26-08.41.11:576][  0]LogDerivedDataCache: Unable to find inner node CompressedPak for hierarchical cache Hierarchy.
[2018.05.26-08.41.11:618][  0]LogDerivedDataCache:Display: Pak cache opened for reading ../../../Engine/DerivedDataCache/Compressed.ddp.
[2018.05.26-08.41.11:632][  0]LogDerivedDataCache: Using Local data cache path C:/Users/1/AppData/Local/UnrealEngine/Common/DerivedDataCache: Writable
[2018.05.26-08.41.41:098][  0]LogInit: Selected Device Profile: [Windows]
[2018.05.26-08.41.41:156][  0]LogContentStreaming: Texture pool size is 0.00 MB
[2018.05.26-08.41.41:680][  0]LogMaterial: Uniform references updated for custom material expression Custom.
[2018.05.26-08.41.42:970][  0]LogMeshUtilities: No automatic mesh reduction module available
[2018.05.26-08.41.42:970][  0]LogMeshUtilities: No automatic mesh merging module available
[2018.05.26-08.41.42:970][  0]LogMeshUtilities: No distributed automatic mesh merging module available
[2018.05.26-08.41.52:884][  0]LogUObjectArray: 27679 objects as part of root set at end of initial load.
[2018.05.26-08.41.52:898][  0]LogUObjectAllocator: 5591592 out of 0 bytes used by permanent object pool.
[2018.05.26-08.41.52:898][  0]LogUObjectArray: CloseDisregardForGC: 0/0 objects in disregard for GC pool
[2018.05.26-08.41.52:904][  0]LogInit: WinSock: version 1.1 (2.2), MaxSocks=32767, MaxUdp=65467
[2018.05.26-08.41.55:874][  0]LogSlate: SlateFontCache - WITH_FREETYPE: 1, WITH_HARFBUZZ: 1
[2018.05.26-08.41.55:874][  0]LogSlate: SlateFontCache - WITH_FREETYPE: 1, WITH_HARFBUZZ: 1
[2018.05.26-08.41.58:841][  0]LogStreaming:Warning: Failed to read file '../../../Engine/Content/Editor/Slate/Common/Selection_16x.png' error.
[2018.05.26-08.41.58:841][  0]LogSlate: Could not find file for Slate resource: ../../../Engine/Content/Editor/Slate/Common/Selection_16x.png
[2018.05.26-08.41.58:841][  0]LogStreaming:Warning: Failed to read file '../../../Engine/Content/Editor/Slate/Common/Selection_16x.png' error.
[2018.05.26-08.41.58:841][  0]LogSlate: Could not find file for Slate resource: ../../../Engine/Content/Editor/Slate/Common/Selection_16x.png
[2018.05.26-08.41.58:841][  0]LogStreaming:Warning: Failed to read file '../../../Engine/Content/Editor/Slate/Common/Selection_16x.png' error.
[2018.05.26-08.41.58:841][  0]LogSlate: Could not find file for Slate resource: ../../../Engine/Content/Editor/Slate/Common/Selection_16x.png
[2018.05.26-08.42.12:144][  0]LogUdpMessaging: Initializing bridge on interface 0.0.0.0:0 to multicast group 230.0.0.1:6666.
[2018.05.26-08.42.12:501][  0]LogAssetRegistry: FAssetRegistry took 0.0217 seconds to start up
[2018.05.26-08.42.17:531][  0]SourceControl: Info Source control is disabled
[2018.05.26-08.42.17:563][  0]SourceControl: Info Source control is disabled
[2018.05.26-08.42.17:860][  0]SourceControl: Info Source control is disabled
[2018.05.26-08.42.18:153][  0]SourceControl: Info Source control is disabled
[2018.05.26-08.42.20:106][  0]LogHMD: Failed to initialize OpenVR with code 110
[2018.05.26-08.42.23:323][  0]LogAutomationTest:Warning: Smoke tests took > 1s to run: 2.32s
[2018.05.26-08.42.23:986][  0]LogEngine: Initializing Engine...
[2018.05.26-08.42.28:758][  0]LogAIModule: Creating AISystem for world NewWorld
[2018.05.26-08.42.29:113][  0]LogInit: XAudio2 using 'Динамики (Устройство с поддержкой High Definition Audio)' : 2 channels at 44.1 kHz using 16 bits per sample (channel mask 0x3)
[2018.05.26-08.42.29:207][  0]LogInit: FAudioDevice initialized.
[2018.05.26-08.42.29:417][  0]LogDerivedDataCache: Saved boot cache 0.21s 66MB C:/Users/1/AppData/Local/UnrealEngine/4.11/DerivedDataCache/Boot.ddc.
[2018.05.26-08.42.29:491][  0]LogInit: Texture streaming: Enabled
[2018.05.26-08.42.31:835][  0]LogInit: Transaction tracking system initialized
[2018.05.26-08.42.33:385][  0]BlueprintLog: New page: Editor Load
[2018.05.26-08.42.37:786][  0]LocalizationService: Info Localization service is disabled
[2018.05.26-08.42.39:436][  0]LogConsoleResponse:Display: 
[2018.05.26-08.42.44:964][  0]LogFileCache: Scanning file cache for directory 'D:/sergey/UnrealProjects/Game_1337/TopDownProject/Content/' took 0.09s
[2018.05.26-08.42.44:964][  0]LogCook:Display: Max memory allowance for cook 8192mb
[2018.05.26-08.42.44:964][  0]LogCook:Display: Mobile HDR setting 1
[2018.05.26-08.42.45:035][  0]LogCook:Display: Done creating registry. It took  0.00s.
[2018.05.26-08.42.46:242][  0]SourceControl: Info Source control is disabled
[2018.05.26-08.42.46:304][  0]Cmd: MAP LOAD FILE="../../../../sergey/UnrealProjects/Game_1337/TopDownProject/Content/TopDownBP/Maps/LowPolyMap.umap" TEMPLATE=0 SHOWPROGRESS=1 FEATURELEVEL=3
[2018.05.26-08.42.46:422][  0]LightingResults: New page: Lighting Build
[2018.05.26-08.42.46:593][  0]MapCheck: New page: Map Check
[2018.05.26-08.42.46:593][  0]LightingResults: New page: Lighting Build
[2018.05.26-08.42.50:724][  0]LogMaterial: Uniform references updated for custom material expression TemporalAA SampleID.
[2018.05.26-08.42.50:724][  0]LogMaterial: Uniform references updated for custom material expression Custom.
[2018.05.26-08.42.54:565][  0]LogAIModule: Creating AISystem for world LowPolyMap
[2018.05.26-08.42.57:713][  0]LogEditorServer: Finished looking for orphan Actors (0.000 secs)
[2018.05.26-08.42.57:903][  0]Cmd: MAP CHECKDEP NOCLEARLOG
[2018.05.26-08.42.57:975][  0]MapCheck: Info Map check complete: 0 Error(s), 0 Warning(s), took 71.685ms to complete.
[2018.05.26-08.42.57:975][  0]LogFileHelpers: Loading map 'LowPolyMap' took 11.688
[2018.05.26-08.43.00:006][  0]LogCollectionManager: Loaded 0 collections in 0.003934 seconds
[2018.05.26-08.43.00:179][  0]LogFileCache: Scanning file cache for directory 'D:/sergey/UnrealProjects/Game_1337/TopDownProject/Saved/Collections/' took 0.01s
[2018.05.26-08.43.00:179][  0]LogFileCache: Scanning file cache for directory 'D:/sergey/UnrealProjects/Game_1337/TopDownProject/Content/Developers/1/Collections/' took 0.01s
[2018.05.26-08.43.00:180][  0]LogFileCache: Scanning file cache for directory 'D:/sergey/UnrealProjects/Game_1337/TopDownProject/Content/Collections/' took 0.00s
[2018.05.26-08.43.00:180][  0]LogCollectionManager: Rebuilt the GUID cache for 0 collections in 0.000003 seconds
[2018.05.26-08.43.00:211][  0]LogContentBrowser: Native class hierarchy populated in 0.0201 seconds. Added 1979 classes and 343 folders.
[2018.05.26-08.43.00:341][  0]LogStats: UGameplayTagsManager::ConstructGameplayTagTree: Construct from data asset -  0.000 s
[2018.05.26-08.43.00:342][  0]LogStats: UGameplayTagsManager::ConstructGameplayTagTree: GameplayTagTreeChangedEvent.Broadcast -  0.001 s
[2018.05.26-08.43.00:343][  0]LogContentBrowser: Native class hierarchy updated for 'GameplayTags' in 0.0010 seconds. Added 12 classes and 0 folders.
[2018.05.26-08.43.00:388][  0]LogContentBrowser: Native class hierarchy updated for 'WidgetCarousel' in 0.0006 seconds. Added 0 classes and 0 folders.
[2018.05.26-08.43.00:694][  0]LogContentBrowser: Native class hierarchy updated for 'SuperSearch' in 0.0007 seconds. Added 1 classes and 2 folders.
[2018.05.26-08.43.03:548][  0]LogContentBrowser: Native class hierarchy updated for 'AddContentDialog' in 0.0019 seconds. Added 0 classes and 0 folders.
[2018.05.26-08.43.03:886][  0]LogContentBrowser: Native class hierarchy updated for 'SceneOutliner' in 0.0005 seconds. Added 1 classes and 2 folders.
[2018.05.26-08.43.04:956][  0]LogCrashTracker: Crashtracker disabled due to settings.
[2018.05.26-08.43.05:402][  0]LogUObjectGlobals:Warning: Failed to find object 'Class None.'
[2018.05.26-08.43.05:657][  0]LogContentBrowser: Native class hierarchy updated for 'HierarchicalLODOutliner' in 0.0006 seconds. Added 1 classes and 2 folders.
[2018.05.26-08.43.05:657][  0]LogLoad: Full Startup: 190.10 seconds (BP compile: 0.93 seconds)
[2018.05.26-08.43.05:657][  0]LogExternalProfiler:Warning: No registered external profiler was matched with a command-line switch (or the DLL could not be loaded).  External profiling features will not be available.
[2018.05.26-08.43.06:222][  0]LogOcInput: OculusInput pre-init called
[2018.05.26-08.43.07:059][  0]LogContentStreaming: Texture pool size now 200 MB
[2018.05.26-08.43.09:169][  0]LogRenderer: Reallocating scene render targets to support 780x392 (Frame:2).
[2018.05.26-08.43.13:446][  5]LogAssetRegistry: Asset discovery search completed in 60.9648 seconds
[2018.05.26-08.43.13:446][  5]LogCollectionManager: Rebuilt the object cache for 0 collections in 0.000001 seconds (found 0 objects)
[2018.05.26-08.43.13:501][  5]LogCollectionManager: Fixed up redirectors for 0 collections in 0.055721 seconds (updated 0 objects)
[2018.05.26-08.46.26:663][581]LogEditorViewport: Clicking on Actor (context menu): StaticMeshActor (Terrain_2)
[2018.05.26-08.46.30:299][581]LogEditorViewport: Clicking on Actor (context menu): StaticMeshActor (Terrain_2)
[2018.05.26-08.46.55:721][292]LogPhysics:Warning: Scale 'X=0.000 Y=0.000 Z=1.000' is not valid on object '/Game/TopDownBP/Maps/LowPolyMap.LowPolyMap:PersistentLevel.Terrain_19.StaticMeshComponent0 Terrain_2'.
[2018.05.26-08.46.55:721][292]LogPhysics:Warning: Scale 'X=0.000 Y=0.000 Z=1.000' is not valid on object '/Game/TopDownBP/Maps/LowPolyMap.LowPolyMap:PersistentLevel.Terrain_19.StaticMeshComponent0 Terrain_2'.
[2018.05.26-08.46.55:721][292]LogPhysics:Warning: Scale 'X=0.000 Y=0.000 Z=1.000' is not valid on object '/Game/TopDownBP/Maps/LowPolyMap.LowPolyMap:PersistentLevel.Terrain_19.StaticMeshComponent0 Terrain_2'.
[2018.05.26-08.46.55:721][292]LogPhysics:Warning: Scale 'X=0.000 Y=0.000 Z=1.000' is not valid on object '/Game/TopDownBP/Maps/LowPolyMap.LowPolyMap:PersistentLevel.Terrain_19.StaticMeshComponent0 Terrain_2'.
[2018.05.26-08.46.55:721][292]LogPhysics:Warning: Scale 'X=0.000 Y=0.000 Z=1.000' is not valid on object '/Game/TopDownBP/Maps/LowPolyMap.LowPolyMap:PersistentLevel.Terrain_19.StaticMeshComponent0 Terrain_2'.
[2018.05.26-08.46.55:721][292]LogPhysics:Warning: Scale 'X=0.000 Y=0.000 Z=1.000' is not valid on object '/Game/TopDownBP/Maps/LowPolyMap.LowPolyMap:PersistentLevel.Terrain_19.StaticMeshComponent0 Terrain_2'.
[2018.05.26-08.46.55:721][292]LogPhysics:Warning: Scale 'X=0.000 Y=0.000 Z=1.000' is not valid on object '/Game/TopDownBP/Maps/LowPolyMap.LowPolyMap:PersistentLevel.Terrain_19.StaticMeshComponent0 Terrain_2'.
[2018.05.26-08.46.58:147][354]Cmd: TRANSACTION UNDO
[2018.05.26-08.46.58:147][354]LogEditorTransaction: Undo Scale Actors
[2018.05.26-08.47.25:677][967]LogPlayLevel: PlayLevel: No blueprints needed recompiling
[2018.05.26-08.47.25:993][967]PIE: New page: PIE session: LowPolyMap (May 27, 2018, 12:47:25 AM)
[2018.05.26-08.47.26:005][967]LogPlayLevel: Creating play world package: /Game/TopDownBP/Maps/UEDPIE_0_LowPolyMap
[2018.05.26-08.47.26:154][967]LogPlayLevel: PIE: StaticDuplicateObject took: (0.148846s)
[2018.05.26-08.47.26:155][967]LogAIModule: Creating AISystem for world LowPolyMap
[2018.05.26-08.47.26:155][967]LogPlayLevel: PIE: World Init took: (0.000966s)
[2018.05.26-08.47.26:180][967]LogPlayLevel: PIE: Created PIE world by copying editor world from /Game/TopDownBP/Maps/LowPolyMap.LowPolyMap to /Game/TopDownBP/Maps/UEDPIE_0_LowPolyMap.LowPolyMap (0.174885s)
[2018.05.26-08.47.26:411][967]LogInit: XAudio2 using 'Динамики (Устройство с поддержкой High Definition Audio)' : 2 channels at 44.1 kHz using 16 bits per sample (channel mask 0x3)
[2018.05.26-08.47.26:420][967]LogInit: FAudioDevice initialized.
[2018.05.26-08.47.27:183][967]LogLinker:Warning: Asset '../../../../sergey/UnrealProjects/Game_1337/TopDownProject/Content/Mannequin/Animations/ThirdPerson_AnimBP.uasset' has been saved with empty engine version. The asset will be loaded but may be incompatible.
[2018.05.26-08.47.27:201][967]LogLinker:Warning: Asset '../../../../sergey/UnrealProjects/Game_1337/TopDownProject/Content/Mannequin/Animations/ThirdPerson_Jump.uasset' has been saved with empty engine version. The asset will be loaded but may be incompatible.
[2018.05.26-08.47.27:264][967]LogLinker:Warning: Asset '../../../../sergey/UnrealProjects/Game_1337/TopDownProject/Content/Mannequin/Animations/ThirdPersonJump_Loop.uasset' has been saved with empty engine version. The asset will be loaded but may be incompatible.
[2018.05.26-08.47.27:273][967]LogLinker:Warning: Asset '../../../../sergey/UnrealProjects/Game_1337/TopDownProject/Content/Mannequin/Animations/ThirdPersonJump_Start.uasset' has been saved with empty engine version. The asset will be loaded but may be incompatible.
[2018.05.26-08.47.27:346][967]LogLinker:Warning: Asset '../../../../sergey/UnrealProjects/Game_1337/TopDownProject/Content/Mannequin/Animations/ThirdPersonIdle.uasset' has been saved with empty engine version. The asset will be loaded but may be incompatible.
[2018.05.26-08.47.27:364][967]LogLinker:Warning: Asset '../../../../sergey/UnrealProjects/Game_1337/TopDownProject/Content/Mannequin/Animations/ThirdPersonRun.uasset' has been saved with empty engine version. The asset will be loaded but may be incompatible.
[2018.05.26-08.47.27:377][967]LogLinker:Warning: Asset '../../../../sergey/UnrealProjects/Game_1337/TopDownProject/Content/Mannequin/Animations/ThirdPersonWalk.uasset' has been saved with empty engine version. The asset will be loaded but may be incompatible.
[2018.05.26-08.47.34:847][967]LogWorld: Game class is 'TopDownGameMode_C'
[2018.05.26-08.47.35:127][967]LogWorld: Bringing World /Game/TopDownBP/Maps/UEDPIE_0_LowPolyMap.LowPolyMap up for play (max tick rate 60) at 2018.05.26-16.47.35
[2018.05.26-08.47.35:224][967]LogWorld: Bringing up level for play took: 0.100369
[2018.05.26-08.47.35:636][967]LogContentBrowser: Native class hierarchy updated for 'MovieSceneCapture' in 0.0007 seconds. Added 9 classes and 0 folders.
[2018.05.26-08.47.36:451][967]PIE: Info Play in editor start time for /Game/TopDownBP/Maps/UEDPIE_0_LowPolyMap 10.972
[2018.05.26-08.47.36:785][968]LogRenderer: Reallocating scene render targets to support 800x600 (Frame:1178).
[2018.05.26-08.48.14:200][852]LogSavePackage: Save=1162.42ms
[2018.05.26-08.48.14:200][852]LogSavePackage: Moving '../../../../sergey/UnrealProjects/Game_1337/TopDownProject/Saved/LowPolyMapF1664F4140FAB0BA5235B593AC721203.tmp' to '../../../../sergey/UnrealProjects/Game_1337/TopDownProject/Content/TopDownBP/Maps/LowPolyMap.umap'
[2018.05.26-08.48.14:318][852]LogSavePackage: Total save time: 1543.57ms
[2018.05.26-08.48.14:318][852]LogSavePackage:Display: Finished SavePackage ../../../../sergey/UnrealProjects/Game_1337/TopDownProject/Content/TopDownBP/Maps/LowPolyMap.umap
[2018.05.26-08.48.14:505][852]LogFileHelpers: Saving map 'LowPolyMap' took 1.913
[2018.05.26-08.48.17:094][933]Cmd: CLOSE_SLATE_MAINFRAME
[2018.05.26-08.48.18:399][934]Cmd: QUIT_EDITOR
[2018.05.26-08.48.21:074][934]LogExit: Preparing to exit.
[2018.05.26-08.48.22:963][934]LogExit: Editor shut down
[2018.05.26-08.48.22:964][934]LogExit: Transaction tracking system shut down
[2018.05.26-08.48.33:864][934]LogObj: Freed 0b from 0 cluster array pools.
[2018.05.26-08.48.33:864][934]LogExit: Object subsystem successfully closed.
[2018.05.26-08.48.35:399][934]LogD3D11RHI: Shutdown
[2018.05.26-08.48.35:399][934]LogD3D11RHI: CleanupD3DDevice
[2018.05.26-08.48.36:034][934]LogD3D11RHI: ~FD3D11DynamicRHI
[2018.05.26-08.48.36:259][934]LogDerivedDataCache: Shutdown
[2018.05.26-08.48.39:646][934]LogModuleManager: Shutting down and abandoning module MovieSceneCapture (205)
[2018.05.26-08.48.39:646][934]LogModuleManager: Shutting down and abandoning module HierarchicalLODOutliner (204)
[2018.05.26-08.48.39:659][934]LogModuleManager: Shutting down and abandoning module CrashTracker (203)
[2018.05.26-08.48.39:659][934]LogModuleManager: Shutting down and abandoning module SceneOutliner (202)
[2018.05.26-08.48.39:679][934]LogModuleManager: Shutting down and abandoning module SuperSearch (201)
[2018.05.26-08.48.39:679][934]LogModuleManager: Shutting down and abandoning module WidgetCarousel (200)
[2018.05.26-08.48.39:679][934]LogModuleManager: Shutting down and abandoning module AddContentDialog (199)
[2018.05.26-08.48.39:712][934]LogModuleManager: Shutting down and abandoning module GameplayTags (198)
[2018.05.26-08.48.39:712][934]LogModuleManager: Shutting down and abandoning module EditorWidgets (197)
[2018.05.26-08.48.39:712][934]LogModuleManager: Shutting down and abandoning module CollectionManager (196)
[2018.05.26-08.48.39:764][934]LogModuleManager: Shutting down and abandoning module StatsViewer (195)
[2018.05.26-08.48.39:812][934]LogModuleManager: Shutting down and abandoning module FoliageEdit (194)
[2018.05.26-08.48.39:824][934]LogModuleManager: Shutting down and abandoning module LandscapeEditor (193)
[2018.05.26-08.48.39:861][934]LogModuleManager: Shutting down and abandoning module ActorPickerMode (192)
[2018.05.26-08.48.39:861][934]LogModuleManager: Shutting down and abandoning module GeometryMode (191)
[2018.05.26-08.48.39:861][934]LogModuleManager: Shutting down and abandoning module TextureAlignMode (190)
[2018.05.26-08.48.39:861][934]LogModuleManager: Shutting down and abandoning module BspMode (189)
[2018.05.26-08.48.39:861][934]LogModuleManager: Shutting down and abandoning module PlacementMode (188)
[2018.05.26-08.48.39:861][934]LogModuleManager: Shutting down and abandoning module AutomationWorker (187)
[2018.05.26-08.48.39:861][934]LogModuleManager: Shutting down and abandoning module CharacterAI (186)
[2018.05.26-08.48.39:862][934]LogModuleManager: Shutting down and abandoning module SmartSnapping (185)
[2018.05.26-08.48.39:862][934]LogModuleManager: Shutting down and abandoning module ViewportSnapping (184)
[2018.05.26-08.48.39:862][934]LogModuleManager: Shutting down and abandoning module LogVisualizer (183)
[2018.05.26-08.48.39:945][934]LogModuleManager: Shutting down and abandoning module GameProjectGeneration (182)
[2018.05.26-08.48.39:989][934]LogModuleManager: Shutting down and abandoning module IntroTutorials (181)
[2018.05.26-08.48.40:020][934]LogModuleManager: Shutting down and abandoning module EditorLiveStreaming (180)
[2018.05.26-08.48.40:020][934]LogModuleManager: Shutting down and abandoning module IOSPlatformEditor (179)
[2018.05.26-08.48.40:045][934]LogModuleManager: Shutting down and abandoning module HTML5PlatformEditor (178)
[2018.05.26-08.48.40:045][934]LogModuleManager: Shutting down and abandoning module AndroidDeviceDetection (177)
[2018.05.26-08.48.40:807][934]LogModuleManager: Shutting down and abandoning module AndroidPlatformEditor (176)
[2018.05.26-08.48.40:807][934]LogModuleManager: Shutting down and abandoning module IOSRuntimeSettings (175)
[2018.05.26-08.48.40:807][934]LogModuleManager: Shutting down and abandoning module AndroidRuntimeSettings (174)
[2018.05.26-08.48.40:807][934]LogModuleManager: Shutting down and abandoning module MergeActors (173)
[2018.05.26-08.48.40:852][934]LogModuleManager: Shutting down and abandoning module SizeMap (172)
[2018.05.26-08.48.40:871][934]LogModuleManager: Shutting down and abandoning module TreeMap (171)
[2018.05.26-08.48.40:879][934]LogModuleManager: Shutting down and abandoning module ReferenceViewer (170)
[2018.05.26-08.48.40:895][934]LogModuleManager: Shutting down and abandoning module LocalizationService (169)
[2018.05.26-08.48.40:912][934]LogModuleManager: Shutting down and abandoning module LocalizationDashboard (168)
[2018.05.26-08.48.40:927][934]LogModuleManager: Shutting down and abandoning module HardwareTargeting (167)
[2018.05.26-08.48.40:927][934]LogModuleManager: Shutting down and abandoning module DeviceProfileEditor (166)
[2018.05.26-08.48.40:934][934]LogModuleManager: Shutting down and abandoning module UndoHistory (165)
[2018.05.26-08.48.40:948][934]LogModuleManager: Shutting down and abandoning module UserFeedback (164)
[2018.05.26-08.48.40:948][934]LogModuleManager: Shutting down and abandoning module XmlParser (163)
[2018.05.26-08.48.40:961][934]LogModuleManager: Shutting down and abandoning module Blutility (162)
[2018.05.26-08.48.40:982][934]LogModuleManager: Shutting down and abandoning module ProjectTargetPlatformEditor (161)
[2018.05.26-08.48.40:982][934]LogModuleManager: Shutting down and abandoning module ProjectSettingsViewer (160)
[2018.05.26-08.48.40:982][934]LogModuleManager: Shutting down and abandoning module InputBindingEditor (159)
[2018.05.26-08.48.41:019][934]LogModuleManager: Shutting down and abandoning module EditorSettingsViewer (158)
[2018.05.26-08.48.41:019][934]LogModuleManager: Shutting down and abandoning module SettingsEditor (157)
[2018.05.26-08.48.41:068][934]LogModuleManager: Shutting down and abandoning module ProjectLauncher (156)
[2018.05.26-08.48.41:096][934]LogModuleManager: Shutting down and abandoning module SessionFrontend (155)
[2018.05.26-08.48.41:132][934]LogModuleManager: Shutting down and abandoning module ProfilerClient (154)
[2018.05.26-08.48.41:170][934]LogModuleManager: Shutting down and abandoning module TargetDeviceServices (153)
[2018.05.26-08.48.41:170][934]LogModuleManager: Shutting down and abandoning module DeviceManager (152)
[2018.05.26-08.48.41:260][934]LogModuleManager: Shutting down and abandoning module AutomationController (151)
[2018.05.26-08.48.41:318][934]LogModuleManager: Shutting down and abandoning module AutomationWindow (150)
[2018.05.26-08.48.41:366][934]LogModuleManager: Shutting down and abandoning module Layers (149)
[2018.05.26-08.48.41:448][934]LogModuleManager: Shutting down and abandoning module ComponentVisualizers (148)
[2018.05.26-08.48.41:448][934]LogModuleManager: Shutting down and abandoning module DetailCustomizations (147)
[2018.05.26-08.48.41:491][934]LogModuleManager: Shutting down and abandoning module PackagesDialog (146)
[2018.05.26-08.48.41:491][934]LogModuleManager: Shutting down and abandoning module Persona (145)
[2018.05.26-08.48.41:572][934]LogModuleManager: Shutting down and abandoning module Kismet (144)
[2018.05.26-08.48.41:597][934]LogModuleManager: Shutting down and abandoning module GraphEditor (143)
[2018.05.26-08.48.41:630][934]LogModuleManager: Shutting down and abandoning module ClassViewer (142)
[2018.05.26-08.48.41:655][934]LogModuleManager: Shutting down and abandoning module Toolbox (141)
[2018.05.26-08.48.41:671][934]LogModuleManager: Shutting down and abandoning module ModuleUI (140)
[2018.05.26-08.48.41:704][934]LogModuleManager: Shutting down and abandoning module MovieSceneTools (139)
[2018.05.26-08.48.41:736][934]LogModuleManager: Shutting down and abandoning module OutputLog (138)
[2018.05.26-08.48.41:757][934]LogModuleManager: Shutting down and abandoning module GammaUI (137)
[2018.05.26-08.48.41:768][934]LogModuleManager: Shutting down and abandoning module Documentation (136)
[2018.05.26-08.48.41:769][934]LogModuleManager: Shutting down and abandoning module StreamingPauseRendering (135)
[2018.05.26-08.48.41:769][934]LogModuleManager: Shutting down and abandoning module AnalyticsET (134)
[2018.05.26-08.48.41:770][934]LogModuleManager: Shutting down and abandoning module Analytics (133)
[2018.05.26-08.48.41:770][934]LogModuleManager: Shutting down and abandoning module PortalServices (132)
[2018.05.26-08.48.41:770][934]LogModuleManager: Shutting down and abandoning module PortalRpc (131)
[2018.05.26-08.48.41:770][934]LogModuleManager: Shutting down and abandoning module MessagingRpc (130)
[2018.05.26-08.48.41:770][934]LogModuleManager: Shutting down and abandoning module AITestSuite (129)
[2018.05.26-08.48.41:790][934]LogModuleManager: Shutting down and abandoning module GameplayDebugger (128)
[2018.05.26-08.48.41:790][934]LogModuleManager: Shutting down and abandoning module AIModule (127)
[2018.05.26-08.48.41:790][934]LogModuleManager: Shutting down and abandoning module ProfilerService (126)
[2018.05.26-08.48.41:881][934]LogModuleManager: Shutting down and abandoning module TaskGraph (125)
[2018.05.26-08.48.41:905][934]LogModuleManager: Shutting down and abandoning module SlateRemote (124)
[2018.05.26-08.48.41:905][934]LogModuleManager: Shutting down and abandoning module SteamVRController (123)
[2018.05.26-08.48.41:905][934]LogModuleManager: Shutting down and abandoning module SteamVR (122)
[2018.05.26-08.48.41:905][934]LogModuleManager: Shutting down and abandoning module ProceduralMeshComponent (121)
[2018.05.26-08.48.41:905][934]LogModuleManager: Shutting down and abandoning module OculusLibrary (120)
[2018.05.26-08.48.41:905][934]LogModuleManager: Shutting down and abandoning module OculusInput (119)
[2018.05.26-08.48.41:905][934]LogModuleManager: Shutting down and abandoning module CustomMeshComponent (118)
[2018.05.26-08.48.41:905][934]LogModuleManager: Shutting down and abandoning module CableComponent (117)
[2018.05.26-08.48.41:905][934]LogModuleManager: Shutting down and abandoning module ArchVisCharacter (116)
[2018.05.26-08.48.41:905][934]LogModuleManager: Shutting down and abandoning module MediaPlayerEditor (115)
[2018.05.26-08.48.41:944][934]LogModuleManager: Shutting down and abandoning module HTML5Networking (114)
[2018.05.26-08.48.41:944][934]LogModuleManager: Shutting down and abandoning module SpeedTreeImporter (113)
[2018.05.26-08.48.41:944][934]LogModuleManager: Shutting down and abandoning module PluginBrowser (112)
[2018.05.26-08.48.41:984][934]LogModuleManager: Shutting down and abandoning module EpicSurvey (111)
[2018.05.26-08.48.41:988][934]LogModuleManager: Shutting down and abandoning module DesktopPlatform (110)
[2018.05.26-08.48.42:014][934]LogModuleManager: Shutting down and abandoning module VisualStudioSourceCodeAccess (109)
[2018.05.26-08.48.42:025][934]LogModuleManager: Shutting down and abandoning module UObjectPlugin (108)
[2018.05.26-08.48.42:025][934]LogModuleManager: Shutting down and abandoning module SubversionSourceControl (107)
[2018.05.26-08.48.42:047][934]LogModuleManager: Shutting down and abandoning module PerforceSourceControl (106)
[2018.05.26-08.48.42:075][934]LogModuleManager: Shutting down and abandoning module SourceControl (105)
[2018.05.26-08.48.42:075][934]LogModuleManager: Shutting down and abandoning module GitSourceControl (104)
[2018.05.26-08.48.42:103][934]LogModuleManager: Shutting down and abandoning module LightPropagationVolumeEditor (103)
[2018.05.26-08.48.42:103][934]LogModuleManager: Shutting down and abandoning module PaperTiledImporter (102)
[2018.05.26-08.48.42:116][934]LogModuleManager: Shutting down and abandoning module PaperSpriteSheetImporter (101)
[2018.05.26-08.48.42:116][934]LogModuleManager: Shutting down and abandoning module MeshPaint (100)
[2018.05.26-08.48.42:135][934]LogModuleManager: Shutting down and abandoning module HotReload (99)
[2018.05.26-08.48.42:161][934]LogModuleManager: Shutting down and abandoning module MainFrame (98)
[2018.05.26-08.48.42:161][934]LogModuleManager: Shutting down and abandoning module LevelEditor (97)
[2018.05.26-08.48.42:162][934]LogModuleManager: Shutting down and abandoning module DirectoryWatcher (96)
[2018.05.26-08.48.42:164][934]LogModuleManager: Shutting down and abandoning module AssetRegistry (95)
[2018.05.26-08.48.42:585][934]LogModuleManager: Shutting down and abandoning module ContentBrowser (94)
[2018.05.26-08.48.42:586][934]LogModuleManager: Shutting down and abandoning module Paper2DEditor (93)
[2018.05.26-08.48.42:620][934]LogModuleManager: Shutting down and abandoning module UdpMessaging (92)
[2018.05.26-08.48.42:721][934]LogModuleManager: Shutting down and abandoning module LightPropagationVolumeRuntime (91)
[2018.05.26-08.48.42:721][934]LogModuleManager: Shutting down and abandoning module Paper2D (90)
[2018.05.26-08.48.42:761][934]LogModuleManager: Shutting down and abandoning module WindowsMoviePlayer (89)
[2018.05.26-08.48.42:777][934]LogModuleManager: Shutting down and abandoning module Media (88)
[2018.05.26-08.48.42:777][934]LogModuleManager: Shutting down and abandoning module WmfMedia (87)
[2018.05.26-08.48.42:840][934]LogModuleManager: Shutting down and abandoning module MediaAssets (86)
[2018.05.26-08.48.42:840][934]LogModuleManager: Shutting down and abandoning module GameLiveStreaming (85)
[2018.05.26-08.48.42:840][934]LogModuleManager: Shutting down and abandoning module GameplayTagsEditor (84)
[2018.05.26-08.48.42:840][934]LogModuleManager: Shutting down and abandoning module OnlineBlueprintSupport (83)
[2018.05.26-08.48.42:840][934]LogModuleManager: Shutting down and abandoning module GameplayTasksEditor (82)
[2018.05.26-08.48.42:840][934]LogModuleManager: Shutting down and abandoning module PropertyEditor (81)
[2018.05.26-08.48.42:840][934]LogModuleManager: Shutting down and abandoning module BehaviorTreeEditor (80)
[2018.05.26-08.48.42:885][934]LogModuleManager: Shutting down and abandoning module FunctionalTesting (79)
[2018.05.26-08.48.42:885][934]LogModuleManager: Shutting down and abandoning module CollisionAnalyzer (78)
[2018.05.26-08.48.42:910][934]LogModuleManager: Shutting down and abandoning module WorkspaceMenuStructure (77)
[2018.05.26-08.48.42:910][934]LogModuleManager: Shutting down and abandoning module MessageLog (76)
[2018.05.26-08.48.42:910][934]LogModuleManager: Shutting down and abandoning module Sequencer (75)
[2018.05.26-08.48.42:947][934]LogModuleManager: Shutting down and abandoning module AssetTools (74)
[2018.05.26-08.48.42:997][934]LogModuleManager: Shutting down and abandoning module UMGEditor (73)
[2018.05.26-08.48.43:053][934]LogModuleManager: Shutting down and abandoning module UMG (72)
[2018.05.26-08.48.43:053][934]LogModuleManager: Shutting down and abandoning module SlateReflector (71)
[2018.05.26-08.48.43:444][934]LogModuleManager: Shutting down and abandoning module Slate (70)
[2018.05.26-08.48.43:444][934]LogModuleManager: Shutting down and abandoning module EditorStyle (69)
[2018.05.26-08.48.43:446][934]LogModuleManager: Shutting down and abandoning module SessionServices (68)
[2018.05.26-08.48.43:446][934]LogModuleManager: Shutting down and abandoning module SourceCodeAccess (67)
[2018.05.26-08.48.43:446][934]LogModuleManager: Shutting down and abandoning module HeadMountedDisplay (66)
[2018.05.26-08.48.43:446][934]LogModuleManager: Shutting down and abandoning module XAudio2 (65)
[2018.05.26-08.48.43:446][934]LogModuleManager: Shutting down and abandoning module Networking (63)
[2018.05.26-08.48.43:446][934]LogModuleManager: Shutting down and abandoning module Core (62)
[2018.05.26-08.48.43:446][934]LogModuleManager: Shutting down and abandoning module KismetCompiler (61)
[2018.05.26-08.48.43:459][934]LogModuleManager: Shutting down and abandoning module PhysXFormats (60)
[2018.05.26-08.48.43:459][934]LogModuleManager: Shutting down and abandoning module MeshUtilities (59)
[2018.05.26-08.48.43:497][934]LogModuleManager: Shutting down and abandoning module CookingStats (58)
[2018.05.26-08.48.43:497][934]LogModuleManager: Shutting down and abandoning module DerivedDataCache (57)
[2018.05.26-08.48.43:497][934]LogDerivedDataCache: Shutdown
[2018.05.26-08.48.43:497][934]LogModuleManager: Shutting down and abandoning module ShaderFormatOpenGL (56)
[2018.05.26-08.48.43:540][934]LogModuleManager: Shutting down and abandoning module ShaderFormatD3D (55)
[2018.05.26-08.48.43:579][934]LogModuleManager: Shutting down and abandoning module MetalShaderFormat (54)
[2018.05.26-08.48.43:622][934]LogModuleManager: Shutting down and abandoning module TextureFormatUncompressed (53)
[2018.05.26-08.48.43:622][934]LogModuleManager: Shutting down and abandoning module TextureFormatPVR (52)
[2018.05.26-08.48.43:632][934]LogModuleManager: Shutting down and abandoning module TextureFormatIntelISPCTexComp (51)
[2018.05.26-08.48.43:654][934]LogModuleManager: Shutting down and abandoning module TextureFormatDXT (50)
[2018.05.26-08.48.43:664][934]LogModuleManager: Shutting down and abandoning module ImageWrapper (49)
[2018.05.26-08.48.43:664][934]LogModuleManager: Shutting down and abandoning module TextureFormatASTC (48)
[2018.05.26-08.48.43:664][934]LogModuleManager: Shutting down and abandoning module TextureFormatAndroid (47)
[2018.05.26-08.48.43:664][934]LogModuleManager: Shutting down and abandoning module AudioFormatOpus (46)
[2018.05.26-08.48.43:679][934]LogModuleManager: Shutting down and abandoning module AudioFormatOgg (45)
[2018.05.26-08.48.43:696][934]LogModuleManager: Shutting down and abandoning module AudioFormatADPCM (44)
[2018.05.26-08.48.43:711][934]LogModuleManager: Shutting down and abandoning module LinuxTargetPlatform (43)
[2018.05.26-08.48.43:712][934]LogModuleManager: Shutting down and abandoning module LinuxServerTargetPlatform (42)
[2018.05.26-08.48.43:742][934]LogModuleManager: Shutting down and abandoning module LinuxNoEditorTargetPlatform (41)
[2018.05.26-08.48.43:776][934]LogModuleManager: Shutting down and abandoning module TVOSTargetPlatform (40)
[2018.05.26-08.48.43:776][934]LogModuleManager: Shutting down and abandoning module Messaging (39)
[2018.05.26-08.48.43:776][934]LogModuleManager: Shutting down and abandoning module IOSTargetPlatform (38)
[2018.05.26-08.48.43:776][934]LogModuleManager: Shutting down and abandoning module HTML5TargetPlatform (37)
[2018.05.26-08.48.43:777][934]LogModuleManager: Shutting down and abandoning module Android_PVRTCTargetPlatform (36)
[2018.05.26-08.48.43:777][934]LogModuleManager: Shutting down and abandoning module Android_MultiTargetPlatform (35)
[2018.05.26-08.48.43:808][934]LogModuleManager: Shutting down and abandoning module Android_ETC2TargetPlatform (34)
[2018.05.26-08.48.43:808][934]LogModuleManager: Shutting down and abandoning module Android_ETC1TargetPlatform (33)
[2018.05.26-08.48.43:808][934]LogModuleManager: Shutting down and abandoning module Android_DXTTargetPlatform (32)
[2018.05.26-08.48.43:808][934]LogModuleManager: Shutting down and abandoning module Android_ATCTargetPlatform (31)
[2018.05.26-08.48.43:808][934]LogModuleManager: Shutting down and abandoning module Android_ASTCTargetPlatform (30)
[2018.05.26-08.48.43:808][934]LogModuleManager: Shutting down and abandoning module AndroidTargetPlatform (29)
[2018.05.26-08.48.43:808][934]LogModuleManager: Shutting down and abandoning module WindowsTargetPlatform (28)
[2018.05.26-08.48.43:808][934]LogModuleManager: Shutting down and abandoning module WindowsServerTargetPlatform (27)
[2018.05.26-08.48.43:842][934]LogModuleManager: Shutting down and abandoning module WindowsNoEditorTargetPlatform (26)
[2018.05.26-08.48.43:891][934]LogModuleManager: Shutting down and abandoning module WindowsClientTargetPlatform (25)
[2018.05.26-08.48.43:968][934]LogModuleManager: Shutting down and abandoning module AllDesktopTargetPlatform (24)
[2018.05.26-08.48.43:968][934]LogModuleManager: Shutting down and abandoning module TargetPlatform (23)
[2018.05.26-08.48.43:968][934]LogModuleManager: Shutting down and abandoning module InputCore (22)
[2018.05.26-08.48.43:968][934]LogModuleManager: Shutting down and abandoning module Settings (21)
[2018.05.26-08.48.43:968][934]LogModuleManager: Shutting down and abandoning module OnlineSubsystem (19)
[2018.05.26-08.48.43:968][934]LogModuleManager: Shutting down and abandoning module HTTP (18)
[2018.05.26-08.48.45:978][934]LogModuleManager: Shutting down and abandoning module XMPP (17)
[2018.05.26-08.48.46:047][934]LogModuleManager: Shutting down and abandoning module OculusRift (16)
[2018.05.26-08.48.46:072][934]LogModuleManager: Shutting down and abandoning module ExampleDeviceProfileSelector (15)
[2018.05.26-08.48.46:072][934]LogModuleManager: Shutting down and abandoning module TextureCompressor (14)
[2018.05.26-08.48.46:154][934]LogModuleManager: Shutting down and abandoning module ShaderCore (13)
[2018.05.26-08.48.46:154][934]LogModuleManager: Shutting down and abandoning module Landscape (12)
[2018.05.26-08.48.46:154][934]LogModuleManager: Shutting down and abandoning module SlateRHIRenderer (11)
[2018.05.26-08.48.46:177][934]LogModuleManager: Shutting down and abandoning module OpenGLDrv (10)
[2018.05.26-08.48.46:201][934]LogModuleManager: Shutting down and abandoning module D3D11RHI (9)
[2018.05.26-08.48.46:201][934]LogModuleManager: Shutting down and abandoning module AnimGraphRuntime (8)
[2018.05.26-08.48.46:201][934]LogModuleManager: Shutting down and abandoning module Renderer (7)
[2018.05.26-08.48.46:201][934]LogModuleManager: Shutting down and abandoning module Engine (6)
[2018.05.26-08.48.46:201][934]LogModuleManager: Shutting down and abandoning module CoreUObject (5)
[2018.05.26-08.48.46:201][934]LogModuleManager: Shutting down and abandoning module NetworkFile (4)
[2018.05.26-08.48.46:211][934]LogModuleManager: Shutting down and abandoning module StreamingFile (3)
[2018.05.26-08.48.46:226][934]LogModuleManager: Shutting down and abandoning module SandboxFile (2)
[2018.05.26-08.48.46:238][934]LogModuleManager: Shutting down and abandoning module PakFile (1)
[2018.05.26-08.48.46:263][934]LogExit: Exiting.
[2018.05.26-08.48.46:277][934]Log file closed, 05/26/18 16:48:46
