[2018.05.05-11.34.00:609][  0]Log file open, 05/05/18 19:34:00
[2018.05.05-11.34.00:609][  0]LogInit:Display: Running engine for game: TopDownProject
[2018.05.05-11.34.00:609][  0]LogInit:Display: RandInit(-324130437) SRandInit(-324130436).
[2018.05.05-11.34.00:609][  0]LogTaskGraph: Started task graph with 4 named threads and 5 total threads.
[2018.05.05-11.34.00:609][  0]LogStats: Stats thread started at 0.128646
[2018.05.05-11.34.00:609][  0]LogInit: Version: 4.9.2-2707645+++depot+UE4-Releases+4.9
[2018.05.05-11.34.00:609][  0]LogInit: API Version: 2672455
[2018.05.05-11.34.00:609][  0]LogInit: Compiled (64-bit): Sep 28 2015 10:25:44
[2018.05.05-11.34.00:609][  0]LogInit: Compiled with Visual C++: 18.00.21005.01
[2018.05.05-11.34.00:609][  0]LogInit: Build Configuration: Development
[2018.05.05-11.34.00:609][  0]LogInit: Branch Name: ++depot+UE4-Releases+4.9
[2018.05.05-11.34.00:609][  0]LogInit: Command line:  
[2018.05.05-11.34.00:609][  0]LogInit: Base directory: D:/UE_4.9/Engine/Binaries/Win64/
[2018.05.05-11.34.00:609][  0]LogInit: Rocket: 1
[2018.05.05-11.34.00:699][  0]LogInit: Using libcurl 7.41.0
[2018.05.05-11.34.00:699][  0]LogInit:  - built for x86_64-pc-win32
[2018.05.05-11.34.00:699][  0]LogInit:  - supports SSL with WinSSL
[2018.05.05-11.34.00:699][  0]LogInit:  - other features:
[2018.05.05-11.34.00:699][  0]LogInit:      CURL_VERSION_SSL
[2018.05.05-11.34.00:699][  0]LogInit:      CURL_VERSION_IPV6
[2018.05.05-11.34.00:699][  0]LogInit:      CURL_VERSION_ASYNCHDNS
[2018.05.05-11.34.00:699][  0]LogInit:      CURL_VERSION_LARGEFILE
[2018.05.05-11.34.00:699][  0]LogInit:      CURL_VERSION_IDN
[2018.05.05-11.34.00:699][  0]LogInit:  CurlRequestOptions (configurable via config and command line):
[2018.05.05-11.34.00:699][  0]LogInit:  - bVerifyPeer = true  - Libcurl will verify peer certificate
[2018.05.05-11.34.00:699][  0]LogInit:  - bUseHttpProxy = false  - Libcurl will NOT use HTTP proxy
[2018.05.05-11.34.00:699][  0]LogInit:  - bDontReuseConnections = false  - Libcurl will reuse connections
[2018.05.05-11.34.00:699][  0]LogInit:  - CertBundlePath = nullptr  - Libcurl will use whatever was configured at build time.
[2018.05.05-11.34.00:710][  0]LogInit: Presizing for 0 objects not considered by GC, pre-allocating 0 bytes.
[2018.05.05-11.34.00:728][  0]LogInit: Object subsystem initialized
[2018.05.05-11.34.00:732][  0]LogInit: Selected Device Profile: [Windows]
[2018.05.05-11.34.00:732][  0]LogInit: Applying CVar settings loaded from the selected device profile: [Windows]
[2018.05.05-11.34.00:750][  0]LogInit: Computer: 1-ПК
[2018.05.05-11.34.00:750][  0]LogInit: User: 1
[2018.05.05-11.34.00:750][  0]LogInit: CPU Page size=4096, Cores=2
[2018.05.05-11.34.00:750][  0]LogInit: High frequency timer resolution =2.338476 MHz
[2018.05.05-11.34.00:750][  0]LogMemory: Memory total: Physical=3.9GB (4GB approx)
[2018.05.05-11.34.00:750][  0]LogMemory: Platform Memory Stats for Windows
[2018.05.05-11.34.00:750][  0]LogMemory: Process Physical Memory: 54.80 MB used, 54.80 MB peak
[2018.05.05-11.34.00:750][  0]LogMemory: Process Virtual Memory: 56.55 MB used, 56.55 MB peak
[2018.05.05-11.34.00:750][  0]LogMemory: Physical Memory: 1470.22 MB used, 4010.14 MB total
[2018.05.05-11.34.00:750][  0]LogMemory: Virtual Memory: 339.01 MB used, 8388608.00 MB total
[2018.05.05-11.34.01:099][  0]LogTextLocalizationManager: No translations for ('ru-RU') exist, falling back to 'en' for localization and internationalization data.
[2018.05.05-11.34.04:170][  0]LogD3D11RHI: Found D3D11 adapter 0: NVIDIA GeForce 410M (Feature Level 11_0)
[2018.05.05-11.34.04:170][  0]LogD3D11RHI: Adapter has 979MB of dedicated video memory, 0MB of dedicated system memory, and 1749MB of shared system memory, 1 output[s]
[2018.05.05-11.34.04:193][  0]LogD3D11RHI: Found D3D11 adapter 1: NVIDIA GeForce 410M (Feature Level 11_0)
[2018.05.05-11.34.04:193][  0]LogD3D11RHI: Adapter has 979MB of dedicated video memory, 0MB of dedicated system memory, and 1749MB of shared system memory, 0 output[s]
[2018.05.05-11.34.04:193][  0]LogD3D11RHI: Chosen D3D11 Adapter Id = 0
[2018.05.05-11.34.04:222][  0]LogD3D11RHI: !Direct3DDevice
[2018.05.05-11.34.04:222][  0]LogRHI: Texture pool is 1297 MB (70% of 1854 MB)
[2018.05.05-11.34.04:240][  0]LogD3D11RHI: Async texture creation enabled
[2018.05.05-11.34.04:665][  0]LogShaderCompilers: Guid format shader working directory is 15 characters bigger than the processId version (../../../../sergey/UnrealProjects/Game_1337/TopDownProject/Intermediate/Shaders/WorkingDirectory/2208/).
[2018.05.05-11.34.04:665][  0]LogShaderCompilers: Cleaned the shader compiler working directory '../../../../sergey/UnrealProjects/Game_1337/TopDownProject/Intermediate/Shaders/tmp/13E6C5A74B1076D54D75909BC22DCAE9/'.
[2018.05.05-11.34.04:665][  0]LogShaderCompilers:Display: Using Local Shader Compiler.
[2018.05.05-11.34.13:797][  0]LogTemp:Display: Loaded TP AllDesktopTargetPlatform
[2018.05.05-11.34.13:835][  0]LogTemp:Display: Loaded TP WindowsClientTargetPlatform
[2018.05.05-11.34.13:921][  0]LogTemp:Display: Loaded TP WindowsNoEditorTargetPlatform
[2018.05.05-11.34.13:943][  0]LogTemp:Display: Loaded TP WindowsServerTargetPlatform
[2018.05.05-11.34.14:009][  0]LogTemp:Display: Loaded TP WindowsTargetPlatform
[2018.05.05-11.34.14:051][  0]LogTemp:Display: Loaded TP AndroidTargetPlatform
[2018.05.05-11.34.14:085][  0]LogTemp:Display: Loaded TP Android_ASTCTargetPlatform
[2018.05.05-11.34.14:092][  0]LogTemp:Display: Loaded TP Android_ATCTargetPlatform
[2018.05.05-11.34.14:105][  0]LogTemp:Display: Loaded TP Android_DXTTargetPlatform
[2018.05.05-11.34.14:128][  0]LogTemp:Display: Loaded TP Android_ETC1TargetPlatform
[2018.05.05-11.34.14:146][  0]LogTemp:Display: Loaded TP Android_ETC2TargetPlatform
[2018.05.05-11.34.14:168][  0]LogTemp:Display: Loaded TP Android_PVRTCTargetPlatform
[2018.05.05-11.34.14:196][  0]LogTemp:Display: Loaded TP HTML5TargetPlatform
[2018.05.05-11.34.14:318][  0]LogTemp:Display: Loaded TP IOSTargetPlatform
[2018.05.05-11.34.14:349][  0]LogTemp:Display: Loaded TP LinuxNoEditorTargetPlatform
[2018.05.05-11.34.14:441][  0]LogTemp:Display: Loaded TP LinuxServerTargetPlatform
[2018.05.05-11.34.14:457][  0]LogTemp:Display: Loaded TP LinuxTargetPlatform
[2018.05.05-11.34.14:457][  0]LogTargetPlatformManager:Display: Building Assets For Windows
[2018.05.05-11.34.15:750][  0]LogDerivedDataCache:Display: Max Cache Size: 512 MB
[2018.05.05-11.34.16:587][  0]LogDerivedDataCache: Loaded boot cache 0.84s 45MB C:/Users/1/AppData/Local/UnrealEngine/4.9/DerivedDataCache/Boot.ddc.
[2018.05.05-11.34.16:587][  0]LogDerivedDataCache:Display: Loaded Boot cache: C:/Users/1/AppData/Local/UnrealEngine/4.9/DerivedDataCache/Boot.ddc
[2018.05.05-11.34.16:587][  0]LogDerivedDataCache: FDerivedDataBackendGraph:  Pak pak cache file ../../../../sergey/UnrealProjects/Game_1337/TopDownProject/DerivedDataCache/DDC.ddp not found, will not use a pak cache.
[2018.05.05-11.34.16:587][  0]LogDerivedDataCache: Unable to find inner node Pak for hierarchical cache Hierarchy.
[2018.05.05-11.34.16:587][  0]LogDerivedDataCache: FDerivedDataBackendGraph:  CompressedPak pak cache file ../../../../sergey/UnrealProjects/Game_1337/TopDownProject/DerivedDataCache/Compressed.ddp not found, will not use a pak cache.
[2018.05.05-11.34.16:587][  0]LogDerivedDataCache: Unable to find inner node CompressedPak for hierarchical cache Hierarchy.
[2018.05.05-11.34.16:960][  0]LogDerivedDataCache:Display: Pak cache opened for reading ../../../Engine/DerivedDataCache/Compressed.ddp.
[2018.05.05-11.34.17:021][  0]LogDerivedDataCache: Using Local data cache path C:/Users/1/AppData/Local/UnrealEngine/Common/DerivedDataCache: Writable
[2018.05.05-11.34.29:828][  0]LogInit: Selected Device Profile: [Windows]
[2018.05.05-11.34.29:843][  0]LogContentStreaming: Texture pool size is 0.000000MB
[2018.05.05-11.34.30:256][  0]LogMeshUtilities: No automatic mesh reduction module available
[2018.05.05-11.34.30:256][  0]LogMeshUtilities: No automatic mesh merging module available
[2018.05.05-11.34.35:214][  0]LogInit: WinSock: version 1.1 (2.2), MaxSocks=32767, MaxUdp=65467
[2018.05.05-11.35.03:898][  0]UdpMessaging: Initializing bridge on interface 0.0.0.0:0 to multicast group 230.0.0.1:6666.
[2018.05.05-11.35.05:149][  0]LogAssetRegistry: FAssetRegistry took 0.0154 seconds to start up
[2018.05.05-11.35.10:049][  0]SourceControl: Info Source control is disabled
[2018.05.05-11.35.10:050][  0]SourceControl: Info Source control is disabled
[2018.05.05-11.35.10:245][  0]SourceControl: Info Source control is disabled
[2018.05.05-11.35.10:363][  0]SourceControl: Info Source control is disabled
[2018.05.05-11.35.11:694][  0]LogLinker:Warning: Asset '../../../Engine/Plugins/Runtime/LeapMotionController/Content/LM_PassthroughMaterial.uasset' has been saved with empty engine version. The asset will be loaded but may be incompatible.
[2018.05.05-11.35.12:289][  0]LogObj: 28361 objects as part of root set at end of initial load.
[2018.05.05-11.35.12:289][  0]LogUObjectAllocator: 6038864 out of 0 bytes used by permanent object pool.
[2018.05.05-11.35.13:350][  0]LogEngine: Initializing Engine...
[2018.05.05-11.35.13:435][  0]LogHMD: Can't find Oculus library dev build: is proper Runtime installed? Version: 0.7.0.0
[2018.05.05-11.35.13:514][  0]LogHMD: SteamVR failed to initialize.  Err: 110
[2018.05.05-11.35.15:039][  0]LogAIModule: Creating AISystem for world NewWorld
[2018.05.05-11.35.15:118][  0]LogInit: XAudio2 using 'Динамики (Устройство с поддержкой High Definition Audio)' : 2 channels at 44.1 kHz using 16 bits per sample (channel mask 0x3)
[2018.05.05-11.35.15:196][  0]LogInit: FAudioDevice initialized.
[2018.05.05-11.35.15:347][  0]LogDerivedDataCache: Saved boot cache 0.15s 41MB C:/Users/1/AppData/Local/UnrealEngine/4.9/DerivedDataCache/Boot.ddc.
[2018.05.05-11.35.15:354][  0]LogInit: Texture streaming: Enabled
[2018.05.05-11.35.15:456][  0]LogAnalytics: Creating configured Analytics provider AnalyticsET
[2018.05.05-11.35.15:456][  0]LogAnalytics: [UEEditor.Rocket.Release] APIServer = http://et2.epicgames.com/ET2/. AppVersion = 4.9.2-2707645+++depot+UE4-Releases+4.9
[2018.05.05-11.35.15:456][  0]LogAnalytics: [UEEditor.Rocket.Release] SetUserId fdb2de1848db1fa47a6f94acde81dca0|be1dc849c34248278283a980c6ca8968|82021297-a794-427f-b0e0-602fe21b1b06
[2018.05.05-11.35.15:480][  0]LogAnalytics: [UEEditor.Rocket.Release] AnalyticsET::StartSession
[2018.05.05-11.35.16:335][  0]LogInit: Transaction tracking system initialized
[2018.05.05-11.35.19:386][  0]BlueprintLog: New page: Editor Load
[2018.05.05-11.35.23:267][  0]LocalizationService: Info Localization service is disabled
[2018.05.05-11.35.24:332][  0]LogConsoleResponse:Display: 
[2018.05.05-11.35.28:595][  0]LogFileCache: Scanning file cache for directory 'D:/sergey/UnrealProjects/Game_1337/TopDownProject/Content/' took 0.03s
[2018.05.05-11.35.28:595][  0]LogCook:Display: Done creating registry. It took  0.00s.
[2018.05.05-11.35.31:398][  0]SourceControl: Info Source control is disabled
[2018.05.05-11.35.31:448][  0]Cmd: MAP LOAD FILE="../../../../sergey/UnrealProjects/Game_1337/TopDownProject/Content/TopDownBP/Maps/TopDownExampleMap.umap" TEMPLATE=0 SHOWPROGRESS=1 FEATURELEVEL=3
[2018.05.05-11.35.31:547][  0]LightingResults: New page: Lighting Build
[2018.05.05-11.35.31:715][  0]MapCheck: New page: Map Check
[2018.05.05-11.35.31:715][  0]LightingResults: New page: Lighting Build
[2018.05.05-11.35.32:109][  0]LogParticles: Destroying 0 GPU particle simulations for FXSystem 0x0000000024D9E3E0
[2018.05.05-11.35.32:473][  0]LogLinker:Warning: Asset '../../../../sergey/UnrealProjects/Game_1337/TopDownProject/Content/Mannequin/Animations/ThirdPerson_AnimBP.uasset' has been saved with empty engine version. The asset will be loaded but may be incompatible.
[2018.05.05-11.35.32:479][  0]LogLinker:Warning: Asset '../../../../sergey/UnrealProjects/Game_1337/TopDownProject/Content/Mannequin/Animations/ThirdPerson_Jump.uasset' has been saved with empty engine version. The asset will be loaded but may be incompatible.
[2018.05.05-11.35.32:542][  0]LogLinker:Warning: Asset '../../../../sergey/UnrealProjects/Game_1337/TopDownProject/Content/Mannequin/Animations/ThirdPersonJump_Loop.uasset' has been saved with empty engine version. The asset will be loaded but may be incompatible.
[2018.05.05-11.35.32:546][  0]LogLinker:Warning: Asset '../../../../sergey/UnrealProjects/Game_1337/TopDownProject/Content/Mannequin/Animations/ThirdPersonJump_Start.uasset' has been saved with empty engine version. The asset will be loaded but may be incompatible.
[2018.05.05-11.35.32:619][  0]LogLinker:Warning: Asset '../../../../sergey/UnrealProjects/Game_1337/TopDownProject/Content/Mannequin/Animations/ThirdPersonIdle.uasset' has been saved with empty engine version. The asset will be loaded but may be incompatible.
[2018.05.05-11.35.32:622][  0]LogLinker:Warning: Asset '../../../../sergey/UnrealProjects/Game_1337/TopDownProject/Content/Mannequin/Animations/ThirdPersonRun.uasset' has been saved with empty engine version. The asset will be loaded but may be incompatible.
[2018.05.05-11.35.32:626][  0]LogLinker:Warning: Asset '../../../../sergey/UnrealProjects/Game_1337/TopDownProject/Content/Mannequin/Animations/ThirdPersonWalk.uasset' has been saved with empty engine version. The asset will be loaded but may be incompatible.
[2018.05.05-11.35.37:958][  0]LogLinker:Warning: CreateExport: Failed to load Parent for Function /Game/TopDownBP/InventorySystem/Item/Items/Box.Box_C:UserConstructionScript; removing parent information, but keeping function
[2018.05.05-11.35.38:131][  0]LogLinker:Warning: CreateExport: Failed to load Parent for Function /Game/TopDownBP/InventorySystem/Item/Items/ItemSphere.ItemSphere_C:UserConstructionScript; removing parent information, but keeping function
[2018.05.05-11.35.38:169][  0]LogLinker:Warning: CreateExport: Failed to load Parent for Function /Game/TopDownBP/InventorySystem/Item/Items/ItemCone.ItemCone_C:UserConstructionScript; removing parent information, but keeping function
[2018.05.05-11.35.54:168][  0]LogAIModule: Creating AISystem for world TopDownExampleMap
[2018.05.05-11.35.54:430][  0]LogMaterial:Warning: Material /Game/InfinityBladeGrassLands/Environments/Plains/Env_Plains_Flora/Materials/M_PLains_Fern01.M_PLains_Fern01 needed to have new flag set bUsedWithInstancedStaticMeshes !
[2018.05.05-11.35.54:561][  0]LogMaterial: Missing cached shader map for material M_PLains_Fern01, compiling. 
[2018.05.05-11.35.54:955][  0]MapCheck:Warning: Warning M_PLains_Fern01 Material /Game/InfinityBladeGrassLands/Environments/Plains/Env_Plains_Flora/Materials/M_PLains_Fern01.M_PLains_Fern01 was missing the usage flag bUsedWithInstancedStaticMeshes. If the material asset is not re-saved, it may not render correctly when run outside the editor. Fix
[2018.05.05-11.35.54:992][  0]LogMaterial: 0.010571 seconds spent updating 1 materials, 1 interfaces, 0 instances, 0 with static permutations.
[2018.05.05-11.35.55:595][  0]LogEditorServer: Finished looking for orphan Actors (0.000 secs)
[2018.05.05-11.35.56:528][  0]Cmd: MAP CHECKDEP NOCLEARLOG
[2018.05.05-11.35.56:794][  0]MapCheck: Info Map check complete: 0 Error(s), 1 Warning(s), took 265.755ms to complete.
[2018.05.05-11.35.56:965][  0]LogFileHelpers: Loading map 'TopDownExampleMap' took 25.533
[2018.05.05-11.35.57:476][  0]LogCollectionManager: Loaded 0 collections in 0.003602 seconds
[2018.05.05-11.35.57:968][  0]LogFileCache: Scanning file cache for directory 'D:/sergey/UnrealProjects/Game_1337/TopDownProject/Saved/Collections/' took 0.01s
[2018.05.05-11.35.57:968][  0]LogFileCache: Scanning file cache for directory 'D:/sergey/UnrealProjects/Game_1337/TopDownProject/Content/Developers/1/Collections/' took 0.01s
[2018.05.05-11.35.57:968][  0]LogFileCache: Scanning file cache for directory 'D:/sergey/UnrealProjects/Game_1337/TopDownProject/Content/Collections/' took 0.00s
[2018.05.05-11.35.57:968][  0]LogContentBrowser: Native class hierarchy populated in 0.3409 seconds. Added 1867 classes and 333 folders.
[2018.05.05-11.35.58:425][  0]LogCollectionManager: Rebuilt the GUID cache for 0 collections in 0.000004 seconds
[2018.05.05-11.35.59:091][  0]LogContentBrowser: Native class hierarchy updated for 'WidgetCarousel' in 0.0007 seconds. Added 0 classes and 0 folders.
[2018.05.05-11.36.03:598][  0]LogContentBrowser: Native class hierarchy updated for 'AddContentDialog' in 0.0008 seconds. Added 0 classes and 0 folders.
[2018.05.05-11.36.04:358][  0]LogContentBrowser: Native class hierarchy updated for 'SceneOutliner' in 0.0007 seconds. Added 1 classes and 2 folders.
[2018.05.05-11.36.05:541][  0]LogCrashTracker: Crashtracker disabled due to settings.
[2018.05.05-11.36.07:477][  0]LogUObjectGlobals:Warning: Failed to find object 'Class None.'
[2018.05.05-11.36.07:954][  0]LogLoad: Full Startup: 129.03 seconds (BP compile: 2.54 seconds)
[2018.05.05-11.36.37:349][  0]LogContentStreaming: Texture pool size now 400 MB
[2018.05.05-11.36.38:372][  0]LogRenderer: Reallocating scene render targets to support 668x628 (Frame:2).
[2018.05.05-11.36.46:888][ 18]LogAssetRegistry: Asset discovery search completed in 101.7488 seconds
[2018.05.05-11.36.46:888][ 18]LogCollectionManager: Rebuilt the object cache for 0 collections in 0.000003 seconds (found 0 objects)
[2018.05.05-11.36.46:888][ 18]LogCollectionManager: Fixed up redirectors for 0 collections in 0.000048 seconds (updated 0 objects)
[2018.05.05-11.36.59:021][124]LogLinker:Warning: Asset '../../../Engine/Content/ArtTools/RenderToTexture/Macros/RenderToTextureMacros.uasset' has been saved with empty engine version. The asset will be loaded but may be incompatible.
[2018.05.05-11.37.01:363][124]LogContentBrowser: Native class hierarchy updated for 'BlueprintGraph' in 0.0017 seconds. Added 107 classes and 0 folders.
[2018.05.05-11.37.16:038][563]LogEditorActor: Deleted Actor: NavMeshBoundsVolume
[2018.05.05-11.37.16:137][563]LogActorComponent: UnregisterComponent: (/Engine/Transient.CharMoveComp) Not registered. Aborting.
[2018.05.05-11.37.16:849][563]LogEditorActor: Deleted 1 Actors (0.897 secs)
[2018.05.05-11.38.25:228][739]BlueprintLog: New page: Compile MyAICharacter
[2018.05.05-11.38.25:450][739]LogActorComponent: UnregisterComponent: (/Engine/Transient.CharMoveComp) Not registered. Aborting.
[2018.05.05-11.38.25:571][739]BlueprintEditorCompileResults: Info [0266.65] Compile of MyAICharacter successful! [in 341 ms]
[2018.05.05-11.38.28:479][862]LogBlueprintUserMessages: Early PlayInEditor Detection: Level '/Game/TopDownBP/Maps/TopDownExampleMap.TopDownExampleMap:PersistentLevel' has LevelScriptBlueprint '/Game/TopDownBP/Maps/TopDownExampleMap.TopDownExampleMap:PersistentLevel.TopDownExampleMap' with GeneratedClass '/Game/TopDownBP/Maps/TopDownExampleMap.TopDownExampleMap_C' with ClassGeneratedBy '/Game/TopDownBP/Maps/TopDownExampleMap.TopDownExampleMap:PersistentLevel.TopDownExampleMap'
[2018.05.05-11.38.28:479][862]LogPlayLevel: PlayLevel: No blueprints needed recompiling
[2018.05.05-11.38.28:704][862]PIE: New page: PIE session: TopDownExampleMap (May 6, 2018, 3:38:28 AM)
[2018.05.05-11.38.28:704][862]LogPlayLevel: Creating play world package: /Game/TopDownBP/Maps/UEDPIE_0_TopDownExampleMap
[2018.05.05-11.38.28:918][862]LogPlayLevel: PIE: StaticDuplicateObject took: (0.213770s)
[2018.05.05-11.38.28:919][862]LogAIModule: Creating AISystem for world TopDownExampleMap
[2018.05.05-11.38.28:919][862]LogPlayLevel: PIE: World Init took: (0.001277s)
[2018.05.05-11.38.28:919][862]LogPlayLevel: PIE: Created PIE world by copying editor world from /Game/TopDownBP/Maps/TopDownExampleMap.TopDownExampleMap to /Game/TopDownBP/Maps/UEDPIE_0_TopDownExampleMap.TopDownExampleMap (0.215462s)
[2018.05.05-11.38.28:920][862]LogActorComponent: UnregisterComponent: (/Engine/Transient.CharMoveComp) Not registered. Aborting.
[2018.05.05-11.38.29:036][862]LogInit: XAudio2 using 'Динамики (Устройство с поддержкой High Definition Audio)' : 2 channels at 44.1 kHz using 16 bits per sample (channel mask 0x3)
[2018.05.05-11.38.29:047][862]LogInit: FAudioDevice initialized.
[2018.05.05-11.38.29:302][862]LogWorld: Game class is 'TopDownGameMode_C'
[2018.05.05-11.38.29:486][862]LogWorld:Warning: *** WARNING - PATHS MAY NOT BE VALID ***
[2018.05.05-11.38.29:486][862]LogWorld: Bringing World /Game/TopDownBP/Maps/UEDPIE_0_TopDownExampleMap.TopDownExampleMap up for play (max tick rate 60) at 2018.05.05-19.38.29
[2018.05.05-11.38.29:487][862]LogActor:Warning: GameSession /Game/TopDownBP/Maps/UEDPIE_0_TopDownExampleMap.TopDownExampleMap:PersistentLevel.GameSession_0 has natively added scene component(s), but none of them were set as the actor's RootComponent - picking one arbitrarily
[2018.05.05-11.38.29:487][862]LogActor:Warning: GameNetworkManager /Game/TopDownBP/Maps/UEDPIE_0_TopDownExampleMap.TopDownExampleMap:PersistentLevel.GameNetworkManager_0 has natively added scene component(s), but none of them were set as the actor's RootComponent - picking one arbitrarily
[2018.05.05-11.38.29:641][862]LogWorld: Bringing up level for play took: 0.184930
[2018.05.05-11.38.29:900][862]PIE: Info Play in editor start time for /Game/TopDownBP/Maps/UEDPIE_0_TopDownExampleMap 2.076
[2018.05.05-11.38.29:901][862]LogBlueprintUserMessages: Late PlayInEditor Detection: Level '/Game/TopDownBP/Maps/TopDownExampleMap.TopDownExampleMap:PersistentLevel' has LevelScriptBlueprint '/Game/TopDownBP/Maps/TopDownExampleMap.TopDownExampleMap:PersistentLevel.TopDownExampleMap' with GeneratedClass '/Game/TopDownBP/Maps/TopDownExampleMap.TopDownExampleMap_C' with ClassGeneratedBy '/Game/TopDownBP/Maps/TopDownExampleMap.TopDownExampleMap:PersistentLevel.TopDownExampleMap'
[2018.05.05-11.38.45:005][279]LogBlueprintUserMessages: Early EndPlayMap Detection: Level '/Game/TopDownBP/Maps/TopDownExampleMap.TopDownExampleMap:PersistentLevel' has LevelScriptBlueprint '/Game/TopDownBP/Maps/TopDownExampleMap.TopDownExampleMap:PersistentLevel.TopDownExampleMap' with GeneratedClass '/Game/TopDownBP/Maps/TopDownExampleMap.TopDownExampleMap_C' with ClassGeneratedBy '/Game/TopDownBP/Maps/TopDownExampleMap.TopDownExampleMap:PersistentLevel.TopDownExampleMap'
[2018.05.05-11.38.45:312][279]LogBlueprintUserMessages: Late EndPlayMap Detection: Level '/Game/TopDownBP/Maps/TopDownExampleMap.TopDownExampleMap:PersistentLevel' has LevelScriptBlueprint '/Game/TopDownBP/Maps/TopDownExampleMap.TopDownExampleMap:PersistentLevel.TopDownExampleMap' with GeneratedClass '/Game/TopDownBP/Maps/TopDownExampleMap.TopDownExampleMap_C' with ClassGeneratedBy '/Game/TopDownBP/Maps/TopDownExampleMap.TopDownExampleMap:PersistentLevel.TopDownExampleMap'
[2018.05.05-11.38.45:436][279]LogParticles: Destroying 0 GPU particle simulations for FXSystem 0x00000000076CEE80
[2018.05.05-11.39.18:000][331]BlueprintLog: New page: Compile MyAICharacter
[2018.05.05-11.39.18:214][331]BlueprintEditorCompileResults: Info [0319.29] Compile of MyAICharacter successful! [in 213 ms]
[2018.05.05-11.39.18:915][345]Cmd: OBJ SAVEPACKAGE PACKAGE="/Game/TopDownBP/AI/MyAICharacter" FILE="../../../../sergey/UnrealProjects/Game_1337/TopDownProject/Content/TopDownBP/AI/MyAICharacter.uasset" SILENT=true
[2018.05.05-11.39.19:470][345]LogSavePackage: Save=237.727051ms
[2018.05.05-11.39.19:470][345]LogSavePackage: Moving '../../../../sergey/UnrealProjects/Game_1337/TopDownProject/Saved/MyAICharacter2FF950A746C7BDF9C77B928D1D401729.tmp' to '../../../../sergey/UnrealProjects/Game_1337/TopDownProject/Content/TopDownBP/AI/MyAICharacter.uasset'
[2018.05.05-11.39.19:533][345]LogSavePackage: Total save time: 608.017359ms
[2018.05.05-11.39.19:533][345]LogSavePackage:Warning: Finished SavePackage ../../../../sergey/UnrealProjects/Game_1337/TopDownProject/Content/TopDownBP/AI/MyAICharacter.uasset
[2018.05.05-11.39.37:746][914]LogWindowsTextInputMethodSystem:Display: IME system now deactivated.
[2018.05.05-11.40.09:621][877]BlueprintLog: New page: Compile MyAICharacter
[2018.05.05-11.40.09:754][877]LogActorComponent: UnregisterComponent: (/Engine/Transient.CharMoveComp) Not registered. Aborting.
[2018.05.05-11.40.09:877][877]BlueprintEditorCompileResults: Info [0370.95] Compile of MyAICharacter successful! [in 254 ms]
[2018.05.05-11.40.10:438][890]Cmd: OBJ SAVEPACKAGE PACKAGE="/Game/TopDownBP/AI/MyAICharacter" FILE="../../../../sergey/UnrealProjects/Game_1337/TopDownProject/Content/TopDownBP/AI/MyAICharacter.uasset" SILENT=true
[2018.05.05-11.40.10:560][890]LogSavePackage: Save=108.864922ms
[2018.05.05-11.40.10:560][890]LogSavePackage: Moving '../../../../sergey/UnrealProjects/Game_1337/TopDownProject/Saved/MyAICharacterB347794F47BFA4FA7ED338A740EBCB2E.tmp' to '../../../../sergey/UnrealProjects/Game_1337/TopDownProject/Content/TopDownBP/AI/MyAICharacter.uasset'
[2018.05.05-11.40.10:562][890]LogSavePackage: Total save time: 122.058980ms
[2018.05.05-11.40.10:562][890]LogSavePackage:Warning: Finished SavePackage ../../../../sergey/UnrealProjects/Game_1337/TopDownProject/Content/TopDownBP/AI/MyAICharacter.uasset
[2018.05.05-11.40.12:738][974]LogBlueprintUserMessages: Early PlayInEditor Detection: Level '/Game/TopDownBP/Maps/TopDownExampleMap.TopDownExampleMap:PersistentLevel' has LevelScriptBlueprint '/Game/TopDownBP/Maps/TopDownExampleMap.TopDownExampleMap:PersistentLevel.TopDownExampleMap' with GeneratedClass '/Game/TopDownBP/Maps/TopDownExampleMap.TopDownExampleMap_C' with ClassGeneratedBy '/Game/TopDownBP/Maps/TopDownExampleMap.TopDownExampleMap:PersistentLevel.TopDownExampleMap'
[2018.05.05-11.40.12:738][974]LogPlayLevel: PlayLevel: No blueprints needed recompiling
[2018.05.05-11.40.12:738][974]PIE: New page: PIE session: TopDownExampleMap (May 6, 2018, 3:40:12 AM)
[2018.05.05-11.40.12:738][974]LogPlayLevel: Creating play world package: /Game/TopDownBP/Maps/UEDPIE_0_TopDownExampleMap
[2018.05.05-11.40.12:820][974]LogPlayLevel: PIE: StaticDuplicateObject took: (0.081424s)
[2018.05.05-11.40.12:820][974]LogAIModule: Creating AISystem for world TopDownExampleMap
[2018.05.05-11.40.12:821][974]LogPlayLevel: PIE: World Init took: (0.001208s)
[2018.05.05-11.40.12:821][974]LogPlayLevel: PIE: Created PIE world by copying editor world from /Game/TopDownBP/Maps/TopDownExampleMap.TopDownExampleMap to /Game/TopDownBP/Maps/UEDPIE_0_TopDownExampleMap.TopDownExampleMap (0.083114s)
[2018.05.05-11.40.12:821][974]LogActorComponent: UnregisterComponent: (/Engine/Transient.CharMoveComp) Not registered. Aborting.
[2018.05.05-11.40.12:922][974]LogInit: XAudio2 using 'Динамики (Устройство с поддержкой High Definition Audio)' : 2 channels at 44.1 kHz using 16 bits per sample (channel mask 0x3)
[2018.05.05-11.40.12:935][974]LogInit: FAudioDevice initialized.
[2018.05.05-11.40.12:985][974]LogWorld: Game class is 'TopDownGameMode_C'
[2018.05.05-11.40.13:020][974]LogWorld:Warning: *** WARNING - PATHS MAY NOT BE VALID ***
[2018.05.05-11.40.13:020][974]LogWorld: Bringing World /Game/TopDownBP/Maps/UEDPIE_0_TopDownExampleMap.TopDownExampleMap up for play (max tick rate 60) at 2018.05.05-19.40.13
[2018.05.05-11.40.13:020][974]LogActor:Warning: GameSession /Game/TopDownBP/Maps/UEDPIE_0_TopDownExampleMap.TopDownExampleMap:PersistentLevel.GameSession_1 has natively added scene component(s), but none of them were set as the actor's RootComponent - picking one arbitrarily
[2018.05.05-11.40.13:020][974]LogActor:Warning: GameNetworkManager /Game/TopDownBP/Maps/UEDPIE_0_TopDownExampleMap.TopDownExampleMap:PersistentLevel.GameNetworkManager_1 has natively added scene component(s), but none of them were set as the actor's RootComponent - picking one arbitrarily
[2018.05.05-11.40.13:024][974]LogWorld: Bringing up level for play took: 0.037561
[2018.05.05-11.40.13:031][974]PIE: Info Play in editor start time for /Game/TopDownBP/Maps/UEDPIE_0_TopDownExampleMap 1.215
[2018.05.05-11.40.13:031][974]LogBlueprintUserMessages: Late PlayInEditor Detection: Level '/Game/TopDownBP/Maps/TopDownExampleMap.TopDownExampleMap:PersistentLevel' has LevelScriptBlueprint '/Game/TopDownBP/Maps/TopDownExampleMap.TopDownExampleMap:PersistentLevel.TopDownExampleMap' with GeneratedClass '/Game/TopDownBP/Maps/TopDownExampleMap.TopDownExampleMap_C' with ClassGeneratedBy '/Game/TopDownBP/Maps/TopDownExampleMap.TopDownExampleMap:PersistentLevel.TopDownExampleMap'
[2018.05.05-11.40.24:619][296]LogBlueprintUserMessages: [MyAICharacter_C_5] Hello
[2018.05.05-11.40.27:416][376]LogBlueprintUserMessages: Early EndPlayMap Detection: Level '/Game/TopDownBP/Maps/TopDownExampleMap.TopDownExampleMap:PersistentLevel' has LevelScriptBlueprint '/Game/TopDownBP/Maps/TopDownExampleMap.TopDownExampleMap:PersistentLevel.TopDownExampleMap' with GeneratedClass '/Game/TopDownBP/Maps/TopDownExampleMap.TopDownExampleMap_C' with ClassGeneratedBy '/Game/TopDownBP/Maps/TopDownExampleMap.TopDownExampleMap:PersistentLevel.TopDownExampleMap'
[2018.05.05-11.40.27:471][376]LogBlueprintUserMessages: Late EndPlayMap Detection: Level '/Game/TopDownBP/Maps/TopDownExampleMap.TopDownExampleMap:PersistentLevel' has LevelScriptBlueprint '/Game/TopDownBP/Maps/TopDownExampleMap.TopDownExampleMap:PersistentLevel.TopDownExampleMap' with GeneratedClass '/Game/TopDownBP/Maps/TopDownExampleMap.TopDownExampleMap_C' with ClassGeneratedBy '/Game/TopDownBP/Maps/TopDownExampleMap.TopDownExampleMap:PersistentLevel.TopDownExampleMap'
[2018.05.05-11.40.27:640][377]LogParticles: Destroying 0 GPU particle simulations for FXSystem 0x0000000011D8F240
[2018.05.05-11.40.29:354][446]LogActorComponent: UnregisterComponent: (/Engine/Transient.CharMoveComp) Not registered. Aborting.
[2018.05.05-11.40.30:437][446]LogSavePackage: Save=633.193604ms
[2018.05.05-11.40.30:437][446]LogSavePackage: Moving '../../../../sergey/UnrealProjects/Game_1337/TopDownProject/Saved/TopDownExampleMapA5BF5BD34EED89C2A8505F8DAD6A3523.tmp' to '../../../../sergey/UnrealProjects/Game_1337/TopDownProject/Content/TopDownBP/Maps/TopDownExampleMap.umap'
[2018.05.05-11.40.30:442][446]LogSavePackage: Total save time: 685.253128ms
[2018.05.05-11.40.30:442][446]LogSavePackage:Warning: Finished SavePackage ../../../../sergey/UnrealProjects/Game_1337/TopDownProject/Content/TopDownBP/Maps/TopDownExampleMap.umap
[2018.05.05-11.40.30:711][446]LogFileHelpers: Saving map 'TopDownExampleMap' took 1.241
[2018.05.05-11.40.34:612][633]Cmd: CLOSE_SLATE_MAINFRAME
[2018.05.05-11.40.36:569][634]Cmd: QUIT_EDITOR
[2018.05.05-11.40.37:705][634]LogExit: Preparing to exit.
[2018.05.05-11.40.38:832][634]LogExit: Editor shut down
[2018.05.05-11.40.38:833][634]LogExit: Transaction tracking system shut down
[2018.05.05-11.40.39:037][634]LogParticles: Destroying 0 GPU particle simulations for FXSystem 0x000000002C3499E0
[2018.05.05-11.40.39:037][634]LogParticles: Destroying 0 GPU particle simulations for FXSystem 0x0000000035F0BB00
[2018.05.05-11.40.39:038][634]LogParticles: Destroying 0 GPU particle simulations for FXSystem 0x0000000035DDC5E0
[2018.05.05-11.40.39:038][634]LogParticles: Destroying 0 GPU particle simulations for FXSystem 0x0000000036039DA0
[2018.05.05-11.40.39:038][634]LogParticles: Destroying 0 GPU particle simulations for FXSystem 0x000000001FD90C20
[2018.05.05-11.40.39:039][634]LogParticles: Destroying 0 GPU particle simulations for FXSystem 0x00000000075FC180
[2018.05.05-11.40.41:144][634]LogExit: Object subsystem successfully closed.
[2018.05.05-11.40.44:168][634]LogD3D11RHI: Shutdown
[2018.05.05-11.40.44:168][634]LogD3D11RHI: CleanupD3DDevice
[2018.05.05-11.40.44:576][634]LogD3D11RHI: ~FD3D11DynamicRHI
[2018.05.05-11.40.46:373][634]LogModuleManager: Shutting down and abandoning module BlueprintGraph (198)
[2018.05.05-11.40.46:373][634]LogModuleManager: Shutting down and abandoning module CrashTracker (197)
[2018.05.05-11.40.46:373][634]LogModuleManager: Shutting down and abandoning module SceneOutliner (196)
[2018.05.05-11.40.46:373][634]LogModuleManager: Shutting down and abandoning module SuperSearch (195)
[2018.05.05-11.40.46:373][634]LogModuleManager: Shutting down and abandoning module WidgetCarousel (194)
[2018.05.05-11.40.46:373][634]LogModuleManager: Shutting down and abandoning module AddContentDialog (193)
[2018.05.05-11.40.46:417][634]LogModuleManager: Shutting down and abandoning module EditorWidgets (192)
[2018.05.05-11.40.46:417][634]LogModuleManager: Shutting down and abandoning module CollectionManager (191)
[2018.05.05-11.40.46:417][634]LogModuleManager: Shutting down and abandoning module StatsViewer (190)
[2018.05.05-11.40.46:417][634]LogModuleManager: Shutting down and abandoning module FoliageEdit (189)
[2018.05.05-11.40.46:417][634]LogModuleManager: Shutting down and abandoning module LandscapeEditor (188)
[2018.05.05-11.40.46:546][634]LogModuleManager: Shutting down and abandoning module ActorPickerMode (187)
[2018.05.05-11.40.46:546][634]LogModuleManager: Shutting down and abandoning module GeometryMode (186)
[2018.05.05-11.40.46:546][634]LogModuleManager: Shutting down and abandoning module TextureAlignMode (185)
[2018.05.05-11.40.46:546][634]LogModuleManager: Shutting down and abandoning module BspMode (184)
[2018.05.05-11.40.46:546][634]LogModuleManager: Shutting down and abandoning module PlacementMode (183)
[2018.05.05-11.40.46:546][634]LogModuleManager: Shutting down and abandoning module AutomationWorker (182)
[2018.05.05-11.40.46:546][634]LogModuleManager: Shutting down and abandoning module CharacterAI (181)
[2018.05.05-11.40.46:546][634]LogModuleManager: Shutting down and abandoning module SmartSnapping (180)
[2018.05.05-11.40.46:546][634]LogModuleManager: Shutting down and abandoning module ViewportSnapping (179)
[2018.05.05-11.40.46:546][634]LogModuleManager: Shutting down and abandoning module LogVisualizer (178)
[2018.05.05-11.40.46:547][634]LogModuleManager: Shutting down and abandoning module GameProjectGeneration (177)
[2018.05.05-11.40.46:553][634]LogModuleManager: Shutting down and abandoning module IntroTutorials (176)
[2018.05.05-11.40.46:553][634]LogModuleManager: Shutting down and abandoning module EditorLiveStreaming (175)
[2018.05.05-11.40.46:554][634]LogModuleManager: Shutting down and abandoning module IOSPlatformEditor (174)
[2018.05.05-11.40.46:554][634]LogModuleManager: Shutting down and abandoning module HTML5PlatformEditor (173)
[2018.05.05-11.40.46:554][634]LogModuleManager: Shutting down and abandoning module AndroidDeviceDetection (172)
[2018.05.05-11.40.47:554][634]LogModuleManager: Shutting down and abandoning module AndroidPlatformEditor (171)
[2018.05.05-11.40.47:554][634]LogModuleManager: Shutting down and abandoning module IOSRuntimeSettings (170)
[2018.05.05-11.40.47:554][634]LogModuleManager: Shutting down and abandoning module AndroidRuntimeSettings (169)
[2018.05.05-11.40.47:554][634]LogModuleManager: Shutting down and abandoning module MergeActors (168)
[2018.05.05-11.40.47:997][634]LogModuleManager: Shutting down and abandoning module SizeMap (167)
[2018.05.05-11.40.47:997][634]LogModuleManager: Shutting down and abandoning module TreeMap (166)
[2018.05.05-11.40.47:997][634]LogModuleManager: Shutting down and abandoning module ReferenceViewer (165)
[2018.05.05-11.40.47:997][634]LogModuleManager: Shutting down and abandoning module LocalizationService (164)
[2018.05.05-11.40.47:997][634]LogModuleManager: Shutting down and abandoning module LocalizationDashboard (163)
[2018.05.05-11.40.48:021][634]LogModuleManager: Shutting down and abandoning module HardwareTargeting (162)
[2018.05.05-11.40.48:021][634]LogModuleManager: Shutting down and abandoning module DeviceProfileEditor (161)
[2018.05.05-11.40.48:021][634]LogModuleManager: Shutting down and abandoning module UndoHistory (160)
[2018.05.05-11.40.48:021][634]LogModuleManager: Shutting down and abandoning module GameplayTagsEditor (159)
[2018.05.05-11.40.48:021][634]LogModuleManager: Shutting down and abandoning module UserFeedback (158)
[2018.05.05-11.40.48:021][634]LogModuleManager: Shutting down and abandoning module XmlParser (157)
[2018.05.05-11.40.48:021][634]LogModuleManager: Shutting down and abandoning module Blutility (156)
[2018.05.05-11.40.48:021][634]LogModuleManager: Shutting down and abandoning module ProjectTargetPlatformEditor (155)
[2018.05.05-11.40.48:021][634]LogModuleManager: Shutting down and abandoning module ProjectSettingsViewer (154)
[2018.05.05-11.40.48:021][634]LogModuleManager: Shutting down and abandoning module InputBindingEditor (153)
[2018.05.05-11.40.48:021][634]LogModuleManager: Shutting down and abandoning module EditorSettingsViewer (152)
[2018.05.05-11.40.48:021][634]LogModuleManager: Shutting down and abandoning module SettingsEditor (151)
[2018.05.05-11.40.48:021][634]LogModuleManager: Shutting down and abandoning module ProjectLauncher (150)
[2018.05.05-11.40.48:021][634]LogModuleManager: Shutting down and abandoning module SessionFrontend (149)
[2018.05.05-11.40.48:022][634]LogModuleManager: Shutting down and abandoning module ProfilerClient (148)
[2018.05.05-11.40.48:064][634]LogModuleManager: Shutting down and abandoning module TargetDeviceServices (147)
[2018.05.05-11.40.48:064][634]LogModuleManager: Shutting down and abandoning module DeviceManager (146)
[2018.05.05-11.40.48:069][634]LogModuleManager: Shutting down and abandoning module AutomationController (145)
[2018.05.05-11.40.48:069][634]LogModuleManager: Shutting down and abandoning module AutomationWindow (144)
[2018.05.05-11.40.48:109][634]LogModuleManager: Shutting down and abandoning module Layers (143)
[2018.05.05-11.40.48:159][634]LogModuleManager: Shutting down and abandoning module ComponentVisualizers (142)
[2018.05.05-11.40.48:159][634]LogModuleManager: Shutting down and abandoning module DetailCustomizations (141)
[2018.05.05-11.40.48:159][634]LogModuleManager: Shutting down and abandoning module PackagesDialog (140)
[2018.05.05-11.40.48:159][634]LogModuleManager: Shutting down and abandoning module Persona (139)
[2018.05.05-11.40.48:176][634]LogModuleManager: Shutting down and abandoning module Kismet (138)
[2018.05.05-11.40.48:176][634]LogModuleManager: Shutting down and abandoning module GraphEditor (137)
[2018.05.05-11.40.48:176][634]LogModuleManager: Shutting down and abandoning module ClassViewer (136)
[2018.05.05-11.40.48:176][634]LogModuleManager: Shutting down and abandoning module Toolbox (135)
[2018.05.05-11.40.48:176][634]LogModuleManager: Shutting down and abandoning module ModuleUI (134)
[2018.05.05-11.40.48:195][634]LogModuleManager: Shutting down and abandoning module MovieSceneTools (133)
[2018.05.05-11.40.48:195][634]LogModuleManager: Shutting down and abandoning module OutputLog (132)
[2018.05.05-11.40.48:195][634]LogModuleManager: Shutting down and abandoning module GammaUI (131)
[2018.05.05-11.40.48:234][634]LogModuleManager: Shutting down and abandoning module Documentation (130)
[2018.05.05-11.40.48:234][634]LogModuleManager: Shutting down and abandoning module GameLiveStreaming (129)
[2018.05.05-11.40.48:271][634]LogModuleManager: Shutting down and abandoning module StreamingPauseRendering (128)
[2018.05.05-11.40.48:271][634]LogModuleManager: Shutting down and abandoning module AnalyticsET (127)
[2018.05.05-11.40.48:271][634]LogModuleManager: Shutting down and abandoning module Analytics (126)
[2018.05.05-11.40.48:271][634]LogModuleManager: Shutting down and abandoning module AITestSuite (125)
[2018.05.05-11.40.48:271][634]LogModuleManager: Shutting down and abandoning module GameplayDebugger (124)
[2018.05.05-11.40.48:271][634]LogModuleManager: Shutting down and abandoning module AIModule (123)
[2018.05.05-11.40.48:271][634]LogModuleManager: Shutting down and abandoning module ProfilerService (122)
[2018.05.05-11.40.48:307][634]LogModuleManager: Shutting down and abandoning module TaskGraph (121)
[2018.05.05-11.40.48:328][634]LogModuleManager: Shutting down and abandoning module SlateRemote (120)
[2018.05.05-11.40.48:328][634]LogModuleManager: Shutting down and abandoning module SteamVRController (119)
[2018.05.05-11.40.48:328][634]LogModuleManager: Shutting down and abandoning module SteamVR (118)
[2018.05.05-11.40.48:328][634]LogModuleManager: Shutting down and abandoning module ProceduralMeshComponent (117)
[2018.05.05-11.40.48:328][634]LogModuleManager: Shutting down and abandoning module OculusRift (116)
[2018.05.05-11.40.48:328][634]LogModuleManager: Shutting down and abandoning module OculusLibrary (115)
[2018.05.05-11.40.48:328][634]LogModuleManager: Shutting down and abandoning module LeapMotionController (114)
[2018.05.05-11.40.48:372][634]LogModuleManager: Shutting down and abandoning module CustomMeshComponent (113)
[2018.05.05-11.40.48:414][634]LogModuleManager: Shutting down and abandoning module CableComponent (112)
[2018.05.05-11.40.48:414][634]LogModuleManager: Shutting down and abandoning module ArchVisCharacter (111)
[2018.05.05-11.40.48:414][634]LogModuleManager: Shutting down and abandoning module MessagingDebugger (110)
[2018.05.05-11.40.48:463][634]LogModuleManager: Shutting down and abandoning module MediaPlayerEditor (109)
[2018.05.05-11.40.48:592][634]LogModuleManager: Shutting down and abandoning module HTML5Networking (108)
[2018.05.05-11.40.48:592][634]LogModuleManager: Shutting down and abandoning module SpeedTreeImporter (107)
[2018.05.05-11.40.48:592][634]LogModuleManager: Shutting down and abandoning module PluginBrowser (106)
[2018.05.05-11.40.48:592][634]LogModuleManager: Shutting down and abandoning module EpicSurvey (105)
[2018.05.05-11.40.48:592][634]LogModuleManager: Shutting down and abandoning module DesktopPlatform (104)
[2018.05.05-11.40.48:592][634]LogModuleManager: Shutting down and abandoning module VisualStudioSourceCodeAccess (103)
[2018.05.05-11.40.48:592][634]LogModuleManager: Shutting down and abandoning module UObjectPlugin (102)
[2018.05.05-11.40.48:592][634]LogModuleManager: Shutting down and abandoning module SubversionSourceControl (101)
[2018.05.05-11.40.48:593][634]LogModuleManager: Shutting down and abandoning module PerforceSourceControl (100)
[2018.05.05-11.40.48:593][634]LogModuleManager: Shutting down and abandoning module SourceControl (99)
[2018.05.05-11.40.48:593][634]LogModuleManager: Shutting down and abandoning module GitSourceControl (98)
[2018.05.05-11.40.48:593][634]LogModuleManager: Shutting down and abandoning module LightPropagationVolumeEditor (97)
[2018.05.05-11.40.48:593][634]LogModuleManager: Shutting down and abandoning module PaperTiledImporter (96)
[2018.05.05-11.40.48:593][634]LogModuleManager: Shutting down and abandoning module PaperSpriteSheetImporter (95)
[2018.05.05-11.40.48:593][634]LogModuleManager: Shutting down and abandoning module MeshPaint (94)
[2018.05.05-11.40.48:593][634]LogModuleManager: Shutting down and abandoning module SlateReflector (93)
[2018.05.05-11.40.48:625][634]LogModuleManager: Shutting down and abandoning module HotReload (92)
[2018.05.05-11.40.48:625][634]LogModuleManager: Shutting down and abandoning module MainFrame (91)
[2018.05.05-11.40.48:629][634]LogModuleManager: Shutting down and abandoning module LevelEditor (90)
[2018.05.05-11.40.48:648][634]LogModuleManager: Shutting down and abandoning module DirectoryWatcher (89)
[2018.05.05-11.40.48:649][634]LogModuleManager: Shutting down and abandoning module AssetRegistry (88)
[2018.05.05-11.40.48:742][634]LogModuleManager: Shutting down and abandoning module ContentBrowser (87)
[2018.05.05-11.40.48:744][634]LogModuleManager: Shutting down and abandoning module Paper2DEditor (86)
[2018.05.05-11.40.48:757][634]LogModuleManager: Shutting down and abandoning module UdpMessaging (85)
[2018.05.05-11.40.48:857][634]LogModuleManager: Shutting down and abandoning module LightPropagationVolumeRuntime (84)
[2018.05.05-11.40.48:857][634]LogModuleManager: Shutting down and abandoning module Paper2D (83)
[2018.05.05-11.40.48:857][634]LogModuleManager: Shutting down and abandoning module WindowsMoviePlayer (82)
[2018.05.05-11.40.48:905][634]LogModuleManager: Shutting down and abandoning module Media (81)
[2018.05.05-11.40.48:905][634]LogModuleManager: Shutting down and abandoning module WmfMedia (80)
[2018.05.05-11.40.48:969][634]LogModuleManager: Shutting down and abandoning module OnlineBlueprintSupport (79)
[2018.05.05-11.40.48:969][634]LogModuleManager: Shutting down and abandoning module GameplayTasksEditor (78)
[2018.05.05-11.40.48:969][634]LogModuleManager: Shutting down and abandoning module PropertyEditor (77)
[2018.05.05-11.40.48:970][634]LogModuleManager: Shutting down and abandoning module BehaviorTreeEditor (76)
[2018.05.05-11.40.49:053][634]LogModuleManager: Shutting down and abandoning module FunctionalTesting (75)
[2018.05.05-11.40.49:053][634]LogModuleManager: Shutting down and abandoning module CollisionAnalyzer (74)
[2018.05.05-11.40.49:053][634]LogModuleManager: Shutting down and abandoning module WorkspaceMenuStructure (73)
[2018.05.05-11.40.49:053][634]LogModuleManager: Shutting down and abandoning module MessageLog (72)
[2018.05.05-11.40.49:053][634]LogModuleManager: Shutting down and abandoning module Sequencer (71)
[2018.05.05-11.40.49:053][634]LogModuleManager: Shutting down and abandoning module AssetTools (70)
[2018.05.05-11.40.49:181][634]LogModuleManager: Shutting down and abandoning module UMGEditor (69)
[2018.05.05-11.40.49:188][634]LogModuleManager: Shutting down and abandoning module UMG (68)
[2018.05.05-11.40.49:189][634]LogModuleManager: Shutting down and abandoning module Slate (67)
[2018.05.05-11.40.49:189][634]LogModuleManager: Shutting down and abandoning module EditorStyle (66)
[2018.05.05-11.40.49:192][634]LogModuleManager: Shutting down and abandoning module SessionServices (65)
[2018.05.05-11.40.49:192][634]LogModuleManager: Shutting down and abandoning module SourceCodeAccess (64)
[2018.05.05-11.40.49:192][634]LogModuleManager: Shutting down and abandoning module HeadMountedDisplay (63)
[2018.05.05-11.40.49:192][634]LogModuleManager: Shutting down and abandoning module XAudio2 (62)
[2018.05.05-11.40.49:192][634]LogModuleManager: Shutting down and abandoning module Networking (60)
[2018.05.05-11.40.49:192][634]LogModuleManager: Shutting down and abandoning module Core (59)
[2018.05.05-11.40.49:192][634]LogModuleManager: Shutting down and abandoning module KismetCompiler (58)
[2018.05.05-11.40.49:192][634]LogModuleManager: Shutting down and abandoning module PhysXFormats (57)
[2018.05.05-11.40.49:192][634]LogModuleManager: Shutting down and abandoning module MeshUtilities (56)
[2018.05.05-11.40.49:257][634]LogModuleManager: Shutting down and abandoning module CookingStats (55)
[2018.05.05-11.40.49:259][634]LogModuleManager: Shutting down and abandoning module DerivedDataCache (54)
[2018.05.05-11.40.49:307][634]LogDerivedDataCache: Shutdown
[2018.05.05-11.40.49:307][634]LogModuleManager: Shutting down and abandoning module ShaderFormatOpenGL (53)
[2018.05.05-11.40.49:439][634]LogModuleManager: Shutting down and abandoning module ShaderFormatD3D (52)
[2018.05.05-11.40.49:439][634]LogModuleManager: Shutting down and abandoning module MetalShaderFormat (51)
[2018.05.05-11.40.50:077][634]LogModuleManager: Shutting down and abandoning module TextureFormatUncompressed (50)
[2018.05.05-11.40.50:077][634]LogModuleManager: Shutting down and abandoning module TextureFormatPVR (49)
[2018.05.05-11.40.50:077][634]LogModuleManager: Shutting down and abandoning module TextureFormatIntelISPCTexComp (48)
[2018.05.05-11.40.50:077][634]LogModuleManager: Shutting down and abandoning module TextureFormatDXT (47)
[2018.05.05-11.40.50:077][634]LogModuleManager: Shutting down and abandoning module ImageWrapper (46)
[2018.05.05-11.40.50:077][634]LogModuleManager: Shutting down and abandoning module TextureFormatASTC (45)
[2018.05.05-11.40.50:077][634]LogModuleManager: Shutting down and abandoning module TextureFormatAndroid (44)
[2018.05.05-11.40.50:077][634]LogModuleManager: Shutting down and abandoning module AudioFormatOpus (43)
[2018.05.05-11.40.50:077][634]LogModuleManager: Shutting down and abandoning module AudioFormatOgg (42)
[2018.05.05-11.40.50:077][634]LogModuleManager: Shutting down and abandoning module AudioFormatADPCM (41)
[2018.05.05-11.40.50:077][634]LogModuleManager: Shutting down and abandoning module LinuxTargetPlatform (40)
[2018.05.05-11.40.50:077][634]LogModuleManager: Shutting down and abandoning module LinuxServerTargetPlatform (39)
[2018.05.05-11.40.50:077][634]LogModuleManager: Shutting down and abandoning module LinuxNoEditorTargetPlatform (38)
[2018.05.05-11.40.50:077][634]LogModuleManager: Shutting down and abandoning module Messaging (37)
[2018.05.05-11.40.50:077][634]LogModuleManager: Shutting down and abandoning module IOSTargetPlatform (36)
[2018.05.05-11.40.50:077][634]LogModuleManager: Shutting down and abandoning module HTML5TargetPlatform (35)
[2018.05.05-11.40.50:077][634]LogModuleManager: Shutting down and abandoning module Android_PVRTCTargetPlatform (34)
[2018.05.05-11.40.50:154][634]LogModuleManager: Shutting down and abandoning module Android_ETC2TargetPlatform (33)
[2018.05.05-11.40.50:234][634]LogModuleManager: Shutting down and abandoning module Android_ETC1TargetPlatform (32)
[2018.05.05-11.40.50:453][634]LogModuleManager: Shutting down and abandoning module Android_DXTTargetPlatform (31)
[2018.05.05-11.40.50:656][634]LogModuleManager: Shutting down and abandoning module Android_ATCTargetPlatform (30)
[2018.05.05-11.40.50:735][634]LogModuleManager: Shutting down and abandoning module Android_ASTCTargetPlatform (29)
[2018.05.05-11.40.50:735][634]LogModuleManager: Shutting down and abandoning module AndroidTargetPlatform (28)
[2018.05.05-11.40.50:780][634]LogModuleManager: Shutting down and abandoning module WindowsTargetPlatform (27)
[2018.05.05-11.40.50:780][634]LogModuleManager: Shutting down and abandoning module WindowsServerTargetPlatform (26)
[2018.05.05-11.40.50:780][634]LogModuleManager: Shutting down and abandoning module WindowsNoEditorTargetPlatform (25)
[2018.05.05-11.40.50:780][634]LogModuleManager: Shutting down and abandoning module WindowsClientTargetPlatform (24)
[2018.05.05-11.40.50:780][634]LogModuleManager: Shutting down and abandoning module AllDesktopTargetPlatform (23)
[2018.05.05-11.40.50:780][634]LogModuleManager: Shutting down and abandoning module TargetPlatform (22)
[2018.05.05-11.40.50:780][634]LogModuleManager: Shutting down and abandoning module InputCore (21)
[2018.05.05-11.40.50:780][634]LogModuleManager: Shutting down and abandoning module Settings (20)
[2018.05.05-11.40.50:780][634]LogModuleManager: Shutting down and abandoning module OnlineSubsystem (18)
[2018.05.05-11.40.50:780][634]LogModuleManager: Shutting down and abandoning module HTTP (17)
[2018.05.05-11.40.52:781][634]LogModuleManager: Shutting down and abandoning module XMPP (16)
[2018.05.05-11.40.52:919][634]LogModuleManager: Shutting down and abandoning module ExampleDeviceProfileSelector (15)
[2018.05.05-11.40.52:919][634]LogModuleManager: Shutting down and abandoning module TextureCompressor (14)
[2018.05.05-11.40.52:982][634]LogModuleManager: Shutting down and abandoning module ShaderCore (13)
[2018.05.05-11.40.52:982][634]LogModuleManager: Shutting down and abandoning module Landscape (12)
[2018.05.05-11.40.52:982][634]LogModuleManager: Shutting down and abandoning module SlateRHIRenderer (11)
[2018.05.05-11.40.53:030][634]LogModuleManager: Shutting down and abandoning module OpenGLDrv (10)
[2018.05.05-11.40.53:068][634]LogModuleManager: Shutting down and abandoning module D3D11RHI (9)
[2018.05.05-11.40.53:068][634]LogModuleManager: Shutting down and abandoning module AnimGraphRuntime (8)
[2018.05.05-11.40.53:068][634]LogModuleManager: Shutting down and abandoning module Renderer (7)
[2018.05.05-11.40.53:068][634]LogModuleManager: Shutting down and abandoning module Engine (6)
[2018.05.05-11.40.53:068][634]LogModuleManager: Shutting down and abandoning module CoreUObject (5)
[2018.05.05-11.40.53:068][634]LogModuleManager: Shutting down and abandoning module NetworkFile (4)
[2018.05.05-11.40.53:107][634]LogModuleManager: Shutting down and abandoning module StreamingFile (3)
[2018.05.05-11.40.53:107][634]LogModuleManager: Shutting down and abandoning module SandboxFile (2)
[2018.05.05-11.40.53:137][634]LogModuleManager: Shutting down and abandoning module PakFile (1)
[2018.05.05-11.40.53:187][634]LogExit: Exiting.
[2018.05.05-11.40.53:279][634]Log file closed, 05/05/18 19:40:53
