[2018.05.05-10.46.26:778][  0]Log file open, 05/05/18 18:46:26
[2018.05.05-10.46.26:778][  0]LogInit:Display: Running engine for game: TopDownProject
[2018.05.05-10.46.26:779][  0]LogInit:Display: RandInit(1577583192) SRandInit(1577583192).
[2018.05.05-10.46.26:779][  0]LogTaskGraph: Started task graph with 4 named threads and 5 total threads.
[2018.05.05-10.46.26:779][  0]LogStats: Stats thread started at 0.629692
[2018.05.05-10.46.26:779][  0]LogInit: Version: 4.9.2-2707645+++depot+UE4-Releases+4.9
[2018.05.05-10.46.26:779][  0]LogInit: API Version: 2672455
[2018.05.05-10.46.26:779][  0]LogInit: Compiled (64-bit): Sep 28 2015 10:25:44
[2018.05.05-10.46.26:779][  0]LogInit: Compiled with Visual C++: 18.00.21005.01
[2018.05.05-10.46.26:779][  0]LogInit: Build Configuration: Development
[2018.05.05-10.46.26:779][  0]LogInit: Branch Name: ++depot+UE4-Releases+4.9
[2018.05.05-10.46.26:779][  0]LogInit: Command line:  
[2018.05.05-10.46.26:779][  0]LogInit: Base directory: D:/UE_4.9/Engine/Binaries/Win64/
[2018.05.05-10.46.26:779][  0]LogInit: Rocket: 1
[2018.05.05-10.46.26:949][  0]LogInit: Using libcurl 7.41.0
[2018.05.05-10.46.26:949][  0]LogInit:  - built for x86_64-pc-win32
[2018.05.05-10.46.26:949][  0]LogInit:  - supports SSL with WinSSL
[2018.05.05-10.46.26:949][  0]LogInit:  - other features:
[2018.05.05-10.46.26:949][  0]LogInit:      CURL_VERSION_SSL
[2018.05.05-10.46.26:949][  0]LogInit:      CURL_VERSION_IPV6
[2018.05.05-10.46.26:949][  0]LogInit:      CURL_VERSION_ASYNCHDNS
[2018.05.05-10.46.26:949][  0]LogInit:      CURL_VERSION_LARGEFILE
[2018.05.05-10.46.26:949][  0]LogInit:      CURL_VERSION_IDN
[2018.05.05-10.46.26:949][  0]LogInit:  CurlRequestOptions (configurable via config and command line):
[2018.05.05-10.46.26:949][  0]LogInit:  - bVerifyPeer = true  - Libcurl will verify peer certificate
[2018.05.05-10.46.26:949][  0]LogInit:  - bUseHttpProxy = false  - Libcurl will NOT use HTTP proxy
[2018.05.05-10.46.26:949][  0]LogInit:  - bDontReuseConnections = false  - Libcurl will reuse connections
[2018.05.05-10.46.26:949][  0]LogInit:  - CertBundlePath = nullptr  - Libcurl will use whatever was configured at build time.
[2018.05.05-10.46.26:961][  0]LogInit: Presizing for 0 objects not considered by GC, pre-allocating 0 bytes.
[2018.05.05-10.46.26:978][  0]LogInit: Object subsystem initialized
[2018.05.05-10.46.26:981][  0]LogInit: Selected Device Profile: [Windows]
[2018.05.05-10.46.26:981][  0]LogInit: Applying CVar settings loaded from the selected device profile: [Windows]
[2018.05.05-10.46.27:123][  0]LogInit: Computer: 1-ПК
[2018.05.05-10.46.27:124][  0]LogInit: User: 1
[2018.05.05-10.46.27:124][  0]LogInit: CPU Page size=4096, Cores=2
[2018.05.05-10.46.27:124][  0]LogInit: High frequency timer resolution =2.338476 MHz
[2018.05.05-10.46.27:124][  0]LogMemory: Memory total: Physical=3.9GB (4GB approx)
[2018.05.05-10.46.27:124][  0]LogMemory: Platform Memory Stats for Windows
[2018.05.05-10.46.27:124][  0]LogMemory: Process Physical Memory: 54.80 MB used, 54.80 MB peak
[2018.05.05-10.46.27:124][  0]LogMemory: Process Virtual Memory: 56.56 MB used, 56.56 MB peak
[2018.05.05-10.46.27:124][  0]LogMemory: Physical Memory: 2123.61 MB used, 4010.14 MB total
[2018.05.05-10.46.27:124][  0]LogMemory: Virtual Memory: 339.01 MB used, 8388608.00 MB total
[2018.05.05-10.46.28:928][  0]LogTextLocalizationManager: No translations for ('ru-RU') exist, falling back to 'en' for localization and internationalization data.
[2018.05.05-10.46.34:751][  0]LogD3D11RHI: Found D3D11 adapter 0: NVIDIA GeForce 410M (Feature Level 11_0)
[2018.05.05-10.46.34:751][  0]LogD3D11RHI: Adapter has 979MB of dedicated video memory, 0MB of dedicated system memory, and 1749MB of shared system memory, 1 output[s]
[2018.05.05-10.46.34:832][  0]LogD3D11RHI: Found D3D11 adapter 1: NVIDIA GeForce 410M (Feature Level 11_0)
[2018.05.05-10.46.34:832][  0]LogD3D11RHI: Adapter has 979MB of dedicated video memory, 0MB of dedicated system memory, and 1749MB of shared system memory, 0 output[s]
[2018.05.05-10.46.34:832][  0]LogD3D11RHI: Chosen D3D11 Adapter Id = 0
[2018.05.05-10.46.34:935][  0]LogD3D11RHI: !Direct3DDevice
[2018.05.05-10.46.34:935][  0]LogRHI: Texture pool is 1297 MB (70% of 1854 MB)
[2018.05.05-10.46.34:973][  0]LogD3D11RHI: Async texture creation enabled
[2018.05.05-10.46.35:935][  0]LogShaderCompilers: Guid format shader working directory is 15 characters bigger than the processId version (../../../../sergey/UnrealProjects/Game_1337/TopDownProject/Intermediate/Shaders/WorkingDirectory/5520/).
[2018.05.05-10.46.35:935][  0]LogShaderCompilers: Cleaned the shader compiler working directory '../../../../sergey/UnrealProjects/Game_1337/TopDownProject/Intermediate/Shaders/tmp/669964604F8A6D821640ACAC0DAB95A3/'.
[2018.05.05-10.46.35:935][  0]LogShaderCompilers:Display: Using Local Shader Compiler.
[2018.05.05-10.47.18:095][  0]LogTemp:Display: Loaded TP AllDesktopTargetPlatform
[2018.05.05-10.47.18:102][  0]LogTemp:Display: Loaded TP WindowsClientTargetPlatform
[2018.05.05-10.47.18:223][  0]LogTemp:Display: Loaded TP WindowsNoEditorTargetPlatform
[2018.05.05-10.47.18:569][  0]LogTemp:Display: Loaded TP WindowsServerTargetPlatform
[2018.05.05-10.47.20:212][  0]LogTemp:Display: Loaded TP WindowsTargetPlatform
[2018.05.05-10.47.20:465][  0]LogTemp:Display: Loaded TP AndroidTargetPlatform
[2018.05.05-10.47.20:599][  0]LogTemp:Display: Loaded TP Android_ASTCTargetPlatform
[2018.05.05-10.47.20:656][  0]LogTemp:Display: Loaded TP Android_ATCTargetPlatform
[2018.05.05-10.47.21:396][  0]LogTemp:Display: Loaded TP Android_DXTTargetPlatform
[2018.05.05-10.47.22:050][  0]LogTemp:Display: Loaded TP Android_ETC1TargetPlatform
[2018.05.05-10.47.22:104][  0]LogTemp:Display: Loaded TP Android_ETC2TargetPlatform
[2018.05.05-10.47.22:202][  0]LogTemp:Display: Loaded TP Android_PVRTCTargetPlatform
[2018.05.05-10.47.22:268][  0]LogTemp:Display: Loaded TP HTML5TargetPlatform
[2018.05.05-10.47.23:202][  0]LogTemp:Display: Loaded TP IOSTargetPlatform
[2018.05.05-10.47.23:554][  0]LogTemp:Display: Loaded TP LinuxNoEditorTargetPlatform
[2018.05.05-10.47.23:611][  0]LogTemp:Display: Loaded TP LinuxServerTargetPlatform
[2018.05.05-10.47.23:852][  0]LogTemp:Display: Loaded TP LinuxTargetPlatform
[2018.05.05-10.47.23:852][  0]LogTargetPlatformManager:Display: Building Assets For Windows
[2018.05.05-10.47.42:010][  0]LogDerivedDataCache:Display: Max Cache Size: 512 MB
[2018.05.05-10.47.43:734][  0]LogDerivedDataCache: Loaded boot cache 1.70s 45MB C:/Users/1/AppData/Local/UnrealEngine/4.9/DerivedDataCache/Boot.ddc.
[2018.05.05-10.47.43:735][  0]LogDerivedDataCache:Display: Loaded Boot cache: C:/Users/1/AppData/Local/UnrealEngine/4.9/DerivedDataCache/Boot.ddc
[2018.05.05-10.47.43:735][  0]LogDerivedDataCache: FDerivedDataBackendGraph:  Pak pak cache file ../../../../sergey/UnrealProjects/Game_1337/TopDownProject/DerivedDataCache/DDC.ddp not found, will not use a pak cache.
[2018.05.05-10.47.43:735][  0]LogDerivedDataCache: Unable to find inner node Pak for hierarchical cache Hierarchy.
[2018.05.05-10.47.43:735][  0]LogDerivedDataCache: FDerivedDataBackendGraph:  CompressedPak pak cache file ../../../../sergey/UnrealProjects/Game_1337/TopDownProject/DerivedDataCache/Compressed.ddp not found, will not use a pak cache.
[2018.05.05-10.47.43:735][  0]LogDerivedDataCache: Unable to find inner node CompressedPak for hierarchical cache Hierarchy.
[2018.05.05-10.47.44:190][  0]LogDerivedDataCache:Display: Pak cache opened for reading ../../../Engine/DerivedDataCache/Compressed.ddp.
[2018.05.05-10.47.44:256][  0]LogDerivedDataCache: Using Local data cache path C:/Users/1/AppData/Local/UnrealEngine/Common/DerivedDataCache: Writable
[2018.05.05-10.50.01:319][  0]LogInit: Selected Device Profile: [Windows]
[2018.05.05-10.50.01:983][  0]LogContentStreaming: Texture pool size is 0.000000MB
[2018.05.05-10.50.12:710][  0]LogMeshUtilities: No automatic mesh reduction module available
[2018.05.05-10.50.12:710][  0]LogMeshUtilities: No automatic mesh merging module available
[2018.05.05-10.51.00:940][  0]LogInit: WinSock: version 1.1 (2.2), MaxSocks=32767, MaxUdp=65467
[2018.05.05-10.53.37:221][  0]UdpMessaging: Initializing bridge on interface 0.0.0.0:0 to multicast group 230.0.0.1:6666.
[2018.05.05-10.53.39:228][  0]LogAssetRegistry: FAssetRegistry took 0.0158 seconds to start up
[2018.05.05-10.53.52:151][  0]SourceControl: Info Source control is disabled
[2018.05.05-10.53.52:153][  0]SourceControl: Info Source control is disabled
[2018.05.05-10.53.52:282][  0]SourceControl: Info Source control is disabled
[2018.05.05-10.53.53:108][  0]SourceControl: Info Source control is disabled
[2018.05.05-10.53.55:528][  0]LogLinker:Warning: Asset '../../../Engine/Plugins/Runtime/LeapMotionController/Content/LM_PassthroughMaterial.uasset' has been saved with empty engine version. The asset will be loaded but may be incompatible.
[2018.05.05-10.53.57:022][  0]LogObj: 28361 objects as part of root set at end of initial load.
[2018.05.05-10.53.57:022][  0]LogUObjectAllocator: 6038864 out of 0 bytes used by permanent object pool.
[2018.05.05-10.53.59:205][  0]LogAutomationTest:Warning: Smoke tests took > 1s to run: 1.08s
[2018.05.05-10.53.59:747][  0]LogEngine: Initializing Engine...
[2018.05.05-10.53.59:876][  0]LogHMD: Can't find Oculus library dev build: is proper Runtime installed? Version: 0.7.0.0
[2018.05.05-10.54.00:081][  0]LogHMD: SteamVR failed to initialize.  Err: 110
[2018.05.05-10.54.07:752][  0]LogAIModule: Creating AISystem for world NewWorld
[2018.05.05-10.54.09:420][  0]LogInit: XAudio2 using 'Динамики (Устройство с поддержкой High Definition Audio)' : 2 channels at 44.1 kHz using 16 bits per sample (channel mask 0x3)
[2018.05.05-10.54.09:880][  0]LogInit: FAudioDevice initialized.
[2018.05.05-10.54.10:013][  0]LogDerivedDataCache: Saved boot cache 0.13s 45MB C:/Users/1/AppData/Local/UnrealEngine/4.9/DerivedDataCache/Boot.ddc.
[2018.05.05-10.54.10:061][  0]LogInit: Texture streaming: Enabled
[2018.05.05-10.54.10:185][  0]LogAnalytics: Creating configured Analytics provider AnalyticsET
[2018.05.05-10.54.10:185][  0]LogAnalytics: [UEEditor.Rocket.Release] APIServer = http://et2.epicgames.com/ET2/. AppVersion = 4.9.2-2707645+++depot+UE4-Releases+4.9
[2018.05.05-10.54.10:185][  0]LogAnalytics: [UEEditor.Rocket.Release] SetUserId fdb2de1848db1fa47a6f94acde81dca0|be1dc849c34248278283a980c6ca8968|82021297-a794-427f-b0e0-602fe21b1b06
[2018.05.05-10.54.10:215][  0]LogAnalytics: [UEEditor.Rocket.Release] AnalyticsET::StartSession
[2018.05.05-10.54.16:721][  0]LogInit: Transaction tracking system initialized
[2018.05.05-10.54.29:613][  0]BlueprintLog: New page: Editor Load
[2018.05.05-10.54.54:076][  0]LocalizationService: Info Localization service is disabled
[2018.05.05-10.55.05:049][  0]LogConsoleResponse:Display: 
[2018.05.05-10.55.14:859][  0]LogFileCache: Scanning file cache for directory 'D:/sergey/UnrealProjects/Game_1337/TopDownProject/Content/' took 0.13s
[2018.05.05-10.55.14:859][  0]LogCook:Display: Done creating registry. It took  0.00s.
[2018.05.05-10.55.23:543][  0]SourceControl: Info Source control is disabled
[2018.05.05-10.55.23:789][  0]Cmd: MAP LOAD FILE="../../../../sergey/UnrealProjects/Game_1337/TopDownProject/Content/TopDownBP/Maps/TopDownExampleMap.umap" TEMPLATE=0 SHOWPROGRESS=1 FEATURELEVEL=3
[2018.05.05-10.55.23:890][  0]LightingResults: New page: Lighting Build
[2018.05.05-10.55.24:738][  0]MapCheck: New page: Map Check
[2018.05.05-10.55.24:738][  0]LightingResults: New page: Lighting Build
[2018.05.05-10.55.27:074][  0]LogParticles: Destroying 0 GPU particle simulations for FXSystem 0x00000000246CE3E0
[2018.05.05-10.55.28:335][  0]LogLinker:Warning: Asset '../../../../sergey/UnrealProjects/Game_1337/TopDownProject/Content/Mannequin/Animations/ThirdPerson_AnimBP.uasset' has been saved with empty engine version. The asset will be loaded but may be incompatible.
[2018.05.05-10.55.28:495][  0]LogLinker:Warning: Asset '../../../../sergey/UnrealProjects/Game_1337/TopDownProject/Content/Mannequin/Animations/ThirdPerson_Jump.uasset' has been saved with empty engine version. The asset will be loaded but may be incompatible.
[2018.05.05-10.55.28:727][  0]LogLinker:Warning: Asset '../../../../sergey/UnrealProjects/Game_1337/TopDownProject/Content/Mannequin/Animations/ThirdPersonJump_Loop.uasset' has been saved with empty engine version. The asset will be loaded but may be incompatible.
[2018.05.05-10.55.29:073][  0]LogLinker:Warning: Asset '../../../../sergey/UnrealProjects/Game_1337/TopDownProject/Content/Mannequin/Animations/ThirdPersonJump_Start.uasset' has been saved with empty engine version. The asset will be loaded but may be incompatible.
[2018.05.05-10.55.29:160][  0]LogLinker:Warning: Asset '../../../../sergey/UnrealProjects/Game_1337/TopDownProject/Content/Mannequin/Animations/ThirdPersonIdle.uasset' has been saved with empty engine version. The asset will be loaded but may be incompatible.
[2018.05.05-10.55.29:164][  0]LogLinker:Warning: Asset '../../../../sergey/UnrealProjects/Game_1337/TopDownProject/Content/Mannequin/Animations/ThirdPersonRun.uasset' has been saved with empty engine version. The asset will be loaded but may be incompatible.
[2018.05.05-10.55.29:168][  0]LogLinker:Warning: Asset '../../../../sergey/UnrealProjects/Game_1337/TopDownProject/Content/Mannequin/Animations/ThirdPersonWalk.uasset' has been saved with empty engine version. The asset will be loaded but may be incompatible.
[2018.05.05-10.55.47:141][  0]LogLinker:Warning: CreateExport: Failed to load Parent for Function /Game/TopDownBP/InventorySystem/Item/Items/Box.Box_C:UserConstructionScript; removing parent information, but keeping function
[2018.05.05-10.55.47:318][  0]LogLinker:Warning: CreateExport: Failed to load Parent for Function /Game/TopDownBP/InventorySystem/Item/Items/ItemSphere.ItemSphere_C:UserConstructionScript; removing parent information, but keeping function
[2018.05.05-10.55.47:415][  0]LogLinker:Warning: CreateExport: Failed to load Parent for Function /Game/TopDownBP/InventorySystem/Item/Items/ItemCone.ItemCone_C:UserConstructionScript; removing parent information, but keeping function
[2018.05.05-10.56.20:444][  0]LogAIModule: Creating AISystem for world TopDownExampleMap
[2018.05.05-10.56.23:880][  0]LogMaterial:Warning: Material /Game/InfinityBladeGrassLands/Environments/Plains/Env_Plains_Flora/Materials/M_PLains_Fern01.M_PLains_Fern01 needed to have new flag set bUsedWithInstancedStaticMeshes !
[2018.05.05-10.56.24:182][  0]LogMaterial: Missing cached shader map for material M_PLains_Fern01, compiling. 
[2018.05.05-10.56.24:733][  0]MapCheck:Warning: Warning M_PLains_Fern01 Material /Game/InfinityBladeGrassLands/Environments/Plains/Env_Plains_Flora/Materials/M_PLains_Fern01.M_PLains_Fern01 was missing the usage flag bUsedWithInstancedStaticMeshes. If the material asset is not re-saved, it may not render correctly when run outside the editor. Fix
[2018.05.05-10.56.24:909][  0]LogMaterial: 0.145475 seconds spent updating 1 materials, 1 interfaces, 0 instances, 0 with static permutations.
[2018.05.05-10.56.28:564][  0]LogEditorServer: Finished looking for orphan Actors (0.000 secs)
[2018.05.05-10.56.29:959][  0]Cmd: MAP CHECKDEP NOCLEARLOG
[2018.05.05-10.56.30:373][  0]MapCheck: Info Map check complete: 0 Error(s), 1 Warning(s), took 413.695ms to complete.
[2018.05.05-10.56.31:438][  0]LogFileHelpers: Loading map 'TopDownExampleMap' took 67.753
[2018.05.05-10.56.38:669][  0]LogCollectionManager: Loaded 0 collections in 0.004387 seconds
[2018.05.05-10.56.39:978][  0]LogFileCache: Scanning file cache for directory 'D:/sergey/UnrealProjects/Game_1337/TopDownProject/Saved/Collections/' took 0.02s
[2018.05.05-10.56.39:978][  0]LogFileCache: Scanning file cache for directory 'D:/sergey/UnrealProjects/Game_1337/TopDownProject/Content/Developers/1/Collections/' took 0.01s
[2018.05.05-10.56.39:978][  0]LogFileCache: Scanning file cache for directory 'D:/sergey/UnrealProjects/Game_1337/TopDownProject/Content/Collections/' took 0.00s
[2018.05.05-10.56.39:978][  0]LogContentBrowser: Native class hierarchy populated in 0.2188 seconds. Added 1867 classes and 333 folders.
[2018.05.05-10.56.40:546][  0]LogCollectionManager: Rebuilt the GUID cache for 0 collections in 0.000004 seconds
[2018.05.05-10.56.41:247][  0]LogContentBrowser: Native class hierarchy updated for 'WidgetCarousel' in 0.0008 seconds. Added 0 classes and 0 folders.
[2018.05.05-10.56.48:561][  0]LogContentBrowser: Native class hierarchy updated for 'AddContentDialog' in 0.0010 seconds. Added 0 classes and 0 folders.
[2018.05.05-10.56.52:672][  0]LogContentBrowser: Native class hierarchy updated for 'SceneOutliner' in 0.0009 seconds. Added 1 classes and 2 folders.
[2018.05.05-10.56.56:446][  0]LogCrashTracker: Crashtracker disabled due to settings.
[2018.05.05-10.56.57:262][  0]LogUObjectGlobals:Warning: Failed to find object 'Class None.'
[2018.05.05-10.56.57:716][  0]LogLoad: Full Startup: 639.41 seconds (BP compile: 15.86 seconds)
[2018.05.05-10.56.59:618][  0]LogContentStreaming: Texture pool size now 400 MB
[2018.05.05-10.57.00:688][  0]LogRenderer: Reallocating scene render targets to support 668x628 (Frame:2).
[2018.05.05-10.57.24:621][ 25]LogAssetRegistry: Asset discovery search completed in 225.4002 seconds
[2018.05.05-10.57.24:621][ 25]LogCollectionManager: Rebuilt the object cache for 0 collections in 0.000001 seconds (found 0 objects)
[2018.05.05-10.57.24:621][ 25]LogCollectionManager: Fixed up redirectors for 0 collections in 0.000050 seconds (updated 0 objects)
[2018.05.05-11.03.03:835][523]LogLinker:Warning: Asset '../../../Engine/Content/ArtTools/RenderToTexture/Macros/RenderToTextureMacros.uasset' has been saved with empty engine version. The asset will be loaded but may be incompatible.
[2018.05.05-11.03.06:538][523]LogContentBrowser: Native class hierarchy updated for 'BlueprintGraph' in 0.0017 seconds. Added 107 classes and 0 folders.
[2018.05.05-11.03.24:066][ 38]LogBlueprintUserMessages: Early PlayInEditor Detection: Level '/Game/TopDownBP/Maps/TopDownExampleMap.TopDownExampleMap:PersistentLevel' has LevelScriptBlueprint '/Game/TopDownBP/Maps/TopDownExampleMap.TopDownExampleMap:PersistentLevel.TopDownExampleMap' with GeneratedClass '/Game/TopDownBP/Maps/TopDownExampleMap.TopDownExampleMap_C' with ClassGeneratedBy '/Game/TopDownBP/Maps/TopDownExampleMap.TopDownExampleMap:PersistentLevel.TopDownExampleMap'
[2018.05.05-11.03.24:066][ 38]LogPlayLevel: PlayLevel: No blueprints needed recompiling
[2018.05.05-11.03.24:142][ 38]PIE: New page: PIE session: TopDownExampleMap (May 6, 2018, 3:03:24 AM)
[2018.05.05-11.03.24:162][ 38]LogPlayLevel: Creating play world package: /Game/TopDownBP/Maps/UEDPIE_0_TopDownExampleMap
[2018.05.05-11.03.24:749][ 38]LogPlayLevel: PIE: StaticDuplicateObject took: (0.586427s)
[2018.05.05-11.03.24:750][ 38]LogAIModule: Creating AISystem for world TopDownExampleMap
[2018.05.05-11.03.24:750][ 38]LogPlayLevel: PIE: World Init took: (0.001474s)
[2018.05.05-11.03.24:760][ 38]LogPlayLevel: PIE: Created PIE world by copying editor world from /Game/TopDownBP/Maps/TopDownExampleMap.TopDownExampleMap to /Game/TopDownBP/Maps/UEDPIE_0_TopDownExampleMap.TopDownExampleMap (0.597578s)
[2018.05.05-11.03.24:769][ 38]LogActorComponent: UnregisterComponent: (/Engine/Transient.CharMoveComp) Not registered. Aborting.
[2018.05.05-11.03.25:477][ 38]LogInit: XAudio2 using 'Динамики (Устройство с поддержкой High Definition Audio)' : 2 channels at 44.1 kHz using 16 bits per sample (channel mask 0x3)
[2018.05.05-11.03.25:488][ 38]LogInit: FAudioDevice initialized.
[2018.05.05-11.03.26:075][ 38]LogWorld: Game class is 'TopDownGameMode_C'
[2018.05.05-11.03.26:361][ 38]LogWorld:Warning: *** WARNING - PATHS MAY NOT BE VALID ***
[2018.05.05-11.03.26:361][ 38]LogWorld: Bringing World /Game/TopDownBP/Maps/UEDPIE_0_TopDownExampleMap.TopDownExampleMap up for play (max tick rate 60) at 2018.05.05-19.03.26
[2018.05.05-11.03.26:361][ 38]LogActor:Warning: GameSession /Game/TopDownBP/Maps/UEDPIE_0_TopDownExampleMap.TopDownExampleMap:PersistentLevel.GameSession_0 has natively added scene component(s), but none of them were set as the actor's RootComponent -