Log file open, 05/26/18 12:45:17
LogInit:Display: Running engine for game: TopDownProject
LogPlatformFile: Not using cached read wrapper
LogInit:Display: RandInit(1182187920) SRandInit(1182187922).
LogTaskGraph: Started task graph with 4 named threads and 5 total threads.
LogStats: Stats thread started at 0.060320
LogInit: Version: 4.11.2-2946394+++UE4+Release-4.11
LogInit: API Version: 2927265
LogInit: Compiled (64-bit): Apr 18 2016 02:18:46
LogInit: Compiled with Visual C++: 19.00.23026.00
LogInit: Build Configuration: Development
LogInit: Branch Name: ++UE4+Release-4.11
LogInit: Command line:  
LogInit: Base directory: D:/UE_4.11/Engine/Binaries/Win64/
LogInit: Installed Engine Build: 1
LogInit: Using libcurl 7.41.0
LogInit:  - built for x86_64-pc-win32
LogInit:  - supports SSL with WinSSL
LogInit:  - other features:
LogInit:      CURL_VERSION_SSL
LogInit:      CURL_VERSION_IPV6
LogInit:      CURL_VERSION_ASYNCHDNS
LogInit:      CURL_VERSION_LARGEFILE
LogInit:      CURL_VERSION_IDN
LogInit:  CurlRequestOptions (configurable via config and command line):
LogInit:  - bVerifyPeer = true  - Libcurl will verify peer certificate
LogInit:  - bUseHttpProxy = false  - Libcurl will NOT use HTTP proxy
LogInit:  - bDontReuseConnections = false  - Libcurl will reuse connections
LogInit:  - CertBundlePath = nullptr  - Libcurl will use whatever was configured at build time.
LogInit: Presizing for max 16777216 objects, including 0 objects not considered by GC, pre-allocating 0 bytes for permanent pool.
LogInit: Object subsystem initialized
[2018.05.26-04.45.18:035][  0]LogInit: Selected Device Profile: [Windows]
[2018.05.26-04.45.18:035][  0]LogInit: Applying CVar settings loaded from the selected device profile: [Windows]
[2018.05.26-04.45.18:044][  0]LogInit: Computer: 1-ПК
[2018.05.26-04.45.18:044][  0]LogInit: User: 1
[2018.05.26-04.45.18:044][  0]LogInit: CPU Page size=65536, Cores=2
[2018.05.26-04.45.18:044][  0]LogInit: High frequency timer resolution =2.338496 MHz
[2018.05.26-04.45.18:044][  0]LogMemory: Memory total: Physical=3.9GB (4GB approx)
[2018.05.26-04.45.18:044][  0]LogMemory: Platform Memory Stats for Windows
[2018.05.26-04.45.18:044][  0]LogMemory: Process Physical Memory: 314.13 MB used, 314.13 MB peak
[2018.05.26-04.45.18:044][  0]LogMemory: Process Virtual Memory: 314.57 MB used, 314.57 MB peak
[2018.05.26-04.45.18:044][  0]LogMemory: Physical Memory: 2660.64 MB used, 4010.14 MB total
[2018.05.26-04.45.18:044][  0]LogMemory: Virtual Memory: 621.31 MB used, 8388608.00 MB total
[2018.05.26-04.45.18:574][  0]LogTextLocalizationManager: No translations for ('ru-RU') exist, falling back to 'en' for localization and internationalization data.
[2018.05.26-04.45.19:269][  0]LogD3D11RHI: D3D11 adapters:
[2018.05.26-04.45.19:275][  0]LogD3D11RHI:    0. 'Intel(R) HD Graphics 3000' (Feature Level 10_0)
[2018.05.26-04.45.19:275][  0]LogD3D11RHI:       64MB of dedicated video memory, 0MB of dedicated system memory, and 1632MB of shared system memory, 1 output[s]
[2018.05.26-04.45.19:354][  0]LogD3D11RHI:    1. 'NVIDIA GeForce 410M' (Feature Level 11_0)
[2018.05.26-04.45.19:354][  0]LogD3D11RHI:       979MB of dedicated video memory, 0MB of dedicated system memory, and 1749MB of shared system memory, 0 output[s]
[2018.05.26-04.45.19:354][  0]LogD3D11RHI: Chosen D3D11 Adapter: 0
[2018.05.26-04.45.19:362][  0]LogD3D11RHI: Creating new Direct3DDevice
[2018.05.26-04.45.19:362][  0]LogD3D11RHI:     Adapter Name: Intel(R) HD Graphics 3000
[2018.05.26-04.45.19:362][  0]LogD3D11RHI:   Driver Version: Unknown (internal Unknown)
[2018.05.26-04.45.19:362][  0]LogD3D11RHI:      Driver Date: Unknown
[2018.05.26-04.45.19:362][  0]LogRHI: Texture pool is 616 MB (70% of 880 MB)
[2018.05.26-04.45.19:365][  0]LogD3D11RHI: Async texture creation enabled
[2018.05.26-04.45.19:382][  0]LogShaderCompilers: Guid format shader working directory is -15 characters bigger than the processId version (../../../../sergey/UnrealProjects/Game_1337/TopDownProject/Intermediate/Shaders/WorkingDirectory/856/).
[2018.05.26-04.45.19:382][  0]LogShaderCompilers: Cleaned the shader compiler working directory 'C:/Users/1/AppData/Local/Temp/UnrealShaderWorkingDir/31FC70824142E29B426E52AEA6CC5812/'.
[2018.05.26-04.45.19:382][  0]LogShaderCompilers:Display: Using Local Shader Compiler.
[2018.05.26-04.45.21:487][  0]LogTemp:Display: Loaded TP AllDesktopTargetPlatform
[2018.05.26-04.45.21:491][  0]LogTemp:Display: Loaded TP WindowsClientTargetPlatform
[2018.05.26-04.45.21:496][  0]LogTemp:Display: Loaded TP WindowsNoEditorTargetPlatform
[2018.05.26-04.45.21:501][  0]LogTemp:Display: Loaded TP WindowsServerTargetPlatform
[2018.05.26-04.45.21:507][  0]LogTemp:Display: Loaded TP WindowsTargetPlatform
[2018.05.26-04.45.21:511][  0]LogTemp:Display: Loaded TP AndroidTargetPlatform
[2018.05.26-04.45.21:515][  0]LogTemp:Display: Loaded TP Android_ASTCTargetPlatform
[2018.05.26-04.45.21:520][  0]LogTemp:Display: Loaded TP Android_ATCTargetPlatform
[2018.05.26-04.45.21:524][  0]LogTemp:Display: Loaded TP Android_DXTTargetPlatform
[2018.05.26-04.45.21:528][  0]LogTemp:Display: Loaded TP Android_ETC1TargetPlatform
[2018.05.26-04.45.21:532][  0]LogTemp:Display: Loaded TP Android_ETC2TargetPlatform
[2018.05.26-04.45.21:540][  0]LogTemp:Display: Loaded TP Android_MultiTargetPlatform
[2018.05.26-04.45.21:540][  0]LogTemp:Display: Loaded TP Android_PVRTCTargetPlatform
[2018.05.26-04.45.21:541][  0]LogTemp:Display: Loaded TP HTML5TargetPlatform
[2018.05.26-04.45.21:558][  0]LogTemp:Display: Loaded TP IOSTargetPlatform
[2018.05.26-04.45.21:561][  0]LogTemp:Display: Loaded TP TVOSTargetPlatform
[2018.05.26-04.45.21:565][  0]LogTemp:Display: Loaded TP LinuxNoEditorTargetPlatform
[2018.05.26-04.45.21:569][  0]LogTemp:Display: Loaded TP LinuxServerTargetPlatform
[2018.05.26-04.45.21:573][  0]LogTemp:Display: Loaded TP LinuxTargetPlatform
[2018.05.26-04.45.21:573][  0]LogTargetPlatformManager:Display: Building Assets For Windows
[2018.05.26-04.45.21:641][  0]LogDerivedDataCache:Display: Max Cache Size: 512 MB
[2018.05.26-04.45.21:737][  0]LogDerivedDataCache: Loaded boot cache 0.10s 66MB C:/Users/1/AppData/Local/UnrealEngine/4.11/DerivedDataCache/Boot.ddc.
[2018.05.26-04.45.21:737][  0]LogDerivedDataCache:Display: Loaded Boot cache: C:/Users/1/AppData/Local/UnrealEngine/4.11/DerivedDataCache/Boot.ddc
[2018.05.26-04.45.21:737][  0]LogDerivedDataCache: FDerivedDataBackendGraph:  Pak pak cache file ../../../../sergey/UnrealProjects/Game_1337/TopDownProject/DerivedDataCache/DDC.ddp not found, will not use a pak cache.
[2018.05.26-04.45.21:737][  0]LogDerivedDataCache: Unable to find inner node Pak for hierarchical cache Hierarchy.
[2018.05.26-04.45.21:737][  0]LogDerivedDataCache: FDerivedDataBackendGraph:  CompressedPak pak cache file ../../../../sergey/UnrealProjects/Game_1337/TopDownProject/DerivedDataCache/Compressed.ddp not found, will not use a pak cache.
[2018.05.26-04.45.21:737][  0]LogDerivedDataCache: Unable to find inner node CompressedPak for hierarchical cache Hierarchy.
[2018.05.26-04.45.21:760][  0]LogDerivedDataCache:Display: Pak cache opened for reading ../../../Engine/DerivedDataCache/Compressed.ddp.
[2018.05.26-04.45.21:771][  0]LogDerivedDataCache: Using Local data cache path C:/Users/1/AppData/Local/UnrealEngine/Common/DerivedDataCache: Writable
[2018.05.26-04.45.22:031][  0]LogInit: Selected Device Profile: [Windows]
[2018.05.26-04.45.22:032][  0]LogContentStreaming: Texture pool size is 0.00 MB
[2018.05.26-04.45.22:076][  0]LogMaterial: Uniform references updated for custom material expression Custom.
[2018.05.26-04.45.22:258][  0]LogMeshUtilities: No automatic mesh reduction module available
[2018.05.26-04.45.22:258][  0]LogMeshUtilities: No automatic mesh merging module available
[2018.05.26-04.45.22:258][  0]LogMeshUtilities: No distributed automatic mesh merging module available
[2018.05.26-04.45.22:663][  0]LogUObjectArray: 27679 objects as part of root set at end of initial load.
[2018.05.26-04.45.22:663][  0]LogUObjectAllocator: 5591592 out of 0 bytes used by permanent object pool.
[2018.05.26-04.45.22:663][  0]LogUObjectArray: CloseDisregardForGC: 0/0 objects in disregard for GC pool
[2018.05.26-04.45.22:668][  0]LogInit: WinSock: version 1.1 (2.2), MaxSocks=32767, MaxUdp=65467
[2018.05.26-04.45.22:760][  0]LogSlate: SlateFontCache - WITH_FREETYPE: 1, WITH_HARFBUZZ: 1
[2018.05.26-04.45.22:761][  0]LogSlate: SlateFontCache - WITH_FREETYPE: 1, WITH_HARFBUZZ: 1
[2018.05.26-04.45.22:910][  0]LogStreaming:Warning: Failed to read file '../../../Engine/Content/Editor/Slate/Common/Selection_16x.png' error.
[2018.05.26-04.45.22:910][  0]LogSlate: Could not find file for Slate resource: ../../../Engine/Content/Editor/Slate/Common/Selection_16x.png
[2018.05.26-04.45.22:910][  0]LogStreaming:Warning: Failed to read file '../../../Engine/Content/Editor/Slate/Common/Selection_16x.png' error.
[2018.05.26-04.45.22:910][  0]LogSlate: Could not find file for Slate resource: ../../../Engine/Content/Editor/Slate/Common/Selection_16x.png
[2018.05.26-04.45.22:910][  0]LogStreaming:Warning: Failed to read file '../../../Engine/Content/Editor/Slate/Common/Selection_16x.png' error.
[2018.05.26-04.45.22:910][  0]LogSlate: Could not find file for Slate resource: ../../../Engine/Content/Editor/Slate/Common/Selection_16x.png
[2018.05.26-04.45.23:694][  0]LogUdpMessaging: Initializing bridge on interface 0.0.0.0:0 to multicast group 230.0.0.1:6666.
[2018.05.26-04.45.23:805][  0]LogAssetRegistry: FAssetRegistry took 0.0203 seconds to start up
[2018.05.26-04.45.24:022][  0]SourceControl: Info Source control is disabled
[2018.05.26-04.45.24:023][  0]SourceControl: Info Source control is disabled
[2018.05.26-04.45.24:033][  0]SourceControl: Info Source control is disabled
[2018.05.26-04.45.24:045][  0]SourceControl: Info Source control is disabled
[2018.05.26-04.45.24:158][  0]LogHMD: Failed to initialize OpenVR with code 110
[2018.05.26-04.45.24:249][  0]LogEngine: Initializing Engine...
[2018.05.26-04.45.24:480][  0]LogAIModule: Creating AISystem for world NewWorld
[2018.05.26-04.45.24:486][  0]LogInit: XAudio2 using 'Динамики (Устройство с поддержкой High Definition Audio)' : 2 channels at 44.1 kHz using 16 bits per sample (channel mask 0x3)
[2018.05.26-04.45.24:522][  0]LogInit: FAudioDevice initialized.
[2018.05.26-04.45.24:581][  0]LogDerivedDataCache: Saved boot cache 0.06s 66MB C:/Users/1/AppData/Local/UnrealEngine/4.11/DerivedDataCache/Boot.ddc.
[2018.05.26-04.45.24:591][  0]LogInit: Texture streaming: Enabled
[2018.05.26-04.45.24:614][  0]LogInit: Transaction tracking system initialized
[2018.05.26-04.45.24:632][  0]BlueprintLog: New page: Editor Load
[2018.05.26-04.45.24:713][  0]LocalizationService: Info Localization service is disabled
[2018.05.26-04.45.24:822][  0]LogConsoleResponse:Display: 
[2018.05.26-04.45.24:965][  0]LogCook:Display: Max memory allowance for cook 8192mb
[2018.05.26-04.45.24:965][  0]LogCook:Display: Mobile HDR setting 1
[2018.05.26-04.45.24:965][  0]LogCook:Display: Done creating registry. It took  0.00s.
[2018.05.26-04.45.25:029][  0]LogFileCache: Scanning file cache for directory 'D:/sergey/UnrealProjects/Game_1337/TopDownProject/Content/' took 0.03s
[2018.05.26-04.45.25:029][  0]SourceControl: Info Source control is disabled
[2018.05.26-04.45.25:029][  0]Cmd: MAP LOAD FILE="../../../../sergey/UnrealProjects/Game_1337/TopDownProject/Content/TopDownBP/Maps/LowPolyMap.umap" TEMPLATE=0 SHOWPROGRESS=1 FEATURELEVEL=2
[2018.05.26-04.45.25:030][  0]LightingResults: New page: Lighting Build
[2018.05.26-04.45.25:040][  0]MapCheck: New page: Map Check
[2018.05.26-04.45.25:040][  0]LightingResults: New page: Lighting Build
[2018.05.26-04.45.25:496][  0]LogMaterial: Uniform references updated for custom material expression TemporalAA SampleID.
[2018.05.26-04.45.25:496][  0]LogMaterial: Uniform references updated for custom material expression Custom.
[2018.05.26-04.45.25:707][  0]LogAIModule: Creating AISystem for world LowPolyMap
[2018.05.26-04.45.25:717][  0]LogEditorServer: Finished looking for orphan Actors (0.000 secs)
[2018.05.26-04.45.25:718][  0]Cmd: MAP CHECKDEP NOCLEARLOG
[2018.05.26-04.45.25:762][  0]MapCheck: Info Map check complete: 0 Error(s), 0 Warning(s), took 43.097ms to complete.
[2018.05.26-04.45.25:762][  0]LogFileHelpers: Loading map 'LowPolyMap' took 0.733
[2018.05.26-04.45.25:886][  0]LogCollectionManager: Loaded 0 collections in 0.001345 seconds
[2018.05.26-04.45.25:924][  0]LogFileCache: Scanning file cache for directory 'D:/sergey/UnrealProjects/Game_1337/TopDownProject/Saved/Collections/' took 0.01s
[2018.05.26-04.45.25:924][  0]LogFileCache: Scanning file cache for directory 'D:/sergey/UnrealProjects/Game_1337/TopDownProject/Content/Developers/1/Collections/' took 0.01s
[2018.05.26-04.45.25:924][  0]LogFileCache: Scanning file cache for directory 'D:/sergey/UnrealProjects/Game_1337/TopDownProject/Content/Collections/' took 0.01s
[2018.05.26-04.45.25:924][  0]LogCollectionManager: Rebuilt the GUID cache for 0 collections in 0.000003 seconds
[2018.05.26-04.45.25:934][  0]LogContentBrowser: Native class hierarchy populated in 0.0099 seconds. Added 1979 classes and 343 folders.
[2018.05.26-04.45.25:939][  0]LogStats: UGameplayTagsManager::ConstructGameplayTagTree: Construct from data asset -  0.000 s
[2018.05.26-04.45.25:939][  0]LogStats: UGameplayTagsManager::ConstructGameplayTagTree: GameplayTagTreeChangedEvent.Broadcast -  0.000 s
[2018.05.26-04.45.25:940][  0]LogContentBrowser: Native class hierarchy updated for 'GameplayTags' in 0.0005 seconds. Added 12 classes and 0 folders.
[2018.05.26-04.45.25:943][  0]LogContentBrowser: Native class hierarchy updated for 'WidgetCarousel' in 0.0004 seconds. Added 0 classes and 0 folders.
[2018.05.26-04.45.25:949][  0]LogContentBrowser: Native class hierarchy updated for 'SuperSearch' in 0.0004 seconds. Added 1 classes and 2 folders.
[2018.05.26-04.45.25:995][  0]LogContentBrowser: Native class hierarchy updated for 'AddContentDialog' in 0.0005 seconds. Added 0 classes and 0 folders.
[2018.05.26-04.45.25:999][  0]LogContentBrowser: Native class hierarchy updated for 'SceneOutliner' in 0.0004 seconds. Added 1 classes and 2 folders.
[2018.05.26-04.45.26:028][  0]LogCrashTracker: Crashtracker disabled due to settings.
[2018.05.26-04.45.26:032][  0]LogUObjectGlobals:Warning: Failed to find object 'Class None.'
[2018.05.26-04.45.26:059][  0]LogContentBrowser: Native class hierarchy updated for 'HierarchicalLODOutliner' in 0.0008 seconds. Added 1 classes and 2 folders.
[2018.05.26-04.45.26:059][  0]LogLoad: Full Startup: 9.37 seconds (BP compile: 0.11 seconds)
[2018.05.26-04.45.26:059][  0]LogExternalProfiler:Warning: No registered external profiler was matched with a command-line switch (or the DLL could not be loaded).  External profiling features will not be available.
[2018.05.26-04.45.26:080][  0]LogOcInput: OculusInput pre-init called
[2018.05.26-04.45.26:139][  0]LogContentStreaming: Texture pool size now 200 MB
[2018.05.26-04.45.26:328][  0]LogRenderer: Reallocating scene render targets to support 640x392 (Frame:2).
[2018.05.26-04.45.27:559][  3]LogAssetRegistry: Asset discovery search completed in 3.7746 seconds
[2018.05.26-04.45.27:559][  3]LogCollectionManager: Rebuilt the object cache for 0 collections in 0.000001 seconds (found 0 objects)
[2018.05.26-04.45.27:559][  3]LogCollectionManager: Fixed up redirectors for 0 collections in 0.000030 seconds (updated 0 objects)
[2018.05.26-04.52.55:078][935]LogRenderer: Reallocating scene render targets to support 716x392 (Frame:15859).
[2018.05.26-04.52.55:919][956]LogPlayLevel: PlayLevel: No blueprints needed recompiling
[2018.05.26-04.52.55:919][956]PIE: New page: PIE session: LowPolyMap (May 26, 2018, 8:52:55 PM)
[2018.05.26-04.52.55:919][956]LogPlayLevel: Creating play world package: /Game/TopDownBP/Maps/UEDPIE_0_LowPolyMap
[2018.05.26-04.52.55:932][956]LogPlayLevel: PIE: StaticDuplicateObject took: (0.012810s)
[2018.05.26-04.52.55:933][956]LogAIModule: Creating AISystem for world LowPolyMap
[2018.05.26-04.52.55:934][956]LogPlayLevel: PIE: World Init took: (0.001208s)
[2018.05.26-04.52.55:934][956]LogPlayLevel: PIE: Created PIE world by copying editor world from /Game/TopDownBP/Maps/LowPolyMap.LowPolyMap to /Game/TopDownBP/Maps/UEDPIE_0_LowPolyMap.LowPolyMap (0.014597s)
[2018.05.26-04.52.55:975][956]LogInit: XAudio2 using 'Динамики (Устройство с поддержкой High Definition Audio)' : 2 channels at 44.1 kHz using 16 bits per sample (channel mask 0x3)
[2018.05.26-04.52.55:985][956]LogInit: FAudioDevice initialized.
[2018.05.26-04.52.56:055][956]LogLinker:Warning: Asset '../../../../sergey/UnrealProjects/Game_1337/TopDownProject/Content/Mannequin/Animations/ThirdPerson_AnimBP.uasset' has been saved with empty engine version. The asset will be loaded but may be incompatible.
[2018.05.26-04.52.56:057][956]LogLinker:Warning: Asset '../../../../sergey/UnrealProjects/Game_1337/TopDownProject/Content/Mannequin/Animations/ThirdPerson_Jump.uasset' has been saved with empty engine version. The asset will be loaded but may be incompatible.
[2018.05.26-04.52.56:060][956]LogLinker:Warning: Asset '../../../../sergey/UnrealProjects/Game_1337/TopDownProject/Content/Mannequin/Animations/ThirdPersonJump_Loop.uasset' has been saved with empty engine version. The asset will be loaded but may be incompatible.
[2018.05.26-04.52.56:061][956]LogLinker:Warning: Asset '../../../../sergey/UnrealProjects/Game_1337/TopDownProject/Content/Mannequin/Animations/ThirdPersonJump_Start.uasset' has been saved with empty engine version. The asset will be loaded but may be incompatible.
[2018.05.26-04.52.56:063][956]LogLinker:Warning: Asset '../../../../sergey/UnrealProjects/Game_1337/TopDownProject/Content/Mannequin/Animations/ThirdPersonIdle.uasset' has been saved with empty engine version. The asset will be loaded but may be incompatible.
[2018.05.26-04.52.56:064][956]LogLinker:Warning: Asset '../../../../sergey/UnrealProjects/Game_1337/TopDownProject/Content/Mannequin/Animations/ThirdPersonRun.uasset' has been saved with empty engine version. The asset will be loaded but may be incompatible.
[2018.05.26-04.52.56:065][956]LogLinker:Warning: Asset '../../../../sergey/UnrealProjects/Game_1337/TopDownProject/Content/Mannequin/Animations/ThirdPersonWalk.uasset' has been saved with empty engine version. The asset will be loaded but may be incompatible.
[2018.05.26-04.52.58:061][956]LogWorld: Game class is 'TopDownGameMode_C'
[2018.05.26-04.52.58:065][956]LogWorld: Bringing World /Game/TopDownBP/Maps/UEDPIE_0_LowPolyMap.LowPolyMap up for play (max tick rate 60) at 2018.05.26-12.52.58
[2018.05.26-04.52.58:066][956]LogWorld: Bringing up level for play took: 0.003519
[2018.05.26-04.52.58:070][956]LogContentBrowser: Native class hierarchy updated for 'MovieSceneCapture' in 0.0005 seconds. Added 9 classes and 0 folders.
[2018.05.26-04.52.58:084][956]PIE: Info Play in editor start time for /Game/TopDownBP/Maps/UEDPIE_0_LowPolyMap 1.424
[2018.05.26-04.52.58:306][957]LogRenderer: Reallocating scene render targets to support 800x600 (Frame:15879).
[2018.05.26-04.53.56:240][600]LogContentStreaming: Texture pool size now 1000 MB
[2018.05.26-04.53.56:252][601]LogRenderer: Reallocating scene render targets to support 800x600 (Frame:17202).
[2018.05.26-04.54.01:485][675]LogPlayLevel: PlayLevel: No blueprints needed recompiling
[2018.05.26-04.54.01:485][675]PIE: New page: PIE session: LowPolyMap (May 26, 2018, 8:54:01 PM)
[2018.05.26-04.54.01:485][675]LogPlayLevel: Creating play world package: /Game/TopDownBP/Maps/UEDPIE_0_LowPolyMap
[2018.05.26-04.54.01:491][675]LogPlayLevel: PIE: StaticDuplicateObject took: (0.005649s)
[2018.05.26-04.54.01:491][675]LogAIModule: Creating AISystem for world LowPolyMap
[2018.05.26-04.54.01:492][675]LogPlayLevel: PIE: World Init took: (0.000984s)
[2018.05.26-04.54.01:492][675]LogPlayLevel: PIE: Created PIE world by copying editor world from /Game/TopDownBP/Maps/LowPolyMap.LowPolyMap to /Game/TopDownBP/Maps/UEDPIE_0_LowPolyMap.LowPolyMap (0.006892s)
[2018.05.26-04.54.01:530][675]LogInit: XAudio2 using 'Динамики (Устройство с поддержкой High Definition Audio)' : 2 channels at 44.1 kHz using 16 bits per sample (channel mask 0x3)
[2018.05.26-04.54.01:539][675]LogInit: FAudioDevice initialized.
[2018.05.26-04.54.01:632][675]LogWorld: Game class is 'TopDownGameMode_C'
[2018.05.26-04.54.01:636][675]LogWorld: Bringing World /Game/TopDownBP/Maps/UEDPIE_0_LowPolyMap.LowPolyMap up for play (max tick rate 60) at 2018.05.26-12.54.01
[2018.05.26-04.54.01:637][675]LogWorld: Bringing up level for play took: 0.004084
[2018.05.26-04.54.01:655][675]PIE: Info Play in editor start time for /Game/TopDownBP/Maps/UEDPIE_0_LowPolyMap 0.995
[2018.05.26-04.54.56:922][965]LogRenderer: Reallocating scene render targets to support 800x600 (Frame:17430).
[2018.05.26-04.54.57:043][966]LogContentStreaming: Texture pool size now 200 MB
[2018.05.26-04.54.58:284][ 31]LogPlayLevel: PlayLevel: No blueprints needed recompiling
[2018.05.26-04.54.58:285][ 31]PIE: New page: PIE session: LowPolyMap (May 26, 2018, 8:54:58 PM)
[2018.05.26-04.54.58:285][ 31]LogPlayLevel: Creating play world package: /Game/TopDownBP/Maps/UEDPIE_0_LowPolyMap
[2018.05.26-04.54.58:291][ 31]LogPlayLevel: PIE: StaticDuplicateObject took: (0.005950s)
[2018.05.26-04.54.58:292][ 31]LogAIModule: Creating AISystem for world LowPolyMap
[2018.05.26-04.54.58:292][ 31]LogPlayLevel: PIE: World Init took: (0.001248s)
[2018.05.26-04.54.58:292][ 31]LogPlayLevel: PIE: Created PIE world by copying editor world from /Game/TopDownBP/Maps/LowPolyMap.LowPolyMap to /Game/TopDownBP/Maps/UEDPIE_0_LowPolyMap.LowPolyMap (0.007461s)
[2018.05.26-04.54.58:327][ 31]LogInit: XAudio2 using 'Динамики (Устройство с поддержкой High Definition Audio)' : 2 channels at 44.1 kHz using 16 bits per sample (channel mask 0x3)
[2018.05.26-04.54.58:336][ 31]LogInit: FAudioDevice initialized.
[2018.05.26-04.54.58:375][ 31]LogWorld: Game class is 'TopDownGameMode_C'
[2018.05.26-04.54.58:379][ 31]LogWorld: Bringing World /Game/TopDownBP/Maps/UEDPIE_0_LowPolyMap.LowPolyMap up for play (max tick rate 60) at 2018.05.26-12.54.58
[2018.05.26-04.54.58:380][ 31]LogWorld: Bringing up level for play took: 0.003413
[2018.05.26-04.54.58:399][ 31]PIE: Info Play in editor start time for /Game/TopDownBP/Maps/UEDPIE_0_LowPolyMap -0.264
[2018.05.26-04.55.13:969][544]LogPlayLevel: PlayLevel: No blueprints needed recompiling
[2018.05.26-04.55.13:970][544]PIE: New page: PIE session: LowPolyMap (May 26, 2018, 8:55:13 PM)
[2018.05.26-04.55.13:970][544]LogPlayLevel: Creating play world package: /Game/TopDownBP/Maps/UEDPIE_0_LowPolyMap
[2018.05.26-04.55.13:975][544]LogPlayLevel: PIE: StaticDuplicateObject took: (0.005448s)
[2018.05.26-04.55.13:977][544]LogAIModule: Creating AISystem for world LowPolyMap
[2018.05.26-04.55.13:977][544]LogPlayLevel: PIE: World Init took: (0.001483s)
[2018.05.26-04.55.13:977][544]LogPlayLevel: PIE: Created PIE world by copying editor world from /Game/TopDownBP/Maps/LowPolyMap.LowPolyMap to /Game/TopDownBP/Maps/UEDPIE_0_LowPolyMap.LowPolyMap (0.007175s)
[2018.05.26-04.55.14:009][544]LogInit: XAudio2 using 'Динамики (Устройство с поддержкой High Definition Audio)' : 2 channels at 44.1 kHz using 16 bits per sample (channel mask 0x3)
[2018.05.26-04.55.14:017][544]LogInit: FAudioDevice initialized.
[2018.05.26-04.55.14:055][544]LogWorld: Game class is 'TopDownGameMode_C'
[2018.05.26-04.55.14:059][544]LogWorld: Bringing World /Game/TopDownBP/Maps/UEDPIE_0_LowPolyMap.LowPolyMap up for play (max tick rate 60) at 2018.05.26-12.55.14
[2018.05.26-04.55.14:059][544]LogWorld: Bringing up level for play took: 0.003618
[2018.05.26-04.55.14:073][544]PIE: Info Play in editor start time for /Game/TopDownBP/Maps/UEDPIE_0_LowPolyMap -0.589
[2018.05.26-04.55.32:305][313]LogEditorViewport: Clicking on Actor (LMB): StaticMeshActor (Terrain_2)
[2018.05.26-04.55.35:146][440]Cmd: CLOSE_SLATE_MAINFRAME
[2018.05.26-04.55.35:626][441]Cmd: QUIT_EDITOR
[2018.05.26-04.55.35:754][441]LogExit: Preparing to exit.
[2018.05.26-04.55.36:826][441]LogExit: Editor shut down
[2018.05.26-04.55.36:827][441]LogExit: Transaction tracking system shut down
[2018.05.26-04.55.36:983][441]LogObj: Freed 0b from 0 cluster array pools.
[2018.05.26-04.55.36:983][441]LogExit: Object subsystem successfully closed.
[2018.05.26-04.55.36:996][441]LogD3D11RHI: Shutdown
[2018.05.26-04.55.36:996][441]LogD3D11RHI: CleanupD3DDevice
[2018.05.26-04.55.37:085][441]LogD3D11RHI: ~FD3D11DynamicRHI
[2018.05.26-04.55.37:108][441]LogDerivedDataCache: Shutdown
[2018.05.26-04.55.37:109][441]LogModuleManager: Shutting down and abandoning module MovieSceneCapture (205)
[2018.05.26-04.55.37:109][441]LogModuleManager: Shutting down and abandoning module HierarchicalLODOutliner (204)
[2018.05.26-04.55.37:109][441]LogModuleManager: Shutting down and abandoning module CrashTracker (203)
[2018.05.26-04.55.37:109][441]LogModuleManager: Shutting down and abandoning module SceneOutliner (202)
[2018.05.26-04.55.37:109][441]LogModuleManager: Shutting down and abandoning module SuperSearch (201)
[2018.05.26-04.55.37:109][441]LogModuleManager: Shutting down and abandoning module WidgetCarousel (200)
[2018.05.26-04.55.37:109][441]LogModuleManager: Shutting down and abandoning module AddContentDialog (199)
[2018.05.26-04.55.37:110][441]LogModuleManager: Shutting down and abandoning module GameplayTags (198)
[2018.05.26-04.55.37:110][441]LogModuleManager: Shutting down and abandoning module EditorWidgets (197)
[2018.05.26-04.55.37:110][441]LogModuleManager: Shutting down and abandoning module CollectionManager (196)
[2018.05.26-04.55.37:110][441]LogModuleManager: Shutting down and abandoning module StatsViewer (195)
[2018.05.26-04.55.37:110][441]LogModuleManager: Shutting down and abandoning module FoliageEdit (194)
[2018.05.26-04.55.37:110][441]LogModuleManager: Shutting down and abandoning module LandscapeEditor (193)
[2018.05.26-04.55.37:111][441]LogModuleManager: Shutting down and abandoning module ActorPickerMode (192)
[2018.05.26-04.55.37:111][441]LogModuleManager: Shutting down and abandoning module GeometryMode (191)
[2018.05.26-04.55.37:111][441]LogModuleManager: Shutting down and abandoning module TextureAlignMode (190)
[2018.05.26-04.55.37:111][441]LogModuleManager: Shutting down and abandoning module BspMode (189)
[2018.05.26-04.55.37:111][441]LogModuleManager: Shutting down and abandoning module PlacementMode (188)
[2018.05.26-04.55.37:111][441]LogModuleManager: Shutting down and abandoning module AutomationWorker (187)
[2018.05.26-04.55.37:111][441]LogModuleManager: Shutting down and abandoning module CharacterAI (186)
[2018.05.26-04.55.37:111][441]LogModuleManager: Shutting down and abandoning module SmartSnapping (185)
[2018.05.26-04.55.37:111][441]LogModuleManager: Shutting down and abandoning module ViewportSnapping (184)
[2018.05.26-04.55.37:111][441]LogModuleManager: Shutting down and abandoning module LogVisualizer (183)
[2018.05.26-04.55.37:111][441]LogModuleManager: Shutting down and abandoning module GameProjectGeneration (182)
[2018.05.26-04.55.37:111][441]LogModuleManager: Shutting down and abandoning module IntroTutorials (181)
[2018.05.26-04.55.37:111][441]LogModuleManager: Shutting down and abandoning module EditorLiveStreaming (180)
[2018.05.26-04.55.37:111][441]LogModuleManager: Shutting down and abandoning module IOSPlatformEditor (179)
[2018.05.26-04.55.37:111][441]LogModuleManager: Shutting down and abandoning module HTML5PlatformEditor (178)
[2018.05.26-04.55.37:111][441]LogModuleManager: Shutting down and abandoning module AndroidDeviceDetection (177)
[2018.05.26-04.55.38:008][441]LogModuleManager: Shutting down and abandoning module AndroidPlatformEditor (176)
[2018.05.26-04.55.38:008][441]LogModuleManager: Shutting down and abandoning module IOSRuntimeSettings (175)
[2018.05.26-04.55.38:008][441]LogModuleManager: Shutting down and abandoning module AndroidRuntimeSettings (174)
[2018.05.26-04.55.38:008][441]LogModuleManager: Shutting down and abandoning module MergeActors (173)
[2018.05.26-04.55.38:008][441]LogModuleManager: Shutting down and abandoning module SizeMap (172)
[2018.05.26-04.55.38:008][441]LogModuleManager: Shutting down and abandoning module TreeMap (171)
[2018.05.26-04.55.38:008][441]LogModuleManager: Shutting down and abandoning module ReferenceViewer (170)
[2018.05.26-04.55.38:008][441]LogModuleManager: Shutting down and abandoning module LocalizationService (169)
[2018.05.26-04.55.38:008][441]LogModuleManager: Shutting down and abandoning module LocalizationDashboard (168)
[2018.05.26-04.55.38:008][441]LogModuleManager: Shutting down and abandoning module HardwareTargeting (167)
[2018.05.26-04.55.38:009][441]LogModuleManager: Shutting down and abandoning module DeviceProfileEditor (166)
[2018.05.26-04.55.38:009][441]LogModuleManager: Shutting down and abandoning module UndoHistory (165)
[2018.05.26-04.55.38:009][441]LogModuleManager: Shutting down and abandoning module UserFeedback (164)
[2018.05.26-04.55.38:009][441]LogModuleManager: Shutting down and abandoning module XmlParser (163)
[2018.05.26-04.55.38:009][441]LogModuleManager: Shutting down and abandoning module Blutility (162)
[2018.05.26-04.55.38:009][441]LogModuleManager: Shutting down and abandoning module ProjectTargetPlatformEditor (161)
[2018.05.26-04.55.38:009][441]LogModuleManager: Shutting down and abandoning module ProjectSettingsViewer (160)
[2018.05.26-04.55.38:009][441]LogModuleManager: Shutting down and abandoning module InputBindingEditor (159)
[2018.05.26-04.55.38:009][441]LogModuleManager: Shutting down and abandoning module EditorSettingsViewer (158)
[2018.05.26-04.55.38:009][441]LogModuleManager: Shutting down and abandoning module SettingsEditor (157)
[2018.05.26-04.55.38:009][441]LogModuleManager: Shutting down and abandoning module ProjectLauncher (156)
[2018.05.26-04.55.38:009][441]LogModuleManager: Shutting down and abandoning module SessionFrontend (155)
[2018.05.26-04.55.38:009][441]LogModuleManager: Shutting down and abandoning module ProfilerClient (154)
[2018.05.26-04.55.38:009][441]LogModuleManager: Shutting down and abandoning module TargetDeviceServices (153)
[2018.05.26-04.55.38:009][441]LogModuleManager: Shutting down and abandoning module DeviceManager (152)
[2018.05.26-04.55.38:039][441]LogModuleManager: Shutting down and abandoning module AutomationController (151)
[2018.05.26-04.55.38:039][441]LogModuleManager: Shutting down and abandoning module AutomationWindow (150)
[2018.05.26-04.55.38:039][441]LogModuleManager: Shutting down and abandoning module Layers (149)
[2018.05.26-04.55.38:039][441]LogModuleManager: Shutting down and abandoning module ComponentVisualizers (148)
[2018.05.26-04.55.38:039][441]LogModuleManager: Shutting down and abandoning module DetailCustomizations (147)
[2018.05.26-04.55.38:039][441]LogModuleManager: Shutting down and abandoning module PackagesDialog (146)
[2018.05.26-04.55.38:039][441]LogModuleManager: Shutting down and abandoning module Persona (145)
[2018.05.26-04.55.38:039][441]LogModuleManager: Shutting down and abandoning module Kismet (144)
[2018.05.26-04.55.38:039][441]LogModuleManager: Shutting down and abandoning module GraphEditor (143)
[2018.05.26-04.55.38:039][441]LogModuleManager: Shutting down and abandoning module ClassViewer (142)
[2018.05.26-04.55.38:039][441]LogModuleManager: Shutting down and abandoning module Toolbox (141)
[2018.05.26-04.55.38:039][441]LogModuleManager: Shutting down and abandoning module ModuleUI (140)
[2018.05.26-04.55.38:039][441]LogModuleManager: Shutting down and abandoning module MovieSceneTools (139)
[2018.05.26-04.55.38:039][441]LogModuleManager: Shutting down and abandoning module OutputLog (138)
[2018.05.26-04.55.38:039][441]LogModuleManager: Shutting down and abandoning module GammaUI (137)
[2018.05.26-04.55.38:039][441]LogModuleManager: Shutting down and abandoning module Documentation (136)
[2018.05.26-04.55.38:039][441]LogModuleManager: Shutting down and abandoning module StreamingPauseRendering (135)
[2018.05.26-04.55.38:039][441]LogModuleManager: Shutting down and abandoning module AnalyticsET (134)
[2018.05.26-04.55.38:039][441]LogModuleManager: Shutting down and abandoning module Analytics (133)
[2018.05.26-04.55.38:039][441]LogModuleManager: Shutting down and abandoning module PortalServices (132)
[2018.05.26-04.55.38:039][441]LogModuleManager: Shutting down and abandoning module PortalRpc (131)
[2018.05.26-04.55.38:039][441]LogModuleManager: Shutting down and abandoning module MessagingRpc (130)
[2018.05.26-04.55.38:039][441]LogModuleManager: Shutting down and abandoning module AITestSuite (129)
[2018.05.26-04.55.38:039][441]LogModuleManager: Shutting down and abandoning module GameplayDebugger (128)
[2018.05.26-04.55.38:039][441]LogModuleManager: Shutting down and abandoning module AIModule (127)
[2018.05.26-04.55.38:039][441]LogModuleManager: Shutting down and abandoning module ProfilerService (126)
[2018.05.26-04.55.38:114][441]LogModuleManager: Shutting down and abandoning module TaskGraph (125)
[2018.05.26-04.55.38:114][441]LogModuleManager: Shutting down and abandoning module SlateRemote (124)
[2018.05.26-04.55.38:114][441]LogModuleManager: Shutting down and abandoning module SteamVRController (123)
[2018.05.26-04.55.38:114][441]LogModuleManager: Shutting down and abandoning module SteamVR (122)
[2018.05.26-04.55.38:114][441]LogModuleManager: Shutting down and abandoning module ProceduralMeshComponent (121)
[2018.05.26-04.55.38:114][441]LogModuleManager: Shutting down and abandoning module OculusLibrary (120)
[2018.05.26-04.55.38:114][441]LogModuleManager: Shutting down and abandoning module OculusInput (119)
[2018.05.26-04.55.38:114][441]LogModuleManager: Shutting down and abandoning module CustomMeshComponent (118)
[2018.05.26-04.55.38:114][441]LogModuleManager: Shutting down and abandoning module CableComponent (117)
[2018.05.26-04.55.38:114][441]LogModuleManager: Shutting down and abandoning module ArchVisCharacter (116)
[2018.05.26-04.55.38:114][441]LogModuleManager: Shutting down and abandoning module MediaPlayerEditor (115)
[2018.05.26-04.55.38:114][441]LogModuleManager: Shutting down and abandoning module HTML5Networking (114)
[2018.05.26-04.55.38:114][441]LogModuleManager: Shutting down and abandoning module SpeedTreeImporter (113)
[2018.05.26-04.55.38:114][441]LogModuleManager: Shutting down and abandoning module PluginBrowser (112)
[2018.05.26-04.55.38:115][441]LogModuleManager: Shutting down and abandoning module EpicSurvey (111)
[2018.05.26-04.55.38:115][441]LogModuleManager: Shutting down and abandoning module DesktopPlatform (110)
[2018.05.26-04.55.38:115][441]LogModuleManager: Shutting down and abandoning module VisualStudioSourceCodeAccess (109)
[2018.05.26-04.55.38:115][441]LogModuleManager: Shutting down and abandoning module UObjectPlugin (108)
[2018.05.26-04.55.38:115][441]LogModuleManager: Shutting down and abandoning module SubversionSourceControl (107)
[2018.05.26-04.55.38:115][441]LogModuleManager: Shutting down and abandoning module PerforceSourceControl (106)
[2018.05.26-04.55.38:115][441]LogModuleManager: Shutting down and abandoning module SourceControl (105)
[2018.05.26-04.55.38:115][441]LogModuleManager: Shutting down and abandoning module GitSourceControl (104)
[2018.05.26-04.55.38:115][441]LogModuleManager: Shutting down and abandoning module LightPropagationVolumeEditor (103)
[2018.05.26-04.55.38:115][441]LogModuleManager: Shutting down and abandoning module PaperTiledImporter (102)
[2018.05.26-04.55.38:115][441]LogModuleManager: Shutting down and abandoning module PaperSpriteSheetImporter (101)
[2018.05.26-04.55.38:115][441]LogModuleManager: Shutting down and abandoning module MeshPaint (100)
[2018.05.26-04.55.38:115][441]LogModuleManager: Shutting down and abandoning module HotReload (99)
[2018.05.26-04.55.38:115][441]LogModuleManager: Shutting down and abandoning module MainFrame (98)
[2018.05.26-04.55.38:115][441]LogModuleManager: Shutting down and abandoning module LevelEditor (97)
[2018.05.26-04.55.38:116][441]LogModuleManager: Shutting down and abandoning module DirectoryWatcher (96)
[2018.05.26-04.55.38:117][441]LogModuleManager: Shutting down and abandoning module AssetRegistry (95)
[2018.05.26-04.55.38:443][441]LogModuleManager: Shutting down and abandoning module ContentBrowser (94)
[2018.05.26-04.55.38:444][441]LogModuleManager: Shutting down and abandoning module Paper2DEditor (93)
[2018.05.26-04.55.38:445][441]LogModuleManager: Shutting down and abandoning module UdpMessaging (92)
[2018.05.26-04.55.38:545][441]LogModuleManager: Shutting down and abandoning module LightPropagationVolumeRuntime (91)
[2018.05.26-04.55.38:545][441]LogModuleManager: Shutting down and abandoning module Paper2D (90)
[2018.05.26-04.55.38:545][441]LogModuleManager: Shutting down and abandoning module WindowsMoviePlayer (89)
[2018.05.26-04.55.38:545][441]LogModuleManager: Shutting down and abandoning module Media (88)
[2018.05.26-04.55.38:545][441]LogModuleManager: Shutting down and abandoning module WmfMedia (87)
[2018.05.26-04.55.38:545][441]LogModuleManager: Shutting down and abandoning module MediaAssets (86)
[2018.05.26-04.55.38:545][441]LogModuleManager: Shutting down and abandoning module GameLiveStreaming (85)
[2018.05.26-04.55.38:546][441]LogModuleManager: Shutting down and abandoning module GameplayTagsEditor (84)
[2018.05.26-04.55.38:546][441]LogModuleManager: Shutting down and abandoning module OnlineBlueprintSupport (83)
[2018.05.26-04.55.38:546][441]LogModuleManager: Shutting down and abandoning module GameplayTasksEditor (82)
[2018.05.26-04.55.38:546][441]LogModuleManager: Shutting down and abandoning module PropertyEditor (81)
[2018.05.26-04.55.38:546][441]LogModuleManager: Shutting down and abandoning module BehaviorTreeEditor (80)
[2018.05.26-04.55.38:546][441]LogModuleManager: Shutting down and abandoning module FunctionalTesting (79)
[2018.05.26-04.55.38:546][441]LogModuleManager: Shutting down and abandoning module CollisionAnalyzer (78)
[2018.05.26-04.55.38:546][441]LogModuleManager: Shutting down and abandoning module WorkspaceMenuStructure (77)
[2018.05.26-04.55.38:546][441]LogModuleManager: Shutting down and abandoning module MessageLog (76)
[2018.05.26-04.55.38:546][441]LogModuleManager: Shutting down and abandoning module Sequencer (75)
[2018.05.26-04.55.38:546][441]LogModuleManager: Shutting down and abandoning module AssetTools (74)
[2018.05.26-04.55.38:546][441]LogModuleManager: Shutting down and abandoning module UMGEditor (73)
[2018.05.26-04.55.38:546][441]LogModuleManager: Shutting down and abandoning module UMG (72)
[2018.05.26-04.55.38:546][441]LogModuleManager: Shutting down and abandoning module SlateReflector (71)
[2018.05.26-04.55.38:546][441]LogModuleManager: Shutting down and abandoning module Slate (70)
[2018.05.26-04.55.38:546][441]LogModuleManager: Shutting down and abandoning module EditorStyle (69)
[2018.05.26-04.55.38:548][441]LogModuleManager: Shutting down and abandoning module SessionServices (68)
[2018.05.26-04.55.38:548][441]LogModuleManager: Shutting down and abandoning module SourceCodeAccess (67)
[2018.05.26-04.55.38:548][441]LogModuleManager: Shutting down and abandoning module HeadMountedDisplay (66)
[2018.05.26-04.55.38:548][441]LogModuleManager: Shutting down and abandoning module XAudio2 (65)
[2018.05.26-04.55.38:548][441]LogModuleManager: Shutting down and abandoning module Networking (63)
[2018.05.26-04.55.38:548][441]LogModuleManager: Shutting down and abandoning module Core (62)
[2018.05.26-04.55.38:548][441]LogModuleManager: Shutting down and abandoning module KismetCompiler (61)
[2018.05.26-04.55.38:548][441]LogModuleManager: Shutting down and abandoning module PhysXFormats (60)
[2018.05.26-04.55.38:548][441]LogModuleManager: Shutting down and abandoning module MeshUtilities (59)
[2018.05.26-04.55.38:548][441]LogModuleManager: Shutting down and abandoning module CookingStats (58)
[2018.05.26-04.55.38:548][441]LogModuleManager: Shutting down and abandoning module DerivedDataCache (57)
[2018.05.26-04.55.38:548][441]LogDerivedDataCache: Shutdown
[2018.05.26-04.55.38:548][441]LogModuleManager: Shutting down and abandoning module ShaderFormatOpenGL (56)
[2018.05.26-04.55.38:548][441]LogModuleManager: Shutting down and abandoning module ShaderFormatD3D (55)
[2018.05.26-04.55.38:548][441]LogModuleManager: Shutting down and abandoning module MetalShaderFormat (54)
[2018.05.26-04.55.38:548][441]LogModuleManager: Shutting down and abandoning module TextureFormatUncompressed (53)
[2018.05.26-04.55.38:548][441]LogModuleManager: Shutting down and abandoning module TextureFormatPVR (52)
[2018.05.26-04.55.38:548][441]LogModuleManager: Shutting down and abandoning module TextureFormatIntelISPCTexComp (51)
[2018.05.26-04.55.38:549][441]LogModuleManager: Shutting down and abandoning module TextureFormatDXT (50)
[2018.05.26-04.55.38:549][441]LogModuleManager: Shutting down and abandoning module ImageWrapper (49)
[2018.05.26-04.55.38:549][441]LogModuleManager: Shutting down and abandoning module TextureFormatASTC (48)
[2018.05.26-04.55.38:549][441]LogModuleManager: Shutting down and abandoning module TextureFormatAndroid (47)
[2018.05.26-04.55.38:549][441]LogModuleManager: Shutting down and abandoning module AudioFormatOpus (46)
[2018.05.26-04.55.38:549][441]LogModuleManager: Shutting down and abandoning module AudioFormatOgg (45)
[2018.05.26-04.55.38:549][441]LogModuleManager: Shutting down and abandoning module AudioFormatADPCM (44)
[2018.05.26-04.55.38:549][441]LogModuleManager: Shutting down and abandoning module LinuxTargetPlatform (43)
[2018.05.26-04.55.38:549][441]LogModuleManager: Shutting down and abandoning module LinuxServerTargetPlatform (42)
[2018.05.26-04.55.38:549][441]LogModuleManager: Shutting down and abandoning module LinuxNoEditorTargetPlatform (41)
[2018.05.26-04.55.38:549][441]LogModuleManager: Shutting down and abandoning module TVOSTargetPlatform (40)
[2018.05.26-04.55.38:549][441]LogModuleManager: Shutting down and abandoning module Messaging (39)
[2018.05.26-04.55.38:549][441]LogModuleManager: Shutting down and abandoning module IOSTargetPlatform (38)
[2018.05.26-04.55.38:549][441]LogModuleManager: Shutting down and abandoning module HTML5TargetPlatform (37)
[2018.05.26-04.55.38:549][441]LogModuleManager: Shutting down and abandoning module Android_PVRTCTargetPlatform (36)
[2018.05.26-04.55.38:549][441]LogModuleManager: Shutting down and abandoning module Android_MultiTargetPlatform (35)
[2018.05.26-04.55.38:549][441]LogModuleManager: Shutting down and abandoning module Android_ETC2TargetPlatform (34)
[2018.05.26-04.55.38:549][441]LogModuleManager: Shutting down and abandoning module Android_ETC1TargetPlatform (33)
[2018.05.26-04.55.38:549][441]LogModuleManager: Shutting down and abandoning module Android_DXTTargetPlatform (32)
[2018.05.26-04.55.38:549][441]LogModuleManager: Shutting down and abandoning module Android_ATCTargetPlatform (31)
[2018.05.26-04.55.38:549][441]LogModuleManager: Shutting down and abandoning module Android_ASTCTargetPlatform (30)
[2018.05.26-04.55.38:549][441]LogModuleManager: Shutting down and abandoning module AndroidTargetPlatform (29)
[2018.05.26-04.55.38:549][441]LogModuleManager: Shutting down and abandoning module WindowsTargetPlatform (28)
[2018.05.26-04.55.38:549][441]LogModuleManager: Shutting down and abandoning module WindowsServerTargetPlatform (27)
[2018.05.26-04.55.38:549][441]LogModuleManager: Shutting down and abandoning module WindowsNoEditorTargetPlatform (26)
[2018.05.26-04.55.38:549][441]LogModuleManager: Shutting down and abandoning module WindowsClientTargetPlatform (25)
[2018.05.26-04.55.38:549][441]LogModuleManager: Shutting down and abandoning module AllDesktopTargetPlatform (24)
[2018.05.26-04.55.38:549][441]LogModuleManager: Shutting down and abandoning module TargetPlatform (23)
[2018.05.26-04.55.38:549][441]LogModuleManager: Shutting down and abandoning module InputCore (22)
[2018.05.26-04.55.38:549][441]LogModuleManager: Shutting down and abandoning module Settings (21)
[2018.05.26-04.55.38:549][441]LogModuleManager: Shutting down and abandoning module OnlineSubsystem (19)
[2018.05.26-04.55.38:549][441]LogModuleManager: Shutting down and abandoning module HTTP (18)
[2018.05.26-04.55.51:050][441]LogModuleManager: Shutting down and abandoning module XMPP (17)
[2018.05.26-04.55.51:050][441]LogModuleManager: Shutting down and abandoning module OculusRift (16)
[2018.05.26-04.55.51:050][441]LogModuleManager: Shutting down and abandoning module ExampleDeviceProfileSelector (15)
[2018.05.26-04.55.51:050][441]LogModuleManager: Shutting down and abandoning module TextureCompressor (14)
[2018.05.26-04.55.51:050][441]LogModuleManager: Shutting down and abandoning module ShaderCore (13)
[2018.05.26-04.55.51:050][441]LogModuleManager: Shutting down and abandoning module Landscape (12)
[2018.05.26-04.55.51:050][441]LogModuleManager: Shutting down and abandoning module SlateRHIRenderer (11)
[2018.05.26-04.55.51:051][441]LogModuleManager: Shutting down and abandoning module OpenGLDrv (10)
[2018.05.26-04.55.51:052][441]LogModuleManager: Shutting down and abandoning module D3D11RHI (9)
[2018.05.26-04.55.51:052][441]LogModuleManager: Shutting down and abandoning module AnimGraphRuntime (8)
[2018.05.26-04.55.51:052][441]LogModuleManager: Shutting down and abandoning module Renderer (7)
[2018.05.26-04.55.51:052][441]LogModuleManager: Shutting down and abandoning module Engine (6)
[2018.05.26-04.55.51:052][441]LogModuleManager: Shutting down and abandoning module CoreUObject (5)
[2018.05.26-04.55.51:052][441]LogModuleManager: Shutting down and abandoning module NetworkFile (4)
[2018.05.26-04.55.51:052][441]LogModuleManager: Shutting down and abandoning module StreamingFile (3)
[2018.05.26-04.55.51:052][441]LogModuleManager: Shutting down and abandoning module SandboxFile (2)
[2018.05.26-04.55.51:052][441]LogModuleManager: Shutting down and abandoning module PakFile (1)
[2018.05.26-04.55.51:053][441]LogExit: Exiting.
[2018.05.26-04.55.51:055][441]Log file closed, 05/26/18 12:55:51
