Log file open, 05/26/18 12:34:57
LogInit:Display: Running engine for game: TopDownProject
LogPlatformFile: Not using cached read wrapper
LogInit:Display: RandInit(-268942350) SRandInit(-268942348).
LogTaskGraph: Started task graph with 4 named threads and 5 total threads.
LogStats: Stats thread started at 0.108528
LogInit: Version: 4.11.2-2946394+++UE4+Release-4.11
LogInit: API Version: 2927265
LogInit: Compiled (64-bit): Apr 18 2016 02:18:46
LogInit: Compiled with Visual C++: 19.00.23026.00
LogInit: Build Configuration: Development
LogInit: Branch Name: ++UE4+Release-4.11
LogInit: Command line:  
LogInit: Base directory: D:/UE_4.11/Engine/Binaries/Win64/
LogInit: Installed Engine Build: 1
LogInit: Using libcurl 7.41.0
LogInit:  - built for x86_64-pc-win32
LogInit:  - supports SSL with WinSSL
LogInit:  - other features:
LogInit:      CURL_VERSION_SSL
LogInit:      CURL_VERSION_IPV6
LogInit:      CURL_VERSION_ASYNCHDNS
LogInit:      CURL_VERSION_LARGEFILE
LogInit:      CURL_VERSION_IDN
LogInit:  CurlRequestOptions (configurable via config and command line):
LogInit:  - bVerifyPeer = true  - Libcurl will verify peer certificate
LogInit:  - bUseHttpProxy = false  - Libcurl will NOT use HTTP proxy
LogInit:  - bDontReuseConnections = false  - Libcurl will reuse connections
LogInit:  - CertBundlePath = nullptr  - Libcurl will use whatever was configured at build time.
LogInit: Presizing for max 16777216 objects, including 0 objects not considered by GC, pre-allocating 0 bytes for permanent pool.
LogInit: Object subsystem initialized
[2018.05.26-04.34.57:355][  0]LogInit: Selected Device Profile: [Windows]
[2018.05.26-04.34.57:355][  0]LogInit: Applying CVar settings loaded from the selected device profile: [Windows]
[2018.05.26-04.34.57:355][  0]LogInit: Computer: 1-ПК
[2018.05.26-04.34.57:355][  0]LogInit: User: 1
[2018.05.26-04.34.57:355][  0]LogInit: CPU Page size=65536, Cores=2
[2018.05.26-04.34.57:355][  0]LogInit: High frequency timer resolution =2.338496 MHz
[2018.05.26-04.34.57:355][  0]LogMemory: Memory total: Physical=3.9GB (4GB approx)
[2018.05.26-04.34.57:355][  0]LogMemory: Platform Memory Stats for Windows
[2018.05.26-04.34.57:355][  0]LogMemory: Process Physical Memory: 314.08 MB used, 314.08 MB peak
[2018.05.26-04.34.57:355][  0]LogMemory: Process Virtual Memory: 314.57 MB used, 314.57 MB peak
[2018.05.26-04.34.57:355][  0]LogMemory: Physical Memory: 1463.17 MB used, 4010.14 MB total
[2018.05.26-04.34.57:355][  0]LogMemory: Virtual Memory: 621.31 MB used, 8388608.00 MB total
[2018.05.26-04.34.58:008][  0]LogTextLocalizationManager: No translations for ('ru-RU') exist, falling back to 'en' for localization and internationalization data.
[2018.05.26-04.34.59:124][  0]LogD3D11RHI: D3D11 adapters:
[2018.05.26-04.34.59:855][  0]LogD3D11RHI:    0. 'Intel(R) HD Graphics 3000' (Feature Level 10_0)
[2018.05.26-04.34.59:855][  0]LogD3D11RHI:       64MB of dedicated video memory, 0MB of dedicated system memory, and 1632MB of shared system memory, 1 output[s]
[2018.05.26-04.35.01:988][  0]LogD3D11RHI:    1. 'NVIDIA GeForce 410M' (Feature Level 11_0)
[2018.05.26-04.35.01:988][  0]LogD3D11RHI:       979MB of dedicated video memory, 0MB of dedicated system memory, and 1749MB of shared system memory, 0 output[s]
[2018.05.26-04.35.01:988][  0]LogD3D11RHI: Chosen D3D11 Adapter: 0
[2018.05.26-04.35.02:070][  0]LogD3D11RHI: Creating new Direct3DDevice
[2018.05.26-04.35.02:087][  0]LogD3D11RHI:     Adapter Name: Intel(R) HD Graphics 3000
[2018.05.26-04.35.02:087][  0]LogD3D11RHI:   Driver Version: Unknown (internal Unknown)
[2018.05.26-04.35.02:087][  0]LogD3D11RHI:      Driver Date: Unknown
[2018.05.26-04.35.02:088][  0]LogRHI: Texture pool is 616 MB (70% of 880 MB)
[2018.05.26-04.35.02:111][  0]LogD3D11RHI: Async texture creation enabled
[2018.05.26-04.35.03:500][  0]LogShaderCompilers: Guid format shader working directory is -16 characters bigger than the processId version (../../../../sergey/UnrealProjects/Game_1337/TopDownProject/Intermediate/Shaders/WorkingDirectory/6648/).
[2018.05.26-04.35.03:501][  0]LogShaderCompilers: Cleaned the shader compiler working directory 'C:/Users/1/AppData/Local/Temp/UnrealShaderWorkingDir/A1B6765C462FF750C96695BC92BB2EFA/'.
[2018.05.26-04.35.03:509][  0]LogShaderCompilers:Display: Using Local Shader Compiler.
[2018.05.26-04.35.14:842][  0]LogTemp:Display: Loaded TP AllDesktopTargetPlatform
[2018.05.26-04.35.14:974][  0]LogTemp:Display: Loaded TP WindowsClientTargetPlatform
[2018.05.26-04.35.15:330][  0]LogTemp:Display: Loaded TP WindowsNoEditorTargetPlatform
[2018.05.26-04.35.15:604][  0]LogTemp:Display: Loaded TP WindowsServerTargetPlatform
[2018.05.26-04.35.15:759][  0]LogTemp:Display: Loaded TP WindowsTargetPlatform
[2018.05.26-04.35.15:979][  0]LogTemp:Display: Loaded TP AndroidTargetPlatform
[2018.05.26-04.35.16:221][  0]LogTemp:Display: Loaded TP Android_ASTCTargetPlatform
[2018.05.26-04.35.16:409][  0]LogTemp:Display: Loaded TP Android_ATCTargetPlatform
[2018.05.26-04.35.16:544][  0]LogTemp:Display: Loaded TP Android_DXTTargetPlatform
[2018.05.26-04.35.16:612][  0]LogTemp:Display: Loaded TP Android_ETC1TargetPlatform
[2018.05.26-04.35.16:679][  0]LogTemp:Display: Loaded TP Android_ETC2TargetPlatform
[2018.05.26-04.35.16:804][  0]LogTemp:Display: Loaded TP Android_MultiTargetPlatform
[2018.05.26-04.35.16:804][  0]LogTemp:Display: Loaded TP Android_PVRTCTargetPlatform
[2018.05.26-04.35.16:874][  0]LogTemp:Display: Loaded TP HTML5TargetPlatform
[2018.05.26-04.35.17:328][  0]LogTemp:Display: Loaded TP IOSTargetPlatform
[2018.05.26-04.35.17:335][  0]LogTemp:Display: Loaded TP TVOSTargetPlatform
[2018.05.26-04.35.17:451][  0]LogTemp:Display: Loaded TP LinuxNoEditorTargetPlatform
[2018.05.26-04.35.17:572][  0]LogTemp:Display: Loaded TP LinuxServerTargetPlatform
[2018.05.26-04.35.17:811][  0]LogTemp:Display: Loaded TP LinuxTargetPlatform
[2018.05.26-04.35.17:811][  0]LogTargetPlatformManager:Display: Building Assets For Windows
[2018.05.26-04.35.20:827][  0]LogDerivedDataCache:Display: Max Cache Size: 512 MB
[2018.05.26-04.35.22:796][  0]LogDerivedDataCache: Loaded boot cache 1.87s 46MB C:/Users/1/AppData/Local/UnrealEngine/4.11/DerivedDataCache/Boot.ddc.
[2018.05.26-04.35.22:796][  0]LogDerivedDataCache:Display: Loaded Boot cache: C:/Users/1/AppData/Local/UnrealEngine/4.11/DerivedDataCache/Boot.ddc
[2018.05.26-04.35.22:796][  0]LogDerivedDataCache: FDerivedDataBackendGraph:  Pak pak cache file ../../../../sergey/UnrealProjects/Game_1337/TopDownProject/DerivedDataCache/DDC.ddp not found, will not use a pak cache.
[2018.05.26-04.35.22:796][  0]LogDerivedDataCache: Unable to find inner node Pak for hierarchical cache Hierarchy.
[2018.05.26-04.35.22:796][  0]LogDerivedDataCache: FDerivedDataBackendGraph:  CompressedPak pak cache file ../../../../sergey/UnrealProjects/Game_1337/TopDownProject/DerivedDataCache/Compressed.ddp not found, will not use a pak cache.
[2018.05.26-04.35.22:796][  0]LogDerivedDataCache: Unable to find inner node CompressedPak for hierarchical cache Hierarchy.
[2018.05.26-04.35.22:902][  0]LogDerivedDataCache:Display: Pak cache opened for reading ../../../Engine/DerivedDataCache/Compressed.ddp.
[2018.05.26-04.35.22:953][  0]LogDerivedDataCache: Using Local data cache path C:/Users/1/AppData/Local/UnrealEngine/Common/DerivedDataCache: Writable
[2018.05.26-04.35.40:530][  0]LogInit: Selected Device Profile: [Windows]
[2018.05.26-04.35.40:687][  0]LogContentStreaming: Texture pool size is 0.00 MB
[2018.05.26-04.35.42:667][  0]LogMaterial: Uniform references updated for custom material expression Custom.
[2018.05.26-04.35.47:643][  0]LogMeshUtilities: No automatic mesh reduction module available
[2018.05.26-04.35.47:643][  0]LogMeshUtilities: No automatic mesh merging module available
[2018.05.26-04.35.47:643][  0]LogMeshUtilities: No distributed automatic mesh merging module available
[2018.05.26-04.35.59:985][  0]LogUObjectArray: 27679 objects as part of root set at end of initial load.
[2018.05.26-04.35.59:986][  0]LogUObjectAllocator: 5591592 out of 0 bytes used by permanent object pool.
[2018.05.26-04.35.59:986][  0]LogUObjectArray: CloseDisregardForGC: 0/0 objects in disregard for GC pool
[2018.05.26-04.36.00:013][  0]LogInit: WinSock: version 1.1 (2.2), MaxSocks=32767, MaxUdp=65467
[2018.05.26-04.36.04:738][  0]LogSlate: SlateFontCache - WITH_FREETYPE: 1, WITH_HARFBUZZ: 1
[2018.05.26-04.36.04:751][  0]LogSlate: SlateFontCache - WITH_FREETYPE: 1, WITH_HARFBUZZ: 1
[2018.05.26-04.36.08:305][  0]LogStreaming:Warning: Failed to read file '../../../Engine/Content/Editor/Slate/Common/Selection_16x.png' error.
[2018.05.26-04.36.08:305][  0]LogSlate: Could not find file for Slate resource: ../../../Engine/Content/Editor/Slate/Common/Selection_16x.png
[2018.05.26-04.36.08:315][  0]LogStreaming:Warning: Failed to read file '../../../Engine/Content/Editor/Slate/Common/Selection_16x.png' error.
[2018.05.26-04.36.08:315][  0]LogSlate: Could not find file for Slate resource: ../../../Engine/Content/Editor/Slate/Common/Selection_16x.png
[2018.05.26-04.36.08:315][  0]LogStreaming:Warning: Failed to read file '../../../Engine/Content/Editor/Slate/Common/Selection_16x.png' error.
[2018.05.26-04.36.08:315][  0]LogSlate: Could not find file for Slate resource: ../../../Engine/Content/Editor/Slate/Common/Selection_16x.png
[2018.05.26-04.36.21:661][  0]LogUdpMessaging: Initializing bridge on interface 0.0.0.0:0 to multicast group 230.0.0.1:6666.
[2018.05.26-04.36.22:354][  0]LogAssetRegistry: FAssetRegistry took 0.0251 seconds to start up
[2018.05.26-04.36.29:513][  0]SourceControl: Info Source control is disabled
[2018.05.26-04.36.29:547][  0]SourceControl: Info Source control is disabled
[2018.05.26-04.36.29:719][  0]SourceControl: Info Source control is disabled
[2018.05.26-04.36.30:049][  0]SourceControl: Info Source control is disabled
[2018.05.26-04.36.31:491][  0]LogHMD: Failed to initialize OpenVR with code 110
[2018.05.26-04.36.32:873][  0]LogEngine: Initializing Engine...
[2018.05.26-04.36.37:384][  0]LogAIModule: Creating AISystem for world NewWorld
[2018.05.26-04.36.37:705][  0]LogInit: XAudio2 using 'Динамики (Устройство с поддержкой High Definition Audio)' : 2 channels at 44.1 kHz using 16 bits per sample (channel mask 0x3)
[2018.05.26-04.36.37:921][  0]LogInit: FAudioDevice initialized.
[2018.05.26-04.36.37:984][  0]LogDerivedDataCache: Saved boot cache 0.06s 66MB C:/Users/1/AppData/Local/UnrealEngine/4.11/DerivedDataCache/Boot.ddc.
[2018.05.26-04.36.38:011][  0]LogInit: Texture streaming: Enabled
[2018.05.26-04.36.39:453][  0]LogInit: Transaction tracking system initialized
[2018.05.26-04.36.44:833][  0]BlueprintLog: New page: Editor Load
[2018.05.26-04.36.57:942][  0]LocalizationService: Info Localization service is disabled
[2018.05.26-04.37.05:920][  0]LogConsoleResponse:Display: 
[2018.05.26-04.37.14:571][  0]LogFileCache: Scanning file cache for directory 'D:/sergey/UnrealProjects/Game_1337/TopDownProject/Content/' took 0.11s
[2018.05.26-04.37.14:571][  0]LogCook:Display: Max memory allowance for cook 8192mb
[2018.05.26-04.37.14:571][  0]LogCook:Display: Mobile HDR setting 1
[2018.05.26-04.37.14:601][  0]LogCook:Display: Done creating registry. It took  0.00s.
[2018.05.26-04.37.20:782][  0]SourceControl: Info Source control is disabled
[2018.05.26-04.37.20:918][  0]Cmd: MAP LOAD FILE="../../../../sergey/UnrealProjects/Game_1337/TopDownProject/Content/TopDownBP/Maps/TopDownExampleMap.umap" TEMPLATE=0 SHOWPROGRESS=1 FEATURELEVEL=2
[2018.05.26-04.37.21:113][  0]LightingResults: New page: Lighting Build
[2018.05.26-04.37.22:184][  0]MapCheck: New page: Map Check
[2018.05.26-04.37.22:184][  0]LightingResults: New page: Lighting Build
[2018.05.26-04.37.24:444][  0]LogLinker:Warning: Asset '../../../../sergey/UnrealProjects/Game_1337/TopDownProject/Content/Mannequin/Animations/ThirdPerson_AnimBP.uasset' has been saved with empty engine version. The asset will be loaded but may be incompatible.
[2018.05.26-04.37.24:551][  0]LogLinker:Warning: Asset '../../../../sergey/UnrealProjects/Game_1337/TopDownProject/Content/Mannequin/Animations/ThirdPerson_Jump.uasset' has been saved with empty engine version. The asset will be loaded but may be incompatible.
[2018.05.26-04.37.24:692][  0]LogLinker:Warning: Asset '../../../../sergey/UnrealProjects/Game_1337/TopDownProject/Content/Mannequin/Animations/ThirdPersonJump_Loop.uasset' has been saved with empty engine version. The asset will be loaded but may be incompatible.
[2018.05.26-04.37.24:733][  0]LogLinker:Warning: Asset '../../../../sergey/UnrealProjects/Game_1337/TopDownProject/Content/Mannequin/Animations/ThirdPersonJump_Start.uasset' has been saved with empty engine version. The asset will be loaded but may be incompatible.
[2018.05.26-04.37.24:806][  0]LogLinker:Warning: Asset '../../../../sergey/UnrealProjects/Game_1337/TopDownProject/Content/Mannequin/Animations/ThirdPersonIdle.uasset' has been saved with empty engine version. The asset will be loaded but may be incompatible.
[2018.05.26-04.37.24:848][  0]LogLinker:Warning: Asset '../../../../sergey/UnrealProjects/Game_1337/TopDownProject/Content/Mannequin/Animations/ThirdPersonRun.uasset' has been saved with empty engine version. The asset will be loaded but may be incompatible.
[2018.05.26-04.37.24:905][  0]LogLinker:Warning: Asset '../../../../sergey/UnrealProjects/Game_1337/TopDownProject/Content/Mannequin/Animations/ThirdPersonWalk.uasset' has been saved with empty engine version. The asset will be loaded but may be incompatible.
[2018.05.26-04.37.50:866][  0]LogMaterial: Uniform references updated for custom material expression TemporalAA SampleID.
[2018.05.26-04.37.50:866][  0]LogMaterial: Uniform references updated for custom material expression Custom.
[2018.05.26-04.37.54:023][  0]LogMaterial: Missing cached shader map for material M_Plains_Pillars02_Opacity, compiling. 
[2018.05.26-04.37.54:736][  0]LogMaterial: Missing cached shader map for material M_TreeBark_Opacity, compiling. 
[2018.05.26-04.37.54:982][  0]LogMaterial: Missing cached shader map for material M_Cherry_Tree_Opacity, compiling. 
[2018.05.26-04.37.59:470][  0]LogMaterial: Missing cached shader map for material CursorSpeak_Mat, compiling. 
[2018.05.26-04.37.59:998][  0]LogMaterial: Missing cached shader map for material Mat_MiniMap, compiling. 
[2018.05.26-04.38.00:170][  0]LogMaterial: Missing cached shader map for material Coins, compiling. 
[2018.05.26-04.38.02:956][  0]LogMaterial: Missing cached shader map for material M_Plains_Pillars02, compiling. 
[2018.05.26-04.38.03:834][  0]LogMaterial: Missing cached shader map for material M_Grass01, compiling. 
[2018.05.26-04.38.04:014][  0]LogAIModule: Creating AISystem for world TopDownExampleMap
[2018.05.26-04.38.05:061][  0]LogMaterial:Warning: Material /Game/InfinityBladeGrassLands/Environments/Plains/Env_Plains_Flora/Materials/M_PLains_Fern01.M_PLains_Fern01 needed to have new flag set bUsedWithInstancedStaticMeshes !
[2018.05.26-04.38.05:117][  0]LogMaterial: Missing cached shader map for material M_PLains_Fern01, compiling. 
[2018.05.26-04.38.05:193][  0]MapCheck:Warning: Warning M_PLains_Fern01 Material /Game/InfinityBladeGrassLands/Environments/Plains/Env_Plains_Flora/Materials/M_PLains_Fern01.M_PLains_Fern01 was missing the usage flag bUsedWithInstancedStaticMeshes. If the material asset is not re-saved, it may not render correctly when run outside the editor. Fix
[2018.05.26-04.38.05:193][  0]LogMaterial: 0.00 seconds spent updating 1 materials, 1 interfaces, 0 instances, 0 with static permutations.
[2018.05.26-04.38.05:251][  0]LogPrimitiveComponent: Zero scaling not supported (/Game/TopDownBP/Maps/TopDownExampleMap.TopDownExampleMap:PersistentLevel.Coins_785.Cube)
[2018.05.26-04.38.05:252][  0]LogPrimitiveComponent: Zero scaling not supported (/Game/TopDownBP/Maps/TopDownExampleMap.TopDownExampleMap:PersistentLevel.Coins2_920.Cube)
[2018.05.26-04.38.05:818][  0]LogPrimitiveComponent: Zero scaling not supported (/Game/TopDownBP/Maps/TopDownExampleMap.TopDownExampleMap:PersistentLevel.Coins_785.Cube)
[2018.05.26-04.38.05:819][  0]LogPrimitiveComponent: Zero scaling not supported (/Game/TopDownBP/Maps/TopDownExampleMap.TopDownExampleMap:PersistentLevel.Coins_785.Cube)
[2018.05.26-04.38.05:820][  0]LogPrimitiveComponent: Zero scaling not supported (/Game/TopDownBP/Maps/TopDownExampleMap.TopDownExampleMap:PersistentLevel.Coins2_920.Cube)
[2018.05.26-04.38.05:821][  0]LogPrimitiveComponent: Zero scaling not supported (/Game/TopDownBP/Maps/TopDownExampleMap.TopDownExampleMap:PersistentLevel.Coins2_920.Cube)
[2018.05.26-04.38.06:884][  0]LogEditorServer: Finished looking for orphan Actors (0.000 secs)
[2018.05.26-04.38.07:192][  0]Cmd: MAP CHECKDEP NOCLEARLOG
[2018.05.26-04.38.07:305][  0]MapCheck: Info Map check complete: 0 Error(s), 1 Warning(s), took 112.685ms to complete.
[2018.05.26-04.38.07:722][  0]LogFileHelpers: Loading map 'TopDownExampleMap' took 46.830
[2018.05.26-04.38.12:250][  0]LogCollectionManager: Loaded 0 collections in 0.022160 seconds
[2018.05.26-04.38.13:849][  0]LogFileCache: Scanning file cache for directory 'D:/sergey/UnrealProjects/Game_1337/TopDownProject/Saved/Collections/' took 0.01s
[2018.05.26-04.38.13:850][  0]LogFileCache: Scanning file cache for directory 'D:/sergey/UnrealProjects/Game_1337/TopDownProject/Content/Developers/1/Collections/' took 0.01s
[2018.05.26-04.38.13:850][  0]LogFileCache: Scanning file cache for directory 'D:/sergey/UnrealProjects/Game_1337/TopDownProject/Content/Collections/' took 0.01s
[2018.05.26-04.38.13:850][  0]LogCollectionManager: Rebuilt the GUID cache for 0 collections in 0.000005 seconds
[2018.05.26-04.38.13:900][  0]LogContentBrowser: Native class hierarchy populated in 0.0492 seconds. Added 1979 classes and 343 folders.
[2018.05.26-04.38.14:234][  0]LogStats: UGameplayTagsManager::ConstructGameplayTagTree: Construct from data asset -  0.000 s
[2018.05.26-04.38.14:234][  0]LogStats: UGameplayTagsManager::ConstructGameplayTagTree: GameplayTagTreeChangedEvent.Broadcast -  0.000 s
[2018.05.26-04.38.14:300][  0]LogContentBrowser: Native class hierarchy updated for 'GameplayTags' in 0.0009 seconds. Added 12 classes and 0 folders.
[2018.05.26-04.38.14:493][  0]LogContentBrowser: Native class hierarchy updated for 'WidgetCarousel' in 0.0007 seconds. Added 0 classes and 0 folders.
[2018.05.26-04.38.14:994][  0]LogContentBrowser: Native class hierarchy updated for 'SuperSearch' in 0.0007 seconds. Added 1 classes and 2 folders.
[2018.05.26-04.38.18:291][  0]LogContentBrowser: Native class hierarchy updated for 'AddContentDialog' in 0.0007 seconds. Added 0 classes and 0 folders.
[2018.05.26-04.38.18:506][  0]LogContentBrowser: Native class hierarchy updated for 'SceneOutliner' in 0.0008 seconds. Added 1 classes and 2 folders.
[2018.05.26-04.38.22:902][  0]LogCrashTracker: Crashtracker disabled due to settings.
[2018.05.26-04.38.24:368][  0]LogUObjectGlobals:Warning: Failed to find object 'Class None.'
[2018.05.26-04.38.25:677][  0]LogContentBrowser: Native class hierarchy updated for 'HierarchicalLODOutliner' in 0.0007 seconds. Added 1 classes and 2 folders.
[2018.05.26-04.38.25:677][  0]LogLoad: Full Startup: 209.58 seconds (BP compile: 4.77 seconds)
[2018.05.26-04.38.25:677][  0]LogExternalProfiler:Warning: No registered external profiler was matched with a command-line switch (or the DLL could not be loaded).  External profiling features will not be available.
[2018.05.26-04.38.25:869][  0]LogOcInput: OculusInput pre-init called
[2018.05.26-04.38.28:379][  0]LogContentStreaming: Texture pool size now 200 MB
[2018.05.26-04.38.34:234][  0]LogRenderer: Reallocating scene render targets to support 636x380 (Frame:2).
[2018.05.26-04.38.37:014][  4]LogAssetRegistry: Asset discovery search completed in 134.6793 seconds
[2018.05.26-04.38.37:039][  4]LogCollectionManager: Rebuilt the object cache for 0 collections in 0.000001 seconds (found 0 objects)
[2018.05.26-04.38.37:039][  4]LogCollectionManager: Fixed up redirectors for 0 collections in 0.024730 seconds (updated 0 objects)
[2018.05.26-04.41.19:303][775]LogRenderer: Reallocating scene render targets to support 640x392 (Frame:4721).
[2018.05.26-04.41.27:413][946]LogMaterial: Missing cached shader map for material Brown_9, compiling. 
[2018.05.26-04.41.27:474][946]LogMaterial: Missing cached shader map for material Green_1, compiling. 
[2018.05.26-04.41.27:667][946]LogMaterial: Missing cached shader map for material Green_4, compiling. 
[2018.05.26-04.41.27:796][946]LogMaterial: Missing cached shader map for material Brown_6, compiling. 
[2018.05.26-04.41.27:850][946]LogMaterial: Missing cached shader map for material Brown_5, compiling. 
[2018.05.26-04.41.28:019][946]LogMaterial: Missing cached shader map for material Green_2, compiling. 
[2018.05.26-04.41.28:414][946]LogMaterial: Missing cached shader map for material Gray_2, compiling. 
[2018.05.26-04.41.28:561][946]LogMaterial: Missing cached shader map for material Purple_2, compiling. 
[2018.05.26-04.41.28:597][946]LogMaterial: Missing cached shader map for material Green_7, compiling. 
[2018.05.26-04.41.28:668][946]LogMaterial: Missing cached shader map for material Green_13, compiling. 
[2018.05.26-04.41.28:681][946]LogAIModule: Creating AISystem for world LowPolyMap
[2018.05.26-04.41.29:459][946]Cmd: MAP LOAD FILE="../../../../sergey/UnrealProjects/Game_1337/TopDownProject/Content/TopDownBP/Maps/LowPolyMap.umap" TEMPLATE=0 SHOWPROGRESS=1 FEATURELEVEL=2
[2018.05.26-04.41.29:460][946]LightingResults: New page: Lighting Build
[2018.05.26-04.41.29:530][946]LoadErrors: New page: Loading map: LowPolyMap.umap
[2018.05.26-04.41.29:534][946]MapCheck: New page: Map Check
[2018.05.26-04.41.29:534][946]LightingResults: New page: Lighting Build
[2018.05.26-04.41.30:037][946]LogEditorServer: Finished looking for orphan Actors (0.000 secs)
[2018.05.26-04.41.30:209][946]Cmd: MAP CHECKDEP NOCLEARLOG
[2018.05.26-04.41.30:306][946]MapCheck: Info Map check complete: 0 Error(s), 0 Warning(s), took 97.196ms to complete.
[2018.05.26-04.41.30:306][946]LogFileHelpers: Loading map 'LowPolyMap' took 0.901
[2018.05.26-04.42.18:023][231]LogPlayLevel: PlayLevel: No blueprints needed recompiling
[2018.05.26-04.42.18:095][231]PIE: New page: PIE session: LowPolyMap (May 26, 2018, 8:42:18 PM)
[2018.05.26-04.42.18:095][231]LogPlayLevel: Creating play world package: /Game/TopDownBP/Maps/UEDPIE_0_LowPolyMap
[2018.05.26-04.42.18:147][231]LogPlayLevel: PIE: StaticDuplicateObject took: (0.051557s)
[2018.05.26-04.42.18:148][231]LogAIModule: Creating AISystem for world LowPolyMap
[2018.05.26-04.42.18:148][231]LogPlayLevel: PIE: World Init took: (0.001130s)
[2018.05.26-04.42.18:149][231]LogPlayLevel: PIE: Created PIE world by copying editor world from /Game/TopDownBP/Maps/LowPolyMap.LowPolyMap to /Game/TopDownBP/Maps/UEDPIE_0_LowPolyMap.LowPolyMap (0.053061s)
[2018.05.26-04.42.18:642][231]LogInit: XAudio2 using 'Динамики (Устройство с поддержкой High Definition Audio)' : 2 channels at 44.1 kHz using 16 bits per sample (channel mask 0x3)
[2018.05.26-04.42.19:524][231]LogInit: FAudioDevice initialized.
[2018.05.26-04.42.20:112][231]LogWorld: Game class is 'TopDownGameMode_C'
[2018.05.26-04.42.20:151][231]LogWorld: Bringing World /Game/TopDownBP/Maps/UEDPIE_0_LowPolyMap.LowPolyMap up for play (max tick rate 60) at 2018.05.26-12.42.20
[2018.05.26-04.42.20:173][231]LogWorld: Bringing up level for play took: 0.025336
[2018.05.26-04.42.20:369][231]LogContentBrowser: Native class hierarchy updated for 'MovieSceneCapture' in 0.0009 seconds. Added 9 classes and 0 folders.
[2018.05.26-04.42.20:525][231]PIE: Info Play in editor start time for /Game/TopDownBP/Maps/UEDPIE_0_LowPolyMap 1.882
[2018.05.26-04.42.20:678][232]LogRenderer: Reallocating scene render targets to support 800x600 (Frame:6146).
[2018.05.26-04.43.22:124][769]LogPlayLevel: PlayLevel: No blueprints needed recompiling
[2018.05.26-04.43.22:124][769]PIE: New page: PIE session: LowPolyMap (May 26, 2018, 8:43:22 PM)
[2018.05.26-04.43.22:124][769]LogPlayLevel: Creating play world package: /Game/TopDownBP/Maps/UEDPIE_0_LowPolyMap
[2018.05.26-04.43.22:132][769]LogPlayLevel: PIE: StaticDuplicateObject took: (0.007613s)
[2018.05.26-04.43.22:135][769]LogAIModule: Creating AISystem for world LowPolyMap
[2018.05.26-04.43.22:135][769]LogPlayLevel: PIE: World Init took: (0.002815s)
[2018.05.26-04.43.22:135][769]LogPlayLevel: PIE: Created PIE world by copying editor world from /Game/TopDownBP/Maps/LowPolyMap.LowPolyMap to /Game/TopDownBP/Maps/UEDPIE_0_LowPolyMap.LowPolyMap (0.010900s)
[2018.05.26-04.43.22:171][769]LogInit: XAudio2 using 'Динамики (Устройство с поддержкой High Definition Audio)' : 2 channels at 44.1 kHz using 16 bits per sample (channel mask 0x3)
[2018.05.26-04.43.22:179][769]LogInit: FAudioDevice initialized.
[2018.05.26-04.43.22:216][769]LogWorld: Game class is 'TopDownGameMode_C'
[2018.05.26-04.43.22:220][769]LogWorld: Bringing World /Game/TopDownBP/Maps/UEDPIE_0_LowPolyMap.LowPolyMap up for play (max tick rate 60) at 2018.05.26-12.43.22
[2018.05.26-04.43.22:221][769]LogWorld: Bringing up level for play took: 0.003478
[2018.05.26-04.43.22:238][769]PIE: Info Play in editor start time for /Game/TopDownBP/Maps/UEDPIE_0_LowPolyMap -0.407
[2018.05.26-04.44.13:095][114]LogEditorViewport: Clicking on Actor (LMB): StaticMeshActor (Terrain_2)
[2018.05.26-04.44.29:323][808]LogSavePackage: Save=285.25ms
[2018.05.26-04.44.29:323][808]LogSavePackage: Moving '../../../../sergey/UnrealProjects/Game_1337/TopDownProject/Saved/LowPolyMapBEF13D064A93EDE05086929104432B83.tmp' to '../../../../sergey/UnrealProjects/Game_1337/TopDownProject/Content/TopDownBP/Maps/LowPolyMap.umap'
[2018.05.26-04.44.29:369][808]LogSavePackage: Total save time: 622.81ms
[2018.05.26-04.44.29:369][808]LogSavePackage:Display: Finished SavePackage ../../../../sergey/UnrealProjects/Game_1337/TopDownProject/Content/TopDownBP/Maps/LowPolyMap.umap
[2018.05.26-04.44.29:475][808]LogFileHelpers: Saving map 'LowPolyMap' took 0.853
[2018.05.26-04.44.43:443][273]LogWindowsTextInputMethodSystem:Display: IME system now deactivated.
[2018.05.26-04.45.02:862][835]Cmd: CLOSE_SLATE_MAINFRAME
[2018.05.26-04.45.03:463][836]Cmd: QUIT_EDITOR
[2018.05.26-04.45.03:748][836]LogExit: Preparing to exit.
[2018.05.26-04.45.05:090][836]LogExit: Editor shut down
[2018.05.26-04.45.05:091][836]LogExit: Transaction tracking system shut down
[2018.05.26-04.45.05:856][836]LogObj: Freed 0b from 0 cluster array pools.
[2018.05.26-04.45.05:856][836]LogExit: Object subsystem successfully closed.
[2018.05.26-04.45.06:451][836]LogD3D11RHI: Shutdown
[2018.05.26-04.45.06:451][836]LogD3D11RHI: CleanupD3DDevice
[2018.05.26-04.45.06:558][836]LogD3D11RHI: ~FD3D11DynamicRHI
[2018.05.26-04.45.06:628][836]LogDerivedDataCache: Shutdown
[2018.05.26-04.45.06:960][836]LogModuleManager: Shutting down and abandoning module ExternalImagePicker (206)
[2018.05.26-04.45.06:960][836]LogModuleManager: Shutting down and abandoning module MovieSceneCapture (205)
[2018.05.26-04.45.06:960][836]LogModuleManager: Shutting down and abandoning module HierarchicalLODOutliner (204)
[2018.05.26-04.45.06:972][836]LogModuleManager: Shutting down and abandoning module CrashTracker (203)
[2018.05.26-04.45.06:972][836]LogModuleManager: Shutting down and abandoning module SceneOutliner (202)
[2018.05.26-04.45.06:972][836]LogModuleManager: Shutting down and abandoning module SuperSearch (201)
[2018.05.26-04.45.06:972][836]LogModuleManager: Shutting down and abandoning module WidgetCarousel (200)
[2018.05.26-04.45.06:972][836]LogModuleManager: Shutting down and abandoning module AddContentDialog (199)
[2018.05.26-04.45.06:973][836]LogModuleManager: Shutting down and abandoning module GameplayTags (198)
[2018.05.26-04.45.06:973][836]LogModuleManager: Shutting down and abandoning module EditorWidgets (197)
[2018.05.26-04.45.06:973][836]LogModuleManager: Shutting down and abandoning module CollectionManager (196)
[2018.05.26-04.45.06:973][836]LogModuleManager: Shutting down and abandoning module StatsViewer (195)
[2018.05.26-04.45.06:981][836]LogModuleManager: Shutting down and abandoning module FoliageEdit (194)
[2018.05.26-04.45.06:981][836]LogModuleManager: Shutting down and abandoning module LandscapeEditor (193)
[2018.05.26-04.45.07:018][836]LogModuleManager: Shutting down and abandoning module ActorPickerMode (192)
[2018.05.26-04.45.07:018][836]LogModuleManager: Shutting down and abandoning module GeometryMode (191)
[2018.05.26-04.45.07:018][836]LogModuleManager: Shutting down and abandoning module TextureAlignMode (190)
[2018.05.26-04.45.07:018][836]LogModuleManager: Shutting down and abandoning module BspMode (189)
[2018.05.26-04.45.07:018][836]LogModuleManager: Shutting down and abandoning module PlacementMode (188)
[2018.05.26-04.45.07:018][836]LogModuleManager: Shutting down and abandoning module AutomationWorker (187)
[2018.05.26-04.45.07:018][836]LogModuleManager: Shutting down and abandoning module CharacterAI (186)
[2018.05.26-04.45.07:018][836]LogModuleManager: Shutting down and abandoning module SmartSnapping (185)
[2018.05.26-04.45.07:018][836]LogModuleManager: Shutting down and abandoning module ViewportSnapping (184)
[2018.05.26-04.45.07:018][836]LogModuleManager: Shutting down and abandoning module LogVisualizer (183)
[2018.05.26-04.45.07:112][836]LogModuleManager: Shutting down and abandoning module GameProjectGeneration (182)
[2018.05.26-04.45.07:186][836]LogModuleManager: Shutting down and abandoning module IntroTutorials (181)
[2018.05.26-04.45.07:222][836]LogModuleManager: Shutting down and abandoning module EditorLiveStreaming (180)
[2018.05.26-04.45.07:222][836]LogModuleManager: Shutting down and abandoning module IOSPlatformEditor (179)
[2018.05.26-04.45.07:222][836]LogModuleManager: Shutting down and abandoning module HTML5PlatformEditor (178)
[2018.05.26-04.45.07:222][836]LogModuleManager: Shutting down and abandoning module AndroidDeviceDetection (177)
[2018.05.26-04.45.07:996][836]LogModuleManager: Shutting down and abandoning module AndroidPlatformEditor (176)
[2018.05.26-04.45.07:996][836]LogModuleManager: Shutting down and abandoning module IOSRuntimeSettings (175)
[2018.05.26-04.45.07:996][836]LogModuleManager: Shutting down and abandoning module AndroidRuntimeSettings (174)
[2018.05.26-04.45.07:996][836]LogModuleManager: Shutting down and abandoning module MergeActors (173)
[2018.05.26-04.45.08:019][836]LogModuleManager: Shutting down and abandoning module SizeMap (172)
[2018.05.26-04.45.08:019][836]LogModuleManager: Shutting down and abandoning module TreeMap (171)
[2018.05.26-04.45.08:019][836]LogModuleManager: Shutting down and abandoning module ReferenceViewer (170)
[2018.05.26-04.45.08:019][836]LogModuleManager: Shutting down and abandoning module LocalizationService (169)
[2018.05.26-04.45.08:019][836]LogModuleManager: Shutting down and abandoning module LocalizationDashboard (168)
[2018.05.26-04.45.08:025][836]LogModuleManager: Shutting down and abandoning module HardwareTargeting (167)
[2018.05.26-04.45.08:039][836]LogModuleManager: Shutting down and abandoning module DeviceProfileEditor (166)
[2018.05.26-04.45.08:055][836]LogModuleManager: Shutting down and abandoning module UndoHistory (165)
[2018.05.26-04.45.08:070][836]LogModuleManager: Shutting down and abandoning module UserFeedback (164)
[2018.05.26-04.45.08:070][836]LogModuleManager: Shutting down and abandoning module XmlParser (163)
[2018.05.26-04.45.08:070][836]LogModuleManager: Shutting down and abandoning module Blutility (162)
[2018.05.26-04.45.08:070][836]LogModuleManager: Shutting down and abandoning module ProjectTargetPlatformEditor (161)
[2018.05.26-04.45.08:070][836]LogModuleManager: Shutting down and abandoning module ProjectSettingsViewer (160)
[2018.05.26-04.45.08:070][836]LogModuleManager: Shutting down and abandoning module InputBindingEditor (159)
[2018.05.26-04.45.08:070][836]LogModuleManager: Shutting down and abandoning module EditorSettingsViewer (158)
[2018.05.26-04.45.08:070][836]LogModuleManager: Shutting down and abandoning module SettingsEditor (157)
[2018.05.26-04.45.08:079][836]LogModuleManager: Shutting down and abandoning module ProjectLauncher (156)
[2018.05.26-04.45.08:107][836]LogModuleManager: Shutting down and abandoning module SessionFrontend (155)
[2018.05.26-04.45.08:121][836]LogModuleManager: Shutting down and abandoning module ProfilerClient (154)
[2018.05.26-04.45.08:159][836]LogModuleManager: Shutting down and abandoning module TargetDeviceServices (153)
[2018.05.26-04.45.08:159][836]LogModuleManager: Shutting down and abandoning module DeviceManager (152)
[2018.05.26-04.45.08:204][836]LogModuleManager: Shutting down and abandoning module AutomationController (151)
[2018.05.26-04.45.08:233][836]LogModuleManager: Shutting down and abandoning module AutomationWindow (150)
[2018.05.26-04.45.08:266][836]LogModuleManager: Shutting down and abandoning module Layers (149)
[2018.05.26-04.45.08:293][836]LogModuleManager: Shutting down and abandoning module ComponentVisualizers (148)
[2018.05.26-04.45.08:293][836]LogModuleManager: Shutting down and abandoning module DetailCustomizations (147)
[2018.05.26-04.45.08:311][836]LogModuleManager: Shutting down and abandoning module PackagesDialog (146)
[2018.05.26-04.45.08:312][836]LogModuleManager: Shutting down and abandoning module Persona (145)
[2018.05.26-04.45.08:330][836]LogModuleManager: Shutting down and abandoning module Kismet (144)
[2018.05.26-04.45.08:346][836]LogModuleManager: Shutting down and abandoning module GraphEditor (143)
[2018.05.26-04.45.08:392][836]LogModuleManager: Shutting down and abandoning module ClassViewer (142)
[2018.05.26-04.45.08:409][836]LogModuleManager: Shutting down and abandoning module Toolbox (141)
[2018.05.26-04.45.08:410][836]LogModuleManager: Shutting down and abandoning module ModuleUI (140)
[2018.05.26-04.45.08:449][836]LogModuleManager: Shutting down and abandoning module MovieSceneTools (139)
[2018.05.26-04.45.08:449][836]LogModuleManager: Shutting down and abandoning module OutputLog (138)
[2018.05.26-04.45.08:449][836]LogModuleManager: Shutting down and abandoning module GammaUI (137)
[2018.05.26-04.45.08:463][836]LogModuleManager: Shutting down and abandoning module Documentation (136)
[2018.05.26-04.45.08:463][836]LogModuleManager: Shutting down and abandoning module StreamingPauseRendering (135)
[2018.05.26-04.45.08:463][836]LogModuleManager: Shutting down and abandoning module AnalyticsET (134)
[2018.05.26-04.45.08:463][836]LogModuleManager: Shutting down and abandoning module Analytics (133)
[2018.05.26-04.45.08:463][836]LogModuleManager: Shutting down and abandoning module PortalServices (132)
[2018.05.26-04.45.08:463][836]LogModuleManager: Shutting down and abandoning module PortalRpc (131)
[2018.05.26-04.45.08:463][836]LogModuleManager: Shutting down and abandoning module MessagingRpc (130)
[2018.05.26-04.45.08:463][836]LogModuleManager: Shutting down and abandoning module AITestSuite (129)
[2018.05.26-04.45.08:463][836]LogModuleManager: Shutting down and abandoning module GameplayDebugger (128)
[2018.05.26-04.45.08:463][836]LogModuleManager: Shutting down and abandoning module AIModule (127)
[2018.05.26-04.45.08:463][836]LogModuleManager: Shutting down and abandoning module ProfilerService (126)
[2018.05.26-04.45.08:688][836]LogModuleManager: Shutting down and abandoning module TaskGraph (125)
[2018.05.26-04.45.08:703][836]LogModuleManager: Shutting down and abandoning module SlateRemote (124)
[2018.05.26-04.45.08:703][836]LogModuleManager: Shutting down and abandoning module SteamVRController (123)
[2018.05.26-04.45.08:703][836]LogModuleManager: Shutting down and abandoning module SteamVR (122)
[2018.05.26-04.45.08:703][836]LogModuleManager: Shutting down and abandoning module ProceduralMeshComponent (121)
[2018.05.26-04.45.08:703][836]LogModuleManager: Shutting down and abandoning module OculusLibrary (120)
[2018.05.26-04.45.08:703][836]LogModuleManager: Shutting down and abandoning module OculusInput (119)
[2018.05.26-04.45.08:703][836]LogModuleManager: Shutting down and abandoning module CustomMeshComponent (118)
[2018.05.26-04.45.08:703][836]LogModuleManager: Shutting down and abandoning module CableComponent (117)
[2018.05.26-04.45.08:704][836]LogModuleManager: Shutting down and abandoning module ArchVisCharacter (116)
[2018.05.26-04.45.08:704][836]LogModuleManager: Shutting down and abandoning module MediaPlayerEditor (115)
[2018.05.26-04.45.08:733][836]LogModuleManager: Shutting down and abandoning module HTML5Networking (114)
[2018.05.26-04.45.08:733][836]LogModuleManager: Shutting down and abandoning module SpeedTreeImporter (113)
[2018.05.26-04.45.08:734][836]LogModuleManager: Shutting down and abandoning module PluginBrowser (112)
[2018.05.26-04.45.08:734][836]LogModuleManager: Shutting down and abandoning module EpicSurvey (111)
[2018.05.26-04.45.08:734][836]LogModuleManager: Shutting down and abandoning module DesktopPlatform (110)
[2018.05.26-04.45.08:734][836]LogModuleManager: Shutting down and abandoning module VisualStudioSourceCodeAccess (109)
[2018.05.26-04.45.08:734][836]LogModuleManager: Shutting down and abandoning module UObjectPlugin (108)
[2018.05.26-04.45.08:734][836]LogModuleManager: Shutting down and abandoning module SubversionSourceControl (107)
[2018.05.26-04.45.08:734][836]LogModuleManager: Shutting down and abandoning module PerforceSourceControl (106)
[2018.05.26-04.45.08:734][836]LogModuleManager: Shutting down and abandoning module SourceControl (105)
[2018.05.26-04.45.08:734][836]LogModuleManager: Shutting down and abandoning module GitSourceControl (104)
[2018.05.26-04.45.08:734][836]LogModuleManager: Shutting down and abandoning module LightPropagationVolumeEditor (103)
[2018.05.26-04.45.08:734][836]LogModuleManager: Shutting down and abandoning module PaperTiledImporter (102)
[2018.05.26-04.45.08:734][836]LogModuleManager: Shutting down and abandoning module PaperSpriteSheetImporter (101)
[2018.05.26-04.45.08:734][836]LogModuleManager: Shutting down and abandoning module MeshPaint (100)
[2018.05.26-04.45.08:734][836]LogModuleManager: Shutting down and abandoning module HotReload (99)
[2018.05.26-04.45.08:734][836]LogModuleManager: Shutting down and abandoning module MainFrame (98)
[2018.05.26-04.45.08:734][836]LogModuleManager: Shutting down and abandoning module LevelEditor (97)
[2018.05.26-04.45.08:735][836]LogModuleManager: Shutting down and abandoning module DirectoryWatcher (96)
[2018.05.26-04.45.08:736][836]LogModuleManager: Shutting down and abandoning module AssetRegistry (95)
[2018.05.26-04.45.09:072][836]LogModuleManager: Shutting down and abandoning module ContentBrowser (94)
[2018.05.26-04.45.09:073][836]LogModuleManager: Shutting down and abandoning module Paper2DEditor (93)
[2018.05.26-04.45.09:085][836]LogModuleManager: Shutting down and abandoning module UdpMessaging (92)
[2018.05.26-04.45.09:185][836]LogModuleManager: Shutting down and abandoning module LightPropagationVolumeRuntime (91)
[2018.05.26-04.45.09:185][836]LogModuleManager: Shutting down and abandoning module Paper2D (90)
[2018.05.26-04.45.09:185][836]LogModuleManager: Shutting down and abandoning module WindowsMoviePlayer (89)
[2018.05.26-04.45.09:185][836]LogModuleManager: Shutting down and abandoning module Media (88)
[2018.05.26-04.45.09:185][836]LogModuleManager: Shutting down and abandoning module WmfMedia (87)
[2018.05.26-04.45.09:196][836]LogModuleManager: Shutting down and abandoning module MediaAssets (86)
[2018.05.26-04.45.09:196][836]LogModuleManager: Shutting down and abandoning module GameLiveStreaming (85)
[2018.05.26-04.45.09:196][836]LogModuleManager: Shutting down and abandoning module GameplayTagsEditor (84)
[2018.05.26-04.45.09:196][836]LogModuleManager: Shutting down and abandoning module OnlineBlueprintSupport (83)
[2018.05.26-04.45.09:196][836]LogModuleManager: Shutting down and abandoning module GameplayTasksEditor (82)
[2018.05.26-04.45.09:196][836]LogModuleManager: Shutting down and abandoning module PropertyEditor (81)
[2018.05.26-04.45.09:196][836]LogModuleManager: Shutting down and abandoning module BehaviorTreeEditor (80)
[2018.05.26-04.45.09:216][836]LogModuleManager: Shutting down and abandoning module FunctionalTesting (79)
[2018.05.26-04.45.09:216][836]LogModuleManager: Shutting down and abandoning module CollisionAnalyzer (78)
[2018.05.26-04.45.09:231][836]LogModuleManager: Shutting down and abandoning module WorkspaceMenuStructure (77)
[2018.05.26-04.45.09:231][836]LogModuleManager: Shutting down and abandoning module MessageLog (76)
[2018.05.26-04.45.09:232][836]LogModuleManager: Shutting down and abandoning module Sequencer (75)
[2018.05.26-04.45.09:258][836]LogModuleManager: Shutting down and abandoning module AssetTools (74)
[2018.05.26-04.45.09:292][836]LogModuleManager: Shutting down and abandoning module UMGEditor (73)
[2018.05.26-04.45.09:297][836]LogModuleManager: Shutting down and abandoning module UMG (72)
[2018.05.26-04.45.09:297][836]LogModuleManager: Shutting down and abandoning module SlateReflector (71)
[2018.05.26-04.45.09:322][836]LogModuleManager: Shutting down and abandoning module Slate (70)
[2018.05.26-04.45.09:322][836]LogModuleManager: Shutting down and abandoning module EditorStyle (69)
[2018.05.26-04.45.09:324][836]LogModuleManager: Shutting down and abandoning module SessionServices (68)
[2018.05.26-04.45.09:324][836]LogModuleManager: Shutting down and abandoning module SourceCodeAccess (67)
[2018.05.26-04.45.09:324][836]LogModuleManager: Shutting down and abandoning module HeadMountedDisplay (66)
[2018.05.26-04.45.09:324][836]LogModuleManager: Shutting down and abandoning module XAudio2 (65)
[2018.05.26-04.45.09:324][836]LogModuleManager: Shutting down and abandoning module Networking (63)
[2018.05.26-04.45.09:324][836]LogModuleManager: Shutting down and abandoning module Core (62)
[2018.05.26-04.45.09:324][836]LogModuleManager: Shutting down and abandoning module KismetCompiler (61)
[2018.05.26-04.45.09:324][836]LogModuleManager: Shutting down and abandoning module PhysXFormats (60)
[2018.05.26-04.45.09:324][836]LogModuleManager: Shutting down and abandoning module MeshUtilities (59)
[2018.05.26-04.45.09:334][836]LogModuleManager: Shutting down and abandoning module CookingStats (58)
[2018.05.26-04.45.09:334][836]LogModuleManager: Shutting down and abandoning module DerivedDataCache (57)
[2018.05.26-04.45.09:334][836]LogDerivedDataCache: Shutdown
[2018.05.26-04.45.09:334][836]LogModuleManager: Shutting down and abandoning module ShaderFormatOpenGL (56)
[2018.05.26-04.45.09:374][836]LogModuleManager: Shutting down and abandoning module ShaderFormatD3D (55)
[2018.05.26-04.45.09:374][836]LogModuleManager: Shutting down and abandoning module MetalShaderFormat (54)
[2018.05.26-04.45.09:389][836]LogModuleManager: Shutting down and abandoning module TextureFormatUncompressed (53)
[2018.05.26-04.45.09:389][836]LogModuleManager: Shutting down and abandoning module TextureFormatPVR (52)
[2018.05.26-04.45.09:389][836]LogModuleManager: Shutting down and abandoning module TextureFormatIntelISPCTexComp (51)
[2018.05.26-04.45.09:389][836]LogModuleManager: Shutting down and abandoning module TextureFormatDXT (50)
[2018.05.26-04.45.09:389][836]LogModuleManager: Shutting down and abandoning module ImageWrapper (49)
[2018.05.26-04.45.09:389][836]LogModuleManager: Shutting down and abandoning module TextureFormatASTC (48)
[2018.05.26-04.45.09:389][836]LogModuleManager: Shutting down and abandoning module TextureFormatAndroid (47)
[2018.05.26-04.45.09:389][836]LogModuleManager: Shutting down and abandoning module AudioFormatOpus (46)
[2018.05.26-04.45.09:390][836]LogModuleManager: Shutting down and abandoning module AudioFormatOgg (45)
[2018.05.26-04.45.09:390][836]LogModuleManager: Shutting down and abandoning module AudioFormatADPCM (44)
[2018.05.26-04.45.09:390][836]LogModuleManager: Shutting down and abandoning module LinuxTargetPlatform (43)
[2018.05.26-04.45.09:390][836]LogModuleManager: Shutting down and abandoning module LinuxServerTargetPlatform (42)
[2018.05.26-04.45.09:390][836]LogModuleManager: Shutting down and abandoning module LinuxNoEditorTargetPlatform (41)
[2018.05.26-04.45.09:390][836]LogModuleManager: Shutting down and abandoning module TVOSTargetPlatform (40)
[2018.05.26-04.45.09:390][836]LogModuleManager: Shutting down and abandoning module Messaging (39)
[2018.05.26-04.45.09:390][836]LogModuleManager: Shutting down and abandoning module IOSTargetPlatform (38)
[2018.05.26-04.45.09:390][836]LogModuleManager: Shutting down and abandoning module HTML5TargetPlatform (37)
[2018.05.26-04.45.09:390][836]LogModuleManager: Shutting down and abandoning module Android_PVRTCTargetPlatform (36)
[2018.05.26-04.45.09:390][836]LogModuleManager: Shutting down and abandoning module Android_MultiTargetPlatform (35)
[2018.05.26-04.45.09:390][836]LogModuleManager: Shutting down and abandoning module Android_ETC2TargetPlatform (34)
[2018.05.26-04.45.09:390][836]LogModuleManager: Shutting down and abandoning module Android_ETC1TargetPlatform (33)
[2018.05.26-04.45.09:390][836]LogModuleManager: Shutting down and abandoning module Android_DXTTargetPlatform (32)
[2018.05.26-04.45.09:390][836]LogModuleManager: Shutting down and abandoning module Android_ATCTargetPlatform (31)
[2018.05.26-04.45.09:390][836]LogModuleManager: Shutting down and abandoning module Android_ASTCTargetPlatform (30)
[2018.05.26-04.45.09:390][836]LogModuleManager: Shutting down and abandoning module AndroidTargetPlatform (29)
[2018.05.26-04.45.09:390][836]LogModuleManager: Shutting down and abandoning module WindowsTargetPlatform (28)
[2018.05.26-04.45.09:390][836]LogModuleManager: Shutting down and abandoning module WindowsServerTargetPlatform (27)
[2018.05.26-04.45.09:390][836]LogModuleManager: Shutting down and abandoning module WindowsNoEditorTargetPlatform (26)
[2018.05.26-04.45.09:403][836]LogModuleManager: Shutting down and abandoning module WindowsClientTargetPlatform (25)
[2018.05.26-04.45.09:403][836]LogModuleManager: Shutting down and abandoning module AllDesktopTargetPlatform (24)
[2018.05.26-04.45.09:403][836]LogModuleManager: Shutting down and abandoning module TargetPlatform (23)
[2018.05.26-04.45.09:403][836]LogModuleManager: Shutting down and abandoning module InputCore (22)
[2018.05.26-04.45.09:403][836]LogModuleManager: Shutting down and abandoning module Settings (21)
[2018.05.26-04.45.09:403][836]LogModuleManager: Shutting down and abandoning module OnlineSubsystem (19)
[2018.05.26-04.45.09:403][836]LogModuleManager: Shutting down and abandoning module HTTP (18)
[2018.05.26-04.45.21:502][836]LogModuleManager: Shutting down and abandoning module XMPP (17)
[2018.05.26-04.45.21:558][836]LogModuleManager: Shutting down and abandoning module OculusRift (16)
[2018.05.26-04.45.21:705][836]LogModuleManager: Shutting down and abandoning module ExampleDeviceProfileSelector (15)
[2018.05.26-04.45.21:705][836]LogModuleManager: Shutting down and abandoning module TextureCompressor (14)
[2018.05.26-04.45.21:734][836]LogModuleManager: Shutting down and abandoning module ShaderCore (13)
[2018.05.26-04.45.21:734][836]LogModuleManager: Shutting down and abandoning module Landscape (12)
[2018.05.26-04.45.21:734][836]LogModuleManager: Shutting down and abandoning module SlateRHIRenderer (11)
[2018.05.26-04.45.21:736][836]LogModuleManager: Shutting down and abandoning module OpenGLDrv (10)
[2018.05.26-04.45.21:768][836]LogModuleManager: Shutting down and abandoning module D3D11RHI (9)
[2018.05.26-04.45.21:768][836]LogModuleManager: Shutting down and abandoning module AnimGraphRuntime (8)
[2018.05.26-04.45.21:768][836]LogModuleManager: Shutting down and abandoning module Renderer (7)
[2018.05.26-04.45.21:768][836]LogModuleManager: Shutting down and abandoning module Engine (6)
[2018.05.26-04.45.21:768][836]LogModuleManager: Shutting down and abandoning module CoreUObject (5)
[2018.05.26-04.45.21:768][836]LogModuleManager: Shutting down and abandoning module NetworkFile (4)
[2018.05.26-04.45.21:778][836]LogModuleManager: Shutting down and abandoning module StreamingFile (3)
[2018.05.26-04.45.21:781][836]LogModuleManager: Shutting down and abandoning module SandboxFile (2)
[2018.05.26-04.45.21:794][836]LogModuleManager: Shutting down and abandoning module PakFile (1)
[2018.05.26-04.45.21:821][836]LogExit: Exiting.
[2018.05.26-04.45.21:823][836]Log file closed, 05/26/18 12:45:21
