Log file open, 05/24/18 15:57:26
LogInit:Display: Running engine for game: TopDownProject
LogPlatformFile: Not using cached read wrapper
LogInit:Display: RandInit(1349583409) SRandInit(1349583412).
LogTaskGraph: Started task graph with 4 named threads and 5 total threads.
LogStats: Stats thread started at 0.053981
LogInit: Version: 4.11.2-2946394+++UE4+Release-4.11
LogInit: API Version: 2927265
LogInit: Compiled (64-bit): Apr 18 2016 02:18:46
LogInit: Compiled with Visual C++: 19.00.23026.00
LogInit: Build Configuration: Development
LogInit: Branch Name: ++UE4+Release-4.11
LogInit: Command line:  
LogInit: Base directory: D:/UE_4.11/Engine/Binaries/Win64/
LogInit: Installed Engine Build: 1
LogInit: Using libcurl 7.41.0
LogInit:  - built for x86_64-pc-win32
LogInit:  - supports SSL with WinSSL
LogInit:  - other features:
LogInit:      CURL_VERSION_SSL
LogInit:      CURL_VERSION_IPV6
LogInit:      CURL_VERSION_ASYNCHDNS
LogInit:      CURL_VERSION_LARGEFILE
LogInit:      CURL_VERSION_IDN
LogInit:  CurlRequestOptions (configurable via config and command line):
LogInit:  - bVerifyPeer = true  - Libcurl will verify peer certificate
LogInit:  - bUseHttpProxy = false  - Libcurl will NOT use HTTP proxy
LogInit:  - bDontReuseConnections = false  - Libcurl will reuse connections
LogInit:  - CertBundlePath = nullptr  - Libcurl will use whatever was configured at build time.
LogInit: Presizing for max 16777216 objects, including 0 objects not considered by GC, pre-allocating 0 bytes for permanent pool.
LogInit: Object subsystem initialized
[2018.05.24-07.57.26:618][  0]LogInit: Selected Device Profile: [Windows]
[2018.05.24-07.57.26:619][  0]LogInit: Applying CVar settings loaded from the selected device profile: [Windows]
[2018.05.24-07.57.26:705][  0]LogInit: Computer: 1-ПК
[2018.05.24-07.57.26:705][  0]LogInit: User: 1
[2018.05.24-07.57.26:705][  0]LogInit: CPU Page size=65536, Cores=2
[2018.05.24-07.57.26:705][  0]LogInit: High frequency timer resolution =2.338515 MHz
[2018.05.24-07.57.26:706][  0]LogMemory: Memory total: Physical=3.9GB (4GB approx)
[2018.05.24-07.57.26:706][  0]LogMemory: Platform Memory Stats for Windows
[2018.05.24-07.57.26:706][  0]LogMemory: Process Physical Memory: 314.40 MB used, 314.40 MB peak
[2018.05.24-07.57.26:706][  0]LogMemory: Process Virtual Memory: 314.86 MB used, 314.86 MB peak
[2018.05.24-07.57.26:706][  0]LogMemory: Physical Memory: 1999.82 MB used, 4010.14 MB total
[2018.05.24-07.57.26:706][  0]LogMemory: Virtual Memory: 620.87 MB used, 8388608.00 MB total
[2018.05.24-07.57.26:879][  0]LogTextLocalizationManager: No translations for ('ru-RU') exist, falling back to 'en' for localization and internationalization data.
[2018.05.24-07.57.27:911][  0]LogD3D11RHI: D3D11 adapters:
[2018.05.24-07.57.28:310][  0]LogD3D11RHI:    0. 'NVIDIA GeForce 410M' (Feature Level 11_0)
[2018.05.24-07.57.28:310][  0]LogD3D11RHI:       979MB of dedicated video memory, 0MB of dedicated system memory, and 1749MB of shared system memory, 1 output[s]
[2018.05.24-07.57.28:334][  0]LogD3D11RHI:    1. 'NVIDIA GeForce 410M' (Feature Level 11_0)
[2018.05.24-07.57.28:334][  0]LogD3D11RHI:       979MB of dedicated video memory, 0MB of dedicated system memory, and 1749MB of shared system memory, 0 output[s]
[2018.05.24-07.57.28:334][  0]LogD3D11RHI: Chosen D3D11 Adapter: 0
[2018.05.24-07.57.28:343][  0]LogD3D11RHI: Creating new Direct3DDevice
[2018.05.24-07.57.28:343][  0]LogD3D11RHI:     Adapter Name: Intel(R) HD Graphics 3000
[2018.05.24-07.57.28:343][  0]LogD3D11RHI:   Driver Version: Unknown (internal Unknown)
[2018.05.24-07.57.28:343][  0]LogD3D11RHI:      Driver Date: Unknown
[2018.05.24-07.57.28:343][  0]LogRHI: Texture pool is 1297 MB (70% of 1854 MB)
[2018.05.24-07.57.28:361][  0]LogD3D11RHI: Async texture creation enabled
[2018.05.24-07.57.28:380][  0]LogShaderCompilers: Guid format shader working directory is -16 characters bigger than the processId version (../../../../sergey/UnrealProjects/Game_1337/TopDownProject/Intermediate/Shaders/WorkingDirectory/5968/).
[2018.05.24-07.57.28:381][  0]LogShaderCompilers: Cleaned the shader compiler working directory 'C:/Users/1/AppData/Local/Temp/UnrealShaderWorkingDir/BBB5AE984AA158A96E2C7C9C0A903BB9/'.
[2018.05.24-07.57.28:381][  0]LogShaderCompilers:Display: Using Local Shader Compiler.
[2018.05.24-07.57.32:178][  0]LogTemp:Display: Loaded TP AllDesktopTargetPlatform
[2018.05.24-07.57.32:183][  0]LogTemp:Display: Loaded TP WindowsClientTargetPlatform
[2018.05.24-07.57.32:190][  0]LogTemp:Display: Loaded TP WindowsNoEditorTargetPlatform
[2018.05.24-07.57.32:195][  0]LogTemp:Display: Loaded TP WindowsServerTargetPlatform
[2018.05.24-07.57.32:201][  0]LogTemp:Display: Loaded TP WindowsTargetPlatform
[2018.05.24-07.57.32:207][  0]LogTemp:Display: Loaded TP AndroidTargetPlatform
[2018.05.24-07.57.32:214][  0]LogTemp:Display: Loaded TP Android_ASTCTargetPlatform
[2018.05.24-07.57.32:221][  0]LogTemp:Display: Loaded TP Android_ATCTargetPlatform
[2018.05.24-07.57.32:225][  0]LogTemp:Display: Loaded TP Android_DXTTargetPlatform
[2018.05.24-07.57.32:229][  0]LogTemp:Display: Loaded TP Android_ETC1TargetPlatform
[2018.05.24-07.57.32:234][  0]LogTemp:Display: Loaded TP Android_ETC2TargetPlatform
[2018.05.24-07.57.32:243][  0]LogTemp:Display: Loaded TP Android_MultiTargetPlatform
[2018.05.24-07.57.32:243][  0]LogTemp:Display: Loaded TP Android_PVRTCTargetPlatform
[2018.05.24-07.57.32:244][  0]LogTemp:Display: Loaded TP HTML5TargetPlatform
[2018.05.24-07.57.32:262][  0]LogTemp:Display: Loaded TP IOSTargetPlatform
[2018.05.24-07.57.32:267][  0]LogTemp:Display: Loaded TP TVOSTargetPlatform
[2018.05.24-07.57.32:273][  0]LogTemp:Display: Loaded TP LinuxNoEditorTargetPlatform
[2018.05.24-07.57.32:278][  0]LogTemp:Display: Loaded TP LinuxServerTargetPlatform
[2018.05.24-07.57.32:282][  0]LogTemp:Display: Loaded TP LinuxTargetPlatform
[2018.05.24-07.57.32:282][  0]LogTargetPlatformManager:Display: Building Assets For Windows
[2018.05.24-07.57.32:382][  0]LogDerivedDataCache:Display: Max Cache Size: 512 MB
[2018.05.24-07.57.33:559][  0]LogDerivedDataCache: Loaded boot cache 1.18s 46MB C:/Users/1/AppData/Local/UnrealEngine/4.11/DerivedDataCache/Boot.ddc.
[2018.05.24-07.57.33:559][  0]LogDerivedDataCache:Display: Loaded Boot cache: C:/Users/1/AppData/Local/UnrealEngine/4.11/DerivedDataCache/Boot.ddc
[2018.05.24-07.57.33:559][  0]LogDerivedDataCache: FDerivedDataBackendGraph:  Pak pak cache file ../../../../sergey/UnrealProjects/Game_1337/TopDownProject/DerivedDataCache/DDC.ddp not found, will not use a pak cache.
[2018.05.24-07.57.33:559][  0]LogDerivedDataCache: Unable to find inner node Pak for hierarchical cache Hierarchy.
[2018.05.24-07.57.33:559][  0]LogDerivedDataCache: FDerivedDataBackendGraph:  CompressedPak pak cache file ../../../../sergey/UnrealProjects/Game_1337/TopDownProject/DerivedDataCache/Compressed.ddp not found, will not use a pak cache.
[2018.05.24-07.57.33:559][  0]LogDerivedDataCache: Unable to find inner node CompressedPak for hierarchical cache Hierarchy.
[2018.05.24-07.57.33:584][  0]LogDerivedDataCache:Display: Pak cache opened for reading ../../../Engine/DerivedDataCache/Compressed.ddp.
[2018.05.24-07.57.33:596][  0]LogDerivedDataCache: Using Local data cache path C:/Users/1/AppData/Local/UnrealEngine/Common/DerivedDataCache: Writable
[2018.05.24-07.57.33:970][  0]LogInit: Selected Device Profile: [Windows]
[2018.05.24-07.57.33:971][  0]LogContentStreaming: Texture pool size is 0.00 MB
[2018.05.24-07.57.34:028][  0]LogMaterial: Uniform references updated for custom material expression Custom.
[2018.05.24-07.57.34:332][  0]LogMeshUtilities: No automatic mesh reduction module available
[2018.05.24-07.57.34:332][  0]LogMeshUtilities: No automatic mesh merging module available
[2018.05.24-07.57.34:332][  0]LogMeshUtilities: No distributed automatic mesh merging module available
[2018.05.24-07.57.34:900][  0]LogUObjectArray: 27679 objects as part of root set at end of initial load.
[2018.05.24-07.57.34:900][  0]LogUObjectAllocator: 5591592 out of 0 bytes used by permanent object pool.
[2018.05.24-07.57.34:900][  0]LogUObjectArray: CloseDisregardForGC: 0/0 objects in disregard for GC pool
[2018.05.24-07.57.34:906][  0]LogInit: WinSock: version 1.1 (2.2), MaxSocks=32767, MaxUdp=65467
[2018.05.24-07.57.35:130][  0]LogSlate: SlateFontCache - WITH_FREETYPE: 1, WITH_HARFBUZZ: 1
[2018.05.24-07.57.35:130][  0]LogSlate: SlateFontCache - WITH_FREETYPE: 1, WITH_HARFBUZZ: 1
[2018.05.24-07.57.37:423][  0]LogStreaming:Warning: Failed to read file '../../../Engine/Content/Editor/Slate/Common/Selection_16x.png' error.
[2018.05.24-07.57.37:423][  0]LogSlate: Could not find file for Slate resource: ../../../Engine/Content/Editor/Slate/Common/Selection_16x.png
[2018.05.24-07.57.37:423][  0]LogStreaming:Warning: Failed to read file '../../../Engine/Content/Editor/Slate/Common/Selection_16x.png' error.
[2018.05.24-07.57.37:423][  0]LogSlate: Could not find file for Slate resource: ../../../Engine/Content/Editor/Slate/Common/Selection_16x.png
[2018.05.24-07.57.37:423][  0]LogStreaming:Warning: Failed to read file '../../../Engine/Content/Editor/Slate/Common/Selection_16x.png' error.
[2018.05.24-07.57.37:423][  0]LogSlate: Could not find file for Slate resource: ../../../Engine/Content/Editor/Slate/Common/Selection_16x.png
[2018.05.24-07.57.54:704][  0]LogUdpMessaging: Initializing bridge on interface 0.0.0.0:0 to multicast group 230.0.0.1:6666.
[2018.05.24-07.57.54:931][  0]LogAssetRegistry: FAssetRegistry took 0.0202 seconds to start up
[2018.05.24-07.57.55:444][  0]SourceControl: Info Source control is disabled
[2018.05.24-07.57.55:445][  0]SourceControl: Info Source control is disabled
[2018.05.24-07.57.55:452][  0]SourceControl: Info Source control is disabled
[2018.05.24-07.57.55:458][  0]SourceControl: Info Source control is disabled
[2018.05.24-07.57.55:564][  0]LogHMD: Failed to initialize OpenVR with code 110
[2018.05.24-07.57.55:652][  0]LogEngine: Initializing Engine...
[2018.05.24-07.57.57:868][  0]LogAIModule: Creating AISystem for world NewWorld
[2018.05.24-07.57.57:875][  0]LogInit: XAudio2 using 'Динамики (Устройство с поддержкой High Definition Audio)' : 2 channels at 44.1 kHz using 16 bits per sample (channel mask 0x3)
[2018.05.24-07.57.57:911][  0]LogInit: FAudioDevice initialized.
[2018.05.24-07.57.57:940][  0]LogDerivedDataCache: Saved boot cache 0.03s 46MB C:/Users/1/AppData/Local/UnrealEngine/4.11/DerivedDataCache/Boot.ddc.
[2018.05.24-07.57.57:947][  0]LogInit: Texture streaming: Enabled
[2018.05.24-07.57.57:984][  0]LogInit: Transaction tracking system initialized
[2018.05.24-07.57.58:004][  0]BlueprintLog: New page: Editor Load
[2018.05.24-07.57.58:117][  0]LocalizationService: Info Localization service is disabled
[2018.05.24-07.57.58:407][  0]LogConsoleResponse:Display: 
[2018.05.24-07.57.58:671][  0]LogCook:Display: Max memory allowance for cook 8192mb
[2018.05.24-07.57.58:671][  0]LogCook:Display: Mobile HDR setting 1
[2018.05.24-07.57.58:671][  0]LogCook:Display: Done creating registry. It took  0.00s.
[2018.05.24-07.57.58:762][  0]LogFileCache: Scanning file cache for directory 'D:/sergey/UnrealProjects/Game_1337/TopDownProject/Content/' took 0.05s
[2018.05.24-07.57.58:762][  0]SourceControl: Info Source control is disabled
[2018.05.24-07.59.38:396][  0]LogWindowsTextInputMethodSystem:Display: IME system now deactivated.
[2018.05.24-07.59.38:397][  0]Cmd: MAP LOAD FILE="../../../../sergey/UnrealProjects/Game_1337/TopDownProject/Content/TopDownBP/Maps/TopDownExampleMap.umap" TEMPLATE=0 SHOWPROGRESS=1 FEATURELEVEL=3
[2018.05.24-07.59.38:433][  0]LightingResults: New page: Lighting Build
[2018.05.24-07.59.38:436][  0]MapCheck: New page: Map Check
[2018.05.24-07.59.38:436][  0]LightingResults: New page: Lighting Build
[2018.05.24-07.59.38:917][  0]LogLinker:Warning: Asset '../../../../sergey/UnrealProjects/Game_1337/TopDownProject/Content/Mannequin/Animations/ThirdPerson_AnimBP.uasset' has been saved with empty engine version. The asset will be loaded but may be incompatible.
[2018.05.24-07.59.38:935][  0]LogLinker:Warning: Asset '../../../../sergey/UnrealProjects/Game_1337/TopDownProject/Content/Mannequin/Animations/ThirdPerson_Jump.uasset' has been saved with empty engine version. The asset will be loaded but may be incompatible.
[2018.05.24-07.59.38:975][  0]LogLinker:Warning: Asset '../../../../sergey/UnrealProjects/Game_1337/TopDownProject/Content/Mannequin/Animations/ThirdPersonJump_Loop.uasset' has been saved with empty engine version. The asset will be loaded but may be incompatible.
[2018.05.24-07.59.38:984][  0]LogLinker:Warning: Asset '../../../../sergey/UnrealProjects/Game_1337/TopDownProject/Content/Mannequin/Animations/ThirdPersonJump_Start.uasset' has been saved with empty engine version. The asset will be loaded but may be incompatible.
[2018.05.24-07.59.39:024][  0]LogLinker:Warning: Asset '../../../../sergey/UnrealProjects/Game_1337/TopDownProject/Content/Mannequin/Animations/ThirdPersonIdle.uasset' has been saved with empty engine version. The asset will be loaded but may be incompatible.
[2018.05.24-07.59.39:054][  0]LogLinker:Warning: Asset '../../../../sergey/UnrealProjects/Game_1337/TopDownProject/Content/Mannequin/Animations/ThirdPersonRun.uasset' has been saved with empty engine version. The asset will be loaded but may be incompatible.
[2018.05.24-07.59.39:067][  0]LogLinker:Warning: Asset '../../../../sergey/UnrealProjects/Game_1337/TopDownProject/Content/Mannequin/Animations/ThirdPersonWalk.uasset' has been saved with empty engine version. The asset will be loaded but may be incompatible.
[2018.05.24-07.59.46:728][  0]LogMaterial: Uniform references updated for custom material expression Custom.
[2018.05.24-07.59.46:751][  0]LogMaterial: Uniform references updated for custom material expression TemporalAA SampleID.
[2018.05.24-08.00.07:873][  0]LogAIModule: Creating AISystem for world TopDownExampleMap
[2018.05.24-08.00.10:221][  0]LogMaterial:Warning: Material /Game/InfinityBladeGrassLands/Environments/Plains/Env_Plains_Flora/Materials/M_PLains_Fern01.M_PLains_Fern01 needed to have new flag set bUsedWithInstancedStaticMeshes !
[2018.05.24-08.00.10:271][  0]LogMaterial: Missing cached shader map for material M_PLains_Fern01, compiling. 
[2018.05.24-08.00.10:733][  0]MapCheck:Warning: Warning M_PLains_Fern01 Material /Game/InfinityBladeGrassLands/Environments/Plains/Env_Plains_Flora/Materials/M_PLains_Fern01.M_PLains_Fern01 was missing the usage flag bUsedWithInstancedStaticMeshes. If the material asset is not re-saved, it may not render correctly when run outside the editor. Fix
[2018.05.24-08.00.10:769][  0]LogMaterial: 0.00 seconds spent updating 1 materials, 1 interfaces, 0 instances, 0 with static permutations.
[2018.05.24-08.00.11:126][  0]LogPrimitiveComponent: Zero scaling not supported (/Game/TopDownBP/Maps/TopDownExampleMap.TopDownExampleMap:PersistentLevel.Coins_785.Cube)
[2018.05.24-08.00.11:127][  0]LogPrimitiveComponent: Zero scaling not supported (/Game/TopDownBP/Maps/TopDownExampleMap.TopDownExampleMap:PersistentLevel.Coins2_920.Cube)
[2018.05.24-08.00.17:524][  0]LogPrimitiveComponent: Zero scaling not supported (/Game/TopDownBP/Maps/TopDownExampleMap.TopDownExampleMap:PersistentLevel.Coins_785.Cube)
[2018.05.24-08.00.17:524][  0]LogPrimitiveComponent: Zero scaling not supported (/Game/TopDownBP/Maps/TopDownExampleMap.TopDownExampleMap:PersistentLevel.Coins_785.Cube)
[2018.05.24-08.00.17:527][  0]LogPrimitiveComponent: Zero scaling not supported (/Game/TopDownBP/Maps/TopDownExampleMap.TopDownExampleMap:PersistentLevel.Coins2_920.Cube)
[2018.05.24-08.00.17:527][  0]LogPrimitiveComponent: Zero scaling not supported (/Game/TopDownBP/Maps/TopDownExampleMap.TopDownExampleMap:PersistentLevel.Coins2_920.Cube)
[2018.05.24-08.00.18:929][  0]LogEditorServer: Finished looking for orphan Actors (0.038 secs)
[2018.05.24-08.00.19:871][  0]Cmd: MAP CHECKDEP NOCLEARLOG
[2018.05.24-08.00.20:214][  0]MapCheck: Info Map check complete: 0 Error(s), 1 Warning(s), took 343.094ms to complete.
[2018.05.24-08.00.20:585][  0]LogFileHelpers: Loading map 'TopDownExampleMap' took 42.186
[2018.05.24-08.00.25:857][  0]LogStats:Warning: MetaData mismatch. Did you assign a stat to two groups? New //STATGROUP_Threads//SplashScreenThread///Thread_104_0///####STATCAT_Advanced#### old //STATGROUP_Threads//SplashScreenThread///Thread_15b8_0///####STATCAT_Advanced####
[2018.05.24-08.00.25:857][  0]LogCollectionManager: Loaded 0 collections in 0.021518 seconds
[2018.05.24-08.00.26:656][  0]LogFileCache: Scanning file cache for directory 'D:/sergey/UnrealProjects/Game_1337/TopDownProject/Saved/Collections/' took 0.01s
[2018.05.24-08.00.26:656][  0]LogFileCache: Scanning file cache for directory 'D:/sergey/UnrealProjects/Game_1337/TopDownProject/Content/Developers/1/Collections/' took 0.01s
[2018.05.24-08.00.26:656][  0]LogFileCache: Scanning file cache for directory 'D:/sergey/UnrealProjects/Game_1337/TopDownProject/Content/Collections/' took 0.03s
[2018.05.24-08.00.26:656][  0]LogCollectionManager: Rebuilt the GUID cache for 0 collections in 0.000005 seconds
[2018.05.24-08.00.26:766][  0]LogContentBrowser: Native class hierarchy populated in 0.0599 seconds. Added 1979 classes and 343 folders.
[2018.05.24-08.00.27:110][  0]LogStats: UGameplayTagsManager::ConstructGameplayTagTree: Construct from data asset -  0.013 s
[2018.05.24-08.00.27:111][  0]LogStats: UGameplayTagsManager::ConstructGameplayTagTree: GameplayTagTreeChangedEvent.Broadcast -  0.001 s
[2018.05.24-08.00.27:113][  0]LogContentBrowser: Native class hierarchy updated for 'GameplayTags' in 0.0011 seconds. Added 12 classes and 0 folders.
[2018.05.24-08.00.27:247][  0]LogContentBrowser: Native class hierarchy updated for 'WidgetCarousel' in 0.0008 seconds. Added 0 classes and 0 folders.
[2018.05.24-08.00.27:495][  0]LogContentBrowser: Native class hierarchy updated for 'SuperSearch' in 0.0008 seconds. Added 1 classes and 2 folders.
[2018.05.24-08.00.28:642][  0]LogContentBrowser: Native class hierarchy updated for 'AddContentDialog' in 0.0008 seconds. Added 0 classes and 0 folders.
[2018.05.24-08.00.28:813][  0]LogContentBrowser: Native class hierarchy updated for 'SceneOutliner' in 0.0014 seconds. Added 1 classes and 2 folders.
[2018.05.24-08.00.29:666][  0]LogCrashTracker: Crashtracker disabled due to settings.
[2018.05.24-08.00.30:242][  0]LogUObjectGlobals:Warning: Failed to find object 'Class None.'
[2018.05.24-08.00.30:589][  0]LogContentBrowser: Native class hierarchy updated for 'HierarchicalLODOutliner' in 0.0009 seconds. Added 1 classes and 2 folders.
[2018.05.24-08.00.30:599][  0]LogLoad: Full Startup: 193.22 seconds (BP compile: 2.65 seconds)
[2018.05.24-08.00.30:600][  0]LogExternalProfiler:Warning: No registered external profiler was matched with a command-line switch (or the DLL could not be loaded).  External profiling features will not be available.
[2018.05.24-08.00.30:798][  0]LogOcInput: OculusInput pre-init called
[2018.05.24-08.00.32:442][  0]LogRenderer: Reallocating scene render targets to support 256x256 (Frame:1).
[2018.05.24-08.00.33:630][  0]LogContentStreaming: Texture pool size now 200 MB
[2018.05.24-08.00.35:335][  0]LogRenderer: Reallocating scene render targets to support 768x392 (Frame:2).
[2018.05.24-08.00.55:673][  5]LogAssetRegistry: Asset discovery search completed in 180.7562 seconds
[2018.05.24-08.00.55:712][  5]LogCollectionManager: Rebuilt the object cache for 0 collections in 0.000001 seconds (found 0 objects)
[2018.05.24-08.00.55:712][  5]LogCollectionManager: Fixed up redirectors for 0 collections in 0.038287 seconds (updated 0 objects)
[2018.05.24-08.02.03:216][989]LogFbx:Warning: FBX version number for this version of the FBX SDK is 7.5.0


[2018.05.24-08.06.27:525][ 42]LogBlueprintUserMessages: Early PlayInEditor Detection: Level '/Game/TopDownBP/Maps/TopDownExampleMap.TopDownExampleMap:PersistentLevel' has LevelScriptBlueprint '/Game/TopDownBP/Maps/TopDownExampleMap.TopDownExampleMap:PersistentLevel.TopDownExampleMap' with GeneratedClass '/Game/TopDownBP/Maps/TopDownExampleMap.TopDownExampleMap_C' with ClassGeneratedBy '/Game/TopDownBP/Maps/TopDownExampleMap.TopDownExampleMap:PersistentLevel.TopDownExampleMap'
[2018.05.24-08.06.27:526][ 42]LogPlayLevel: PlayLevel: No blueprints needed recompiling
[2018.05.24-08.06.28:488][ 42]PIE: New page: PIE session: TopDownExampleMap (May 25, 2018, 12:06:27 AM)
[2018.05.24-08.06.28:500][ 42]LogPlayLevel: Creating play world package: /Game/TopDownBP/Maps/UEDPIE_0_TopDownExampleMap
[2018.05.24-08.06.28:805][ 42]LogPlayLevel: PIE: StaticDuplicateObject took: (0.304323s)
[2018.05.24-08.06.28:806][ 42]LogAIModule: Creating AISystem for world TopDownExampleMap
[2018.05.24-08.06.28:806][ 42]LogPlayLevel: PIE: World Init took: (0.001037s)
[2018.05.24-08.06.28:851][ 42]LogPlayLevel: PIE: Created PIE world by copying editor world from /Game/TopDownBP/Maps/TopDownExampleMap.TopDownExampleMap to /Game/TopDownBP/Maps/UEDPIE_0_TopDownExampleMap.TopDownExampleMap (0.350791s)
[2018.05.24-08.06.28:877][ 42]LogActorComponent: UnregisterComponent: (/Engine/Transient.CharMoveComp) Not registered. Aborting.
[2018.05.24-08.06.28:877][ 42]LogActorComponent: UnregisterComponent: (/Engine/Transient.CursorOnActorText_GEN_VARIABLE) Not registered. Aborting.
[2018.05.24-08.06.28:877][ 42]LogActorComponent: UnregisterComponent: (/Engine/Transient.CharGoingForAction_GEN_VARIABLE) Not registered. Aborting.
[2018.05.24-08.06.28:877][ 42]LogActorComponent: UnregisterComponent: (/Engine/Transient.CharGoingForAction_C_0) Not registered. Aborting.
[2018.05.24-08.06.28:877][ 42]LogActorComponent: UnregisterComponent: (/Engine/Transient.CursorOnActorText_C_0) Not registered. Aborting.
[2018.05.24-08.06.29:665][ 42]LogInit: XAudio2 using 'Динамики (Устройство с поддержкой High Definition Audio)' : 2 channels at 44.1 kHz using 16 bits per sample (channel mask 0x3)
[2018.05.24-08.06.29:677][ 42]LogInit: FAudioDevice initialized.
[2018.05.24-08.06.30:065][ 42]LogWorld: Game class is 'TopDownGameMode_C'
[2018.05.24-08.06.30:263][ 42]LogPrimitiveComponent: Zero scaling not supported (/Game/TopDownBP/Maps/UEDPIE_0_TopDownExampleMap.TopDownExampleMap:PersistentLevel.Coins_785.Cube)
[2018.05.24-08.06.30:264][ 42]LogPrimitiveComponent: Zero scaling not supported (/Game/TopDownBP/Maps/UEDPIE_0_TopDownExampleMap.TopDownExampleMap:PersistentLevel.Coins2_920.Cube)
[2018.05.24-08.06.30:267][ 42]LogWorld: Bringing World /Game/TopDownBP/Maps/UEDPIE_0_TopDownExampleMap.TopDownExampleMap up for play (max tick rate 60) at 2018.05.24-16.06.30
[2018.05.24-08.06.30:530][ 42]LogWorld: Bringing up level for play took: 0.279526
[2018.05.24-08.06.30:787][ 42]LogContentBrowser: Native class hierarchy updated for 'MovieSceneCapture' in 0.0007 seconds. Added 9 classes and 0 folders.
[2018.05.24-08.06.31:139][ 42]PIE: Info Play in editor start time for /Game/TopDownBP/Maps/UEDPIE_0_TopDownExampleMap 3.044
[2018.05.24-08.06.31:158][ 42]LogBlueprintUserMessages: Late PlayInEditor Detection: Level '/Game/TopDownBP/Maps/TopDownExampleMap.TopDownExampleMap:PersistentLevel' has LevelScriptBlueprint '/Game/TopDownBP/Maps/TopDownExampleMap.TopDownExampleMap:PersistentLevel.TopDownExampleMap' with GeneratedClass '/Game/TopDownBP/Maps/TopDownExampleMap.TopDownExampleMap_C' with ClassGeneratedBy '/Game/TopDownBP/Maps/TopDownExampleMap.TopDownExampleMap:PersistentLevel.TopDownExampleMap'
[2018.05.24-08.06.31:502][ 43]LogRenderer: Reallocating scene render targets to support 800x600 (Frame:377).
[2018.05.24-08.07.18:173][133]LogScript:Warning: Attempted to get an item from array TargetPoints out of bounds [2/1]!
[2018.05.24-08.07.18:190][134]LogScript:Warning: Attempted to get an item from array TargetPoints out of bounds [2/1]!
[2018.05.24-08.07.18:230][135]LogScript:Warning: Attempted to get an item from array TargetPoints out of bounds [2/1]!
[2018.05.24-08.07.18:276][136]LogScript:Warning: Attempted to get an item from array TargetPoints out of bounds [2/1]!
[2018.05.24-08.07.18:315][137]LogScript:Warning: Attempted to get an item from array TargetPoints out of bounds [2/1]!
[2018.05.24-08.07.18:361][138]LogScript:Warning: Attempted to get an item from array TargetPoints out of bounds [2/1]!
[2018.05.24-08.07.18:401][139]LogScript:Warning: Attempted to get an item from array TargetPoints out of bounds [2/1]!
[2018.05.24-08.07.18:444][140]LogScript:Warning: Attempted to get an item from array TargetPoints out of bounds [2/1]!
[2018.05.24-08.07.18:485][141]LogScript:Warning: Attempted to get an item from array TargetPoints out of bounds [2/1]!
[2018.05.24-08.07.18:531][142]LogScript:Warning: Attempted to get an item from array TargetPoints out of bounds [2/1]!
[2018.05.24-08.07.18:571][143]LogScript:Warning: Attempted to get an item from array TargetPoints out of bounds [2/1]!
[2018.05.24-08.07.18:612][144]LogScript:Warning: Attempted to get an item from array TargetPoints out of bounds [2/1]!
[2018.05.24-08.07.18:651][145]LogScript:Warning: Attempted to get an item from array TargetPoints out of bounds [2/1]!
[2018.05.24-08.07.18:697][146]LogScript:Warning: Attempted to get an item from array TargetPoints out of bounds [2/1]!
[2018.05.24-08.07.18:735][147]LogScript:Warning: Attempted to get an item from array TargetPoints out of bounds [2/1]!
[2018.05.24-08.07.18:780][148]LogScript:Warning: Attempted to get an item from array TargetPoints out of bounds [2/1]!
[2018.05.24-08.07.18:820][149]LogScript:Warning: Attempted to get an item from array TargetPoints out of bounds [2/1]!
[2018.05.24-08.07.18:866][150]LogScript:Warning: Attempted to get an item from array TargetPoints out of bounds [2/1]!
[2018.05.24-08.07.18:908][151]LogScript:Warning: Attempted to get an item from array TargetPoints out of bounds [2/1]!
[2018.05.24-08.07.18:956][152]LogScript:Warning: Attempted to get an item from array TargetPoints out of bounds [2/1]!
[2018.05.24-08.07.18:996][153]LogScript:Warning: Attempted to get an item from array TargetPoints out of bounds [2/1]!
[2018.05.24-08.07.19:038][154]LogScript:Warning: Attempted to get an item from array TargetPoints out of bounds [2/1]!
[2018.05.24-08.07.19:079][155]LogScript:Warning: Attempted to get an item from array TargetPoints out of bounds [2/1]!
[2018.05.24-08.07.19:128][156]LogScript:Warning: Attempted to get an item from array TargetPoints out of bounds [2/1]!
[2018.05.24-08.07.19:167][157]LogScript:Warning: Attempted to get an item from array TargetPoints out of bounds [2/1]!
[2018.05.24-08.07.19:210][158]LogScript:Warning: Attempted to get an item from array TargetPoints out of bounds [2/1]!
[2018.05.24-08.07.19:248][159]LogScript:Warning: Attempted to get an item from array TargetPoints out of bounds [2/1]!
[2018.05.24-08.07.19:295][160]LogScript:Warning: Attempted to get an item from array TargetPoints out of bounds [2/1]!
[2018.05.24-08.07.19:335][161]LogScript:Warning: Attempted to get an item from array TargetPoints out of bounds [2/1]!
[2018.05.24-08.07.19:382][162]LogScript:Warning: Attempted to get an item from array TargetPoints out of bounds [2/1]!
[2018.05.24-08.07.19:420][163]LogScript:Warning: Attempted to get an item from array TargetPoints out of bounds [2/1]!
[2018.05.24-08.07.19:463][164]LogScript:Warning: Attempted to get an item from array TargetPoints out of bounds [2/1]!
[2018.05.24-08.07.19:504][165]LogScript:Warning: Attempted to get an item from array TargetPoints out of bounds [2/1]!
[2018.05.24-08.07.19:548][166]LogScript:Warning: Attempted to get an item from array TargetPoints out of bounds [2/1]!
[2018.05.24-08.07.19:590][167]LogScript:Warning: Attempted to get an item from array TargetPoints out of bounds [2/1]!
[2018.05.24-08.07.19:633][168]LogScript:Warning: Attempted to get an item from array TargetPoints out of bounds [2/1]!
[2018.05.24-08.07.19:672][169]LogScript:Warning: Attempted to get an item from array TargetPoints out of bounds [2/1]!
[2018.05.24-08.07.19:718][170]LogScript:Warning: Attempted to get an item from array TargetPoints out of bounds [2/1]!
[2018.05.24-08.07.19:756][171]LogScript:Warning: Attempted to get an item from array TargetPoints out of bounds [2/1]!
[2018.05.24-08.07.19:802][172]LogScript:Warning: Attempted to get an item from array TargetPoints out of bounds [2/1]!
[2018.05.24-08.07.19:843][173]LogScript:Warning: Attempted to get an item from array TargetPoints out of bounds [2/1]!
[2018.05.24-08.07.19:887][174]LogScript:Warning: Attempted to get an item from array TargetPoints out of bounds [2/1]!
[2018.05.24-08.07.19:926][175]LogScript:Warning: Attempted to get an item from array TargetPoints out of bounds [2/1]!
[2018.05.24-08.07.19:969][176]LogScript:Warning: Attempted to get an item from array TargetPoints out of bounds [2/1]!
[2018.05.24-08.07.20:010][177]LogScript:Warning: Attempted to get an item from array TargetPoints out of bounds [2/1]!
[2018.05.24-08.07.20:053][178]LogScript:Warning: Attempted to get an item from array TargetPoints out of bounds [2/1]!
[2018.05.24-08.07.20:093][179]LogScript:Warning: Attempted to get an item from array TargetPoints out of bounds [2/1]!
[2018.05.24-08.07.20:137][180]LogScript:Warning: Attempted to get an item from array TargetPoints out of bounds [2/1]!
[2018.05.24-08.07.20:177][181]LogScript:Warning: Attempted to get an item from array TargetPoints out of bounds [2/1]!
[2018.05.24-08.07.20:220][182]LogScript:Warning: Attempted to get an item from array TargetPoints out of bounds [2/1]!
[2018.05.24-08.07.20:260][183]LogScript:Warning: Attempted to get an item from array TargetPoints out of bounds [2/1]!
[2018.05.24-08.07.20:303][184]LogScript:Warning: Attempted to get an item from array TargetPoints out of bounds [2/1]!
[2018.05.24-08.07.20:345][185]LogScript:Warning: Attempted to get an item from array TargetPoints out of bounds [2/1]!
[2018.05.24-08.07.20:386][186]LogScript:Warning: Attempted to get an item from array TargetPoints out of bounds [2/1]!
[2018.05.24-08.07.20:426][187]LogScript:Warning: Attempted to get an item from array TargetPoints out of bounds [2/1]!
[2018.05.24-08.07.20:475][188]LogScript:Warning: Attempted to get an item from array TargetPoints out of bounds [2/1]!
[2018.05.24-08.07.20:516][189]LogScript:Warning: Attempted to get an item from array TargetPoints out of bounds [2/1]!
[2018.05.24-08.07.20:561][190]LogScript:Warning: Attempted to get an item from array TargetPoints out of bounds [2/1]!
[2018.05.24-08.07.20:603][191]LogScript:Warning: Attempted to get an item from array TargetPoints out of bounds [2/1]!
[2018.05.24-08.07.20:651][192]LogScript:Warning: Attempted to get an item from array TargetPoints out of bounds [2/1]!
[2018.05.24-08.07.20:691][193]LogScript:Warning: Attempted to get an item from array TargetPoints out of bounds [2/1]!
[2018.05.24-08.07.20:734][194]LogScript:Warning: Attempted to get an item from array TargetPoints out of bounds [2/1]!
[2018.05.24-08.07.20:773][195]LogScript:Warning: Attempted to get an item from array TargetPoints out of bounds [2/1]!
[2018.05.24-08.07.20:821][196]LogScript:Warning: Attempted to get an item from array TargetPoints out of bounds [2/1]!
[2018.05.24-08.07.20:862][197]LogScript:Warning: Attempted to get an item from array TargetPoints out of bounds [2/1]!
[2018.05.24-08.07.20:910][198]LogScript:Warning: Attempted to get an item from array TargetPoints out of bounds [2/1]!
[2018.05.24-08.07.20:949][199]LogScript:Warning: Attempted to get an item from array TargetPoints out of bounds [2/1]!
[2018.05.24-08.07.20:999][200]LogScript:Warning: Attempted to get an item from array TargetPoints out of bounds [2/1]!
[2018.05.24-08.07.21:040][201]LogScript:Warning: Attempted to get an item from array TargetPoints out of bounds [2/1]!
[2018.05.24-08.07.21:088][202]LogScript:Warning: Attempted to get an item from array TargetPoints out of bounds [2/1]!
[2018.05.24-08.07.21:129][203]LogScript:Warning: Attempted to get an item from array TargetPoints out of bounds [2/1]!
[2018.05.24-08.07.21:173][204]LogScript:Warning: Attempted to get an item from array TargetPoints out of bounds [2/1]!
[2018.05.24-08.07.21:213][205]LogScript:Warning: Attempted to get an item from array TargetPoints out of bounds [2/1]!
[2018.05.24-08.07.21:256][206]LogScript:Warning: Attempted to get an item from array TargetPoints out of bounds [2/1]!
[2018.05.24-08.07.21:296][207]LogScript:Warning: Attempted to get an item from array TargetPoints out of bounds [2/1]!
[2018.05.24-08.07.21:339][208]LogScript:Warning: Attempted to get an item from array TargetPoints out of bounds [2/1]!
[2018.05.24-08.07.21:380][209]LogScript:Warning: Attempted to get an item from array TargetPoints out of bounds [2/1]!
[2018.05.24-08.07.21:423][210]LogScript:Warning: Attempted to get an item from array TargetPoints out of bounds [2/1]!
[2018.05.24-08.07.21:472][211]LogScript:Warning: Attempted to get an item from array TargetPoints out of bounds [2/1]!
[2018.05.24-08.07.21:507][212]LogScript:Warning: Attempted to get an item from array TargetPoints out of bounds [2/1]!
[2018.05.24-08.07.21:547][213]LogScript:Warning: Attempted to get an item from array TargetPoints out of bounds [2/1]!
[2018.05.24-08.07.21:591][214]LogScript:Warning: Attempted to get an item from array TargetPoints out of bounds [2/1]!
[2018.05.24-08.07.21:631][215]LogScript:Warning: Attempted to get an item from array TargetPoints out of bounds [2/1]!
[2018.05.24-08.07.21:675][216]LogScript:Warning: Attempted to get an item from array TargetPoints out of bounds [2/1]!
[2018.05.24-08.07.21:715][217]LogScript:Warning: Attempted to get an item from array TargetPoints out of bounds [2/1]!
[2018.05.24-08.07.21:759][218]LogScript:Warning: Attempted to get an item from array TargetPoints out of bounds [2/1]!
[2018.05.24-08.07.21:799][219]LogScript:Warning: Attempted to get an item from array TargetPoints out of bounds [2/1]!
[2018.05.24-08.07.21:842][220]LogScript:Warning: Attempted to get an item from array TargetPoints out of bounds [2/1]!
[2018.05.24-08.07.21:882][221]LogScript:Warning: Attempted to get an item from array TargetPoints out of bounds [2/1]!
[2018.05.24-08.07.21:926][222]LogScript:Warning: Attempted to get an item from array TargetPoints out of bounds [2/1]!
[2018.05.24-08.07.21:966][223]LogScript:Warning: Attempted to get an item from array TargetPoints out of bounds [2/1]!
[2018.05.24-08.07.22:010][224]LogScript:Warning: Attempted to get an item from array TargetPoints out of bounds [2/1]!
[2018.05.24-08.07.22:050][225]LogScript:Warning: Attempted to get an item from array TargetPoints out of bounds [2/1]!
[2018.05.24-08.07.22:128][226]LogScript:Warning: Attempted to get an item from array TargetPoints out of bounds [2/1]!
[2018.05.24-08.07.22:138][227]LogScript:Warning: Attempted to get an item from array TargetPoints out of bounds [2/1]!
[2018.05.24-08.07.22:182][228]LogScript:Warning: Attempted to get an item from array TargetPoints out of bounds [2/1]!
[2018.05.24-08.07.22:220][229]LogScript:Warning: Attempted to get an item from array TargetPoints out of bounds [2/1]!
[2018.05.24-08.07.22:265][230]LogScript:Warning: Attempted to get an item from array TargetPoints out of bounds [2/1]!
[2018.05.24-08.07.22:306][231]LogScript:Warning: Attempted to get an item from array TargetPoints out of bounds [2/1]!
[2018.05.24-08.07.22:349][232]LogScript:Warning: Attempted to get an item from array TargetPoints out of bounds [2/1]!
[2018.05.24-08.07.22:389][233]LogScript:Warning: Attempted to get an item from array TargetPoints out of bounds [2/1]!
[2018.05.24-08.07.22:434][234]LogScript:Warning: Attempted to get an item from array TargetPoints out of bounds [2/1]!
[2018.05.24-08.07.22:477][235]LogScript:Warning: Attempted to get an item from array TargetPoints out of bounds [2/1]!
[2018.05.24-08.07.22:522][236]LogScript:Warning: Attempted to get an item from array TargetPoints out of bounds [2/1]!
[2018.05.24-08.07.22:561][237]LogScript:Warning: Attempted to get an item from array TargetPoints out of bounds [2/1]!
[2018.05.24-08.07.22:605][238]LogScript:Warning: Attempted to get an item from array TargetPoints out of bounds [2/1]!
[2018.05.24-08.07.22:646][239]LogScript:Warning: Attempted to get an item from array TargetPoints out of bounds [2/1]!
[2018.05.24-08.07.22:688][240]LogScript:Warning: Attempted to get an item from array TargetPoints out of bounds [2/1]!
[2018.05.24-08.07.22:731][241]LogScript:Warning: Attempted to get an item from array TargetPoints out of bounds [2/1]!
[2018.05.24-08.07.22:775][242]LogScript:Warning: Attempted to get an item from array TargetPoints out of bounds [2/1]!
[2018.05.24-08.07.22:814][243]LogScript:Warning: Attempted to get an item from array TargetPoints out of bounds [2/1]!
[2018.05.24-08.07.22:858][244]LogScript:Warning: Attempted to get an item from array TargetPoints out of bounds [2/1]!
[2018.05.24-08.07.22:898][245]LogScript:Warning: Attempted to get an item from array TargetPoints out of bounds [2/1]!
[2018.05.24-08.07.22:942][246]LogScript:Warning: Attempted to get an item from array TargetPoints out of bounds [2/1]!
[2018.05.24-08.07.22:982][247]LogScript:Warning: Attempted to get an item from array TargetPoints out of bounds [2/1]!
[2018.05.24-08.07.23:026][248]LogScript:Warning: Attempted to get an item from array TargetPoints out of bounds [2/1]!
[2018.05.24-08.07.23:065][249]LogScript:Warning: Attempted to get an item from array TargetPoints out of bounds [2/1]!
[2018.05.24-08.07.23:111][250]LogScript:Warning: Attempted to get an item from array TargetPoints out of bounds [2/1]!
[2018.05.24-08.07.23:112][250]LogScript:Warning: Attempted to get an item from array TargetPoints out of bounds [2/1]!
[2018.05.24-08.07.23:152][251]LogScript:Warning: Attempted to get an item from array TargetPoints out of bounds [2/1]!
[2018.05.24-08.07.23:195][252]LogScript:Warning: Attempted to get an item from array TargetPoints out of bounds [2/1]!
[2018.05.24-08.07.23:241][253]LogScript:Warning: Attempted to get an item from array TargetPoints out of bounds [2/1]!
[2018.05.24-08.07.23:283][254]LogScript:Warning: Attempted to get an item from array TargetPoints out of bounds [2/1]!
[2018.05.24-08.07.23:323][255]LogScript:Warning: Attempted to get an item from array TargetPoints out of bounds [2/1]!
[2018.05.24-08.07.23:367][256]LogScript:Warning: Attempted to get an item from array TargetPoints out of bounds [2/1]!
[2018.05.24-08.07.23:408][257]LogScript:Warning: Attempted to get an item from array TargetPoints out of bounds [2/1]!
[2018.05.24-08.07.23:455][258]LogScript:Warning: Attempted to get an item from array TargetPoints out of bounds [2/1]!
[2018.05.24-08.07.23:496][259]LogScript:Warning: Attempted to get an item from array TargetPoints out of bounds [2/1]!
[2018.05.24-08.07.23:541][260]LogScript:Warning: Attempted to get an item from array TargetPoints out of bounds [2/1]!
[2018.05.24-08.07.23:580][261]LogScript:Warning: Attempted to get an item from array TargetPoints out of bounds [2/1]!
[2018.05.24-08.07.23:624][262]LogScript:Warning: Attempted to get an item from array TargetPoints out of bounds [2/1]!
[2018.05.24-08.07.23:665][263]LogScript:Warning: Attempted to get an item from array TargetPoints out of bounds [2/1]!
[2018.05.24-08.07.23:708][264]LogScript:Warning: Attempted to get an item from array TargetPoints out of bounds [2/1]!
[2018.05.24-08.07.23:751][265]LogScript:Warning: Attempted to get an item from array TargetPoints out of bounds [2/1]!
[2018.05.24-08.07.23:795][266]LogScript:Warning: Attempted to get an item from array TargetPoints out of bounds [2/1]!
[2018.05.24-08.07.23:835][267]LogScript:Warning: Attempted to get an item from array TargetPoints out of bounds [2/1]!
[2018.05.24-08.07.23:879][268]LogScript:Warning: Attempted to get an item from array TargetPoints out of bounds [2/1]!
[2018.05.24-08.07.23:918][269]LogScript:Warning: Attempted to get an item from array TargetPoints out of bounds [2/1]!
[2018.05.24-08.07.23:965][270]LogScript:Warning: Attempted to get an item from array TargetPoints out of bounds [2/1]!
[2018.05.24-08.07.24:005][271]LogScript:Warning: Attempted to get an item from array TargetPoints out of bounds [2/1]!
[2018.05.24-08.07.24:050][272]LogScript:Warning: Attempted to get an item from array TargetPoints out of bounds [2/1]!
[2018.05.24-08.07.25:982][318]LogScript:Warning: Attempted to get an item from array TargetPoints out of bounds [2/1]!
[2018.05.24-08.07.26:023][319]LogScript:Warning: Attempted to get an item from array TargetPoints out of bounds [2/1]!
[2018.05.24-08.07.26:062][320]LogScript:Warning: Attempted to get an item from array TargetPoints out of bounds [2/1]!
[2018.05.24-08.07.26:109][321]LogScript:Warning: Attempted to get an item from array TargetPoints out of bounds [2/1]!
[2018.05.24-08.07.26:149][322]LogScript:Warning: Attempted to get an item from array TargetPoints out of bounds [2/1]!
[2018.05.24-08.07.26:197][323]LogScript:Warning: Attempted to get an item from array TargetPoints out of bounds [2/1]!
[2018.05.24-08.07.26:236][324]LogScript:Warning: Attempted to get an item from array TargetPoints out of bounds [2/1]!
[2018.05.24-08.07.26:283][325]LogScript:Warning: Attempted to get an item from array TargetPoints out of bounds [2/1]!
[2018.05.24-08.07.26:325][326]LogScript:Warning: Attempted to get an item from array TargetPoints out of bounds [2/1]!
[2018.05.24-08.07.26:368][327]LogScript:Warning: Attempted to get an item from array TargetPoints out of bounds [2/1]!
[2018.05.24-08.07.26:410][328]LogScript:Warning: Attempted to get an item from array TargetPoints out of bounds [2/1]!
[2018.05.24-08.07.26:455][329]LogScript:Warning: Attempted to get an item from array TargetPoints out of bounds [2/1]!
[2018.05.24-08.07.26:495][330]LogScript:Warning: Attempted to get an item from array TargetPoints out of bounds [2/1]!
[2018.05.24-08.07.26:538][331]LogScript:Warning: Attempted to get an item from array TargetPoints out of bounds [2/1]!
[2018.05.24-08.07.26:582][332]LogScript:Warning: Attempted to get an item from array TargetPoints out of bounds [2/1]!
[2018.05.24-08.07.26:625][333]LogScript:Warning: Attempted to get an item from array TargetPoints out of bounds [2/1]!
[2018.05.24-08.07.26:666][334]LogScript:Warning: Attempted to get an item from array TargetPoints out of bounds [2/1]!
[2018.05.24-08.07.26:710][335]LogScript:Warning: Attempted to get an item from array TargetPoints out of bounds [2/1]!
[2018.05.24-08.07.26:752][336]LogScript:Warning: Attempted to get an item from array TargetPoints out of bounds [2/1]!
[2018.05.24-08.07.26:793][337]LogScript:Warning: Attempted to get an item from array TargetPoints out of bounds [2/1]!
[2018.05.24-08.07.26:940][338]LogBlueprintUserMessages: Early EndPlayMap Detection: Level '/Game/TopDownBP/Maps/TopDownExampleMap.TopDownExampleMap:PersistentLevel' has LevelScriptBlueprint '/Game/TopDownBP/Maps/TopDownExampleMap.TopDownExampleMap:PersistentLevel.TopDownExampleMap' with GeneratedClass '/Game/TopDownBP/Maps/TopDownExampleMap.TopDownExampleMap_C' with ClassGeneratedBy '/Game/TopDownBP/Maps/TopDownExampleMap.TopDownExampleMap:PersistentLevel.TopDownExampleMap'
[2018.05.24-08.07.27:050][338]LogBlueprintUserMessages: Late EndPlayMap Detection: Level '/Game/TopDownBP/Maps/TopDownExampleMap.TopDownExampleMap:PersistentLevel' has LevelScriptBlueprint '/Game/TopDownBP/Maps/TopDownExampleMap.TopDownExampleMap:PersistentLevel.TopDownExampleMap' with GeneratedClass '/Game/TopDownBP/Maps/TopDownExampleMap.TopDownExampleMap_C' with ClassGeneratedBy '/Game/TopDownBP/Maps/TopDownExampleMap.TopDownExampleMap:PersistentLevel.TopDownExampleMap'
[2018.05.24-08.07.29:748][455]Cmd: CLOSE_SLATE_MAINFRAME
[2018.05.24-08.07.31:122][456]Cmd: QUIT_EDITOR
[2018.05.24-08.07.32:839][456]LogExit: Preparing to exit.
[2018.05.24-08.07.34:358][456]LogExit: Editor shut down
[2018.05.24-08.07.34:358][456]LogExit: Transaction tracking system shut down
[2018.05.24-08.07.37:910][456]LogObj: Freed 0b from 0 cluster array pools.
[2018.05.24-08.07.37:910][456]LogExit: Object subsystem successfully closed.
[2018.05.24-08.07.38:256][456]LogD3D11RHI: Shutdown
[2018.05.24-08.07.38:256][456]LogD3D11RHI: CleanupD3DDevice
[2018.05.24-08.07.38:417][456]LogD3D11RHI: ~FD3D11DynamicRHI
[2018.05.24-08.07.38:543][456]LogDerivedDataCache: Shutdown
[2018.05.24-08.07.39:610][456]LogModuleManager: Shutting down and abandoning module MovieSceneCapture (205)
[2018.05.24-08.07.39:618][456]LogModuleManager: Shutting down and abandoning module HierarchicalLODOutliner (204)
[2018.05.24-08.07.39:633][456]LogModuleManager: Shutting down and abandoning module CrashTracker (203)
[2018.05.24-08.07.39:633][456]LogModuleManager: Shutting down and abandoning module SceneOutliner (202)
[2018.05.24-08.07.39:652][456]LogModuleManager: Shutting down and abandoning module SuperSearch (201)
[2018.05.24-08.07.39:652][456]LogModuleManager: Shutting down and abandoning module WidgetCarousel (200)
[2018.05.24-08.07.39:652][456]LogModuleManager: Shutting down and abandoning module AddContentDialog (199)
[2018.05.24-08.07.39:682][456]LogModuleManager: Shutting down and abandoning module GameplayTags (198)
[2018.05.24-08.07.39:682][456]LogModuleManager: Shutting down and abandoning module EditorWidgets (197)
[2018.05.24-08.07.39:682][456]LogModuleManager: Shutting down and abandoning module CollectionManager (196)
[2018.05.24-08.07.39:693][456]LogModuleManager: Shutting down and abandoning module StatsViewer (195)
[2018.05.24-08.07.39:740][456]LogModuleManager: Shutting down and abandoning module FoliageEdit (194)
[2018.05.24-08.07.39:753][456]LogModuleManager: Shutting down and abandoning module LandscapeEditor (193)
[2018.05.24-08.07.39:813][456]LogModuleManager: Shutting down and abandoning module ActorPickerMode (192)
[2018.05.24-08.07.39:813][456]LogModuleManager: Shutting down and abandoning module GeometryMode (191)
[2018.05.24-08.07.39:813][456]LogModuleManager: Shutting down and abandoning module TextureAlignMode (190)
[2018.05.24-08.07.39:813][456]LogModuleManager: Shutting down and abandoning module BspMode (189)
[2018.05.24-08.07.39:813][456]LogModuleManager: Shutting down and abandoning module PlacementMode (188)
[2018.05.24-08.07.39:813][456]LogModuleManager: Shutting down and abandoning module AutomationWorker (187)
[2018.05.24-08.07.39:813][456]LogModuleManager: Shutting down and abandoning module CharacterAI (186)
[2018.05.24-08.07.39:813][456]LogModuleManager: Shutting down and abandoning module SmartSnapping (185)
[2018.05.24-08.07.39:813][456]LogModuleManager: Shutting down and abandoning module ViewportSnapping (184)
[2018.05.24-08.07.39:813][456]LogModuleManager: Shutting down and abandoning module LogVisualizer (183)
[2018.05.24-08.07.39:884][456]LogModuleManager: Shutting down and abandoning module GameProjectGeneration (182)
[2018.05.24-08.07.39:935][456]LogModuleManager: Shutting down and abandoning module IntroTutorials (181)
[2018.05.24-08.07.39:947][456]LogModuleManager: Shutting down and abandoning module EditorLiveStreaming (180)
[2018.05.24-08.07.39:947][456]LogModuleManager: Shutting down and abandoning module IOSPlatformEditor (179)
[2018.05.24-08.07.39:973][456]LogModuleManager: Shutting down and abandoning module HTML5PlatformEditor (178)
[2018.05.24-08.07.39:973][456]LogModuleManager: Shutting down and abandoning module AndroidDeviceDetection (177)
[2018.05.24-08.07.40:188][456]LogModuleManager: Shutting down and abandoning module AndroidPlatformEditor (176)
[2018.05.24-08.07.40:188][456]LogModuleManager: Shutting down and abandoning module IOSRuntimeSettings (175)
[2018.05.24-08.07.40:188][456]LogModuleManager: Shutting down and abandoning module AndroidRuntimeSettings (174)
[2018.05.24-08.07.40:188][456]LogModuleManager: Shutting down and abandoning module MergeActors (173)
[2018.05.24-08.07.40:291][456]LogModuleManager: Shutting down and abandoning module SizeMap (172)
[2018.05.24-08.07.40:377][456]LogModuleManager: Shutting down and abandoning module TreeMap (171)
[2018.05.24-08.07.40:448][456]LogModuleManager: Shutting down and abandoning module ReferenceViewer (170)
[2018.05.24-08.07.40:499][456]LogModuleManager: Shutting down and abandoning module LocalizationService (169)
[2018.05.24-08.07.40:571][456]LogModuleManager: Shutting down and abandoning module LocalizationDashboard (168)
[2018.05.24-08.07.40:698][456]LogModuleManager: Shutting down and abandoning module HardwareTargeting (167)
[2018.05.24-08.07.40:698][456]LogModuleManager: Shutting down and abandoning module DeviceProfileEditor (166)
[2018.05.24-08.07.40:708][456]LogModuleManager: Shutting down and abandoning module UndoHistory (165)
[2018.05.24-08.07.40:742][456]LogModuleManager: Shutting down and abandoning module UserFeedback (164)
[2018.05.24-08.07.40:742][456]LogModuleManager: Shutting down and abandoning module XmlParser (163)
[2018.05.24-08.07.40:742][456]LogModuleManager: Shutting down and abandoning module Blutility (162)
[2018.05.24-08.07.40:754][456]LogModuleManager: Shutting down and abandoning module ProjectTargetPlatformEditor (161)
[2018.05.24-08.07.40:755][456]LogModuleManager: Shutting down and abandoning module ProjectSettingsViewer (160)
[2018.05.24-08.07.40:755][456]LogModuleManager: Shutting down and abandoning module InputBindingEditor (159)
[2018.05.24-08.07.40:792][456]LogModuleManager: Shutting down and abandoning module EditorSettingsViewer (158)
[2018.05.24-08.07.40:792][456]LogModuleManager: Shutting down and abandoning module SettingsEditor (157)
[2018.05.24-08.07.40:841][456]LogModuleManager: Shutting down and abandoning module ProjectLauncher (156)
[2018.05.24-08.07.40:868][456]LogModuleManager: Shutting down and abandoning module SessionFrontend (155)
[2018.05.24-08.07.40:904][456]LogModuleManager: Shutting down and abandoning module ProfilerClient (154)
[2018.05.24-08.07.40:942][456]LogModuleManager: Shutting down and abandoning module TargetDeviceServices (153)
[2018.05.24-08.07.40:942][456]LogModuleManager: Shutting down and abandoning module DeviceManager (152)
[2018.05.24-08.07.40:999][456]LogModuleManager: Shutting down and abandoning module AutomationController (151)
[2018.05.24-08.07.41:030][456]LogModuleManager: Shutting down and abandoning module AutomationWindow (150)
[2018.05.24-08.07.41:072][456]LogModuleManager: Shutting down and abandoning module Layers (149)
[2018.05.24-08.07.41:152][456]LogModuleManager: Shutting down and abandoning module ComponentVisualizers (148)
[2018.05.24-08.07.41:152][456]LogModuleManager: Shutting down and abandoning module DetailCustomizations (147)
[2018.05.24-08.07.41:219][456]LogModuleManager: Shutting down and abandoning module PackagesDialog (146)
[2018.05.24-08.07.41:278][456]LogModuleManager: Shutting down and abandoning module Persona (145)
[2018.05.24-08.07.41:355][456]LogModuleManager: Shutting down and abandoning module Kismet (144)
[2018.05.24-08.07.41:379][456]LogModuleManager: Shutting down and abandoning module GraphEditor (143)
[2018.05.24-08.07.41:451][456]LogModuleManager: Shutting down and abandoning module ClassViewer (142)
[2018.05.24-08.07.41:482][456]LogModuleManager: Shutting down and abandoning module Toolbox (141)
[2018.05.24-08.07.41:498][456]LogModuleManager: Shutting down and abandoning module ModuleUI (140)
[2018.05.24-08.07.41:532][456]LogModuleManager: Shutting down and abandoning module MovieSceneTools (139)
[2018.05.24-08.07.41:560][456]LogModuleManager: Shutting down and abandoning module OutputLog (138)
[2018.05.24-08.07.41:585][456]LogModuleManager: Shutting down and abandoning module GammaUI (137)
[2018.05.24-08.07.41:591][456]LogModuleManager: Shutting down and abandoning module Documentation (136)
[2018.05.24-08.07.41:591][456]LogModuleManager: Shutting down and abandoning module StreamingPauseRendering (135)
[2018.05.24-08.07.41:591][456]LogModuleManager: Shutting down and abandoning module AnalyticsET (134)
[2018.05.24-08.07.41:591][456]LogModuleManager: Shutting down and abandoning module Analytics (133)
[2018.05.24-08.07.41:591][456]LogModuleManager: Shutting down and abandoning module PortalServices (132)
[2018.05.24-08.07.41:591][456]LogModuleManager: Shutting down and abandoning module PortalRpc (131)
[2018.05.24-08.07.41:591][456]LogModuleManager: Shutting down and abandoning module MessagingRpc (130)
[2018.05.24-08.07.41:591][456]LogModuleManager: Shutting down and abandoning module AITestSuite (129)
[2018.05.24-08.07.41:606][456]LogModuleManager: Shutting down and abandoning module GameplayDebugger (128)
[2018.05.24-08.07.41:607][456]LogModuleManager: Shutting down and abandoning module AIModule (127)
[2018.05.24-08.07.41:607][456]LogModuleManager: Shutting down and abandoning module ProfilerService (126)
[2018.05.24-08.07.41:850][456]LogModuleManager: Shutting down and abandoning module TaskGraph (125)
[2018.05.24-08.07.41:889][456]LogModuleManager: Shutting down and abandoning module SlateRemote (124)
[2018.05.24-08.07.41:889][456]LogModuleManager: Shutting down and abandoning module SteamVRController (123)
[2018.05.24-08.07.41:889][456]LogModuleManager: Shutting down and abandoning module SteamVR (122)
[2018.05.24-08.07.41:889][456]LogModuleManager: Shutting down and abandoning module ProceduralMeshComponent (121)
[2018.05.24-08.07.41:889][456]LogModuleManager: Shutting down and abandoning module OculusLibrary (120)
[2018.05.24-08.07.41:889][456]LogModuleManager: Shutting down and abandoning module OculusInput (119)
[2018.05.24-08.07.41:889][456]LogModuleManager: Shutting down and abandoning module CustomMeshComponent (118)
[2018.05.24-08.07.41:889][456]LogModuleManager: Shutting down and abandoning module CableComponent (117)
[2018.05.24-08.07.41:889][456]LogModuleManager: Shutting down and abandoning module ArchVisCharacter (116)
[2018.05.24-08.07.41:889][456]LogModuleManager: Shutting down and abandoning module MediaPlayerEditor (115)
[2018.05.24-08.07.41:928][456]LogModuleManager: Shutting down and abandoning module HTML5Networking (114)
[2018.05.24-08.07.41:928][456]LogModuleManager: Shutting down and abandoning module SpeedTreeImporter (113)
[2018.05.24-08.07.41:928][456]LogModuleManager: Shutting down and abandoning module PluginBrowser (112)
[2018.05.24-08.07.41:968][456]LogModuleManager: Shutting down and abandoning module EpicSurvey (111)
[2018.05.24-08.07.41:968][456]LogModuleManager: Shutting down and abandoning module DesktopPlatform (110)
[2018.05.24-08.07.41:997][456]LogModuleManager: Shutting down and abandoning module VisualStudioSourceCodeAccess (109)
[2018.05.24-08.07.42:008][456]LogModuleManager: Shutting down and abandoning module UObjectPlugin (108)
[2018.05.24-08.07.42:008][456]LogModuleManager: Shutting down and abandoning module SubversionSourceControl (107)
[2018.05.24-08.07.42:031][456]LogModuleManager: Shutting down and abandoning module PerforceSourceControl (106)
[2018.05.24-08.07.42:058][456]LogModuleManager: Shutting down and abandoning module SourceControl (105)
[2018.05.24-08.07.42:071][456]LogModuleManager: Shutting down and abandoning module GitSourceControl (104)
[2018.05.24-08.07.42:097][456]LogModuleManager: Shutting down and abandoning module LightPropagationVolumeEditor (103)
[2018.05.24-08.07.42:097][456]LogModuleManager: Shutting down and abandoning module PaperTiledImporter (102)
[2018.05.24-08.07.42:110][456]LogModuleManager: Shutting down and abandoning module PaperSpriteSheetImporter (101)
[2018.05.24-08.07.42:110][456]LogModuleManager: Shutting down and abandoning module MeshPaint (100)
[2018.05.24-08.07.42:129][456]LogModuleManager: Shutting down and abandoning module HotReload (99)
[2018.05.24-08.07.42:141][456]LogModuleManager: Shutting down and abandoning module MainFrame (98)
[2018.05.24-08.07.42:141][456]LogModuleManager: Shutting down and abandoning module LevelEditor (97)
[2018.05.24-08.07.42:142][456]LogModuleManager: Shutting down and abandoning module DirectoryWatcher (96)
[2018.05.24-08.07.42:143][456]LogModuleManager: Shutting down and abandoning module AssetRegistry (95)
[2018.05.24-08.07.42:414][456]LogModuleManager: Shutting down and abandoning module ContentBrowser (94)
[2018.05.24-08.07.42:415][456]LogModuleManager: Shutting down and abandoning module Paper2DEditor (93)
[2018.05.24-08.07.42:446][456]LogModuleManager: Shutting down and abandoning module UdpMessaging (92)
[2018.05.24-08.07.42:546][456]LogModuleManager: Shutting down and abandoning module LightPropagationVolumeRuntime (91)
[2018.05.24-08.07.42:546][456]LogModuleManager: Shutting down and abandoning module Paper2D (90)
[2018.05.24-08.07.42:577][456]LogModuleManager: Shutting down and abandoning module WindowsMoviePlayer (89)
[2018.05.24-08.07.42:594][456]LogModuleManager: Shutting down and abandoning module Media (88)
[2018.05.24-08.07.42:594][456]LogModuleManager: Shutting down and abandoning module WmfMedia (87)
[2018.05.24-08.07.42:646][456]LogModuleManager: Shutting down and abandoning module MediaAssets (86)
[2018.05.24-08.07.42:646][456]LogModuleManager: Shutting down and abandoning module GameLiveStreaming (85)
[2018.05.24-08.07.42:646][456]LogModuleManager: Shutting down and abandoning module GameplayTagsEditor (84)
[2018.05.24-08.07.42:646][456]LogModuleManager: Shutting down and abandoning module OnlineBlueprintSupport (83)
[2018.05.24-08.07.42:646][456]LogModuleManager: Shutting down and abandoning module GameplayTasksEditor (82)
[2018.05.24-08.07.42:646][456]LogModuleManager: Shutting down and abandoning module PropertyEditor (81)
[2018.05.24-08.07.42:670][456]LogModuleManager: Shutting down and abandoning module BehaviorTreeEditor (80)
[2018.05.24-08.07.42:710][456]LogModuleManager: Shutting down and abandoning module FunctionalTesting (79)
[2018.05.24-08.07.42:710][456]LogModuleManager: Shutting down and abandoning module CollisionAnalyzer (78)
[2018.05.24-08.07.42:737][456]LogModuleManager: Shutting down and abandoning module WorkspaceMenuStructure (77)
[2018.05.24-08.07.42:737][456]LogModuleManager: Shutting down and abandoning module MessageLog (76)
[2018.05.24-08.07.42:737][456]LogModuleManager: Shutting down and abandoning module Sequencer (75)
[2018.05.24-08.07.42:764][456]LogModuleManager: Shutting down and abandoning module AssetTools (74)
[2018.05.24-08.07.42:785][456]LogModuleManager: Shutting down and abandoning module UMGEditor (73)
[2018.05.24-08.07.42:836][456]LogModuleManager: Shutting down and abandoning module UMG (72)
[2018.05.24-08.07.42:836][456]LogModuleManager: Shutting down and abandoning module SlateReflector (71)
[2018.05.24-08.07.42:883][456]LogModuleManager: Shutting down and abandoning module Slate (70)
[2018.05.24-08.07.42:883][456]LogModuleManager: Shutting down and abandoning module EditorStyle (69)
[2018.05.24-08.07.42:885][456]LogModuleManager: Shutting down and abandoning module SessionServices (68)
[2018.05.24-08.07.42:885][456]LogModuleManager: Shutting down and abandoning module SourceCodeAccess (67)
[2018.05.24-08.07.42:885][456]LogModuleManager: Shutting down and abandoning module HeadMountedDisplay (66)
[2018.05.24-08.07.42:885][456]LogModuleManager: Shutting down and abandoning module XAudio2 (65)
[2018.05.24-08.07.42:885][456]LogModuleManager: Shutting down and abandoning module Networking (63)
[2018.05.24-08.07.42:885][456]LogModuleManager: Shutting down and abandoning module Core (62)
[2018.05.24-08.07.42:885][456]LogModuleManager: Shutting down and abandoning module KismetCompiler (61)
[2018.05.24-08.07.42:885][456]LogModuleManager: Shutting down and abandoning module PhysXFormats (60)
[2018.05.24-08.07.42:885][456]LogModuleManager: Shutting down and abandoning module MeshUtilities (59)
[2018.05.24-08.07.42:914][456]LogModuleManager: Shutting down and abandoning module CookingStats (58)
[2018.05.24-08.07.42:914][456]LogModuleManager: Shutting down and abandoning module DerivedDataCache (57)
[2018.05.24-08.07.42:914][456]LogDerivedDataCache: Shutdown
[2018.05.24-08.07.42:914][456]LogModuleManager: Shutting down and abandoning module ShaderFormatOpenGL (56)
[2018.05.24-08.07.42:957][456]LogModuleManager: Shutting down and abandoning module ShaderFormatD3D (55)
[2018.05.24-08.07.42:957][456]LogModuleManager: Shutting down and abandoning module MetalShaderFormat (54)
[2018.05.24-08.07.42:973][456]LogModuleManager: Shutting down and abandoning module TextureFormatUncompressed (53)
[2018.05.24-08.07.42:973][456]LogModuleManager: Shutting down and abandoning module TextureFormatPVR (52)
[2018.05.24-08.07.42:973][456]LogModuleManager: Shutting down and abandoning module TextureFormatIntelISPCTexComp (51)
[2018.05.24-08.07.42:973][456]LogModuleManager: Shutting down and abandoning module TextureFormatDXT (50)
[2018.05.24-08.07.42:973][456]LogModuleManager: Shutting down and abandoning module ImageWrapper (49)
[2018.05.24-08.07.42:973][456]LogModuleManager: Shutting down and abandoning module TextureFormatASTC (48)
[2018.05.24-08.07.42:973][456]LogModuleManager: Shutting down and abandoning module TextureFormatAndroid (47)
[2018.05.24-08.07.42:973][456]LogModuleManager: Shutting down and abandoning module AudioFormatOpus (46)
[2018.05.24-08.07.42:985][456]LogModuleManager: Shutting down and abandoning module AudioFormatOgg (45)
[2018.05.24-08.07.42:985][456]LogModuleManager: Shutting down and abandoning module AudioFormatADPCM (44)
[2018.05.24-08.07.42:985][456]LogModuleManager: Shutting down and abandoning module LinuxTargetPlatform (43)
[2018.05.24-08.07.42:985][456]LogModuleManager: Shutting down and abandoning module LinuxServerTargetPlatform (42)
[2018.05.24-08.07.42:985][456]LogModuleManager: Shutting down and abandoning module LinuxNoEditorTargetPlatform (41)
[2018.05.24-08.07.42:985][456]LogModuleManager: Shutting down and abandoning module TVOSTargetPlatform (40)
[2018.05.24-08.07.42:985][456]LogModuleManager: Shutting down and abandoning module Messaging (39)
[2018.05.24-08.07.42:985][456]LogModuleManager: Shutting down and abandoning module IOSTargetPlatform (38)
[2018.05.24-08.07.42:985][456]LogModuleManager: Shutting down and abandoning module HTML5TargetPlatform (37)
[2018.05.24-08.07.42:985][456]LogModuleManager: Shutting down and abandoning module Android_PVRTCTargetPlatform (36)
[2018.05.24-08.07.42:985][456]LogModuleManager: Shutting down and abandoning module Android_MultiTargetPlatform (35)
[2018.05.24-08.07.43:002][456]LogModuleManager: Shutting down and abandoning module Android_ETC2TargetPlatform (34)
[2018.05.24-08.07.43:002][456]LogModuleManager: Shutting down and abandoning module Android_ETC1TargetPlatform (33)
[2018.05.24-08.07.43:002][456]LogModuleManager: Shutting down and abandoning module Android_DXTTargetPlatform (32)
[2018.05.24-08.07.43:002][456]LogModuleManager: Shutting down and abandoning module Android_ATCTargetPlatform (31)
[2018.05.24-08.07.43:002][456]LogModuleManager: Shutting down and abandoning module Android_ASTCTargetPlatform (30)
[2018.05.24-08.07.43:002][456]LogModuleManager: Shutting down and abandoning module AndroidTargetPlatform (29)
[2018.05.24-08.07.43:002][456]LogModuleManager: Shutting down and abandoning module WindowsTargetPlatform (28)
[2018.05.24-08.07.43:002][456]LogModuleManager: Shutting down and abandoning module WindowsServerTargetPlatform (27)
[2018.05.24-08.07.43:002][456]LogModuleManager: Shutting down and abandoning module WindowsNoEditorTargetPlatform (26)
[2018.05.24-08.07.43:002][456]LogModuleManager: Shutting down and abandoning module WindowsClientTargetPlatform (25)
[2018.05.24-08.07.43:002][456]LogModuleManager: Shutting down and abandoning module AllDesktopTargetPlatform (24)
[2018.05.24-08.07.43:002][456]LogModuleManager: Shutting down and abandoning module TargetPlatform (23)
[2018.05.24-08.07.43:002][456]LogModuleManager: Shutting down and abandoning module InputCore (22)
[2018.05.24-08.07.43:002][456]LogModuleManager: Shutting down and abandoning module Settings (21)
[2018.05.24-08.07.43:002][456]LogModuleManager: Shutting down and abandoning module OnlineSubsystem (19)
[2018.05.24-08.07.43:002][456]LogModuleManager: Shutting down and abandoning module HTTP (18)
[2018.05.24-08.07.56:004][456]LogModuleManager: Shutting down and abandoning module XMPP (17)
[2018.05.24-08.07.56:052][456]LogModuleManager: Shutting down and abandoning module OculusRift (16)
[2018.05.24-08.07.56:078][456]LogModuleManager: Shutting down and abandoning module ExampleDeviceProfileSelector (15)
[2018.05.24-08.07.56:078][456]LogModuleManager: Shutting down and abandoning module TextureCompressor (14)
[2018.05.24-08.07.56:108][456]LogModuleManager: Shutting down and abandoning module ShaderCore (13)
[2018.05.24-08.07.56:108][456]LogModuleManager: Shutting down and abandoning module Landscape (12)
[2018.05.24-08.07.56:108][456]LogModuleManager: Shutting down and abandoning module SlateRHIRenderer (11)
[2018.05.24-08.07.56:134][456]LogModuleManager: Shutting down and abandoning module OpenGLDrv (10)
[2018.05.24-08.07.56:162][456]LogModuleManager: Shutting down and abandoning module D3D11RHI (9)
[2018.05.24-08.07.56:162][456]LogModuleManager: Shutting down and abandoning module AnimGraphRuntime (8)
[2018.05.24-08.07.56:162][456]LogModuleManager: Shutting down and abandoning module Renderer (7)
[2018.05.24-08.07.56:162][456]LogModuleManager: Shutting down and abandoning module Engine (6)
[2018.05.24-08.07.56:162][456]LogModuleManager: Shutting down and abandoning module CoreUObject (5)
[2018.05.24-08.07.56:162][456]LogModuleManager: Shutting down and abandoning module NetworkFile (4)
[2018.05.24-08.07.56:172][456]LogModuleManager: Shutting down and abandoning module StreamingFile (3)
[2018.05.24-08.07.56:176][456]LogModuleManager: Shutting down and abandoning module SandboxFile (2)
[2018.05.24-08.07.56:188][456]LogModuleManager: Shutting down and abandoning module PakFile (1)
[2018.05.24-08.07.56:326][456]LogExit: Exiting.
[2018.05.24-08.07.56:371][456]Log file closed, 05/24/18 16:07:56
