[2018.04.30-08.55.25:537][  0]Log file open, 04/30/18 16:55:25
[2018.04.30-08.55.25:537][  0]LogInit:Display: Running engine for game: TopDownProject
[2018.04.30-08.55.25:537][  0]LogInit:Display: RandInit(1133207111) SRandInit(1133207112).
[2018.04.30-08.55.25:537][  0]LogTaskGraph: Started task graph with 4 named threads and 5 total threads.
[2018.04.30-08.55.25:537][  0]LogStats: Stats thread started at 9.005574
[2018.04.30-08.55.25:537][  0]LogInit: Version: 4.9.2-2707645+++depot+UE4-Releases+4.9
[2018.04.30-08.55.25:537][  0]LogInit: API Version: 2672455
[2018.04.30-08.55.25:537][  0]LogInit: Compiled (64-bit): Sep 28 2015 10:25:44
[2018.04.30-08.55.25:537][  0]LogInit: Compiled with Visual C++: 18.00.21005.01
[2018.04.30-08.55.25:537][  0]LogInit: Build Configuration: Development
[2018.04.30-08.55.25:537][  0]LogInit: Branch Name: ++depot+UE4-Releases+4.9
[2018.04.30-08.55.25:537][  0]LogInit: Command line:  
[2018.04.30-08.55.25:537][  0]LogInit: Base directory: D:/UE_4.9/Engine/Binaries/Win64/
[2018.04.30-08.55.25:537][  0]LogInit: Rocket: 1
[2018.04.30-08.55.31:488][  0]LogInit: Using libcurl 7.41.0
[2018.04.30-08.55.31:488][  0]LogInit:  - built for x86_64-pc-win32
[2018.04.30-08.55.31:488][  0]LogInit:  - supports SSL with WinSSL
[2018.04.30-08.55.31:488][  0]LogInit:  - other features:
[2018.04.30-08.55.31:488][  0]LogInit:      CURL_VERSION_SSL
[2018.04.30-08.55.31:488][  0]LogInit:      CURL_VERSION_IPV6
[2018.04.30-08.55.31:488][  0]LogInit:      CURL_VERSION_ASYNCHDNS
[2018.04.30-08.55.31:488][  0]LogInit:      CURL_VERSION_LARGEFILE
[2018.04.30-08.55.31:488][  0]LogInit:      CURL_VERSION_IDN
[2018.04.30-08.55.31:601][  0]LogInit:  CurlRequestOptions (configurable via config and command line):
[2018.04.30-08.55.31:601][  0]LogInit:  - bVerifyPeer = true  - Libcurl will verify peer certificate
[2018.04.30-08.55.31:601][  0]LogInit:  - bUseHttpProxy = false  - Libcurl will NOT use HTTP proxy
[2018.04.30-08.55.31:601][  0]LogInit:  - bDontReuseConnections = false  - Libcurl will reuse connections
[2018.04.30-08.55.31:601][  0]LogInit:  - CertBundlePath = nullptr  - Libcurl will use whatever was configured at build time.
[2018.04.30-08.55.33:094][  0]LogInit: Presizing for 0 objects not considered by GC, pre-allocating 0 bytes.
[2018.04.30-08.55.33:441][  0]LogInit: Object subsystem initialized
[2018.04.30-08.55.38:035][  0]LogInit: Selected Device Profile: [Windows]
[2018.04.30-08.55.38:035][  0]LogInit: Applying CVar settings loaded from the selected device profile: [Windows]
[2018.04.30-08.55.38:931][  0]LogInit: Computer: 1-ПК
[2018.04.30-08.55.38:933][  0]LogInit: User: 1
[2018.04.30-08.55.38:933][  0]LogInit: CPU Page size=4096, Cores=2
[2018.04.30-08.55.38:987][  0]LogInit: High frequency timer resolution =2.338515 MHz
[2018.04.30-08.55.38:989][  0]LogMemory: Memory total: Physical=3.9GB (4GB approx)
[2018.04.30-08.55.38:989][  0]LogMemory: Platform Memory Stats for Windows
[2018.04.30-08.55.38:989][  0]LogMemory: Process Physical Memory: 55.39 MB used, 55.39 MB peak
[2018.04.30-08.55.38:989][  0]LogMemory: Process Virtual Memory: 56.56 MB used, 56.56 MB peak
[2018.04.30-08.55.38:989][  0]LogMemory: Physical Memory: 2987.05 MB used, 4010.14 MB total
[2018.04.30-08.55.38:989][  0]LogMemory: Virtual Memory: 339.01 MB used, 8388608.00 MB total
[2018.04.30-08.55.44:921][  0]LogTextLocalizationManager: No translations for ('ru-RU') exist, falling back to 'en' for localization and internationalization data.
[2018.04.30-08.55.53:483][  0]LogD3D11RHI: Found D3D11 adapter 0: NVIDIA GeForce 410M (Feature Level 11_0)
[2018.04.30-08.55.53:509][  0]LogD3D11RHI: Adapter has 979MB of dedicated video memory, 0MB of dedicated system memory, and 1749MB of shared system memory, 1 output[s]
[2018.04.30-08.55.53:540][  0]LogD3D11RHI: Found D3D11 adapter 1: NVIDIA GeForce 410M (Feature Level 11_0)
[2018.04.30-08.55.53:540][  0]LogD3D11RHI: Adapter has 979MB of dedicated video memory, 0MB of dedicated system memory, and 1749MB of shared system memory, 0 output[s]
[2018.04.30-08.55.53:540][  0]LogD3D11RHI: Chosen D3D11 Adapter Id = 0
[2018.04.30-08.55.53:829][  0]LogD3D11RHI: !Direct3DDevice
[2018.04.30-08.55.53:859][  0]LogRHI: Texture pool is 1297 MB (70% of 1854 MB)
[2018.04.30-08.55.53:878][  0]LogD3D11RHI: Async texture creation enabled
[2018.04.30-08.55.55:208][  0]LogShaderCompilers: Guid format shader working directory is 15 characters bigger than the processId version (../../../../sergey/UnrealProjects/TopDownProject/Intermediate/Shaders/WorkingDirectory/3244/).
[2018.04.30-08.55.55:208][  0]LogShaderCompilers: Cleaned the shader compiler working directory '../../../../sergey/UnrealProjects/TopDownProject/Intermediate/Shaders/tmp/75276B274519705ABB49BB80E9B922BC/'.
[2018.04.30-08.55.55:220][  0]LogShaderCompilers:Display: Using Local Shader Compiler.
[2018.04.30-08.56.18:182][  0]LogTemp:Display: Loaded TP AllDesktopTargetPlatform
[2018.04.30-08.56.18:283][  0]LogTemp:Display: Loaded TP WindowsClientTargetPlatform
[2018.04.30-08.56.18:304][  0]LogTemp:Display: Loaded TP WindowsNoEditorTargetPlatform
[2018.04.30-08.56.18:331][  0]LogTemp:Display: Loaded TP WindowsServerTargetPlatform
[2018.04.30-08.56.18:369][  0]LogTemp:Display: Loaded TP WindowsTargetPlatform
[2018.04.30-08.56.18:413][  0]LogTemp:Display: Loaded TP AndroidTargetPlatform
[2018.04.30-08.56.18:448][  0]LogTemp:Display: Loaded TP Android_ASTCTargetPlatform
[2018.04.30-08.56.18:456][  0]LogTemp:Display: Loaded TP Android_ATCTargetPlatform
[2018.04.30-08.56.18:966][  0]LogTemp:Display: Loaded TP Android_DXTTargetPlatform
[2018.04.30-08.56.18:988][  0]LogTemp:Display: Loaded TP Android_ETC1TargetPlatform
[2018.04.30-08.56.19:010][  0]LogTemp:Display: Loaded TP Android_ETC2TargetPlatform
[2018.04.30-08.56.19:028][  0]LogTemp:Display: Loaded TP Android_PVRTCTargetPlatform
[2018.04.30-08.56.19:057][  0]LogTemp:Display: Loaded TP HTML5TargetPlatform
[2018.04.30-08.56.19:239][  0]LogTemp:Display: Loaded TP IOSTargetPlatform
[2018.04.30-08.56.19:279][  0]LogTemp:Display: Loaded TP LinuxNoEditorTargetPlatform
[2018.04.30-08.56.19:313][  0]LogTemp:Display: Loaded TP LinuxServerTargetPlatform
[2018.04.30-08.56.19:330][  0]LogTemp:Display: Loaded TP LinuxTargetPlatform
[2018.04.30-08.56.19:330][  0]LogTargetPlatformManager:Display: Building Assets For Windows
[2018.04.30-08.56.20:447][  0]LogDerivedDataCache:Display: Max Cache Size: 512 MB
[2018.04.30-08.56.21:630][  0]LogDerivedDataCache: Loaded boot cache 1.16s 41MB C:/Users/1/AppData/Local/UnrealEngine/4.9/DerivedDataCache/Boot.ddc.
[2018.04.30-08.56.21:630][  0]LogDerivedDataCache:Display: Loaded Boot cache: C:/Users/1/AppData/Local/UnrealEngine/4.9/DerivedDataCache/Boot.ddc
[2018.04.30-08.56.21:630][  0]LogDerivedDataCache: FDerivedDataBackendGraph:  Pak pak cache file ../../../../sergey/UnrealProjects/TopDownProject/DerivedDataCache/DDC.ddp not found, will not use a pak cache.
[2018.04.30-08.56.21:630][  0]LogDerivedDataCache: Unable to find inner node Pak for hierarchical cache Hierarchy.
[2018.04.30-08.56.21:630][  0]LogDerivedDataCache: FDerivedDataBackendGraph:  CompressedPak pak cache file ../../../../sergey/UnrealProjects/TopDownProject/DerivedDataCache/Compressed.ddp not found, will not use a pak cache.
[2018.04.30-08.56.21:630][  0]LogDerivedDataCache: Unable to find inner node CompressedPak for hierarchical cache Hierarchy.
[2018.04.30-08.56.21:967][  0]LogDerivedDataCache:Display: Pak cache opened for reading ../../../Engine/DerivedDataCache/Compressed.ddp.
[2018.04.30-08.56.22:050][  0]LogDerivedDataCache: Using Local data cache path C:/Users/1/AppData/Local/UnrealEngine/Common/DerivedDataCache: Writable
[2018.04.30-08.56.39:206][  0]LogInit: Selected Device Profile: [Windows]
[2018.04.30-08.56.39:327][  0]LogContentStreaming: Texture pool size is 0.000000MB
[2018.04.30-08.56.41:948][  0]LogMeshUtilities: No automatic mesh reduction module available
[2018.04.30-08.56.41:948][  0]LogMeshUtilities: No automatic mesh merging module available
[2018.04.30-08.56.56:027][  0]LogInit: WinSock: version 1.1 (2.2), MaxSocks=32767, MaxUdp=65467
[2018.04.30-08.59.36:497][  0]UdpMessaging: Initializing bridge on interface 0.0.0.0:0 to multicast group 230.0.0.1:6666.
[2018.04.30-08.59.39:491][  0]LogAssetRegistry: FAssetRegistry took 0.0135 seconds to start up
[2018.04.30-08.59.53:684][  0]SourceControl: Info Source control is disabled
[2018.04.30-08.59.53:685][  0]SourceControl: Info Source control is disabled
[2018.04.30-08.59.54:001][  0]SourceControl: Info Source control is disabled
[2018.04.30-08.59.54:203][  0]SourceControl: Info Source control is disabled
[2018.04.30-08.59.56:394][  0]LogLinker:Warning: Asset '../../../Engine/Plugins/Runtime/LeapMotionController/Content/LM_PassthroughMaterial.uasset' has been saved with empty engine version. The asset will be loaded but may be incompatible.
[2018.04.30-08.59.57:256][  0]LogObj: 28361 objects as part of root set at end of initial load.
[2018.04.30-08.59.57:256][  0]LogUObjectAllocator: 6038864 out of 0 bytes used by permanent object pool.
[2018.04.30-08.59.59:994][  0]LogAutomationTest:Warning: Smoke tests took > 1s to run: 1.20s
[2018.04.30-09.00.00:132][  0]LogEngine: Initializing Engine...
[2018.04.30-09.00.00:222][  0]LogHMD: Can't find Oculus library dev build: is proper Runtime installed? Version: 0.7.0.0
[2018.04.30-09.00.00:302][  0]LogHMD: SteamVR failed to initialize.  Err: 110
[2018.04.30-09.00.06:451][  0]LogAIModule: Creating AISystem for world NewWorld
[2018.04.30-09.00.08:505][  0]LogInit: XAudio2 using 'Динамики (Устройство с поддержкой High Definition Audio)' : 2 channels at 44.1 kHz using 16 bits per sample (channel mask 0x3)
[2018.04.30-09.00.08:569][  0]LogInit: FAudioDevice initialized.
[2018.04.30-09.00.08:624][  0]LogDerivedDataCache: Saved boot cache 0.06s 41MB C:/Users/1/AppData/Local/UnrealEngine/4.9/DerivedDataCache/Boot.ddc.
[2018.04.30-09.00.08:660][  0]LogInit: Texture streaming: Enabled
[2018.04.30-09.00.08:786][  0]LogAnalytics: Creating configured Analytics provider AnalyticsET
[2018.04.30-09.00.08:787][  0]LogAnalytics: [UEEditor.Rocket.Release] APIServer = http://et2.epicgames.com/ET2/. AppVersion = 4.9.2-2707645+++depot+UE4-Releases+4.9
[2018.04.30-09.00.08:787][  0]LogAnalytics: [UEEditor.Rocket.Release] SetUserId fdb2de1848db1fa47a6f94acde81dca0|be1dc849c34248278283a980c6ca8968|82021297-a794-427f-b0e0-602fe21b1b06
[2018.04.30-09.00.08:803][  0]LogAnalytics: [UEEditor.Rocket.Release] AnalyticsET::StartSession
[2018.04.30-09.00.11:243][  0]LogInit: Transaction tracking system initialized
[2018.04.30-09.00.15:123][  0]BlueprintLog: New page: Editor Load
[2018.04.30-09.00.39:559][  0]LocalizationService: Info Localization service is disabled
[2018.04.30-09.00.48:493][  0]LogConsoleResponse:Display: 
[2018.04.30-09.01.03:316][  0]LogFileCache: Scanning file cache for directory 'D:/sergey/UnrealProjects/TopDownProject/Content/' took 0.09s
[2018.04.30-09.01.03:316][  0]LogCook:Display: Done creating registry. It took  0.00s.
[2018.04.30-09.01.10:501][  0]SourceControl: Info Source control is disabled
[2018.04.30-09.01.10:760][  0]Cmd: MAP LOAD FILE="../../../../sergey/UnrealProjects/TopDownProject/Content/TopDownBP/Maps/TopDownExampleMap.umap" TEMPLATE=0 SHOWPROGRESS=1 FEATURELEVEL=3
[2018.04.30-09.01.10:925][  0]LightingResults: New page: Lighting Build
[2018.04.30-09.01.12:808][  0]MapCheck: New page: Map Check
[2018.04.30-09.01.12:808][  0]LightingResults: New page: Lighting Build
[2018.04.30-09.01.16:368][  0]LogParticles: Destroying 0 GPU particle simulations for FXSystem 0x0000000023E4C860
[2018.04.30-09.01.18:360][  0]LogLinker:Warning: Asset '../../../../sergey/UnrealProjects/TopDownProject/Content/Mannequin/Animations/ThirdPerson_AnimBP.uasset' has been saved with empty engine version. The asset will be loaded but may be incompatible.
[2018.04.30-09.01.18:485][  0]LogLinker:Warning: Asset '../../../../sergey/UnrealProjects/TopDownProject/Content/Mannequin/Animations/ThirdPerson_Jump.uasset' has been saved with empty engine version. The asset will be loaded but may be incompatible.
[2018.04.30-09.01.18:712][  0]LogLinker:Warning: Asset '../../../../sergey/UnrealProjects/TopDownProject/Content/Mannequin/Animations/ThirdPersonJump_Loop.uasset' has been saved with empty engine version. The asset will be loaded but may be incompatible.
[2018.04.30-09.01.18:836][  0]LogLinker:Warning: Asset '../../../../sergey/UnrealProjects/TopDownProject/Content/Mannequin/Animations/ThirdPersonJump_Start.uasset' has been saved with empty engine version. The asset will be loaded but may be incompatible.
[2018.04.30-09.01.18:902][  0]LogLinker:Warning: Asset '../../../../sergey/UnrealProjects/TopDownProject/Content/Mannequin/Animations/ThirdPerson_IdleRun_2D.uasset' has been saved with empty engine version. The asset will be loaded but may be incompatible.
[2018.04.30-09.01.18:979][  0]LogLinker:Warning: Asset '../../../../sergey/UnrealProjects/TopDownProject/Content/Mannequin/Animations/ThirdPersonIdle.uasset' has been saved with empty engine version. The asset will be loaded but may be incompatible.
[2018.04.30-09.01.19:297][  0]LogLinker:Warning: Asset '../../../../sergey/UnrealProjects/TopDownProject/Content/Mannequin/Animations/ThirdPersonRun.uasset' has been saved with empty engine version. The asset will be loaded but may be incompatible.
[2018.04.30-09.01.19:523][  0]LogLinker:Warning: Asset '../../../../sergey/UnrealProjects/TopDownProject/Content/Mannequin/Animations/ThirdPersonWalk.uasset' has been saved with empty engine version. The asset will be loaded but may be incompatible.
[2018.04.30-09.01.45:498][  0]LogLinker:Warning: CreateExport: Failed to load Parent for Function /Game/TopDownBP/InventorySystem/Item/Items/Box.Box_C:UserConstructionScript; removing parent information, but keeping function
[2018.04.30-09.01.45:756][  0]LogLinker:Warning: CreateExport: Failed to load Parent for Function /Game/TopDownBP/InventorySystem/Item/Items/ItemSphere.ItemSphere_C:UserConstructionScript; removing parent information, but keeping function
[2018.04.30-09.01.45:839][  0]LogLinker:Warning: CreateExport: Failed to load Parent for Function /Game/TopDownBP/InventorySystem/Item/Items/ItemCone.ItemCone_C:UserConstructionScript; removing parent information, but keeping function
[2018.04.30-09.02.28:720][  0]LogAIModule: Creating AISystem for world TopDownExampleMap
[2018.04.30-09.02.34:139][  0]LogEditorServer: Finished looking for orphan Actors (0.000 secs)
[2018.04.30-09.02.35:039][  0]Cmd: MAP CHECKDEP NOCLEARLOG
[2018.04.30-09.02.35:704][  0]MapCheck: Info Map check complete: 0 Error(s), 0 Warning(s), took 664.821ms to complete.
[2018.04.30-09.02.35:705][  0]LogFileHelpers: Loading map 'TopDownExampleMap' took 85.101
[2018.04.30-09.02.45:891][  0]LogCollectionManager: Loaded 0 collections in 0.002835 seconds
[2018.04.30-09.02.46:338][  0]LogFileCache: Scanning file cache for directory 'D:/sergey/UnrealProjects/TopDownProject/Saved/Collections/' took 0.01s
[2018.04.30-09.02.46:338][  0]LogFileCache: Scanning file cache for directory 'D:/sergey/UnrealProjects/TopDownProject/Content/Developers/1/Collections/' took 0.02s
[2018.04.30-09.02.46:338][  0]LogFileCache: Scanning file cache for directory 'D:/sergey/UnrealProjects/TopDownProject/Content/Collections/' took 0.00s
[2018.04.30-09.02.46:338][  0]LogContentBrowser: Native class hierarchy populated in 0.0502 seconds. Added 1867 classes and 333 folders.
[2018.04.30-09.02.46:850][  0]LogCollectionManager: Rebuilt the GUID cache for 0 collections in 0.000003 seconds
[2018.04.30-09.02.47:404][  0]LogContentBrowser: Native class hierarchy updated for 'WidgetCarousel' in 0.0018 seconds. Added 0 classes and 0 folders.
[2018.04.30-09.02.55:496][  0]LogContentBrowser: Native class hierarchy updated for 'AddContentDialog' in 0.0035 seconds. Added 0 classes and 0 folders.
[2018.04.30-09.02.56:494][  0]LogContentBrowser: Native class hierarchy updated for 'SceneOutliner' in 0.0010 seconds. Added 1 classes and 2 folders.
[2018.04.30-09.02.56:815][  0]LogCrashTracker: Crashtracker disabled due to settings.
[2018.04.30-09.02.57:139][  0]LogUObjectGlobals:Warning: Failed to find object 'Class None.'
[2018.04.30-09.02.57:414][  0]LogLoad: Full Startup: 477.14 seconds (BP compile: 13.14 seconds)
[2018.04.30-09.02.58:823][  0]LogContentStreaming: Texture pool size now 200 MB
[2018.04.30-09.02.59:790][  0]LogRenderer: Reallocating scene render targets to support 664x648 (Frame:2).
[2018.04.30-09.03.10:242][ 23]LogAssetRegistry: Asset discovery search completed in 210.7557 seconds
[2018.04.30-09.03.10:242][ 23]LogCollectionManager: Rebuilt the object cache for 0 collections in 0.000002 seconds (found 0 objects)
[2018.04.30-09.03.10:242][ 23]LogCollectionManager: Fixed up redirectors for 0 collections in 0.000038 seconds (updated 0 objects)
[2018.04.30-09.05.53:352][888]LogBlueprintUserMessages: Early PlayInEditor Detection: Level '/Game/TopDownBP/Maps/TopDownExampleMap.TopDownExampleMap:PersistentLevel' has LevelScriptBlueprint '/Game/TopDownBP/Maps/TopDownExampleMap.TopDownExampleMap:PersistentLevel.TopDownExampleMap' with GeneratedClass '/Game/TopDownBP/Maps/TopDownExampleMap.TopDownExampleMap_C' with ClassGeneratedBy '/Game/TopDownBP/Maps/TopDownExampleMap.TopDownExampleMap:PersistentLevel.TopDownExampleMap'
[2018.04.30-09.05.53:352][888]LogPlayLevel: PlayLevel: No blueprints needed recompiling
[2018.04.30-09.05.53:451][888]PIE: New page: PIE session: TopDownExampleMap (May 1, 2018, 1:05:53 AM)
[2018.04.30-09.05.53:452][888]LogPlayLevel: Creating play world package: /Game/TopDownBP/Maps/UEDPIE_0_TopDownExampleMap
[2018.04.30-09.05.53:699][888]LogPlayLevel: PIE: StaticDuplicateObject took: (0.247790s)
[2018.04.30-09.05.53:701][888]LogAIModule: Creating AISystem for world TopDownExampleMap
[2018.04.30-09.05.53:701][888]LogPlayLevel: PIE: World Init took: (0.001500s)
[2018.04.30-09.05.53:701][888]LogPlayLevel: PIE: Created PIE world by copying editor world from /Game/TopDownBP/Maps/TopDownExampleMap.TopDownExampleMap to /Game/TopDownBP/Maps/UEDPIE_0_TopDownExampleMap.TopDownExampleMap (0.249668s)
[2018.04.30-09.05.53:701][888]LogActorComponent: UnregisterComponent: (/Engine/Transient.CharGoingForAction_GEN_VARIABLE) Not registered. Aborting.
[2018.04.30-09.05.53:701][888]LogActorComponent: UnregisterComponent: (/Engine/Transient.CursorOnActorText_GEN_VARIABLE) Not registered. Aborting.
[2018.04.30-09.05.53:923][888]LogInit: XAudio2 using 'Динамики (Устройство с поддержкой High Definition Audio)' : 2 channels at 44.1 kHz using 16 bits per sample (channel mask 0x3)
[2018.04.30-09.05.53:934][888]LogInit: FAudioDevice initialized.
[2018.04.30-09.05.54:195][888]LogWorld: Game class is 'TopDownGameMode_C'
[2018.04.30-09.05.54:269][888]LogWorld:Warning: *** WARNING - PATHS MAY NOT BE VALID ***
[2018.04.30-09.05.54:269][888]LogWorld: Bringing World /Game/TopDownBP/Maps/UEDPIE_0_TopDownExampleMap.TopDownExampleMap up for play (max tick rate 60) at 2018.04.30-17.05.54
[2018.04.30-09.05.54:269][888]LogActor:Warning: GameSession /Game/TopDownBP/Maps/UEDPIE_0_TopDownExampleMap.TopDownExampleMap:PersistentLevel.GameSession_0 has natively added scene component(s), but none of them were set as the actor's RootComponent - picking one arbitrarily
[2018.04.30-09.05.54:269][888]LogActor:Warning: GameNetworkManager /Game/TopDownBP/Maps/UEDPIE_0_TopDownExampleMap.TopDownExampleMap:PersistentLevel.GameNetworkManager_0 has natively added scene component(s), but none of them were set as the actor's RootComponent - picking one arbitrarily
[2018.04.30-09.05.54:348][888]LogWorld: Bringing up level for play took: 0.093542
[2018.04.30-09.05.54:670][888]PIE: Info Play in editor start time for /Game/TopDownBP/Maps/UEDPIE_0_TopDownExampleMap 2.162
[2018.04.30-09.05.54:670][888]LogBlueprintUserMessages: Late PlayInEditor Detection: Level '/Game/TopDownBP/Maps/TopDownExampleMap.TopDownExampleMap:PersistentLevel' has LevelScriptBlueprint '/Game/TopDownBP/Maps/TopDownExampleMap.TopDownExampleMap:PersistentLevel.TopDownExampleMap' with GeneratedClass '/Game/TopDownBP/Maps/TopDownExampleMap.TopDownExampleMap_C' with ClassGeneratedBy '/Game/TopDownBP/Maps/TopDownExampleMap.TopDownExampleMap:PersistentLevel.TopDownExampleMap'
[2018.04.30-09.06.13:077][558]LogBlueprintUserMessages: Early EndPlayMap Detection: Level '/Game/TopDownBP/Maps/TopDownExampleMap.TopDownExampleMap:PersistentLevel' has LevelScriptBlueprint '/Game/TopDownBP/Maps/TopDownExampleMap.TopDownExampleMap:PersistentLevel.TopDownExampleMap' with GeneratedClass '/Game/TopDownBP/Maps/TopDownExampleMap.TopDownExampleMap_C' with ClassGeneratedBy '/Game/TopDownBP/Maps/TopDownExampleMap.TopDownExampleMap:PersistentLevel.TopDownExampleMap'
[2018.04.30-09.06.13:237][558]LogBlueprintUserMessages: Late EndPlayMap Detection: Level '/Game/TopDownBP/Maps/TopDownExampleMap.TopDownExampleMap:PersistentLevel' has LevelScriptBlueprint '/Game/TopDownBP/Maps/TopDownExampleMap.TopDownExampleMap:PersistentLevel.TopDownExampleMap' with GeneratedClass '/Game/TopDownBP/Maps/TopDownExampleMap.TopDownExampleMap_C' with ClassGeneratedBy '/Game/TopDownBP/Maps/TopDownExampleMap.TopDownExampleMap:PersistentLevel.TopDownExampleMap'
[2018.04.30-09.06.13:281][558]LogParticles: Destroying 0 GPU particle simulations for FXSystem 0x0000000015364C20
[2018.04.30-09.06.24:042][115]LogEditorViewport: Clicking on Actor (context menu): TopDownCharacter_C (TopDownCharacter)
[2018.04.30-09.06.27:632][213]LogEditorViewport: Clicking on Actor (LMB): TopDownCharacter_C (TopDownCharacter)
[2018.04.30-09.06.55:626][667]Cmd: CLOSE_SLATE_MAINFRAME
[2018.04.30-09.06.56:300][668]Cmd: QUIT_EDITOR
[2018.04.30-09.06.57:077][668]LogExit: Preparing to exit.
[2018.04.30-09.06.58:408][668]LogExit: Editor shut down
[2018.04.30-09.06.58:409][668]LogExit: Transaction tracking system shut down
[2018.04.30-09.06.58:932][668]LogParticles: Destroying 0 GPU particle simulations for FXSystem 0x000000002C19D580
[2018.04.30-09.06.58:932][668]LogParticles: Destroying 0 GPU particle simulations for FXSystem 0x0000000034DC4AE0
[2018.04.30-09.06.58:932][668]LogParticles: Destroying 0 GPU particle simulations for FXSystem 0x0000000034E4DBC0
[2018.04.30-09.06.58:932][668]LogParticles: Destroying 0 GPU particle simulations for FXSystem 0x000000003E864900
[2018.04.30-09.06.58:932][668]LogParticles: Destroying 0 GPU particle simulations for FXSystem 0x000000001278CE00
[2018.04.30-09.06.58:932][668]LogParticles: Destroying 0 GPU particle simulations for FXSystem 0x00000000121BAFC0
[2018.04.30-09.07.01:239][668]LogExit: Object subsystem successfully closed.
[2018.04.30-09.07.01:980][668]LogD3D11RHI: Shutdown
[2018.04.30-09.07.01:980][668]LogD3D11RHI: CleanupD3DDevice
[2018.04.30-09.07.02:067][668]LogD3D11RHI: ~FD3D11DynamicRHI
[2018.04.30-09.07.03:077][668]LogModuleManager: Shutting down and abandoning module CrashTracker (197)
[2018.04.30-09.07.03:077][668]LogModuleManager: Shutting down and abandoning module SceneOutliner (196)
[2018.04.30-09.07.03:119][668]LogModuleManager: Shutting down and abandoning module SuperSearch (195)
[2018.04.30-09.07.03:119][668]LogModuleManager: Shutting down and abandoning module WidgetCarousel (194)
[2018.04.30-09.07.03:119][668]LogModuleManager: Shutting down and abandoning module AddContentDialog (193)
[2018.04.30-09.07.03:144][668]LogModuleManager: Shutting down and abandoning module EditorWidgets (192)
[2018.04.30-09.07.03:144][668]LogModuleManager: Shutting down and abandoning module CollectionManager (191)
[2018.04.30-09.07.03:144][668]LogModuleManager: Shutting down and abandoning module StatsViewer (190)
[2018.04.30-09.07.03:184][668]LogModuleManager: Shutting down and abandoning module FoliageEdit (189)
[2018.04.30-09.07.03:184][668]LogModuleManager: Shutting down and abandoning module LandscapeEditor (188)
[2018.04.30-09.07.03:272][668]LogModuleManager: Shutting down and abandoning module ActorPickerMode (187)
[2018.04.30-09.07.03:272][668]LogModuleManager: Shutting down and abandoning module GeometryMode (186)
[2018.04.30-09.07.03:272][668]LogModuleManager: Shutting down and abandoning module TextureAlignMode (185)
[2018.04.30-09.07.03:272][668]LogModuleManager: Shutting down and abandoning module BspMode (184)
[2018.04.30-09.07.03:272][668]LogModuleManager: Shutting down and abandoning module PlacementMode (183)
[2018.04.30-09.07.03:273][668]LogModuleManager: Shutting down and abandoning module AutomationWorker (182)
[2018.04.30-09.07.03:273][668]LogModuleManager: Shutting down and abandoning module CharacterAI (181)
[2018.04.30-09.07.03:273][668]LogModuleManager: Shutting down and abandoning module SmartSnapping (180)
[2018.04.30-09.07.03:273][668]LogModuleManager: Shutting down and abandoning module ViewportSnapping (179)
[2018.04.30-09.07.03:273][668]LogModuleManager: Shutting down and abandoning module LogVisualizer (178)
[2018.04.30-09.07.03:334][668]LogModuleManager: Shutting down and abandoning module GameProjectGeneration (177)
[2018.04.30-09.07.03:369][668]LogModuleManager: Shutting down and abandoning module IntroTutorials (176)
[2018.04.30-09.07.03:479][668]LogModuleManager: Shutting down and abandoning module EditorLiveStreaming (175)
[2018.04.30-09.07.03:479][668]LogModuleManager: Shutting down and abandoning module IOSPlatformEditor (174)
[2018.04.30-09.07.03:479][668]LogModuleManager: Shutting down and abandoning module HTML5PlatformEditor (173)
[2018.04.30-09.07.03:479][668]LogModuleManager: Shutting down and abandoning module AndroidDeviceDetection (172)
[2018.04.30-09.07.04:183][668]LogModuleManager: Shutting down and abandoning module AndroidPlatformEditor (171)
[2018.04.30-09.07.04:183][668]LogModuleManager: Shutting down and abandoning module IOSRuntimeSettings (170)
[2018.04.30-09.07.04:183][668]LogModuleManager: Shutting down and abandoning module AndroidRuntimeSettings (169)
[2018.04.30-09.07.04:183][668]LogModuleManager: Shutting down and abandoning module MergeActors (168)
[2018.04.30-09.07.04:227][668]LogModuleManager: Shutting down and abandoning module SizeMap (167)
[2018.04.30-09.07.04:227][668]LogModuleManager: Shutting down and abandoning module TreeMap (166)
[2018.04.30-09.07.04:227][668]LogModuleManager: Shutting down and abandoning module ReferenceViewer (165)
[2018.04.30-09.07.04:227][668]LogModuleManager: Shutting down and abandoning module LocalizationService (164)
[2018.04.30-09.07.04:227][668]LogModuleManager: Shutting down and abandoning module LocalizationDashboard (163)
[2018.04.30-09.07.04:249][668]LogModuleManager: Shutting down and abandoning module HardwareTargeting (162)
[2018.04.30-09.07.04:249][668]LogModuleManager: Shutting down and abandoning module DeviceProfileEditor (161)
[2018.04.30-09.07.04:249][668]LogModuleManager: Shutting down and abandoning module UndoHistory (160)
[2018.04.30-09.07.04:249][668]LogModuleManager: Shutting down and abandoning module GameplayTagsEditor (159)
[2018.04.30-09.07.04:249][668]LogModuleManager: Shutting down and abandoning module UserFeedback (158)
[2018.04.30-09.07.04:249][668]LogModuleManager: Shutting down and abandoning module XmlParser (157)
[2018.04.30-09.07.04:249][668]LogModuleManager: Shutting down and abandoning module Blutility (156)
[2018.04.30-09.07.04:249][668]LogModuleManager: Shutting down and abandoning module ProjectTargetPlatformEditor (155)
[2018.04.30-09.07.04:249][668]LogModuleManager: Shutting down and abandoning module ProjectSettingsViewer (154)
[2018.04.30-09.07.04:249][668]LogModuleManager: Shutting down and abandoning module InputBindingEditor (153)
[2018.04.30-09.07.04:249][668]LogModuleManager: Shutting down and abandoning module EditorSettingsViewer (152)
[2018.04.30-09.07.04:249][668]LogModuleManager: Shutting down and abandoning module SettingsEditor (151)
[2018.04.30-09.07.04:249][668]LogModuleManager: Shutting down and abandoning module ProjectLauncher (150)
[2018.04.30-09.07.04:249][668]LogModuleManager: Shutting down and abandoning module SessionFrontend (149)
[2018.04.30-09.07.04:249][668]LogModuleManager: Shutting down and abandoning module ProfilerClient (148)
[2018.04.30-09.07.04:268][668]LogModuleManager: Shutting down and abandoning module TargetDeviceServices (147)
[2018.04.30-09.07.04:268][668]LogModuleManager: Shutting down and abandoning module DeviceManager (146)
[2018.04.30-09.07.04:268][668]LogModuleManager: Shutting down and abandoning module AutomationController (145)
[2018.04.30-09.07.04:268][668]LogModuleManager: Shutting down and abandoning module AutomationWindow (144)
[2018.04.30-09.07.04:292][668]LogModuleManager: Shutting down and abandoning module Layers (143)
[2018.04.30-09.07.04:453][668]LogModuleManager: Shutting down and abandoning module ComponentVisualizers (142)
[2018.04.30-09.07.04:453][668]LogModuleManager: Shutting down and abandoning module DetailCustomizations (141)
[2018.04.30-09.07.04:453][668]LogModuleManager: Shutting down and abandoning module PackagesDialog (140)
[2018.04.30-09.07.04:453][668]LogModuleManager: Shutting down and abandoning module Persona (139)
[2018.04.30-09.07.04:515][668]LogModuleManager: Shutting down and abandoning module Kismet (138)
[2018.04.30-09.07.04:515][668]LogModuleManager: Shutting down and abandoning module GraphEditor (137)
[2018.04.30-09.07.04:611][668]LogModuleManager: Shutting down and abandoning module ClassViewer (136)
[2018.04.30-09.07.04:611][668]LogModuleManager: Shutting down and abandoning module Toolbox (135)
[2018.04.30-09.07.04:611][668]LogModuleManager: Shutting down and abandoning module ModuleUI (134)
[2018.04.30-09.07.04:734][668]LogModuleManager: Shutting down and abandoning module MovieSceneTools (133)
[2018.04.30-09.07.04:734][668]LogModuleManager: Shutting down and abandoning module OutputLog (132)
[2018.04.30-09.07.04:734][668]LogModuleManager: Shutting down and abandoning module GammaUI (131)
[2018.04.30-09.07.04:795][668]LogModuleManager: Shutting down and abandoning module Documentation (130)
[2018.04.30-09.07.04:795][668]LogModuleManager: Shutting down and abandoning module GameLiveStreaming (129)
[2018.04.30-09.07.04:795][668]LogModuleManager: Shutting down and abandoning module StreamingPauseRendering (128)
[2018.04.30-09.07.04:795][668]LogModuleManager: Shutting down and abandoning module AnalyticsET (127)
[2018.04.30-09.07.04:795][668]LogModuleManager: Shutting down and abandoning module Analytics (126)
[2018.04.30-09.07.04:795][668]LogModuleManager: Shutting down and abandoning module AITestSuite (125)
[2018.04.30-09.07.04:795][668]LogModuleManager: Shutting down and abandoning module GameplayDebugger (124)
[2018.04.30-09.07.04:795][668]LogModuleManager: Shutting down and abandoning module AIModule (123)
[2018.04.30-09.07.04:795][668]LogModuleManager: Shutting down and abandoning module ProfilerService (122)
[2018.04.30-09.07.05:034][668]LogModuleManager: Shutting down and abandoning module TaskGraph (121)
[2018.04.30-09.07.05:034][668]LogModuleManager: Shutting down and abandoning module SlateRemote (120)
[2018.04.30-09.07.05:034][668]LogModuleManager: Shutting down and abandoning module SteamVRController (119)
[2018.04.30-09.07.05:034][668]LogModuleManager: Shutting down and abandoning module SteamVR (118)
[2018.04.30-09.07.05:034][668]LogModuleManager: Shutting down and abandoning module ProceduralMeshComponent (117)
[2018.04.30-09.07.05:034][668]LogModuleManager: Shutting down and abandoning module OculusRift (116)
[2018.04.30-09.07.05:034][668]LogModuleManager: Shutting down and abandoning module OculusLibrary (115)
[2018.04.30-09.07.05:034][668]LogModuleManager: Shutting down and abandoning module LeapMotionController (114)
[2018.04.30-09.07.05:042][668]LogModuleManager: Shutting down and abandoning module CustomMeshComponent (113)
[2018.04.30-09.07.05:186][668]LogModuleManager: Shutting down and abandoning module CableComponent (112)
[2018.04.30-09.07.05:186][668]LogModuleManager: Shutting down and abandoning module ArchVisCharacter (111)
[2018.04.30-09.07.05:186][668]LogModuleManager: Shutting down and abandoning module MessagingDebugger (110)
[2018.04.30-09.07.05:248][668]LogModuleManager: Shutting down and abandoning module MediaPlayerEditor (109)
[2018.04.30-09.07.05:298][668]LogModuleManager: Shutting down and abandoning module HTML5Networking (108)
[2018.04.30-09.07.05:298][668]LogModuleManager: Shutting down and abandoning module SpeedTreeImporter (107)
[2018.04.30-09.07.05:298][668]LogModuleManager: Shutting down and abandoning module PluginBrowser (106)
[2018.04.30-09.07.05:298][668]LogModuleManager: Shutting down and abandoning module EpicSurvey (105)
[2018.04.30-09.07.05:298][668]LogModuleManager: Shutting down and abandoning module DesktopPlatform (104)
[2018.04.30-09.07.05:327][668]LogModuleManager: Shutting down and abandoning module VisualStudioSourceCodeAccess (103)
[2018.04.30-09.07.05:327][668]LogModuleManager: Shutting down and abandoning module UObjectPlugin (102)
[2018.04.30-09.07.05:327][668]LogModuleManager: Shutting down and abandoning module SubversionSourceControl (101)
[2018.04.30-09.07.05:327][668]LogModuleManager: Shutting down and abandoning module PerforceSourceControl (100)
[2018.04.30-09.07.05:327][668]LogModuleManager: Shutting down and abandoning module SourceControl (99)
[2018.04.30-09.07.05:327][668]LogModuleManager: Shutting down and abandoning module GitSourceControl (98)
[2018.04.30-09.07.05:327][668]LogModuleManager: Shutting down and abandoning module LightPropagationVolumeEditor (97)
[2018.04.30-09.07.05:327][668]LogModuleManager: Shutting down and abandoning module PaperTiledImporter (96)
[2018.04.30-09.07.05:327][668]LogModuleManager: Shutting down and abandoning module PaperSpriteSheetImporter (95)
[2018.04.30-09.07.05:327][668]LogModuleManager: Shutting down and abandoning module MeshPaint (94)
[2018.04.30-09.07.05:327][668]LogModuleManager: Shutting down and abandoning module SlateReflector (93)
[2018.04.30-09.07.05:397][668]LogModuleManager: Shutting down and abandoning module HotReload (92)
[2018.04.30-09.07.05:397][668]LogModuleManager: Shutting down and abandoning module MainFrame (91)
[2018.04.30-09.07.05:397][668]LogModuleManager: Shutting down and abandoning module LevelEditor (90)
[2018.04.30-09.07.05:441][668]LogModuleManager: Shutting down and abandoning module DirectoryWatcher (89)
[2018.04.30-09.07.05:442][668]LogModuleManager: Shutting down and abandoning module AssetRegistry (88)
[2018.04.30-09.07.05:568][668]LogModuleManager: Shutting down and abandoning module ContentBrowser (87)
[2018.04.30-09.07.05:569][668]LogModuleManager: Shutting down and abandoning module Paper2DEditor (86)
[2018.04.30-09.07.05:595][668]LogModuleManager: Shutting down and abandoning module UdpMessaging (85)
[2018.04.30-09.07.05:695][668]LogModuleManager: Shutting down and abandoning module LightPropagationVolumeRuntime (84)
[2018.04.30-09.07.05:695][668]LogModuleManager: Shutting down and abandoning module Paper2D (83)
[2018.04.30-09.07.05:695][668]LogModuleManager: Shutting down and abandoning module WindowsMoviePlayer (82)
[2018.04.30-09.07.05:988][668]LogModuleManager: Shutting down and abandoning module Media (81)
[2018.04.30-09.07.05:988][668]LogModuleManager: Shutting down and abandoning module WmfMedia (80)
[2018.04.30-09.07.05:988][668]LogModuleManager: Shutting down and abandoning module OnlineBlueprintSupport (79)
[2018.04.30-09.07.05:988][668]LogModuleManager: Shutting down and abandoning module GameplayTasksEditor (78)
[2018.04.30-09.07.05:988][668]LogModuleManager: Shutting down and abandoning module PropertyEditor (77)
[2018.04.30-09.07.05:988][668]LogModuleManager: Shutting down and abandoning module BehaviorTreeEditor (76)
[2018.04.30-09.07.06:122][668]LogModuleManager: Shutting down and abandoning module FunctionalTesting (75)
[2018.04.30-09.07.06:122][668]LogModuleManager: Shutting down and abandoning module CollisionAnalyzer (74)
[2018.04.30-09.07.06:807][668]LogModuleManager: Shutting down and abandoning module WorkspaceMenuStructure (73)
[2018.04.30-09.07.06:807][668]LogModuleManager: Shutting down and abandoning module MessageLog (72)
[2018.04.30-09.07.06:807][668]LogModuleManager: Shutting down and abandoning module Sequencer (71)
[2018.04.30-09.07.07:100][668]LogModuleManager: Shutting down and abandoning module AssetTools (70)
[2018.04.30-09.07.07:582][668]LogModuleManager: Shutting down and abandoning module UMGEditor (69)
[2018.04.30-09.07.07:627][668]LogModuleManager: Shutting down and abandoning module UMG (68)
[2018.04.30-09.07.07:627][668]LogModuleManager: Shutting down and abandoning module Slate (67)
[2018.04.30-09.07.07:627][668]LogModuleManager: Shutting down and abandoning module EditorStyle (66)
[2018.04.30-09.07.07:630][668]LogModuleManager: Shutting down and abandoning module SessionServices (65)
[2018.04.30-09.07.07:630][668]LogModuleManager: Shutting down and abandoning module SourceCodeAccess (64)
[2018.04.30-09.07.07:630][668]LogModuleManager: Shutting down and abandoning module HeadMountedDisplay (63)
[2018.04.30-09.07.07:630][668]LogModuleManager: Shutting down and abandoning module XAudio2 (62)
[2018.04.30-09.07.07:630][668]LogModuleManager: Shutting down and abandoning module Networking (60)
[2018.04.30-09.07.07:630][668]LogModuleManager: Shutting down and abandoning module Core (59)
[2018.04.30-09.07.07:630][668]LogModuleManager: Shutting down and abandoning module KismetCompiler (58)
[2018.04.30-09.07.07:630][668]LogModuleManager: Shutting down and abandoning module PhysXFormats (57)
[2018.04.30-09.07.07:690][668]LogModuleManager: Shutting down and abandoning module MeshUtilities (56)
[2018.04.30-09.07.07:772][668]LogModuleManager: Shutting down and abandoning module CookingStats (55)
[2018.04.30-09.07.07:773][668]LogModuleManager: Shutting down and abandoning module DerivedDataCache (54)
[2018.04.30-09.07.07:779][668]LogDerivedDataCache: Shutdown
[2018.04.30-09.07.07:779][668]LogModuleManager: Shutting down and abandoning module ShaderFormatOpenGL (53)
[2018.04.30-09.07.07:833][668]LogModuleManager: Shutting down and abandoning module ShaderFormatD3D (52)
[2018.04.30-09.07.07:874][668]LogModuleManager: Shutting down and abandoning module MetalShaderFormat (51)
[2018.04.30-09.07.07:903][668]LogModuleManager: Shutting down and abandoning module TextureFormatUncompressed (50)
[2018.04.30-09.07.07:903][668]LogModuleManager: Shutting down and abandoning module TextureFormatPVR (49)
[2018.04.30-09.07.07:981][668]LogModuleManager: Shutting down and abandoning module TextureFormatIntelISPCTexComp (48)
[2018.04.30-09.07.08:009][668]LogModuleManager: Shutting down and abandoning module TextureFormatDXT (47)
[2018.04.30-09.07.08:093][668]LogModuleManager: Shutting down and abandoning module ImageWrapper (46)
[2018.04.30-09.07.08:093][668]LogModuleManager: Shutting down and abandoning module TextureFormatASTC (45)
[2018.04.30-09.07.08:093][668]LogModuleManager: Shutting down and abandoning module TextureFormatAndroid (44)
[2018.04.30-09.07.08:093][668]LogModuleManager: Shutting down and abandoning module AudioFormatOpus (43)
[2018.04.30-09.07.08:212][668]LogModuleManager: Shutting down and abandoning module AudioFormatOgg (42)
[2018.04.30-09.07.08:236][668]LogModuleManager: Shutting down and abandoning module AudioFormatADPCM (41)
[2018.04.30-09.07.08:260][668]LogModuleManager: Shutting down and abandoning module LinuxTargetPlatform (40)
[2018.04.30-09.07.08:260][668]LogModuleManager: Shutting down and abandoning module LinuxServerTargetPlatform (39)
[2018.04.30-09.07.08:260][668]LogModuleManager: Shutting down and abandoning module LinuxNoEditorTargetPlatform (38)
[2018.04.30-09.07.08:260][668]LogModuleManager: Shutting down and abandoning module Messaging (37)
[2018.04.30-09.07.08:260][668]LogModuleManager: Shutting down and abandoning module IOSTargetPlatform (36)
[2018.04.30-09.07.08:260][668]LogModuleManager: Shutting down and abandoning module HTML5TargetPlatform (35)
[2018.04.30-09.07.08:260][668]LogModuleManager: Shutting down and abandoning module Android_PVRTCTargetPlatform (34)
[2018.04.30-09.07.09:160][668]LogModuleManager: Shutting down and abandoning module Android_ETC2TargetPlatform (33)
[2018.04.30-09.07.09:185][668]LogModuleManager: Shutting down and abandoning module Android_ETC1TargetPlatform (32)
[2018.04.30-09.07.09:209][668]LogModuleManager: Shutting down and abandoning module Android_DXTTargetPlatform (31)
[2018.04.30-09.07.09:278][668]LogModuleManager: Shutting down and abandoning module Android_ATCTargetPlatform (30)
[2018.04.30-09.07.09:308][668]LogModuleManager: Shutting down and abandoning module Android_ASTCTargetPlatform (29)
[2018.04.30-09.07.09:308][668]LogModuleManager: Shutting down and abandoning module AndroidTargetPlatform (28)
[2018.04.30-09.07.09:375][668]LogModuleManager: Shutting down and abandoning module WindowsTargetPlatform (27)
[2018.04.30-09.07.09:375][668]LogModuleManager: Shutting down and abandoning module WindowsServerTargetPlatform (26)
[2018.04.30-09.07.09:516][668]LogModuleManager: Shutting down and abandoning module WindowsNoEditorTargetPlatform (25)
[2018.04.30-09.07.09:548][668]LogModuleManager: Shutting down and abandoning module WindowsClientTargetPlatform (24)
[2018.04.30-09.07.09:564][668]LogModuleManager: Shutting down and abandoning module AllDesktopTargetPlatform (23)
[2018.04.30-09.07.09:633][668]LogModuleManager: Shutting down and abandoning module TargetPlatform (22)
[2018.04.30-09.07.09:633][668]LogModuleManager: Shutting down and abandoning module InputCore (21)
[2018.04.30-09.07.09:633][668]LogModuleManager: Shutting down and abandoning module Settings (20)
[2018.04.30-09.07.09:633][668]LogModuleManager: Shutting down and abandoning module OnlineSubsystem (18)
[2018.04.30-09.07.09:633][668]LogModuleManager: Shutting down and abandoning module HTTP (17)
[2018.04.30-09.07.22:216][668]LogModuleManager: Shutting down and abandoning module XMPP (16)
[2018.04.30-09.07.22:596][668]LogModuleManager: Shutting down and abandoning module ExampleDeviceProfileSelector (15)
[2018.04.30-09.07.22:596][668]LogModuleManager: Shutting down and abandoning module TextureCompressor (14)
[2018.04.30-09.07.22:623][668]LogModuleManager: Shutting down and abandoning module ShaderCore (13)
[2018.04.30-09.07.22:623][668]LogModuleManager: Shutting down and abandoning module Landscape (12)
[2018.04.30-09.07.22:623][668]LogModuleManager: Shutting down and abandoning module SlateRHIRenderer (11)
[2018.04.30-09.07.22:626][668]LogModuleManager: Shutting down and abandoning module OpenGLDrv (10)
[2018.04.30-09.07.22:696][668]LogModuleManager: Shutting down and abandoning module D3D11RHI (9)
[2018.04.30-09.07.22:696][668]LogModuleManager: Shutting down and abandoning module AnimGraphRuntime (8)
[2018.04.30-09.07.22:789][668]LogModuleManager: Shutting down and abandoning module Renderer (7)
[2018.04.30-09.07.22:789][668]LogModuleManager: Shutting down and abandoning module Engine (6)
[2018.04.30-09.07.22:789][668]LogModuleManager: Shutting down and abandoning module CoreUObject (5)
[2018.04.30-09.07.22:789][668]LogModuleManager: Shutting down and abandoning module NetworkFile (4)
[2018.04.30-09.07.22:857][668]LogModuleManager: Shutting down and abandoning module StreamingFile (3)
[2018.04.30-09.07.22:857][668]LogModuleManager: Shutting down and abandoning module SandboxFile (2)
[2018.04.30-09.07.22:876][668]LogModuleManager: Shutting down and abandoning module PakFile (1)
[2018.04.30-09.07.22:973][668]LogExit: Exiting.
[2018.04.30-09.07.23:085][668]Log file closed, 04/30/18 17:07:23
