Log file open, 05/08/18 18:59:34
LogInit:Display: Running engine for game: TopDownProject
LogPlatformFile: Not using cached read wrapper
LogInit:Display: RandInit(-851340006) SRandInit(-851340004).
LogTaskGraph: Started task graph with 4 named threads and 5 total threads.
LogStats: Stats thread started at 0.137608
LogInit: Version: 4.11.2-2946394+++UE4+Release-4.11
LogInit: API Version: 2927265
LogInit: Compiled (64-bit): Apr 18 2016 02:18:46
LogInit: Compiled with Visual C++: 19.00.23026.00
LogInit: Build Configuration: Development
LogInit: Branch Name: ++UE4+Release-4.11
LogInit: Command line:  
LogInit: Base directory: D:/UE_4.11/Engine/Binaries/Win64/
LogInit: Installed Engine Build: 1
LogInit: Using libcurl 7.41.0
LogInit:  - built for x86_64-pc-win32
LogInit:  - supports SSL with WinSSL
LogInit:  - other features:
LogInit:      CURL_VERSION_SSL
LogInit:      CURL_VERSION_IPV6
LogInit:      CURL_VERSION_ASYNCHDNS
LogInit:      CURL_VERSION_LARGEFILE
LogInit:      CURL_VERSION_IDN
LogInit:  CurlRequestOptions (configurable via config and command line):
LogInit:  - bVerifyPeer = true  - Libcurl will verify peer certificate
LogInit:  - bUseHttpProxy = false  - Libcurl will NOT use HTTP proxy
LogInit:  - bDontReuseConnections = false  - Libcurl will reuse connections
LogInit:  - CertBundlePath = nullptr  - Libcurl will use whatever was configured at build time.
LogInit: Presizing for max 16777216 objects, including 0 objects not considered by GC, pre-allocating 0 bytes for permanent pool.
LogInit: Object subsystem initialized
[2018.05.08-10.59.35:168][  0]LogInit: Selected Device Profile: [Windows]
[2018.05.08-10.59.35:168][  0]LogInit: Applying CVar settings loaded from the selected device profile: [Windows]
[2018.05.08-10.59.35:324][  0]LogInit: Computer: 1-ПК
[2018.05.08-10.59.35:324][  0]LogInit: User: 1
[2018.05.08-10.59.35:324][  0]LogInit: CPU Page size=65536, Cores=2
[2018.05.08-10.59.35:324][  0]LogInit: High frequency timer resolution =2.338476 MHz
[2018.05.08-10.59.35:324][  0]LogMemory: Memory total: Physical=3.9GB (4GB approx)
[2018.05.08-10.59.35:324][  0]LogMemory: Platform Memory Stats for Windows
[2018.05.08-10.59.35:324][  0]LogMemory: Process Physical Memory: 314.39 MB used, 314.39 MB peak
[2018.05.08-10.59.35:324][  0]LogMemory: Process Virtual Memory: 314.85 MB used, 314.85 MB peak
[2018.05.08-10.59.35:324][  0]LogMemory: Physical Memory: 1656.91 MB used, 4010.14 MB total
[2018.05.08-10.59.35:324][  0]LogMemory: Virtual Memory: 620.87 MB used, 8388608.00 MB total
[2018.05.08-10.59.41:261][  0]LogTextLocalizationManager: No translations for ('ru-RU') exist, falling back to 'en' for localization and internationalization data.
[2018.05.08-10.59.45:871][  0]LogD3D11RHI: D3D11 adapters:
[2018.05.08-10.59.48:138][  0]LogD3D11RHI:    0. 'NVIDIA GeForce 410M' (Feature Level 11_0)
[2018.05.08-10.59.48:138][  0]LogD3D11RHI:       979MB of dedicated video memory, 0MB of dedicated system memory, and 1749MB of shared system memory, 1 output[s]
[2018.05.08-10.59.48:159][  0]LogD3D11RHI:    1. 'NVIDIA GeForce 410M' (Feature Level 11_0)
[2018.05.08-10.59.48:159][  0]LogD3D11RHI:       979MB of dedicated video memory, 0MB of dedicated system memory, and 1749MB of shared system memory, 0 output[s]
[2018.05.08-10.59.48:159][  0]LogD3D11RHI: Chosen D3D11 Adapter: 0
[2018.05.08-10.59.48:347][  0]LogD3D11RHI: Creating new Direct3DDevice
[2018.05.08-10.59.48:348][  0]LogD3D11RHI:     Adapter Name: Intel(R) HD Graphics 3000
[2018.05.08-10.59.48:348][  0]LogD3D11RHI:   Driver Version: Unknown (internal Unknown)
[2018.05.08-10.59.48:348][  0]LogD3D11RHI:      Driver Date: Unknown
[2018.05.08-10.59.48:393][  0]LogRHI: Texture pool is 1297 MB (70% of 1854 MB)
[2018.05.08-10.59.48:411][  0]LogD3D11RHI: Async texture creation enabled
[2018.05.08-10.59.49:927][  0]LogShaderCompilers: Guid format shader working directory is -16 characters bigger than the processId version (../../../../sergey/UnrealProjects/Game_1337/TopDownProject/Intermediate/Shaders/WorkingDirectory/5424/).
[2018.05.08-10.59.49:927][  0]LogShaderCompilers: Cleaned the shader compiler working directory 'C:/Users/1/AppData/Local/Temp/UnrealShaderWorkingDir/0B525DAE4ABC8255428DC59E2629CDE8/'.
[2018.05.08-10.59.49:945][  0]LogShaderCompilers:Display: Using Local Shader Compiler.
[2018.05.08-11.00.03:190][  0]LogTemp:Display: Loaded TP AllDesktopTargetPlatform
[2018.05.08-11.00.03:224][  0]LogTemp:Display: Loaded TP WindowsClientTargetPlatform
[2018.05.08-11.00.03:239][  0]LogTemp:Display: Loaded TP WindowsNoEditorTargetPlatform
[2018.05.08-11.00.03:247][  0]LogTemp:Display: Loaded TP WindowsServerTargetPlatform
[2018.05.08-11.00.03:255][  0]LogTemp:Display: Loaded TP WindowsTargetPlatform
[2018.05.08-11.00.03:261][  0]LogTemp:Display: Loaded TP AndroidTargetPlatform
[2018.05.08-11.00.03:267][  0]LogTemp:Display: Loaded TP Android_ASTCTargetPlatform
[2018.05.08-11.00.03:272][  0]LogTemp:Display: Loaded TP Android_ATCTargetPlatform
[2018.05.08-11.00.03:278][  0]LogTemp:Display: Loaded TP Android_DXTTargetPlatform
[2018.05.08-11.00.03:284][  0]LogTemp:Display: Loaded TP Android_ETC1TargetPlatform
[2018.05.08-11.00.03:290][  0]LogTemp:Display: Loaded TP Android_ETC2TargetPlatform
[2018.05.08-11.00.03:303][  0]LogTemp:Display: Loaded TP Android_MultiTargetPlatform
[2018.05.08-11.00.03:303][  0]LogTemp:Display: Loaded TP Android_PVRTCTargetPlatform
[2018.05.08-11.00.03:305][  0]LogTemp:Display: Loaded TP HTML5TargetPlatform
[2018.05.08-11.00.03:432][  0]LogTemp:Display: Loaded TP IOSTargetPlatform
[2018.05.08-11.00.03:436][  0]LogTemp:Display: Loaded TP TVOSTargetPlatform
[2018.05.08-11.00.03:554][  0]LogTemp:Display: Loaded TP LinuxNoEditorTargetPlatform
[2018.05.08-11.00.03:697][  0]LogTemp:Display: Loaded TP LinuxServerTargetPlatform
[2018.05.08-11.00.04:003][  0]LogTemp:Display: Loaded TP LinuxTargetPlatform
[2018.05.08-11.00.04:003][  0]LogTargetPlatformManager:Display: Building Assets For Windows
[2018.05.08-11.00.06:184][  0]LogDerivedDataCache:Display: Max Cache Size: 512 MB
[2018.05.08-11.00.07:157][  0]LogDerivedDataCache: Loaded boot cache 0.97s 46MB C:/Users/1/AppData/Local/UnrealEngine/4.11/DerivedDataCache/Boot.ddc.
[2018.05.08-11.00.07:157][  0]LogDerivedDataCache:Display: Loaded Boot cache: C:/Users/1/AppData/Local/UnrealEngine/4.11/DerivedDataCache/Boot.ddc
[2018.05.08-11.00.07:157][  0]LogDerivedDataCache: FDerivedDataBackendGraph:  Pak pak cache file ../../../../sergey/UnrealProjects/Game_1337/TopDownProject/DerivedDataCache/DDC.ddp not found, will not use a pak cache.
[2018.05.08-11.00.07:157][  0]LogDerivedDataCache: Unable to find inner node Pak for hierarchical cache Hierarchy.
[2018.05.08-11.00.07:157][  0]LogDerivedDataCache: FDerivedDataBackendGraph:  CompressedPak pak cache file ../../../../sergey/UnrealProjects/Game_1337/TopDownProject/DerivedDataCache/Compressed.ddp not found, will not use a pak cache.
[2018.05.08-11.00.07:157][  0]LogDerivedDataCache: Unable to find inner node CompressedPak for hierarchical cache Hierarchy.
[2018.05.08-11.00.07:260][  0]LogDerivedDataCache:Display: Pak cache opened for reading ../../../Engine/DerivedDataCache/Compressed.ddp.
[2018.05.08-11.00.07:303][  0]LogDerivedDataCache: Using Local data cache path C:/Users/1/AppData/Local/UnrealEngine/Common/DerivedDataCache: Writable
[2018.05.08-11.00.20:009][  0]LogInit: Selected Device Profile: [Windows]
[2018.05.08-11.00.20:239][  0]LogContentStreaming: Texture pool size is 0.00 MB
[2018.05.08-11.00.21:680][  0]LogMaterial: Uniform references updated for custom material expression Custom.
[2018.05.08-11.00.25:411][  0]LogMeshUtilities: No automatic mesh reduction module available
[2018.05.08-11.00.25:411][  0]LogMeshUtilities: No automatic mesh merging module available
[2018.05.08-11.00.25:411][  0]LogMeshUtilities: No distributed automatic mesh merging module available
[2018.05.08-11.00.36:461][  0]LogUObjectArray: 27679 objects as part of root set at end of initial load.
[2018.05.08-11.00.36:461][  0]LogUObjectAllocator: 5591592 out of 0 bytes used by permanent object pool.
[2018.05.08-11.00.36:461][  0]LogUObjectArray: CloseDisregardForGC: 0/0 objects in disregard for GC pool
[2018.05.08-11.00.36:488][  0]LogInit: WinSock: version 1.1 (2.2), MaxSocks=32767, MaxUdp=65467
[2018.05.08-11.00.40:931][  0]LogSlate: SlateFontCache - WITH_FREETYPE: 1, WITH_HARFBUZZ: 1
[2018.05.08-11.00.40:931][  0]LogSlate: SlateFontCache - WITH_FREETYPE: 1, WITH_HARFBUZZ: 1
[2018.05.08-11.00.44:650][  0]LogStreaming:Warning: Failed to read file '../../../Engine/Content/Editor/Slate/Common/Selection_16x.png' error.
[2018.05.08-11.00.44:650][  0]LogSlate: Could not find file for Slate resource: ../../../Engine/Content/Editor/Slate/Common/Selection_16x.png
[2018.05.08-11.00.44:690][  0]LogStreaming:Warning: Failed to read file '../../../Engine/Content/Editor/Slate/Common/Selection_16x.png' error.
[2018.05.08-11.00.44:690][  0]LogSlate: Could not find file for Slate resource: ../../../Engine/Content/Editor/Slate/Common/Selection_16x.png
[2018.05.08-11.00.44:690][  0]LogStreaming:Warning: Failed to read file '../../../Engine/Content/Editor/Slate/Common/Selection_16x.png' error.
[2018.05.08-11.00.44:690][  0]LogSlate: Could not find file for Slate resource: ../../../Engine/Content/Editor/Slate/Common/Selection_16x.png
[2018.05.08-11.00.55:618][  0]LogUdpMessaging: Initializing bridge on interface 0.0.0.0:0 to multicast group 230.0.0.1:6666.
[2018.05.08-11.00.56:453][  0]LogAssetRegistry: FAssetRegistry took 0.0568 seconds to start up
[2018.05.08-11.01.05:936][  0]SourceControl: Info Source control is disabled
[2018.05.08-11.01.05:949][  0]SourceControl: Info Source control is disabled
[2018.05.08-11.01.06:842][  0]SourceControl: Info Source control is disabled
[2018.05.08-11.01.06:989][  0]SourceControl: Info Source control is disabled
[2018.05.08-11.01.09:019][  0]LogHMD: Failed to initialize OpenVR with code 110
[2018.05.08-11.01.10:372][  0]LogEngine: Initializing Engine...
[2018.05.08-11.01.14:444][  0]LogAIModule: Creating AISystem for world NewWorld
[2018.05.08-11.01.14:785][  0]LogInit: XAudio2 using 'Динамики (Устройство с поддержкой High Definition Audio)' : 2 channels at 44.1 kHz using 16 bits per sample (channel mask 0x3)
[2018.05.08-11.01.14:877][  0]LogInit: FAudioDevice initialized.
[2018.05.08-11.01.14:955][  0]LogDerivedDataCache: Saved boot cache 0.08s 46MB C:/Users/1/AppData/Local/UnrealEngine/4.11/DerivedDataCache/Boot.ddc.
[2018.05.08-11.01.14:989][  0]LogInit: Texture streaming: Enabled
[2018.05.08-11.01.16:461][  0]LogInit: Transaction tracking system initialized
[2018.05.08-11.01.21:287][  0]BlueprintLog: New page: Editor Load
[2018.05.08-11.01.35:383][  0]LocalizationService: Info Localization service is disabled
[2018.05.08-11.01.43:836][  0]LogConsoleResponse:Display: 
[2018.05.08-11.01.51:554][  0]LogFileCache: Scanning file cache for directory 'D:/sergey/UnrealProjects/Game_1337/TopDownProject/Content/' took 0.35s
[2018.05.08-11.01.51:554][  0]LogCook:Display: Max memory allowance for cook 8192mb
[2018.05.08-11.01.51:554][  0]LogCook:Display: Mobile HDR setting 1
[2018.05.08-11.01.51:597][  0]LogCook:Display: Done creating registry. It took  0.00s.
[2018.05.08-11.01.59:240][  0]SourceControl: Info Source control is disabled
[2018.05.08-11.01.59:727][  0]Cmd: MAP LOAD FILE="../../../../sergey/UnrealProjects/Game_1337/TopDownProject/Content/TopDownBP/Maps/TopDownExampleMap.umap" TEMPLATE=0 SHOWPROGRESS=1 FEATURELEVEL=3
[2018.05.08-11.01.59:749][  0]LightingResults: New page: Lighting Build
[2018.05.08-11.02.00:541][  0]MapCheck: New page: Map Check
[2018.05.08-11.02.00:541][  0]LightingResults: New page: Lighting Build
[2018.05.08-11.02.02:688][  0]LogLinker:Warning: Asset '../../../../sergey/UnrealProjects/Game_1337/TopDownProject/Content/Mannequin/Animations/ThirdPerson_AnimBP.uasset' has been saved with empty engine version. The asset will be loaded but may be incompatible.
[2018.05.08-11.02.02:694][  0]LogLinker:Warning: Asset '../../../../sergey/UnrealProjects/Game_1337/TopDownProject/Content/Mannequin/Animations/ThirdPerson_Jump.uasset' has been saved with empty engine version. The asset will be loaded but may be incompatible.
[2018.05.08-11.02.02:802][  0]LogLinker:Warning: Asset '../../../../sergey/UnrealProjects/Game_1337/TopDownProject/Content/Mannequin/Animations/ThirdPersonJump_Loop.uasset' has been saved with empty engine version. The asset will be loaded but may be incompatible.
[2018.05.08-11.02.02:805][  0]LogLinker:Warning: Asset '../../../../sergey/UnrealProjects/Game_1337/TopDownProject/Content/Mannequin/Animations/ThirdPersonJump_Start.uasset' has been saved with empty engine version. The asset will be loaded but may be incompatible.
[2018.05.08-11.02.02:890][  0]LogLinker:Warning: Asset '../../../../sergey/UnrealProjects/Game_1337/TopDownProject/Content/Mannequin/Animations/ThirdPersonIdle.uasset' has been saved with empty engine version. The asset will be loaded but may be incompatible.
[2018.05.08-11.02.02:894][  0]LogLinker:Warning: Asset '../../../../sergey/UnrealProjects/Game_1337/TopDownProject/Content/Mannequin/Animations/ThirdPersonRun.uasset' has been saved with empty engine version. The asset will be loaded but may be incompatible.
[2018.05.08-11.02.02:896][  0]LogLinker:Warning: Asset '../../../../sergey/UnrealProjects/Game_1337/TopDownProject/Content/Mannequin/Animations/ThirdPersonWalk.uasset' has been saved with empty engine version. The asset will be loaded but may be incompatible.
[2018.05.08-11.02.38:598][  0]LogAIModule: Creating AISystem for world TopDownExampleMap
[2018.05.08-11.02.39:947][  0]LogMaterial:Warning: Material /Game/InfinityBladeGrassLands/Environments/Plains/Env_Plains_Flora/Materials/M_PLains_Fern01.M_PLains_Fern01 needed to have new flag set bUsedWithInstancedStaticMeshes !
[2018.05.08-11.02.40:012][  0]LogMaterial: Missing cached shader map for material M_PLains_Fern01, compiling. 
[2018.05.08-11.02.40:469][  0]MapCheck:Warning: Warning M_PLains_Fern01 Material /Game/InfinityBladeGrassLands/Environments/Plains/Env_Plains_Flora/Materials/M_PLains_Fern01.M_PLains_Fern01 was missing the usage flag bUsedWithInstancedStaticMeshes. If the material asset is not re-saved, it may not render correctly when run outside the editor. Fix
[2018.05.08-11.02.40:469][  0]LogMaterial: 0.00 seconds spent updating 1 materials, 1 interfaces, 0 instances, 0 with static permutations.
[2018.05.08-11.02.44:045][  0]LogEditorServer: Finished looking for orphan Actors (0.000 secs)
[2018.05.08-11.02.44:469][  0]Cmd: MAP CHECKDEP NOCLEARLOG
[2018.05.08-11.02.44:580][  0]MapCheck: Info Map check complete: 0 Error(s), 1 Warning(s), took 111.032ms to complete.
[2018.05.08-11.02.44:963][  0]LogFileHelpers: Loading map 'TopDownExampleMap' took 45.277
[2018.05.08-11.02.51:270][  0]LogCollectionManager: Loaded 0 collections in 0.118906 seconds
[2018.05.08-11.03.01:569][  0]LogFileCache: Scanning file cache for directory 'D:/sergey/UnrealProjects/Game_1337/TopDownProject/Saved/Collections/' took 0.01s
[2018.05.08-11.03.01:569][  0]LogFileCache: Scanning file cache for directory 'D:/sergey/UnrealProjects/Game_1337/TopDownProject/Content/Developers/1/Collections/' took 0.00s
[2018.05.08-11.03.01:569][  0]LogFileCache: Scanning file cache for directory 'D:/sergey/UnrealProjects/Game_1337/TopDownProject/Content/Collections/' took 0.00s
[2018.05.08-11.03.01:569][  0]LogCollectionManager: Rebuilt the GUID cache for 0 collections in 0.000005 seconds
[2018.05.08-11.03.02:202][  0]LogContentBrowser: Native class hierarchy populated in 0.5694 seconds. Added 1979 classes and 343 folders.
[2018.05.08-11.03.04:134][  0]LogStats: UGameplayTagsManager::ConstructGameplayTagTree: Construct from data asset -  0.000 s
[2018.05.08-11.03.04:134][  0]LogStats: UGameplayTagsManager::ConstructGameplayTagTree: GameplayTagTreeChangedEvent.Broadcast -  0.000 s
[2018.05.08-11.03.04:164][  0]LogContentBrowser: Native class hierarchy updated for 'GameplayTags' in 0.0009 seconds. Added 12 classes and 0 folders.
[2018.05.08-11.03.05:188][  0]LogContentBrowser: Native class hierarchy updated for 'WidgetCarousel' in 0.0008 seconds. Added 0 classes and 0 folders.
[2018.05.08-11.03.07:685][  0]LogContentBrowser: Native class hierarchy updated for 'SuperSearch' in 0.0008 seconds. Added 1 classes and 2 folders.
[2018.05.08-11.03.12:241][  0]LogContentBrowser: Native class hierarchy updated for 'AddContentDialog' in 0.0007 seconds. Added 0 classes and 0 folders.
[2018.05.08-11.03.17:733][  0]LogContentBrowser: Native class hierarchy updated for 'SceneOutliner' in 0.0005 seconds. Added 1 classes and 2 folders.
[2018.05.08-11.03.25:025][  0]LogCrashTracker: Crashtracker disabled due to settings.
[2018.05.08-11.03.25:311][  0]LogUObjectGlobals:Warning: Failed to find object 'Class None.'
[2018.05.08-11.03.25:551][  0]LogContentBrowser: Native class hierarchy updated for 'HierarchicalLODOutliner' in 0.0005 seconds. Added 1 classes and 2 folders.
[2018.05.08-11.03.25:552][  0]LogLoad: Full Startup: 232.70 seconds (BP compile: 4.61 seconds)
[2018.05.08-11.03.25:552][  0]LogExternalProfiler:Warning: No registered external profiler was matched with a command-line switch (or the DLL could not be loaded).  External profiling features will not be available.
[2018.05.08-11.03.25:898][  0]LogOcInput: OculusInput pre-init called
[2018.05.08-11.03.26:363][  0]LogContentStreaming: Texture pool size now 400 MB
[2018.05.08-11.03.27:928][  0]LogRenderer: Reallocating scene render targets to support 620x628 (Frame:2).
[2018.05.08-11.03.30:331][  3]LogAssetRegistry: Asset discovery search completed in 153.8971 seconds
[2018.05.08-11.03.30:415][  3]LogCollectionManager: Rebuilt the object cache for 0 collections in 0.000001 seconds (found 0 objects)
[2018.05.08-11.03.30:415][  3]LogCollectionManager: Fixed up redirectors for 0 collections in 0.084133 seconds (updated 0 objects)
[2018.05.08-11.27.15:401][277]LogBlueprintUserMessages: Early PlayInEditor Detection: Level '/Game/TopDownBP/Maps/TopDownExampleMap.TopDownExampleMap:PersistentLevel' has LevelScriptBlueprint '/Game/TopDownBP/Maps/TopDownExampleMap.TopDownExampleMap:PersistentLevel.TopDownExampleMap' with GeneratedClass '/Game/TopDownBP/Maps/TopDownExampleMap.TopDownExampleMap_C' with ClassGeneratedBy '/Game/TopDownBP/Maps/TopDownExampleMap.TopDownExampleMap:PersistentLevel.TopDownExampleMap'
[2018.05.08-11.27.15:402][277]LogPlayLevel: PlayLevel: No blueprints needed recompiling
[2018.05.08-11.27.15:640][277]PIE: New page: PIE session: TopDownExampleMap (May 9, 2018, 3:27:15 AM)
[2018.05.08-11.27.15:640][277]LogPlayLevel: Creating play world package: /Game/TopDownBP/Maps/UEDPIE_0_TopDownExampleMap
[2018.05.08-11.27.15:779][277]LogPlayLevel: PIE: StaticDuplicateObject took: (0.138371s)
[2018.05.08-11.27.15:780][277]LogAIModule: Creating AISystem for world TopDownExampleMap
[2018.05.08-11.27.15:780][277]LogPlayLevel: PIE: World Init took: (0.001057s)
[2018.05.08-11.27.15:780][277]LogPlayLevel: PIE: Created PIE world by copying editor world from /Game/TopDownBP/Maps/TopDownExampleMap.TopDownExampleMap to /Game/TopDownBP/Maps/UEDPIE_0_TopDownExampleMap.TopDownExampleMap (0.139785s)
[2018.05.08-11.27.15:799][277]LogActorComponent: UnregisterComponent: (/Engine/Transient.CharMoveComp) Not registered. Aborting.
[2018.05.08-11.27.15:954][277]LogInit: XAudio2 using 'Динамики (Устройство с поддержкой High Definition Audio)' : 2 channels at 44.1 kHz using 16 bits per sample (channel mask 0x3)
[2018.05.08-11.27.15:963][277]LogInit: FAudioDevice initialized.
[2018.05.08-11.27.16:145][277]LogWorld: Game class is 'TopDownGameMode_C'
[2018.05.08-11.27.16:205][277]LogWorld: Bringing World /Game/TopDownBP/Maps/UEDPIE_0_TopDownExampleMap.TopDownExampleMap up for play (max tick rate 60) at 2018.05.08-19.27.16
[2018.05.08-11.27.16:383][277]LogWorld: Bringing up level for play took: 0.192314
[2018.05.08-11.27.16:524][277]LogContentBrowser: Native class hierarchy updated for 'MovieSceneCapture' in 0.0006 seconds. Added 9 classes and 0 folders.
[2018.05.08-11.27.16:705][277]PIE: Info Play in editor start time for /Game/TopDownBP/Maps/UEDPIE_0_TopDownExampleMap 2.18
[2018.05.08-11.27.16:706][277]LogBlueprintUserMessages: Late PlayInEditor Detection: Level '/Game/TopDownBP/Maps/TopDownExampleMap.TopDownExampleMap:PersistentLevel' has LevelScriptBlueprint '/Game/TopDownBP/Maps/TopDownExampleMap.TopDownExampleMap:PersistentLevel.TopDownExampleMap' with GeneratedClass '/Game/TopDownBP/Maps/TopDownExampleMap.TopDownExampleMap_C' with ClassGeneratedBy '/Game/TopDownBP/Maps/TopDownExampleMap.TopDownExampleMap:PersistentLevel.TopDownExampleMap'
[2018.05.08-11.27.28:887][643]LogBlueprintUserMessages: [MyAICharacter_C_5] Hello
[2018.05.08-11.28.14:065][910]LogBlueprintUserMessages: Early EndPlayMap Detection: Level '/Game/TopDownBP/Maps/TopDownExampleMap.TopDownExampleMap:PersistentLevel' has LevelScriptBlueprint '/Game/TopDownBP/Maps/TopDownExampleMap.TopDownExampleMap:PersistentLevel.TopDownExampleMap' with GeneratedClass '/Game/TopDownBP/Maps/TopDownExampleMap.TopDownExampleMap_C' with ClassGeneratedBy '/Game/TopDownBP/Maps/TopDownExampleMap.TopDownExampleMap:PersistentLevel.TopDownExampleMap'
[2018.05.08-11.28.14:233][910]LogBlueprintUserMessages: Late EndPlayMap Detection: Level '/Game/TopDownBP/Maps/TopDownExampleMap.TopDownExampleMap:PersistentLevel' has LevelScriptBlueprint '/Game/TopDownBP/Maps/TopDownExampleMap.TopDownExampleMap:PersistentLevel.TopDownExampleMap' with GeneratedClass '/Game/TopDownBP/Maps/TopDownExampleMap.TopDownExampleMap_C' with ClassGeneratedBy '/Game/TopDownBP/Maps/TopDownExampleMap.TopDownExampleMap:PersistentLevel.TopDownExampleMap'
[2018.05.08-11.28.25:248][391]LogEditorViewport: Clicking on Actor (LMB): MyAICharacter_C (MyAICharacter)
[2018.05.08-11.28.29:654][522]LogEditorViewport: Clicking on Actor (context menu): MyAICharacter_C (MyAICharacter)
[2018.05.08-11.28.34:997][706]LogContentBrowser: Native class hierarchy updated for 'BlueprintGraph' in 0.0011 seconds. Added 108 classes and 0 folders.
[2018.05.08-11.29.05:015][693]LogProperty:Warning: ObjectProperty /Script/Engine.EdGraphPin:LinkedTo.LinkedTo: unresolved reference to 'EdGraphPin'K2Node_CallFunction_4109.EdGraphPin_11741''
[2018.05.08-11.29.05:015][693]LogProperty:Warning: ObjectProperty /Script/Engine.EdGraphPin:LinkedTo.LinkedTo: unresolved reference to 'EdGraphPin'K2Node_CallFunction_4109.EdGraphPin_11744''
[2018.05.08-11.29.05:016][693]LogUObjectHash:Warning: Ambiguous search, could be K2Node_Self /Engine/Transient.PROTO_BP_Blueprint_0:UserConstructionScript.K2Node_Self_28 or K2Node_Self /Game/TopDownBP/AI/MyAICharacter.MyAICharacter:MovementOnPoints.K2Node_Self_28
[2018.05.08-11.29.05:016][693]LogProperty:Warning: ObjectProperty /Script/Engine.EdGraphPin:LinkedTo.LinkedTo: unresolved reference to 'EdGraphPin'K2Node_Self_28.EdGraphPin_11523''
[2018.05.08-11.29.40:640][959]LogActorComponent: UnregisterComponent: (/Engine/Transient.CharMoveComp) Not registered. Aborting.
[2018.05.08-11.29.47:537][ 96]LogActorComponent: UnregisterComponent: (/Engine/Transient.CharacterMovementComponent_0) Not registered. Aborting.
[2018.05.08-11.29.53:112][290]LogActorComponent: UnregisterComponent: (/Engine/Transient.CharacterMovementComponent_1) Not registered. Aborting.
[2018.05.08-11.30.18:974][412]LogActorComponent: UnregisterComponent: (/Engine/Transient.CharacterMovementComponent_2) Not registered. Aborting.
[2018.05.08-11.30.23:726][412]LogSavePackage: Save=2839.17ms
[2018.05.08-11.30.23:726][412]LogSavePackage: Moving '../../../../sergey/UnrealProjects/Game_1337/TopDownProject/Saved/TopDownExampleMap_Auto11A53FD5B4C0C746947A760B0187B40C5.tmp' to '../../../../sergey/UnrealProjects/Game_1337/TopDownProject/Saved/Autosaves/Game/TopDownBP/Maps/TopDownExampleMap_Auto1.umap'
[2018.05.08-11.30.23:748][412]LogSavePackage: Total save time: 4418.61ms
[2018.05.08-11.30.23:748][412]LogSavePackage:Display: Finished SavePackage ../../../../sergey/UnrealProjects/Game_1337/TopDownProject/Saved/Autosaves/Game/TopDownBP/Maps/TopDownExampleMap_Auto1.umap
[2018.05.08-11.30.23:916][412]LogFileHelpers: Editor autosave (incl. sublevels) for '/Game/TopDownBP/Maps/TopDownExampleMap' took 4.942
[2018.05.08-11.30.23:916][412]LogFileHelpers: Editor autosave (incl. sublevels) for all levels took 4.942
[2018.05.08-11.30.23:924][412]OBJ SavePackage: Generating thumbnails for [1] asset(s) in package [/Game/TopDownBP/AI/MyAICharacter] ([1] browsable assets)...
[2018.05.08-11.30.24:050][412]OBJ SavePackage:     Rendered thumbnail for [Blueprint /Game/TopDownBP/AI/MyAICharacter.MyAICharacter]
[2018.05.08-11.30.24:050][412]OBJ SavePackage: Finished generating thumbnails for package [/Game/TopDownBP/AI/MyAICharacter]
[2018.05.08-11.30.24:202][412]LogSavePackage: Save=147.80ms
[2018.05.08-11.30.24:202][412]LogSavePackage: Moving '../../../../sergey/UnrealProjects/Game_1337/TopDownProject/Saved/MyAICharacter_Auto1B6F3680B4E6EEA0A07B42EBD1FA62F43.tmp' to '../../../../sergey/UnrealProjects/Game_1337/TopDownProject/Saved/Autosaves/Game/TopDownBP/AI/MyAICharacter_Auto1.uasset'
[2018.05.08-11.30.24:203][412]LogSavePackage: Total save time: 152.45ms
[2018.05.08-11.30.24:203][412]LogSavePackage:Display: Finished SavePackage ../../../../sergey/UnrealProjects/Game_1337/TopDownProject/Saved/Autosaves/Game/TopDownBP/AI/MyAICharacter_Auto1.uasset
[2018.05.08-11.30.24:203][412]LogFileHelpers: Auto-saving content packages took 0.284
[2018.05.08-11.30.47:390][644]LogWindowsTextInputMethodSystem:Display: IME system now deactivated.
[2018.05.08-11.30.55:265][930]LogActorComponent: UnregisterComponent: (/Engine/Transient.CharMoveComp) Not registered. Aborting.
[2018.05.08-11.31.03:421][224]LogActorComponent: UnregisterComponent: (/Engine/Transient.CharacterMovementComponent_3) Not registered. Aborting.
[2018.05.08-11.31.15:748][677]LogActorComponent: UnregisterComponent: (/Engine/Transient.CharacterMovementComponent_4) Not registered. Aborting.
[2018.05.08-11.31.23:588][957]LogActorComponent: UnregisterComponent: (/Engine/Transient.CharacterMovementComponent_5) Not registered. Aborting.
[2018.05.08-11.31.31:025][230]LogActorComponent: UnregisterComponent: (/Engine/Transient.CharacterMovementComponent_6) Not registered. Aborting.
[2018.05.08-11.33.02:731][529]BlueprintLog: New page: Compile MyAICharacter
[2018.05.08-11.33.02:761][529]LogUObjectGlobals:Warning: Guid is in use by CapsuleComponent /Game/TopDownBP/Maps/TopDownExampleMap.TopDownExampleMap:PersistentLevel.REINST_MyAICharacter_C_0.CollisionCylinder and CapsuleComponent /Game/TopDownBP/Maps/TopDownExampleMap.TopDownExampleMap:PersistentLevel.MyAICharacter_C_5.CollisionCylinder, which should never happen in the editor but could happen at runtime with duplicate level loading or PIE
[2018.05.08-11.33.02:761][529]LogUObjectGlobals:Warning: Guid is in use by ArrowComponent /Game/TopDownBP/Maps/TopDownExampleMap.TopDownExampleMap:PersistentLevel.REINST_MyAICharacter_C_0.Arrow and ArrowComponent /Game/TopDownBP/Maps/TopDownExampleMap.TopDownExampleMap:PersistentLevel.MyAICharacter_C_5.Arrow, which should never happen in the editor but could happen at runtime with duplicate level loading or PIE
[2018.05.08-11.33.02:762][529]LogUObjectGlobals:Warning: Guid is in use by CharacterMovementComponent /Game/TopDownBP/Maps/TopDownExampleMap.TopDownExampleMap:PersistentLevel.REINST_MyAICharacter_C_0.CharMoveComp and CharacterMovementComponent /Game/TopDownBP/Maps/TopDownExampleMap.TopDownExampleMap:PersistentLevel.MyAICharacter_C_5.CharMoveComp, which should never happen in the editor but could happen at runtime with duplicate level loading or PIE
[2018.05.08-11.33.02:762][529]LogUObjectGlobals:Warning: Guid is in use by SkeletalMeshComponent /Game/TopDownBP/Maps/TopDownExampleMap.TopDownExampleMap:PersistentLevel.REINST_MyAICharacter_C_0.CharacterMesh0 and SkeletalMeshComponent /Game/TopDownBP/Maps/TopDownExampleMap.TopDownExampleMap:PersistentLevel.MyAICharacter_C_5.CharacterMesh0, which should never happen in the editor but could happen at runtime with duplicate level loading or PIE
[2018.05.08-11.33.02:813][529]LogActorComponent: UnregisterComponent: (/Engine/Transient.CharacterMovementComponent_7) Not registered. Aborting.
[2018.05.08-11.33.03:200][529]BlueprintEditorCompileResults: Info [2010.32] Compile of MyAICharacter successful! [in 468 ms]
[2018.05.08-11.33.03:886][547]Cmd: OBJ SAVEPACKAGE PACKAGE="/Game/TopDownBP/AI/MyAICharacter" FILE="../../../../sergey/UnrealProjects/Game_1337/TopDownProject/Content/TopDownBP/AI/MyAICharacter.uasset" SILENT=true
[2018.05.08-11.33.04:007][547]LogSavePackage: Save=93.06ms
[2018.05.08-11.33.04:007][547]LogSavePackage: Moving '../../../../sergey/UnrealProjects/Game_1337/TopDownProject/Saved/MyAICharacter290593FD4F966CD979E351BB12DF43D4.tmp' to '../../../../sergey/UnrealProjects/Game_1337/TopDownProject/Content/TopDownBP/AI/MyAICharacter.uasset'
[2018.05.08-11.33.04:077][547]LogSavePackage: Total save time: 175.60ms
[2018.05.08-11.33.04:077][547]LogSavePackage:Display: Finished SavePackage ../../../../sergey/UnrealProjects/Game_1337/TopDownProject/Content/TopDownBP/AI/MyAICharacter.uasset
[2018.05.08-11.40.24:833][899]LogActorComponent: UnregisterComponent: (/Engine/Transient.CharMoveComp) Not registered. Aborting.
[2018.05.08-11.40.26:973][899]LogSavePackage: Save=2011.52ms
[2018.05.08-11.40.26:973][899]LogSavePackage: Moving '../../../../sergey/UnrealProjects/Game_1337/TopDownProject/Saved/TopDownExampleMap_Auto28043BB34486AE5676A54808359681ADE.tmp' to '../../../../sergey/UnrealProjects/Game_1337/TopDownProject/Saved/Autosaves/Game/TopDownBP/Maps/TopDownExampleMap_Auto2.umap'
[2018.05.08-11.40.26:974][899]LogSavePackage: Total save time: 2066.36ms
[2018.05.08-11.40.26:974][899]LogSavePackage:Display: Finished SavePackage ../../../../sergey/UnrealProjects/Game_1337/TopDownProject/Saved/Autosaves/Game/TopDownBP/Maps/TopDownExampleMap_Auto2.umap
[2018.05.08-11.40.26:976][899]LogFileHelpers: Editor autosave (incl. sublevels) for '/Game/TopDownBP/Maps/TopDownExampleMap' took 2.142
[2018.05.08-11.40.26:976][899]LogFileHelpers: Editor autosave (incl. sublevels) for all levels took 2.142
[2018.05.08-11.59.25:469][903]BlueprintLog: New page: Compile MyAICharacter
[2018.05.08-11.59.25:565][903]LogActorComponent: UnregisterComponent: (/Engine/Transient.CharMoveComp) Not registered. Aborting.
[2018.05.08-11.59.25:722][903]BlueprintEditorCompileResults: Info [3592.82] Compile of MyAICharacter successful! [in 253 ms]
[2018.05.08-11.59.26:407][913]Cmd: OBJ SAVEPACKAGE PACKAGE="/Game/TopDownBP/AI/MyAICharacter" FILE="../../../../sergey/UnrealProjects/Game_1337/TopDownProject/Content/TopDownBP/AI/MyAICharacter.uasset" SILENT=true
[2018.05.08-11.59.26:597][913]LogSavePackage: Save=184.65ms
[2018.05.08-11.59.26:597][913]LogSavePackage: Moving '../../../../sergey/UnrealProjects/Game_1337/TopDownProject/Saved/MyAICharacter45990CC846078AE7FB9DB69E1A6C856B.tmp' to '../../../../sergey/UnrealProjects/Game_1337/TopDownProject/Content/TopDownBP/AI/MyAICharacter.uasset'
[2018.05.08-11.59.26:599][913]LogSavePackage: Total save time: 190.45ms
[2018.05.08-11.59.26:599][913]LogSavePackage:Display: Finished SavePackage ../../../../sergey/UnrealProjects/Game_1337/TopDownProject/Content/TopDownBP/AI/MyAICharacter.uasset
[2018.05.08-11.59.43:827][538]BlueprintLog: New page: Compile MyAICharacter
[2018.05.08-11.59.43:903][538]LogActorComponent: UnregisterComponent: (/Engine/Transient.CharMoveComp) Not registered. Aborting.
[2018.05.08-11.59.44:033][538]BlueprintEditorCompileResults: Info [3611.13] Compile of MyAICharacter successful! [in 206 ms]
[2018.05.08-11.59.44:749][561]Cmd: OBJ SAVEPACKAGE PACKAGE="/Game/TopDownBP/AI/MyAICharacter" FILE="../../../../sergey/UnrealProjects/Game_1337/TopDownProject/Content/TopDownBP/AI/MyAICharacter.uasset" SILENT=true
[2018.05.08-11.59.44:878][561]LogSavePackage: Save=124.50ms
[2018.05.08-11.59.44:878][561]LogSavePackage: Moving '../../../../sergey/UnrealProjects/Game_1337/TopDownProject/Saved/MyAICharacter23E32EE643BFB8A15F9B4CB5B0DBB978.tmp' to '../../../../sergey/UnrealProjects/Game_1337/TopDownProject/Content/TopDownBP/AI/MyAICharacter.uasset'
[2018.05.08-11.59.44:881][561]LogSavePackage: Total save time: 130.58ms
[2018.05.08-11.59.44:881][561]LogSavePackage:Display: Finished SavePackage ../../../../sergey/UnrealProjects/Game_1337/TopDownProject/Content/TopDownBP/AI/MyAICharacter.uasset
[2018.05.08-12.00.09:438][650]LogEditorViewport: Clicking on Actor (LMB): MyAICharacter_C (MyAICharacter)
[2018.05.08-12.00.22:144][212]LogActorComponent: UnregisterComponent: (/Engine/Transient.CharMoveComp) Not registered. Aborting.
[2018.05.08-12.00.22:144][212]LogActorComponent: UnregisterComponent: (/Engine/Transient.MovementComponent0) Not registered. Aborting.
[2018.05.08-12.00.24:179][212]LogSavePackage: Save=1618.16ms
[2018.05.08-12.00.24:179][212]LogSavePackage: Moving '../../../../sergey/UnrealProjects/Game_1337/TopDownProject/Saved/TopDownExampleMap5F66E8DA404FCAEFDA4CF1B7A87867BF.tmp' to '../../../../sergey/UnrealProjects/Game_1337/TopDownProject/Content/TopDownBP/Maps/TopDownExampleMap.umap'
[2018.05.08-12.00.24:227][212]LogSavePackage: Total save time: 1719.43ms
[2018.05.08-12.00.24:227][212]LogSavePackage:Display: Finished SavePackage ../../../../sergey/UnrealProjects/Game_1337/TopDownProject/Content/TopDownBP/Maps/TopDownExampleMap.umap
[2018.05.08-12.00.24:501][212]LogFileHelpers: Saving map 'TopDownExampleMap' took 2.289
[2018.05.08-12.00.25:190][240]LogBlueprintUserMessages: Early PlayInEditor Detection: Level '/Game/TopDownBP/Maps/TopDownExampleMap.TopDownExampleMap:PersistentLevel' has LevelScriptBlueprint '/Game/TopDownBP/Maps/TopDownExampleMap.TopDownExampleMap:PersistentLevel.TopDownExampleMap' with GeneratedClass '/Game/TopDownBP/Maps/TopDownExampleMap.TopDownExampleMap_C' with ClassGeneratedBy '/Game/TopDownBP/Maps/TopDownExampleMap.TopDownExampleMap:PersistentLevel.TopDownExampleMap'
[2018.05.08-12.00.25:190][240]LogPlayLevel: PlayLevel: No blueprints needed recompiling
[2018.05.08-12.00.25:190][240]PIE: New page: PIE session: TopDownExampleMap (May 9, 2018, 4:00:25 AM)
[2018.05.08-12.00.25:191][240]LogPlayLevel: Creating play world package: /Game/TopDownBP/Maps/UEDPIE_0_TopDownExampleMap
[2018.05.08-12.00.25:241][240]LogPlayLevel: PIE: StaticDuplicateObject took: (0.050055s)
[2018.05.08-12.00.25:243][240]LogAIModule: Creating AISystem for world TopDownExampleMap
[2018.05.08-12.00.25:243][240]LogPlayLevel: PIE: World Init took: (0.002736s)
[2018.05.08-12.00.25:244][240]LogPlayLevel: PIE: Created PIE world by copying editor world from /Game/TopDownBP/Maps/TopDownExampleMap.TopDownExampleMap to /Game/TopDownBP/Maps/UEDPIE_0_TopDownExampleMap.TopDownExampleMap (0.053324s)
[2018.05.08-12.00.25:333][240]LogInit: XAudio2 using 'Динамики (Устройство с поддержкой High Definition Audio)' : 2 channels at 44.1 kHz using 16 bits per sample (channel mask 0x3)
[2018.05.08-12.00.25:343][240]LogInit: FAudioDevice initialized.
[2018.05.08-12.00.25:448][240]LogWorld: Game class is 'TopDownGameMode_C'
[2018.05.08-12.00.25:463][240]LogWorld: Bringing World /Game/TopDownBP/Maps/UEDPIE_0_TopDownExampleMap.TopDownExampleMap up for play (max tick rate 60) at 2018.05.08-20.00.25
[2018.05.08-12.00.25:466][240]LogWorld: Bringing up level for play took: 0.017579
[2018.05.08-12.00.25:470][240]PIE: Info Play in editor start time for /Game/TopDownBP/Maps/UEDPIE_0_TopDownExampleMap 0.912
[2018.05.08-12.00.25:470][240]LogBlueprintUserMessages: Late PlayInEditor Detection: Level '/Game/TopDownBP/Maps/TopDownExampleMap.TopDownExampleMap:PersistentLevel' has LevelScriptBlueprint '/Game/TopDownBP/Maps/TopDownExampleMap.TopDownExampleMap:PersistentLevel.TopDownExampleMap' with GeneratedClass '/Game/TopDownBP/Maps/TopDownExampleMap.TopDownExampleMap_C' with ClassGeneratedBy '/Game/TopDownBP/Maps/TopDownExampleMap.TopDownExampleMap:PersistentLevel.TopDownExampleMap'
[2018.05.08-12.00.40:275][676]LogBlueprintUserMessages: Early EndPlayMap Detection: Level '/Game/TopDownBP/Maps/TopDownExampleMap.TopDownExampleMap:PersistentLevel' has LevelScriptBlueprint '/Game/TopDownBP/Maps/TopDownExampleMap.TopDownExampleMap:PersistentLevel.TopDownExampleMap' with GeneratedClass '/Game/TopDownBP/Maps/TopDownExampleMap.TopDownExampleMap_C' with ClassGeneratedBy '/Game/TopDownBP/Maps/TopDownExampleMap.TopDownExampleMap:PersistentLevel.TopDownExampleMap'
[2018.05.08-12.00.40:441][676]LogBlueprintUserMessages: Late EndPlayMap Detection: Level '/Game/TopDownBP/Maps/TopDownExampleMap.TopDownExampleMap:PersistentLevel' has LevelScriptBlueprint '/Game/TopDownBP/Maps/TopDownExampleMap.TopDownExampleMap:PersistentLevel.TopDownExampleMap' with GeneratedClass '/Game/TopDownBP/Maps/TopDownExampleMap.TopDownExampleMap_C' with ClassGeneratedBy '/Game/TopDownBP/Maps/TopDownExampleMap.TopDownExampleMap:PersistentLevel.TopDownExampleMap'
[2018.05.08-12.01.16:770][  3]LogEditorTransaction: Undo Move Node
[2018.05.08-12.01.16:823][  3]LogActorComponent: UnregisterComponent: (/Engine/Transient.CharMoveComp) Not registered. Aborting.
[2018.05.08-12.01.18:365][ 52]LogEditorTransaction: Undo Create Reroute Node
[2018.05.08-12.01.18:374][ 52]LogActorComponent: UnregisterComponent: (/Engine/Transient.CharacterMovementComponent_8) Not registered. Aborting.
[2018.05.08-12.01.27:312][370]BlueprintLog: New page: Compile MyAICharacter
[2018.05.08-12.01.27:392][370]LogActorComponent: UnregisterComponent: (/Engine/Transient.CharacterMovementComponent_9) Not registered. Aborting.
[2018.05.08-12.01.27:523][370]BlueprintEditorCompileResults: Info [3714.62] Compile of MyAICharacter successful! [in 210 ms]
[2018.05.08-12.01.28:012][384]Cmd: OBJ SAVEPACKAGE PACKAGE="/Game/TopDownBP/AI/MyAICharacter" FILE="../../../../sergey/UnrealProjects/Game_1337/TopDownProject/Content/TopDownBP/AI/MyAICharacter.uasset" SILENT=true
[2018.05.08-12.01.28:131][384]LogSavePackage: Save=115.01ms
[2018.05.08-12.01.28:131][384]LogSavePackage: Moving '../../../../sergey/UnrealProjects/Game_1337/TopDownProject/Saved/MyAICharacter2FB066E641AD12E1F799DB8CD776ABA6.tmp' to '../../../../sergey/UnrealProjects/Game_1337/TopDownProject/Content/TopDownBP/AI/MyAICharacter.uasset'
[2018.05.08-12.01.28:133][384]LogSavePackage: Total save time: 119.55ms
[2018.05.08-12.01.28:133][384]LogSavePackage:Display: Finished SavePackage ../../../../sergey/UnrealProjects/Game_1337/TopDownProject/Content/TopDownBP/AI/MyAICharacter.uasset
[2018.05.08-12.01.30:951][502]LogBlueprintUserMessages: Early PlayInEditor Detection: Level '/Game/TopDownBP/Maps/TopDownExampleMap.TopDownExampleMap:PersistentLevel' has LevelScriptBlueprint '/Game/TopDownBP/Maps/TopDownExampleMap.TopDownExampleMap:PersistentLevel.TopDownExampleMap' with GeneratedClass '/Game/TopDownBP/Maps/TopDownExampleMap.TopDownExampleMap_C' with ClassGeneratedBy '/Game/TopDownBP/Maps/TopDownExampleMap.TopDownExampleMap:PersistentLevel.TopDownExampleMap'
[2018.05.08-12.01.30:951][502]LogPlayLevel: PlayLevel: No blueprints needed recompiling
[2018.05.08-12.01.30:951][502]PIE: New page: PIE session: TopDownExampleMap (May 9, 2018, 4:01:30 AM)
[2018.05.08-12.01.30:951][502]LogPlayLevel: Creating play world package: /Game/TopDownBP/Maps/UEDPIE_0_TopDownExampleMap
[2018.05.08-12.01.31:005][502]LogPlayLevel: PIE: StaticDuplicateObject took: (0.053352s)
[2018.05.08-12.01.31:006][502]LogAIModule: Creating AISystem for world TopDownExampleMap
[2018.05.08-12.01.31:006][502]LogPlayLevel: PIE: World Init took: (0.000922s)
[2018.05.08-12.01.31:006][502]LogPlayLevel: PIE: Created PIE world by copying editor world from /Game/TopDownBP/Maps/TopDownExampleMap.TopDownExampleMap to /Game/TopDownBP/Maps/UEDPIE_0_TopDownExampleMap.TopDownExampleMap (0.054568s)
[2018.05.08-12.01.31:006][502]LogActorComponent: UnregisterComponent: (/Engine/Transient.CharMoveComp) Not registered. Aborting.
[2018.05.08-12.01.31:060][502]LogInit: XAudio2 using 'Динамики (Устройство с поддержкой High Definition Audio)' : 2 channels at 44.1 kHz using 16 bits per sample (channel mask 0x3)
[2018.05.08-12.01.31:068][502]LogInit: FAudioDevice initialized.
[2018.05.08-12.01.31:103][502]LogWorld: Game class is 'TopDownGameMode_C'
[2018.05.08-12.01.31:118][502]LogWorld: Bringing World /Game/TopDownBP/Maps/UEDPIE_0_TopDownExampleMap.TopDownExampleMap up for play (max tick rate 60) at 2018.05.08-20.01.31
[2018.05.08-12.01.31:121][502]LogWorld: Bringing up level for play took: 0.017047
[2018.05.08-12.01.31:154][502]PIE: Info Play in editor start time for /Game/TopDownBP/Maps/UEDPIE_0_TopDownExampleMap 0.594
[2018.05.08-12.01.31:154][502]LogBlueprintUserMessages: Late PlayInEditor Detection: Level '/Game/TopDownBP/Maps/TopDownExampleMap.TopDownExampleMap:PersistentLevel' has LevelScriptBlueprint '/Game/TopDownBP/Maps/TopDownExampleMap.TopDownExampleMap:PersistentLevel.TopDownExampleMap' with GeneratedClass '/Game/TopDownBP/Maps/TopDownExampleMap.TopDownExampleMap_C' with ClassGeneratedBy '/Game/TopDownBP/Maps/TopDownExampleMap.TopDownExampleMap:PersistentLevel.TopDownExampleMap'
[2018.05.08-12.01.50:327][ 81]LogScript:Warning: Attempted to get an item from array TargetPoints out of bounds [2/1]!
[2018.05.08-12.02.22:735][ 88]LogScript:Warning: Attempted to get an item from array TargetPoints out of bounds [2/1]!
[2018.05.08-12.02.37:525][542]LogBlueprintUserMessages: Early EndPlayMap Detection: Level '/Game/TopDownBP/Maps/TopDownExampleMap.TopDownExampleMap:PersistentLevel' has LevelScriptBlueprint '/Game/TopDownBP/Maps/TopDownExampleMap.TopDownExampleMap:PersistentLevel.TopDownExampleMap' with GeneratedClass '/Game/TopDownBP/Maps/TopDownExampleMap.TopDownExampleMap_C' with ClassGeneratedBy '/Game/TopDownBP/Maps/TopDownExampleMap.TopDownExampleMap:PersistentLevel.TopDownExampleMap'
[2018.05.08-12.02.37:631][542]LogBlueprintUserMessages: Late EndPlayMap Detection: Level '/Game/TopDownBP/Maps/TopDownExampleMap.TopDownExampleMap:PersistentLevel' has LevelScriptBlueprint '/Game/TopDownBP/Maps/TopDownExampleMap.TopDownExampleMap:PersistentLevel.TopDownExampleMap' with GeneratedClass '/Game/TopDownBP/Maps/TopDownExampleMap.TopDownExampleMap_C' with ClassGeneratedBy '/Game/TopDownBP/Maps/TopDownExampleMap.TopDownExampleMap:PersistentLevel.TopDownExampleMap'
[2018.05.08-14.12.14:374][954]Cmd: QUIT_EDITOR
[2018.05.08-14.12.19:692][954]LogExit: Preparing to exit.
[2018.05.08-14.12.26:383][954]LogExit: Editor shut down
[2018.05.08-14.12.26:384][954]LogExit: Transaction tracking system shut down
[2018.05.08-14.12.34:737][954]LogObj: Freed 0b from 0 cluster array pools.
[2018.05.08-14.12.34:776][954]LogExit: Object subsystem successfully closed.
[2018.05.08-14.12.36:487][954]LogD3D11RHI: Shutdown
[2018.05.08-14.12.36:487][954]LogD3D11RHI: CleanupD3DDevice
[2018.05.08-14.12.37:453][954]LogD3D11RHI: ~FD3D11DynamicRHI
[2018.05.08-14.12.40:141][954]LogDerivedDataCache: Shutdown
[2018.05.08-14.12.42:328][954]LogModuleManager: Shutting down and abandoning module BlueprintGraph (206)
[2018.05.08-14.12.42:348][954]LogModuleManager: Shutting down and abandoning module MovieSceneCapture (205)
[2018.05.08-14.12.42:348][954]LogModuleManager: Shutting down and abandoning module HierarchicalLODOutliner (204)
[2018.05.08-14.12.42:363][954]LogModuleManager: Shutting down and abandoning module CrashTracker (203)
[2018.05.08-14.12.42:419][954]LogModuleManager: Shutting down and abandoning module SceneOutliner (202)
[2018.05.08-14.12.42:461][954]LogModuleManager: Shutting down and abandoning module SuperSearch (201)
[2018.05.08-14.12.42:461][954]LogModuleManager: Shutting down and abandoning module WidgetCarousel (200)
[2018.05.08-14.12.42:472][954]LogModuleManager: Shutting down and abandoning module AddContentDialog (199)
[2018.05.08-14.12.43:168][954]LogModuleManager: Shutting down and abandoning module GameplayTags (198)
[2018.05.08-14.12.43:168][954]LogModuleManager: Shutting down and abandoning module EditorWidgets (197)
[2018.05.08-14.12.43:168][954]LogModuleManager: Shutting down and abandoning module CollectionManager (196)
[2018.05.08-14.12.43:252][954]LogModuleManager: Shutting down and abandoning module StatsViewer (195)
[2018.05.08-14.12.43:306][954]LogModuleManager: Shutting down and abandoning module FoliageEdit (194)
[2018.05.08-14.12.43:306][954]LogModuleManager: Shutting down and abandoning module LandscapeEditor (193)
[2018.05.08-14.12.43:376][954]LogModuleManager: Shutting down and abandoning module ActorPickerMode (192)
[2018.05.08-14.12.43:376][954]LogModuleManager: Shutting down and abandoning module GeometryMode (191)
[2018.05.08-14.12.43:376][954]LogModuleManager: Shutting down and abandoning module TextureAlignMode (190)
[2018.05.08-14.12.43:376][954]LogModuleManager: Shutting down and abandoning module BspMode (189)
[2018.05.08-14.12.43:376][954]LogModuleManager: Shutting down and abandoning module PlacementMode (188)
[2018.05.08-14.12.43:376][954]LogModuleManager: Shutting down and abandoning module AutomationWorker (187)
[2018.05.08-14.12.43:398][954]LogModuleManager: Shutting down and abandoning module CharacterAI (186)
[2018.05.08-14.12.43:398][954]LogModuleManager: Shutting down and abandoning module SmartSnapping (185)
[2018.05.08-14.12.43:398][954]LogModuleManager: Shutting down and abandoning module ViewportSnapping (184)
[2018.05.08-14.12.43:417][954]LogModuleManager: Shutting down and abandoning module LogVisualizer (183)
[2018.05.08-14.12.43:546][954]LogModuleManager: Shutting down and abandoning module GameProjectGeneration (182)
[2018.05.08-14.12.43:631][954]LogModuleManager: Shutting down and abandoning module IntroTutorials (181)
[2018.05.08-14.12.43:717][954]LogModuleManager: Shutting down and abandoning module EditorLiveStreaming (180)
[2018.05.08-14.12.43:742][954]LogModuleManager: Shutting down and abandoning module IOSPlatformEditor (179)
[2018.05.08-14.12.43:769][954]LogModuleManager: Shutting down and abandoning module HTML5PlatformEditor (178)
[2018.05.08-14.12.43:769][954]LogModuleManager: Shutting down and abandoning module AndroidDeviceDetection (177)
[2018.05.08-14.12.44:041][954]LogModuleManager: Shutting down and abandoning module AndroidPlatformEditor (176)
[2018.05.08-14.12.44:056][954]LogModuleManager: Shutting down and abandoning module IOSRuntimeSettings (175)
[2018.05.08-14.12.44:056][954]LogModuleManager: Shutting down and abandoning module AndroidRuntimeSettings (174)
[2018.05.08-14.12.44:056][954]LogModuleManager: Shutting down and abandoning module MergeActors (173)
[2018.05.08-14.12.44:083][954]LogModuleManager: Shutting down and abandoning module SizeMap (172)
[2018.05.08-14.12.44:100][954]LogModuleManager: Shutting down and abandoning module TreeMap (171)
[2018.05.08-14.12.44:112][954]LogModuleManager: Shutting down and abandoning module ReferenceViewer (170)
[2018.05.08-14.12.44:124][954]LogModuleManager: Shutting down and abandoning module LocalizationService (169)
[2018.05.08-14.12.44:151][954]LogModuleManager: Shutting down and abandoning module LocalizationDashboard (168)
[2018.05.08-14.12.44:199][954]LogModuleManager: Shutting down and abandoning module HardwareTargeting (167)
[2018.05.08-14.12.44:199][954]LogModuleManager: Shutting down and abandoning module DeviceProfileEditor (166)
[2018.05.08-14.12.44:223][954]LogModuleManager: Shutting down and abandoning module UndoHistory (165)
[2018.05.08-14.12.44:263][954]LogModuleManager: Shutting down and abandoning module UserFeedback (164)
[2018.05.08-14.12.44:263][954]LogModuleManager: Shutting down and abandoning module XmlParser (163)
[2018.05.08-14.12.44:268][954]LogModuleManager: Shutting down and abandoning module Blutility (162)
[2018.05.08-14.12.44:268][954]LogModuleManager: Shutting down and abandoning module ProjectTargetPlatformEditor (161)
[2018.05.08-14.12.44:282][954]LogModuleManager: Shutting down and abandoning module ProjectSettingsViewer (160)
[2018.05.08-14.12.44:305][954]LogModuleManager: Shutting down and abandoning module InputBindingEditor (159)
[2018.05.08-14.12.44:345][954]LogModuleManager: Shutting down and abandoning module EditorSettingsViewer (158)
[2018.05.08-14.12.44:357][954]LogModuleManager: Shutting down and abandoning module SettingsEditor (157)
[2018.05.08-14.12.44:397][954]LogModuleManager: Shutting down and abandoning module ProjectLauncher (156)
[2018.05.08-14.12.44:462][954]LogModuleManager: Shutting down and abandoning module SessionFrontend (155)
[2018.05.08-14.12.44:496][954]LogModuleManager: Shutting down and abandoning module ProfilerClient (154)
[2018.05.08-14.12.44:504][954]LogModuleManager: Shutting down and abandoning module TargetDeviceServices (153)
[2018.05.08-14.12.44:523][954]LogModuleManager: Shutting down and abandoning module DeviceManager (152)
[2018.05.08-14.12.44:683][954]LogModuleManager: Shutting down and abandoning module AutomationController (151)
[2018.05.08-14.12.44:869][954]LogModuleManager: Shutting down and abandoning module AutomationWindow (150)
[2018.05.08-14.12.44:894][954]LogModuleManager: Shutting down and abandoning module Layers (149)
[2018.05.08-14.12.44:930][954]LogModuleManager: Shutting down and abandoning module ComponentVisualizers (148)
[2018.05.08-14.12.44:930][954]LogModuleManager: Shutting down and abandoning module DetailCustomizations (147)
[2018.05.08-14.12.44:996][954]LogModuleManager: Shutting down and abandoning module PackagesDialog (146)
[2018.05.08-14.12.45:015][954]LogModuleManager: Shutting down and abandoning module Persona (145)
[2018.05.08-14.12.45:082][954]LogModuleManager: Shutting down and abandoning module Kismet (144)
[2018.05.08-14.12.45:153][954]LogModuleManager: Shutting down and abandoning module GraphEditor (143)
[2018.05.08-14.12.45:165][954]LogModuleManager: Shutting down and abandoning module ClassViewer (142)
[2018.05.08-14.12.45:184][954]LogModuleManager: Shutting down and abandoning module Toolbox (141)
[2018.05.08-14.12.45:237][954]LogModuleManager: Shutting down and abandoning module ModuleUI (140)
[2018.05.08-14.12.45:247][954]LogModuleManager: Shutting down and abandoning module MovieSceneTools (139)
[2018.05.08-14.12.45:343][954]LogModuleManager: Shutting down and abandoning module OutputLog (138)
[2018.05.08-14.12.45:364][954]LogModuleManager: Shutting down and abandoning module GammaUI (137)
[2018.05.08-14.12.45:370][954]LogModuleManager: Shutting down and abandoning module Documentation (136)
[2018.05.08-14.12.45:370][954]LogModuleManager: Shutting down and abandoning module StreamingPauseRendering (135)
[2018.05.08-14.12.45:383][954]LogModuleManager: Shutting down and abandoning module AnalyticsET (134)
[2018.05.08-14.12.45:383][954]LogModuleManager: Shutting down and abandoning module Analytics (133)
[2018.05.08-14.12.45:383][954]LogModuleManager: Shutting down and abandoning module PortalServices (132)
[2018.05.08-14.12.45:383][954]LogModuleManager: Shutting down and abandoning module PortalRpc (131)
[2018.05.08-14.12.45:383][954]LogModuleManager: Shutting down and abandoning module MessagingRpc (130)
[2018.05.08-14.12.45:383][954]LogModuleManager: Shutting down and abandoning module AITestSuite (129)
[2018.05.08-14.12.45:397][954]LogModuleManager: Shutting down and abandoning module GameplayDebugger (128)
[2018.05.08-14.12.45:427][954]LogModuleManager: Shutting down and abandoning module AIModule (127)
[2018.05.08-14.12.45:427][954]LogModuleManager: Shutting down and abandoning module ProfilerService (126)
[2018.05.08-14.12.45:565][954]LogModuleManager: Shutting down and abandoning module TaskGraph (125)
[2018.05.08-14.12.45:638][954]LogModuleManager: Shutting down and abandoning module SlateRemote (124)
[2018.05.08-14.12.45:649][954]LogModuleManager: Shutting down and abandoning module SteamVRController (123)
[2018.05.08-14.12.45:649][954]LogModuleManager: Shutting down and abandoning module SteamVR (122)
[2018.05.08-14.12.45:672][954]LogModuleManager: Shutting down and abandoning module ProceduralMeshComponent (121)
[2018.05.08-14.12.45:672][954]LogModuleManager: Shutting down and abandoning module OculusLibrary (120)
[2018.05.08-14.12.45:672][954]LogModuleManager: Shutting down and abandoning module OculusInput (119)
[2018.05.08-14.12.45:672][954]LogModuleManager: Shutting down and abandoning module CustomMeshComponent (118)
[2018.05.08-14.12.45:690][954]LogModuleManager: Shutting down and abandoning module CableComponent (117)
[2018.05.08-14.12.45:702][954]LogModuleManager: Shutting down and abandoning module ArchVisCharacter (116)
[2018.05.08-14.12.45:703][954]LogModuleManager: Shutting down and abandoning module MediaPlayerEditor (115)
[2018.05.08-14.12.45:743][954]LogModuleManager: Shutting down and abandoning module HTML5Networking (114)
[2018.05.08-14.12.45:743][954]LogModuleManager: Shutting down and abandoning module SpeedTreeImporter (113)
[2018.05.08-14.12.45:743][954]LogModuleManager: Shutting down and abandoning module PluginBrowser (112)
[2018.05.08-14.12.45:790][954]LogModuleManager: Shutting down and abandoning module EpicSurvey (111)
[2018.05.08-14.12.45:842][954]LogModuleManager: Shutting down and abandoning module DesktopPlatform (110)
[2018.05.08-14.12.45:873][954]LogModuleManager: Shutting down and abandoning module VisualStudioSourceCodeAccess (109)
[2018.05.08-14.12.45:903][954]LogModuleManager: Shutting down and abandoning module UObjectPlugin (108)
[2018.05.08-14.12.45:903][954]LogModuleManager: Shutting down and abandoning module SubversionSourceControl (107)
[2018.05.08-14.12.45:936][954]LogModuleManager: Shutting down and abandoning module PerforceSourceControl (106)
[2018.05.08-14.12.45:996][954]LogModuleManager: Shutting down and abandoning module SourceControl (105)
[2018.05.08-14.12.46:028][954]LogModuleManager: Shutting down and abandoning module GitSourceControl (104)
[2018.05.08-14.12.46:058][954]LogModuleManager: Shutting down and abandoning module LightPropagationVolumeEditor (103)
[2018.05.08-14.12.46:058][954]LogModuleManager: Shutting down and abandoning module PaperTiledImporter (102)
[2018.05.08-14.12.46:063][954]LogModuleManager: Shutting down and abandoning module PaperSpriteSheetImporter (101)
[2018.05.08-14.12.46:074][954]LogModuleManager: Shutting down and abandoning module MeshPaint (100)
[2018.05.08-14.12.46:074][954]LogModuleManager: Shutting down and abandoning module HotReload (99)
[2018.05.08-14.12.46:125][954]LogModuleManager: Shutting down and abandoning module MainFrame (98)
[2018.05.08-14.12.46:148][954]LogModuleManager: Shutting down and abandoning module LevelEditor (97)
[2018.05.08-14.12.46:210][954]LogModuleManager: Shutting down and abandoning module DirectoryWatcher (96)
[2018.05.08-14.12.46:211][954]LogModuleManager: Shutting down and abandoning module AssetRegistry (95)
[2018.05.08-14.12.48:012][954]LogModuleManager: Shutting down and abandoning module ContentBrowser (94)
[2018.05.08-14.12.48:517][954]LogModuleManager: Shutting down and abandoning module Paper2DEditor (93)
[2018.05.08-14.12.48:767][954]LogModuleManager: Shutting down and abandoning module UdpMessaging (92)
[2018.05.08-14.12.48:932][954]LogModuleManager: Shutting down and abandoning module LightPropagationVolumeRuntime (91)
[2018.05.08-14.12.48:932][954]LogModuleManager: Shutting down and abandoning module Paper2D (90)
[2018.05.08-14.12.48:932][954]LogModuleManager: Shutting down and abandoning module WindowsMoviePlayer (89)
[2018.05.08-14.12.48:983][954]LogModuleManager: Shutting down and abandoning module Media (88)
[2018.05.08-14.12.48:983][954]LogModuleManager: Shutting down and abandoning module WmfMedia (87)
[2018.05.08-14.12.49:158][954]LogModuleManager: Shutting down and abandoning module MediaAssets (86)
[2018.05.08-14.12.49:158][954]LogModuleManager: Shutting down and abandoning module GameLiveStreaming (85)
[2018.05.08-14.12.49:209][954]LogModuleManager: Shutting down and abandoning module GameplayTagsEditor (84)
[2018.05.08-14.12.49:316][954]LogModuleManager: Shutting down and abandoning module OnlineBlueprintSupport (83)
[2018.05.08-14.12.49:372][954]LogModuleManager: Shutting down and abandoning module GameplayTasksEditor (82)
[2018.05.08-14.12.49:372][954]LogModuleManager: Shutting down and abandoning module PropertyEditor (81)
[2018.05.08-14.12.49:423][954]LogModuleManager: Shutting down and abandoning module BehaviorTreeEditor (80)
[2018.05.08-14.12.49:460][954]LogModuleManager: Shutting down and abandoning module FunctionalTesting (79)
[2018.05.08-14.12.49:469][954]LogModuleManager: Shutting down and abandoning module CollisionAnalyzer (78)
[2018.05.08-14.12.49:509][954]LogModuleManager: Shutting down and abandoning module WorkspaceMenuStructure (77)
[2018.05.08-14.12.49:552][954]LogModuleManager: Shutting down and abandoning module MessageLog (76)
[2018.05.08-14.12.49:552][954]LogModuleManager: Shutting down and abandoning module Sequencer (75)
[2018.05.08-14.12.49:622][954]LogModuleManager: Shutting down and abandoning module AssetTools (74)
[2018.05.08-14.12.49:733][954]LogModuleManager: Shutting down and abandoning module UMGEditor (73)
[2018.05.08-14.12.49:778][954]LogModuleManager: Shutting down and abandoning module UMG (72)
[2018.05.08-14.12.49:820][954]LogModuleManager: Shutting down and abandoning module SlateReflector (71)
[2018.05.08-14.12.49:863][954]LogModuleManager: Shutting down and abandoning module Slate (70)
[2018.05.08-14.12.49:863][954]LogModuleManager: Shutting down and abandoning module EditorStyle (69)
[2018.05.08-14.12.50:060][954]LogModuleManager: Shutting down and abandoning module SessionServices (68)
[2018.05.08-14.12.50:060][954]LogModuleManager: Shutting down and abandoning module SourceCodeAccess (67)
[2018.05.08-14.12.50:109][954]LogModuleManager: Shutting down and abandoning module HeadMountedDisplay (66)
[2018.05.08-14.12.50:109][954]LogModuleManager: Shutting down and abandoning module XAudio2 (65)
[2018.05.08-14.12.50:109][954]LogModuleManager: Shutting down and abandoning module Networking (63)
[2018.05.08-14.12.50:109][954]LogModuleManager: Shutting down and abandoning module Core (62)
[2018.05.08-14.12.50:109][954]LogModuleManager: Shutting down and abandoning module KismetCompiler (61)
[2018.05.08-14.12.50:123][954]LogModuleManager: Shutting down and abandoning module PhysXFormats (60)
[2018.05.08-14.12.50:152][954]LogModuleManager: Shutting down and abandoning module MeshUtilities (59)
[2018.05.08-14.12.50:181][954]LogModuleManager: Shutting down and abandoning module CookingStats (58)
[2018.05.08-14.12.50:199][954]LogModuleManager: Shutting down and abandoning module DerivedDataCache (57)
[2018.05.08-14.12.50:199][954]LogDerivedDataCache: Shutdown
[2018.05.08-14.12.50:199][954]LogModuleManager: Shutting down and abandoning module ShaderFormatOpenGL (56)
[2018.05.08-14.12.50:258][954]LogModuleManager: Shutting down and abandoning module ShaderFormatD3D (55)
[2018.05.08-14.12.50:301][954]LogModuleManager: Shutting down and abandoning module MetalShaderFormat (54)
[2018.05.08-14.12.50:307][954]LogModuleManager: Shutting down and abandoning module TextureFormatUncompressed (53)
[2018.05.08-14.12.50:321][954]LogModuleManager: Shutting down and abandoning module TextureFormatPVR (52)
[2018.05.08-14.12.50:321][954]LogModuleManager: Shutting down and abandoning module TextureFormatIntelISPCTexComp (51)
[2018.05.08-14.12.50:366][954]LogModuleManager: Shutting down and abandoning module TextureFormatDXT (50)
[2018.05.08-14.12.50:366][954]LogModuleManager: Shutting down and abandoning module ImageWrapper (49)
[2018.05.08-14.12.50:366][954]LogModuleManager: Shutting down and abandoning module TextureFormatASTC (48)
[2018.05.08-14.12.50:378][954]LogModuleManager: Shutting down and abandoning module TextureFormatAndroid (47)
[2018.05.08-14.12.50:392][954]LogModuleManager: Shutting down and abandoning module AudioFormatOpus (46)
[2018.05.08-14.12.50:392][954]LogModuleManager: Shutting down and abandoning module AudioFormatOgg (45)
[2018.05.08-14.12.50:392][954]LogModuleManager: Shutting down and abandoning module AudioFormatADPCM (44)
[2018.05.08-14.12.50:415][954]LogModuleManager: Shutting down and abandoning module LinuxTargetPlatform (43)
[2018.05.08-14.12.50:426][954]LogModuleManager: Shutting down and abandoning module LinuxServerTargetPlatform (42)
[2018.05.08-14.12.50:447][954]LogModuleManager: Shutting down and abandoning module LinuxNoEditorTargetPlatform (41)
[2018.05.08-14.12.50:460][954]LogModuleManager: Shutting down and abandoning module TVOSTargetPlatform (40)
[2018.05.08-14.12.50:460][954]LogModuleManager: Shutting down and abandoning module Messaging (39)
[2018.05.08-14.12.50:460][954]LogModuleManager: Shutting down and abandoning module IOSTargetPlatform (38)
[2018.05.08-14.12.50:475][954]LogModuleManager: Shutting down and abandoning module HTML5TargetPlatform (37)
[2018.05.08-14.12.50:497][954]LogModuleManager: Shutting down and abandoning module Android_PVRTCTargetPlatform (36)
[2018.05.08-14.12.50:510][954]LogModuleManager: Shutting down and abandoning module Android_MultiTargetPlatform (35)
[2018.05.08-14.12.50:527][954]LogModuleManager: Shutting down and abandoning module Android_ETC2TargetPlatform (34)
[2018.05.08-14.12.50:540][954]LogModuleManager: Shutting down and abandoning module Android_ETC1TargetPlatform (33)
[2018.05.08-14.12.50:551][954]LogModuleManager: Shutting down and abandoning module Android_DXTTargetPlatform (32)
[2018.05.08-14.12.50:571][954]LogModuleManager: Shutting down and abandoning module Android_ATCTargetPlatform (31)
[2018.05.08-14.12.50:590][954]LogModuleManager: Shutting down and abandoning module Android_ASTCTargetPlatform (30)
[2018.05.08-14.12.50:608][954]LogModuleManager: Shutting down and abandoning module AndroidTargetPlatform (29)
[2018.05.08-14.12.50:615][954]LogModuleManager: Shutting down and abandoning module WindowsTargetPlatform (28)
[2018.05.08-14.12.50:615][954]LogModuleManager: Shutting down and abandoning module WindowsServerTargetPlatform (27)
[2018.05.08-14.12.50:632][954]LogModuleManager: Shutting down and abandoning module WindowsNoEditorTargetPlatform (26)
[2018.05.08-14.12.50:643][954]LogModuleManager: Shutting down and abandoning module WindowsClientTargetPlatform (25)
[2018.05.08-14.12.50:651][954]LogModuleManager: Shutting down and abandoning module AllDesktopTargetPlatform (24)
[2018.05.08-14.12.50:665][954]LogModuleManager: Shutting down and abandoning module TargetPlatform (23)
[2018.05.08-14.12.50:684][954]LogModuleManager: Shutting down and abandoning module InputCore (22)
[2018.05.08-14.12.50:684][954]LogModuleManager: Shutting down and abandoning module Settings (21)
[2018.05.08-14.12.50:684][954]LogModuleManager: Shutting down and abandoning module OnlineSubsystem (19)
[2018.05.08-14.12.50:684][954]LogModuleManager: Shutting down and abandoning module HTTP (18)
[2018.05.08-14.12.59:185][954]LogModuleManager: Shutting down and abandoning module XMPP (17)
[2018.05.08-14.12.59:251][954]LogModuleManager: Shutting down and abandoning module OculusRift (16)
[2018.05.08-14.12.59:270][954]LogModuleManager: Shutting down and abandoning module ExampleDeviceProfileSelector (15)
[2018.05.08-14.12.59:270][954]LogModuleManager: Shutting down and abandoning module TextureCompressor (14)
[2018.05.08-14.12.59:341][954]LogModuleManager: Shutting down and abandoning module ShaderCore (13)
[2018.05.08-14.12.59:341][954]LogModuleManager: Shutting down and abandoning module Landscape (12)
[2018.05.08-14.12.59:341][954]LogModuleManager: Shutting down and abandoning module SlateRHIRenderer (11)
[2018.05.08-14.12.59:491][954]LogModuleManager: Shutting down and abandoning module OpenGLDrv (10)
[2018.05.08-14.12.59:523][954]LogModuleManager: Shutting down and abandoning module D3D11RHI (9)
[2018.05.08-14.12.59:523][954]LogModuleManager: Shutting down and abandoning module AnimGraphRuntime (8)
[2018.05.08-14.12.59:535][954]LogModuleManager: Shutting down and abandoning module Renderer (7)
[2018.05.08-14.12.59:535][954]LogModuleManager: Shutting down and abandoning module Engine (6)
[2018.05.08-14.12.59:536][954]LogModuleManager: Shutting down and abandoning module CoreUObject (5)
[2018.05.08-14.12.59:536][954]LogModuleManager: Shutting down and abandoning module NetworkFile (4)
[2018.05.08-14.12.59:573][954]LogModuleManager: Shutting down and abandoning module StreamingFile (3)
[2018.05.08-14.12.59:583][954]LogModuleManager: Shutting down and abandoning module SandboxFile (2)
[2018.05.08-14.12.59:593][954]LogModuleManager: Shutting down and abandoning module PakFile (1)
[2018.05.08-14.12.59:693][954]LogExit: Exiting.
[2018.05.08-14.12.59:791][954]Log file closed, 05/08/18 22:12:59
