Log file open, 05/25/18 14:31:11
LogInit:Display: Running engine for game: TopDownProject
LogPlatformFile: Not using cached read wrapper
LogInit:Display: RandInit(537388899) SRandInit(537388902).
LogTaskGraph: Started task graph with 4 named threads and 5 total threads.
LogStats: Stats thread started at 0.103005
LogInit: Version: 4.11.2-2946394+++UE4+Release-4.11
LogInit: API Version: 2927265
LogInit: Compiled (64-bit): Apr 18 2016 02:18:46
LogInit: Compiled with Visual C++: 19.00.23026.00
LogInit: Build Configuration: Development
LogInit: Branch Name: ++UE4+Release-4.11
LogInit: Command line:  
LogInit: Base directory: D:/UE_4.11/Engine/Binaries/Win64/
LogInit: Installed Engine Build: 1
LogInit: Using libcurl 7.41.0
LogInit:  - built for x86_64-pc-win32
LogInit:  - supports SSL with WinSSL
LogInit:  - other features:
LogInit:      CURL_VERSION_SSL
LogInit:      CURL_VERSION_IPV6
LogInit:      CURL_VERSION_ASYNCHDNS
LogInit:      CURL_VERSION_LARGEFILE
LogInit:      CURL_VERSION_IDN
LogInit:  CurlRequestOptions (configurable via config and command line):
LogInit:  - bVerifyPeer = true  - Libcurl will verify peer certificate
LogInit:  - bUseHttpProxy = false  - Libcurl will NOT use HTTP proxy
LogInit:  - bDontReuseConnections = false  - Libcurl will reuse connections
LogInit:  - CertBundlePath = nullptr  - Libcurl will use whatever was configured at build time.
LogInit: Presizing for max 16777216 objects, including 0 objects not considered by GC, pre-allocating 0 bytes for permanent pool.
LogInit: Object subsystem initialized
[2018.05.25-06.31.12:215][  0]LogInit: Selected Device Profile: [Windows]
[2018.05.25-06.31.12:215][  0]LogInit: Applying CVar settings loaded from the selected device profile: [Windows]
[2018.05.25-06.31.12:248][  0]LogInit: Computer: 1-ПК
[2018.05.25-06.31.12:248][  0]LogInit: User: 1
[2018.05.25-06.31.12:248][  0]LogInit: CPU Page size=65536, Cores=2
[2018.05.25-06.31.12:248][  0]LogInit: High frequency timer resolution =2.338515 MHz
[2018.05.25-06.31.12:248][  0]LogMemory: Memory total: Physical=3.9GB (4GB approx)
[2018.05.25-06.31.12:248][  0]LogMemory: Platform Memory Stats for Windows
[2018.05.25-06.31.12:248][  0]LogMemory: Process Physical Memory: 314.46 MB used, 314.46 MB peak
[2018.05.25-06.31.12:248][  0]LogMemory: Process Virtual Memory: 314.95 MB used, 314.95 MB peak
[2018.05.25-06.31.12:248][  0]LogMemory: Physical Memory: 2199.09 MB used, 4010.14 MB total
[2018.05.25-06.31.12:248][  0]LogMemory: Virtual Memory: 620.87 MB used, 8388608.00 MB total
[2018.05.25-06.31.13:179][  0]LogTextLocalizationManager: No translations for ('ru-RU') exist, falling back to 'en' for localization and internationalization data.
[2018.05.25-06.31.14:703][  0]LogD3D11RHI: D3D11 adapters:
[2018.05.25-06.31.15:452][  0]LogD3D11RHI:    0. 'NVIDIA GeForce 410M' (Feature Level 11_0)
[2018.05.25-06.31.15:452][  0]LogD3D11RHI:       979MB of dedicated video memory, 0MB of dedicated system memory, and 1749MB of shared system memory, 1 output[s]
[2018.05.25-06.31.15:482][  0]LogD3D11RHI:    1. 'NVIDIA GeForce 410M' (Feature Level 11_0)
[2018.05.25-06.31.15:482][  0]LogD3D11RHI:       979MB of dedicated video memory, 0MB of dedicated system memory, and 1749MB of shared system memory, 0 output[s]
[2018.05.25-06.31.15:482][  0]LogD3D11RHI: Chosen D3D11 Adapter: 0
[2018.05.25-06.31.15:494][  0]LogD3D11RHI: Creating new Direct3DDevice
[2018.05.25-06.31.15:495][  0]LogD3D11RHI:     Adapter Name: Intel(R) HD Graphics 3000
[2018.05.25-06.31.15:495][  0]LogD3D11RHI:   Driver Version: Unknown (internal Unknown)
[2018.05.25-06.31.15:495][  0]LogD3D11RHI:      Driver Date: Unknown
[2018.05.25-06.31.15:495][  0]LogRHI: Texture pool is 1297 MB (70% of 1854 MB)
[2018.05.25-06.31.15:519][  0]LogD3D11RHI: Async texture creation enabled
[2018.05.25-06.31.15:545][  0]LogShaderCompilers: Guid format shader working directory is -16 characters bigger than the processId version (../../../../sergey/UnrealProjects/Game_1337/TopDownProject/Intermediate/Shaders/WorkingDirectory/7120/).
[2018.05.25-06.31.15:545][  0]LogShaderCompilers: Cleaned the shader compiler working directory 'C:/Users/1/AppData/Local/Temp/UnrealShaderWorkingDir/D74B675547795DD885A974B833C32948/'.
[2018.05.25-06.31.15:545][  0]LogShaderCompilers:Display: Using Local Shader Compiler.
[2018.05.25-06.31.22:507][  0]LogTemp:Display: Loaded TP AllDesktopTargetPlatform
[2018.05.25-06.31.22:532][  0]LogTemp:Display: Loaded TP WindowsClientTargetPlatform
[2018.05.25-06.31.22:552][  0]LogTemp:Display: Loaded TP WindowsNoEditorTargetPlatform
[2018.05.25-06.31.22:570][  0]LogTemp:Display: Loaded TP WindowsServerTargetPlatform
[2018.05.25-06.31.22:592][  0]LogTemp:Display: Loaded TP WindowsTargetPlatform
[2018.05.25-06.31.22:619][  0]LogTemp:Display: Loaded TP AndroidTargetPlatform
[2018.05.25-06.31.22:636][  0]LogTemp:Display: Loaded TP Android_ASTCTargetPlatform
[2018.05.25-06.31.22:659][  0]LogTemp:Display: Loaded TP Android_ATCTargetPlatform
[2018.05.25-06.31.22:692][  0]LogTemp:Display: Loaded TP Android_DXTTargetPlatform
[2018.05.25-06.31.22:707][  0]LogTemp:Display: Loaded TP Android_ETC1TargetPlatform
[2018.05.25-06.31.22:731][  0]LogTemp:Display: Loaded TP Android_ETC2TargetPlatform
[2018.05.25-06.31.22:777][  0]LogTemp:Display: Loaded TP Android_MultiTargetPlatform
[2018.05.25-06.31.22:777][  0]LogTemp:Display: Loaded TP Android_PVRTCTargetPlatform
[2018.05.25-06.31.22:795][  0]LogTemp:Display: Loaded TP HTML5TargetPlatform
[2018.05.25-06.31.22:878][  0]LogTemp:Display: Loaded TP IOSTargetPlatform
[2018.05.25-06.31.22:884][  0]LogTemp:Display: Loaded TP TVOSTargetPlatform
[2018.05.25-06.31.22:926][  0]LogTemp:Display: Loaded TP LinuxNoEditorTargetPlatform
[2018.05.25-06.31.22:938][  0]LogTemp:Display: Loaded TP LinuxServerTargetPlatform
[2018.05.25-06.31.22:976][  0]LogTemp:Display: Loaded TP LinuxTargetPlatform
[2018.05.25-06.31.22:976][  0]LogTargetPlatformManager:Display: Building Assets For Windows
[2018.05.25-06.31.23:602][  0]LogDerivedDataCache:Display: Max Cache Size: 512 MB
[2018.05.25-06.31.26:304][  0]LogDerivedDataCache: Loaded boot cache 2.70s 46MB C:/Users/1/AppData/Local/UnrealEngine/4.11/DerivedDataCache/Boot.ddc.
[2018.05.25-06.31.26:306][  0]LogDerivedDataCache:Display: Loaded Boot cache: C:/Users/1/AppData/Local/UnrealEngine/4.11/DerivedDataCache/Boot.ddc
[2018.05.25-06.31.26:306][  0]LogDerivedDataCache: FDerivedDataBackendGraph:  Pak pak cache file ../../../../sergey/UnrealProjects/Game_1337/TopDownProject/DerivedDataCache/DDC.ddp not found, will not use a pak cache.
[2018.05.25-06.31.26:306][  0]LogDerivedDataCache: Unable to find inner node Pak for hierarchical cache Hierarchy.
[2018.05.25-06.31.26:306][  0]LogDerivedDataCache: FDerivedDataBackendGraph:  CompressedPak pak cache file ../../../../sergey/UnrealProjects/Game_1337/TopDownProject/DerivedDataCache/Compressed.ddp not found, will not use a pak cache.
[2018.05.25-06.31.26:306][  0]LogDerivedDataCache: Unable to find inner node CompressedPak for hierarchical cache Hierarchy.
[2018.05.25-06.31.26:362][  0]LogDerivedDataCache:Display: Pak cache opened for reading ../../../Engine/DerivedDataCache/Compressed.ddp.
[2018.05.25-06.31.26:374][  0]LogDerivedDataCache: Using Local data cache path C:/Users/1/AppData/Local/UnrealEngine/Common/DerivedDataCache: Writable
[2018.05.25-06.31.32:974][  0]LogInit: Selected Device Profile: [Windows]
[2018.05.25-06.31.33:006][  0]LogContentStreaming: Texture pool size is 0.00 MB
[2018.05.25-06.31.33:054][  0]LogMaterial: Uniform references updated for custom material expression Custom.
[2018.05.25-06.31.33:475][  0]LogMeshUtilities: No automatic mesh reduction module available
[2018.05.25-06.31.33:475][  0]LogMeshUtilities: No automatic mesh merging module available
[2018.05.25-06.31.33:475][  0]LogMeshUtilities: No distributed automatic mesh merging module available
[2018.05.25-06.31.34:957][  0]LogUObjectArray: 27679 objects as part of root set at end of initial load.
[2018.05.25-06.31.34:958][  0]LogUObjectAllocator: 5591600 out of 0 bytes used by permanent object pool.
[2018.05.25-06.31.34:958][  0]LogUObjectArray: CloseDisregardForGC: 0/0 objects in disregard for GC pool
[2018.05.25-06.31.34:965][  0]LogInit: WinSock: version 1.1 (2.2), MaxSocks=32767, MaxUdp=65467
[2018.05.25-06.31.36:659][  0]LogSlate: SlateFontCache - WITH_FREETYPE: 1, WITH_HARFBUZZ: 1
[2018.05.25-06.31.36:659][  0]LogSlate: SlateFontCache - WITH_FREETYPE: 1, WITH_HARFBUZZ: 1
[2018.05.25-06.31.38:303][  0]LogStreaming:Warning: Failed to read file '../../../Engine/Content/Editor/Slate/Common/Selection_16x.png' error.
[2018.05.25-06.31.38:303][  0]LogSlate: Could not find file for Slate resource: ../../../Engine/Content/Editor/Slate/Common/Selection_16x.png
[2018.05.25-06.31.38:304][  0]LogStreaming:Warning: Failed to read file '../../../Engine/Content/Editor/Slate/Common/Selection_16x.png' error.
[2018.05.25-06.31.38:304][  0]LogSlate: Could not find file for Slate resource: ../../../Engine/Content/Editor/Slate/Common/Selection_16x.png
[2018.05.25-06.31.38:304][  0]LogStreaming:Warning: Failed to read file '../../../Engine/Content/Editor/Slate/Common/Selection_16x.png' error.
[2018.05.25-06.31.38:304][  0]LogSlate: Could not find file for Slate resource: ../../../Engine/Content/Editor/Slate/Common/Selection_16x.png
[2018.05.25-06.31.48:141][  0]LogUdpMessaging: Initializing bridge on interface 0.0.0.0:0 to multicast group 230.0.0.1:6666.
[2018.05.25-06.31.48:491][  0]LogAssetRegistry: FAssetRegistry took 0.0206 seconds to start up
[2018.05.25-06.31.49:463][  0]SourceControl: Info Source control is disabled
[2018.05.25-06.31.49:464][  0]SourceControl: Info Source control is disabled
[2018.05.25-06.31.49:582][  0]SourceControl: Info Source control is disabled
[2018.05.25-06.31.49:729][  0]SourceControl: Info Source control is disabled
[2018.05.25-06.31.51:977][  0]LogHMD: Failed to initialize OpenVR with code 110
[2018.05.25-06.31.52:471][  0]LogEngine: Initializing Engine...
[2018.05.25-06.31.53:535][  0]LogAIModule: Creating AISystem for world NewWorld
[2018.05.25-06.31.53:760][  0]LogInit: XAudio2 using 'Динамики (Устройство с поддержкой High Definition Audio)' : 2 channels at 44.1 kHz using 16 bits per sample (channel mask 0x3)
[2018.05.25-06.31.53:790][  0]LogInit: FAudioDevice initialized.
[2018.05.25-06.31.53:846][  0]LogDerivedDataCache: Saved boot cache 0.06s 46MB C:/Users/1/AppData/Local/UnrealEngine/4.11/DerivedDataCache/Boot.ddc.
[2018.05.25-06.31.53:864][  0]LogInit: Texture streaming: Enabled
[2018.05.25-06.31.54:791][  0]LogInit: Transaction tracking system initialized
[2018.05.25-06.31.55:344][  0]BlueprintLog: New page: Editor Load
[2018.05.25-06.31.58:702][  0]LocalizationService: Info Localization service is disabled
[2018.05.25-06.32.00:670][  0]LogConsoleResponse:Display: 
[2018.05.25-06.32.06:067][  0]LogCook:Display: Max memory allowance for cook 8192mb
[2018.05.25-06.32.06:067][  0]LogCook:Display: Mobile HDR setting 1
[2018.05.25-06.32.06:067][  0]LogCook:Display: Done creating registry. It took  0.00s.
[2018.05.25-06.32.07:497][  0]LogFileCache: Scanning file cache for directory 'D:/sergey/UnrealProjects/Game_1337/TopDownProject/Content/' took 0.04s
[2018.05.25-06.32.07:661][  0]SourceControl: Info Source control is disabled
[2018.05.25-06.32.07:662][  0]Cmd: MAP LOAD FILE="../../../../sergey/UnrealProjects/Game_1337/TopDownProject/Content/TopDownBP/Maps/TopDownExampleMap.umap" TEMPLATE=0 SHOWPROGRESS=1 FEATURELEVEL=3
[2018.05.25-06.32.07:794][  0]LightingResults: New page: Lighting Build
[2018.05.25-06.32.07:796][  0]MapCheck: New page: Map Check
[2018.05.25-06.32.07:796][  0]LightingResults: New page: Lighting Build
[2018.05.25-06.32.08:258][  0]LogLinker:Warning: Asset '../../../../sergey/UnrealProjects/Game_1337/TopDownProject/Content/Mannequin/Animations/ThirdPerson_AnimBP.uasset' has been saved with empty engine version. The asset will be loaded but may be incompatible.
[2018.05.25-06.32.08:376][  0]LogLinker:Warning: Asset '../../../../sergey/UnrealProjects/Game_1337/TopDownProject/Content/Mannequin/Animations/ThirdPerson_Jump.uasset' has been saved with empty engine version. The asset will be loaded but may be incompatible.
[2018.05.25-06.32.08:561][  0]LogLinker:Warning: Asset '../../../../sergey/UnrealProjects/Game_1337/TopDownProject/Content/Mannequin/Animations/ThirdPersonJump_Loop.uasset' has been saved with empty engine version. The asset will be loaded but may be incompatible.
[2018.05.25-06.32.08:638][  0]LogLinker:Warning: Asset '../../../../sergey/UnrealProjects/Game_1337/TopDownProject/Content/Mannequin/Animations/ThirdPersonJump_Start.uasset' has been saved with empty engine version. The asset will be loaded but may be incompatible.
[2018.05.25-06.32.08:756][  0]LogLinker:Warning: Asset '../../../../sergey/UnrealProjects/Game_1337/TopDownProject/Content/Mannequin/Animations/ThirdPersonIdle.uasset' has been saved with empty engine version. The asset will be loaded but may be incompatible.
[2018.05.25-06.32.08:809][  0]LogLinker:Warning: Asset '../../../../sergey/UnrealProjects/Game_1337/TopDownProject/Content/Mannequin/Animations/ThirdPersonRun.uasset' has been saved with empty engine version. The asset will be loaded but may be incompatible.
[2018.05.25-06.32.08:853][  0]LogLinker:Warning: Asset '../../../../sergey/UnrealProjects/Game_1337/TopDownProject/Content/Mannequin/Animations/ThirdPersonWalk.uasset' has been saved with empty engine version. The asset will be loaded but may be incompatible.
[2018.05.25-06.32.29:197][  0]LogMaterial: Uniform references updated for custom material expression Custom.
[2018.05.25-06.32.29:302][  0]LogMaterial: Uniform references updated for custom material expression TemporalAA SampleID.
[2018.05.25-06.32.44:024][  0]LogAIModule: Creating AISystem for world TopDownExampleMap
[2018.05.25-06.32.44:643][  0]LogMaterial:Warning: Material /Game/InfinityBladeGrassLands/Environments/Plains/Env_Plains_Flora/Materials/M_PLains_Fern01.M_PLains_Fern01 needed to have new flag set bUsedWithInstancedStaticMeshes !
[2018.05.25-06.32.44:647][  0]LogMaterial: Missing cached shader map for material M_PLains_Fern01, compiling. 
[2018.05.25-06.32.44:833][  0]MapCheck:Warning: Warning M_PLains_Fern01 Material /Game/InfinityBladeGrassLands/Environments/Plains/Env_Plains_Flora/Materials/M_PLains_Fern01.M_PLains_Fern01 was missing the usage flag bUsedWithInstancedStaticMeshes. If the material asset is not re-saved, it may not render correctly when run outside the editor. Fix
[2018.05.25-06.32.44:833][  0]LogMaterial: 0.00 seconds spent updating 1 materials, 1 interfaces, 0 instances, 0 with static permutations.
[2018.05.25-06.32.44:857][  0]LogPrimitiveComponent: Zero scaling not supported (/Game/TopDownBP/Maps/TopDownExampleMap.TopDownExampleMap:PersistentLevel.Coins_785.Cube)
[2018.05.25-06.32.44:857][  0]LogPrimitiveComponent: Zero scaling not supported (/Game/TopDownBP/Maps/TopDownExampleMap.TopDownExampleMap:PersistentLevel.Coins2_920.Cube)
[2018.05.25-06.32.44:966][  0]LogPrimitiveComponent: Zero scaling not supported (/Game/TopDownBP/Maps/TopDownExampleMap.TopDownExampleMap:PersistentLevel.Coins_785.Cube)
[2018.05.25-06.32.44:967][  0]LogPrimitiveComponent: Zero scaling not supported (/Game/TopDownBP/Maps/TopDownExampleMap.TopDownExampleMap:PersistentLevel.Coins_785.Cube)
[2018.05.25-06.32.44:970][  0]LogPrimitiveComponent: Zero scaling not supported (/Game/TopDownBP/Maps/TopDownExampleMap.TopDownExampleMap:PersistentLevel.Coins2_920.Cube)
[2018.05.25-06.32.44:972][  0]LogPrimitiveComponent: Zero scaling not supported (/Game/TopDownBP/Maps/TopDownExampleMap.TopDownExampleMap:PersistentLevel.Coins2_920.Cube)
[2018.05.25-06.32.47:740][  0]LogEditorServer: Finished looking for orphan Actors (0.000 secs)
[2018.05.25-06.32.47:745][  0]Cmd: MAP CHECKDEP NOCLEARLOG
[2018.05.25-06.32.47:902][  0]MapCheck: Info Map check complete: 0 Error(s), 1 Warning(s), took 156.734ms to complete.
[2018.05.25-06.32.47:920][  0]LogFileHelpers: Loading map 'TopDownExampleMap' took 40.257
[2018.05.25-06.32.48:383][  0]LogCollectionManager: Loaded 0 collections in 0.003527 seconds
[2018.05.25-06.32.48:456][  0]LogFileCache: Scanning file cache for directory 'D:/sergey/UnrealProjects/Game_1337/TopDownProject/Saved/Collections/' took 0.01s
[2018.05.25-06.32.48:456][  0]LogFileCache: Scanning file cache for directory 'D:/sergey/UnrealProjects/Game_1337/TopDownProject/Content/Developers/1/Collections/' took 0.02s
[2018.05.25-06.32.48:456][  0]LogFileCache: Scanning file cache for directory 'D:/sergey/UnrealProjects/Game_1337/TopDownProject/Content/Collections/' took 0.01s
[2018.05.25-06.32.48:456][  0]LogCollectionManager: Rebuilt the GUID cache for 0 collections in 0.000005 seconds
[2018.05.25-06.32.48:492][  0]LogContentBrowser: Native class hierarchy populated in 0.0357 seconds. Added 1979 classes and 343 folders.
[2018.05.25-06.32.48:504][  0]LogStats: UGameplayTagsManager::ConstructGameplayTagTree: Construct from data asset -  0.000 s
[2018.05.25-06.32.48:504][  0]LogStats: UGameplayTagsManager::ConstructGameplayTagTree: GameplayTagTreeChangedEvent.Broadcast -  0.000 s
[2018.05.25-06.32.48:505][  0]LogContentBrowser: Native class hierarchy updated for 'GameplayTags' in 0.0010 seconds. Added 12 classes and 0 folders.
[2018.05.25-06.32.48:515][  0]LogContentBrowser: Native class hierarchy updated for 'WidgetCarousel' in 0.0017 seconds. Added 0 classes and 0 folders.
[2018.05.25-06.32.48:753][  0]LogContentBrowser: Native class hierarchy updated for 'SuperSearch' in 0.0007 seconds. Added 1 classes and 2 folders.
[2018.05.25-06.32.50:362][  0]LogContentBrowser: Native class hierarchy updated for 'AddContentDialog' in 0.0007 seconds. Added 0 classes and 0 folders.
[2018.05.25-06.32.50:392][  0]LogContentBrowser: Native class hierarchy updated for 'SceneOutliner' in 0.0007 seconds. Added 1 classes and 2 folders.
[2018.05.25-06.32.50:452][  0]LogCrashTracker: Crashtracker disabled due to settings.
[2018.05.25-06.32.50:562][  0]LogUObjectGlobals:Warning: Failed to find object 'Class None.'
[2018.05.25-06.32.50:867][  0]LogContentBrowser: Native class hierarchy updated for 'HierarchicalLODOutliner' in 0.0008 seconds. Added 1 classes and 2 folders.
[2018.05.25-06.32.50:867][  0]LogLoad: Full Startup: 100.46 seconds (BP compile: 1.25 seconds)
[2018.05.25-06.32.50:867][  0]LogExternalProfiler:Warning: No registered external profiler was matched with a command-line switch (or the DLL could not be loaded).  External profiling features will not be available.
[2018.05.25-06.32.51:297][  0]LogOcInput: OculusInput pre-init called
[2018.05.25-06.32.57:533][  0]LogContentStreaming: Texture pool size now 200 MB
[2018.05.25-06.32.59:875][  0]LogRenderer: Reallocating scene render targets to support 764x380 (Frame:2).
[2018.05.25-06.33.16:553][  1]LogFileCache: Retrieving MD5 hashes for directory 'D:/sergey/UnrealProjects/Game_1337/TopDownProject/Content/' took 24.94s
[2018.05.25-06.33.23:768][  5]LogAssetRegistry: Asset discovery search completed in 95.2951 seconds
[2018.05.25-06.33.23:768][  5]LogCollectionManager: Rebuilt the object cache for 0 collections in 0.000001 seconds (found 0 objects)
[2018.05.25-06.33.23:768][  5]LogCollectionManager: Fixed up redirectors for 0 collections in 0.000044 seconds (updated 0 objects)
[2018.05.25-06.33.24:533][  6]AssetReimport: New page: Outstanding source content changes 10:33:24 PM
[2018.05.25-06.34.23:942][352]LogRenderer: Reallocating scene render targets to support 768x392 (Frame:8).
[2018.05.25-06.34.52:840][999]Cmd: CLOSE_SLATE_MAINFRAME
[2018.05.25-06.34.52:840][999]LogActorComponent: UnregisterComponent: (/Engine/Transient.CharGoingForAction_GEN_VARIABLE) Not registered. Aborting.
[2018.05.25-06.34.52:840][999]LogActorComponent: UnregisterComponent: (/Engine/Transient.CursorOnActorText_GEN_VARIABLE) Not registered. Aborting.
[2018.05.25-06.34.53:436][  0]Cmd: QUIT_EDITOR
[2018.05.25-06.34.53:558][  0]LogExit: Preparing to exit.
[2018.05.25-06.34.54:400][  0]LogExit: Editor shut down
[2018.05.25-06.34.54:401][  0]LogExit: Transaction tracking system shut down
[2018.05.25-06.34.54:563][  0]LogObj: Freed 0b from 0 cluster array pools.
[2018.05.25-06.34.54:563][  0]LogExit: Object subsystem successfully closed.
[2018.05.25-06.34.54:577][  0]LogD3D11RHI: Shutdown
[2018.05.25-06.34.54:577][  0]LogD3D11RHI: CleanupD3DDevice
[2018.05.25-06.34.54:639][  0]LogD3D11RHI: ~FD3D11DynamicRHI
[2018.05.25-06.34.54:661][  0]LogDerivedDataCache: Shutdown
[2018.05.25-06.34.54:662][  0]LogModuleManager: Shutting down and abandoning module HierarchicalLODOutliner (204)
[2018.05.25-06.34.54:662][  0]LogModuleManager: Shutting down and abandoning module CrashTracker (203)
[2018.05.25-06.34.54:662][  0]LogModuleManager: Shutting down and abandoning module SceneOutliner (202)
[2018.05.25-06.34.54:662][  0]LogModuleManager: Shutting down and abandoning module SuperSearch (201)
[2018.05.25-06.34.54:662][  0]LogModuleManager: Shutting down and abandoning module WidgetCarousel (200)
[2018.05.25-06.34.54:662][  0]LogModuleManager: Shutting down and abandoning module AddContentDialog (199)
[2018.05.25-06.34.54:663][  0]LogModuleManager: Shutting down and abandoning module GameplayTags (198)
[2018.05.25-06.34.54:663][  0]LogModuleManager: Shutting down and abandoning module EditorWidgets (197)
[2018.05.25-06.34.54:663][  0]LogModuleManager: Shutting down and abandoning module CollectionManager (196)
[2018.05.25-06.34.54:663][  0]LogModuleManager: Shutting down and abandoning module StatsViewer (195)
[2018.05.25-06.34.54:663][  0]LogModuleManager: Shutting down and abandoning module FoliageEdit (194)
[2018.05.25-06.34.54:663][  0]LogModuleManager: Shutting down and abandoning module LandscapeEditor (193)
[2018.05.25-06.34.54:664][  0]LogModuleManager: Shutting down and abandoning module ActorPickerMode (192)
[2018.05.25-06.34.54:664][  0]LogModuleManager: Shutting down and abandoning module GeometryMode (191)
[2018.05.25-06.34.54:664][  0]LogModuleManager: Shutting down and abandoning module TextureAlignMode (190)
[2018.05.25-06.34.54:664][  0]LogModuleManager: Shutting down and abandoning module BspMode (189)
[2018.05.25-06.34.54:664][  0]LogModuleManager: Shutting down and abandoning module PlacementMode (188)
[2018.05.25-06.34.54:664][  0]LogModuleManager: Shutting down and abandoning module AutomationWorker (187)
[2018.05.25-06.34.54:664][  0]LogModuleManager: Shutting down and abandoning module CharacterAI (186)
[2018.05.25-06.34.54:664][  0]LogModuleManager: Shutting down and abandoning module SmartSnapping (185)
[2018.05.25-06.34.54:664][  0]LogModuleManager: Shutting down and abandoning module ViewportSnapping (184)
[2018.05.25-06.34.54:664][  0]LogModuleManager: Shutting down and abandoning module LogVisualizer (183)
[2018.05.25-06.34.54:664][  0]LogModuleManager: Shutting down and abandoning module GameProjectGeneration (182)
[2018.05.25-06.34.54:664][  0]LogModuleManager: Shutting down and abandoning module IntroTutorials (181)
[2018.05.25-06.34.54:664][  0]LogModuleManager: Shutting down and abandoning module EditorLiveStreaming (180)
[2018.05.25-06.34.54:664][  0]LogModuleManager: Shutting down and abandoning module IOSPlatformEditor (179)
[2018.05.25-06.34.54:664][  0]LogModuleManager: Shutting down and abandoning module HTML5PlatformEditor (178)
[2018.05.25-06.34.54:664][  0]LogModuleManager: Shutting down and abandoning module AndroidDeviceDetection (177)
[2018.05.25-06.34.54:976][  0]LogModuleManager: Shutting down and abandoning module AndroidPlatformEditor (176)
[2018.05.25-06.34.54:976][  0]LogModuleManager: Shutting down and abandoning module IOSRuntimeSettings (175)
[2018.05.25-06.34.54:976][  0]LogModuleManager: Shutting down and abandoning module AndroidRuntimeSettings (174)
[2018.05.25-06.34.54:976][  0]LogModuleManager: Shutting down and abandoning module MergeActors (173)
[2018.05.25-06.34.54:976][  0]LogModuleManager: Shutting down and abandoning module SizeMap (172)
[2018.05.25-06.34.54:976][  0]LogModuleManager: Shutting down and abandoning module TreeMap (171)
[2018.05.25-06.34.54:976][  0]LogModuleManager: Shutting down and abandoning module ReferenceViewer (170)
[2018.05.25-06.34.54:976][  0]LogModuleManager: Shutting down and abandoning module LocalizationService (169)
[2018.05.25-06.34.54:976][  0]LogModuleManager: Shutting down and abandoning module LocalizationDashboard (168)
[2018.05.25-06.34.54:976][  0]LogModuleManager: Shutting down and abandoning module HardwareTargeting (167)
[2018.05.25-06.34.54:976][  0]LogModuleManager: Shutting down and abandoning module DeviceProfileEditor (166)
[2018.05.25-06.34.54:976][  0]LogModuleManager: Shutting down and abandoning module UndoHistory (165)
[2018.05.25-06.34.54:976][  0]LogModuleManager: Shutting down and abandoning module UserFeedback (164)
[2018.05.25-06.34.54:977][  0]LogModuleManager: Shutting down and abandoning module XmlParser (163)
[2018.05.25-06.34.54:977][  0]LogModuleManager: Shutting down and abandoning module Blutility (162)
[2018.05.25-06.34.54:977][  0]LogModuleManager: Shutting down and abandoning module ProjectTargetPlatformEditor (161)
[2018.05.25-06.34.54:977][  0]LogModuleManager: Shutting down and abandoning module ProjectSettingsViewer (160)
[2018.05.25-06.34.54:977][  0]LogModuleManager: Shutting down and abandoning module InputBindingEditor (159)
[2018.05.25-06.34.54:977][  0]LogModuleManager: Shutting down and abandoning module EditorSettingsViewer (158)
[2018.05.25-06.34.54:977][  0]LogModuleManager: Shutting down and abandoning module SettingsEditor (157)
[2018.05.25-06.34.54:977][  0]LogModuleManager: Shutting down and abandoning module ProjectLauncher (156)
[2018.05.25-06.34.54:977][  0]LogModuleManager: Shutting down and abandoning module SessionFrontend (155)
[2018.05.25-06.34.54:977][  0]LogModuleManager: Shutting down and abandoning module ProfilerClient (154)
[2018.05.25-06.34.54:977][  0]LogModuleManager: Shutting down and abandoning module TargetDeviceServices (153)
[2018.05.25-06.34.54:977][  0]LogModuleManager: Shutting down and abandoning module DeviceManager (152)
[2018.05.25-06.34.55:007][  0]LogModuleManager: Shutting down and abandoning module AutomationController (151)
[2018.05.25-06.34.55:007][  0]LogModuleManager: Shutting down and abandoning module AutomationWindow (150)
[2018.05.25-06.34.55:007][  0]LogModuleManager: Shutting down and abandoning module Layers (149)
[2018.05.25-06.34.55:007][  0]LogModuleManager: Shutting down and abandoning module ComponentVisualizers (148)
[2018.05.25-06.34.55:007][  0]LogModuleManager: Shutting down and abandoning module DetailCustomizations (147)
[2018.05.25-06.34.55:007][  0]LogModuleManager: Shutting down and abandoning module PackagesDialog (146)
[2018.05.25-06.34.55:007][  0]LogModuleManager: Shutting down and abandoning module Persona (145)
[2018.05.25-06.34.55:007][  0]LogModuleManager: Shutting down and abandoning module Kismet (144)
[2018.05.25-06.34.55:007][  0]LogModuleManager: Shutting down and abandoning module GraphEditor (143)
[2018.05.25-06.34.55:007][  0]LogModuleManager: Shutting down and abandoning module ClassViewer (142)
[2018.05.25-06.34.55:007][  0]LogModuleManager: Shutting down and abandoning module Toolbox (141)
[2018.05.25-06.34.55:007][  0]LogModuleManager: Shutting down and abandoning module ModuleUI (140)
[2018.05.25-06.34.55:007][  0]LogModuleManager: Shutting down and abandoning module MovieSceneTools (139)
[2018.05.25-06.34.55:007][  0]LogModuleManager: Shutting down and abandoning module OutputLog (138)
[2018.05.25-06.34.55:007][  0]LogModuleManager: Shutting down and abandoning module GammaUI (137)
[2018.05.25-06.34.55:007][  0]LogModuleManager: Shutting down and abandoning module Documentation (136)
[2018.05.25-06.34.55:007][  0]LogModuleManager: Shutting down and abandoning module StreamingPauseRendering (135)
[2018.05.25-06.34.55:007][  0]LogModuleManager: Shutting down and abandoning module AnalyticsET (134)
[2018.05.25-06.34.55:007][  0]LogModuleManager: Shutting down and abandoning module Analytics (133)
[2018.05.25-06.34.55:007][  0]LogModuleManager: Shutting down and abandoning module PortalServices (132)
[2018.05.25-06.34.55:007][  0]LogModuleManager: Shutting down and abandoning module PortalRpc (131)
[2018.05.25-06.34.55:007][  0]LogModuleManager: Shutting down and abandoning module MessagingRpc (130)
[2018.05.25-06.34.55:007][  0]LogModuleManager: Shutting down and abandoning module AITestSuite (129)
[2018.05.25-06.34.55:007][  0]LogModuleManager: Shutting down and abandoning module GameplayDebugger (128)
[2018.05.25-06.34.55:007][  0]LogModuleManager: Shutting down and abandoning module AIModule (127)
[2018.05.25-06.34.55:007][  0]LogModuleManager: Shutting down and abandoning module ProfilerService (126)
[2018.05.25-06.34.55:142][  0]LogModuleManager: Shutting down and abandoning module TaskGraph (125)
[2018.05.25-06.34.55:142][  0]LogModuleManager: Shutting down and abandoning module SlateRemote (124)
[2018.05.25-06.34.55:143][  0]LogModuleManager: Shutting down and abandoning module SteamVRController (123)
[2018.05.25-06.34.55:143][  0]LogModuleManager: Shutting down and abandoning module SteamVR (122)
[2018.05.25-06.34.55:143][  0]LogModuleManager: Shutting down and abandoning module ProceduralMeshComponent (121)
[2018.05.25-06.34.55:143][  0]LogModuleManager: Shutting down and abandoning module OculusLibrary (120)
[2018.05.25-06.34.55:143][  0]LogModuleManager: Shutting down and abandoning module OculusInput (119)
[2018.05.25-06.34.55:143][  0]LogModuleManager: Shutting down and abandoning module CustomMeshComponent (118)
[2018.05.25-06.34.55:143][  0]LogModuleManager: Shutting down and abandoning module CableComponent (117)
[2018.05.25-06.34.55:143][  0]LogModuleManager: Shutting down and abandoning module ArchVisCharacter (116)
[2018.05.25-06.34.55:143][  0]LogModuleManager: Shutting down and abandoning module MediaPlayerEditor (115)
[2018.05.25-06.34.55:143][  0]LogModuleManager: Shutting down and abandoning module HTML5Networking (114)
[2018.05.25-06.34.55:143][  0]LogModuleManager: Shutting down and abandoning module SpeedTreeImporter (113)
[2018.05.25-06.34.55:143][  0]LogModuleManager: Shutting down and abandoning module PluginBrowser (112)
[2018.05.25-06.34.55:143][  0]LogModuleManager: Shutting down and abandoning module EpicSurvey (111)
[2018.05.25-06.34.55:143][  0]LogModuleManager: Shutting down and abandoning module DesktopPlatform (110)
[2018.05.25-06.34.55:143][  0]LogModuleManager: Shutting down and abandoning module VisualStudioSourceCodeAccess (109)
[2018.05.25-06.34.55:143][  0]LogModuleManager: Shutting down and abandoning module UObjectPlugin (108)
[2018.05.25-06.34.55:143][  0]LogModuleManager: Shutting down and abandoning module SubversionSourceControl (107)
[2018.05.25-06.34.55:143][  0]LogModuleManager: Shutting down and abandoning module PerforceSourceControl (106)
[2018.05.25-06.34.55:143][  0]LogModuleManager: Shutting down and abandoning module SourceControl (105)
[2018.05.25-06.34.55:143][  0]LogModuleManager: Shutting down and abandoning module GitSourceControl (104)
[2018.05.25-06.34.55:143][  0]LogModuleManager: Shutting down and abandoning module LightPropagationVolumeEditor (103)
[2018.05.25-06.34.55:143][  0]LogModuleManager: Shutting down and abandoning module PaperTiledImporter (102)
[2018.05.25-06.34.55:144][  0]LogModuleManager: Shutting down and abandoning module PaperSpriteSheetImporter (101)
[2018.05.25-06.34.55:144][  0]LogModuleManager: Shutting down and abandoning module MeshPaint (100)
[2018.05.25-06.34.55:144][  0]LogModuleManager: Shutting down and abandoning module HotReload (99)
[2018.05.25-06.34.55:144][  0]LogModuleManager: Shutting down and abandoning module MainFrame (98)
[2018.05.25-06.34.55:144][  0]LogModuleManager: Shutting down and abandoning module LevelEditor (97)
[2018.05.25-06.34.55:145][  0]LogModuleManager: Shutting down and abandoning module DirectoryWatcher (96)
[2018.05.25-06.34.55:146][  0]LogModuleManager: Shutting down and abandoning module AssetRegistry (95)
[2018.05.25-06.34.55:329][  0]LogModuleManager: Shutting down and abandoning module ContentBrowser (94)
[2018.05.25-06.34.55:331][  0]LogModuleManager: Shutting down and abandoning module Paper2DEditor (93)
[2018.05.25-06.34.55:331][  0]LogModuleManager: Shutting down and abandoning module UdpMessaging (92)
[2018.05.25-06.34.55:431][  0]LogModuleManager: Shutting down and abandoning module LightPropagationVolumeRuntime (91)
[2018.05.25-06.34.55:431][  0]LogModuleManager: Shutting down and abandoning module Paper2D (90)
[2018.05.25-06.34.55:431][  0]LogModuleManager: Shutting down and abandoning module WindowsMoviePlayer (89)
[2018.05.25-06.34.55:431][  0]LogModuleManager: Shutting down and abandoning module Media (88)
[2018.05.25-06.34.55:431][  0]LogModuleManager: Shutting down and abandoning module WmfMedia (87)
[2018.05.25-06.34.55:432][  0]LogModuleManager: Shutting down and abandoning module MediaAssets (86)
[2018.05.25-06.34.55:432][  0]LogModuleManager: Shutting down and abandoning module GameLiveStreaming (85)
[2018.05.25-06.34.55:432][  0]LogModuleManager: Shutting down and abandoning module GameplayTagsEditor (84)
[2018.05.25-06.34.55:432][  0]LogModuleManager: Shutting down and abandoning module OnlineBlueprintSupport (83)
[2018.05.25-06.34.55:432][  0]LogModuleManager: Shutting down and abandoning module GameplayTasksEditor (82)
[2018.05.25-06.34.55:432][  0]LogModuleManager: Shutting down and abandoning module PropertyEditor (81)
[2018.05.25-06.34.55:432][  0]LogModuleManager: Shutting down and abandoning module BehaviorTreeEditor (80)
[2018.05.25-06.34.55:432][  0]LogModuleManager: Shutting down and abandoning module FunctionalTesting (79)
[2018.05.25-06.34.55:432][  0]LogModuleManager: Shutting down and abandoning module CollisionAnalyzer (78)
[2018.05.25-06.34.55:432][  0]LogModuleManager: Shutting down and abandoning module WorkspaceMenuStructure (77)
[2018.05.25-06.34.55:432][  0]LogModuleManager: Shutting down and abandoning module MessageLog (76)
[2018.05.25-06.34.55:432][  0]LogModuleManager: Shutting down and abandoning module Sequencer (75)
[2018.05.25-06.34.55:432][  0]LogModuleManager: Shutting down and abandoning module AssetTools (74)
[2018.05.25-06.34.55:432][  0]LogModuleManager: Shutting down and abandoning module UMGEditor (73)
[2018.05.25-06.34.55:432][  0]LogModuleManager: Shutting down and abandoning module UMG (72)
[2018.05.25-06.34.55:432][  0]LogModuleManager: Shutting down and abandoning module SlateReflector (71)
[2018.05.25-06.34.55:432][  0]LogModuleManager: Shutting down and abandoning module Slate (70)
[2018.05.25-06.34.55:432][  0]LogModuleManager: Shutting down and abandoning module EditorStyle (69)
[2018.05.25-06.34.55:434][  0]LogModuleManager: Shutting down and abandoning module SessionServices (68)
[2018.05.25-06.34.55:434][  0]LogModuleManager: Shutting down and abandoning module SourceCodeAccess (67)
[2018.05.25-06.34.55:434][  0]LogModuleManager: Shutting down and abandoning module HeadMountedDisplay (66)
[2018.05.25-06.34.55:434][  0]LogModuleManager: Shutting down and abandoning module XAudio2 (65)
[2018.05.25-06.34.55:434][  0]LogModuleManager: Shutting down and abandoning module Networking (63)
[2018.05.25-06.34.55:434][  0]LogModuleManager: Shutting down and abandoning module Core (62)
[2018.05.25-06.34.55:434][  0]LogModuleManager: Shutting down and abandoning module KismetCompiler (61)
[2018.05.25-06.34.55:434][  0]LogModuleManager: Shutting down and abandoning module PhysXFormats (60)
[2018.05.25-06.34.55:434][  0]LogModuleManager: Shutting down and abandoning module MeshUtilities (59)
[2018.05.25-06.34.55:434][  0]LogModuleManager: Shutting down and abandoning module CookingStats (58)
[2018.05.25-06.34.55:434][  0]LogModuleManager: Shutting down and abandoning module DerivedDataCache (57)
[2018.05.25-06.34.55:434][  0]LogDerivedDataCache: Shutdown
[2018.05.25-06.34.55:434][  0]LogModuleManager: Shutting down and abandoning module ShaderFormatOpenGL (56)
[2018.05.25-06.34.55:434][  0]LogModuleManager: Shutting down and abandoning module ShaderFormatD3D (55)
[2018.05.25-06.34.55:434][  0]LogModuleManager: Shutting down and abandoning module MetalShaderFormat (54)
[2018.05.25-06.34.55:434][  0]LogModuleManager: Shutting down and abandoning module TextureFormatUncompressed (53)
[2018.05.25-06.34.55:434][  0]LogModuleManager: Shutting down and abandoning module TextureFormatPVR (52)
[2018.05.25-06.34.55:435][  0]LogModuleManager: Shutting down and abandoning module TextureFormatIntelISPCTexComp (51)
[2018.05.25-06.34.55:435][  0]LogModuleManager: Shutting down and abandoning module TextureFormatDXT (50)
[2018.05.25-06.34.55:435][  0]LogModuleManager: Shutting down and abandoning module ImageWrapper (49)
[2018.05.25-06.34.55:435][  0]LogModuleManager: Shutting down and abandoning module TextureFormatASTC (48)
[2018.05.25-06.34.55:435][  0]LogModuleManager: Shutting down and abandoning module TextureFormatAndroid (47)
[2018.05.25-06.34.55:435][  0]LogModuleManager: Shutting down and abandoning module AudioFormatOpus (46)
[2018.05.25-06.34.55:435][  0]LogModuleManager: Shutting down and abandoning module AudioFormatOgg (45)
[2018.05.25-06.34.55:435][  0]LogModuleManager: Shutting down and abandoning module AudioFormatADPCM (44)
[2018.05.25-06.34.55:435][  0]LogModuleManager: Shutting down and abandoning module LinuxTargetPlatform (43)
[2018.05.25-06.34.55:435][  0]LogModuleManager: Shutting down and abandoning module LinuxServerTargetPlatform (42)
[2018.05.25-06.34.55:435][  0]LogModuleManager: Shutting down and abandoning module LinuxNoEditorTargetPlatform (41)
[2018.05.25-06.34.55:435][  0]LogModuleManager: Shutting down and abandoning module TVOSTargetPlatform (40)
[2018.05.25-06.34.55:435][  0]LogModuleManager: Shutting down and abandoning module Messaging (39)
[2018.05.25-06.34.55:435][  0]LogModuleManager: Shutting down and abandoning module IOSTargetPlatform (38)
[2018.05.25-06.34.55:435][  0]LogModuleManager: Shutting down and abandoning module HTML5TargetPlatform (37)
[2018.05.25-06.34.55:435][  0]LogModuleManager: Shutting down and abandoning module Android_PVRTCTargetPlatform (36)
[2018.05.25-06.34.55:435][  0]LogModuleManager: Shutting down and abandoning module Android_MultiTargetPlatform (35)
[2018.05.25-06.34.55:435][  0]LogModuleManager: Shutting down and abandoning module Android_ETC2TargetPlatform (34)
[2018.05.25-06.34.55:435][  0]LogModuleManager: Shutting down and abandoning module Android_ETC1TargetPlatform (33)
[2018.05.25-06.34.55:435][  0]LogModuleManager: Shutting down and abandoning module Android_DXTTargetPlatform (32)
[2018.05.25-06.34.55:435][  0]LogModuleManager: Shutting down and abandoning module Android_ATCTargetPlatform (31)
[2018.05.25-06.34.55:435][  0]LogModuleManager: Shutting down and abandoning module Android_ASTCTargetPlatform (30)
[2018.05.25-06.34.55:435][  0]LogModuleManager: Shutting down and abandoning module AndroidTargetPlatform (29)
[2018.05.25-06.34.55:435][  0]LogModuleManager: Shutting down and abandoning module WindowsTargetPlatform (28)
[2018.05.25-06.34.55:435][  0]LogModuleManager: Shutting down and abandoning module WindowsServerTargetPlatform (27)
[2018.05.25-06.34.55:435][  0]LogModuleManager: Shutting down and abandoning module WindowsNoEditorTargetPlatform (26)
[2018.05.25-06.34.55:435][  0]LogModuleManager: Shutting down and abandoning module WindowsClientTargetPlatform (25)
[2018.05.25-06.34.55:435][  0]LogModuleManager: Shutting down and abandoning module AllDesktopTargetPlatform (24)
[2018.05.25-06.34.55:435][  0]LogModuleManager: Shutting down and abandoning module TargetPlatform (23)
[2018.05.25-06.34.55:435][  0]LogModuleManager: Shutting down and abandoning module InputCore (22)
[2018.05.25-06.34.55:435][  0]LogModuleManager: Shutting down and abandoning module Settings (21)
[2018.05.25-06.34.55:435][  0]LogModuleManager: Shutting down and abandoning module OnlineSubsystem (19)
[2018.05.25-06.34.55:435][  0]LogModuleManager: Shutting down and abandoning module HTTP (18)
[2018.05.25-06.34.57:436][  0]LogModuleManager: Shutting down and abandoning module XMPP (17)
[2018.05.25-06.34.57:436][  0]LogModuleManager: Shutting down and abandoning module OculusRift (16)
[2018.05.25-06.34.57:436][  0]LogModuleManager: Shutting down and abandoning module ExampleDeviceProfileSelector (15)
[2018.05.25-06.34.57:436][  0]LogModuleManager: Shutting down and abandoning module TextureCompressor (14)
[2018.05.25-06.34.57:436][  0]LogModuleManager: Shutting down and abandoning module ShaderCore (13)
[2018.05.25-06.34.57:436][  0]LogModuleManager: Shutting down and abandoning module Landscape (12)
[2018.05.25-06.34.57:436][  0]LogModuleManager: Shutting down and abandoning module SlateRHIRenderer (11)
[2018.05.25-06.34.57:437][  0]LogModuleManager: Shutting down and abandoning module OpenGLDrv (10)
[2018.05.25-06.34.57:438][  0]LogModuleManager: Shutting down and abandoning module D3D11RHI (9)
[2018.05.25-06.34.57:438][  0]LogModuleManager: Shutting down and abandoning module AnimGraphRuntime (8)
[2018.05.25-06.34.57:438][  0]LogModuleManager: Shutting down and abandoning module Renderer (7)
[2018.05.25-06.34.57:438][  0]LogModuleManager: Shutting down and abandoning module Engine (6)
[2018.05.25-06.34.57:438][  0]LogModuleManager: Shutting down and abandoning module CoreUObject (5)
[2018.05.25-06.34.57:438][  0]LogModuleManager: Shutting down and abandoning module NetworkFile (4)
[2018.05.25-06.34.57:438][  0]LogModuleManager: Shutting down and abandoning module StreamingFile (3)
[2018.05.25-06.34.57:438][  0]LogModuleManager: Shutting down and abandoning module SandboxFile (2)
[2018.05.25-06.34.57:438][  0]LogModuleManager: Shutting down and abandoning module PakFile (1)
[2018.05.25-06.34.57:439][  0]LogExit: Exiting.
[2018.05.25-06.34.57:441][  0]Log file closed, 05/25/18 14:34:57
