Log file open, 05/27/18 16:52:56
LogInit:Display: Running engine for game: TopDownProject
LogPlatformFile: Not using cached read wrapper
LogInit:Display: RandInit(1262938388) SRandInit(1262938389).
LogTaskGraph: Started task graph with 4 named threads and 5 total threads.
LogStats: Stats thread started at 0.052290
LogInit: Version: 4.11.2-2946394+++UE4+Release-4.11
LogInit: API Version: 2927265
LogInit: Compiled (64-bit): Apr 18 2016 02:18:46
LogInit: Compiled with Visual C++: 19.00.23026.00
LogInit: Build Configuration: Development
LogInit: Branch Name: ++UE4+Release-4.11
LogInit: Command line:  
LogInit: Base directory: D:/UE_4.11/Engine/Binaries/Win64/
LogInit: Installed Engine Build: 1
LogInit: Using libcurl 7.41.0
LogInit:  - built for x86_64-pc-win32
LogInit:  - supports SSL with WinSSL
LogInit:  - other features:
LogInit:      CURL_VERSION_SSL
LogInit:      CURL_VERSION_IPV6
LogInit:      CURL_VERSION_ASYNCHDNS
LogInit:      CURL_VERSION_LARGEFILE
LogInit:      CURL_VERSION_IDN
LogInit:  CurlRequestOptions (configurable via config and command line):
LogInit:  - bVerifyPeer = true  - Libcurl will verify peer certificate
LogInit:  - bUseHttpProxy = false  - Libcurl will NOT use HTTP proxy
LogInit:  - bDontReuseConnections = false  - Libcurl will reuse connections
LogInit:  - CertBundlePath = nullptr  - Libcurl will use whatever was configured at build time.
LogInit: Presizing for max 16777216 objects, including 0 objects not considered by GC, pre-allocating 0 bytes for permanent pool.
LogInit: Object subsystem initialized
[2018.05.27-08.52.56:941][  0]LogInit: Selected Device Profile: [Windows]
[2018.05.27-08.52.56:941][  0]LogInit: Applying CVar settings loaded from the selected device profile: [Windows]
[2018.05.27-08.52.56:974][  0]LogInit: Computer: 1-ПК
[2018.05.27-08.52.56:974][  0]LogInit: User: 1
[2018.05.27-08.52.56:974][  0]LogInit: CPU Page size=65536, Cores=2
[2018.05.27-08.52.56:975][  0]LogInit: High frequency timer resolution =2.338505 MHz
[2018.05.27-08.52.56:975][  0]LogMemory: Memory total: Physical=3.9GB (4GB approx)
[2018.05.27-08.52.56:975][  0]LogMemory: Platform Memory Stats for Windows
[2018.05.27-08.52.56:975][  0]LogMemory: Process Physical Memory: 314.40 MB used, 314.40 MB peak
[2018.05.27-08.52.56:975][  0]LogMemory: Process Virtual Memory: 314.85 MB used, 314.85 MB peak
[2018.05.27-08.52.56:975][  0]LogMemory: Physical Memory: 2487.58 MB used, 4010.14 MB total
[2018.05.27-08.52.56:975][  0]LogMemory: Virtual Memory: 620.87 MB used, 8388608.00 MB total
[2018.05.27-08.52.57:058][  0]LogTextLocalizationManager: No translations for ('ru-RU') exist, falling back to 'en' for localization and internationalization data.
[2018.05.27-08.52.59:268][  0]LogD3D11RHI: D3D11 adapters:
[2018.05.27-08.52.59:476][  0]LogD3D11RHI:    0. 'NVIDIA GeForce 410M' (Feature Level 11_0)
[2018.05.27-08.52.59:476][  0]LogD3D11RHI:       979MB of dedicated video memory, 0MB of dedicated system memory, and 1749MB of shared system memory, 1 output[s]
[2018.05.27-08.52.59:509][  0]LogD3D11RHI:    1. 'NVIDIA GeForce 410M' (Feature Level 11_0)
[2018.05.27-08.52.59:509][  0]LogD3D11RHI:       979MB of dedicated video memory, 0MB of dedicated system memory, and 1749MB of shared system memory, 0 output[s]
[2018.05.27-08.52.59:509][  0]LogD3D11RHI: Chosen D3D11 Adapter: 0
[2018.05.27-08.52.59:519][  0]LogD3D11RHI: Creating new Direct3DDevice
[2018.05.27-08.52.59:520][  0]LogD3D11RHI:     Adapter Name: Intel(R) HD Graphics 3000
[2018.05.27-08.52.59:520][  0]LogD3D11RHI:   Driver Version: Unknown (internal Unknown)
[2018.05.27-08.52.59:520][  0]LogD3D11RHI:      Driver Date: Unknown
[2018.05.27-08.52.59:520][  0]LogRHI: Texture pool is 1297 MB (70% of 1854 MB)
[2018.05.27-08.52.59:546][  0]LogD3D11RHI: Async texture creation enabled
[2018.05.27-08.52.59:572][  0]LogShaderCompilers: Guid format shader working directory is -16 characters bigger than the processId version (../../../../sergey/UnrealProjects/Game_1337/TopDownProject/Intermediate/Shaders/WorkingDirectory/6300/).
[2018.05.27-08.52.59:572][  0]LogShaderCompilers: Cleaned the shader compiler working directory 'C:/Users/1/AppData/Local/Temp/UnrealShaderWorkingDir/E4392B694E5BBD9CAE2F79AE8E8B9DA9/'.
[2018.05.27-08.52.59:572][  0]LogShaderCompilers:Display: Using Local Shader Compiler.
[2018.05.27-08.53.06:271][  0]LogTemp:Display: Loaded TP AllDesktopTargetPlatform
[2018.05.27-08.53.06:317][  0]LogTemp:Display: Loaded TP WindowsClientTargetPlatform
[2018.05.27-08.53.06:364][  0]LogTemp:Display: Loaded TP WindowsNoEditorTargetPlatform
[2018.05.27-08.53.06:402][  0]LogTemp:Display: Loaded TP WindowsServerTargetPlatform
[2018.05.27-08.53.06:481][  0]LogTemp:Display: Loaded TP WindowsTargetPlatform
[2018.05.27-08.53.06:505][  0]LogTemp:Display: Loaded TP AndroidTargetPlatform
[2018.05.27-08.53.06:532][  0]LogTemp:Display: Loaded TP Android_ASTCTargetPlatform
[2018.05.27-08.53.06:581][  0]LogTemp:Display: Loaded TP Android_ATCTargetPlatform
[2018.05.27-08.53.06:617][  0]LogTemp:Display: Loaded TP Android_DXTTargetPlatform
[2018.05.27-08.53.06:651][  0]LogTemp:Display: Loaded TP Android_ETC1TargetPlatform
[2018.05.27-08.53.06:685][  0]LogTemp:Display: Loaded TP Android_ETC2TargetPlatform
[2018.05.27-08.53.06:775][  0]LogTemp:Display: Loaded TP Android_MultiTargetPlatform
[2018.05.27-08.53.06:775][  0]LogTemp:Display: Loaded TP Android_PVRTCTargetPlatform
[2018.05.27-08.53.07:115][  0]LogTemp:Display: Loaded TP HTML5TargetPlatform
[2018.05.27-08.53.07:617][  0]LogTemp:Display: Loaded TP IOSTargetPlatform
[2018.05.27-08.53.07:622][  0]LogTemp:Display: Loaded TP TVOSTargetPlatform
[2018.05.27-08.53.07:671][  0]LogTemp:Display: Loaded TP LinuxNoEditorTargetPlatform
[2018.05.27-08.53.07:693][  0]LogTemp:Display: Loaded TP LinuxServerTargetPlatform
[2018.05.27-08.53.07:852][  0]LogTemp:Display: Loaded TP LinuxTargetPlatform
[2018.05.27-08.53.07:852][  0]LogTargetPlatformManager:Display: Building Assets For Windows
[2018.05.27-08.53.08:521][  0]LogDerivedDataCache:Display: Max Cache Size: 512 MB
[2018.05.27-08.53.09:670][  0]LogDerivedDataCache: Loaded boot cache 1.15s 66MB C:/Users/1/AppData/Local/UnrealEngine/4.11/DerivedDataCache/Boot.ddc.
[2018.05.27-08.53.09:670][  0]LogDerivedDataCache:Display: Loaded Boot cache: C:/Users/1/AppData/Local/UnrealEngine/4.11/DerivedDataCache/Boot.ddc
[2018.05.27-08.53.09:670][  0]LogDerivedDataCache: FDerivedDataBackendGraph:  Pak pak cache file ../../../../sergey/UnrealProjects/Game_1337/TopDownProject/DerivedDataCache/DDC.ddp not found, will not use a pak cache.
[2018.05.27-08.53.09:670][  0]LogDerivedDataCache: Unable to find inner node Pak for hierarchical cache Hierarchy.
[2018.05.27-08.53.09:670][  0]LogDerivedDataCache: FDerivedDataBackendGraph:  CompressedPak pak cache file ../../../../sergey/UnrealProjects/Game_1337/TopDownProject/DerivedDataCache/Compressed.ddp not found, will not use a pak cache.
[2018.05.27-08.53.09:670][  0]LogDerivedDataCache: Unable to find inner node CompressedPak for hierarchical cache Hierarchy.
[2018.05.27-08.53.09:698][  0]LogDerivedDataCache:Display: Pak cache opened for reading ../../../Engine/DerivedDataCache/Compressed.ddp.
[2018.05.27-08.53.09:710][  0]LogDerivedDataCache: Using Local data cache path C:/Users/1/AppData/Local/UnrealEngine/Common/DerivedDataCache: Writable
[2018.05.27-08.53.20:047][  0]LogInit: Selected Device Profile: [Windows]
[2018.05.27-08.53.20:048][  0]LogContentStreaming: Texture pool size is 0.00 MB
[2018.05.27-08.53.20:096][  0]LogMaterial: Uniform references updated for custom material expression Custom.
[2018.05.27-08.53.21:038][  0]LogMeshUtilities: No automatic mesh reduction module available
[2018.05.27-08.53.21:038][  0]LogMeshUtilities: No automatic mesh merging module available
[2018.05.27-08.53.21:038][  0]LogMeshUtilities: No distributed automatic mesh merging module available
[2018.05.27-08.53.22:337][  0]LogUObjectArray: 27679 objects as part of root set at end of initial load.
[2018.05.27-08.53.22:337][  0]LogUObjectAllocator: 5591592 out of 0 bytes used by permanent object pool.
[2018.05.27-08.53.22:337][  0]LogUObjectArray: CloseDisregardForGC: 0/0 objects in disregard for GC pool
[2018.05.27-08.53.22:356][  0]LogInit: WinSock: version 1.1 (2.2), MaxSocks=32767, MaxUdp=65467
[2018.05.27-08.53.23:635][  0]LogSlate: SlateFontCache - WITH_FREETYPE: 1, WITH_HARFBUZZ: 1
[2018.05.27-08.53.23:635][  0]LogSlate: SlateFontCache - WITH_FREETYPE: 1, WITH_HARFBUZZ: 1
[2018.05.27-08.53.26:495][  0]LogStreaming:Warning: Failed to read file '../../../Engine/Content/Editor/Slate/Common/Selection_16x.png' error.
[2018.05.27-08.53.26:495][  0]LogSlate: Could not find file for Slate resource: ../../../Engine/Content/Editor/Slate/Common/Selection_16x.png
[2018.05.27-08.53.26:495][  0]LogStreaming:Warning: Failed to read file '../../../Engine/Content/Editor/Slate/Common/Selection_16x.png' error.
[2018.05.27-08.53.26:495][  0]LogSlate: Could not find file for Slate resource: ../../../Engine/Content/Editor/Slate/Common/Selection_16x.png
[2018.05.27-08.53.26:495][  0]LogStreaming:Warning: Failed to read file '../../../Engine/Content/Editor/Slate/Common/Selection_16x.png' error.
[2018.05.27-08.53.26:495][  0]LogSlate: Could not find file for Slate resource: ../../../Engine/Content/Editor/Slate/Common/Selection_16x.png
[2018.05.27-08.53.37:251][  0]LogUdpMessaging: Initializing bridge on interface 0.0.0.0:0 to multicast group 230.0.0.1:6666.
[2018.05.27-08.53.37:866][  0]LogAssetRegistry: FAssetRegistry took 0.0198 seconds to start up
[2018.05.27-08.53.39:372][  0]SourceControl: Info Source control is disabled
[2018.05.27-08.53.39:373][  0]SourceControl: Info Source control is disabled
[2018.05.27-08.53.39:747][  0]SourceControl: Info Source control is disabled
[2018.05.27-08.53.39:952][  0]SourceControl: Info Source control is disabled
[2018.05.27-08.53.41:444][  0]LogHMD: Failed to initialize OpenVR with code 110
[2018.05.27-08.53.41:927][  0]LogEngine: Initializing Engine...
[2018.05.27-08.53.42:564][  0]LogAIModule: Creating AISystem for world NewWorld
[2018.05.27-08.53.42:591][  0]LogInit: XAudio2 using 'Динамики (Устройство с поддержкой High Definition Audio)' : 2 channels at 44.1 kHz using 16 bits per sample (channel mask 0x3)
[2018.05.27-08.53.42:609][  0]LogInit: FAudioDevice initialized.
[2018.05.27-08.53.42:706][  0]LogDerivedDataCache: Saved boot cache 0.10s 46MB C:/Users/1/AppData/Local/UnrealEngine/4.11/DerivedDataCache/Boot.ddc.
[2018.05.27-08.53.42:716][  0]LogInit: Texture streaming: Enabled
[2018.05.27-08.53.42:882][  0]LogInit: Transaction tracking system initialized
[2018.05.27-08.53.43:576][  0]BlueprintLog: New page: Editor Load
[2018.05.27-08.53.45:042][  0]LocalizationService: Info Localization service is disabled
[2018.05.27-08.53.46:058][  0]LogConsoleResponse:Display: 
[2018.05.27-08.53.48:761][  0]LogCook:Display: Max memory allowance for cook 8192mb
[2018.05.27-08.53.48:761][  0]LogCook:Display: Mobile HDR setting 1
[2018.05.27-08.53.48:761][  0]LogCook:Display: Done creating registry. It took  0.00s.
[2018.05.27-08.53.50:895][  0]LogFileCache: Scanning file cache for directory 'D:/sergey/UnrealProjects/Game_1337/TopDownProject/Content/' took 0.03s
[2018.05.27-08.53.50:986][  0]SourceControl: Info Source control is disabled
[2018.05.27-08.53.50:986][  0]Cmd: MAP LOAD FILE="../../../../sergey/UnrealProjects/Game_1337/TopDownProject/Content/TopDownBP/Maps/LowPolyMap.umap" TEMPLATE=0 SHOWPROGRESS=1 FEATURELEVEL=3
[2018.05.27-08.53.50:987][  0]LightingResults: New page: Lighting Build
[2018.05.27-08.53.50:991][  0]MapCheck: New page: Map Check
[2018.05.27-08.53.50:991][  0]LightingResults: New page: Lighting Build
[2018.05.27-08.53.51:544][  0]LogMaterial: Uniform references updated for custom material expression TemporalAA SampleID.
[2018.05.27-08.53.51:544][  0]LogMaterial: Uniform references updated for custom material expression Custom.
[2018.05.27-08.53.52:450][  0]LogAIModule: Creating AISystem for world LowPolyMap
[2018.05.27-08.53.52:585][  0]LogMaterial:Warning: Material /Game/LowPolyModels/Materials/Green_3.Green_3 needed to have new flag set bUsedWithInstancedStaticMeshes !
[2018.05.27-08.53.52:641][  0]LogMaterial: Missing cached shader map for material Green_3, compiling. 
[2018.05.27-08.53.52:702][  0]MapCheck:Warning: Warning Green_3 Material /Game/LowPolyModels/Materials/Green_3.Green_3 was missing the usage flag bUsedWithInstancedStaticMeshes. If the material asset is not re-saved, it may not render correctly when run outside the editor. Fix
[2018.05.27-08.53.52:721][  0]LogMaterial: 0.00 seconds spent updating 1 materials, 1 interfaces, 0 instances, 0 with static permutations.
[2018.05.27-08.53.52:734][  0]LogEditorServer: Finished looking for orphan Actors (0.000 secs)
[2018.05.27-08.53.52:736][  0]Cmd: MAP CHECKDEP NOCLEARLOG
[2018.05.27-08.53.52:824][  0]MapCheck: Info Map check complete: 0 Error(s), 1 Warning(s), took 87.808ms to complete.
[2018.05.27-08.53.52:864][  0]LogFileHelpers: Loading map 'LowPolyMap' took 1.877
[2018.05.27-08.53.53:307][  0]LogCollectionManager: Loaded 0 collections in 0.004889 seconds
[2018.05.27-08.53.53:346][  0]LogFileCache: Scanning file cache for directory 'D:/sergey/UnrealProjects/Game_1337/TopDownProject/Saved/Collections/' took 0.01s
[2018.05.27-08.53.53:346][  0]LogFileCache: Scanning file cache for directory 'D:/sergey/UnrealProjects/Game_1337/TopDownProject/Content/Developers/1/Collections/' took 0.00s
[2018.05.27-08.53.53:346][  0]LogFileCache: Scanning file cache for directory 'D:/sergey/UnrealProjects/Game_1337/TopDownProject/Content/Collections/' took 0.00s
[2018.05.27-08.53.53:346][  0]LogCollectionManager: Rebuilt the GUID cache for 0 collections in 0.000004 seconds
[2018.05.27-08.53.53:369][  0]LogContentBrowser: Native class hierarchy populated in 0.0228 seconds. Added 1979 classes and 343 folders.
[2018.05.27-08.53.53:381][  0]LogStats: UGameplayTagsManager::ConstructGameplayTagTree: Construct from data asset -  0.000 s
[2018.05.27-08.53.53:381][  0]LogStats: UGameplayTagsManager::ConstructGameplayTagTree: GameplayTagTreeChangedEvent.Broadcast -  0.000 s
[2018.05.27-08.53.53:382][  0]LogContentBrowser: Native class hierarchy updated for 'GameplayTags' in 0.0009 seconds. Added 12 classes and 0 folders.
[2018.05.27-08.53.53:397][  0]LogContentBrowser: Native class hierarchy updated for 'WidgetCarousel' in 0.0007 seconds. Added 0 classes and 0 folders.
[2018.05.27-08.53.53:512][  0]LogContentBrowser: Native class hierarchy updated for 'SuperSearch' in 0.0008 seconds. Added 1 classes and 2 folders.
[2018.05.27-08.53.59:174][  0]LogContentBrowser: Native class hierarchy updated for 'AddContentDialog' in 0.0008 seconds. Added 0 classes and 0 folders.
[2018.05.27-08.53.59:315][  0]LogContentBrowser: Native class hierarchy updated for 'SceneOutliner' in 0.0009 seconds. Added 1 classes and 2 folders.
[2018.05.27-08.53.59:827][  0]LogCrashTracker: Crashtracker disabled due to settings.
[2018.05.27-08.53.59:869][  0]LogUObjectGlobals:Warning: Failed to find object 'Class None.'
[2018.05.27-08.54.00:085][  0]LogContentBrowser: Native class hierarchy updated for 'HierarchicalLODOutliner' in 0.0008 seconds. Added 1 classes and 2 folders.
[2018.05.27-08.54.00:086][  0]LogLoad: Full Startup: 64.03 seconds (BP compile: 0.29 seconds)
[2018.05.27-08.54.00:086][  0]LogExternalProfiler:Warning: No registered external profiler was matched with a command-line switch (or the DLL could not be loaded).  External profiling features will not be available.
[2018.05.27-08.54.00:555][  0]LogOcInput: OculusInput pre-init called
[2018.05.27-08.54.01:861][  0]LogContentStreaming: Texture pool size now 200 MB
[2018.05.27-08.54.02:915][  0]LogRenderer: Reallocating scene render targets to support 780x392 (Frame:2).
[2018.05.27-08.54.04:229][  4]LogAssetRegistry: Asset discovery search completed in 26.3820 seconds
[2018.05.27-08.54.04:229][  4]LogCollectionManager: Rebuilt the object cache for 0 collections in 0.000001 seconds (found 0 objects)
[2018.05.27-08.54.04:229][  4]LogCollectionManager: Fixed up redirectors for 0 collections in 0.000046 seconds (updated 0 objects)
[2018.05.27-08.59.30:963][634]LogLinker:Warning: Asset '../../../../sergey/UnrealProjects/Game_1337/TopDownProject/Content/Mannequin/Animations/ThirdPerson_AnimBP.uasset' has been saved with empty engine version. The asset will be loaded but may be incompatible.
[2018.05.27-08.59.30:966][634]LogLinker:Warning: Asset '../../../../sergey/UnrealProjects/Game_1337/TopDownProject/Content/Mannequin/Animations/ThirdPerson_Jump.uasset' has been saved with empty engine version. The asset will be loaded but may be incompatible.
[2018.05.27-08.59.30:969][634]LogLinker:Warning: Asset '../../../../sergey/UnrealProjects/Game_1337/TopDownProject/Content/Mannequin/Animations/ThirdPersonJump_Loop.uasset' has been saved with empty engine version. The asset will be loaded but may be incompatible.
[2018.05.27-08.59.30:971][634]LogLinker:Warning: Asset '../../../../sergey/UnrealProjects/Game_1337/TopDownProject/Content/Mannequin/Animations/ThirdPersonJump_Start.uasset' has been saved with empty engine version. The asset will be loaded but may be incompatible.
[2018.05.27-08.59.30:973][634]LogLinker:Warning: Asset '../../../../sergey/UnrealProjects/Game_1337/TopDownProject/Content/Mannequin/Animations/ThirdPersonIdle.uasset' has been saved with empty engine version. The asset will be loaded but may be incompatible.
[2018.05.27-08.59.30:975][634]LogLinker:Warning: Asset '../../../../sergey/UnrealProjects/Game_1337/TopDownProject/Content/Mannequin/Animations/ThirdPersonRun.uasset' has been saved with empty engine version. The asset will be loaded but may be incompatible.
[2018.05.27-08.59.30:977][634]LogLinker:Warning: Asset '../../../../sergey/UnrealProjects/Game_1337/TopDownProject/Content/Mannequin/Animations/ThirdPersonWalk.uasset' has been saved with empty engine version. The asset will be loaded but may be incompatible.
[2018.05.27-08.59.33:781][634]LogContentBrowser: Native class hierarchy updated for 'BlueprintGraph' in 0.0010 seconds. Added 108 classes and 0 folders.
[2018.05.27-08.59.50:205][917]BlueprintLog: New page: Compile ActiveQuest
[2018.05.27-08.59.50:234][917]LogActorComponent: UnregisterComponent: (/Engine/Transient.CharMoveComp) Not registered. Aborting.
[2018.05.27-08.59.50:453][917]BlueprintEditorCompileResults: Info [0414.39] Compile of ActiveQuest successful! [in 247 ms]
[2018.05.27-08.59.50:951][927]Cmd: OBJ SAVEPACKAGE PACKAGE="/Game/TopDownBP/QuestSystem/ActiveQuest" FILE="../../../../sergey/UnrealProjects/Game_1337/TopDownProject/Content/TopDownBP/QuestSystem/ActiveQuest.uasset" SILENT=true
[2018.05.27-08.59.50:970][927]LogSavePackage: Save=9.69ms
[2018.05.27-08.59.50:970][927]LogSavePackage: Moving '../../../../sergey/UnrealProjects/Game_1337/TopDownProject/Saved/ActiveQuest4B138EF5482C45DBA298DBAD5632FF5B.tmp' to '../../../../sergey/UnrealProjects/Game_1337/TopDownProject/Content/TopDownBP/QuestSystem/ActiveQuest.uasset'
[2018.05.27-08.59.50:990][927]LogSavePackage: Total save time: 35.46ms
[2018.05.27-08.59.50:990][927]LogSavePackage:Display: Finished SavePackage ../../../../sergey/UnrealProjects/Game_1337/TopDownProject/Content/TopDownBP/QuestSystem/ActiveQuest.uasset
[2018.05.27-09.00.28:589][  3]BlueprintLog: New page: Compile TopDownCharacter
[2018.05.27-09.00.29:166][  3]BlueprintEditorCompileResults: Info [0453.10] Compile of TopDownCharacter successful! [in 576 ms]
[2018.05.27-09.00.30:974][  3]LogSavePackage: Save=1529.19ms
[2018.05.27-09.00.30:974][  3]LogSavePackage: Moving '../../../../sergey/UnrealProjects/Game_1337/TopDownProject/Saved/TopDownCharacter9D1D494443217C3163D4FA8B614DA001.tmp' to '../../../../sergey/UnrealProjects/Game_1337/TopDownProject/Content/TopDownBP/Blueprints/TopDownCharacter.uasset'
[2018.05.27-09.00.30:977][  3]LogSavePackage: Total save time: 1541.81ms
[2018.05.27-09.00.30:977][  3]LogSavePackage:Display: Finished SavePackage ../../../../sergey/UnrealProjects/Game_1337/TopDownProject/Content/TopDownBP/Blueprints/TopDownCharacter.uasset
[2018.05.27-09.00.55:573][684]LogWindowsTextInputMethodSystem:Display: IME system now deactivated.
[2018.05.27-09.01.29:034][600]BlueprintLog: New page: Compile TopDownCharacter
[2018.05.27-09.01.29:441][600]LogActorComponent: UnregisterComponent: (/Engine/Transient.CharMoveComp) Not registered. Aborting.
[2018.05.27-09.01.29:611][600]BlueprintEditorCompileResults: Info [0513.54] Compile of TopDownCharacter successful! [in 576 ms]
[2018.05.27-09.01.31:984][610]LogSavePackage: Save=1599.69ms
[2018.05.27-09.01.31:984][610]LogSavePackage: Moving '../../../../sergey/UnrealProjects/Game_1337/TopDownProject/Saved/TopDownCharacterB46B9A6841FE354F20332D9C997501EA.tmp' to '../../../../sergey/UnrealProjects/Game_1337/TopDownProject/Content/TopDownBP/Blueprints/TopDownCharacter.uasset'
[2018.05.27-09.01.31:989][610]LogSavePackage: Total save time: 1608.93ms
[2018.05.27-09.01.31:989][610]LogSavePackage:Display: Finished SavePackage ../../../../sergey/UnrealProjects/Game_1337/TopDownProject/Content/TopDownBP/Blueprints/TopDownCharacter.uasset
[2018.05.27-09.04.24:218][615]LogActorComponent: UnregisterComponent: (/Engine/Transient.CharMoveComp) Not registered. Aborting.
[2018.05.27-09.04.24:346][615]LogSavePackage: Save=53.27ms
[2018.05.27-09.04.24:346][615]LogSavePackage: Moving '../../../../sergey/UnrealProjects/Game_1337/TopDownProject/Saved/LowPolyMapF3E5449C47C0265C3D98039D6D3F2854.tmp' to '../../../../sergey/UnrealProjects/Game_1337/TopDownProject/Content/TopDownBP/Maps/LowPolyMap.umap'
[2018.05.27-09.04.24:347][615]LogSavePackage: Total save time: 61.96ms
[2018.05.27-09.04.24:347][615]LogSavePackage:Display: Finished SavePackage ../../../../sergey/UnrealProjects/Game_1337/TopDownProject/Content/TopDownBP/Maps/LowPolyMap.umap
[2018.05.27-09.04.28:610][797]LogSavePackage: Save=17.21ms
[2018.05.27-09.04.28:610][797]LogSavePackage: Moving '../../../../sergey/UnrealProjects/Game_1337/TopDownProject/Saved/QuestControllerFF96268F4A145C4EC194D6AC8821D2FB.tmp' to '../../../../sergey/UnrealProjects/Game_1337/TopDownProject/Content/TopDownBP/QuestSystem/QuestController.uasset'
[2018.05.27-09.04.28:614][797]LogSavePackage: Total save time: 23.79ms
[2018.05.27-09.04.28:615][797]LogSavePackage:Display: Finished SavePackage ../../../../sergey/UnrealProjects/Game_1337/TopDownProject/Content/TopDownBP/QuestSystem/QuestController.uasset
[2018.05.27-09.06.50:466][531]BlueprintLog: New page: Compile TopDownCharacter
[2018.05.27-09.06.51:053][531]BlueprintEditorCompileResults: Info [0834.98] Compile of TopDownCharacter successful! [in 586 ms]
[2018.05.27-09.06.53:214][538]LogSavePackage: Save=1519.01ms
[2018.05.27-09.06.53:214][538]LogSavePackage: Moving '../../../../sergey/UnrealProjects/Game_1337/TopDownProject/Saved/TopDownCharacter7AC474E14234A562C568F1B5D03F53A9.tmp' to '../../../../sergey/UnrealProjects/Game_1337/TopDownProject/Content/TopDownBP/Blueprints/TopDownCharacter.uasset'
[2018.05.27-09.06.53:218][538]LogSavePackage: Total save time: 1532.13ms
[2018.05.27-09.06.53:218][538]LogSavePackage:Display: Finished SavePackage ../../../../sergey/UnrealProjects/Game_1337/TopDownProject/Content/TopDownBP/Blueprints/TopDownCharacter.uasset
[2018.05.27-09.07.25:944][414]LogSlate:Warning: Prevented a slow task dialog from being summoned while a context menu was open
[2018.05.27-09.08.06:233][463]BlueprintLog: New page: Compile TopDownCharacter
[2018.05.27-09.08.06:585][463]LogBlueprint:Error: [compiler TopDownCharacter] Error The current value of the ' SpawnTransform ' pin is invalid: 'SpawnTransform' must have an input wired into it ("by ref" params expect a valid input to operate on).
[2018.05.27-09.08.06:614][463]LogBlueprint:Error: [compiler TopDownCharacter] Error The current value of the ' SpawnTransform ' pin is invalid: 'SpawnTransform' must have an input wired into it ("by ref" params expect a valid input to operate on).
[2018.05.27-09.08.06:664][463]LogActorComponent: UnregisterComponent: (/Engine/Transient.CharMoveComp) Not registered. Aborting.
[2018.05.27-09.08.06:972][463]LogBlueprint:Warning: [compiler TopDownCharacter] Warning [0910.89] Compile of TopDownCharacter failed. 2 Fatal Issue(s) 0 Warning(s) [in 739 ms]
[2018.05.27-09.08.06:973][463]BlueprintEditorCompileResults:Error: Error The current value of the ' SpawnTransform ' pin is invalid: 'SpawnTransform' must have an input wired into it ("by ref" params expect a valid input to operate on).
[2018.05.27-09.08.06:973][463]BlueprintEditorCompileResults:Error: Error The current value of the ' SpawnTransform ' pin is invalid: 'SpawnTransform' must have an input wired into it ("by ref" params expect a valid input to operate on).
[2018.05.27-09.08.06:973][463]BlueprintEditorCompileResults:Warning: Warning [0910.89] Compile of TopDownCharacter failed. 2 Fatal Issue(s) 0 Warning(s) [in 739 ms]
[2018.05.27-09.08.09:308][472]LogSavePackage: Save=1574.87ms
[2018.05.27-09.08.09:308][472]LogSavePackage: Moving '../../../../sergey/UnrealProjects/Game_1337/TopDownProject/Saved/TopDownCharacter55C763594977D9BA0A6DCE8471E446CC.tmp' to '../../../../sergey/UnrealProjects/Game_1337/TopDownProject/Content/TopDownBP/Blueprints/TopDownCharacter.uasset'
[2018.05.27-09.08.09:312][472]LogSavePackage: Total save time: 1583.95ms
[2018.05.27-09.08.09:312][472]LogSavePackage:Display: Finished SavePackage ../../../../sergey/UnrealProjects/Game_1337/TopDownProject/Content/TopDownBP/Blueprints/TopDownCharacter.uasset
[2018.05.27-09.08.33:666][975]BlueprintLog: New page: Compile TopDownCharacter
[2018.05.27-09.08.34:067][975]LogActorComponent: UnregisterComponent: (/Engine/Transient.CharMoveComp) Not registered. Aborting.
[2018.05.27-09.08.34:238][975]BlueprintEditorCompileResults: Info [0938.16] Compile of TopDownCharacter successful! [in 571 ms]
[2018.05.27-09.08.36:493][983]LogSavePackage: Save=1538.48ms
[2018.05.27-09.08.36:493][983]LogSavePackage: Moving '../../../../sergey/UnrealProjects/Game_1337/TopDownProject/Saved/TopDownCharacter487AE74C464890D50A50678C6170FD3F.tmp' to '../../../../sergey/UnrealProjects/Game_1337/TopDownProject/Content/TopDownBP/Blueprints/TopDownCharacter.uasset'
[2018.05.27-09.08.36:496][983]LogSavePackage: Total save time: 1544.88ms
[2018.05.27-09.08.36:496][983]LogSavePackage:Display: Finished SavePackage ../../../../sergey/UnrealProjects/Game_1337/TopDownProject/Content/TopDownBP/Blueprints/TopDownCharacter.uasset
[2018.05.27-09.08.41:748][ 80]LogSavePackage: Save=1513.97ms
[2018.05.27-09.08.41:748][ 80]LogSavePackage: Moving '../../../../sergey/UnrealProjects/Game_1337/TopDownProject/Saved/TopDownCharacter435DF0C54103E1693ADFFEBFCD0E676B.tmp' to '../../../../sergey/UnrealProjects/Game_1337/TopDownProject/Content/TopDownBP/Blueprints/TopDownCharacter.uasset'
[2018.05.27-09.08.41:752][ 80]LogSavePackage: Total save time: 1521.69ms
[2018.05.27-09.08.41:752][ 80]LogSavePackage:Display: Finished SavePackage ../../../../sergey/UnrealProjects/Game_1337/TopDownProject/Content/TopDownBP/Blueprints/TopDownCharacter.uasset
[2018.05.27-09.09.05:920][695]LogEditorViewport: Clicking on Actor (LMB): PlayerStart (Player Start)
[2018.05.27-09.09.34:852][875]LogEditorViewport: Clicking on Actor (context menu): PlayerStart (Player Start)
[2018.05.27-09.10.26:534][628]BlueprintLog: New page: Compile TopDownCharacter
[2018.05.27-09.10.26:943][628]LogActorComponent: UnregisterComponent: (/Engine/Transient.CharMoveComp) Not registered. Aborting.
[2018.05.27-09.10.27:118][628]BlueprintEditorCompileResults: Info [1051.03] Compile of TopDownCharacter successful! [in 583 ms]
[2018.05.27-09.10.29:359][636]LogSavePackage: Save=1545.29ms
[2018.05.27-09.10.29:359][636]LogSavePackage: Moving '../../../../sergey/UnrealProjects/Game_1337/TopDownProject/Saved/TopDownCharacter10FBF6B6408DB395105B9F9CBB9448A3.tmp' to '../../../../sergey/UnrealProjects/Game_1337/TopDownProject/Content/TopDownBP/Blueprints/TopDownCharacter.uasset'
[2018.05.27-09.10.29:363][636]LogSavePackage: Total save time: 1554.32ms
[2018.05.27-09.10.29:363][636]LogSavePackage:Display: Finished SavePackage ../../../../sergey/UnrealProjects/Game_1337/TopDownProject/Content/TopDownBP/Blueprints/TopDownCharacter.uasset
[2018.05.27-09.10.33:961][728]LogRenderer: Reallocating scene render targets to support 808x580 (Frame:13269).
[2018.05.27-09.10.34:075][729]LogRenderer: Reallocating scene render targets to support 808x600 (Frame:13272).
[2018.05.27-09.11.56:135][642]BlueprintLog: New page: Compile QuestController
[2018.05.27-09.11.56:145][642]LogActorComponent: UnregisterComponent: (/Engine/Transient.CharMoveComp) Not registered. Aborting.
[2018.05.27-09.11.56:439][642]BlueprintEditorCompileResults: Info [1140.35] Compile of QuestController successful! [in 303 ms]
[2018.05.27-09.11.57:263][657]LogSavePackage: Save=15.86ms
[2018.05.27-09.11.57:263][657]LogSavePackage: Moving '../../../../sergey/UnrealProjects/Game_1337/TopDownProject/Saved/QuestController69A7A13F46CDF9CDFCFA24AA81178FF3.tmp' to '../../../../sergey/UnrealProjects/Game_1337/TopDownProject/Content/TopDownBP/QuestSystem/QuestController.uasset'
[2018.05.27-09.11.57:266][657]LogSavePackage: Total save time: 24.06ms
[2018.05.27-09.11.57:266][657]LogSavePackage:Display: Finished SavePackage ../../../../sergey/UnrealProjects/Game_1337/TopDownProject/Content/TopDownBP/QuestSystem/QuestController.uasset
[2018.05.27-09.12.46:973][138]BlueprintLog: New page: Compile QuestController
[2018.05.27-09.12.47:271][138]BlueprintEditorCompileResults: Info [1191.18] Compile of QuestController successful! [in 298 ms]
[2018.05.27-09.12.47:714][146]LogSavePackage: Save=13.53ms
[2018.05.27-09.12.47:714][146]LogSavePackage: Moving '../../../../sergey/UnrealProjects/Game_1337/TopDownProject/Saved/QuestControllerD7ECC73644FF50543AB3A2B086E72784.tmp' to '../../../../sergey/UnrealProjects/Game_1337/TopDownProject/Content/TopDownBP/QuestSystem/QuestController.uasset'
[2018.05.27-09.12.47:718][146]LogSavePackage: Total save time: 21.07ms
[2018.05.27-09.12.47:718][146]LogSavePackage:Display: Finished SavePackage ../../../../sergey/UnrealProjects/Game_1337/TopDownProject/Content/TopDownBP/QuestSystem/QuestController.uasset
[2018.05.27-09.12.52:910][330]LogEditorViewport: Clicking on Actor (LMB): QuestController_C (QuestController)
[2018.05.27-09.12.54:556][371]LogSlate:Warning: Prevented a slow task dialog from being summoned while a context menu was open
[2018.05.27-09.13.49:411][105]Cmd: OBJ SAVEPACKAGE PACKAGE="/Game/TopDownBP/QuestSystem/FirstQuest" FILE="../../../../sergey/UnrealProjects/Game_1337/TopDownProject/Content/TopDownBP/QuestSystem/FirstQuest.uasset" SILENT=true
[2018.05.27-09.13.49:433][105]LogSavePackage: Save=18.83ms
[2018.05.27-09.13.49:433][105]LogSavePackage: Moving '../../../../sergey/UnrealProjects/Game_1337/TopDownProject/Saved/FirstQuestAF055A344AB8CFF036A029B0A72FADD5.tmp' to '../../../../sergey/UnrealProjects/Game_1337/TopDownProject/Content/TopDownBP/QuestSystem/FirstQuest.uasset'
[2018.05.27-09.13.49:435][105]LogSavePackage: Total save time: 21.28ms
[2018.05.27-09.13.49:435][105]LogSavePackage:Display: Finished SavePackage ../../../../sergey/UnrealProjects/Game_1337/TopDownProject/Content/TopDownBP/QuestSystem/FirstQuest.uasset
[2018.05.27-09.13.51:335][163]LogSavePackage: Save=58.19ms
[2018.05.27-09.13.51:335][163]LogSavePackage: Moving '../../../../sergey/UnrealProjects/Game_1337/TopDownProject/Saved/LowPolyMapA92491C949C2ED464086D48EBC3DC5F3.tmp' to '../../../../sergey/UnrealProjects/Game_1337/TopDownProject/Content/TopDownBP/Maps/LowPolyMap.umap'
[2018.05.27-09.13.51:339][163]LogSavePackage: Total save time: 69.08ms
[2018.05.27-09.13.51:339][163]LogSavePackage:Display: Finished SavePackage ../../../../sergey/UnrealProjects/Game_1337/TopDownProject/Content/TopDownBP/Maps/LowPolyMap.umap
[2018.05.27-09.13.51:436][163]LogFileHelpers: Saving map 'LowPolyMap' took 0.308
[2018.05.27-09.13.54:198][233]LogPlayLevel: PlayLevel: No blueprints needed recompiling
[2018.05.27-09.13.54:199][233]PIE: New page: PIE session: LowPolyMap (May 28, 2018, 1:13:54 AM)
[2018.05.27-09.13.54:199][233]LogPlayLevel: Creating play world package: /Game/TopDownBP/Maps/UEDPIE_0_LowPolyMap
[2018.05.27-09.13.54:207][233]LogPlayLevel: PIE: StaticDuplicateObject took: (0.007831s)
[2018.05.27-09.13.54:208][233]LogAIModule: Creating AISystem for world LowPolyMap
[2018.05.27-09.13.54:208][233]LogPlayLevel: PIE: World Init took: (0.000925s)
[2018.05.27-09.13.54:208][233]LogPlayLevel: PIE: Created PIE world by copying editor world from /Game/TopDownBP/Maps/LowPolyMap.LowPolyMap to /Game/TopDownBP/Maps/UEDPIE_0_LowPolyMap.LowPolyMap (0.009084s)
[2018.05.27-09.13.54:259][233]LogInit: XAudio2 using 'Динамики (Устройство с поддержкой High Definition Audio)' : 2 channels at 44.1 kHz using 16 bits per sample (channel mask 0x3)
[2018.05.27-09.13.54:333][233]LogInit: FAudioDevice initialized.
[2018.05.27-09.13.54:471][233]LogWorld: Game class is 'TopDownGameMode_C'
[2018.05.27-09.13.54:476][233]LogWorld: Bringing World /Game/TopDownBP/Maps/UEDPIE_0_LowPolyMap.LowPolyMap up for play (max tick rate 60) at 2018.05.27-17.13.54
[2018.05.27-09.13.54:477][233]LogWorld: Bringing up level for play took: 0.004284
[2018.05.27-09.13.54:483][233]LogContentBrowser: Native class hierarchy updated for 'MovieSceneCapture' in 0.0006 seconds. Added 9 classes and 0 folders.
[2018.05.27-09.13.54:505][233]PIE: Info Play in editor start time for /Game/TopDownBP/Maps/UEDPIE_0_LowPolyMap 0.111
[2018.05.27-09.14.11:772][667]LogEditorViewport: Clicking on Actor (LMB): QuestController_C (QuestController)
[2018.05.27-09.14.49:791][667]BlueprintLog: New page: Compile QuestController
[2018.05.27-09.14.49:944][667]BlueprintEditorCompileResults: Info [1313.85] Compile of QuestController successful! [in 152 ms]
[2018.05.27-09.14.50:725][681]LogSavePackage: Save=23.98ms
[2018.05.27-09.14.50:725][681]LogSavePackage: Moving '../../../../sergey/UnrealProjects/Game_1337/TopDownProject/Saved/QuestControllerAF772D3D4A7A27789B74DAB900699D16.tmp' to '../../../../sergey/UnrealProjects/Game_1337/TopDownProject/Content/TopDownBP/QuestSystem/QuestController.uasset'
[2018.05.27-09.14.50:728][681]LogSavePackage: Total save time: 31.62ms
[2018.05.27-09.14.50:728][681]LogSavePackage:Display: Finished SavePackage ../../../../sergey/UnrealProjects/Game_1337/TopDownProject/Content/TopDownBP/QuestSystem/QuestController.uasset
[2018.05.27-09.14.58:734][862]LogSavePackage: Save=82.61ms
[2018.05.27-09.14.58:734][862]LogSavePackage: Moving '../../../../sergey/UnrealProjects/Game_1337/TopDownProject/Saved/LowPolyMapB3E190AB468407DD70F809B870D91EE1.tmp' to '../../../../sergey/UnrealProjects/Game_1337/TopDownProject/Content/TopDownBP/Maps/LowPolyMap.umap'
[2018.05.27-09.14.58:739][862]LogSavePackage: Total save time: 92.50ms
[2018.05.27-09.14.58:739][862]LogSavePackage:Display: Finished SavePackage ../../../../sergey/UnrealProjects/Game_1337/TopDownProject/Content/TopDownBP/Maps/LowPolyMap.umap
[2018.05.27-09.14.58:844][862]LogFileHelpers: Saving map 'LowPolyMap' took 0.316
[2018.05.27-09.15.00:202][898]LogPlayLevel: PlayLevel: No blueprints needed recompiling
[2018.05.27-09.15.00:202][898]PIE: New page: PIE session: LowPolyMap (May 28, 2018, 1:15:00 AM)
[2018.05.27-09.15.00:202][898]LogPlayLevel: Creating play world package: /Game/TopDownBP/Maps/UEDPIE_0_LowPolyMap
[2018.05.27-09.15.00:210][898]LogPlayLevel: PIE: StaticDuplicateObject took: (0.007908s)
[2018.05.27-09.15.00:211][898]LogAIModule: Creating AISystem for world LowPolyMap
[2018.05.27-09.15.00:211][898]LogPlayLevel: PIE: World Init took: (0.000936s)
[2018.05.27-09.15.00:211][898]LogPlayLevel: PIE: Created PIE world by copying editor world from /Game/TopDownBP/Maps/LowPolyMap.LowPolyMap to /Game/TopDownBP/Maps/UEDPIE_0_LowPolyMap.LowPolyMap (0.009097s)
[2018.05.27-09.15.00:262][898]LogInit: XAudio2 using 'Динамики (Устройство с поддержкой High Definition Audio)' : 2 channels at 44.1 kHz using 16 bits per sample (channel mask 0x3)
[2018.05.27-09.15.00:270][898]LogInit: FAudioDevice initialized.
[2018.05.27-09.15.00:315][898]LogWorld: Game class is 'TopDownGameMode_C'
[2018.05.27-09.15.00:319][898]LogWorld: Bringing World /Game/TopDownBP/Maps/UEDPIE_0_LowPolyMap.LowPolyMap up for play (max tick rate 60) at 2018.05.27-17.15.00
[2018.05.27-09.15.00:319][898]LogWorld: Bringing up level for play took: 0.003777
[2018.05.27-09.15.00:350][898]LogScript:Warning: UGameplayStatics::BeginSpawningActorFromClass: can not spawn an actor from a NULL class
[2018.05.27-09.15.00:366][898]PIE: Info Play in editor start time for /Game/TopDownBP/Maps/UEDPIE_0_LowPolyMap -0.03
[2018.05.27-09.15.24:017][474]LogSlate:Warning: Prevented a slow task dialog from being summoned while a context menu was open
[2018.05.27-09.15.28:834][644]LogSavePackage: Save=52.81ms
[2018.05.27-09.15.28:835][644]LogSavePackage: Moving '../../../../sergey/UnrealProjects/Game_1337/TopDownProject/Saved/LowPolyMap8675EA104A3680CB60951BBF7A31C311.tmp' to '../../../../sergey/UnrealProjects/Game_1337/TopDownProject/Content/TopDownBP/Maps/LowPolyMap.umap'
[2018.05.27-09.15.28:839][644]LogSavePackage: Total save time: 61.29ms
[2018.05.27-09.15.28:839][644]LogSavePackage:Display: Finished SavePackage ../../../../sergey/UnrealProjects/Game_1337/TopDownProject/Content/TopDownBP/Maps/LowPolyMap.umap
[2018.05.27-09.15.28:936][644]LogFileHelpers: Saving map 'LowPolyMap' took 0.275
[2018.05.27-09.15.30:725][692]LogPlayLevel: PlayLevel: No blueprints needed recompiling
[2018.05.27-09.15.30:725][692]PIE: New page: PIE session: LowPolyMap (May 28, 2018, 1:15:30 AM)
[2018.05.27-09.15.30:725][692]LogPlayLevel: Creating play world package: /Game/TopDownBP/Maps/UEDPIE_0_LowPolyMap
[2018.05.27-09.15.30:736][692]LogPlayLevel: PIE: StaticDuplicateObject took: (0.010871s)
[2018.05.27-09.15.30:738][692]LogAIModule: Creating AISystem for world LowPolyMap
[2018.05.27-09.15.30:738][692]LogPlayLevel: PIE: World Init took: (0.002198s)
[2018.05.27-09.15.30:738][692]LogPlayLevel: PIE: Created PIE world by copying editor world from /Game/TopDownBP/Maps/LowPolyMap.LowPolyMap to /Game/TopDownBP/Maps/UEDPIE_0_LowPolyMap.LowPolyMap (0.013321s)
[2018.05.27-09.15.30:794][692]LogInit: XAudio2 using 'Динамики (Устройство с поддержкой High Definition Audio)' : 2 channels at 44.1 kHz using 16 bits per sample (channel mask 0x3)
[2018.05.27-09.15.30:805][692]LogInit: FAudioDevice initialized.
[2018.05.27-09.15.30:847][692]LogWorld: Game class is 'TopDownGameMode_C'
[2018.05.27-09.15.30:851][692]LogWorld: Bringing World /Game/TopDownBP/Maps/UEDPIE_0_LowPolyMap.LowPolyMap up for play (max tick rate 60) at 2018.05.27-17.15.30
[2018.05.27-09.15.30:852][692]LogWorld: Bringing up level for play took: 0.004195
[2018.05.27-09.15.30:894][692]PIE: Info Play in editor start time for /Game/TopDownBP/Maps/UEDPIE_0_LowPolyMap 0.497
[2018.05.27-09.17.21:112][922]BlueprintLog: New page: Compile FirstQuest
[2018.05.27-09.17.21:361][922]BlueprintEditorCompileResults: Info [1465.27] Compile of FirstQuest successful! [in 248 ms]
[2018.05.27-09.17.21:772][930]Cmd: OBJ SAVEPACKAGE PACKAGE="/Game/TopDownBP/QuestSystem/FirstQuest" FILE="../../../../sergey/UnrealProjects/Game_1337/TopDownProject/Content/TopDownBP/QuestSystem/FirstQuest.uasset" SILENT=true
[2018.05.27-09.17.21:803][930]LogSavePackage: Save=23.05ms
[2018.05.27-09.17.21:803][930]LogSavePackage: Moving '../../../../sergey/UnrealProjects/Game_1337/TopDownProject/Saved/FirstQuest7D4347474F8B926A2BEA01AFAE8EDCE4.tmp' to '../../../../sergey/UnrealProjects/Game_1337/TopDownProject/Content/TopDownBP/QuestSystem/FirstQuest.uasset'
[2018.05.27-09.17.21:804][930]LogSavePackage: Total save time: 30.29ms
[2018.05.27-09.17.21:804][930]LogSavePackage:Display: Finished SavePackage ../../../../sergey/UnrealProjects/Game_1337/TopDownProject/Content/TopDownBP/QuestSystem/FirstQuest.uasset
[2018.05.27-09.17.22:828][949]LogPlayLevel: PlayLevel: No blueprints needed recompiling
[2018.05.27-09.17.22:828][949]PIE: New page: PIE session: LowPolyMap (May 28, 2018, 1:17:22 AM)
[2018.05.27-09.17.22:829][949]LogPlayLevel: Creating play world package: /Game/TopDownBP/Maps/UEDPIE_0_LowPolyMap
[2018.05.27-09.17.22:839][949]LogPlayLevel: PIE: StaticDuplicateObject took: (0.010262s)
[2018.05.27-09.17.22:840][949]LogAIModule: Creating AISystem for world LowPolyMap
[2018.05.27-09.17.22:840][949]LogPlayLevel: PIE: World Init took: (0.000895s)
[2018.05.27-09.17.22:840][949]LogPlayLevel: PIE: Created PIE world by copying editor world from /Game/TopDownBP/Maps/LowPolyMap.LowPolyMap to /Game/TopDownBP/Maps/UEDPIE_0_LowPolyMap.LowPolyMap (0.011420s)
[2018.05.27-09.17.22:898][949]LogInit: XAudio2 using 'Динамики (Устройство с поддержкой High Definition Audio)' : 2 channels at 44.1 kHz using 16 bits per sample (channel mask 0x3)
[2018.05.27-09.17.22:939][949]LogInit: FAudioDevice initialized.
[2018.05.27-09.17.22:981][949]LogWorld: Game class is 'TopDownGameMode_C'
[2018.05.27-09.17.22:985][949]LogWorld: Bringing World /Game/TopDownBP/Maps/UEDPIE_0_LowPolyMap.LowPolyMap up for play (max tick rate 60) at 2018.05.27-17.17.22
[2018.05.27-09.17.22:986][949]LogWorld: Bringing up level for play took: 0.004046
[2018.05.27-09.17.23:008][949]PIE: Info Play in editor start time for /Game/TopDownBP/Maps/UEDPIE_0_LowPolyMap 0.607
[2018.05.27-09.17.23:030][949]LogBlueprintUserMessages: [FirstQuest_C_2] ActiveQuest
[2018.05.27-09.17.23:065][950]LogBlueprintUserMessages: [FirstQuest_C_2] ActiveQuest
[2018.05.27-09.17.23:320][951]LogBlueprintUserMessages: [FirstQuest_C_2] ActiveQuest
[2018.05.27-09.17.23:384][952]LogBlueprintUserMessages: [FirstQuest_C_2] ActiveQuest
[2018.05.27-09.17.23:441][953]LogBlueprintUserMessages: [FirstQuest_C_2] ActiveQuest
[2018.05.27-09.17.23:508][954]LogBlueprintUserMessages: [FirstQuest_C_2] ActiveQuest
[2018.05.27-09.17.23:562][955]LogBlueprintUserMessages: [FirstQuest_C_2] ActiveQuest
[2018.05.27-09.17.23:618][956]LogBlueprintUserMessages: [FirstQuest_C_2] ActiveQuest
[2018.05.27-09.17.23:675][957]LogBlueprintUserMessages: [FirstQuest_C_2] ActiveQuest
[2018.05.27-09.17.23:731][958]LogBlueprintUserMessages: [FirstQuest_C_2] ActiveQuest
[2018.05.27-09.17.23:790][959]LogBlueprintUserMessages: [FirstQuest_C_2] ActiveQuest
[2018.05.27-09.17.23:846][960]LogBlueprintUserMessages: [FirstQuest_C_2] ActiveQuest
[2018.05.27-09.17.23:902][961]LogBlueprintUserMessages: [FirstQuest_C_2] ActiveQuest
[2018.05.27-09.17.23:959][962]LogBlueprintUserMessages: [FirstQuest_C_2] ActiveQuest
[2018.05.27-09.17.24:014][963]LogBlueprintUserMessages: [FirstQuest_C_2] ActiveQuest
[2018.05.27-09.17.24:070][964]LogBlueprintUserMessages: [FirstQuest_C_2] ActiveQuest
[2018.05.27-09.17.24:128][965]LogBlueprintUserMessages: [FirstQuest_C_2] ActiveQuest
[2018.05.27-09.17.24:183][966]LogBlueprintUserMessages: [FirstQuest_C_2] ActiveQuest
[2018.05.27-09.17.24:238][967]LogBlueprintUserMessages: [FirstQuest_C_2] ActiveQuest
[2018.05.27-09.17.24:295][968]LogBlueprintUserMessages: [FirstQuest_C_2] ActiveQuest
[2018.05.27-09.17.24:351][969]LogBlueprintUserMessages: [FirstQuest_C_2] ActiveQuest
[2018.05.27-09.17.24:407][970]LogBlueprintUserMessages: [FirstQuest_C_2] ActiveQuest
[2018.05.27-09.17.24:463][971]LogBlueprintUserMessages: [FirstQuest_C_2] ActiveQuest
[2018.05.27-09.17.24:519][972]LogBlueprintUserMessages: [FirstQuest_C_2] ActiveQuest
[2018.05.27-09.17.24:575][973]LogBlueprintUserMessages: [FirstQuest_C_2] ActiveQuest
[2018.05.27-09.17.24:631][974]LogBlueprintUserMessages: [FirstQuest_C_2] ActiveQuest
[2018.05.27-09.17.24:690][975]LogBlueprintUserMessages: [FirstQuest_C_2] ActiveQuest
[2018.05.27-09.17.24:744][976]LogBlueprintUserMessages: [FirstQuest_C_2] ActiveQuest
[2018.05.27-09.17.24:800][977]LogBlueprintUserMessages: [FirstQuest_C_2] ActiveQuest
[2018.05.27-09.17.24:858][978]LogBlueprintUserMessages: [FirstQuest_C_2] ActiveQuest
[2018.05.27-09.17.24:912][979]LogBlueprintUserMessages: [FirstQuest_C_2] ActiveQuest
[2018.05.27-09.17.24:967][980]LogBlueprintUserMessages: [FirstQuest_C_2] ActiveQuest
[2018.05.27-09.17.25:023][981]LogBlueprintUserMessages: [FirstQuest_C_2] ActiveQuest
[2018.05.27-09.17.25:080][982]LogBlueprintUserMessages: [FirstQuest_C_2] ActiveQuest
[2018.05.27-09.17.25:136][983]LogBlueprintUserMessages: [FirstQuest_C_2] ActiveQuest
[2018.05.27-09.17.25:194][984]LogBlueprintUserMessages: [FirstQuest_C_2] ActiveQuest
[2018.05.27-09.17.25:251][985]LogBlueprintUserMessages: [FirstQuest_C_2] ActiveQuest
[2018.05.27-09.17.25:323][986]LogBlueprintUserMessages: [FirstQuest_C_2] ActiveQuest
[2018.05.27-09.17.25:364][987]LogBlueprintUserMessages: [FirstQuest_C_2] ActiveQuest
[2018.05.27-09.17.25:419][988]LogBlueprintUserMessages: [FirstQuest_C_2] ActiveQuest
[2018.05.27-09.17.25:475][989]LogBlueprintUserMessages: [FirstQuest_C_2] ActiveQuest
[2018.05.27-09.17.25:531][990]LogBlueprintUserMessages: [FirstQuest_C_2] ActiveQuest
[2018.05.27-09.17.25:588][991]LogBlueprintUserMessages: [FirstQuest_C_2] ActiveQuest
[2018.05.27-09.17.25:648][992]LogBlueprintUserMessages: [FirstQuest_C_2] ActiveQuest
[2018.05.27-09.17.25:705][993]LogBlueprintUserMessages: [FirstQuest_C_2] ActiveQuest
[2018.05.27-09.17.25:761][994]LogBlueprintUserMessages: [FirstQuest_C_2] ActiveQuest
[2018.05.27-09.17.25:819][995]LogBlueprintUserMessages: [FirstQuest_C_2] ActiveQuest
[2018.05.27-09.17.25:877][996]LogBlueprintUserMessages: [FirstQuest_C_2] ActiveQuest
[2018.05.27-09.17.25:948][997]LogBlueprintUserMessages: [FirstQuest_C_2] ActiveQuest
[2018.05.27-09.17.25:991][998]LogBlueprintUserMessages: [FirstQuest_C_2] ActiveQuest
[2018.05.27-09.17.26:048][999]LogBlueprintUserMessages: [FirstQuest_C_2] ActiveQuest
[2018.05.27-09.17.26:102][  0]LogBlueprintUserMessages: [FirstQuest_C_2] ActiveQuest
[2018.05.27-09.17.26:161][  1]LogBlueprintUserMessages: [FirstQuest_C_2] ActiveQuest
[2018.05.27-09.17.26:217][  2]LogBlueprintUserMessages: [FirstQuest_C_2] ActiveQuest
[2018.05.27-09.17.26:273][  3]LogBlueprintUserMessages: [FirstQuest_C_2] ActiveQuest
[2018.05.27-09.17.26:330][  4]LogBlueprintUserMessages: [FirstQuest_C_2] ActiveQuest
[2018.05.27-09.17.26:385][  5]LogBlueprintUserMessages: [FirstQuest_C_2] ActiveQuest
[2018.05.27-09.17.26:441][  6]LogBlueprintUserMessages: [FirstQuest_C_2] ActiveQuest
[2018.05.27-09.17.26:497][  7]LogBlueprintUserMessages: [FirstQuest_C_2] ActiveQuest
[2018.05.27-09.17.26:552][  8]LogBlueprintUserMessages: [FirstQuest_C_2] ActiveQuest
[2018.05.27-09.17.26:608][  9]LogBlueprintUserMessages: [FirstQuest_C_2] ActiveQuest
[2018.05.27-09.17.26:663][ 10]LogBlueprintUserMessages: [FirstQuest_C_2] ActiveQuest
[2018.05.27-09.17.26:718][ 11]LogBlueprintUserMessages: [FirstQuest_C_2] ActiveQuest
[2018.05.27-09.17.26:774][ 12]LogBlueprintUserMessages: [FirstQuest_C_2] ActiveQuest
[2018.05.27-09.17.26:829][ 13]LogBlueprintUserMessages: [FirstQuest_C_2] ActiveQuest
[2018.05.27-09.17.26:885][ 14]LogBlueprintUserMessages: [FirstQuest_C_2] ActiveQuest
[2018.05.27-09.17.26:957][ 15]LogBlueprintUserMessages: [FirstQuest_C_2] ActiveQuest
[2018.05.27-09.17.26:997][ 16]LogBlueprintUserMessages: [FirstQuest_C_2] ActiveQuest
[2018.05.27-09.17.27:054][ 17]LogBlueprintUserMessages: [FirstQuest_C_2] ActiveQuest
[2018.05.27-09.17.27:108][ 18]LogBlueprintUserMessages: [FirstQuest_C_2] ActiveQuest
[2018.05.27-09.17.27:165][ 19]LogBlueprintUserMessages: [FirstQuest_C_2] ActiveQuest
[2018.05.27-09.17.27:222][ 20]LogBlueprintUserMessages: [FirstQuest_C_2] ActiveQuest
[2018.05.27-09.17.27:277][ 21]LogBlueprintUserMessages: [FirstQuest_C_2] ActiveQuest
[2018.05.27-09.17.27:334][ 22]LogBlueprintUserMessages: [FirstQuest_C_2] ActiveQuest
[2018.05.27-09.17.27:389][ 23]LogBlueprintUserMessages: [FirstQuest_C_2] ActiveQuest
[2018.05.27-09.17.27:446][ 24]LogBlueprintUserMessages: [FirstQuest_C_2] ActiveQuest
[2018.05.27-09.17.27:502][ 25]LogBlueprintUserMessages: [FirstQuest_C_2] ActiveQuest
[2018.05.27-09.17.27:556][ 26]LogBlueprintUserMessages: [FirstQuest_C_2] ActiveQuest
[2018.05.27-09.17.27:612][ 27]LogBlueprintUserMessages: [FirstQuest_C_2] ActiveQuest
[2018.05.27-09.17.27:669][ 28]LogBlueprintUserMessages: [FirstQuest_C_2] ActiveQuest
[2018.05.27-09.17.27:741][ 29]LogBlueprintUserMessages: [FirstQuest_C_2] ActiveQuest
[2018.05.27-09.17.27:779][ 30]LogBlueprintUserMessages: [FirstQuest_C_2] ActiveQuest
[2018.05.27-09.17.27:836][ 31]LogBlueprintUserMessages: [FirstQuest_C_2] ActiveQuest
[2018.05.27-09.17.27:893][ 32]LogBlueprintUserMessages: [FirstQuest_C_2] ActiveQuest
[2018.05.27-09.17.27:949][ 33]LogBlueprintUserMessages: [FirstQuest_C_2] ActiveQuest
[2018.05.27-09.17.28:003][ 34]LogBlueprintUserMessages: [FirstQuest_C_2] ActiveQuest
[2018.05.27-09.17.28:059][ 35]LogBlueprintUserMessages: [FirstQuest_C_2] ActiveQuest
[2018.05.27-09.17.28:115][ 36]LogBlueprintUserMessages: [FirstQuest_C_2] ActiveQuest
[2018.05.27-09.17.28:172][ 37]LogBlueprintUserMessages: [FirstQuest_C_2] ActiveQuest
[2018.05.27-09.17.28:226][ 38]LogBlueprintUserMessages: [FirstQuest_C_2] ActiveQuest
[2018.05.27-09.17.28:281][ 39]LogBlueprintUserMessages: [FirstQuest_C_2] ActiveQuest
[2018.05.27-09.17.28:339][ 40]LogBlueprintUserMessages: [FirstQuest_C_2] ActiveQuest
[2018.05.27-09.17.28:396][ 41]LogBlueprintUserMessages: [FirstQuest_C_2] ActiveQuest
[2018.05.27-09.17.28:450][ 42]LogBlueprintUserMessages: [FirstQuest_C_2] ActiveQuest
[2018.05.27-09.17.28:505][ 43]LogBlueprintUserMessages: [FirstQuest_C_2] ActiveQuest
[2018.05.27-09.17.28:563][ 44]LogBlueprintUserMessages: [FirstQuest_C_2] ActiveQuest
[2018.05.27-09.17.28:618][ 45]LogBlueprintUserMessages: [FirstQuest_C_2] ActiveQuest
[2018.05.27-09.17.28:689][ 46]LogBlueprintUserMessages: [FirstQuest_C_2] ActiveQuest
[2018.05.27-09.17.28:728][ 47]LogBlueprintUserMessages: [FirstQuest_C_2] ActiveQuest
[2018.05.27-09.17.28:784][ 48]LogBlueprintUserMessages: [FirstQuest_C_2] ActiveQuest
[2018.05.27-09.17.28:841][ 49]LogBlueprintUserMessages: [FirstQuest_C_2] ActiveQuest
[2018.05.27-09.17.28:896][ 50]LogBlueprintUserMessages: [FirstQuest_C_2] ActiveQuest
[2018.05.27-09.17.28:952][ 51]LogBlueprintUserMessages: [FirstQuest_C_2] ActiveQuest
[2018.05.27-09.17.29:007][ 52]LogBlueprintUserMessages: [FirstQuest_C_2] ActiveQuest
[2018.05.27-09.17.29:063][ 53]LogBlueprintUserMessages: [FirstQuest_C_2] ActiveQuest
[2018.05.27-09.17.29:119][ 54]LogBlueprintUserMessages: [FirstQuest_C_2] ActiveQuest
[2018.05.27-09.17.29:174][ 55]LogBlueprintUserMessages: [FirstQuest_C_2] ActiveQuest
[2018.05.27-09.17.29:229][ 56]LogBlueprintUserMessages: [FirstQuest_C_2] ActiveQuest
[2018.05.27-09.17.29:285][ 57]LogBlueprintUserMessages: [FirstQuest_C_2] ActiveQuest
[2018.05.27-09.17.29:343][ 58]LogBlueprintUserMessages: [FirstQuest_C_2] ActiveQuest
[2018.05.27-09.17.29:398][ 59]LogBlueprintUserMessages: [FirstQuest_C_2] ActiveQuest
[2018.05.27-09.17.29:454][ 60]LogBlueprintUserMessages: [FirstQuest_C_2] ActiveQuest
[2018.05.27-09.17.29:509][ 61]LogBlueprintUserMessages: [FirstQuest_C_2] ActiveQuest
[2018.05.27-09.17.29:579][ 62]LogBlueprintUserMessages: [FirstQuest_C_2] ActiveQuest
[2018.05.27-09.17.29:620][ 63]LogBlueprintUserMessages: [FirstQuest_C_2] ActiveQuest
[2018.05.27-09.17.29:676][ 64]LogBlueprintUserMessages: [FirstQuest_C_2] ActiveQuest
[2018.05.27-09.17.29:730][ 65]LogBlueprintUserMessages: [FirstQuest_C_2] ActiveQuest
[2018.05.27-09.17.29:786][ 66]LogBlueprintUserMessages: [FirstQuest_C_2] ActiveQuest
[2018.05.27-09.17.29:844][ 67]LogBlueprintUserMessages: [FirstQuest_C_2] ActiveQuest
[2018.05.27-09.17.29:900][ 68]LogBlueprintUserMessages: [FirstQuest_C_2] ActiveQuest
[2018.05.27-09.17.29:956][ 69]LogBlueprintUserMessages: [FirstQuest_C_2] ActiveQuest
[2018.05.27-09.17.30:012][ 70]LogBlueprintUserMessages: [FirstQuest_C_2] ActiveQuest
[2018.05.27-09.17.30:067][ 71]LogBlueprintUserMessages: [FirstQuest_C_2] ActiveQuest
[2018.05.27-09.17.30:123][ 72]LogBlueprintUserMessages: [FirstQuest_C_2] ActiveQuest
[2018.05.27-09.17.30:179][ 73]LogBlueprintUserMessages: [FirstQuest_C_2] ActiveQuest
[2018.05.27-09.17.30:235][ 74]LogBlueprintUserMessages: [FirstQuest_C_2] ActiveQuest
[2018.05.27-09.17.30:291][ 75]LogBlueprintUserMessages: [FirstQuest_C_2] ActiveQuest
[2018.05.27-09.17.30:348][ 76]LogBlueprintUserMessages: [FirstQuest_C_2] ActiveQuest
[2018.05.27-09.17.30:417][ 77]LogBlueprintUserMessages: [FirstQuest_C_2] ActiveQuest
[2018.05.27-09.17.30:459][ 78]LogBlueprintUserMessages: [FirstQuest_C_2] ActiveQuest
[2018.05.27-09.17.30:514][ 79]LogBlueprintUserMessages: [FirstQuest_C_2] ActiveQuest
[2018.05.27-09.17.30:572][ 80]LogBlueprintUserMessages: [FirstQuest_C_2] ActiveQuest
[2018.05.27-09.17.30:627][ 81]LogBlueprintUserMessages: [FirstQuest_C_2] ActiveQuest
[2018.05.27-09.17.30:684][ 82]LogBlueprintUserMessages: [FirstQuest_C_2] ActiveQuest
[2018.05.27-09.17.30:739][ 83]LogBlueprintUserMessages: [FirstQuest_C_2] ActiveQuest
[2018.05.27-09.17.30:796][ 84]LogBlueprintUserMessages: [FirstQuest_C_2] ActiveQuest
[2018.05.27-09.17.30:850][ 85]LogBlueprintUserMessages: [FirstQuest_C_2] ActiveQuest
[2018.05.27-09.17.30:908][ 86]LogBlueprintUserMessages: [FirstQuest_C_2] ActiveQuest
[2018.05.27-09.17.30:962][ 87]LogBlueprintUserMessages: [FirstQuest_C_2] ActiveQuest
[2018.05.27-09.17.31:016][ 88]LogBlueprintUserMessages: [FirstQuest_C_2] ActiveQuest
[2018.05.27-09.17.31:073][ 89]LogBlueprintUserMessages: [FirstQuest_C_2] ActiveQuest
[2018.05.27-09.17.31:131][ 90]LogBlueprintUserMessages: [FirstQuest_C_2] ActiveQuest
[2018.05.27-09.17.31:185][ 91]LogBlueprintUserMessages: [FirstQuest_C_2] ActiveQuest
[2018.05.27-09.17.31:241][ 92]LogBlueprintUserMessages: [FirstQuest_C_2] ActiveQuest
[2018.05.27-09.17.31:297][ 93]LogBlueprintUserMessages: [FirstQuest_C_2] ActiveQuest
[2018.05.27-09.17.31:352][ 94]LogBlueprintUserMessages: [FirstQuest_C_2] ActiveQuest
[2018.05.27-09.17.31:407][ 95]LogBlueprintUserMessages: [FirstQuest_C_2] ActiveQuest
[2018.05.27-09.17.31:464][ 96]LogBlueprintUserMessages: [FirstQuest_C_2] ActiveQuest
[2018.05.27-09.17.31:517][ 97]LogBlueprintUserMessages: [FirstQuest_C_2] ActiveQuest
[2018.05.27-09.17.31:576][ 98]LogBlueprintUserMessages: [FirstQuest_C_2] ActiveQuest
[2018.05.27-09.17.31:632][ 99]LogBlueprintUserMessages: [FirstQuest_C_2] ActiveQuest
[2018.05.27-09.17.31:684][100]LogBlueprintUserMessages: [FirstQuest_C_2] ActiveQuest
[2018.05.27-09.17.31:742][101]LogBlueprintUserMessages: [FirstQuest_C_2] ActiveQuest
[2018.05.27-09.17.31:798][102]LogBlueprintUserMessages: [FirstQuest_C_2] ActiveQuest
[2018.05.27-09.17.31:852][103]LogBlueprintUserMessages: [FirstQuest_C_2] ActiveQuest
[2018.05.27-09.17.31:910][104]LogBlueprintUserMessages: [FirstQuest_C_2] ActiveQuest
[2018.05.27-09.17.31:966][105]LogBlueprintUserMessages: [FirstQuest_C_2] ActiveQuest
[2018.05.27-09.17.32:022][106]LogBlueprintUserMessages: [FirstQuest_C_2] ActiveQuest
[2018.05.27-09.17.32:078][107]LogBlueprintUserMessages: [FirstQuest_C_2] ActiveQuest
[2018.05.27-09.17.32:134][108]LogBlueprintUserMessages: [FirstQuest_C_2] ActiveQuest
[2018.05.27-09.17.32:193][109]LogBlueprintUserMessages: [FirstQuest_C_2] ActiveQuest
[2018.05.27-09.17.32:246][110]LogBlueprintUserMessages: [FirstQuest_C_2] ActiveQuest
[2018.05.27-09.17.32:303][111]LogBlueprintUserMessages: [FirstQuest_C_2] ActiveQuest
[2018.05.27-09.17.32:361][112]LogBlueprintUserMessages: [FirstQuest_C_2] ActiveQuest
[2018.05.27-09.17.32:414][113]LogBlueprintUserMessages: [FirstQuest_C_2] ActiveQuest
[2018.05.27-09.17.32:469][114]LogBlueprintUserMessages: [FirstQuest_C_2] ActiveQuest
[2018.05.27-09.17.32:527][115]LogBlueprintUserMessages: [FirstQuest_C_2] ActiveQuest
[2018.05.27-09.17.32:583][116]LogBlueprintUserMessages: [FirstQuest_C_2] ActiveQuest
[2018.05.27-09.17.32:638][117]LogBlueprintUserMessages: [FirstQuest_C_2] ActiveQuest
[2018.05.27-09.17.32:750][118]LogBlueprintUserMessages: [FirstQuest_C_2] ActiveQuest
[2018.05.27-09.17.32:768][119]LogBlueprintUserMessages: [FirstQuest_C_2] ActiveQuest
[2018.05.27-09.17.32:818][120]LogBlueprintUserMessages: [FirstQuest_C_2] ActiveQuest
[2018.05.27-09.17.32:876][121]LogBlueprintUserMessages: [FirstQuest_C_2] ActiveQuest
[2018.05.27-09.17.32:933][122]LogBlueprintUserMessages: [FirstQuest_C_2] ActiveQuest
[2018.05.27-09.17.32:989][123]LogBlueprintUserMessages: [FirstQuest_C_2] ActiveQuest
[2018.05.27-09.17.33:045][124]LogBlueprintUserMessages: [FirstQuest_C_2] ActiveQuest
[2018.05.27-09.17.33:101][125]LogBlueprintUserMessages: [FirstQuest_C_2] ActiveQuest
[2018.05.27-09.17.33:157][126]LogBlueprintUserMessages: [FirstQuest_C_2] ActiveQuest
[2018.05.27-09.17.33:213][127]LogBlueprintUserMessages: [FirstQuest_C_2] ActiveQuest
[2018.05.27-09.17.33:269][128]LogBlueprintUserMessages: [FirstQuest_C_2] ActiveQuest
[2018.05.27-09.17.33:325][129]LogBlueprintUserMessages: [FirstQuest_C_2] ActiveQuest
[2018.05.27-09.17.33:383][130]LogBlueprintUserMessages: [FirstQuest_C_2] ActiveQuest
[2018.05.27-09.17.33:434][131]LogBlueprintUserMessages: [FirstQuest_C_2] ActiveQuest
[2018.05.27-09.17.35:720][170]LogPlayLevel: PlayLevel: No blueprints needed recompiling
[2018.05.27-09.17.35:721][170]PIE: New page: PIE session: LowPolyMap (May 28, 2018, 1:17:35 AM)
[2018.05.27-09.17.35:721][170]LogPlayLevel: Creating play world package: /Game/TopDownBP/Maps/UEDPIE_0_LowPolyMap
[2018.05.27-09.17.35:729][170]LogPlayLevel: PIE: StaticDuplicateObject took: (0.008265s)
[2018.05.27-09.17.35:730][170]LogAIModule: Creating AISystem for world LowPolyMap
[2018.05.27-09.17.35:730][170]LogPlayLevel: PIE: World Init took: (0.000863s)
[2018.05.27-09.17.35:730][170]LogPlayLevel: PIE: Created PIE world by copying editor world from /Game/TopDownBP/Maps/LowPolyMap.LowPolyMap to /Game/TopDownBP/Maps/UEDPIE_0_LowPolyMap.LowPolyMap (0.009382s)
[2018.05.27-09.17.35:797][170]LogInit: XAudio2 using 'Динамики (Устройство с поддержкой High Definition Audio)' : 2 channels at 44.1 kHz using 16 bits per sample (channel mask 0x3)
[2018.05.27-09.17.35:807][170]LogInit: FAudioDevice initialized.
[2018.05.27-09.17.35:849][170]LogWorld: Game class is 'TopDownGameMode_C'
[2018.05.27-09.17.35:853][170]LogWorld: Bringing World /Game/TopDownBP/Maps/UEDPIE_0_LowPolyMap.LowPolyMap up for play (max tick rate 60) at 2018.05.27-17.17.35
[2018.05.27-09.17.35:854][170]LogWorld: Bringing up level for play took: 0.004337
[2018.05.27-09.17.35:877][170]PIE: Info Play in editor start time for /Game/TopDownBP/Maps/UEDPIE_0_LowPolyMap -0.523
[2018.05.27-09.17.35:878][170]LogBlueprintUserMessages: [FirstQuest_C_3] ActiveQuest
[2018.05.27-09.17.35:911][171]LogBlueprintUserMessages: [FirstQuest_C_3] ActiveQuest
[2018.05.27-09.17.36:181][172]LogBlueprintUserMessages: [FirstQuest_C_3] ActiveQuest
[2018.05.27-09.17.36:234][173]LogBlueprintUserMessages: [FirstQuest_C_3] ActiveQuest
[2018.05.27-09.17.36:290][174]LogBlueprintUserMessages: [FirstQuest_C_3] ActiveQuest
[2018.05.27-09.17.36:346][175]LogBlueprintUserMessages: [FirstQuest_C_3] ActiveQuest
[2018.05.27-09.17.36:402][176]LogBlueprintUserMessages: [FirstQuest_C_3] ActiveQuest
[2018.05.27-09.17.36:459][177]LogBlueprintUserMessages: [FirstQuest_C_3] ActiveQuest
[2018.05.27-09.17.36:515][178]LogBlueprintUserMessages: [FirstQuest_C_3] ActiveQuest
[2018.05.27-09.17.36:573][179]LogBlueprintUserMessages: [FirstQuest_C_3] ActiveQuest
[2018.05.27-09.17.36:626][180]LogBlueprintUserMessages: [FirstQuest_C_3] ActiveQuest
[2018.05.27-09.17.36:682][181]LogBlueprintUserMessages: [FirstQuest_C_3] ActiveQuest
[2018.05.27-09.17.36:739][182]LogBlueprintUserMessages: [FirstQuest_C_3] ActiveQuest
[2018.05.27-09.17.36:795][183]LogBlueprintUserMessages: [FirstQuest_C_3] ActiveQuest
[2018.05.27-09.17.36:849][184]LogBlueprintUserMessages: [FirstQuest_C_3] ActiveQuest
[2018.05.27-09.17.36:905][185]LogBlueprintUserMessages: [FirstQuest_C_3] ActiveQuest
[2018.05.27-09.17.36:961][186]LogBlueprintUserMessages: [FirstQuest_C_3] ActiveQuest
[2018.05.27-09.17.37:017][187]LogBlueprintUserMessages: [FirstQuest_C_3] ActiveQuest
[2018.05.27-09.17.37:074][188]LogBlueprintUserMessages: [FirstQuest_C_3] ActiveQuest
[2018.05.27-09.17.37:129][189]LogBlueprintUserMessages: [FirstQuest_C_3] ActiveQuest
[2018.05.27-09.17.37:184][190]LogBlueprintUserMessages: [FirstQuest_C_3] ActiveQuest
[2018.05.27-09.17.37:241][191]LogBlueprintUserMessages: [FirstQuest_C_3] ActiveQuest
[2018.05.27-09.17.37:296][192]LogBlueprintUserMessages: [FirstQuest_C_3] ActiveQuest
[2018.05.27-09.17.37:352][193]LogBlueprintUserMessages: [FirstQuest_C_3] ActiveQuest
[2018.05.27-09.17.37:408][194]LogBlueprintUserMessages: [FirstQuest_C_3] ActiveQuest
[2018.05.27-09.17.37:464][195]LogBlueprintUserMessages: [FirstQuest_C_3] ActiveQuest
[2018.05.27-09.17.37:519][196]LogBlueprintUserMessages: [FirstQuest_C_3] ActiveQuest
[2018.05.27-09.17.37:576][197]LogBlueprintUserMessages: [FirstQuest_C_3] ActiveQuest
[2018.05.27-09.17.37:632][198]LogBlueprintUserMessages: [FirstQuest_C_3] ActiveQuest
[2018.05.27-09.17.37:687][199]LogBlueprintUserMessages: [FirstQuest_C_3] ActiveQuest
[2018.05.27-09.17.37:746][200]LogBlueprintUserMessages: [FirstQuest_C_3] ActiveQuest
[2018.05.27-09.17.37:799][201]LogBlueprintUserMessages: [FirstQuest_C_3] ActiveQuest
[2018.05.27-09.17.37:855][202]LogBlueprintUserMessages: [FirstQuest_C_3] ActiveQuest
[2018.05.27-09.17.37:911][203]LogBlueprintUserMessages: [FirstQuest_C_3] ActiveQuest
[2018.05.27-09.17.37:966][204]LogBlueprintUserMessages: [FirstQuest_C_3] ActiveQuest
[2018.05.27-09.17.38:022][205]LogBlueprintUserMessages: [FirstQuest_C_3] ActiveQuest
[2018.05.27-09.17.38:079][206]LogBlueprintUserMessages: [FirstQuest_C_3] ActiveQuest
[2018.05.27-09.17.38:136][207]LogBlueprintUserMessages: [FirstQuest_C_3] ActiveQuest
[2018.05.27-09.17.38:192][208]LogBlueprintUserMessages: [FirstQuest_C_3] ActiveQuest
[2018.05.27-09.17.38:248][209]LogBlueprintUserMessages: [FirstQuest_C_3] ActiveQuest
[2018.05.27-09.17.38:305][210]LogBlueprintUserMessages: [FirstQuest_C_3] ActiveQuest
[2018.05.27-09.17.38:365][211]LogBlueprintUserMessages: [FirstQuest_C_3] ActiveQuest
[2018.05.27-09.17.38:420][212]LogBlueprintUserMessages: [FirstQuest_C_3] ActiveQuest
[2018.05.27-09.17.38:493][213]LogBlueprintUserMessages: [FirstQuest_C_3] ActiveQuest
[2018.05.27-09.17.38:534][214]LogBlueprintUserMessages: [FirstQuest_C_3] ActiveQuest
[2018.05.27-09.17.38:589][215]LogBlueprintUserMessages: [FirstQuest_C_3] ActiveQuest
[2018.05.27-09.17.38:643][216]LogBlueprintUserMessages: [FirstQuest_C_3] ActiveQuest
[2018.05.27-09.17.38:700][217]LogBlueprintUserMessages: [FirstQuest_C_3] ActiveQuest
[2018.05.27-09.17.38:755][218]LogBlueprintUserMessages: [FirstQuest_C_3] ActiveQuest
[2018.05.27-09.17.38:813][219]LogBlueprintUserMessages: [FirstQuest_C_3] ActiveQuest
[2018.05.27-09.17.38:867][220]LogBlueprintUserMessages: [FirstQuest_C_3] ActiveQuest
[2018.05.27-09.17.38:925][221]LogBlueprintUserMessages: [FirstQuest_C_3] ActiveQuest
[2018.05.27-09.17.38:981][222]LogBlueprintUserMessages: [FirstQuest_C_3] ActiveQuest
[2018.05.27-09.17.39:037][223]LogBlueprintUserMessages: [FirstQuest_C_3] ActiveQuest
[2018.05.27-09.17.50:036][504]BlueprintLog: New page: Compile FirstQuest
[2018.05.27-09.17.50:178][504]BlueprintEditorCompileResults: Info [1494.08] Compile of FirstQuest successful! [in 142 ms]
[2018.05.27-09.17.50:868][517]Cmd: OBJ SAVEPACKAGE PACKAGE="/Game/TopDownBP/QuestSystem/FirstQuest" FILE="../../../../sergey/UnrealProjects/Game_1337/TopDownProject/Content/TopDownBP/QuestSystem/FirstQuest.uasset" SILENT=true
[2018.05.27-09.17.50:891][517]LogSavePackage: Save=18.49ms
[2018.05.27-09.17.50:891][517]LogSavePackage: Moving '../../../../sergey/UnrealProjects/Game_1337/TopDownProject/Saved/FirstQuest385A8D5449C6807FE5F844837B489362.tmp' to '../../../../sergey/UnrealProjects/Game_1337/TopDownProject/Content/TopDownBP/QuestSystem/FirstQuest.uasset'
[2018.05.27-09.17.50:893][517]LogSavePackage: Total save time: 23.85ms
[2018.05.27-09.17.50:893][517]LogSavePackage:Display: Finished SavePackage ../../../../sergey/UnrealProjects/Game_1337/TopDownProject/Content/TopDownBP/QuestSystem/FirstQuest.uasset
[2018.05.27-09.20.45:678][172]LogActorComponent: UnregisterComponent: (/Engine/Transient.EditorFloorComp) Not registered. Aborting.
[2018.05.27-09.21.46:560][984]LogEditorViewport: Clicking on Actor (LMB): MyAICharacter_C (MyAICharacter)
[2018.05.27-09.22.02:385][425]LogEditorViewport: Clicking on Actor (LMB): MyAICharacter_C (MyAICharacter)
[2018.05.27-09.22.12:324][698]LogEditorViewport: Clicking on Actor (LMB): MyAICharacter_C (MyAICharacter)
[2018.05.27-09.22.22:333][988]LogActorComponent: UnregisterComponent: (/Engine/Transient.CharMoveComp) Not registered. Aborting.
[2018.05.27-09.22.22:333][988]LogActorComponent: UnregisterComponent: (/Engine/Transient.CursorOnActorText_GEN_VARIABLE) Not registered. Aborting.
[2018.05.27-09.22.22:333][988]LogActorComponent: UnregisterComponent: (/Engine/Transient.CharGoingForAction_GEN_VARIABLE) Not registered. Aborting.
[2018.05.27-09.22.22:333][988]LogActorComponent: UnregisterComponent: (/Engine/Transient.CharacterMovementComponent_0) Not registered. Aborting.
[2018.05.27-09.22.22:333][988]LogActorComponent: UnregisterComponent: (/Engine/Transient.CharGoingForAction_C_0) Not registered. Aborting.
[2018.05.27-09.22.22:333][988]LogActorComponent: UnregisterComponent: (/Engine/Transient.CursorOnActorText_C_0) Not registered. Aborting.
[2018.05.27-09.22.22:707][988]LogSavePackage: Save=111.53ms
[2018.05.27-09.22.22:707][988]LogSavePackage: Moving '../../../../sergey/UnrealProjects/Game_1337/TopDownProject/Saved/LowPolyMap52F5E7544B7B8CD14A4A77B87618D608.tmp' to '../../../../sergey/UnrealProjects/Game_1337/TopDownProject/Content/TopDownBP/Maps/LowPolyMap.umap'
[2018.05.27-09.22.22:709][988]LogSavePackage: Total save time: 120.38ms
[2018.05.27-09.22.22:709][988]LogSavePackage:Display: Finished SavePackage ../../../../sergey/UnrealProjects/Game_1337/TopDownProject/Content/TopDownBP/Maps/LowPolyMap.umap
[2018.05.27-09.22.22:789][988]LogFileHelpers: Saving map 'LowPolyMap' took 0.320
[2018.05.27-09.22.23:840][ 17]LogPlayLevel: PlayLevel: No blueprints needed recompiling
[2018.05.27-09.22.23:840][ 17]PIE: New page: PIE session: LowPolyMap (May 28, 2018, 1:22:23 AM)
[2018.05.27-09.22.23:841][ 17]LogPlayLevel: Creating play world package: /Game/TopDownBP/Maps/UEDPIE_0_LowPolyMap
[2018.05.27-09.22.23:850][ 17]LogPlayLevel: PIE: StaticDuplicateObject took: (0.008992s)
[2018.05.27-09.22.23:850][ 17]LogAIModule: Creating AISystem for world LowPolyMap
[2018.05.27-09.22.23:850][ 17]LogPlayLevel: PIE: World Init took: (0.000853s)
[2018.05.27-09.22.23:851][ 17]LogPlayLevel: PIE: Created PIE world by copying editor world from /Game/TopDownBP/Maps/LowPolyMap.LowPolyMap to /Game/TopDownBP/Maps/UEDPIE_0_LowPolyMap.LowPolyMap (0.010115s)
[2018.05.27-09.22.23:901][ 17]LogInit: XAudio2 using 'Динамики (Устройство с поддержкой High Definition Audio)' : 2 channels at 44.1 kHz using 16 bits per sample (channel mask 0x3)
[2018.05.27-09.22.23:911][ 17]LogInit: FAudioDevice initialized.
[2018.05.27-09.22.23:964][ 17]LogWorld: Game class is 'TopDownGameMode_C'
[2018.05.27-09.22.23:969][ 17]LogWorld: Bringing World /Game/TopDownBP/Maps/UEDPIE_0_LowPolyMap.LowPolyMap up for play (max tick rate 60) at 2018.05.27-17.22.23
[2018.05.27-09.22.23:971][ 17]LogWorld: Bringing up level for play took: 0.006205
[2018.05.27-09.22.24:067][ 17]PIE: Info Play in editor start time for /Game/TopDownBP/Maps/UEDPIE_0_LowPolyMap -0.342
[2018.05.27-09.24.31:681][661]Cmd: OBJ SAVEPACKAGE PACKAGE="/Game/TopDownBP/AI/MyAIEnemy" FILE="../../../../sergey/UnrealProjects/Game_1337/TopDownProject/Content/TopDownBP/AI/MyAIEnemy.uasset" SILENT=true
[2018.05.27-09.24.31:761][661]LogSavePackage: Save=77.82ms
[2018.05.27-09.24.31:761][661]LogSavePackage: Moving '../../../../sergey/UnrealProjects/Game_1337/TopDownProject/Saved/MyAIEnemy2EBEDF8641339C983328F0992DEF239A.tmp' to '../../../../sergey/UnrealProjects/Game_1337/TopDownProject/Content/TopDownBP/AI/MyAIEnemy.uasset'
[2018.05.27-09.24.31:762][661]LogSavePackage: Total save time: 79.65ms
[2018.05.27-09.24.31:762][661]LogSavePackage:Display: Finished SavePackage ../../../../sergey/UnrealProjects/Game_1337/TopDownProject/Content/TopDownBP/AI/MyAIEnemy.uasset
[2018.05.27-09.24.33:501][718]LogActorComponent: UnregisterComponent: (/Engine/Transient.CharMoveComp) Not registered. Aborting.
[2018.05.27-09.24.33:501][718]LogActorComponent: UnregisterComponent: (/Engine/Transient.CursorOnActorText_GEN_VARIABLE) Not registered. Aborting.
[2018.05.27-09.24.33:501][718]LogActorComponent: UnregisterComponent: (/Engine/Transient.CharGoingForAction_GEN_VARIABLE) Not registered. Aborting.
[2018.05.27-09.24.33:501][718]LogActorComponent: UnregisterComponent: (/Engine/Transient.CharacterMovementComponent_1) Not registered. Aborting.
[2018.05.27-09.24.33:501][718]LogActorComponent: UnregisterComponent: (/Engine/Transient.CursorOnActorText_C_1) Not registered. Aborting.
[2018.05.27-09.24.33:501][718]LogActorComponent: UnregisterComponent: (/Engine/Transient.CharGoingForAction_C_1) Not registered. Aborting.
[2018.05.27-09.24.41:941][960]Cmd: CLOSE_SLATE_MAINFRAME
[2018.05.27-09.24.42:323][960]LogActorComponent: UnregisterComponent: (/Engine/Transient.EditorFloorComp) Not registered. Aborting.
[2018.05.27-09.24.42:739][961]Cmd: QUIT_EDITOR
[2018.05.27-09.24.44:576][961]LogExit: Preparing to exit.
[2018.05.27-09.24.47:930][961]LogExit: Editor shut down
[2018.05.27-09.24.47:931][961]LogExit: Transaction tracking system shut down
[2018.05.27-09.24.52:730][961]LogObj: Freed 0b from 0 cluster array pools.
[2018.05.27-09.24.52:730][961]LogExit: Object subsystem successfully closed.
[2018.05.27-09.24.53:200][961]LogD3D11RHI: Shutdown
[2018.05.27-09.24.53:200][961]LogD3D11RHI: CleanupD3DDevice
[2018.05.27-09.24.53:492][961]LogD3D11RHI: ~FD3D11DynamicRHI
[2018.05.27-09.24.53:917][961]LogDerivedDataCache: Shutdown
[2018.05.27-09.24.56:747][961]LogModuleManager: Shutting down and abandoning module MovieSceneCapture (206)
[2018.05.27-09.24.56:762][961]LogModuleManager: Shutting down and abandoning module BlueprintGraph (205)
[2018.05.27-09.24.56:762][961]LogModuleManager: Shutting down and abandoning module HierarchicalLODOutliner (204)
[2018.05.27-09.24.56:771][961]LogModuleManager: Shutting down and abandoning module CrashTracker (203)
[2018.05.27-09.24.56:772][961]LogModuleManager: Shutting down and abandoning module SceneOutliner (202)
[2018.05.27-09.24.56:813][961]LogModuleManager: Shutting down and abandoning module SuperSearch (201)
[2018.05.27-09.24.56:813][961]LogModuleManager: Shutting down and abandoning module WidgetCarousel (200)
[2018.05.27-09.24.56:813][961]LogModuleManager: Shutting down and abandoning module AddContentDialog (199)
[2018.05.27-09.24.56:843][961]LogModuleManager: Shutting down and abandoning module GameplayTags (198)
[2018.05.27-09.24.56:843][961]LogModuleManager: Shutting down and abandoning module EditorWidgets (197)
[2018.05.27-09.24.56:843][961]LogModuleManager: Shutting down and abandoning module CollectionManager (196)
[2018.05.27-09.24.56:866][961]LogModuleManager: Shutting down and abandoning module StatsViewer (195)
[2018.05.27-09.24.56:901][961]LogModuleManager: Shutting down and abandoning module FoliageEdit (194)
[2018.05.27-09.24.56:901][961]LogModuleManager: Shutting down and abandoning module LandscapeEditor (193)
[2018.05.27-09.24.56:943][961]LogModuleManager: Shutting down and abandoning module ActorPickerMode (192)
[2018.05.27-09.24.56:943][961]LogModuleManager: Shutting down and abandoning module GeometryMode (191)
[2018.05.27-09.24.56:943][961]LogModuleManager: Shutting down and abandoning module TextureAlignMode (190)
[2018.05.27-09.24.56:943][961]LogModuleManager: Shutting down and abandoning module BspMode (189)
[2018.05.27-09.24.56:943][961]LogModuleManager: Shutting down and abandoning module PlacementMode (188)
[2018.05.27-09.24.56:943][961]LogModuleManager: Shutting down and abandoning module AutomationWorker (187)
[2018.05.27-09.24.56:943][961]LogModuleManager: Shutting down and abandoning module CharacterAI (186)
[2018.05.27-09.24.56:943][961]LogModuleManager: Shutting down and abandoning module SmartSnapping (185)
[2018.05.27-09.24.56:943][961]LogModuleManager: Shutting down and abandoning module ViewportSnapping (184)
[2018.05.27-09.24.56:943][961]LogModuleManager: Shutting down and abandoning module LogVisualizer (183)
[2018.05.27-09.24.56:979][961]LogModuleManager: Shutting down and abandoning module GameProjectGeneration (182)
[2018.05.27-09.24.57:034][961]LogModuleManager: Shutting down and abandoning module IntroTutorials (181)
[2018.05.27-09.24.57:056][961]LogModuleManager: Shutting down and abandoning module EditorLiveStreaming (180)
[2018.05.27-09.24.57:056][961]LogModuleManager: Shutting down and abandoning module IOSPlatformEditor (179)
[2018.05.27-09.24.57:079][961]LogModuleManager: Shutting down and abandoning module HTML5PlatformEditor (178)
[2018.05.27-09.24.57:079][961]LogModuleManager: Shutting down and abandoning module AndroidDeviceDetection (177)
[2018.05.27-09.24.57:126][961]LogModuleManager: Shutting down and abandoning module AndroidPlatformEditor (176)
[2018.05.27-09.24.57:126][961]LogModuleManager: Shutting down and abandoning module IOSRuntimeSettings (175)
[2018.05.27-09.24.57:126][961]LogModuleManager: Shutting down and abandoning module AndroidRuntimeSettings (174)
[2018.05.27-09.24.57:126][961]LogModuleManager: Shutting down and abandoning module MergeActors (173)
[2018.05.27-09.24.57:164][961]LogModuleManager: Shutting down and abandoning module SizeMap (172)
[2018.05.27-09.24.57:188][961]LogModuleManager: Shutting down and abandoning module TreeMap (171)
[2018.05.27-09.24.57:202][961]LogModuleManager: Shutting down and abandoning module ReferenceViewer (170)
[2018.05.27-09.24.57:215][961]LogModuleManager: Shutting down and abandoning module LocalizationService (169)
[2018.05.27-09.24.57:232][961]LogModuleManager: Shutting down and abandoning module LocalizationDashboard (168)
[2018.05.27-09.24.57:249][961]LogModuleManager: Shutting down and abandoning module HardwareTargeting (167)
[2018.05.27-09.24.57:249][961]LogModuleManager: Shutting down and abandoning module DeviceProfileEditor (166)
[2018.05.27-09.24.57:257][961]LogModuleManager: Shutting down and abandoning module UndoHistory (165)
[2018.05.27-09.24.57:270][961]LogModuleManager: Shutting down and abandoning module UserFeedback (164)
[2018.05.27-09.24.57:270][961]LogModuleManager: Shutting down and abandoning module XmlParser (163)
[2018.05.27-09.24.57:270][961]LogModuleManager: Shutting down and abandoning module Blutility (162)
[2018.05.27-09.24.57:284][961]LogModuleManager: Shutting down and abandoning module ProjectTargetPlatformEditor (161)
[2018.05.27-09.24.57:285][961]LogModuleManager: Shutting down and abandoning module ProjectSettingsViewer (160)
[2018.05.27-09.24.57:285][961]LogModuleManager: Shutting down and abandoning module InputBindingEditor (159)
[2018.05.27-09.24.57:332][961]LogModuleManager: Shutting down and abandoning module EditorSettingsViewer (158)
[2018.05.27-09.24.57:332][961]LogModuleManager: Shutting down and abandoning module SettingsEditor (157)
[2018.05.27-09.24.57:381][961]LogModuleManager: Shutting down and abandoning module ProjectLauncher (156)
[2018.05.27-09.24.57:408][961]LogModuleManager: Shutting down and abandoning module SessionFrontend (155)
[2018.05.27-09.24.57:444][961]LogModuleManager: Shutting down and abandoning module ProfilerClient (154)
[2018.05.27-09.24.57:482][961]LogModuleManager: Shutting down and abandoning module TargetDeviceServices (153)
[2018.05.27-09.24.57:503][961]LogModuleManager: Shutting down and abandoning module DeviceManager (152)
[2018.05.27-09.24.57:583][961]LogModuleManager: Shutting down and abandoning module AutomationController (151)
[2018.05.27-09.24.57:614][961]LogModuleManager: Shutting down and abandoning module AutomationWindow (150)
[2018.05.27-09.24.57:657][961]LogModuleManager: Shutting down and abandoning module Layers (149)
[2018.05.27-09.24.57:737][961]LogModuleManager: Shutting down and abandoning module ComponentVisualizers (148)
[2018.05.27-09.24.57:737][961]LogModuleManager: Shutting down and abandoning module DetailCustomizations (147)
[2018.05.27-09.24.57:757][961]LogModuleManager: Shutting down and abandoning module PackagesDialog (146)
[2018.05.27-09.24.57:758][961]LogModuleManager: Shutting down and abandoning module Persona (145)
[2018.05.27-09.24.57:862][961]LogModuleManager: Shutting down and abandoning module Kismet (144)
[2018.05.27-09.24.57:876][961]LogModuleManager: Shutting down and abandoning module GraphEditor (143)
[2018.05.27-09.24.57:876][961]LogModuleManager: Shutting down and abandoning module ClassViewer (142)
[2018.05.27-09.24.57:878][961]LogModuleManager: Shutting down and abandoning module Toolbox (141)
[2018.05.27-09.24.57:894][961]LogModuleManager: Shutting down and abandoning module ModuleUI (140)
[2018.05.27-09.24.57:938][961]LogModuleManager: Shutting down and abandoning module MovieSceneTools (139)
[2018.05.27-09.24.57:967][961]LogModuleManager: Shutting down and abandoning module OutputLog (138)
[2018.05.27-09.24.57:992][961]LogModuleManager: Shutting down and abandoning module GammaUI (137)
[2018.05.27-09.24.58:020][961]LogModuleManager: Shutting down and abandoning module Documentation (136)
[2018.05.27-09.24.58:021][961]LogModuleManager: Shutting down and abandoning module StreamingPauseRendering (135)
[2018.05.27-09.24.58:021][961]LogModuleManager: Shutting down and abandoning module AnalyticsET (134)
[2018.05.27-09.24.58:021][961]LogModuleManager: Shutting down and abandoning module Analytics (133)
[2018.05.27-09.24.58:021][961]LogModuleManager: Shutting down and abandoning module PortalServices (132)
[2018.05.27-09.24.58:021][961]LogModuleManager: Shutting down and abandoning module PortalRpc (131)
[2018.05.27-09.24.58:021][961]LogModuleManager: Shutting down and abandoning module MessagingRpc (130)
[2018.05.27-09.24.58:021][961]LogModuleManager: Shutting down and abandoning module AITestSuite (129)
[2018.05.27-09.24.58:035][961]LogModuleManager: Shutting down and abandoning module GameplayDebugger (128)
[2018.05.27-09.24.58:052][961]LogModuleManager: Shutting down and abandoning module AIModule (127)
[2018.05.27-09.24.58:052][961]LogModuleManager: Shutting down and abandoning module ProfilerService (126)
[2018.05.27-09.24.58:327][961]LogModuleManager: Shutting down and abandoning module TaskGraph (125)
[2018.05.27-09.24.58:363][961]LogModuleManager: Shutting down and abandoning module SlateRemote (124)
[2018.05.27-09.24.58:363][961]LogModuleManager: Shutting down and abandoning module SteamVRController (123)
[2018.05.27-09.24.58:363][961]LogModuleManager: Shutting down and abandoning module SteamVR (122)
[2018.05.27-09.24.58:363][961]LogModuleManager: Shutting down and abandoning module ProceduralMeshComponent (121)
[2018.05.27-09.24.58:363][961]LogModuleManager: Shutting down and abandoning module OculusLibrary (120)
[2018.05.27-09.24.58:363][961]LogModuleManager: Shutting down and abandoning module OculusInput (119)
[2018.05.27-09.24.58:363][961]LogModuleManager: Shutting down and abandoning module CustomMeshComponent (118)
[2018.05.27-09.24.58:363][961]LogModuleManager: Shutting down and abandoning module CableComponent (117)
[2018.05.27-09.24.58:363][961]LogModuleManager: Shutting down and abandoning module ArchVisCharacter (116)
[2018.05.27-09.24.58:363][961]LogModuleManager: Shutting down and abandoning module MediaPlayerEditor (115)
[2018.05.27-09.24.58:401][961]LogModuleManager: Shutting down and abandoning module HTML5Networking (114)
[2018.05.27-09.24.58:401][961]LogModuleManager: Shutting down and abandoning module SpeedTreeImporter (113)
[2018.05.27-09.24.58:401][961]LogModuleManager: Shutting down and abandoning module PluginBrowser (112)
[2018.05.27-09.24.58:442][961]LogModuleManager: Shutting down and abandoning module EpicSurvey (111)
[2018.05.27-09.24.58:457][961]LogModuleManager: Shutting down and abandoning module DesktopPlatform (110)
[2018.05.27-09.24.58:481][961]LogModuleManager: Shutting down and abandoning module VisualStudioSourceCodeAccess (109)
[2018.05.27-09.24.58:493][961]LogModuleManager: Shutting down and abandoning module UObjectPlugin (108)
[2018.05.27-09.24.58:493][961]LogModuleManager: Shutting down and abandoning module SubversionSourceControl (107)
[2018.05.27-09.24.58:526][961]LogModuleManager: Shutting down and abandoning module PerforceSourceControl (106)
[2018.05.27-09.24.58:554][961]LogModuleManager: Shutting down and abandoning module SourceControl (105)
[2018.05.27-09.24.58:567][961]LogModuleManager: Shutting down and abandoning module GitSourceControl (104)
[2018.05.27-09.24.58:594][961]LogModuleManager: Shutting down and abandoning module LightPropagationVolumeEditor (103)
[2018.05.27-09.24.58:594][961]LogModuleManager: Shutting down and abandoning module PaperTiledImporter (102)
[2018.05.27-09.24.58:608][961]LogModuleManager: Shutting down and abandoning module PaperSpriteSheetImporter (101)
[2018.05.27-09.24.58:608][961]LogModuleManager: Shutting down and abandoning module MeshPaint (100)
[2018.05.27-09.24.58:625][961]LogModuleManager: Shutting down and abandoning module HotReload (99)
[2018.05.27-09.24.58:655][961]LogModuleManager: Shutting down and abandoning module MainFrame (98)
[2018.05.27-09.24.58:655][961]LogModuleManager: Shutting down and abandoning module LevelEditor (97)
[2018.05.27-09.24.58:659][961]LogModuleManager: Shutting down and abandoning module DirectoryWatcher (96)
[2018.05.27-09.24.58:660][961]LogModuleManager: Shutting down and abandoning module AssetRegistry (95)
[2018.05.27-09.24.58:964][961]LogModuleManager: Shutting down and abandoning module ContentBrowser (94)
[2018.05.27-09.24.58:964][961]LogModuleManager: Shutting down and abandoning module Paper2DEditor (93)
[2018.05.27-09.24.58:997][961]LogModuleManager: Shutting down and abandoning module UdpMessaging (92)
[2018.05.27-09.24.59:097][961]LogModuleManager: Shutting down and abandoning module LightPropagationVolumeRuntime (91)
[2018.05.27-09.24.59:097][961]LogModuleManager: Shutting down and abandoning module Paper2D (90)
[2018.05.27-09.24.59:128][961]LogModuleManager: Shutting down and abandoning module WindowsMoviePlayer (89)
[2018.05.27-09.24.59:145][961]LogModuleManager: Shutting down and abandoning module Media (88)
[2018.05.27-09.24.59:145][961]LogModuleManager: Shutting down and abandoning module WmfMedia (87)
[2018.05.27-09.24.59:208][961]LogModuleManager: Shutting down and abandoning module MediaAssets (86)
[2018.05.27-09.24.59:208][961]LogModuleManager: Shutting down and abandoning module GameLiveStreaming (85)
[2018.05.27-09.24.59:208][961]LogModuleManager: Shutting down and abandoning module GameplayTagsEditor (84)
[2018.05.27-09.24.59:209][961]LogModuleManager: Shutting down and abandoning module OnlineBlueprintSupport (83)
[2018.05.27-09.24.59:209][961]LogModuleManager: Shutting down and abandoning module GameplayTasksEditor (82)
[2018.05.27-09.24.59:209][961]LogModuleManager: Shutting down and abandoning module PropertyEditor (81)
[2018.05.27-09.24.59:209][961]LogModuleManager: Shutting down and abandoning module BehaviorTreeEditor (80)
[2018.05.27-09.24.59:250][961]LogModuleManager: Shutting down and abandoning module FunctionalTesting (79)
[2018.05.27-09.24.59:250][961]LogModuleManager: Shutting down and abandoning module CollisionAnalyzer (78)
[2018.05.27-09.24.59:282][961]LogModuleManager: Shutting down and abandoning module WorkspaceMenuStructure (77)
[2018.05.27-09.24.59:282][961]LogModuleManager: Shutting down and abandoning module MessageLog (76)
[2018.05.27-09.24.59:282][961]LogModuleManager: Shutting down and abandoning module Sequencer (75)
[2018.05.27-09.24.59:315][961]LogModuleManager: Shutting down and abandoning module AssetTools (74)
[2018.05.27-09.24.59:360][961]LogModuleManager: Shutting down and abandoning module UMGEditor (73)
[2018.05.27-09.24.59:398][961]LogModuleManager: Shutting down and abandoning module UMG (72)
[2018.05.27-09.24.59:399][961]LogModuleManager: Shutting down and abandoning module SlateReflector (71)
[2018.05.27-09.24.59:446][961]LogModuleManager: Shutting down and abandoning module Slate (70)
[2018.05.27-09.24.59:446][961]LogModuleManager: Shutting down and abandoning module EditorStyle (69)
[2018.05.27-09.24.59:449][961]LogModuleManager: Shutting down and abandoning module SessionServices (68)
[2018.05.27-09.24.59:449][961]LogModuleManager: Shutting down and abandoning module SourceCodeAccess (67)
[2018.05.27-09.24.59:449][961]LogModuleManager: Shutting down and abandoning module HeadMountedDisplay (66)
[2018.05.27-09.24.59:449][961]LogModuleManager: Shutting down and abandoning module XAudio2 (65)
[2018.05.27-09.24.59:449][961]LogModuleManager: Shutting down and abandoning module Networking (63)
[2018.05.27-09.24.59:449][961]LogModuleManager: Shutting down and abandoning module Core (62)
[2018.05.27-09.24.59:449][961]LogModuleManager: Shutting down and abandoning module KismetCompiler (61)
[2018.05.27-09.24.59:449][961]LogModuleManager: Shutting down and abandoning module PhysXFormats (60)
[2018.05.27-09.24.59:449][961]LogModuleManager: Shutting down and abandoning module MeshUtilities (59)
[2018.05.27-09.24.59:477][961]LogModuleManager: Shutting down and abandoning module CookingStats (58)
[2018.05.27-09.24.59:477][961]LogModuleManager: Shutting down and abandoning module DerivedDataCache (57)
[2018.05.27-09.24.59:477][961]LogDerivedDataCache: Shutdown
[2018.05.27-09.24.59:477][961]LogModuleManager: Shutting down and abandoning module ShaderFormatOpenGL (56)
[2018.05.27-09.24.59:520][961]LogModuleManager: Shutting down and abandoning module ShaderFormatD3D (55)
[2018.05.27-09.24.59:520][961]LogModuleManager: Shutting down and abandoning module MetalShaderFormat (54)
[2018.05.27-09.24.59:535][961]LogModuleManager: Shutting down and abandoning module TextureFormatUncompressed (53)
[2018.05.27-09.24.59:535][961]LogModuleManager: Shutting down and abandoning module TextureFormatPVR (52)
[2018.05.27-09.24.59:535][961]LogModuleManager: Shutting down and abandoning module TextureFormatIntelISPCTexComp (51)
[2018.05.27-09.24.59:535][961]LogModuleManager: Shutting down and abandoning module TextureFormatDXT (50)
[2018.05.27-09.24.59:535][961]LogModuleManager: Shutting down and abandoning module ImageWrapper (49)
[2018.05.27-09.24.59:535][961]LogModuleManager: Shutting down and abandoning module TextureFormatASTC (48)
[2018.05.27-09.24.59:535][961]LogModuleManager: Shutting down and abandoning module TextureFormatAndroid (47)
[2018.05.27-09.24.59:535][961]LogModuleManager: Shutting down and abandoning module AudioFormatOpus (46)
[2018.05.27-09.24.59:554][961]LogModuleManager: Shutting down and abandoning module AudioFormatOgg (45)
[2018.05.27-09.24.59:554][961]LogModuleManager: Shutting down and abandoning module AudioFormatADPCM (44)
[2018.05.27-09.24.59:554][961]LogModuleManager: Shutting down and abandoning module LinuxTargetPlatform (43)
[2018.05.27-09.24.59:554][961]LogModuleManager: Shutting down and abandoning module LinuxServerTargetPlatform (42)
[2018.05.27-09.24.59:554][961]LogModuleManager: Shutting down and abandoning module LinuxNoEditorTargetPlatform (41)
[2018.05.27-09.24.59:554][961]LogModuleManager: Shutting down and abandoning module TVOSTargetPlatform (40)
[2018.05.27-09.24.59:554][961]LogModuleManager: Shutting down and abandoning module Messaging (39)
[2018.05.27-09.24.59:554][961]LogModuleManager: Shutting down and abandoning module IOSTargetPlatform (38)
[2018.05.27-09.24.59:554][961]LogModuleManager: Shutting down and abandoning module HTML5TargetPlatform (37)
[2018.05.27-09.24.59:554][961]LogModuleManager: Shutting down and abandoning module Android_PVRTCTargetPlatform (36)
[2018.05.27-09.24.59:554][961]LogModuleManager: Shutting down and abandoning module Android_MultiTargetPlatform (35)
[2018.05.27-09.24.59:564][961]LogModuleManager: Shutting down and abandoning module Android_ETC2TargetPlatform (34)
[2018.05.27-09.24.59:564][961]LogModuleManager: Shutting down and abandoning module Android_ETC1TargetPlatform (33)
[2018.05.27-09.24.59:564][961]LogModuleManager: Shutting down and abandoning module Android_DXTTargetPlatform (32)
[2018.05.27-09.24.59:564][961]LogModuleManager: Shutting down and abandoning module Android_ATCTargetPlatform (31)
[2018.05.27-09.24.59:564][961]LogModuleManager: Shutting down and abandoning module Android_ASTCTargetPlatform (30)
[2018.05.27-09.24.59:564][961]LogModuleManager: Shutting down and abandoning module AndroidTargetPlatform (29)
[2018.05.27-09.24.59:564][961]LogModuleManager: Shutting down and abandoning module WindowsTargetPlatform (28)
[2018.05.27-09.24.59:564][961]LogModuleManager: Shutting down and abandoning module WindowsServerTargetPlatform (27)
[2018.05.27-09.24.59:564][961]LogModuleManager: Shutting down and abandoning module WindowsNoEditorTargetPlatform (26)
[2018.05.27-09.24.59:564][961]LogModuleManager: Shutting down and abandoning module WindowsClientTargetPlatform (25)
[2018.05.27-09.24.59:564][961]LogModuleManager: Shutting down and abandoning module AllDesktopTargetPlatform (24)
[2018.05.27-09.24.59:564][961]LogModuleManager: Shutting down and abandoning module TargetPlatform (23)
[2018.05.27-09.24.59:565][961]LogModuleManager: Shutting down and abandoning module InputCore (22)
[2018.05.27-09.24.59:565][961]LogModuleManager: Shutting down and abandoning module Settings (21)
[2018.05.27-09.24.59:565][961]LogModuleManager: Shutting down and abandoning module OnlineSubsystem (19)
[2018.05.27-09.24.59:565][961]LogModuleManager: Shutting down and abandoning module HTTP (18)
[2018.05.27-09.25.12:570][961]LogModuleManager: Shutting down and abandoning module XMPP (17)
[2018.05.27-09.25.12:624][961]LogModuleManager: Shutting down and abandoning module OculusRift (16)
[2018.05.27-09.25.12:650][961]LogModuleManager: Shutting down and abandoning module ExampleDeviceProfileSelector (15)
[2018.05.27-09.25.12:650][961]LogModuleManager: Shutting down and abandoning module TextureCompressor (14)
[2018.05.27-09.25.12:681][961]LogModuleManager: Shutting down and abandoning module ShaderCore (13)
[2018.05.27-09.25.12:681][961]LogModuleManager: Shutting down and abandoning module Landscape (12)
[2018.05.27-09.25.12:681][961]LogModuleManager: Shutting down and abandoning module SlateRHIRenderer (11)
[2018.05.27-09.25.12:726][961]LogModuleManager: Shutting down and abandoning module OpenGLDrv (10)
[2018.05.27-09.25.12:757][961]LogModuleManager: Shutting down and abandoning module D3D11RHI (9)
[2018.05.27-09.25.12:757][961]LogModuleManager: Shutting down and abandoning module AnimGraphRuntime (8)
[2018.05.27-09.25.12:757][961]LogModuleManager: Shutting down and abandoning module Renderer (7)
[2018.05.27-09.25.12:757][961]LogModuleManager: Shutting down and abandoning module Engine (6)
[2018.05.27-09.25.12:757][961]LogModuleManager: Shutting down and abandoning module CoreUObject (5)
[2018.05.27-09.25.12:757][961]LogModuleManager: Shutting down and abandoning module NetworkFile (4)
[2018.05.27-09.25.12:767][961]LogModuleManager: Shutting down and abandoning module StreamingFile (3)
[2018.05.27-09.25.12:767][961]LogModuleManager: Shutting down and abandoning module SandboxFile (2)
[2018.05.27-09.25.12:772][961]LogModuleManager: Shutting down and abandoning module PakFile (1)
[2018.05.27-09.25.12:800][961]LogExit: Exiting.
[2018.05.27-09.25.12:803][961]Log file closed, 05/27/18 17:25:12
