[2018.05.02-08.50.47:979][  0]Log file open, 05/02/18 16:50:47
[2018.05.02-08.50.47:979][  0]LogInit:Display: Running engine for game: TopDownProject
[2018.05.02-08.50.47:979][  0]LogInit:Display: RandInit(1247224912) SRandInit(1247224913).
[2018.05.02-08.50.47:979][  0]LogTaskGraph: Started task graph with 4 named threads and 5 total threads.
[2018.05.02-08.50.47:979][  0]LogStats: Stats thread started at 32.235573
[2018.05.02-08.50.47:979][  0]LogInit: Version: 4.9.2-2707645+++depot+UE4-Releases+4.9
[2018.05.02-08.50.47:979][  0]LogInit: API Version: 2672455
[2018.05.02-08.50.47:979][  0]LogInit: Compiled (64-bit): Sep 28 2015 10:25:44
[2018.05.02-08.50.47:980][  0]LogInit: Compiled with Visual C++: 18.00.21005.01
[2018.05.02-08.50.47:980][  0]LogInit: Build Configuration: Development
[2018.05.02-08.50.47:980][  0]LogInit: Branch Name: ++depot+UE4-Releases+4.9
[2018.05.02-08.50.47:980][  0]LogInit: Command line:  
[2018.05.02-08.50.47:980][  0]LogInit: Base directory: D:/UE_4.9/Engine/Binaries/Win64/
[2018.05.02-08.50.47:980][  0]LogInit: Rocket: 1
[2018.05.02-08.50.50:281][  0]LogInit: Using libcurl 7.41.0
[2018.05.02-08.50.50:281][  0]LogInit:  - built for x86_64-pc-win32
[2018.05.02-08.50.50:281][  0]LogInit:  - supports SSL with WinSSL
[2018.05.02-08.50.50:281][  0]LogInit:  - other features:
[2018.05.02-08.50.50:319][  0]LogInit:      CURL_VERSION_SSL
[2018.05.02-08.50.50:346][  0]LogInit:      CURL_VERSION_IPV6
[2018.05.02-08.50.50:346][  0]LogInit:      CURL_VERSION_ASYNCHDNS
[2018.05.02-08.50.50:346][  0]LogInit:      CURL_VERSION_LARGEFILE
[2018.05.02-08.50.50:346][  0]LogInit:      CURL_VERSION_IDN
[2018.05.02-08.50.50:402][  0]LogInit:  CurlRequestOptions (configurable via config and command line):
[2018.05.02-08.50.50:402][  0]LogInit:  - bVerifyPeer = true  - Libcurl will verify peer certificate
[2018.05.02-08.50.50:402][  0]LogInit:  - bUseHttpProxy = false  - Libcurl will NOT use HTTP proxy
[2018.05.02-08.50.50:402][  0]LogInit:  - bDontReuseConnections = false  - Libcurl will reuse connections
[2018.05.02-08.50.50:402][  0]LogInit:  - CertBundlePath = nullptr  - Libcurl will use whatever was configured at build time.
[2018.05.02-08.50.51:969][  0]LogInit: Presizing for 0 objects not considered by GC, pre-allocating 0 bytes.
[2018.05.02-08.50.52:255][  0]LogInit: Object subsystem initialized
[2018.05.02-08.50.52:916][  0]LogInit: Selected Device Profile: [Windows]
[2018.05.02-08.50.52:916][  0]LogInit: Applying CVar settings loaded from the selected device profile: [Windows]
[2018.05.02-08.50.53:692][  0]LogInit: Computer: 1-ПК
[2018.05.02-08.50.53:692][  0]LogInit: User: 1
[2018.05.02-08.50.53:692][  0]LogInit: CPU Page size=4096, Cores=2
[2018.05.02-08.50.53:692][  0]LogInit: High frequency timer resolution =2.338486 MHz
[2018.05.02-08.50.53:727][  0]LogMemory: Memory total: Physical=3.9GB (4GB approx)
[2018.05.02-08.50.53:763][  0]LogMemory: Platform Memory Stats for Windows
[2018.05.02-08.50.53:763][  0]LogMemory: Process Physical Memory: 54.67 MB used, 54.67 MB peak
[2018.05.02-08.50.53:763][  0]LogMemory: Process Virtual Memory: 56.35 MB used, 56.35 MB peak
[2018.05.02-08.50.53:763][  0]LogMemory: Physical Memory: 1167.14 MB used, 4010.14 MB total
[2018.05.02-08.50.53:763][  0]LogMemory: Virtual Memory: 339.46 MB used, 8388608.00 MB total
[2018.05.02-08.51.09:837][  0]LogTextLocalizationManager: No translations for ('ru-RU') exist, falling back to 'en' for localization and internationalization data.
[2018.05.02-08.51.15:055][  0]LogD3D11RHI: Found D3D11 adapter 0: Intel(R) HD Graphics 3000 (Feature Level 10_0)
[2018.05.02-08.51.15:092][  0]LogD3D11RHI: Adapter has 64MB of dedicated video memory, 0MB of dedicated system memory, and 1632MB of shared system memory, 1 output[s]
[2018.05.02-08.51.17:353][  0]LogD3D11RHI: Found D3D11 adapter 1: NVIDIA GeForce 410M (Feature Level 11_0)
[2018.05.02-08.51.17:353][  0]LogD3D11RHI: Adapter has 979MB of dedicated video memory, 0MB of dedicated system memory, and 1749MB of shared system memory, 0 output[s]
[2018.05.02-08.51.17:353][  0]LogD3D11RHI: Chosen D3D11 Adapter Id = 0
[2018.05.02-08.51.17:377][  0]LogD3D11RHI: !Direct3DDevice
[2018.05.02-08.51.17:377][  0]LogRHI: Texture pool is 616 MB (70% of 880 MB)
[2018.05.02-08.51.17:380][  0]LogD3D11RHI: Async texture creation enabled
[2018.05.02-08.51.17:403][  0]LogShaderCompilers: Guid format shader working directory is 15 characters bigger than the processId version (../../../../sergey/UnrealProjects/TopDownProject/Intermediate/Shaders/WorkingDirectory/6980/).
[2018.05.02-08.51.17:404][  0]LogShaderCompilers: Cleaned the shader compiler working directory '../../../../sergey/UnrealProjects/TopDownProject/Intermediate/Shaders/tmp/7543C9A648C5B86940B8C1A1F4F2E08D/'.
[2018.05.02-08.51.17:404][  0]LogShaderCompilers:Display: Using Local Shader Compiler.
[2018.05.02-08.51.47:802][  0]LogTemp:Display: Loaded TP AllDesktopTargetPlatform
[2018.05.02-08.51.47:877][  0]LogTemp:Display: Loaded TP WindowsClientTargetPlatform
[2018.05.02-08.51.48:107][  0]LogTemp:Display: Loaded TP WindowsNoEditorTargetPlatform
[2018.05.02-08.51.48:186][  0]LogTemp:Display: Loaded TP WindowsServerTargetPlatform
[2018.05.02-08.51.48:277][  0]LogTemp:Display: Loaded TP WindowsTargetPlatform
[2018.05.02-08.51.48:393][  0]LogTemp:Display: Loaded TP AndroidTargetPlatform
[2018.05.02-08.51.48:462][  0]LogTemp:Display: Loaded TP Android_ASTCTargetPlatform
[2018.05.02-08.51.48:655][  0]LogTemp:Display: Loaded TP Android_ATCTargetPlatform
[2018.05.02-08.51.48:826][  0]LogTemp:Display: Loaded TP Android_DXTTargetPlatform
[2018.05.02-08.51.48:902][  0]LogTemp:Display: Loaded TP Android_ETC1TargetPlatform
[2018.05.02-08.51.48:977][  0]LogTemp:Display: Loaded TP Android_ETC2TargetPlatform
[2018.05.02-08.51.49:053][  0]LogTemp:Display: Loaded TP Android_PVRTCTargetPlatform
[2018.05.02-08.51.49:096][  0]LogTemp:Display: Loaded TP HTML5TargetPlatform
[2018.05.02-08.51.49:412][  0]LogTemp:Display: Loaded TP IOSTargetPlatform
[2018.05.02-08.51.49:481][  0]LogTemp:Display: Loaded TP LinuxNoEditorTargetPlatform
[2018.05.02-08.51.49:571][  0]LogTemp:Display: Loaded TP LinuxServerTargetPlatform
[2018.05.02-08.51.49:686][  0]LogTemp:Display: Loaded TP LinuxTargetPlatform
[2018.05.02-08.51.49:686][  0]LogTargetPlatformManager:Display: Building Assets For Windows
[2018.05.02-08.51.52:710][  0]LogDerivedDataCache:Display: Max Cache Size: 512 MB
[2018.05.02-08.52.00:616][  0]LogDerivedDataCache: Loaded boot cache 7.87s 57MB C:/Users/1/AppData/Local/UnrealEngine/4.9/DerivedDataCache/Boot.ddc.
[2018.05.02-08.52.00:616][  0]LogDerivedDataCache:Display: Loaded Boot cache: C:/Users/1/AppData/Local/UnrealEngine/4.9/DerivedDataCache/Boot.ddc
[2018.05.02-08.52.00:616][  0]LogDerivedDataCache: FDerivedDataBackendGraph:  Pak pak cache file ../../../../sergey/UnrealProjects/TopDownProject/DerivedDataCache/DDC.ddp not found, will not use a pak cache.
[2018.05.02-08.52.00:616][  0]LogDerivedDataCache: Unable to find inner node Pak for hierarchical cache Hierarchy.
[2018.05.02-08.52.00:616][  0]LogDerivedDataCache: FDerivedDataBackendGraph:  CompressedPak pak cache file ../../../../sergey/UnrealProjects/TopDownProject/DerivedDataCache/Compressed.ddp not found, will not use a pak cache.
[2018.05.02-08.52.00:616][  0]LogDerivedDataCache: Unable to find inner node CompressedPak for hierarchical cache Hierarchy.
[2018.05.02-08.52.01:128][  0]LogDerivedDataCache:Display: Pak cache opened for reading ../../../Engine/DerivedDataCache/Compressed.ddp.
[2018.05.02-08.52.01:181][  0]LogDerivedDataCache: Using Local data cache path C:/Users/1/AppData/Local/UnrealEngine/Common/DerivedDataCache: Writable
[2018.05.02-08.52.15:664][  0]LogInit: Selected Device Profile: [Windows]
[2018.05.02-08.52.15:666][  0]LogContentStreaming: Texture pool size is 0.000000MB
[2018.05.02-08.52.15:729][  0]LogMeshUtilities: No automatic mesh reduction module available
[2018.05.02-08.52.15:729][  0]LogMeshUtilities: No automatic mesh merging module available
[2018.05.02-08.52.18:098][  0]LogInit: WinSock: version 1.1 (2.2), MaxSocks=32767, MaxUdp=65467
[2018.05.02-08.52.47:974][  0]UdpMessaging: Initializing bridge on interface 0.0.0.0:0 to multicast group 230.0.0.1:6666.
[2018.05.02-08.52.49:198][  0]LogAssetRegistry: FAssetRegistry took 0.0260 seconds to start up
[2018.05.02-08.52.54:990][  0]SourceControl: Info Source control is disabled
[2018.05.02-08.52.54:991][  0]SourceControl: Info Source control is disabled
[2018.05.02-08.52.55:500][  0]SourceControl: Info Source control is disabled
[2018.05.02-08.52.55:785][  0]SourceControl: Info Source control is disabled
[2018.05.02-08.52.59:621][  0]LogLinker:Warning: Asset '../../../Engine/Plugins/Runtime/LeapMotionController/Content/LM_PassthroughMaterial.uasset' has been saved with empty engine version. The asset will be loaded but may be incompatible.
[2018.05.02-08.53.00:266][  0]LogObj: 28361 objects as part of root set at end of initial load.
[2018.05.02-08.53.00:267][  0]LogUObjectAllocator: 6038864 out of 0 bytes used by permanent object pool.
[2018.05.02-08.53.01:166][  0]LogEngine: Initializing Engine...
[2018.05.02-08.53.01:251][  0]LogHMD: Can't find Oculus library dev build: is proper Runtime installed? Version: 0.7.0.0
[2018.05.02-08.53.01:365][  0]LogHMD: SteamVR failed to initialize.  Err: 110
[2018.05.02-08.53.02:143][  0]LogAIModule: Creating AISystem for world NewWorld
[2018.05.02-08.53.02:216][  0]LogInit: XAudio2 using 'Динамики (Устройство с поддержкой High Definition Audio)' : 2 channels at 44.1 kHz using 16 bits per sample (channel mask 0x3)
[2018.05.02-08.53.02:233][  0]LogInit: FAudioDevice initialized.
[2018.05.02-08.53.02:367][  0]LogDerivedDataCache: Saved boot cache 0.13s 57MB C:/Users/1/AppData/Local/UnrealEngine/4.9/DerivedDataCache/Boot.ddc.
[2018.05.02-08.53.02:376][  0]LogInit: Texture streaming: Enabled
[2018.05.02-08.53.02:410][  0]LogAnalytics: Creating configured Analytics provider AnalyticsET
[2018.05.02-08.53.02:410][  0]LogAnalytics: [UEEditor.Rocket.Release] APIServer = http://et2.epicgames.com/ET2/. AppVersion = 4.9.2-2707645+++depot+UE4-Releases+4.9
[2018.05.02-08.53.02:410][  0]LogAnalytics: [UEEditor.Rocket.Release] SetUserId fdb2de1848db1fa47a6f94acde81dca0|be1dc849c34248278283a980c6ca8968|82021297-a794-427f-b0e0-602fe21b1b06
[2018.05.02-08.53.02:444][  0]LogAnalytics: [UEEditor.Rocket.Release] AnalyticsET::StartSession
[2018.05.02-08.53.03:772][  0]LogInit: Transaction tracking system initialized
[2018.05.02-08.53.07:361][  0]BlueprintLog: New page: Editor Load
[2018.05.02-08.53.18:822][  0]LocalizationService: Info Localization service is disabled
[2018.05.02-08.53.24:358][  0]LogConsoleResponse:Display: 
[2018.05.02-08.53.29:126][  0]LogFileCache: Scanning file cache for directory 'D:/sergey/UnrealProjects/TopDownProject/Content/' took 0.02s
[2018.05.02-08.53.29:126][  0]LogCook:Display: Done creating registry. It took  0.00s.
[2018.05.02-08.53.33:421][  0]SourceControl: Info Source control is disabled
[2018.05.02-08.53.33:552][  0]Cmd: MAP LOAD FILE="../../../../sergey/UnrealProjects/TopDownProject/Content/TopDownBP/Maps/TopDownExampleMap.umap" TEMPLATE=0 SHOWPROGRESS=1 FEATURELEVEL=2
[2018.05.02-08.53.33:579][  0]LightingResults: New page: Lighting Build
[2018.05.02-08.53.34:214][  0]MapCheck: New page: Map Check
[2018.05.02-08.53.34:214][  0]LightingResults: New page: Lighting Build
[2018.05.02-08.53.34:268][  0]LogParticles: Destroying 0 GPU particle simulations for FXSystem 0x0000000023881DA0
[2018.05.02-08.53.34:546][  0]LogLinker:Warning: Asset '../../../../sergey/UnrealProjects/TopDownProject/Content/Mannequin/Animations/ThirdPerson_AnimBP.uasset' has been saved with empty engine version. The asset will be loaded but may be incompatible.
[2018.05.02-08.53.34:641][  0]LogLinker:Warning: Asset '../../../../sergey/UnrealProjects/TopDownProject/Content/Mannequin/Animations/ThirdPerson_Jump.uasset' has been saved with empty engine version. The asset will be loaded but may be incompatible.
[2018.05.02-08.53.34:700][  0]LogLinker:Warning: Asset '../../../../sergey/UnrealProjects/TopDownProject/Content/Mannequin/Animations/ThirdPersonJump_Loop.uasset' has been saved with empty engine version. The asset will be loaded but may be incompatible.
[2018.05.02-08.53.34:703][  0]LogLinker:Warning: Asset '../../../../sergey/UnrealProjects/TopDownProject/Content/Mannequin/Animations/ThirdPersonJump_Start.uasset' has been saved with empty engine version. The asset will be loaded but may be incompatible.
[2018.05.02-08.53.34:706][  0]LogLinker:Warning: Asset '../../../../sergey/UnrealProjects/TopDownProject/Content/Mannequin/Animations/ThirdPerson_IdleRun_2D.uasset' has been saved with empty engine version. The asset will be loaded but may be incompatible.
[2018.05.02-08.53.34:706][  0]LogLinker:Warning: Asset '../../../../sergey/UnrealProjects/TopDownProject/Content/Mannequin/Animations/ThirdPersonIdle.uasset' has been saved with empty engine version. The asset will be loaded but may be incompatible.
[2018.05.02-08.53.34:761][  0]LogLinker:Warning: Asset '../../../../sergey/UnrealProjects/TopDownProject/Content/Mannequin/Animations/ThirdPersonRun.uasset' has been saved with empty engine version. The asset will be loaded but may be incompatible.
[2018.05.02-08.53.34:764][  0]LogLinker:Warning: Asset '../../../../sergey/UnrealProjects/TopDownProject/Content/Mannequin/Animations/ThirdPersonWalk.uasset' has been saved with empty engine version. The asset will be loaded but may be incompatible.
[2018.05.02-08.53.40:419][  0]LogLinker:Warning: CreateExport: Failed to load Parent for Function /Game/TopDownBP/InventorySystem/Item/Items/Box.Box_C:UserConstructionScript; removing parent information, but keeping function
[2018.05.02-08.53.40:501][  0]LogLinker:Warning: CreateExport: Failed to load Parent for Function /Game/TopDownBP/InventorySystem/Item/Items/ItemSphere.ItemSphere_C:UserConstructionScript; removing parent information, but keeping function
[2018.05.02-08.53.40:520][  0]LogLinker:Warning: CreateExport: Failed to load Parent for Function /Game/TopDownBP/InventorySystem/Item/Items/ItemCone.ItemCone_C:UserConstructionScript; removing parent information, but keeping function
[2018.05.02-08.54.09:492][  0]LogAIModule: Creating AISystem for world TopDownExampleMap
[2018.05.02-08.54.09:739][  0]LogEditorServer: Finished looking for orphan Actors (0.053 secs)
[2018.05.02-08.54.09:992][  0]Cmd: MAP CHECKDEP NOCLEARLOG
[2018.05.02-08.54.10:191][  0]MapCheck: Info Map check complete: 0 Error(s), 0 Warning(s), took 198.653ms to complete.
[2018.05.02-08.54.10:191][  0]LogFileHelpers: Loading map 'TopDownExampleMap' took 36.638
[2018.05.02-08.54.13:972][  0]LogCollectionManager: Loaded 0 collections in 0.090395 seconds
[2018.05.02-08.54.14:914][  0]LogFileCache: Scanning file cache for directory 'D:/sergey/UnrealProjects/TopDownProject/Saved/Collections/' took 0.01s
[2018.05.02-08.54.14:914][  0]LogFileCache: Scanning file cache for directory 'D:/sergey/UnrealProjects/TopDownProject/Content/Developers/1/Collections/' took 0.01s
[2018.05.02-08.54.14:914][  0]LogFileCache: Scanning file cache for directory 'D:/sergey/UnrealProjects/TopDownProject/Content/Collections/' took 0.01s
[2018.05.02-08.54.14:914][  0]LogContentBrowser: Native class hierarchy populated in 0.3869 seconds. Added 1868 classes and 335 folders.
[2018.05.02-08.54.16:077][  0]LogCollectionManager: Rebuilt the GUID cache for 0 collections in 0.000003 seconds
[2018.05.02-08.54.16:485][  0]LogContentBrowser: Native class hierarchy updated for 'WidgetCarousel' in 0.0005 seconds. Added 0 classes and 0 folders.
[2018.05.02-08.54.24:423][  0]LogContentBrowser: Native class hierarchy updated for 'AddContentDialog' in 0.0005 seconds. Added 0 classes and 0 folders.
[2018.05.02-08.54.24:779][  0]LogCrashTracker: Crashtracker disabled due to settings.
[2018.05.02-08.54.24:965][  0]LogUObjectGlobals:Warning: Failed to find object 'Class None.'
[2018.05.02-08.54.25:420][  0]LogLoad: Full Startup: 272.34 seconds (BP compile: 2.19 seconds)
[2018.05.02-08.54.27:748][  0]LogContentStreaming: Texture pool size now 200 MB
[2018.05.02-08.54.28:188][  0]LogRenderer: Reallocating scene render targets to support 640x304 (Frame:2).
[2018.05.02-08.54.40:836][  1]LogCollectionManager: Rebuilt the object cache for 0 collections in 0.000002 seconds (found 0 objects)
[2018.05.02-08.54.46:934][ 15]LogAssetRegistry: Asset discovery search completed in 117.7598 seconds
[2018.05.02-08.54.46:934][ 15]LogCollectionManager: Fixed up redirectors for 0 collections in 0.000010 seconds (updated 0 objects)
[2018.05.02-08.55.27:894][204]LogBlueprintUserMessages: Early PlayInEditor Detection: Level '/Game/TopDownBP/Maps/TopDownExampleMap.TopDownExampleMap:PersistentLevel' has LevelScriptBlueprint '/Game/TopDownBP/Maps/TopDownExampleMap.TopDownExampleMap:PersistentLevel.TopDownExampleMap' with GeneratedClass '/Game/TopDownBP/Maps/TopDownExampleMap.TopDownExampleMap_C' with ClassGeneratedBy '/Game/TopDownBP/Maps/TopDownExampleMap.TopDownExampleMap:PersistentLevel.TopDownExampleMap'
[2018.05.02-08.55.27:894][204]LogPlayLevel: PlayLevel: No blueprints needed recompiling
[2018.05.02-08.55.27:895][204]PIE: New page: PIE session: TopDownExampleMap (May 3, 2018, 12:55:27 AM)
[2018.05.02-08.55.27:895][204]LogPlayLevel: Creating play world package: /Game/TopDownBP/Maps/UEDPIE_0_TopDownExampleMap
[2018.05.02-08.55.27:981][204]LogPlayLevel: PIE: StaticDuplicateObject took: (0.086246s)
[2018.05.02-08.55.27:985][204]LogAIModule: Creating AISystem for world TopDownExampleMap
[2018.05.02-08.55.27:985][204]LogPlayLevel: PIE: World Init took: (0.004121s)
[2018.05.02-08.55.27:986][204]LogPlayLevel: PIE: Created PIE world by copying editor world from /Game/TopDownBP/Maps/TopDownExampleMap.TopDownExampleMap to /Game/TopDownBP/Maps/UEDPIE_0_TopDownExampleMap.TopDownExampleMap (0.091046s)
[2018.05.02-08.55.27:986][204]LogActorComponent: UnregisterComponent: (/Engine/Transient.CharGoingForAction_GEN_VARIABLE) Not registered. Aborting.
[2018.05.02-08.55.27:986][204]LogActorComponent: UnregisterComponent: (/Engine/Transient.CursorOnActorText_GEN_VARIABLE) Not registered. Aborting.
[2018.05.02-08.55.27:986][204]LogActorComponent: UnregisterComponent: (/Engine/Transient.CharMoveComp) Not registered. Aborting.
[2018.05.02-08.55.28:104][204]LogInit: XAudio2 using 'Динамики (Устройство с поддержкой High Definition Audio)' : 2 channels at 44.1 kHz using 16 bits per sample (channel mask 0x3)
[2018.05.02-08.55.28:118][204]LogInit: FAudioDevice initialized.
[2018.05.02-08.55.29:281][204]LogWorld: Game class is 'TopDownGameMode_C'
[2018.05.02-08.55.29:310][204]LogWorld:Warning: *** WARNING - PATHS MAY NOT BE VALID ***
[2018.05.02-08.55.29:310][204]LogWorld: Bringing World /Game/TopDownBP/Maps/UEDPIE_0_TopDownExampleMap.TopDownExampleMap up for play (max tick rate 60) at 2018.05.02-16.55.29
[2018.05.02-08.55.29:311][204]LogActor:Warning: GameSession /Game/TopDownBP/Maps/UEDPIE_0_TopDownExampleMap.TopDownExampleMap:PersistentLevel.GameSession_0 has natively added scene component(s), but none of them were set as the actor's RootComponent - picking one arbitrarily
[2018.05.02-08.55.29:311][204]LogActor:Warning: GameNetworkManager /Game/TopDownBP/Maps/UEDPIE_0_TopDownExampleMap.TopDownExampleMap:PersistentLevel.GameNetworkManager_0 has natively added scene component(s), but none of them were set as the actor's RootComponent - picking one arbitrarily
[2018.05.02-08.55.29:312][204]LogWorld: Bringing up level for play took: 0.029947
[2018.05.02-08.55.29:317][204]PIE: Info Play in editor start time for /Game/TopDownBP/Maps/UEDPIE_0_TopDownExampleMap 1.394
[2018.05.02-08.55.29:317][204]LogBlueprintUserMessages: Late PlayInEditor Detection: Level '/Game/TopDownBP/Maps/TopDownExampleMap.TopDownExampleMap:PersistentLevel' has LevelScriptBlueprint '/Game/TopDownBP/Maps/TopDownExampleMap.TopDownExampleMap:PersistentLevel.TopDownExampleMap' with GeneratedClass '/Game/TopDownBP/Maps/TopDownExampleMap.TopDownExampleMap_C' with ClassGeneratedBy '/Game/TopDownBP/Maps/TopDownExampleMap.TopDownExampleMap:PersistentLevel.TopDownExampleMap'
[2018.05.02-08.55.33:259][242]LogSynthBenchmark:Display: FSynthBenchmark (V0.95):  requested WorkScale=1.00
[2018.05.02-08.55.33:259][242]LogSynthBenchmark:Display: ===============
[2018.05.02-08.55.33:259][242]LogSynthBenchmark:Display: Main Processor:
[2018.05.02-08.55.33:334][242]LogSynthBenchmark:Display:          ... 0.040787 s/Run 'RayIntersect'
[2018.05.02-08.55.33:334][242]LogSynthBenchmark:Display:          ... 0.033609 s/Run 'Fractal'
[2018.05.02-08.55.33:334][242]LogSynthBenchmark:Display: 
[2018.05.02-08.55.33:334][242]LogSynthBenchmark:Display:   CompiledTarget_x_Bits: 64
[2018.05.02-08.55.33:334][242]LogSynthBenchmark:Display:   UE_BUILD_SHIPPING: 0
[2018.05.02-08.55.33:334][242]LogSynthBenchmark:Display:   UE_BUILD_TEST: 0
[2018.05.02-08.55.33:334][242]LogSynthBenchmark:Display:   UE_BUILD_DEBUG: 0
[2018.05.02-08.55.33:334][242]LogSynthBenchmark:Display:   TotalPhysicalGBRam: 4
[2018.05.02-08.55.33:334][242]LogSynthBenchmark:Display:   NumberOfCores (physical): 2
[2018.05.02-08.55.33:334][242]LogSynthBenchmark:Display:   NumberOfCores (logical): 4
[2018.05.02-08.55.33:334][242]LogSynthBenchmark:Display:   CPU Perf Index 0: 62.8
[2018.05.02-08.55.33:334][242]LogSynthBenchmark:Display:   CPU Perf Index 1: 85.1
[2018.05.02-08.55.33:334][242]LogSynthBenchmark:Display:  
[2018.05.02-08.55.33:334][242]LogSynthBenchmark:Display: Graphics:
[2018.05.02-08.55.33:334][242]LogSynthBenchmark:Display:   Adapter Name: 'Intel(R) HD Graphics 3000'
[2018.05.02-08.55.33:334][242]LogSynthBenchmark:Display:   (On Optimus the name might be wrong, memory should be ok)
[2018.05.02-08.55.33:334][242]LogSynthBenchmark:Display:   Vendor Id: 0x8086
[2018.05.02-08.55.33:334][242]LogSynthBenchmark:Display:   GPU Memory: 64/0/1632 MB
[2018.05.02-08.55.33:334][242]LogSynthBenchmark:Display:   CPUIndex: 62.8
[2018.05.02-08.55.33:334][242]LogSynthBenchmark:Display:   GPUIndex: -1.$
[2018.05.02-08.55.33:334][242]LogSynthBenchmark:Display: 
[2018.05.02-08.55.33:334][242]LogSynthBenchmark:Display:          ... Total Time: 0.307959 sec
[2018.05.02-08.55.39:633][268]LogBlueprintUserMessages: Early EndPlayMap Detection: Level '/Game/TopDownBP/Maps/TopDownExampleMap.TopDownExampleMap:PersistentLevel' has LevelScriptBlueprint '/Game/TopDownBP/Maps/TopDownExampleMap.TopDownExampleMap:PersistentLevel.TopDownExampleMap' with GeneratedClass '/Game/TopDownBP/Maps/TopDownExampleMap.TopDownExampleMap_C' with ClassGeneratedBy '/Game/TopDownBP/Maps/TopDownExampleMap.TopDownExampleMap:PersistentLevel.TopDownExampleMap'
[2018.05.02-08.55.39:739][268]LogBlueprintUserMessages: Late EndPlayMap Detection: Level '/Game/TopDownBP/Maps/TopDownExampleMap.TopDownExampleMap:PersistentLevel' has LevelScriptBlueprint '/Game/TopDownBP/Maps/TopDownExampleMap.TopDownExampleMap:PersistentLevel.TopDownExampleMap' with GeneratedClass '/Game/TopDownBP/Maps/TopDownExampleMap.TopDownExampleMap_C' with ClassGeneratedBy '/Game/TopDownBP/Maps/TopDownExampleMap.TopDownExampleMap:PersistentLevel.TopDownExampleMap'
[2018.05.02-08.55.39:783][268]LogParticles: Destroying 0 GPU particle simulations for FXSystem 0x0000000037938C20
[2018.05.02-08.55.44:299][358]LogBlueprintUserMessages: Early PlayInEditor Detection: Level '/Game/TopDownBP/Maps/TopDownExampleMap.TopDownExampleMap:PersistentLevel' has LevelScriptBlueprint '/Game/TopDownBP/Maps/TopDownExampleMap.TopDownExampleMap:PersistentLevel.TopDownExampleMap' with GeneratedClass '/Game/TopDownBP/Maps/TopDownExampleMap.TopDownExampleMap_C' with ClassGeneratedBy '/Game/TopDownBP/Maps/TopDownExampleMap.TopDownExampleMap:PersistentLevel.TopDownExampleMap'
[2018.05.02-08.55.44:299][358]LogPlayLevel: PlayLevel: No blueprints needed recompiling
[2018.05.02-08.55.44:299][358]PIE: New page: PIE session: TopDownExampleMap (May 3, 2018, 12:55:44 AM)
[2018.05.02-08.55.44:299][358]LogPlayLevel: Creating play world package: /Game/TopDownBP/Maps/UEDPIE_0_TopDownExampleMap
[2018.05.02-08.55.44:394][358]LogPlayLevel: PIE: StaticDuplicateObject took: (0.094877s)
[2018.05.02-08.55.44:409][358]LogAIModule: Creating AISystem for world TopDownExampleMap
[2018.05.02-08.55.44:409][358]LogPlayLevel: PIE: World Init took: (0.015015s)
[2018.05.02-08.55.44:409][358]LogPlayLevel: PIE: Created PIE world by copying editor world from /Game/TopDownBP/Maps/TopDownExampleMap.TopDownExampleMap to /Game/TopDownBP/Maps/UEDPIE_0_TopDownExampleMap.TopDownExampleMap (0.110350s)
[2018.05.02-08.55.44:467][358]LogInit: XAudio2 using 'Динамики (Устройство с поддержкой High Definition Audio)' : 2 channels at 44.1 kHz using 16 bits per sample (channel mask 0x3)
[2018.05.02-08.55.44:475][358]LogInit: FAudioDevice initialized.
[2018.05.02-08.55.44:519][358]LogWorld: Game class is 'TopDownGameMode_C'
[2018.05.02-08.55.44:540][358]LogWorld:Warning: *** WARNING - PATHS MAY NOT BE VALID ***
[2018.05.02-08.55.44:540][358]LogWorld: Bringing World /Game/TopDownBP/Maps/UEDPIE_0_TopDownExampleMap.TopDownExampleMap up for play (max tick rate 60) at 2018.05.02-16.55.44
[2018.05.02-08.55.44:540][358]LogActor:Warning: GameSession /Game/TopDownBP/Maps/UEDPIE_0_TopDownExampleMap.TopDownExampleMap:PersistentLevel.GameSession_1 has natively added scene component(s), but none of them were set as the actor's RootComponent - picking one arbitrarily
[2018.05.02-08.55.44:540][358]LogActor:Warning: GameNetworkManager /Game/TopDownBP/Maps/UEDPIE_0_TopDownExampleMap.TopDownExampleMap:PersistentLevel.GameNetworkManager_1 has natively added scene component(s), but none of them were set as the actor's RootComponent - picking one arbitrarily
[2018.05.02-08.55.44:542][358]LogWorld: Bringing up level for play took: 0.021022
[2018.05.02-08.55.44:567][358]PIE: Info Play in editor start time for /Game/TopDownBP/Maps/UEDPIE_0_TopDownExampleMap 0.643
[2018.05.02-08.55.44:567][358]LogBlueprintUserMessages: Late PlayInEditor Detection: Level '/Game/TopDownBP/Maps/TopDownExampleMap.TopDownExampleMap:PersistentLevel' has LevelScriptBlueprint '/Game/TopDownBP/Maps/TopDownExampleMap.TopDownExampleMap:PersistentLevel.TopDownExampleMap' with GeneratedClass '/Game/TopDownBP/Maps/TopDownExampleMap.TopDownExampleMap_C' with ClassGeneratedBy '/Game/TopDownBP/Maps/TopDownExampleMap.TopDownExampleMap:PersistentLevel.TopDownExampleMap'
[2018.05.02-08.55.44:686][359]LogRenderer: Reallocating scene render targets to support 1280x720 (Frame:97).
[2018.05.02-08.55.47:072][382]LogBlueprintUserMessages: Early EndPlayMap Detection: Level '/Game/TopDownBP/Maps/TopDownExampleMap.TopDownExampleMap:PersistentLevel' has LevelScriptBlueprint '/Game/TopDownBP/Maps/TopDownExampleMap.TopDownExampleMap:PersistentLevel.TopDownExampleMap' with GeneratedClass '/Game/TopDownBP/Maps/TopDownExampleMap.TopDownExampleMap_C' with ClassGeneratedBy '/Game/TopDownBP/Maps/TopDownExampleMap.TopDownExampleMap:PersistentLevel.TopDownExampleMap'
[2018.05.02-08.55.47:276][382]LogBlueprintUserMessages: Late EndPlayMap Detection: Level '/Game/TopDownBP/Maps/TopDownExampleMap.TopDownExampleMap:PersistentLevel' has LevelScriptBlueprint '/Game/TopDownBP/Maps/TopDownExampleMap.TopDownExampleMap:PersistentLevel.TopDownExampleMap' with GeneratedClass '/Game/TopDownBP/Maps/TopDownExampleMap.TopDownExampleMap_C' with ClassGeneratedBy '/Game/TopDownBP/Maps/TopDownExampleMap.TopDownExampleMap:PersistentLevel.TopDownExampleMap'
[2018.05.02-08.55.47:348][383]LogParticles: Destroying 0 GPU particle simulations for FXSystem 0x0000000010CCEE80
[2018.05.02-08.55.54:816][575]LogBlueprintUserMessages: Early PlayInEditor Detection: Level '/Game/TopDownBP/Maps/TopDownExampleMap.TopDownExampleMap:PersistentLevel' has LevelScriptBlueprint '/Game/TopDownBP/Maps/TopDownExampleMap.TopDownExampleMap:PersistentLevel.TopDownExampleMap' with GeneratedClass '/Game/TopDownBP/Maps/TopDownExampleMap.TopDownExampleMap_C' with ClassGeneratedBy '/Game/TopDownBP/Maps/TopDownExampleMap.TopDownExampleMap:PersistentLevel.TopDownExampleMap'
[2018.05.02-08.55.54:816][575]LogPlayLevel: PlayLevel: No blueprints needed recompiling
[2018.05.02-08.55.54:817][575]PIE: New page: PIE session: TopDownExampleMap (May 3, 2018, 12:55:54 AM)
[2018.05.02-08.55.54:817][575]LogPlayLevel: Creating play world package: /Game/TopDownBP/Maps/UEDPIE_0_TopDownExampleMap
[2018.05.02-08.55.54:876][575]LogPlayLevel: PIE: StaticDuplicateObject took: (0.059364s)
[2018.05.02-08.55.54:885][575]LogAIModule: Creating AISystem for world TopDownExampleMap
[2018.05.02-08.55.54:885][575]LogPlayLevel: PIE: World Init took: (0.009165s)
[2018.05.02-08.55.54:886][575]LogPlayLevel: PIE: Created PIE world by copying editor world from /Game/TopDownBP/Maps/TopDownExampleMap.TopDownExampleMap to /Game/TopDownBP/Maps/UEDPIE_0_TopDownExampleMap.TopDownExampleMap (0.069145s)
[2018.05.02-08.55.54:954][575]LogInit: XAudio2 using 'Динамики (Устройство с поддержкой High Definition Audio)' : 2 channels at 44.1 kHz using 16 bits per sample (channel mask 0x3)
[2018.05.02-08.55.54:961][575]LogInit: FAudioDevice initialized.
[2018.05.02-08.55.55:004][575]LogWorld: Game class is 'TopDownGameMode_C'
[2018.05.02-08.55.55:027][575]LogWorld:Warning: *** WARNING - PATHS MAY NOT BE VALID ***
[2018.05.02-08.55.55:027][575]LogWorld: Bringing World /Game/TopDownBP/Maps/UEDPIE_0_TopDownExampleMap.TopDownExampleMap up for play (max tick rate 60) at 2018.05.02-16.55.55
[2018.05.02-08.55.55:027][575]LogActor:Warning: GameSession /Game/TopDownBP/Maps/UEDPIE_0_TopDownExampleMap.TopDownExampleMap:PersistentLevel.GameSession_2 has natively added scene component(s), but none of them were set as the actor's RootComponent - picking one arbitrarily
[2018.05.02-08.55.55:027][575]LogActor:Warning: GameNetworkManager /Game/TopDownBP/Maps/UEDPIE_0_TopDownExampleMap.TopDownExampleMap:PersistentLevel.GameNetworkManager_2 has natively added scene component(s), but none of them were set as the actor's RootComponent - picking one arbitrarily
[2018.05.02-08.55.55:029][575]LogWorld: Bringing up level for play took: 0.023922
[2018.05.02-08.55.55:053][575]PIE: Info Play in editor start time for /Game/TopDownBP/Maps/UEDPIE_0_TopDownExampleMap 1.129
[2018.05.02-08.55.55:053][575]LogBlueprintUserMessages: Late PlayInEditor Detection: Level '/Game/TopDownBP/Maps/TopDownExampleMap.TopDownExampleMap:PersistentLevel' has LevelScriptBlueprint '/Game/TopDownBP/Maps/TopDownExampleMap.TopDownExampleMap:PersistentLevel.TopDownExampleMap' with GeneratedClass '/Game/TopDownBP/Maps/TopDownExampleMap.TopDownExampleMap_C' with ClassGeneratedBy '/Game/TopDownBP/Maps/TopDownExampleMap.TopDownExampleMap:PersistentLevel.TopDownExampleMap'
[2018.05.02-08.56.32:682][909]LogBlueprintUserMessages: Early EndPlayMap Detection: Level '/Game/TopDownBP/Maps/TopDownExampleMap.TopDownExampleMap:PersistentLevel' has LevelScriptBlueprint '/Game/TopDownBP/Maps/TopDownExampleMap.TopDownExampleMap:PersistentLevel.TopDownExampleMap' with GeneratedClass '/Game/TopDownBP/Maps/TopDownExampleMap.TopDownExampleMap_C' with ClassGeneratedBy '/Game/TopDownBP/Maps/TopDownExampleMap.TopDownExampleMap:PersistentLevel.TopDownExampleMap'
[2018.05.02-08.56.32:849][909]LogBlueprintUserMessages: Late EndPlayMap Detection: Level '/Game/TopDownBP/Maps/TopDownExampleMap.TopDownExampleMap:PersistentLevel' has LevelScriptBlueprint '/Game/TopDownBP/Maps/TopDownExampleMap.TopDownExampleMap:PersistentLevel.TopDownExampleMap' with GeneratedClass '/Game/TopDownBP/Maps/TopDownExampleMap.TopDownExampleMap_C' with ClassGeneratedBy '/Game/TopDownBP/Maps/TopDownExampleMap.TopDownExampleMap:PersistentLevel.TopDownExampleMap'
[2018.05.02-08.56.32:910][910]LogParticles: Destroying 0 GPU particle simulations for FXSystem 0x0000000010AB5120
[2018.05.02-08.56.35:624][950]LogLinker:Warning: Asset '../../../Engine/Content/ArtTools/RenderToTexture/Macros/RenderToTextureMacros.uasset' has been saved with empty engine version. The asset will be loaded but may be incompatible.
[2018.05.02-08.56.37:346][950]LogContentBrowser: Native class hierarchy updated for 'BlueprintGraph' in 0.0016 seconds. Added 107 classes and 0 folders.
[2018.05.02-08.56.47:221][ 55]LogWindowsTextInputMethodSystem:Display: IME system now deactivated.
[2018.05.02-08.56.50:295][ 90]BlueprintLog: New page: Compile DisappearsWhenThePlayerNext
[2018.05.02-08.56.50:432][ 90]LogActorComponent: UnregisterComponent: (/Engine/Transient.CharMoveComp) Not registered. Aborting.
[2018.05.02-08.56.50:511][ 90]BlueprintEditorCompileResults: Info [0417.43] Compile of DisappearsWhenThePlayerNext successful! [in 215 ms]
[2018.05.02-08.56.52:176][122]LogBlueprintUserMessages: Early PlayInEditor Detection: Level '/Game/TopDownBP/Maps/TopDownExampleMap.TopDownExampleMap:PersistentLevel' has LevelScriptBlueprint '/Game/TopDownBP/Maps/TopDownExampleMap.TopDownExampleMap:PersistentLevel.TopDownExampleMap' with GeneratedClass '/Game/TopDownBP/Maps/TopDownExampleMap.TopDownExampleMap_C' with ClassGeneratedBy '/Game/TopDownBP/Maps/TopDownExampleMap.TopDownExampleMap:PersistentLevel.TopDownExampleMap'
[2018.05.02-08.56.52:176][122]LogPlayLevel: PlayLevel: No blueprints needed recompiling
[2018.05.02-08.56.52:176][122]PIE: New page: PIE session: TopDownExampleMap (May 3, 2018, 12:56:52 AM)
[2018.05.02-08.56.52:176][122]LogPlayLevel: Creating play world package: /Game/TopDownBP/Maps/UEDPIE_0_TopDownExampleMap
[2018.05.02-08.56.52:262][122]LogPlayLevel: PIE: StaticDuplicateObject took: (0.085421s)
[2018.05.02-08.56.52:264][122]LogAIModule: Creating AISystem for world TopDownExampleMap
[2018.05.02-08.56.52:265][122]LogPlayLevel: PIE: World Init took: (0.002664s)
[2018.05.02-08.56.52:265][122]LogPlayLevel: PIE: Created PIE world by copying editor world from /Game/TopDownBP/Maps/TopDownExampleMap.TopDownExampleMap to /Game/TopDownBP/Maps/UEDPIE_0_TopDownExampleMap.TopDownExampleMap (0.088739s)
[2018.05.02-08.56.52:339][122]LogInit: XAudio2 using 'Динамики (Устройство с поддержкой High Definition Audio)' : 2 channels at 44.1 kHz using 16 bits per sample (channel mask 0x3)
[2018.05.02-08.56.52:347][122]LogInit: FAudioDevice initialized.
[2018.05.02-08.56.52:394][122]LogWorld: Game class is 'TopDownGameMode_C'
[2018.05.02-08.56.52:417][122]LogWorld:Warning: *** WARNING - PATHS MAY NOT BE VALID ***
[2018.05.02-08.56.52:417][122]LogWorld: Bringing World /Game/TopDownBP/Maps/UEDPIE_0_TopDownExampleMap.TopDownExampleMap up for play (max tick rate 60) at 2018.05.02-16.56.52
[2018.05.02-08.56.52:417][122]LogActor:Warning: GameSession /Game/TopDownBP/Maps/UEDPIE_0_TopDownExampleMap.TopDownExampleMap:PersistentLevel.GameSession_3 has natively added scene component(s), but none of them were set as the actor's RootComponent - picking one arbitrarily
[2018.05.02-08.56.52:417][122]LogActor:Warning: GameNetworkManager /Game/TopDownBP/Maps/UEDPIE_0_TopDownExampleMap.TopDownExampleMap:PersistentLevel.GameNetworkManager_3 has natively added scene component(s), but none of them were set as the actor's RootComponent - picking one arbitrarily
[2018.05.02-08.56.52:419][122]LogWorld: Bringing up level for play took: 0.024259
[2018.05.02-08.56.52:480][122]PIE: Info Play in editor start time for /Game/TopDownBP/Maps/UEDPIE_0_TopDownExampleMap 0.555
[2018.05.02-08.56.52:480][122]LogBlueprintUserMessages: Late PlayInEditor Detection: Level '/Game/TopDownBP/Maps/TopDownExampleMap.TopDownExampleMap:PersistentLevel' has LevelScriptBlueprint '/Game/TopDownBP/Maps/TopDownExampleMap.TopDownExampleMap:PersistentLevel.TopDownExampleMap' with GeneratedClass '/Game/TopDownBP/Maps/TopDownExampleMap.TopDownExampleMap_C' with ClassGeneratedBy '/Game/TopDownBP/Maps/TopDownExampleMap.TopDownExampleMap:PersistentLevel.TopDownExampleMap'
[2018.05.02-08.57.17:101][368]LogBlueprintUserMessages: Early EndPlayMap Detection: Level '/Game/TopDownBP/Maps/TopDownExampleMap.TopDownExampleMap:PersistentLevel' has LevelScriptBlueprint '/Game/TopDownBP/Maps/TopDownExampleMap.TopDownExampleMap:PersistentLevel.TopDownExampleMap' with GeneratedClass '/Game/TopDownBP/Maps/TopDownExampleMap.TopDownExampleMap_C' with ClassGeneratedBy '/Game/TopDownBP/Maps/TopDownExampleMap.TopDownExampleMap:PersistentLevel.TopDownExampleMap'
[2018.05.02-08.57.17:273][368]LogBlueprintUserMessages: Late EndPlayMap Detection: Level '/Game/TopDownBP/Maps/TopDownExampleMap.TopDownExampleMap:PersistentLevel' has LevelScriptBlueprint '/Game/TopDownBP/Maps/TopDownExampleMap.TopDownExampleMap:PersistentLevel.TopDownExampleMap' with GeneratedClass '/Game/TopDownBP/Maps/TopDownExampleMap.TopDownExampleMap_C' with ClassGeneratedBy '/Game/TopDownBP/Maps/TopDownExampleMap.TopDownExampleMap:PersistentLevel.TopDownExampleMap'
[2018.05.02-08.57.17:338][368]LogParticles: Destroying 0 GPU particle simulations for FXSystem 0x000000004E15AD40
[2018.05.02-08.57.18:457][401]LogBlueprintUserMessages: Early PlayInEditor Detection: Level '/Game/TopDownBP/Maps/TopDownExampleMap.TopDownExampleMap:PersistentLevel' has LevelScriptBlueprint '/Game/TopDownBP/Maps/TopDownExampleMap.TopDownExampleMap:PersistentLevel.TopDownExampleMap' with GeneratedClass '/Game/TopDownBP/Maps/TopDownExampleMap.TopDownExampleMap_C' with ClassGeneratedBy '/Game/TopDownBP/Maps/TopDownExampleMap.TopDownExampleMap:PersistentLevel.TopDownExampleMap'
[2018.05.02-08.57.18:457][401]LogPlayLevel: PlayLevel: No blueprints needed recompiling
[2018.05.02-08.57.18:457][401]PIE: New page: PIE session: TopDownExampleMap (May 3, 2018, 12:57:18 AM)
[2018.05.02-08.57.18:457][401]LogPlayLevel: Creating play world package: /Game/TopDownBP/Maps/UEDPIE_0_TopDownExampleMap
[2018.05.02-08.57.18:536][401]LogPlayLevel: PIE: StaticDuplicateObject took: (0.078586s)
[2018.05.02-08.57.18:538][401]LogAIModule: Creating AISystem for world TopDownExampleMap
[2018.05.02-08.57.18:539][401]LogPlayLevel: PIE: World Init took: (0.003105s)
[2018.05.02-08.57.18:540][401]LogPlayLevel: PIE: Created PIE world by copying editor world from /Game/TopDownBP/Maps/TopDownExampleMap.TopDownExampleMap to /Game/TopDownBP/Maps/UEDPIE_0_TopDownExampleMap.TopDownExampleMap (0.082548s)
[2018.05.02-08.57.18:609][401]LogInit: XAudio2 using 'Динамики (Устройство с поддержкой High Definition Audio)' : 2 channels at 44.1 kHz using 16 bits per sample (channel mask 0x3)
[2018.05.02-08.57.18:616][401]LogInit: FAudioDevice initialized.
[2018.05.02-08.57.18:655][401]LogWorld: Game class is 'TopDownGameMode_C'
[2018.05.02-08.57.18:685][401]LogWorld:Warning: *** WARNING - PATHS MAY NOT BE VALID ***
[2018.05.02-08.57.18:685][401]LogWorld: Bringing World /Game/TopDownBP/Maps/UEDPIE_0_TopDownExampleMap.TopDownExampleMap up for play (max tick rate 60) at 2018.05.02-16.57.18
[2018.05.02-08.57.18:685][401]LogActor:Warning: GameSession /Game/TopDownBP/Maps/UEDPIE_0_TopDownExampleMap.TopDownExampleMap:PersistentLevel.GameSession_4 has natively added scene component(s), but none of them were set as the actor's RootComponent - picking one arbitrarily
[2018.05.02-08.57.18:685][401]LogActor:Warning: GameNetworkManager /Game/TopDownBP/Maps/UEDPIE_0_TopDownExampleMap.TopDownExampleMap:PersistentLevel.GameNetworkManager_4 has natively added scene component(s), but none of them were set as the actor's RootComponent - picking one arbitrarily
[2018.05.02-08.57.18:686][401]LogWorld: Bringing up level for play took: 0.029114
[2018.05.02-08.57.18:730][401]PIE: Info Play in editor start time for /Game/TopDownBP/Maps/UEDPIE_0_TopDownExampleMap 0.804
[2018.05.02-08.57.18:730][401]LogBlueprintUserMessages: Late PlayInEditor Detection: Level '/Game/TopDownBP/Maps/TopDownExampleMap.TopDownExampleMap:PersistentLevel' has LevelScriptBlueprint '/Game/TopDownBP/Maps/TopDownExampleMap.TopDownExampleMap:PersistentLevel.TopDownExampleMap' with GeneratedClass '/Game/TopDownBP/Maps/TopDownExampleMap.TopDownExampleMap_C' with ClassGeneratedBy '/Game/TopDownBP/Maps/TopDownExampleMap.TopDownExampleMap:PersistentLevel.TopDownExampleMap'
[2018.05.02-08.58.30:713][ 36]LogBlueprintUserMessages: Early EndPlayMap Detection: Level '/Game/TopDownBP/Maps/TopDownExampleMap.TopDownExampleMap:PersistentLevel' has LevelScriptBlueprint '/Game/TopDownBP/Maps/TopDownExampleMap.TopDownExampleMap:PersistentLevel.TopDownExampleMap' with GeneratedClass '/Game/TopDownBP/Maps/TopDownExampleMap.TopDownExampleMap_C' with ClassGeneratedBy '/Game/TopDownBP/Maps/TopDownExampleMap.TopDownExampleMap:PersistentLevel.TopDownExampleMap'
[2018.05.02-08.58.30:748][ 36]LogBlueprintUserMessages: Late EndPlayMap Detection: Level '/Game/TopDownBP/Maps/TopDownExampleMap.TopDownExampleMap:PersistentLevel' has LevelScriptBlueprint '/Game/TopDownBP/Maps/TopDownExampleMap.TopDownExampleMap:PersistentLevel.TopDownExampleMap' with GeneratedClass '/Game/TopDownBP/Maps/TopDownExampleMap.TopDownExampleMap_C' with ClassGeneratedBy '/Game/TopDownBP/Maps/TopDownExampleMap.TopDownExampleMap:PersistentLevel.TopDownExampleMap'
[2018.05.02-08.58.30:834][ 36]LogParticles: Destroying 0 GPU particle simulations for FXSystem 0x000000004D844B80
[2018.05.02-08.58.31:640][ 55]LogBlueprintUserMessages: Early PlayInEditor Detection: Level '/Game/TopDownBP/Maps/TopDownExampleMap.TopDownExampleMap:PersistentLevel' has LevelScriptBlueprint '/Game/TopDownBP/Maps/TopDownExampleMap.TopDownExampleMap:PersistentLevel.TopDownExampleMap' with GeneratedClass '/Game/TopDownBP/Maps/TopDownExampleMap.TopDownExampleMap_C' with ClassGeneratedBy '/Game/TopDownBP/Maps/TopDownExampleMap.TopDownExampleMap:PersistentLevel.TopDownExampleMap'
[2018.05.02-08.58.31:640][ 55]LogPlayLevel: PlayLevel: No blueprints needed recompiling
[2018.05.02-08.58.31:640][ 55]PIE: New page: PIE session: TopDownExampleMap (May 3, 2018, 12:58:31 AM)
[2018.05.02-08.58.31:640][ 55]LogPlayLevel: Creating play world package: /Game/TopDownBP/Maps/UEDPIE_0_TopDownExampleMap
[2018.05.02-08.58.31:704][ 55]LogPlayLevel: PIE: StaticDuplicateObject took: (0.064383s)
[2018.05.02-08.58.31:712][ 55]LogAIModule: Creating AISystem for world TopDownExampleMap
[2018.05.02-08.58.31:713][ 55]LogPlayLevel: PIE: World Init took: (0.008133s)
[2018.05.02-08.58.31:713][ 55]LogPlayLevel: PIE: Created PIE world by copying editor world from /Game/TopDownBP/Maps/TopDownExampleMap.TopDownExampleMap to /Game/TopDownBP/Maps/UEDPIE_0_TopDownExampleMap.TopDownExampleMap (0.072917s)
[2018.05.02-08.58.31:801][ 55]LogInit: XAudio2 using 'Динамики (Устройство с поддержкой High Definition Audio)' : 2 channels at 44.1 kHz using 16 bits per sample (channel mask 0x3)
[2018.05.02-08.58.31:810][ 55]LogInit: FAudioDevice initialized.
[2018.05.02-08.58.31:850][ 55]LogWorld: Game class is 'TopDownGameMode_C'
[2018.05.02-08.58.31:874][ 55]LogWorld:Warning: *** WARNING - PATHS MAY NOT BE VALID ***
[2018.05.02-08.58.31:875][ 55]LogWorld: Bringing World /Game/TopDownBP/Maps/UEDPIE_0_TopDownExampleMap.TopDownExampleMap up for play (max tick rate 60) at 2018.05.02-16.58.31
[2018.05.02-08.58.31:875][ 55]LogActor:Warning: GameSession /Game/TopDownBP/Maps/UEDPIE_0_TopDownExampleMap.TopDownExampleMap:PersistentLevel.GameSession_5 has natively added scene component(s), but none of them were set as the actor's RootComponent - picking one arbitrarily
[2018.05.02-08.58.31:875][ 55]LogActor:Warning: GameNetworkManager /Game/TopDownBP/Maps/UEDPIE_0_TopDownExampleMap.TopDownExampleMap:PersistentLevel.GameNetworkManager_5 has natively added scene component(s), but none of them were set as the actor's RootComponent - picking one arbitrarily
[2018.05.02-08.58.31:876][ 55]LogWorld: Bringing up level for play took: 0.025307
[2018.05.02-08.58.31:921][ 55]PIE: Info Play in editor start time for /Game/TopDownBP/Maps/UEDPIE_0_TopDownExampleMap -0.007
[2018.05.02-08.58.31:921][ 55]LogBlueprintUserMessages: Late PlayInEditor Detection: Level '/Game/TopDownBP/Maps/TopDownExampleMap.TopDownExampleMap:PersistentLevel' has LevelScriptBlueprint '/Game/TopDownBP/Maps/TopDownExampleMap.TopDownExampleMap:PersistentLevel.TopDownExampleMap' with GeneratedClass '/Game/TopDownBP/Maps/TopDownExampleMap.TopDownExampleMap_C' with ClassGeneratedBy '/Game/TopDownBP/Maps/TopDownExampleMap.TopDownExampleMap:PersistentLevel.TopDownExampleMap'
[2018.05.02-08.58.38:991][132]LogBlueprintUserMessages: Early EndPlayMap Detection: Level '/Game/TopDownBP/Maps/TopDownExampleMap.TopDownExampleMap:PersistentLevel' has LevelScriptBlueprint '/Game/TopDownBP/Maps/TopDownExampleMap.TopDownExampleMap:PersistentLevel.TopDownExampleMap' with GeneratedClass '/Game/TopDownBP/Maps/TopDownExampleMap.TopDownExampleMap_C' with ClassGeneratedBy '/Game/TopDownBP/Maps/TopDownExampleMap.TopDownExampleMap:PersistentLevel.TopDownExampleMap'
[2018.05.02-08.58.39:191][132]LogBlueprintUserMessages: Late EndPlayMap Detection: Level '/Game/TopDownBP/Maps/TopDownExampleMap.TopDownExampleMap:PersistentLevel' has LevelScriptBlueprint '/Game/TopDownBP/Maps/TopDownExampleMap.TopDownExampleMap:PersistentLevel.TopDownExampleMap' with GeneratedClass '/Game/TopDownBP/Maps/TopDownExampleMap.TopDownExampleMap_C' with ClassGeneratedBy '/Game/TopDownBP/Maps/TopDownExampleMap.TopDownExampleMap:PersistentLevel.TopDownExampleMap'
[2018.05.02-08.58.39:310][133]LogParticles: Destroying 0 GPU particle simulations for FXSystem 0x000000004E158720
[2018.05.02-08.58.42:074][212]LogBlueprintUserMessages: Early PlayInEditor Detection: Level '/Game/TopDownBP/Maps/TopDownExampleMap.TopDownExampleMap:PersistentLevel' has LevelScriptBlueprint '/Game/TopDownBP/Maps/TopDownExampleMap.TopDownExampleMap:PersistentLevel.TopDownExampleMap' with GeneratedClass '/Game/TopDownBP/Maps/TopDownExampleMap.TopDownExampleMap_C' with ClassGeneratedBy '/Game/TopDownBP/Maps/TopDownExampleMap.TopDownExampleMap:PersistentLevel.TopDownExampleMap'
[2018.05.02-08.58.42:074][212]LogPlayLevel: PlayLevel: No blueprints needed recompiling
[2018.05.02-08.58.42:074][212]PIE: New page: PIE session: TopDownExampleMap (May 3, 2018, 12:58:42 AM)
[2018.05.02-08.58.42:074][212]LogPlayLevel: Creating play world package: /Game/TopDownBP/Maps/UEDPIE_0_TopDownExampleMap
[2018.05.02-08.58.42:152][212]LogPlayLevel: PIE: StaticDuplicateObject took: (0.077765s)
[2018.05.02-08.58.42:155][212]LogAIModule: Creating AISystem for world TopDownExampleMap
[2018.05.02-08.58.42:155][212]LogPlayLevel: PIE: World Init took: (0.003065s)
[2018.05.02-08.58.42:155][212]LogPlayLevel: PIE: Created PIE world by copying editor world from /Game/TopDownBP/Maps/TopDownExampleMap.TopDownExampleMap to /Game/TopDownBP/Maps/UEDPIE_0_TopDownExampleMap.TopDownExampleMap (0.081431s)
[2018.05.02-08.58.42:156][212]LogActorComponent: UnregisterComponent: (/Engine/Transient.CharMoveComp) Not registered. Aborting.
[2018.05.02-08.58.42:220][212]LogInit: XAudio2 using 'Динамики (Устройство с поддержкой High Definition Audio)' : 2 channels at 44.1 kHz using 16 bits per sample (channel mask 0x3)
[2018.05.02-08.58.42:229][212]LogInit: FAudioDevice initialized.
[2018.05.02-08.58.42:271][212]LogWorld: Game class is 'TopDownGameMode_C'
[2018.05.02-08.58.42:290][212]LogWorld:Warning: *** WARNING - PATHS MAY NOT BE VALID ***
[2018.05.02-08.58.42:291][212]LogWorld: Bringing World /Game/TopDownBP/Maps/UEDPIE_0_TopDownExampleMap.TopDownExampleMap up for play (max tick rate 60) at 2018.05.02-16.58.42
[2018.05.02-08.58.42:291][212]LogActor:Warning: GameSession /Game/TopDownBP/Maps/UEDPIE_0_TopDownExampleMap.TopDownExampleMap:PersistentLevel.GameSession_6 has natively added scene component(s), but none of them were set as the actor's RootComponent - picking one arbitrarily
[2018.05.02-08.58.42:291][212]LogActor:Warning: GameNetworkManager /Game/TopDownBP/Maps/UEDPIE_0_TopDownExampleMap.TopDownExampleMap:PersistentLevel.GameNetworkManager_6 has natively added scene component(s), but none of them were set as the actor's RootComponent - picking one arbitrarily
[2018.05.02-08.58.42:292][212]LogWorld: Bringing up level for play took: 0.020564
[2018.05.02-08.58.42:296][212]PIE: Info Play in editor start time for /Game/TopDownBP/Maps/UEDPIE_0_TopDownExampleMap 0.369
[2018.05.02-08.58.42:296][212]LogBlueprintUserMessages: Late PlayInEditor Detection: Level '/Game/TopDownBP/Maps/TopDownExampleMap.TopDownExampleMap:PersistentLevel' has LevelScriptBlueprint '/Game/TopDownBP/Maps/TopDownExampleMap.TopDownExampleMap:PersistentLevel.TopDownExampleMap' with GeneratedClass '/Game/TopDownBP/Maps/TopDownExampleMap.TopDownExampleMap_C' with ClassGeneratedBy '/Game/TopDownBP/Maps/TopDownExampleMap.TopDownExampleMap:PersistentLevel.TopDownExampleMap'
[2018.05.02-08.58.55:000][386]LogBlueprintUserMessages: Early EndPlayMap Detection: Level '/Game/TopDownBP/Maps/TopDownExampleMap.TopDownExampleMap:PersistentLevel' has LevelScriptBlueprint '/Game/TopDownBP/Maps/TopDownExampleMap.TopDownExampleMap:PersistentLevel.TopDownExampleMap' with GeneratedClass '/Game/TopDownBP/Maps/TopDownExampleMap.TopDownExampleMap_C' with ClassGeneratedBy '/Game/TopDownBP/Maps/TopDownExampleMap.TopDownExampleMap:PersistentLevel.TopDownExampleMap'
[2018.05.02-08.58.55:120][386]LogBlueprintUserMessages: Late EndPlayMap Detection: Level '/Game/TopDownBP/Maps/TopDownExampleMap.TopDownExampleMap:PersistentLevel' has LevelScriptBlueprint '/Game/TopDownBP/Maps/TopDownExampleMap.TopDownExampleMap:PersistentLevel.TopDownExampleMap' with GeneratedClass '/Game/TopDownBP/Maps/TopDownExampleMap.TopDownExampleMap_C' with ClassGeneratedBy '/Game/TopDownBP/Maps/TopDownExampleMap.TopDownExampleMap:PersistentLevel.TopDownExampleMap'
[2018.05.02-08.58.55:224][387]LogParticles: Destroying 0 GPU particle simulations for FXSystem 0x0000000010CAC7C0
[2018.05.02-08.58.58:912][468]LogActorComponent: UnregisterComponent: (/Engine/Transient.CharMoveComp) Not registered. Aborting.
[2018.05.02-08.58.59:580][468]LogSavePackage: Save=246.395752ms
[2018.05.02-08.58.59:580][468]LogSavePackage: Moving '../../../../sergey/UnrealProjects/TopDownProject/Saved/TopDownExampleMap0CA93B19498981473558BD83070B3238.tmp' to '../../../../sergey/UnrealProjects/TopDownProject/Content/TopDownBP/Maps/TopDownExampleMap.umap'
[2018.05.02-08.58.59:584][468]LogSavePackage: Total save time: 291.344486ms
[2018.05.02-08.58.59:584][468]LogSavePackage:Warning: Finished SavePackage ../../../../sergey/UnrealProjects/TopDownProject/Content/TopDownBP/Maps/TopDownExampleMap.umap
[2018.05.02-08.58.59:646][468]LogFileHelpers: Saving map 'TopDownExampleMap' took 0.539
[2018.05.02-08.58.59:849][468]LogSavePackage: Save=157.418091ms
[2018.05.02-08.58.59:849][468]LogSavePackage: Moving '../../../../sergey/UnrealProjects/TopDownProject/Saved/DisappearsWhenThePlayerNextDD3FD4944888ECD41AB14AB0587C5703.tmp' to '../../../../sergey/UnrealProjects/TopDownProject/Content/TopDownBP/Blueprints/DisappearsWhenThePlayerNext.uasset'
[2018.05.02-08.58.59:851][468]LogSavePackage: Total save time: 166.212671ms
[2018.05.02-08.58.59:851][468]LogSavePackage:Warning: Finished SavePackage ../../../../sergey/UnrealProjects/TopDownProject/Content/TopDownBP/Blueprints/DisappearsWhenThePlayerNext.uasset
[2018.05.02-08.59.02:717][520]Cmd: CLOSE_SLATE_MAINFRAME
[2018.05.02-08.59.04:021][521]Cmd: QUIT_EDITOR
[2018.05.02-08.59.04:596][521]LogExit: Preparing to exit.
[2018.05.02-08.59.05:947][521]LogExit: Editor shut down
[2018.05.02-08.59.05:948][521]LogExit: Transaction tracking system shut down
[2018.05.02-08.59.06:075][521]LogParticles: Destroying 0 GPU particle simulations for FXSystem 0x0000000025D77380
[2018.05.02-08.59.06:076][521]LogParticles: Destroying 0 GPU particle simulations for FXSystem 0x000000001A1C8C20
[2018.05.02-08.59.06:076][521]LogParticles: Destroying 0 GPU particle simulations for FXSystem 0x000000001A4F22A0
[2018.05.02-08.59.06:076][521]LogParticles: Destroying 0 GPU particle simulations for FXSystem 0x000000001A1CBF60
[2018.05.02-08.59.06:077][521]LogParticles: Destroying 0 GPU particle simulations for FXSystem 0x0000000037216F20
[2018.05.02-08.59.06:079][521]LogParticles: Destroying 0 GPU particle simulations for FXSystem 0x0000000010C5A660
[2018.05.02-08.59.07:179][521]LogExit: Object subsystem successfully closed.
[2018.05.02-08.59.07:312][521]LogD3D11RHI: Shutdown
[2018.05.02-08.59.07:312][521]LogD3D11RHI: CleanupD3DDevice
[2018.05.02-08.59.07:417][521]LogD3D11RHI: ~FD3D11DynamicRHI
[2018.05.02-08.59.07:879][521]LogModuleManager: Shutting down and abandoning module BlueprintGraph (199)
[2018.05.02-08.59.07:879][521]LogModuleManager: Shutting down and abandoning module SynthBenchmark (198)
[2018.05.02-08.59.07:879][521]LogModuleManager: Shutting down and abandoning module CrashTracker (197)
[2018.05.02-08.59.07:880][521]LogModuleManager: Shutting down and abandoning module SuperSearch (196)
[2018.05.02-08.59.07:880][521]LogModuleManager: Shutting down and abandoning module WidgetCarousel (195)
[2018.05.02-08.59.07:880][521]LogModuleManager: Shutting down and abandoning module AddContentDialog (194)
[2018.05.02-08.59.07:902][521]LogModuleManager: Shutting down and abandoning module EditorWidgets (193)
[2018.05.02-08.59.07:902][521]LogModuleManager: Shutting down and abandoning module CollectionManager (192)
[2018.05.02-08.59.07:903][521]LogModuleManager: Shutting down and abandoning module SceneOutliner (191)
[2018.05.02-08.59.07:903][521]LogModuleManager: Shutting down and abandoning module StatsViewer (190)
[2018.05.02-08.59.07:920][521]LogModuleManager: Shutting down and abandoning module FoliageEdit (189)
[2018.05.02-08.59.07:920][521]LogModuleManager: Shutting down and abandoning module LandscapeEditor (188)
[2018.05.02-08.59.07:961][521]LogModuleManager: Shutting down and abandoning module ActorPickerMode (187)
[2018.05.02-08.59.07:961][521]LogModuleManager: Shutting down and abandoning module GeometryMode (186)
[2018.05.02-08.59.07:961][521]LogModuleManager: Shutting down and abandoning module TextureAlignMode (185)
[2018.05.02-08.59.07:961][521]LogModuleManager: Shutting down and abandoning module BspMode (184)
[2018.05.02-08.59.07:961][521]LogModuleManager: Shutting down and abandoning module PlacementMode (183)
[2018.05.02-08.59.07:962][521]LogModuleManager: Shutting down and abandoning module AutomationWorker (182)
[2018.05.02-08.59.07:962][521]LogModuleManager: Shutting down and abandoning module CharacterAI (181)
[2018.05.02-08.59.07:962][521]LogModuleManager: Shutting down and abandoning module SmartSnapping (180)
[2018.05.02-08.59.07:962][521]LogModuleManager: Shutting down and abandoning module ViewportSnapping (179)
[2018.05.02-08.59.07:962][521]LogModuleManager: Shutting down and abandoning module LogVisualizer (178)
[2018.05.02-08.59.07:981][521]LogModuleManager: Shutting down and abandoning module GameProjectGeneration (177)
[2018.05.02-08.59.08:005][521]LogModuleManager: Shutting down and abandoning module IntroTutorials (176)
[2018.05.02-08.59.08:037][521]LogModuleManager: Shutting down and abandoning module EditorLiveStreaming (175)
[2018.05.02-08.59.08:037][521]LogModuleManager: Shutting down and abandoning module IOSPlatformEditor (174)
[2018.05.02-08.59.08:037][521]LogModuleManager: Shutting down and abandoning module HTML5PlatformEditor (173)
[2018.05.02-08.59.08:037][521]LogModuleManager: Shutting down and abandoning module AndroidDeviceDetection (172)
[2018.05.02-08.59.08:676][521]LogModuleManager: Shutting down and abandoning module AndroidPlatformEditor (171)
[2018.05.02-08.59.08:676][521]LogModuleManager: Shutting down and abandoning module IOSRuntimeSettings (170)
[2018.05.02-08.59.08:676][521]LogModuleManager: Shutting down and abandoning module AndroidRuntimeSettings (169)
[2018.05.02-08.59.08:676][521]LogModuleManager: Shutting down and abandoning module MergeActors (168)
[2018.05.02-08.59.08:707][521]LogModuleManager: Shutting down and abandoning module SizeMap (167)
[2018.05.02-08.59.08:707][521]LogModuleManager: Shutting down and abandoning module TreeMap (166)
[2018.05.02-08.59.08:707][521]LogModuleManager: Shutting down and abandoning module ReferenceViewer (165)
[2018.05.02-08.59.08:707][521]LogModuleManager: Shutting down and abandoning module LocalizationService (164)
[2018.05.02-08.59.08:707][521]LogModuleManager: Shutting down and abandoning module LocalizationDashboard (163)
[2018.05.02-08.59.08:773][521]LogModuleManager: Shutting down and abandoning module HardwareTargeting (162)
[2018.05.02-08.59.08:773][521]LogModuleManager: Shutting down and abandoning module DeviceProfileEditor (161)
[2018.05.02-08.59.08:773][521]LogModuleManager: Shutting down and abandoning module UndoHistory (160)
[2018.05.02-08.59.08:773][521]LogModuleManager: Shutting down and abandoning module GameplayTagsEditor (159)
[2018.05.02-08.59.08:773][521]LogModuleManager: Shutting down and abandoning module UserFeedback (158)
[2018.05.02-08.59.08:773][521]LogModuleManager: Shutting down and abandoning module XmlParser (157)
[2018.05.02-08.59.08:773][521]LogModuleManager: Shutting down and abandoning module Blutility (156)
[2018.05.02-08.59.08:773][521]LogModuleManager: Shutting down and abandoning module ProjectTargetPlatformEditor (155)
[2018.05.02-08.59.08:774][521]LogModuleManager: Shutting down and abandoning module ProjectSettingsViewer (154)
[2018.05.02-08.59.08:774][521]LogModuleManager: Shutting down and abandoning module InputBindingEditor (153)
[2018.05.02-08.59.08:817][521]LogModuleManager: Shutting down and abandoning module EditorSettingsViewer (152)
[2018.05.02-08.59.08:817][521]LogModuleManager: Shutting down and abandoning module SettingsEditor (151)
[2018.05.02-08.59.08:817][521]LogModuleManager: Shutting down and abandoning module ProjectLauncher (150)
[2018.05.02-08.59.08:817][521]LogModuleManager: Shutting down and abandoning module SessionFrontend (149)
[2018.05.02-08.59.08:817][521]LogModuleManager: Shutting down and abandoning module ProfilerClient (148)
[2018.05.02-08.59.08:860][521]LogModuleManager: Shutting down and abandoning module TargetDeviceServices (147)
[2018.05.02-08.59.08:860][521]LogModuleManager: Shutting down and abandoning module DeviceManager (146)
[2018.05.02-08.59.08:860][521]LogModuleManager: Shutting down and abandoning module AutomationController (145)
[2018.05.02-08.59.08:860][521]LogModuleManager: Shutting down and abandoning module AutomationWindow (144)
[2018.05.02-08.59.08:895][521]LogModuleManager: Shutting down and abandoning module Layers (143)
[2018.05.02-08.59.09:000][521]LogModuleManager: Shutting down and abandoning module ComponentVisualizers (142)
[2018.05.02-08.59.09:000][521]LogModuleManager: Shutting down and abandoning module DetailCustomizations (141)
[2018.05.02-08.59.09:083][521]LogModuleManager: Shutting down and abandoning module PackagesDialog (140)
[2018.05.02-08.59.09:083][521]LogModuleManager: Shutting down and abandoning module Persona (139)
[2018.05.02-08.59.09:129][521]LogModuleManager: Shutting down and abandoning module Kismet (138)
[2018.05.02-08.59.09:129][521]LogModuleManager: Shutting down and abandoning module GraphEditor (137)
[2018.05.02-08.59.09:129][521]LogModuleManager: Shutting down and abandoning module ClassViewer (136)
[2018.05.02-08.59.09:129][521]LogModuleManager: Shutting down and abandoning module Toolbox (135)
[2018.05.02-08.59.09:129][521]LogModuleManager: Shutting down and abandoning module ModuleUI (134)
[2018.05.02-08.59.09:181][521]LogModuleManager: Shutting down and abandoning module MovieSceneTools (133)
[2018.05.02-08.59.09:181][521]LogModuleManager: Shutting down and abandoning module OutputLog (132)
[2018.05.02-08.59.09:181][521]LogModuleManager: Shutting down and abandoning module GammaUI (131)
[2018.05.02-08.59.09:220][521]LogModuleManager: Shutting down and abandoning module Documentation (130)
[2018.05.02-08.59.09:220][521]LogModuleManager: Shutting down and abandoning module GameLiveStreaming (129)
[2018.05.02-08.59.09:279][521]LogModuleManager: Shutting down and abandoning module StreamingPauseRendering (128)
[2018.05.02-08.59.09:279][521]LogModuleManager: Shutting down and abandoning module AnalyticsET (127)
[2018.05.02-08.59.09:279][521]LogModuleManager: Shutting down and abandoning module Analytics (126)
[2018.05.02-08.59.09:279][521]LogModuleManager: Shutting down and abandoning module AITestSuite (125)
[2018.05.02-08.59.09:279][521]LogModuleManager: Shutting down and abandoning module GameplayDebugger (124)
[2018.05.02-08.59.09:279][521]LogModuleManager: Shutting down and abandoning module AIModule (123)
[2018.05.02-08.59.09:279][521]LogModuleManager: Shutting down and abandoning module ProfilerService (122)
[2018.05.02-08.59.09:505][521]LogModuleManager: Shutting down and abandoning module TaskGraph (121)
[2018.05.02-08.59.09:546][521]LogModuleManager: Shutting down and abandoning module SlateRemote (120)
[2018.05.02-08.59.09:546][521]LogModuleManager: Shutting down and abandoning module SteamVRController (119)
[2018.05.02-08.59.09:546][521]LogModuleManager: Shutting down and abandoning module SteamVR (118)
[2018.05.02-08.59.09:546][521]LogModuleManager: Shutting down and abandoning module ProceduralMeshComponent (117)
[2018.05.02-08.59.09:546][521]LogModuleManager: Shutting down and abandoning module OculusRift (116)
[2018.05.02-08.59.09:546][521]LogModuleManager: Shutting down and abandoning module OculusLibrary (115)
[2018.05.02-08.59.09:546][521]LogModuleManager: Shutting down and abandoning module LeapMotionController (114)
[2018.05.02-08.59.09:557][521]LogModuleManager: Shutting down and abandoning module CustomMeshComponent (113)
[2018.05.02-08.59.09:599][521]LogModuleManager: Shutting down and abandoning module CableComponent (112)
[2018.05.02-08.59.09:599][521]LogModuleManager: Shutting down and abandoning module ArchVisCharacter (111)
[2018.05.02-08.59.09:599][521]LogModuleManager: Shutting down and abandoning module MessagingDebugger (110)
[2018.05.02-08.59.09:628][521]LogModuleManager: Shutting down and abandoning module MediaPlayerEditor (109)
[2018.05.02-08.59.09:667][521]LogModuleManager: Shutting down and abandoning module HTML5Networking (108)
[2018.05.02-08.59.09:667][521]LogModuleManager: Shutting down and abandoning module SpeedTreeImporter (107)
[2018.05.02-08.59.09:667][521]LogModuleManager: Shutting down and abandoning module PluginBrowser (106)
[2018.05.02-08.59.09:667][521]LogModuleManager: Shutting down and abandoning module EpicSurvey (105)
[2018.05.02-08.59.09:667][521]LogModuleManager: Shutting down and abandoning module DesktopPlatform (104)
[2018.05.02-08.59.09:667][521]LogModuleManager: Shutting down and abandoning module VisualStudioSourceCodeAccess (103)
[2018.05.02-08.59.09:667][521]LogModuleManager: Shutting down and abandoning module UObjectPlugin (102)
[2018.05.02-08.59.09:667][521]LogModuleManager: Shutting down and abandoning module SubversionSourceControl (101)
[2018.05.02-08.59.09:667][521]LogModuleManager: Shutting down and abandoning module PerforceSourceControl (100)
[2018.05.02-08.59.09:667][521]LogModuleManager: Shutting down and abandoning module SourceControl (99)
[2018.05.02-08.59.09:667][521]LogModuleManager: Shutting down and abandoning module GitSourceControl (98)
[2018.05.02-08.59.09:668][521]LogModuleManager: Shutting down and abandoning module LightPropagationVolumeEditor (97)
[2018.05.02-08.59.09:668][521]LogModuleManager: Shutting down and abandoning module PaperTiledImporter (96)
[2018.05.02-08.59.09:668][521]LogModuleManager: Shutting down and abandoning module PaperSpriteSheetImporter (95)
[2018.05.02-08.59.09:668][521]LogModuleManager: Shutting down and abandoning module MeshPaint (94)
[2018.05.02-08.59.09:668][521]LogModuleManager: Shutting down and abandoning module SlateReflector (93)
[2018.05.02-08.59.09:699][521]LogModuleManager: Shutting down and abandoning module HotReload (92)
[2018.05.02-08.59.09:699][521]LogModuleManager: Shutting down and abandoning module MainFrame (91)
[2018.05.02-08.59.09:699][521]LogModuleManager: Shutting down and abandoning module LevelEditor (90)
[2018.05.02-08.59.09:735][521]LogModuleManager: Shutting down and abandoning module DirectoryWatcher (89)
[2018.05.02-08.59.09:737][521]LogModuleManager: Shutting down and abandoning module AssetRegistry (88)
[2018.05.02-08.59.09:933][521]LogModuleManager: Shutting down and abandoning module ContentBrowser (87)
[2018.05.02-08.59.09:934][521]LogModuleManager: Shutting down and abandoning module Paper2DEditor (86)
[2018.05.02-08.59.10:053][521]LogModuleManager: Shutting down and abandoning module UdpMessaging (85)
[2018.05.02-08.59.10:153][521]LogModuleManager: Shutting down and abandoning module LightPropagationVolumeRuntime (84)
[2018.05.02-08.59.10:153][521]LogModuleManager: Shutting down and abandoning module Paper2D (83)
[2018.05.02-08.59.10:256][521]LogModuleManager: Shutting down and abandoning module WindowsMoviePlayer (82)
[2018.05.02-08.59.10:367][521]LogModuleManager: Shutting down and abandoning module Media (81)
[2018.05.02-08.59.10:367][521]LogModuleManager: Shutting down and abandoning module WmfMedia (80)
[2018.05.02-08.59.10:368][521]LogModuleManager: Shutting down and abandoning module OnlineBlueprintSupport (79)
[2018.05.02-08.59.10:368][521]LogModuleManager: Shutting down and abandoning module GameplayTasksEditor (78)
[2018.05.02-08.59.10:368][521]LogModuleManager: Shutting down and abandoning module PropertyEditor (77)
[2018.05.02-08.59.10:368][521]LogModuleManager: Shutting down and abandoning module BehaviorTreeEditor (76)
[2018.05.02-08.59.10:383][521]LogModuleManager: Shutting down and abandoning module FunctionalTesting (75)
[2018.05.02-08.59.10:383][521]LogModuleManager: Shutting down and abandoning module CollisionAnalyzer (74)
[2018.05.02-08.59.10:383][521]LogModuleManager: Shutting down and abandoning module WorkspaceMenuStructure (73)
[2018.05.02-08.59.10:383][521]LogModuleManager: Shutting down and abandoning module MessageLog (72)
[2018.05.02-08.59.10:383][521]LogModuleManager: Shutting down and abandoning module Sequencer (71)
[2018.05.02-08.59.10:501][521]LogModuleManager: Shutting down and abandoning module AssetTools (70)
[2018.05.02-08.59.10:811][521]LogModuleManager: Shutting down and abandoning module UMGEditor (69)
[2018.05.02-08.59.10:852][521]LogModuleManager: Shutting down and abandoning module UMG (68)
[2018.05.02-08.59.10:852][521]LogModuleManager: Shutting down and abandoning module Slate (67)
[2018.05.02-08.59.10:852][521]LogModuleManager: Shutting down and abandoning module EditorStyle (66)
[2018.05.02-08.59.10:855][521]LogModuleManager: Shutting down and abandoning module SessionServices (65)
[2018.05.02-08.59.10:855][521]LogModuleManager: Shutting down and abandoning module SourceCodeAccess (64)
[2018.05.02-08.59.10:855][521]LogModuleManager: Shutting down and abandoning module HeadMountedDisplay (63)
[2018.05.02-08.59.10:855][521]LogModuleManager: Shutting down and abandoning module XAudio2 (62)
[2018.05.02-08.59.10:855][521]LogModuleManager: Shutting down and abandoning module Networking (60)
[2018.05.02-08.59.10:855][521]LogModuleManager: Shutting down and abandoning module Core (59)
[2018.05.02-08.59.10:855][521]LogModuleManager: Shutting down and abandoning module KismetCompiler (58)
[2018.05.02-08.59.10:855][521]LogModuleManager: Shutting down and abandoning module PhysXFormats (57)
[2018.05.02-08.59.10:855][521]LogModuleManager: Shutting down and abandoning module MeshUtilities (56)
[2018.05.02-08.59.10:930][521]LogModuleManager: Shutting down and abandoning module CookingStats (55)
[2018.05.02-08.59.10:932][521]LogModuleManager: Shutting down and abandoning module DerivedDataCache (54)
[2018.05.02-08.59.11:012][521]LogDerivedDataCache: Shutdown
[2018.05.02-08.59.11:012][521]LogModuleManager: Shutting down and abandoning module ShaderFormatOpenGL (53)
[2018.05.02-08.59.11:047][521]LogModuleManager: Shutting down and abandoning module ShaderFormatD3D (52)
[2018.05.02-08.59.11:047][521]LogModuleManager: Shutting down and abandoning module MetalShaderFormat (51)
[2018.05.02-08.59.11:083][521]LogModuleManager: Shutting down and abandoning module TextureFormatUncompressed (50)
[2018.05.02-08.59.11:083][521]LogModuleManager: Shutting down and abandoning module TextureFormatPVR (49)
[2018.05.02-08.59.11:083][521]LogModuleManager: Shutting down and abandoning module TextureFormatIntelISPCTexComp (48)
[2018.05.02-08.59.11:083][521]LogModuleManager: Shutting down and abandoning module TextureFormatDXT (47)
[2018.05.02-08.59.11:083][521]LogModuleManager: Shutting down and abandoning module ImageWrapper (46)
[2018.05.02-08.59.11:083][521]LogModuleManager: Shutting down and abandoning module TextureFormatASTC (45)
[2018.05.02-08.59.11:084][521]LogModuleManager: Shutting down and abandoning module TextureFormatAndroid (44)
[2018.05.02-08.59.11:084][521]LogModuleManager: Shutting down and abandoning module AudioFormatOpus (43)
[2018.05.02-08.59.11:114][521]LogModuleManager: Shutting down and abandoning module AudioFormatOgg (42)
[2018.05.02-08.59.11:114][521]LogModuleManager: Shutting down and abandoning module AudioFormatADPCM (41)
[2018.05.02-08.59.11:114][521]LogModuleManager: Shutting down and abandoning module LinuxTargetPlatform (40)
[2018.05.02-08.59.11:114][521]LogModuleManager: Shutting down and abandoning module LinuxServerTargetPlatform (39)
[2018.05.02-08.59.11:114][521]LogModuleManager: Shutting down and abandoning module LinuxNoEditorTargetPlatform (38)
[2018.05.02-08.59.11:114][521]LogModuleManager: Shutting down and abandoning module Messaging (37)
[2018.05.02-08.59.11:114][521]LogModuleManager: Shutting down and abandoning module IOSTargetPlatform (36)
[2018.05.02-08.59.11:114][521]LogModuleManager: Shutting down and abandoning module HTML5TargetPlatform (35)
[2018.05.02-08.59.11:114][521]LogModuleManager: Shutting down and abandoning module Android_PVRTCTargetPlatform (34)
[2018.05.02-08.59.11:173][521]LogModuleManager: Shutting down and abandoning module Android_ETC2TargetPlatform (33)
[2018.05.02-08.59.11:209][521]LogModuleManager: Shutting down and abandoning module Android_ETC1TargetPlatform (32)
[2018.05.02-08.59.11:300][521]LogModuleManager: Shutting down and abandoning module Android_DXTTargetPlatform (31)
[2018.05.02-08.59.11:491][521]LogModuleManager: Shutting down and abandoning module Android_ATCTargetPlatform (30)
[2018.05.02-08.59.11:532][521]LogModuleManager: Shutting down and abandoning module Android_ASTCTargetPlatform (29)
[2018.05.02-08.59.11:532][521]LogModuleManager: Shutting down and abandoning module AndroidTargetPlatform (28)
[2018.05.02-08.59.11:577][521]LogModuleManager: Shutting down and abandoning module WindowsTargetPlatform (27)
[2018.05.02-08.59.11:577][521]LogModuleManager: Shutting down and abandoning module WindowsServerTargetPlatform (26)
[2018.05.02-08.59.11:640][521]LogModuleManager: Shutting down and abandoning module WindowsNoEditorTargetPlatform (25)
[2018.05.02-08.59.11:761][521]LogModuleManager: Shutting down and abandoning module WindowsClientTargetPlatform (24)
[2018.05.02-08.59.11:877][521]LogModuleManager: Shutting down and abandoning module AllDesktopTargetPlatform (23)
[2018.05.02-08.59.11:877][521]LogModuleManager: Shutting down and abandoning module TargetPlatform (22)
[2018.05.02-08.59.11:877][521]LogModuleManager: Shutting down and abandoning module InputCore (21)
[2018.05.02-08.59.11:877][521]LogModuleManager: Shutting down and abandoning module Settings (20)
[2018.05.02-08.59.11:877][521]LogModuleManager: Shutting down and abandoning module OnlineSubsystem (18)
[2018.05.02-08.59.11:877][521]LogModuleManager: Shutting down and abandoning module HTTP (17)
[2018.05.02-08.59.14:378][521]LogModuleManager: Shutting down and abandoning module XMPP (16)
[2018.05.02-08.59.14:492][521]LogModuleManager: Shutting down and abandoning module ExampleDeviceProfileSelector (15)
[2018.05.02-08.59.14:492][521]LogModuleManager: Shutting down and abandoning module TextureCompressor (14)
[2018.05.02-08.59.14:592][521]LogModuleManager: Shutting down and abandoning module ShaderCore (13)
[2018.05.02-08.59.14:592][521]LogModuleManager: Shutting down and abandoning module Landscape (12)
[2018.05.02-08.59.14:592][521]LogModuleManager: Shutting down and abandoning module SlateRHIRenderer (11)
[2018.05.02-08.59.14:616][521]LogModuleManager: Shutting down and abandoning module OpenGLDrv (10)
[2018.05.02-08.59.14:643][521]LogModuleManager: Shutting down and abandoning module D3D11RHI (9)
[2018.05.02-08.59.14:643][521]LogModuleManager: Shutting down and abandoning module AnimGraphRuntime (8)
[2018.05.02-08.59.14:643][521]LogModuleManager: Shutting down and abandoning module Renderer (7)
[2018.05.02-08.59.14:643][521]LogModuleManager: Shutting down and abandoning module Engine (6)
[2018.05.02-08.59.14:643][521]LogModuleManager: Shutting down and abandoning module CoreUObject (5)
[2018.05.02-08.59.14:643][521]LogModuleManager: Shutting down and abandoning module NetworkFile (4)
[2018.05.02-08.59.14:643][521]LogModuleManager: Shutting down and abandoning module StreamingFile (3)
[2018.05.02-08.59.14:643][521]LogModuleManager: Shutting down and abandoning module SandboxFile (2)
[2018.05.02-08.59.14:643][521]LogModuleManager: Shutting down and abandoning module PakFile (1)
[2018.05.02-08.59.14:644][521]LogExit: Exiting.
[2018.05.02-08.59.14:691][521]Log file closed, 05/02/18 16:59:14
