Log file open, 05/10/18 17:07:42
LogInit:Display: Running engine for game: TopDownProject
LogPlatformFile: Not using cached read wrapper
LogInit:Display: RandInit(1781636164) SRandInit(1781636166).
LogTaskGraph: Started task graph with 4 named threads and 5 total threads.
LogStats: Stats thread started at 0.091995
LogInit: Version: 4.11.2-2946394+++UE4+Release-4.11
LogInit: API Version: 2927265
LogInit: Compiled (64-bit): Apr 18 2016 02:18:46
LogInit: Compiled with Visual C++: 19.00.23026.00
LogInit: Build Configuration: Development
LogInit: Branch Name: ++UE4+Release-4.11
LogInit: Command line:  
LogInit: Base directory: D:/UE_4.11/Engine/Binaries/Win64/
LogInit: Installed Engine Build: 1
LogInit: Using libcurl 7.41.0
LogInit:  - built for x86_64-pc-win32
LogInit:  - supports SSL with WinSSL
LogInit:  - other features:
LogInit:      CURL_VERSION_SSL
LogInit:      CURL_VERSION_IPV6
LogInit:      CURL_VERSION_ASYNCHDNS
LogInit:      CURL_VERSION_LARGEFILE
LogInit:      CURL_VERSION_IDN
LogInit:  CurlRequestOptions (configurable via config and command line):
LogInit:  - bVerifyPeer = true  - Libcurl will verify peer certificate
LogInit:  - bUseHttpProxy = false  - Libcurl will NOT use HTTP proxy
LogInit:  - bDontReuseConnections = false  - Libcurl will reuse connections
LogInit:  - CertBundlePath = nullptr  - Libcurl will use whatever was configured at build time.
LogInit: Presizing for max 16777216 objects, including 0 objects not considered by GC, pre-allocating 0 bytes for permanent pool.
LogInit: Object subsystem initialized
[2018.05.10-09.07.42:871][  0]LogInit: Selected Device Profile: [Windows]
[2018.05.10-09.07.42:871][  0]LogInit: Applying CVar settings loaded from the selected device profile: [Windows]
[2018.05.10-09.07.43:102][  0]LogInit: Computer: 1-ПК
[2018.05.10-09.07.43:102][  0]LogInit: User: 1
[2018.05.10-09.07.43:102][  0]LogInit: CPU Page size=65536, Cores=2
[2018.05.10-09.07.43:102][  0]LogInit: High frequency timer resolution =2.338476 MHz
[2018.05.10-09.07.43:102][  0]LogMemory: Memory total: Physical=3.9GB (4GB approx)
[2018.05.10-09.07.43:102][  0]LogMemory: Platform Memory Stats for Windows
[2018.05.10-09.07.43:102][  0]LogMemory: Process Physical Memory: 314.57 MB used, 314.57 MB peak
[2018.05.10-09.07.43:102][  0]LogMemory: Process Virtual Memory: 314.98 MB used, 314.98 MB peak
[2018.05.10-09.07.43:102][  0]LogMemory: Physical Memory: 1680.96 MB used, 4010.14 MB total
[2018.05.10-09.07.43:102][  0]LogMemory: Virtual Memory: 620.96 MB used, 8388608.00 MB total
[2018.05.10-09.07.44:006][  0]LogTextLocalizationManager: No translations for ('ru-RU') exist, falling back to 'en' for localization and internationalization data.
[2018.05.10-09.07.49:652][  0]LogD3D11RHI: D3D11 adapters:
[2018.05.10-09.07.51:582][  0]LogD3D11RHI:    0. 'NVIDIA GeForce 410M' (Feature Level 11_0)
[2018.05.10-09.07.51:582][  0]LogD3D11RHI:       979MB of dedicated video memory, 0MB of dedicated system memory, and 1749MB of shared system memory, 1 output[s]
[2018.05.10-09.07.51:625][  0]LogD3D11RHI:    1. 'NVIDIA GeForce 410M' (Feature Level 11_0)
[2018.05.10-09.07.51:625][  0]LogD3D11RHI:       979MB of dedicated video memory, 0MB of dedicated system memory, and 1749MB of shared system memory, 0 output[s]
[2018.05.10-09.07.51:625][  0]LogD3D11RHI: Chosen D3D11 Adapter: 0
[2018.05.10-09.07.51:682][  0]LogD3D11RHI: Creating new Direct3DDevice
[2018.05.10-09.07.51:685][  0]LogD3D11RHI:     Adapter Name: Intel(R) HD Graphics 3000
[2018.05.10-09.07.51:685][  0]LogD3D11RHI:   Driver Version: Unknown (internal Unknown)
[2018.05.10-09.07.51:685][  0]LogD3D11RHI:      Driver Date: Unknown
[2018.05.10-09.07.51:685][  0]LogRHI: Texture pool is 1297 MB (70% of 1854 MB)
[2018.05.10-09.07.51:701][  0]LogD3D11RHI: Async texture creation enabled
[2018.05.10-09.07.52:660][  0]LogShaderCompilers: Guid format shader working directory is -16 characters bigger than the processId version (../../../../sergey/UnrealProjects/Game_1337/TopDownProject/Intermediate/Shaders/WorkingDirectory/4016/).
[2018.05.10-09.07.52:660][  0]LogShaderCompilers: Cleaned the shader compiler working directory 'C:/Users/1/AppData/Local/Temp/UnrealShaderWorkingDir/E0156A9F45BE81CFEA5292A9939810F7/'.
[2018.05.10-09.07.52:660][  0]LogShaderCompilers:Display: Using Local Shader Compiler.
[2018.05.10-09.08.21:773][  0]LogTemp:Display: Loaded TP AllDesktopTargetPlatform
[2018.05.10-09.08.21:779][  0]LogTemp:Display: Loaded TP WindowsClientTargetPlatform
[2018.05.10-09.08.21:785][  0]LogTemp:Display: Loaded TP WindowsNoEditorTargetPlatform
[2018.05.10-09.08.21:791][  0]LogTemp:Display: Loaded TP WindowsServerTargetPlatform
[2018.05.10-09.08.21:799][  0]LogTemp:Display: Loaded TP WindowsTargetPlatform
[2018.05.10-09.08.21:853][  0]LogTemp:Display: Loaded TP AndroidTargetPlatform
[2018.05.10-09.08.21:859][  0]LogTemp:Display: Loaded TP Android_ASTCTargetPlatform
[2018.05.10-09.08.21:866][  0]LogTemp:Display: Loaded TP Android_ATCTargetPlatform
[2018.05.10-09.08.21:872][  0]LogTemp:Display: Loaded TP Android_DXTTargetPlatform
[2018.05.10-09.08.21:878][  0]LogTemp:Display: Loaded TP Android_ETC1TargetPlatform
[2018.05.10-09.08.21:884][  0]LogTemp:Display: Loaded TP Android_ETC2TargetPlatform
[2018.05.10-09.08.21:896][  0]LogTemp:Display: Loaded TP Android_MultiTargetPlatform
[2018.05.10-09.08.21:896][  0]LogTemp:Display: Loaded TP Android_PVRTCTargetPlatform
[2018.05.10-09.08.21:899][  0]LogTemp:Display: Loaded TP HTML5TargetPlatform
[2018.05.10-09.08.22:031][  0]LogTemp:Display: Loaded TP IOSTargetPlatform
[2018.05.10-09.08.22:035][  0]LogTemp:Display: Loaded TP TVOSTargetPlatform
[2018.05.10-09.08.22:087][  0]LogTemp:Display: Loaded TP LinuxNoEditorTargetPlatform
[2018.05.10-09.08.22:098][  0]LogTemp:Display: Loaded TP LinuxServerTargetPlatform
[2018.05.10-09.08.22:147][  0]LogTemp:Display: Loaded TP LinuxTargetPlatform
[2018.05.10-09.08.22:174][  0]LogTargetPlatformManager:Display: Building Assets For Windows
[2018.05.10-09.08.23:373][  0]LogDerivedDataCache:Display: Max Cache Size: 512 MB
[2018.05.10-09.08.24:209][  0]LogDerivedDataCache: Loaded boot cache 0.84s 46MB C:/Users/1/AppData/Local/UnrealEngine/4.11/DerivedDataCache/Boot.ddc.
[2018.05.10-09.08.24:209][  0]LogDerivedDataCache:Display: Loaded Boot cache: C:/Users/1/AppData/Local/UnrealEngine/4.11/DerivedDataCache/Boot.ddc
[2018.05.10-09.08.24:209][  0]LogDerivedDataCache: FDerivedDataBackendGraph:  Pak pak cache file ../../../../sergey/UnrealProjects/Game_1337/TopDownProject/DerivedDataCache/DDC.ddp not found, will not use a pak cache.
[2018.05.10-09.08.24:209][  0]LogDerivedDataCache: Unable to find inner node Pak for hierarchical cache Hierarchy.
[2018.05.10-09.08.24:209][  0]LogDerivedDataCache: FDerivedDataBackendGraph:  CompressedPak pak cache file ../../../../sergey/UnrealProjects/Game_1337/TopDownProject/DerivedDataCache/Compressed.ddp not found, will not use a pak cache.
[2018.05.10-09.08.24:209][  0]LogDerivedDataCache: Unable to find inner node CompressedPak for hierarchical cache Hierarchy.
[2018.05.10-09.08.24:284][  0]LogDerivedDataCache:Display: Pak cache opened for reading ../../../Engine/DerivedDataCache/Compressed.ddp.
[2018.05.10-09.08.24:346][  0]LogDerivedDataCache: Using Local data cache path C:/Users/1/AppData/Local/UnrealEngine/Common/DerivedDataCache: Writable
[2018.05.10-09.08.46:852][  0]LogInit: Selected Device Profile: [Windows]
[2018.05.10-09.08.47:003][  0]LogContentStreaming: Texture pool size is 0.00 MB
[2018.05.10-09.08.48:341][  0]LogMaterial: Uniform references updated for custom material expression Custom.
[2018.05.10-09.08.51:610][  0]LogMeshUtilities: No automatic mesh reduction module available
[2018.05.10-09.08.51:610][  0]LogMeshUtilities: No automatic mesh merging module available
[2018.05.10-09.08.51:610][  0]LogMeshUtilities: No distributed automatic mesh merging module available
[2018.05.10-09.09.01:251][  0]LogUObjectArray: 27679 objects as part of root set at end of initial load.
[2018.05.10-09.09.01:264][  0]LogUObjectAllocator: 5591600 out of 0 bytes used by permanent object pool.
[2018.05.10-09.09.01:264][  0]LogUObjectArray: CloseDisregardForGC: 0/0 objects in disregard for GC pool
[2018.05.10-09.09.01:297][  0]LogInit: WinSock: version 1.1 (2.2), MaxSocks=32767, MaxUdp=65467
[2018.05.10-09.09.05:667][  0]LogSlate: SlateFontCache - WITH_FREETYPE: 1, WITH_HARFBUZZ: 1
[2018.05.10-09.09.05:668][  0]LogSlate: SlateFontCache - WITH_FREETYPE: 1, WITH_HARFBUZZ: 1
[2018.05.10-09.09.10:594][  0]LogStreaming:Warning: Failed to read file '../../../Engine/Content/Editor/Slate/Common/Selection_16x.png' error.
[2018.05.10-09.09.10:594][  0]LogSlate: Could not find file for Slate resource: ../../../Engine/Content/Editor/Slate/Common/Selection_16x.png
[2018.05.10-09.09.10:628][  0]LogStreaming:Warning: Failed to read file '../../../Engine/Content/Editor/Slate/Common/Selection_16x.png' error.
[2018.05.10-09.09.10:628][  0]LogSlate: Could not find file for Slate resource: ../../../Engine/Content/Editor/Slate/Common/Selection_16x.png
[2018.05.10-09.09.10:628][  0]LogStreaming:Warning: Failed to read file '../../../Engine/Content/Editor/Slate/Common/Selection_16x.png' error.
[2018.05.10-09.09.10:628][  0]LogSlate: Could not find file for Slate resource: ../../../Engine/Content/Editor/Slate/Common/Selection_16x.png
[2018.05.10-09.09.25:374][  0]LogUdpMessaging: Initializing bridge on interface 0.0.0.0:0 to multicast group 230.0.0.1:6666.
[2018.05.10-09.09.26:281][  0]LogAssetRegistry: FAssetRegistry took 0.0257 seconds to start up
[2018.05.10-09.09.33:499][  0]SourceControl: Info Source control is disabled
[2018.05.10-09.09.33:529][  0]SourceControl: Info Source control is disabled
[2018.05.10-09.09.33:757][  0]SourceControl: Info Source control is disabled
[2018.05.10-09.09.34:264][  0]SourceControl: Info Source control is disabled
[2018.05.10-09.09.36:061][  0]LogHMD: Failed to initialize OpenVR with code 110
[2018.05.10-09.09.37:581][  0]LogEngine: Initializing Engine...
[2018.05.10-09.09.41:269][  0]LogAIModule: Creating AISystem for world NewWorld
[2018.05.10-09.09.41:495][  0]LogInit: XAudio2 using 'Динамики (Устройство с поддержкой High Definition Audio)' : 2 channels at 44.1 kHz using 16 bits per sample (channel mask 0x3)
[2018.05.10-09.09.41:549][  0]LogInit: FAudioDevice initialized.
[2018.05.10-09.09.41:605][  0]LogDerivedDataCache: Saved boot cache 0.06s 46MB C:/Users/1/AppData/Local/UnrealEngine/4.11/DerivedDataCache/Boot.ddc.
[2018.05.10-09.09.41:613][  0]LogInit: Texture streaming: Enabled
[2018.05.10-09.09.42:087][  0]LogInit: Transaction tracking system initialized
[2018.05.10-09.09.42:604][  0]BlueprintLog: New page: Editor Load
[2018.05.10-09.09.45:117][  0]LocalizationService: Info Localization service is disabled
[2018.05.10-09.09.48:407][  0]LogConsoleResponse:Display: 
[2018.05.10-09.09.55:774][  0]LogFileCache: Scanning file cache for directory 'D:/sergey/UnrealProjects/Game_1337/TopDownProject/Content/' took 0.06s
[2018.05.10-09.09.55:774][  0]LogCook:Display: Max memory allowance for cook 8192mb
[2018.05.10-09.09.55:774][  0]LogCook:Display: Mobile HDR setting 1
[2018.05.10-09.09.55:783][  0]LogCook:Display: Done creating registry. It took  0.00s.
[2018.05.10-09.09.57:133][  0]SourceControl: Info Source control is disabled
[2018.05.10-09.09.57:312][  0]Cmd: MAP LOAD FILE="../../../../sergey/UnrealProjects/Game_1337/TopDownProject/Content/TopDownBP/Maps/TopDownExampleMap.umap" TEMPLATE=0 SHOWPROGRESS=1 FEATURELEVEL=3
[2018.05.10-09.09.57:418][  0]LightingResults: New page: Lighting Build
[2018.05.10-09.09.57:817][  0]MapCheck: New page: Map Check
[2018.05.10-09.09.57:817][  0]LightingResults: New page: Lighting Build
[2018.05.10-09.09.58:811][  0]LogLinker:Warning: Asset '../../../../sergey/UnrealProjects/Game_1337/TopDownProject/Content/Mannequin/Animations/ThirdPerson_AnimBP.uasset' has been saved with empty engine version. The asset will be loaded but may be incompatible.
[2018.05.10-09.09.58:816][  0]LogLinker:Warning: Asset '../../../../sergey/UnrealProjects/Game_1337/TopDownProject/Content/Mannequin/Animations/ThirdPerson_Jump.uasset' has been saved with empty engine version. The asset will be loaded but may be incompatible.
[2018.05.10-09.09.58:891][  0]LogLinker:Warning: Asset '../../../../sergey/UnrealProjects/Game_1337/TopDownProject/Content/Mannequin/Animations/ThirdPersonJump_Loop.uasset' has been saved with empty engine version. The asset will be loaded but may be incompatible.
[2018.05.10-09.09.58:894][  0]LogLinker:Warning: Asset '../../../../sergey/UnrealProjects/Game_1337/TopDownProject/Content/Mannequin/Animations/ThirdPersonJump_Start.uasset' has been saved with empty engine version. The asset will be loaded but may be incompatible.
[2018.05.10-09.09.58:957][  0]LogLinker:Warning: Asset '../../../../sergey/UnrealProjects/Game_1337/TopDownProject/Content/Mannequin/Animations/ThirdPersonIdle.uasset' has been saved with empty engine version. The asset will be loaded but may be incompatible.
[2018.05.10-09.09.58:960][  0]LogLinker:Warning: Asset '../../../../sergey/UnrealProjects/Game_1337/TopDownProject/Content/Mannequin/Animations/ThirdPersonRun.uasset' has been saved with empty engine version. The asset will be loaded but may be incompatible.
[2018.05.10-09.09.58:963][  0]LogLinker:Warning: Asset '../../../../sergey/UnrealProjects/Game_1337/TopDownProject/Content/Mannequin/Animations/ThirdPersonWalk.uasset' has been saved with empty engine version. The asset will be loaded but may be incompatible.
[2018.05.10-09.10.07:916][  0]LogMaterial: Uniform references updated for custom material expression TemporalAA SampleID.
[2018.05.10-09.10.07:917][  0]LogMaterial: Uniform references updated for custom material expression Custom.
[2018.05.10-09.10.15:325][  0]LogAIModule: Creating AISystem for world TopDownExampleMap
[2018.05.10-09.10.16:479][  0]LogMaterial:Warning: Material /Game/InfinityBladeGrassLands/Environments/Plains/Env_Plains_Flora/Materials/M_PLains_Fern01.M_PLains_Fern01 needed to have new flag set bUsedWithInstancedStaticMeshes !
[2018.05.10-09.10.16:504][  0]LogMaterial: Missing cached shader map for material M_PLains_Fern01, compiling. 
[2018.05.10-09.10.16:861][  0]MapCheck:Warning: Warning M_PLains_Fern01 Material /Game/InfinityBladeGrassLands/Environments/Plains/Env_Plains_Flora/Materials/M_PLains_Fern01.M_PLains_Fern01 was missing the usage flag bUsedWithInstancedStaticMeshes. If the material asset is not re-saved, it may not render correctly when run outside the editor. Fix
[2018.05.10-09.10.16:861][  0]LogMaterial: 0.00 seconds spent updating 1 materials, 1 interfaces, 0 instances, 0 with static permutations.
[2018.05.10-09.10.18:995][  0]LogEditorServer: Finished looking for orphan Actors (0.025 secs)
[2018.05.10-09.10.19:509][  0]Cmd: MAP CHECKDEP NOCLEARLOG
[2018.05.10-09.10.19:618][  0]MapCheck: Info Map check complete: 0 Error(s), 1 Warning(s), took 108.906ms to complete.
[2018.05.10-09.10.20:082][  0]LogFileHelpers: Loading map 'TopDownExampleMap' took 22.795
[2018.05.10-09.10.26:762][  0]LogCollectionManager: Loaded 0 collections in 0.002548 seconds
[2018.05.10-09.10.27:103][  0]LogFileCache: Scanning file cache for directory 'D:/sergey/UnrealProjects/Game_1337/TopDownProject/Saved/Collections/' took 0.01s
[2018.05.10-09.10.27:103][  0]LogFileCache: Scanning file cache for directory 'D:/sergey/UnrealProjects/Game_1337/TopDownProject/Content/Developers/1/Collections/' took 0.03s
[2018.05.10-09.10.27:103][  0]LogFileCache: Scanning file cache for directory 'D:/sergey/UnrealProjects/Game_1337/TopDownProject/Content/Collections/' took 0.01s
[2018.05.10-09.10.27:103][  0]LogCollectionManager: Rebuilt the GUID cache for 0 collections in 0.000005 seconds
[2018.05.10-09.10.27:137][  0]LogContentBrowser: Native class hierarchy populated in 0.0327 seconds. Added 1979 classes and 343 folders.
[2018.05.10-09.10.27:374][  0]LogStats: UGameplayTagsManager::ConstructGameplayTagTree: Construct from data asset -  0.000 s
[2018.05.10-09.10.27:374][  0]LogStats: UGameplayTagsManager::ConstructGameplayTagTree: GameplayTagTreeChangedEvent.Broadcast -  0.000 s
[2018.05.10-09.10.27:439][  0]LogContentBrowser: Native class hierarchy updated for 'GameplayTags' in 0.0009 seconds. Added 12 classes and 0 folders.
[2018.05.10-09.10.27:670][  0]LogContentBrowser: Native class hierarchy updated for 'WidgetCarousel' in 0.0007 seconds. Added 0 classes and 0 folders.
[2018.05.10-09.10.28:897][  0]LogContentBrowser: Native class hierarchy updated for 'SuperSearch' in 0.0008 seconds. Added 1 classes and 2 folders.
[2018.05.10-09.10.30:864][  0]LogContentBrowser: Native class hierarchy updated for 'AddContentDialog' in 0.0007 seconds. Added 0 classes and 0 folders.
[2018.05.10-09.10.31:090][  0]LogContentBrowser: Native class hierarchy updated for 'SceneOutliner' in 0.0009 seconds. Added 1 classes and 2 folders.
[2018.05.10-09.10.31:816][  0]LogCrashTracker: Crashtracker disabled due to settings.
[2018.05.10-09.10.32:173][  0]LogUObjectGlobals:Warning: Failed to find object 'Class None.'
[2018.05.10-09.10.32:485][  0]LogContentBrowser: Native class hierarchy updated for 'HierarchicalLODOutliner' in 0.0008 seconds. Added 1 classes and 2 folders.
[2018.05.10-09.10.32:486][  0]LogLoad: Full Startup: 171.73 seconds (BP compile: 2.73 seconds)
[2018.05.10-09.10.32:486][  0]LogExternalProfiler:Warning: No registered external profiler was matched with a command-line switch (or the DLL could not be loaded).  External profiling features will not be available.
[2018.05.10-09.10.32:839][  0]LogOcInput: OculusInput pre-init called
[2018.05.10-09.10.33:442][  0]LogContentStreaming: Texture pool size now 200 MB
[2018.05.10-09.10.34:940][  0]LogRenderer: Reallocating scene render targets to support 676x620 (Frame:2).
[2018.05.10-09.10.42:870][  3]LogAssetRegistry: Asset discovery search completed in 76.6098 seconds
[2018.05.10-09.10.43:072][  3]LogCollectionManager: Rebuilt the object cache for 0 collections in 0.000002 seconds (found 0 objects)
[2018.05.10-09.10.43:072][  3]LogCollectionManager: Fixed up redirectors for 0 collections in 0.202206 seconds (updated 0 objects)
[2018.05.10-09.11.19:119][288]LogContentBrowser: Native class hierarchy updated for 'BlueprintGraph' in 0.0010 seconds. Added 108 classes and 0 folders.
[2018.05.10-09.11.31:143][593]BlueprintLog: New page: Compile TopDownCharacter
[2018.05.10-09.11.31:722][593]LogActorComponent: UnregisterComponent: (/Engine/Transient.CharMoveComp) Not registered. Aborting.
[2018.05.10-09.11.31:722][593]LogActorComponent: UnregisterComponent: (/Engine/Transient.CharacterMovementComponent_0) Not registered. Aborting.
[2018.05.10-09.11.32:124][593]BlueprintEditorCompileResults: Info [0231.36] Compile of TopDownCharacter successful! [in 981 ms]
[2018.05.10-09.11.36:060][663]LogSavePackage: Save=1479.34ms
[2018.05.10-09.11.36:060][663]LogSavePackage: Moving '../../../../sergey/UnrealProjects/Game_1337/TopDownProject/Saved/TopDownCharacterC7A856524A0E49BED9C8A8A4683F72FD.tmp' to '../../../../sergey/UnrealProjects/Game_1337/TopDownProject/Content/TopDownBP/Blueprints/TopDownCharacter.uasset'
[2018.05.10-09.11.36:091][663]LogSavePackage: Total save time: 1690.49ms
[2018.05.10-09.11.36:091][663]LogSavePackage:Display: Finished SavePackage ../../../../sergey/UnrealProjects/Game_1337/TopDownProject/Content/TopDownBP/Blueprints/TopDownCharacter.uasset
[2018.05.10-09.11.50:632][190]LogWindowsTextInputMethodSystem:Display: IME system now deactivated.
[2018.05.10-09.12.45:734][206]LogRenderer: Reallocating scene render targets to support 732x620 (Frame:130).
[2018.05.10-09.12.58:987][487]LogEditorTransaction: Undo Modify Component(s)
[2018.05.10-09.14.28:483][728]BlueprintLog: New page: Compile TopDownCharacter
[2018.05.10-09.14.28:835][728]LogActorComponent: UnregisterComponent: (/Engine/Transient.CharMoveComp) Not registered. Aborting.
[2018.05.10-09.14.29:020][728]BlueprintEditorCompileResults: Info [0408.26] Compile of TopDownCharacter successful! [in 536 ms]
[2018.05.10-09.14.31:603][852]LogBlueprintUserMessages: Early PlayInEditor Detection: Level '/Game/TopDownBP/Maps/TopDownExampleMap.TopDownExampleMap:PersistentLevel' has LevelScriptBlueprint '/Game/TopDownBP/Maps/TopDownExampleMap.TopDownExampleMap:PersistentLevel.TopDownExampleMap' with GeneratedClass '/Game/TopDownBP/Maps/TopDownExampleMap.TopDownExampleMap_C' with ClassGeneratedBy '/Game/TopDownBP/Maps/TopDownExampleMap.TopDownExampleMap:PersistentLevel.TopDownExampleMap'
[2018.05.10-09.14.31:603][852]LogPlayLevel: PlayLevel: No blueprints needed recompiling
[2018.05.10-09.14.32:192][852]PIE: New page: PIE session: TopDownExampleMap (May 11, 2018, 1:14:31 AM)
[2018.05.10-09.14.32:192][852]LogPlayLevel: Creating play world package: /Game/TopDownBP/Maps/UEDPIE_0_TopDownExampleMap
[2018.05.10-09.14.32:287][852]LogPlayLevel: PIE: StaticDuplicateObject took: (0.094329s)
[2018.05.10-09.14.32:288][852]LogAIModule: Creating AISystem for world TopDownExampleMap
[2018.05.10-09.14.32:289][852]LogPlayLevel: PIE: World Init took: (0.001798s)
[2018.05.10-09.14.32:289][852]LogPlayLevel: PIE: Created PIE world by copying editor world from /Game/TopDownBP/Maps/TopDownExampleMap.TopDownExampleMap to /Game/TopDownBP/Maps/UEDPIE_0_TopDownExampleMap.TopDownExampleMap (0.096622s)
[2018.05.10-09.14.32:289][852]LogActorComponent: UnregisterComponent: (/Engine/Transient.CharMoveComp) Not registered. Aborting.
[2018.05.10-09.14.32:355][852]LogInit: XAudio2 using 'Динамики (Устройство с поддержкой High Definition Audio)' : 2 channels at 44.1 kHz using 16 bits per sample (channel mask 0x3)
[2018.05.10-09.14.32:365][852]LogInit: FAudioDevice initialized.
[2018.05.10-09.14.32:568][852]LogWorld: Game class is 'TopDownGameMode_C'
[2018.05.10-09.14.32:624][852]LogWorld: Bringing World /Game/TopDownBP/Maps/UEDPIE_0_TopDownExampleMap.TopDownExampleMap up for play (max tick rate 60) at 2018.05.10-17.14.32
[2018.05.10-09.14.32:713][852]LogWorld: Bringing up level for play took: 0.103942
[2018.05.10-09.14.32:842][852]LogContentBrowser: Native class hierarchy updated for 'MovieSceneCapture' in 0.0006 seconds. Added 9 classes and 0 folders.
[2018.05.10-09.14.32:966][852]PIE: Info Play in editor start time for /Game/TopDownBP/Maps/UEDPIE_0_TopDownExampleMap 1.924
[2018.05.10-09.14.32:966][852]LogBlueprintUserMessages: Late PlayInEditor Detection: Level '/Game/TopDownBP/Maps/TopDownExampleMap.TopDownExampleMap:PersistentLevel' has LevelScriptBlueprint '/Game/TopDownBP/Maps/TopDownExampleMap.TopDownExampleMap:PersistentLevel.TopDownExampleMap' with GeneratedClass '/Game/TopDownBP/Maps/TopDownExampleMap.TopDownExampleMap_C' with ClassGeneratedBy '/Game/TopDownBP/Maps/TopDownExampleMap.TopDownExampleMap:PersistentLevel.TopDownExampleMap'
[2018.05.10-09.15.06:586][640]LogBlueprintUserMessages: Early EndPlayMap Detection: Level '/Game/TopDownBP/Maps/TopDownExampleMap.TopDownExampleMap:PersistentLevel' has LevelScriptBlueprint '/Game/TopDownBP/Maps/TopDownExampleMap.TopDownExampleMap:PersistentLevel.TopDownExampleMap' with GeneratedClass '/Game/TopDownBP/Maps/TopDownExampleMap.TopDownExampleMap_C' with ClassGeneratedBy '/Game/TopDownBP/Maps/TopDownExampleMap.TopDownExampleMap:PersistentLevel.TopDownExampleMap'
[2018.05.10-09.15.06:795][640]LogBlueprintUserMessages: Late EndPlayMap Detection: Level '/Game/TopDownBP/Maps/TopDownExampleMap.TopDownExampleMap:PersistentLevel' has LevelScriptBlueprint '/Game/TopDownBP/Maps/TopDownExampleMap.TopDownExampleMap:PersistentLevel.TopDownExampleMap' with GeneratedClass '/Game/TopDownBP/Maps/TopDownExampleMap.TopDownExampleMap_C' with ClassGeneratedBy '/Game/TopDownBP/Maps/TopDownExampleMap.TopDownExampleMap:PersistentLevel.TopDownExampleMap'
[2018.05.10-09.15.11:924][763]LogSavePackage: Save=1900.63ms
[2018.05.10-09.15.11:924][763]LogSavePackage: Moving '../../../../sergey/UnrealProjects/Game_1337/TopDownProject/Saved/TopDownExampleMap8C80D2914166A4306CCB4C8E079018AE.tmp' to '../../../../sergey/UnrealProjects/Game_1337/TopDownProject/Content/TopDownBP/Maps/TopDownExampleMap.umap'
[2018.05.10-09.15.11:964][763]LogSavePackage: Total save time: 2465.76ms
[2018.05.10-09.15.11:964][763]LogSavePackage:Display: Finished SavePackage ../../../../sergey/UnrealProjects/Game_1337/TopDownProject/Content/TopDownBP/Maps/TopDownExampleMap.umap
[2018.05.10-09.15.12:079][763]LogFileHelpers: Saving map 'TopDownExampleMap' took 2.740
[2018.05.10-09.15.13:510][763]LogSavePackage: Save=1389.90ms
[2018.05.10-09.15.13:510][763]LogSavePackage: Moving '../../../../sergey/UnrealProjects/Game_1337/TopDownProject/Saved/TopDownCharacter70882DCB45A4B5943807E0ACA7284BA9.tmp' to '../../../../sergey/UnrealProjects/Game_1337/TopDownProject/Content/TopDownBP/Blueprints/TopDownCharacter.uasset'
[2018.05.10-09.15.13:514][763]LogSavePackage: Total save time: 1395.40ms
[2018.05.10-09.15.13:514][763]LogSavePackage:Display: Finished SavePackage ../../../../sergey/UnrealProjects/Game_1337/TopDownProject/Content/TopDownBP/Blueprints/TopDownCharacter.uasset
[2018.05.10-09.15.31:218][425]LogBlueprintUserMessages: Early PlayInEditor Detection: Level '/Game/TopDownBP/Maps/TopDownExampleMap.TopDownExampleMap:PersistentLevel' has LevelScriptBlueprint '/Game/TopDownBP/Maps/TopDownExampleMap.TopDownExampleMap:PersistentLevel.TopDownExampleMap' with GeneratedClass '/Game/TopDownBP/Maps/TopDownExampleMap.TopDownExampleMap_C' with ClassGeneratedBy '/Game/TopDownBP/Maps/TopDownExampleMap.TopDownExampleMap:PersistentLevel.TopDownExampleMap'
[2018.05.10-09.15.31:218][425]LogPlayLevel: PlayLevel: No blueprints needed recompiling
[2018.05.10-09.15.31:218][425]PIE: New page: PIE session: TopDownExampleMap (May 11, 2018, 1:15:31 AM)
[2018.05.10-09.15.31:218][425]LogPlayLevel: Creating play world package: /Game/TopDownBP/Maps/UEDPIE_0_TopDownExampleMap
[2018.05.10-09.15.31:285][425]LogPlayLevel: PIE: StaticDuplicateObject took: (0.066921s)
[2018.05.10-09.15.31:286][425]LogAIModule: Creating AISystem for world TopDownExampleMap
[2018.05.10-09.15.31:286][425]LogPlayLevel: PIE: World Init took: (0.001192s)
[2018.05.10-09.15.31:287][425]LogPlayLevel: PIE: Created PIE world by copying editor world from /Game/TopDownBP/Maps/TopDownExampleMap.TopDownExampleMap to /Game/TopDownBP/Maps/UEDPIE_0_TopDownExampleMap.TopDownExampleMap (0.068424s)
[2018.05.10-09.15.31:287][425]LogActorComponent: UnregisterComponent: (/Engine/Transient.CharMoveComp) Not registered. Aborting.
[2018.05.10-09.15.31:343][425]LogInit: XAudio2 using 'Динамики (Устройство с поддержкой High Definition Audio)' : 2 channels at 44.1 kHz using 16 bits per sample (channel mask 0x3)
[2018.05.10-09.15.31:351][425]LogInit: FAudioDevice initialized.
[2018.05.10-09.15.31:385][425]LogWorld: Game class is 'TopDownGameMode_C'
[2018.05.10-09.15.31:401][425]LogWorld: Bringing World /Game/TopDownBP/Maps/UEDPIE_0_TopDownExampleMap.TopDownExampleMap up for play (max tick rate 60) at 2018.05.10-17.15.31
[2018.05.10-09.15.31:403][425]LogWorld: Bringing up level for play took: 0.017816
[2018.05.10-09.15.31:408][425]PIE: Info Play in editor start time for /Game/TopDownBP/Maps/UEDPIE_0_TopDownExampleMap 0.365
[2018.05.10-09.15.31:408][425]LogBlueprintUserMessages: Late PlayInEditor Detection: Level '/Game/TopDownBP/Maps/TopDownExampleMap.TopDownExampleMap:PersistentLevel' has LevelScriptBlueprint '/Game/TopDownBP/Maps/TopDownExampleMap.TopDownExampleMap:PersistentLevel.TopDownExampleMap' with GeneratedClass '/Game/TopDownBP/Maps/TopDownExampleMap.TopDownExampleMap_C' with ClassGeneratedBy '/Game/TopDownBP/Maps/TopDownExampleMap.TopDownExampleMap:PersistentLevel.TopDownExampleMap'
[2018.05.10-09.15.43:544][793]LogBlueprintUserMessages: Early EndPlayMap Detection: Level '/Game/TopDownBP/Maps/TopDownExampleMap.TopDownExampleMap:PersistentLevel' has LevelScriptBlueprint '/Game/TopDownBP/Maps/TopDownExampleMap.TopDownExampleMap:PersistentLevel.TopDownExampleMap' with GeneratedClass '/Game/TopDownBP/Maps/TopDownExampleMap.TopDownExampleMap_C' with ClassGeneratedBy '/Game/TopDownBP/Maps/TopDownExampleMap.TopDownExampleMap:PersistentLevel.TopDownExampleMap'
[2018.05.10-09.15.43:611][793]LogBlueprintUserMessages: Late EndPlayMap Detection: Level '/Game/TopDownBP/Maps/TopDownExampleMap.TopDownExampleMap:PersistentLevel' has LevelScriptBlueprint '/Game/TopDownBP/Maps/TopDownExampleMap.TopDownExampleMap:PersistentLevel.TopDownExampleMap' with GeneratedClass '/Game/TopDownBP/Maps/TopDownExampleMap.TopDownExampleMap_C' with ClassGeneratedBy '/Game/TopDownBP/Maps/TopDownExampleMap.TopDownExampleMap:PersistentLevel.TopDownExampleMap'
[2018.05.10-09.16.00:166][382]BlueprintLog: New page: Compile TopDownCharacter
[2018.05.10-09.16.00:520][382]LogActorComponent: UnregisterComponent: (/Engine/Transient.CharMoveComp) Not registered. Aborting.
[2018.05.10-09.16.00:669][382]BlueprintEditorCompileResults: Info [0499.90] Compile of TopDownCharacter successful! [in 503 ms]
[2018.05.10-09.16.02:303][460]LogBlueprintUserMessages: Early PlayInEditor Detection: Level '/Game/TopDownBP/Maps/TopDownExampleMap.TopDownExampleMap:PersistentLevel' has LevelScriptBlueprint '/Game/TopDownBP/Maps/TopDownExampleMap.TopDownExampleMap:PersistentLevel.TopDownExampleMap' with GeneratedClass '/Game/TopDownBP/Maps/TopDownExampleMap.TopDownExampleMap_C' with ClassGeneratedBy '/Game/TopDownBP/Maps/TopDownExampleMap.TopDownExampleMap:PersistentLevel.TopDownExampleMap'
[2018.05.10-09.16.02:303][460]LogPlayLevel: PlayLevel: No blueprints needed recompiling
[2018.05.10-09.16.02:303][460]PIE: New page: PIE session: TopDownExampleMap (May 11, 2018, 1:16:02 AM)
[2018.05.10-09.16.02:303][460]LogPlayLevel: Creating play world package: /Game/TopDownBP/Maps/UEDPIE_0_TopDownExampleMap
[2018.05.10-09.16.02:371][460]LogPlayLevel: PIE: StaticDuplicateObject took: (0.067457s)
[2018.05.10-09.16.02:372][460]LogAIModule: Creating AISystem for world TopDownExampleMap
[2018.05.10-09.16.02:372][460]LogPlayLevel: PIE: World Init took: (0.001086s)
[2018.05.10-09.16.02:372][460]LogPlayLevel: PIE: Created PIE world by copying editor world from /Game/TopDownBP/Maps/TopDownExampleMap.TopDownExampleMap to /Game/TopDownBP/Maps/UEDPIE_0_TopDownExampleMap.TopDownExampleMap (0.068918s)
[2018.05.10-09.16.02:372][460]LogActorComponent: UnregisterComponent: (/Engine/Transient.CharMoveComp) Not registered. Aborting.
[2018.05.10-09.16.02:430][460]LogInit: XAudio2 using 'Динамики (Устройство с поддержкой High Definition Audio)' : 2 channels at 44.1 kHz using 16 bits per sample (channel mask 0x3)
[2018.05.10-09.16.02:439][460]LogInit: FAudioDevice initialized.
[2018.05.10-09.16.02:470][460]LogWorld: Game class is 'TopDownGameMode_C'
[2018.05.10-09.16.02:486][460]LogWorld: Bringing World /Game/TopDownBP/Maps/UEDPIE_0_TopDownExampleMap.TopDownExampleMap up for play (max tick rate 60) at 2018.05.10-17.16.02
[2018.05.10-09.16.02:488][460]LogWorld: Bringing up level for play took: 0.017699
[2018.05.10-09.16.02:493][460]PIE: Info Play in editor start time for /Game/TopDownBP/Maps/UEDPIE_0_TopDownExampleMap -0.55
[2018.05.10-09.16.02:493][460]LogBlueprintUserMessages: Late PlayInEditor Detection: Level '/Game/TopDownBP/Maps/TopDownExampleMap.TopDownExampleMap:PersistentLevel' has LevelScriptBlueprint '/Game/TopDownBP/Maps/TopDownExampleMap.TopDownExampleMap:PersistentLevel.TopDownExampleMap' with GeneratedClass '/Game/TopDownBP/Maps/TopDownExampleMap.TopDownExampleMap_C' with ClassGeneratedBy '/Game/TopDownBP/Maps/TopDownExampleMap.TopDownExampleMap:PersistentLevel.TopDownExampleMap'
[2018.05.10-09.16.13:075][779]LogBlueprintUserMessages: Early EndPlayMap Detection: Level '/Game/TopDownBP/Maps/TopDownExampleMap.TopDownExampleMap:PersistentLevel' has LevelScriptBlueprint '/Game/TopDownBP/Maps/TopDownExampleMap.TopDownExampleMap:PersistentLevel.TopDownExampleMap' with GeneratedClass '/Game/TopDownBP/Maps/TopDownExampleMap.TopDownExampleMap_C' with ClassGeneratedBy '/Game/TopDownBP/Maps/TopDownExampleMap.TopDownExampleMap:PersistentLevel.TopDownExampleMap'
[2018.05.10-09.16.13:143][779]LogBlueprintUserMessages: Late EndPlayMap Detection: Level '/Game/TopDownBP/Maps/TopDownExampleMap.TopDownExampleMap:PersistentLevel' has LevelScriptBlueprint '/Game/TopDownBP/Maps/TopDownExampleMap.TopDownExampleMap:PersistentLevel.TopDownExampleMap' with GeneratedClass '/Game/TopDownBP/Maps/TopDownExampleMap.TopDownExampleMap_C' with ClassGeneratedBy '/Game/TopDownBP/Maps/TopDownExampleMap.TopDownExampleMap:PersistentLevel.TopDownExampleMap'
[2018.05.10-09.18.20:446][410]BlueprintLog: New page: Compile TopDownCharacter
[2018.05.10-09.18.20:808][410]LogActorComponent: UnregisterComponent: (/Engine/Transient.CharMoveComp) Not registered. Aborting.
[2018.05.10-09.18.20:971][410]BlueprintEditorCompileResults: Info [0640.20] Compile of TopDownCharacter successful! [in 525 ms]
[2018.05.10-09.18.23:048][420]LogSavePackage: Save=1446.06ms
[2018.05.10-09.18.23:048][420]LogSavePackage: Moving '../../../../sergey/UnrealProjects/Game_1337/TopDownProject/Saved/TopDownCharacterE1D268074E0AA6C351DD85A52DB0D1CE.tmp' to '../../../../sergey/UnrealProjects/Game_1337/TopDownProject/Content/TopDownBP/Blueprints/TopDownCharacter.uasset'
[2018.05.10-09.18.23:052][420]LogSavePackage: Total save time: 1481.51ms
[2018.05.10-09.18.23:052][420]LogSavePackage:Display: Finished SavePackage ../../../../sergey/UnrealProjects/Game_1337/TopDownProject/Content/TopDownBP/Blueprints/TopDownCharacter.uasset
[2018.05.10-09.18.24:521][496]LogBlueprintUserMessages: Early PlayInEditor Detection: Level '/Game/TopDownBP/Maps/TopDownExampleMap.TopDownExampleMap:PersistentLevel' has LevelScriptBlueprint '/Game/TopDownBP/Maps/TopDownExampleMap.TopDownExampleMap:PersistentLevel.TopDownExampleMap' with GeneratedClass '/Game/TopDownBP/Maps/TopDownExampleMap.TopDownExampleMap_C' with ClassGeneratedBy '/Game/TopDownBP/Maps/TopDownExampleMap.TopDownExampleMap:PersistentLevel.TopDownExampleMap'
[2018.05.10-09.18.24:521][496]LogPlayLevel: PlayLevel: No blueprints needed recompiling
[2018.05.10-09.18.24:521][496]PIE: New page: PIE session: TopDownExampleMap (May 11, 2018, 1:18:24 AM)
[2018.05.10-09.18.24:521][496]LogPlayLevel: Creating play world package: /Game/TopDownBP/Maps/UEDPIE_0_TopDownExampleMap
[2018.05.10-09.18.24:575][496]LogPlayLevel: PIE: StaticDuplicateObject took: (0.053366s)
[2018.05.10-09.18.24:576][496]LogAIModule: Creating AISystem for world TopDownExampleMap
[2018.05.10-09.18.24:576][496]LogPlayLevel: PIE: World Init took: (0.001114s)
[2018.05.10-09.18.24:576][496]LogPlayLevel: PIE: Created PIE world by copying editor world from /Game/TopDownBP/Maps/TopDownExampleMap.TopDownExampleMap to /Game/TopDownBP/Maps/UEDPIE_0_TopDownExampleMap.TopDownExampleMap (0.054801s)
[2018.05.10-09.18.24:576][496]LogActorComponent: UnregisterComponent: (/Engine/Transient.CharMoveComp) Not registered. Aborting.
[2018.05.10-09.18.24:632][496]LogInit: XAudio2 using 'Динамики (Устройство с поддержкой High Definition Audio)' : 2 channels at 44.1 kHz using 16 bits per sample (channel mask 0x3)
[2018.05.10-09.18.24:641][496]LogInit: FAudioDevice initialized.
[2018.05.10-09.18.24:674][496]LogWorld: Game class is 'TopDownGameMode_C'
[2018.05.10-09.18.24:695][496]LogWorld: Bringing World /Game/TopDownBP/Maps/UEDPIE_0_TopDownExampleMap.TopDownExampleMap up for play (max tick rate 60) at 2018.05.10-17.18.24
[2018.05.10-09.18.24:698][496]LogWorld: Bringing up level for play took: 0.022337
[2018.05.10-09.18.24:702][496]PIE: Info Play in editor start time for /Game/TopDownBP/Maps/UEDPIE_0_TopDownExampleMap -0.344
[2018.05.10-09.18.24:702][496]LogBlueprintUserMessages: Late PlayInEditor Detection: Level '/Game/TopDownBP/Maps/TopDownExampleMap.TopDownExampleMap:PersistentLevel' has LevelScriptBlueprint '/Game/TopDownBP/Maps/TopDownExampleMap.TopDownExampleMap:PersistentLevel.TopDownExampleMap' with GeneratedClass '/Game/TopDownBP/Maps/TopDownExampleMap.TopDownExampleMap_C' with ClassGeneratedBy '/Game/TopDownBP/Maps/TopDownExampleMap.TopDownExampleMap:PersistentLevel.TopDownExampleMap'
[2018.05.10-09.18.32:114][711]LogBlueprintUserMessages: Early EndPlayMap Detection: Level '/Game/TopDownBP/Maps/TopDownExampleMap.TopDownExampleMap:PersistentLevel' has LevelScriptBlueprint '/Game/TopDownBP/Maps/TopDownExampleMap.TopDownExampleMap:PersistentLevel.TopDownExampleMap' with GeneratedClass '/Game/TopDownBP/Maps/TopDownExampleMap.TopDownExampleMap_C' with ClassGeneratedBy '/Game/TopDownBP/Maps/TopDownExampleMap.TopDownExampleMap:PersistentLevel.TopDownExampleMap'
[2018.05.10-09.18.32:184][711]LogBlueprintUserMessages: Late EndPlayMap Detection: Level '/Game/TopDownBP/Maps/TopDownExampleMap.TopDownExampleMap:PersistentLevel' has LevelScriptBlueprint '/Game/TopDownBP/Maps/TopDownExampleMap.TopDownExampleMap:PersistentLevel.TopDownExampleMap' with GeneratedClass '/Game/TopDownBP/Maps/TopDownExampleMap.TopDownExampleMap_C' with ClassGeneratedBy '/Game/TopDownBP/Maps/TopDownExampleMap.TopDownExampleMap:PersistentLevel.TopDownExampleMap'
[2018.05.10-09.18.48:964][315]BlueprintLog: New page: Compile TopDownCharacter
[2018.05.10-09.18.49:311][315]LogActorComponent: UnregisterComponent: (/Engine/Transient.CharMoveComp) Not registered. Aborting.
[2018.05.10-09.18.49:458][315]BlueprintEditorCompileResults: Info [0668.69] Compile of TopDownCharacter successful! [in 494 ms]
[2018.05.10-09.18.51:268][318]LogSavePackage: Save=1400.41ms
[2018.05.10-09.18.51:269][318]LogSavePackage: Moving '../../../../sergey/UnrealProjects/Game_1337/TopDownProject/Saved/TopDownCharacterCA6848E84E914B45D0DD0FB8009E5643.tmp' to '../../../../sergey/UnrealProjects/Game_1337/TopDownProject/Content/TopDownBP/Blueprints/TopDownCharacter.uasset'
[2018.05.10-09.18.51:273][318]LogSavePackage: Total save time: 1405.87ms
[2018.05.10-09.18.51:273][318]LogSavePackage:Display: Finished SavePackage ../../../../sergey/UnrealProjects/Game_1337/TopDownProject/Content/TopDownBP/Blueprints/TopDownCharacter.uasset
[2018.05.10-09.18.53:149][421]LogBlueprintUserMessages: Early PlayInEditor Detection: Level '/Game/TopDownBP/Maps/TopDownExampleMap.TopDownExampleMap:PersistentLevel' has LevelScriptBlueprint '/Game/TopDownBP/Maps/TopDownExampleMap.TopDownExampleMap:PersistentLevel.TopDownExampleMap' with GeneratedClass '/Game/TopDownBP/Maps/TopDownExampleMap.TopDownExampleMap_C' with ClassGeneratedBy '/Game/TopDownBP/Maps/TopDownExampleMap.TopDownExampleMap:PersistentLevel.TopDownExampleMap'
[2018.05.10-09.18.53:149][421]LogPlayLevel: PlayLevel: No blueprints needed recompiling
[2018.05.10-09.18.53:149][421]PIE: New page: PIE session: TopDownExampleMap (May 11, 2018, 1:18:53 AM)
[2018.05.10-09.18.53:149][421]LogPlayLevel: Creating play world package: /Game/TopDownBP/Maps/UEDPIE_0_TopDownExampleMap
[2018.05.10-09.18.53:213][421]LogPlayLevel: PIE: StaticDuplicateObject took: (0.063714s)
[2018.05.10-09.18.53:214][421]LogAIModule: Creating AISystem for world TopDownExampleMap
[2018.05.10-09.18.53:214][421]LogPlayLevel: PIE: World Init took: (0.001035s)
[2018.05.10-09.18.53:214][421]LogPlayLevel: PIE: Created PIE world by copying editor world from /Game/TopDownBP/Maps/TopDownExampleMap.TopDownExampleMap to /Game/TopDownBP/Maps/UEDPIE_0_TopDownExampleMap.TopDownExampleMap (0.065054s)
[2018.05.10-09.18.53:214][421]LogActorComponent: UnregisterComponent: (/Engine/Transient.CharMoveComp) Not registered. Aborting.
[2018.05.10-09.18.53:272][421]LogInit: XAudio2 using 'Динамики (Устройство с поддержкой High Definition Audio)' : 2 channels at 44.1 kHz using 16 bits per sample (channel mask 0x3)
[2018.05.10-09.18.53:281][421]LogInit: FAudioDevice initialized.
[2018.05.10-09.18.53:313][421]LogWorld: Game class is 'TopDownGameMode_C'
[2018.05.10-09.18.53:329][421]LogWorld: Bringing World /Game/TopDownBP/Maps/UEDPIE_0_TopDownExampleMap.TopDownExampleMap up for play (max tick rate 60) at 2018.05.10-17.18.53
[2018.05.10-09.18.53:331][421]LogWorld: Bringing up level for play took: 0.017520
[2018.05.10-09.18.53:335][421]PIE: Info Play in editor start time for /Game/TopDownBP/Maps/UEDPIE_0_TopDownExampleMap 0.29
[2018.05.10-09.18.53:335][421]LogBlueprintUserMessages: Late PlayInEditor Detection: Level '/Game/TopDownBP/Maps/TopDownExampleMap.TopDownExampleMap:PersistentLevel' has LevelScriptBlueprint '/Game/TopDownBP/Maps/TopDownExampleMap.TopDownExampleMap:PersistentLevel.TopDownExampleMap' with GeneratedClass '/Game/TopDownBP/Maps/TopDownExampleMap.TopDownExampleMap_C' with ClassGeneratedBy '/Game/TopDownBP/Maps/TopDownExampleMap.TopDownExampleMap:PersistentLevel.TopDownExampleMap'
[2018.05.10-09.19.30:742][512]LogBlueprintUserMessages: Early EndPlayMap Detection: Level '/Game/TopDownBP/Maps/TopDownExampleMap.TopDownExampleMap:PersistentLevel' has LevelScriptBlueprint '/Game/TopDownBP/Maps/TopDownExampleMap.TopDownExampleMap:PersistentLevel.TopDownExampleMap' with GeneratedClass '/Game/TopDownBP/Maps/TopDownExampleMap.TopDownExampleMap_C' with ClassGeneratedBy '/Game/TopDownBP/Maps/TopDownExampleMap.TopDownExampleMap:PersistentLevel.TopDownExampleMap'
[2018.05.10-09.19.30:810][512]LogBlueprintUserMessages: Late EndPlayMap Detection: Level '/Game/TopDownBP/Maps/TopDownExampleMap.TopDownExampleMap:PersistentLevel' has LevelScriptBlueprint '/Game/TopDownBP/Maps/TopDownExampleMap.TopDownExampleMap:PersistentLevel.TopDownExampleMap' with GeneratedClass '/Game/TopDownBP/Maps/TopDownExampleMap.TopDownExampleMap_C' with ClassGeneratedBy '/Game/TopDownBP/Maps/TopDownExampleMap.TopDownExampleMap:PersistentLevel.TopDownExampleMap'
[2018.05.10-09.19.34:643][616]LogSavePackage: Save=1603.56ms
[2018.05.10-09.19.34:643][616]LogSavePackage: Moving '../../../../sergey/UnrealProjects/Game_1337/TopDownProject/Saved/TopDownExampleMap5D7F467A46D197863B92B7BA19CA68F5.tmp' to '../../../../sergey/UnrealProjects/Game_1337/TopDownProject/Content/TopDownBP/Maps/TopDownExampleMap.umap'
[2018.05.10-09.19.34:647][616]LogSavePackage: Total save time: 1609.56ms
[2018.05.10-09.19.34:647][616]LogSavePackage:Display: Finished SavePackage ../../../../sergey/UnrealProjects/Game_1337/TopDownProject/Content/TopDownBP/Maps/TopDownExampleMap.umap
[2018.05.10-09.19.34:780][616]LogFileHelpers: Saving map 'TopDownExampleMap' took 1.859
[2018.05.10-09.21.06:506][  7]LogActorComponent: UnregisterComponent: (/Engine/Transient.CharMoveComp) Not registered. Aborting.
[2018.05.10-09.21.53:446][765]LogActorComponent: UnregisterComponent: (/Engine/Transient.CharacterMovementComponent_1) Not registered. Aborting.
[2018.05.10-09.22.10:729][359]LogActorComponent: UnregisterComponent: (/Engine/Transient.CharacterMovementComponent_2) Not registered. Aborting.
[2018.05.10-09.22.15:024][508]BlueprintLog: New page: Compile TopDownCharacter
[2018.05.10-09.22.15:401][508]LogActorComponent: UnregisterComponent: (/Engine/Transient.CharacterMovementComponent_3) Not registered. Aborting.
[2018.05.10-09.22.15:808][508]BlueprintEditorCompileResults: Info [0875.04] Compile of TopDownCharacter successful! [in 784 ms]
[2018.05.10-09.22.21:342][700]LogClass:Warning: Type mismatch in StartMousePosition(ForCameraRotation) of SKEL_TopDownCharacter_C - Previous (StructProperty) Current(FloatProperty) for package:  FObjectReader
[2018.05.10-09.22.21:350][700]LogActorComponent: UnregisterComponent: (/Engine/Transient.CharMoveComp) Not registered. Aborting.
[2018.05.10-09.22.27:072][901]LogActorComponent: UnregisterComponent: (/Engine/Transient.CharacterMovementComponent_4) Not registered. Aborting.
[2018.05.10-09.22.28:585][947]LogActorComponent: UnregisterComponent: (/Engine/Transient.CharacterMovementComponent_5) Not registered. Aborting.
[2018.05.10-09.22.33:178][110]BlueprintLog: New page: Compile TopDownCharacter
[2018.05.10-09.22.33:497][110]LogClass:Warning: Type mismatch in StartMousePosition(ForCameraRotation) of TopDownCharacter_C - Previous (StructProperty) Current(FloatProperty) for package:  FObjectReader
[2018.05.10-09.22.33:528][110]LogActorComponent: UnregisterComponent: (/Engine/Transient.CharacterMovementComponent_6) Not registered. Aborting.
[2018.05.10-09.22.34:033][110]BlueprintEditorCompileResults: Info [0893.26] Compile of TopDownCharacter successful! [in 854 ms]
[2018.05.10-09.22.38:275][264]LogActorComponent: UnregisterComponent: (/Engine/Transient.CharMoveComp) Not registered. Aborting.
[2018.05.10-09.22.45:043][505]LogActorComponent: UnregisterComponent: (/Engine/Transient.CharacterMovementComponent_7) Not registered. Aborting.
[2018.05.10-09.22.54:118][835]LogActorComponent: UnregisterComponent: (/Engine/Transient.CharacterMovementComponent_8) Not registered. Aborting.
[2018.05.10-09.22.56:518][915]LogActorComponent: UnregisterComponent: (/Engine/Transient.CharacterMovementComponent_9) Not registered. Aborting.
[2018.05.10-09.23.00:682][ 66]LogActorComponent: UnregisterComponent: (/Engine/Transient.CharacterMovementComponent_10) Not registered. Aborting.
[2018.05.10-09.23.04:275][197]BlueprintLog: New page: Compile TopDownCharacter
[2018.05.10-09.23.04:626][197]LogActorComponent: UnregisterComponent: (/Engine/Transient.CharacterMovementComponent_11) Not registered. Aborting.
[2018.05.10-09.23.05:222][197]BlueprintEditorCompileResults: Info [0924.45] Compile of TopDownCharacter successful! [in 946 ms]
[2018.05.10-09.23.07:584][219]LogSavePackage: Save=1450.86ms
[2018.05.10-09.23.07:584][219]LogSavePackage: Moving '../../../../sergey/UnrealProjects/Game_1337/TopDownProject/Saved/TopDownCharacterC371C08E422CEBBC353D8AA1F8633024.tmp' to '../../../../sergey/UnrealProjects/Game_1337/TopDownProject/Content/TopDownBP/Blueprints/TopDownCharacter.uasset'
[2018.05.10-09.23.07:588][219]LogSavePackage: Total save time: 1456.63ms
[2018.05.10-09.23.07:588][219]LogSavePackage:Display: Finished SavePackage ../../../../sergey/UnrealProjects/Game_1337/TopDownProject/Content/TopDownBP/Blueprints/TopDownCharacter.uasset
[2018.05.10-09.23.13:819][447]LogActorComponent: UnregisterComponent: (/Engine/Transient.CharMoveComp) Not registered. Aborting.
[2018.05.10-09.29.44:017][398]LogActorComponent: UnregisterComponent: (/Engine/Transient.CharacterMovementComponent_12) Not registered. Aborting.
[2018.05.10-09.29.44:654][417]LogActorComponent: UnregisterComponent: (/Engine/Transient.CharacterMovementComponent_13) Not registered. Aborting.
[2018.05.10-09.29.54:939][799]BlueprintLog: New page: Compile TopDownCharacter
[2018.05.10-09.29.55:302][799]LogActorComponent: UnregisterComponent: (/Engine/Transient.CharacterMovementComponent_14) Not registered. Aborting.
[2018.05.10-09.29.55:948][799]BlueprintEditorCompileResults: Info [1335.17] Compile of TopDownCharacter successful! [in 1,008 ms]
[2018.05.10-09.29.57:743][800]LogSavePackage: Save=1438.07ms
[2018.05.10-09.29.57:744][800]LogSavePackage: Moving '../../../../sergey/UnrealProjects/Game_1337/TopDownProject/Saved/TopDownCharacter3540A1234AFB147EE419649031569D8B.tmp' to '../../../../sergey/UnrealProjects/Game_1337/TopDownProject/Content/TopDownBP/Blueprints/TopDownCharacter.uasset'
[2018.05.10-09.29.57:768][800]LogSavePackage: Total save time: 1490.00ms
[2018.05.10-09.29.57:768][800]LogSavePackage:Display: Finished SavePackage ../../../../sergey/UnrealProjects/Game_1337/TopDownProject/Content/TopDownBP/Blueprints/TopDownCharacter.uasset
[2018.05.10-09.29.59:629][897]LogBlueprintUserMessages: Early PlayInEditor Detection: Level '/Game/TopDownBP/Maps/TopDownExampleMap.TopDownExampleMap:PersistentLevel' has LevelScriptBlueprint '/Game/TopDownBP/Maps/TopDownExampleMap.TopDownExampleMap:PersistentLevel.TopDownExampleMap' with GeneratedClass '/Game/TopDownBP/Maps/TopDownExampleMap.TopDownExampleMap_C' with ClassGeneratedBy '/Game/TopDownBP/Maps/TopDownExampleMap.TopDownExampleMap:PersistentLevel.TopDownExampleMap'
[2018.05.10-09.29.59:629][897]LogPlayLevel: PlayLevel: No blueprints needed recompiling
[2018.05.10-09.29.59:630][897]PIE: New page: PIE session: TopDownExampleMap (May 11, 2018, 1:29:59 AM)
[2018.05.10-09.29.59:630][897]LogPlayLevel: Creating play world package: /Game/TopDownBP/Maps/UEDPIE_0_TopDownExampleMap
[2018.05.10-09.29.59:682][897]LogPlayLevel: PIE: StaticDuplicateObject took: (0.052631s)
[2018.05.10-09.29.59:683][897]LogAIModule: Creating AISystem for world TopDownExampleMap
[2018.05.10-09.29.59:684][897]LogPlayLevel: PIE: World Init took: (0.001136s)
[2018.05.10-09.29.59:684][897]LogPlayLevel: PIE: Created PIE world by copying editor world from /Game/TopDownBP/Maps/TopDownExampleMap.TopDownExampleMap to /Game/TopDownBP/Maps/UEDPIE_0_TopDownExampleMap.TopDownExampleMap (0.054175s)
[2018.05.10-09.29.59:684][897]LogActorComponent: UnregisterComponent: (/Engine/Transient.CharMoveComp) Not registered. Aborting.
[2018.05.10-09.29.59:770][897]LogInit: XAudio2 using 'Динамики (Устройство с поддержкой High Definition Audio)' : 2 channels at 44.1 kHz using 16 bits per sample (channel mask 0x3)
[2018.05.10-09.29.59:780][897]LogInit: FAudioDevice initialized.
[2018.05.10-09.29.59:810][897]LogWorld: Game class is 'TopDownGameMode_C'
[2018.05.10-09.29.59:826][897]LogWorld: Bringing World /Game/TopDownBP/Maps/UEDPIE_0_TopDownExampleMap.TopDownExampleMap up for play (max tick rate 60) at 2018.05.10-17.29.59
[2018.05.10-09.29.59:829][897]LogWorld: Bringing up level for play took: 0.017951
[2018.05.10-09.29.59:833][897]PIE: Info Play in editor start time for /Game/TopDownBP/Maps/UEDPIE_0_TopDownExampleMap 0.777
[2018.05.10-09.29.59:833][897]LogBlueprintUserMessages: Late PlayInEditor Detection: Level '/Game/TopDownBP/Maps/TopDownExampleMap.TopDownExampleMap:PersistentLevel' has LevelScriptBlueprint '/Game/TopDownBP/Maps/TopDownExampleMap.TopDownExampleMap:PersistentLevel.TopDownExampleMap' with GeneratedClass '/Game/TopDownBP/Maps/TopDownExampleMap.TopDownExampleMap_C' with ClassGeneratedBy '/Game/TopDownBP/Maps/TopDownExampleMap.TopDownExampleMap:PersistentLevel.TopDownExampleMap'
[2018.05.10-09.30.14:114][285]LogBlueprintUserMessages: Early EndPlayMap Detection: Level '/Game/TopDownBP/Maps/TopDownExampleMap.TopDownExampleMap:PersistentLevel' has LevelScriptBlueprint '/Game/TopDownBP/Maps/TopDownExampleMap.TopDownExampleMap:PersistentLevel.TopDownExampleMap' with GeneratedClass '/Game/TopDownBP/Maps/TopDownExampleMap.TopDownExampleMap_C' with ClassGeneratedBy '/Game/TopDownBP/Maps/TopDownExampleMap.TopDownExampleMap:PersistentLevel.TopDownExampleMap'
[2018.05.10-09.30.14:181][285]LogBlueprintUserMessages: Late EndPlayMap Detection: Level '/Game/TopDownBP/Maps/TopDownExampleMap.TopDownExampleMap:PersistentLevel' has LevelScriptBlueprint '/Game/TopDownBP/Maps/TopDownExampleMap.TopDownExampleMap:PersistentLevel.TopDownExampleMap' with GeneratedClass '/Game/TopDownBP/Maps/TopDownExampleMap.TopDownExampleMap_C' with ClassGeneratedBy '/Game/TopDownBP/Maps/TopDownExampleMap.TopDownExampleMap:PersistentLevel.TopDownExampleMap'
[2018.05.10-09.30.20:002][499]BlueprintLog: New page: Compile TopDownCharacter
[2018.05.10-09.30.20:365][499]LogActorComponent: UnregisterComponent: (/Engine/Transient.CharMoveComp) Not registered. Aborting.
[2018.05.10-09.30.20:612][499]BlueprintEditorCompileResults: Info [1359.83] Compile of TopDownCharacter successful! [in 608 ms]
[2018.05.10-09.30.22:589][509]LogSavePackage: Save=1426.03ms
[2018.05.10-09.30.22:589][509]LogSavePackage: Moving '../../../../sergey/UnrealProjects/Game_1337/TopDownProject/Saved/TopDownCharacter7788F0B94E9BE0DACE317F87775057A4.tmp' to '../../../../sergey/UnrealProjects/Game_1337/TopDownProject/Content/TopDownBP/Blueprints/TopDownCharacter.uasset'
[2018.05.10-09.30.22:611][509]LogSavePackage: Total save time: 1448.76ms
[2018.05.10-09.30.22:611][509]LogSavePackage:Display: Finished SavePackage ../../../../sergey/UnrealProjects/Game_1337/TopDownProject/Content/TopDownBP/Blueprints/TopDownCharacter.uasset
[2018.05.10-09.30.23:791][571]LogBlueprintUserMessages: Early PlayInEditor Detection: Level '/Game/TopDownBP/Maps/TopDownExampleMap.TopDownExampleMap:PersistentLevel' has LevelScriptBlueprint '/Game/TopDownBP/Maps/TopDownExampleMap.TopDownExampleMap:PersistentLevel.TopDownExampleMap' with GeneratedClass '/Game/TopDownBP/Maps/TopDownExampleMap.TopDownExampleMap_C' with ClassGeneratedBy '/Game/TopDownBP/Maps/TopDownExampleMap.TopDownExampleMap:PersistentLevel.TopDownExampleMap'
[2018.05.10-09.30.23:791][571]LogPlayLevel: PlayLevel: No blueprints needed recompiling
[2018.05.10-09.30.23:791][571]PIE: New page: PIE session: TopDownExampleMap (May 11, 2018, 1:30:23 AM)
[2018.05.10-09.30.23:791][571]LogPlayLevel: Creating play world package: /Game/TopDownBP/Maps/UEDPIE_0_TopDownExampleMap
[2018.05.10-09.30.23:858][571]LogPlayLevel: PIE: StaticDuplicateObject took: (0.067141s)
[2018.05.10-09.30.23:859][571]LogAIModule: Creating AISystem for world TopDownExampleMap
[2018.05.10-09.30.23:859][571]LogPlayLevel: PIE: World Init took: (0.001154s)
[2018.05.10-09.30.23:860][571]LogPlayLevel: PIE: Created PIE world by copying editor world from /Game/TopDownBP/Maps/TopDownExampleMap.TopDownExampleMap to /Game/TopDownBP/Maps/UEDPIE_0_TopDownExampleMap.TopDownExampleMap (0.068750s)
[2018.05.10-09.30.23:860][571]LogActorComponent: UnregisterComponent: (/Engine/Transient.CharMoveComp) Not registered. Aborting.
[2018.05.10-09.30.23:956][571]LogInit: XAudio2 using 'Динамики (Устройство с поддержкой High Definition Audio)' : 2 channels at 44.1 kHz using 16 bits per sample (channel mask 0x3)
[2018.05.10-09.30.23:963][571]LogInit: FAudioDevice initialized.
[2018.05.10-09.30.23:992][571]LogWorld: Game class is 'TopDownGameMode_C'
[2018.05.10-09.30.24:008][571]LogWorld: Bringing World /Game/TopDownBP/Maps/UEDPIE_0_TopDownExampleMap.TopDownExampleMap up for play (max tick rate 60) at 2018.05.10-17.30.24
[2018.05.10-09.30.24:011][571]LogWorld: Bringing up level for play took: 0.017872
[2018.05.10-09.30.24:015][571]PIE: Info Play in editor start time for /Game/TopDownBP/Maps/UEDPIE_0_TopDownExampleMap 0.957
[2018.05.10-09.30.24:015][571]LogBlueprintUserMessages: Late PlayInEditor Detection: Level '/Game/TopDownBP/Maps/TopDownExampleMap.TopDownExampleMap:PersistentLevel' has LevelScriptBlueprint '/Game/TopDownBP/Maps/TopDownExampleMap.TopDownExampleMap:PersistentLevel.TopDownExampleMap' with GeneratedClass '/Game/TopDownBP/Maps/TopDownExampleMap.TopDownExampleMap_C' with ClassGeneratedBy '/Game/TopDownBP/Maps/TopDownExampleMap.TopDownExampleMap:PersistentLevel.TopDownExampleMap'
[2018.05.10-09.30.54:472][444]LogBlueprintUserMessages: Early EndPlayMap Detection: Level '/Game/TopDownBP/Maps/TopDownExampleMap.TopDownExampleMap:PersistentLevel' has LevelScriptBlueprint '/Game/TopDownBP/Maps/TopDownExampleMap.TopDownExampleMap:PersistentLevel.TopDownExampleMap' with GeneratedClass '/Game/TopDownBP/Maps/TopDownExampleMap.TopDownExampleMap_C' with ClassGeneratedBy '/Game/TopDownBP/Maps/TopDownExampleMap.TopDownExampleMap:PersistentLevel.TopDownExampleMap'
[2018.05.10-09.30.54:540][444]LogBlueprintUserMessages: Late EndPlayMap Detection: Level '/Game/TopDownBP/Maps/TopDownExampleMap.TopDownExampleMap:PersistentLevel' has LevelScriptBlueprint '/Game/TopDownBP/Maps/TopDownExampleMap.TopDownExampleMap:PersistentLevel.TopDownExampleMap' with GeneratedClass '/Game/TopDownBP/Maps/TopDownExampleMap.TopDownExampleMap_C' with ClassGeneratedBy '/Game/TopDownBP/Maps/TopDownExampleMap.TopDownExampleMap:PersistentLevel.TopDownExampleMap'
[2018.05.10-09.30.58:060][513]LogSavePackage: Save=1655.68ms
[2018.05.10-09.30.58:060][513]LogSavePackage: Moving '../../../../sergey/UnrealProjects/Game_1337/TopDownProject/Saved/TopDownExampleMap1260751345AC832F5A19B48677E1BB95.tmp' to '../../../../sergey/UnrealProjects/Game_1337/TopDownProject/Content/TopDownBP/Maps/TopDownExampleMap.umap'
[2018.05.10-09.30.58:065][513]LogSavePackage: Total save time: 1711.77ms
[2018.05.10-09.30.58:065][513]LogSavePackage:Display: Finished SavePackage ../../../../sergey/UnrealProjects/Game_1337/TopDownProject/Content/TopDownBP/Maps/TopDownExampleMap.umap
[2018.05.10-09.30.58:133][513]LogFileHelpers: Saving map 'TopDownExampleMap' took 2.006
[2018.05.10-09.31.04:084][714]BlueprintLog: New page: Compile TopDownCharacter
[2018.05.10-09.31.04:437][714]LogActorComponent: UnregisterComponent: (/Engine/Transient.CharMoveComp) Not registered. Aborting.
[2018.05.10-09.31.04:729][714]BlueprintEditorCompileResults: Info [1403.95] Compile of TopDownCharacter successful! [in 645 ms]
[2018.05.10-09.31.06:911][730]LogSavePackage: Save=1446.84ms
[2018.05.10-09.31.06:911][730]LogSavePackage: Moving '../../../../sergey/UnrealProjects/Game_1337/TopDownProject/Saved/TopDownCharacter67E9EEBB4CB3723E29F2AB8421E68436.tmp' to '../../../../sergey/UnrealProjects/Game_1337/TopDownProject/Content/TopDownBP/Blueprints/TopDownCharacter.uasset'
[2018.05.10-09.31.06:915][730]LogSavePackage: Total save time: 1452.23ms
[2018.05.10-09.31.06:915][730]LogSavePackage:Display: Finished SavePackage ../../../../sergey/UnrealProjects/Game_1337/TopDownProject/Content/TopDownBP/Blueprints/TopDownCharacter.uasset
[2018.05.10-09.31.11:121][915]LogActorComponent: UnregisterComponent: (/Engine/Transient.CharMoveComp) Not registered. Aborting.
[2018.05.10-09.31.12:893][915]LogSavePackage: Save=1592.37ms
[2018.05.10-09.31.12:893][915]LogSavePackage: Moving '../../../../sergey/UnrealProjects/Game_1337/TopDownProject/Saved/TopDownExampleMap1982B9AC4EACFADF1D80F0875EC68028.tmp' to '../../../../sergey/UnrealProjects/Game_1337/TopDownProject/Content/TopDownBP/Maps/TopDownExampleMap.umap'
[2018.05.10-09.31.12:897][915]LogSavePackage: Total save time: 1597.84ms
[2018.05.10-09.31.12:897][915]LogSavePackage:Display: Finished SavePackage ../../../../sergey/UnrealProjects/Game_1337/TopDownProject/Content/TopDownBP/Maps/TopDownExampleMap.umap
[2018.05.10-09.31.13:029][915]LogFileHelpers: Saving map 'TopDownExampleMap' took 1.844
[2018.05.10-09.31.13:451][938]LogBlueprintUserMessages: Early PlayInEditor Detection: Level '/Game/TopDownBP/Maps/TopDownExampleMap.TopDownExampleMap:PersistentLevel' has LevelScriptBlueprint '/Game/TopDownBP/Maps/TopDownExampleMap.TopDownExampleMap:PersistentLevel.TopDownExampleMap' with GeneratedClass '/Game/TopDownBP/Maps/TopDownExampleMap.TopDownExampleMap_C' with ClassGeneratedBy '/Game/TopDownBP/Maps/TopDownExampleMap.TopDownExampleMap:PersistentLevel.TopDownExampleMap'
[2018.05.10-09.31.13:451][938]LogPlayLevel: PlayLevel: No blueprints needed recompiling
[2018.05.10-09.31.13:451][938]PIE: New page: PIE session: TopDownExampleMap (May 11, 2018, 1:31:13 AM)
[2018.05.10-09.31.13:451][938]LogPlayLevel: Creating play world package: /Game/TopDownBP/Maps/UEDPIE_0_TopDownExampleMap
[2018.05.10-09.31.13:507][938]LogPlayLevel: PIE: StaticDuplicateObject took: (0.056473s)
[2018.05.10-09.31.13:510][938]LogAIModule: Creating AISystem for world TopDownExampleMap
[2018.05.10-09.31.13:510][938]LogPlayLevel: PIE: World Init took: (0.002696s)
[2018.05.10-09.31.13:511][938]LogPlayLevel: PIE: Created PIE world by copying editor world from /Game/TopDownBP/Maps/TopDownExampleMap.TopDownExampleMap to /Game/TopDownBP/Maps/UEDPIE_0_TopDownExampleMap.TopDownExampleMap (0.059852s)
[2018.05.10-09.31.13:563][938]LogInit: XAudio2 using 'Динамики (Устройство с поддержкой High Definition Audio)' : 2 channels at 44.1 kHz using 16 bits per sample (channel mask 0x3)
[2018.05.10-09.31.13:572][938]LogInit: FAudioDevice initialized.
[2018.05.10-09.31.13:602][938]LogWorld: Game class is 'TopDownGameMode_C'
[2018.05.10-09.31.13:618][938]LogWorld: Bringing World /Game/TopDownBP/Maps/UEDPIE_0_TopDownExampleMap.TopDownExampleMap up for play (max tick rate 60) at 2018.05.10-17.31.13
[2018.05.10-09.31.13:620][938]LogWorld: Bringing up level for play took: 0.017720
[2018.05.10-09.31.13:625][938]PIE: Info Play in editor start time for /Game/TopDownBP/Maps/UEDPIE_0_TopDownExampleMap 0.566
[2018.05.10-09.31.13:625][938]LogBlueprintUserMessages: Late PlayInEditor Detection: Level '/Game/TopDownBP/Maps/TopDownExampleMap.TopDownExampleMap:PersistentLevel' has LevelScriptBlueprint '/Game/TopDownBP/Maps/TopDownExampleMap.TopDownExampleMap:PersistentLevel.TopDownExampleMap' with GeneratedClass '/Game/TopDownBP/Maps/TopDownExampleMap.TopDownExampleMap_C' with ClassGeneratedBy '/Game/TopDownBP/Maps/TopDownExampleMap.TopDownExampleMap:PersistentLevel.TopDownExampleMap'
[2018.05.10-09.31.32:186][455]LogBlueprintUserMessages: Early EndPlayMap Detection: Level '/Game/TopDownBP/Maps/TopDownExampleMap.TopDownExampleMap:PersistentLevel' has LevelScriptBlueprint '/Game/TopDownBP/Maps/TopDownExampleMap.TopDownExampleMap:PersistentLevel.TopDownExampleMap' with GeneratedClass '/Game/TopDownBP/Maps/TopDownExampleMap.TopDownExampleMap_C' with ClassGeneratedBy '/Game/TopDownBP/Maps/TopDownExampleMap.TopDownExampleMap:PersistentLevel.TopDownExampleMap'
[2018.05.10-09.31.32:260][455]LogBlueprintUserMessages: Late EndPlayMap Detection: Level '/Game/TopDownBP/Maps/TopDownExampleMap.TopDownExampleMap:PersistentLevel' has LevelScriptBlueprint '/Game/TopDownBP/Maps/TopDownExampleMap.TopDownExampleMap:PersistentLevel.TopDownExampleMap' with GeneratedClass '/Game/TopDownBP/Maps/TopDownExampleMap.TopDownExampleMap_C' with ClassGeneratedBy '/Game/TopDownBP/Maps/TopDownExampleMap.TopDownExampleMap:PersistentLevel.TopDownExampleMap'
[2018.05.10-09.33.12:851][241]BlueprintLog: New page: Compile TopDownCharacter
[2018.05.10-09.33.13:202][241]LogActorComponent: UnregisterComponent: (/Engine/Transient.CharMoveComp) Not registered. Aborting.
[2018.05.10-09.33.13:360][241]BlueprintEditorCompileResults: Info [1532.58] Compile of TopDownCharacter successful! [in 508 ms]
[2018.05.10-09.33.15:475][254]LogSavePackage: Save=1442.82ms
[2018.05.10-09.33.15:475][254]LogSavePackage: Moving '../../../../sergey/UnrealProjects/Game_1337/TopDownProject/Saved/TopDownCharacterFF36F99E40DB414811662FABAB5EDF2B.tmp' to '../../../../sergey/UnrealProjects/Game_1337/TopDownProject/Content/TopDownBP/Blueprints/TopDownCharacter.uasset'
[2018.05.10-09.33.15:479][254]LogSavePackage: Total save time: 1448.48ms
[2018.05.10-09.33.15:480][254]LogSavePackage:Display: Finished SavePackage ../../../../sergey/UnrealProjects/Game_1337/TopDownProject/Content/TopDownBP/Blueprints/TopDownCharacter.uasset
[2018.05.10-09.33.36:952][ 25]BlueprintLog: New page: Compile TopDownCharacter
[2018.05.10-09.33.37:301][ 25]LogActorComponent: UnregisterComponent: (/Engine/Transient.CharMoveComp) Not registered. Aborting.
[2018.05.10-09.33.37:457][ 25]BlueprintEditorCompileResults: Info [1556.67] Compile of TopDownCharacter successful! [in 504 ms]
[2018.05.10-09.33.39:684][ 37]LogSavePackage: Save=1554.32ms
[2018.05.10-09.33.39:684][ 37]LogSavePackage: Moving '../../../../sergey/UnrealProjects/Game_1337/TopDownProject/Saved/TopDownCharacterFF09C8054CC76ABEF7254C93B4A1706E.tmp' to '../../../../sergey/UnrealProjects/Game_1337/TopDownProject/Content/TopDownBP/Blueprints/TopDownCharacter.uasset'
[2018.05.10-09.33.39:688][ 37]LogSavePackage: Total save time: 1559.71ms
[2018.05.10-09.33.39:688][ 37]LogSavePackage:Display: Finished SavePackage ../../../../sergey/UnrealProjects/Game_1337/TopDownProject/Content/TopDownBP/Blueprints/TopDownCharacter.uasset
[2018.05.10-09.33.45:017][254]LogBlueprintUserMessages: Early PlayInEditor Detection: Level '/Game/TopDownBP/Maps/TopDownExampleMap.TopDownExampleMap:PersistentLevel' has LevelScriptBlueprint '/Game/TopDownBP/Maps/TopDownExampleMap.TopDownExampleMap:PersistentLevel.TopDownExampleMap' with GeneratedClass '/Game/TopDownBP/Maps/TopDownExampleMap.TopDownExampleMap_C' with ClassGeneratedBy '/Game/TopDownBP/Maps/TopDownExampleMap.TopDownExampleMap:PersistentLevel.TopDownExampleMap'
[2018.05.10-09.33.45:018][254]LogPlayLevel: PlayLevel: No blueprints needed recompiling
[2018.05.10-09.33.45:018][254]PIE: New page: PIE session: TopDownExampleMap (May 11, 2018, 1:33:45 AM)
[2018.05.10-09.33.45:018][254]LogPlayLevel: Creating play world package: /Game/TopDownBP/Maps/UEDPIE_0_TopDownExampleMap
[2018.05.10-09.33.45:087][254]LogPlayLevel: PIE: StaticDuplicateObject took: (0.069401s)
[2018.05.10-09.33.45:095][254]LogAIModule: Creating AISystem for world TopDownExampleMap
[2018.05.10-09.33.45:095][254]LogPlayLevel: PIE: World Init took: (0.007829s)
[2018.05.10-09.33.45:096][254]LogPlayLevel: PIE: Created PIE world by copying editor world from /Game/TopDownBP/Maps/TopDownExampleMap.TopDownExampleMap to /Game/TopDownBP/Maps/UEDPIE_0_TopDownExampleMap.TopDownExampleMap (0.077872s)
[2018.05.10-09.33.45:096][254]LogActorComponent: UnregisterComponent: (/Engine/Transient.CharMoveComp) Not registered. Aborting.
[2018.05.10-09.33.45:161][254]LogInit: XAudio2 using 'Динамики (Устройство с поддержкой High Definition Audio)' : 2 channels at 44.1 kHz using 16 bits per sample (channel mask 0x3)
[2018.05.10-09.33.45:172][254]LogInit: FAudioDevice initialized.
[2018.05.10-09.33.45:206][254]LogWorld: Game class is 'TopDownGameMode_C'
[2018.05.10-09.33.45:224][254]LogWorld: Bringing World /Game/TopDownBP/Maps/UEDPIE_0_TopDownExampleMap.TopDownExampleMap up for play (max tick rate 60) at 2018.05.10-17.33.45
[2018.05.10-09.33.45:227][254]LogWorld: Bringing up level for play took: 0.020372
[2018.05.10-09.33.45:232][254]PIE: Info Play in editor start time for /Game/TopDownBP/Maps/UEDPIE_0_TopDownExampleMap 0.172
[2018.05.10-09.33.45:233][254]LogBlueprintUserMessages: Late PlayInEditor Detection: Level '/Game/TopDownBP/Maps/TopDownExampleMap.TopDownExampleMap:PersistentLevel' has LevelScriptBlueprint '/Game/TopDownBP/Maps/TopDownExampleMap.TopDownExampleMap:PersistentLevel.TopDownExampleMap' with GeneratedClass '/Game/TopDownBP/Maps/TopDownExampleMap.TopDownExampleMap_C' with ClassGeneratedBy '/Game/TopDownBP/Maps/TopDownExampleMap.TopDownExampleMap:PersistentLevel.TopDownExampleMap'
[2018.05.10-09.34.14:033][ 79]LogBlueprintUserMessages: Early EndPlayMap Detection: Level '/Game/TopDownBP/Maps/TopDownExampleMap.TopDownExampleMap:PersistentLevel' has LevelScriptBlueprint '/Game/TopDownBP/Maps/TopDownExampleMap.TopDownExampleMap:PersistentLevel.TopDownExampleMap' with GeneratedClass '/Game/TopDownBP/Maps/TopDownExampleMap.TopDownExampleMap_C' with ClassGeneratedBy '/Game/TopDownBP/Maps/TopDownExampleMap.TopDownExampleMap:PersistentLevel.TopDownExampleMap'
[2018.05.10-09.34.14:105][ 79]LogBlueprintUserMessages: Late EndPlayMap Detection: Level '/Game/TopDownBP/Maps/TopDownExampleMap.TopDownExampleMap:PersistentLevel' has LevelScriptBlueprint '/Game/TopDownBP/Maps/TopDownExampleMap.TopDownExampleMap:PersistentLevel.TopDownExampleMap' with GeneratedClass '/Game/TopDownBP/Maps/TopDownExampleMap.TopDownExampleMap_C' with ClassGeneratedBy '/Game/TopDownBP/Maps/TopDownExampleMap.TopDownExampleMap:PersistentLevel.TopDownExampleMap'
[2018.05.10-09.34.15:405][147]LogBlueprintUserMessages: Early PlayInEditor Detection: Level '/Game/TopDownBP/Maps/TopDownExampleMap.TopDownExampleMap:PersistentLevel' has LevelScriptBlueprint '/Game/TopDownBP/Maps/TopDownExampleMap.TopDownExampleMap:PersistentLevel.TopDownExampleMap' with GeneratedClass '/Game/TopDownBP/Maps/TopDownExampleMap.TopDownExampleMap_C' with ClassGeneratedBy '/Game/TopDownBP/Maps/TopDownExampleMap.TopDownExampleMap:PersistentLevel.TopDownExampleMap'
[2018.05.10-09.34.15:406][147]LogPlayLevel: PlayLevel: No blueprints needed recompiling
[2018.05.10-09.34.15:406][147]PIE: New page: PIE session: TopDownExampleMap (May 11, 2018, 1:34:15 AM)
[2018.05.10-09.34.15:406][147]LogPlayLevel: Creating play world package: /Game/TopDownBP/Maps/UEDPIE_0_TopDownExampleMap
[2018.05.10-09.34.15:457][147]LogPlayLevel: PIE: StaticDuplicateObject took: (0.051358s)
[2018.05.10-09.34.15:458][147]LogAIModule: Creating AISystem for world TopDownExampleMap
[2018.05.10-09.34.15:458][147]LogPlayLevel: PIE: World Init took: (0.001167s)
[2018.05.10-09.34.15:459][147]LogPlayLevel: PIE: Created PIE world by copying editor world from /Game/TopDownBP/Maps/TopDownExampleMap.TopDownExampleMap to /Game/TopDownBP/Maps/UEDPIE_0_TopDownExampleMap.TopDownExampleMap (0.052914s)
[2018.05.10-09.34.15:459][147]LogActorComponent: UnregisterComponent: (/Engine/Transient.CharMoveComp) Not registered. Aborting.
[2018.05.10-09.34.15:509][147]LogInit: XAudio2 using 'Динамики (Устройство с поддержкой High Definition Audio)' : 2 channels at 44.1 kHz using 16 bits per sample (channel mask 0x3)
[2018.05.10-09.34.15:516][147]LogInit: FAudioDevice initialized.
[2018.05.10-09.34.15:544][147]LogWorld: Game class is 'TopDownGameMode_C'
[2018.05.10-09.34.15:559][147]LogWorld: Bringing World /Game/TopDownBP/Maps/UEDPIE_0_TopDownExampleMap.TopDownExampleMap up for play (max tick rate 60) at 2018.05.10-17.34.15
[2018.05.10-09.34.15:562][147]LogWorld: Bringing up level for play took: 0.017115
[2018.05.10-09.34.15:566][147]PIE: Info Play in editor start time for /Game/TopDownBP/Maps/UEDPIE_0_TopDownExampleMap 0.505
[2018.05.10-09.34.15:566][147]LogBlueprintUserMessages: Late PlayInEditor Detection: Level '/Game/TopDownBP/Maps/TopDownExampleMap.TopDownExampleMap:PersistentLevel' has LevelScriptBlueprint '/Game/TopDownBP/Maps/TopDownExampleMap.TopDownExampleMap:PersistentLevel.TopDownExampleMap' with GeneratedClass '/Game/TopDownBP/Maps/TopDownExampleMap.TopDownExampleMap_C' with ClassGeneratedBy '/Game/TopDownBP/Maps/TopDownExampleMap.TopDownExampleMap:PersistentLevel.TopDownExampleMap'
[2018.05.10-09.34.22:728][348]LogBlueprintUserMessages: Early EndPlayMap Detection: Level '/Game/TopDownBP/Maps/TopDownExampleMap.TopDownExampleMap:PersistentLevel' has LevelScriptBlueprint '/Game/TopDownBP/Maps/TopDownExampleMap.TopDownExampleMap:PersistentLevel.TopDownExampleMap' with GeneratedClass '/Game/TopDownBP/Maps/TopDownExampleMap.TopDownExampleMap_C' with ClassGeneratedBy '/Game/TopDownBP/Maps/TopDownExampleMap.TopDownExampleMap:PersistentLevel.TopDownExampleMap'
[2018.05.10-09.34.22:792][348]LogBlueprintUserMessages: Late EndPlayMap Detection: Level '/Game/TopDownBP/Maps/TopDownExampleMap.TopDownExampleMap:PersistentLevel' has LevelScriptBlueprint '/Game/TopDownBP/Maps/TopDownExampleMap.TopDownExampleMap:PersistentLevel.TopDownExampleMap' with GeneratedClass '/Game/TopDownBP/Maps/TopDownExampleMap.TopDownExampleMap_C' with ClassGeneratedBy '/Game/TopDownBP/Maps/TopDownExampleMap.TopDownExampleMap:PersistentLevel.TopDownExampleMap'
[2018.05.10-09.36.55:656][751]BlueprintLog: New page: Compile TopDownCharacter
[2018.05.10-09.36.55:978][751]LogBlueprint:Error: [compiler TopDownCharacter] Error This blueprint (self) is not a PlayerController, therefore ' Target ' must have a connection.
[2018.05.10-09.36.56:009][751]LogBlueprint:Error: [compiler TopDownCharacter] Error Variable node  Set bShowMouseCursor  uses an invalid target.  It may depend on a node that is not connected to the execution chain, and got purged.
[2018.05.10-09.36.56:043][751]LogActorComponent: UnregisterComponent: (/Engine/Transient.CharMoveComp) Not registered. Aborting.
[2018.05.10-09.36.56:341][751]LogBlueprint:Warning: [compiler TopDownCharacter] Warning [1755.56] Compile of TopDownCharacter failed. 2 Fatal Issue(s) 0 Warning(s) [in 684 ms]
[2018.05.10-09.36.56:341][751]BlueprintEditorCompileResults:Error: Error This blueprint (self) is not a PlayerController, therefore ' Target ' must have a connection.
[2018.05.10-09.36.56:341][751]BlueprintEditorCompileResults:Error: Error Variable node  Set bShowMouseCursor  uses an invalid target.  It may depend on a node that is not connected to the execution chain, and got purged.
[2018.05.10-09.36.56:341][751]BlueprintEditorCompileResults:Warning: Warning [1755.56] Compile of TopDownCharacter failed. 2 Fatal Issue(s) 0 Warning(s) [in 684 ms]
[2018.05.10-09.36.58:398][760]LogSavePackage: Save=1455.82ms
[2018.05.10-09.36.58:398][760]LogSavePackage: Moving '../../../../sergey/UnrealProjects/Game_1337/TopDownProject/Saved/TopDownCharacterE6F86CD04E04317AE5314493DF8CF2CE.tmp' to '../../../../sergey/UnrealProjects/Game_1337/TopDownProject/Content/TopDownBP/Blueprints/TopDownCharacter.uasset'
[2018.05.10-09.36.58:402][760]LogSavePackage: Total save time: 1484.67ms
[2018.05.10-09.36.58:402][760]LogSavePackage:Display: Finished SavePackage ../../../../sergey/UnrealProjects/Game_1337/TopDownProject/Content/TopDownBP/Blueprints/TopDownCharacter.uasset
[2018.05.10-09.37.10:891][205]BlueprintLog: New page: Compile TopDownCharacter
[2018.05.10-09.37.11:243][205]LogActorComponent: UnregisterComponent: (/Engine/Transient.CharMoveComp) Not registered. Aborting.
[2018.05.10-09.37.11:396][205]BlueprintEditorCompileResults: Info [1770.61] Compile of TopDownCharacter successful! [in 504 ms]
[2018.05.10-09.37.13:788][227]LogSavePackage: Save=1442.68ms
[2018.05.10-09.37.13:788][227]LogSavePackage: Moving '../../../../sergey/UnrealProjects/Game_1337/TopDownProject/Saved/TopDownCharacterD5E3906B454AB0DA8C4ABB961BF79A93.tmp' to '../../../../sergey/UnrealProjects/Game_1337/TopDownProject/Content/TopDownBP/Blueprints/TopDownCharacter.uasset'
[2018.05.10-09.37.13:792][227]LogSavePackage: Total save time: 1448.16ms
[2018.05.10-09.37.13:792][227]LogSavePackage:Display: Finished SavePackage ../../../../sergey/UnrealProjects/Game_1337/TopDownProject/Content/TopDownBP/Blueprints/TopDownCharacter.uasset
[2018.05.10-09.37.15:277][305]LogBlueprintUserMessages: Early PlayInEditor Detection: Level '/Game/TopDownBP/Maps/TopDownExampleMap.TopDownExampleMap:PersistentLevel' has LevelScriptBlueprint '/Game/TopDownBP/Maps/TopDownExampleMap.TopDownExampleMap:PersistentLevel.TopDownExampleMap' with GeneratedClass '/Game/TopDownBP/Maps/TopDownExampleMap.TopDownExampleMap_C' with ClassGeneratedBy '/Game/TopDownBP/Maps/TopDownExampleMap.TopDownExampleMap:PersistentLevel.TopDownExampleMap'
[2018.05.10-09.37.15:277][305]LogPlayLevel: PlayLevel: No blueprints needed recompiling
[2018.05.10-09.37.15:277][305]PIE: New page: PIE session: TopDownExampleMap (May 11, 2018, 1:37:15 AM)
[2018.05.10-09.37.15:277][305]LogPlayLevel: Creating play world package: /Game/TopDownBP/Maps/UEDPIE_0_TopDownExampleMap
[2018.05.10-09.37.15:341][305]LogPlayLevel: PIE: StaticDuplicateObject took: (0.063951s)
[2018.05.10-09.37.15:342][305]LogAIModule: Creating AISystem for world TopDownExampleMap
[2018.05.10-09.37.15:342][305]LogPlayLevel: PIE: World Init took: (0.000972s)
[2018.05.10-09.37.15:343][305]LogPlayLevel: PIE: Created PIE world by copying editor world from /Game/TopDownBP/Maps/TopDownExampleMap.TopDownExampleMap to /Game/TopDownBP/Maps/UEDPIE_0_TopDownExampleMap.TopDownExampleMap (0.065213s)
[2018.05.10-09.37.15:343][305]LogActorComponent: UnregisterComponent: (/Engine/Transient.CharMoveComp) Not registered. Aborting.
[2018.05.10-09.37.15:395][305]LogInit: XAudio2 using 'Динамики (Устройство с поддержкой High Definition Audio)' : 2 channels at 44.1 kHz using 16 bits per sample (channel mask 0x3)
[2018.05.10-09.37.15:405][305]LogInit: FAudioDevice initialized.
[2018.05.10-09.37.15:438][305]LogWorld: Game class is 'TopDownGameMode_C'
[2018.05.10-09.37.15:454][305]LogWorld: Bringing World /Game/TopDownBP/Maps/UEDPIE_0_TopDownExampleMap.TopDownExampleMap up for play (max tick rate 60) at 2018.05.10-17.37.15
[2018.05.10-09.37.15:457][305]LogWorld: Bringing up level for play took: 0.018131
[2018.05.10-09.37.15:462][305]PIE: Info Play in editor start time for /Game/TopDownBP/Maps/UEDPIE_0_TopDownExampleMap 0.398
[2018.05.10-09.37.15:462][305]LogBlueprintUserMessages: Late PlayInEditor Detection: Level '/Game/TopDownBP/Maps/TopDownExampleMap.TopDownExampleMap:PersistentLevel' has LevelScriptBlueprint '/Game/TopDownBP/Maps/TopDownExampleMap.TopDownExampleMap:PersistentLevel.TopDownExampleMap' with GeneratedClass '/Game/TopDownBP/Maps/TopDownExampleMap.TopDownExampleMap_C' with ClassGeneratedBy '/Game/TopDownBP/Maps/TopDownExampleMap.TopDownExampleMap:PersistentLevel.TopDownExampleMap'
[2018.05.10-09.37.24:628][563]LogBlueprintUserMessages: Early EndPlayMap Detection: Level '/Game/TopDownBP/Maps/TopDownExampleMap.TopDownExampleMap:PersistentLevel' has LevelScriptBlueprint '/Game/TopDownBP/Maps/TopDownExampleMap.TopDownExampleMap:PersistentLevel.TopDownExampleMap' with GeneratedClass '/Game/TopDownBP/Maps/TopDownExampleMap.TopDownExampleMap_C' with ClassGeneratedBy '/Game/TopDownBP/Maps/TopDownExampleMap.TopDownExampleMap:PersistentLevel.TopDownExampleMap'
[2018.05.10-09.37.24:698][563]LogBlueprintUserMessages: Late EndPlayMap Detection: Level '/Game/TopDownBP/Maps/TopDownExampleMap.TopDownExampleMap:PersistentLevel' has LevelScriptBlueprint '/Game/TopDownBP/Maps/TopDownExampleMap.TopDownExampleMap:PersistentLevel.TopDownExampleMap' with GeneratedClass '/Game/TopDownBP/Maps/TopDownExampleMap.TopDownExampleMap_C' with ClassGeneratedBy '/Game/TopDownBP/Maps/TopDownExampleMap.TopDownExampleMap:PersistentLevel.TopDownExampleMap'
[2018.05.10-09.37.34:732][911]BlueprintLog: New page: Compile TopDownCharacter
[2018.05.10-09.37.35:080][911]LogActorComponent: UnregisterComponent: (/Engine/Transient.CharMoveComp) Not registered. Aborting.
[2018.05.10-09.37.35:232][911]BlueprintEditorCompileResults: Info [1794.45] Compile of TopDownCharacter successful! [in 500 ms]
[2018.05.10-09.37.37:205][920]LogSavePackage: Save=1414.50ms
[2018.05.10-09.37.37:205][920]LogSavePackage: Moving '../../../../sergey/UnrealProjects/Game_1337/TopDownProject/Saved/TopDownCharacterED55AA0346E960187DAB28AAF97E5170.tmp' to '../../../../sergey/UnrealProjects/Game_1337/TopDownProject/Content/TopDownBP/Blueprints/TopDownCharacter.uasset'
[2018.05.10-09.37.37:209][920]LogSavePackage: Total save time: 1419.99ms
[2018.05.10-09.37.37:209][920]LogSavePackage:Display: Finished SavePackage ../../../../sergey/UnrealProjects/Game_1337/TopDownProject/Content/TopDownBP/Blueprints/TopDownCharacter.uasset
[2018.05.10-09.37.38:496][986]LogBlueprintUserMessages: Early PlayInEditor Detection: Level '/Game/TopDownBP/Maps/TopDownExampleMap.TopDownExampleMap:PersistentLevel' has LevelScriptBlueprint '/Game/TopDownBP/Maps/TopDownExampleMap.TopDownExampleMap:PersistentLevel.TopDownExampleMap' with GeneratedClass '/Game/TopDownBP/Maps/TopDownExampleMap.TopDownExampleMap_C' with ClassGeneratedBy '/Game/TopDownBP/Maps/TopDownExampleMap.TopDownExampleMap:PersistentLevel.TopDownExampleMap'
[2018.05.10-09.37.38:496][986]LogPlayLevel: PlayLevel: No blueprints needed recompiling
[2018.05.10-09.37.38:496][986]PIE: New page: PIE session: TopDownExampleMap (May 11, 2018, 1:37:38 AM)
[2018.05.10-09.37.38:496][986]LogPlayLevel: Creating play world package: /Game/TopDownBP/Maps/UEDPIE_0_TopDownExampleMap
[2018.05.10-09.37.38:560][986]LogPlayLevel: PIE: StaticDuplicateObject took: (0.063483s)
[2018.05.10-09.37.38:561][986]LogAIModule: Creating AISystem for world TopDownExampleMap
[2018.05.10-09.37.38:561][986]LogPlayLevel: PIE: World Init took: (0.000948s)
[2018.05.10-09.37.38:561][986]LogPlayLevel: PIE: Created PIE world by copying editor world from /Game/TopDownBP/Maps/TopDownExampleMap.TopDownExampleMap to /Game/TopDownBP/Maps/UEDPIE_0_TopDownExampleMap.TopDownExampleMap (0.064732s)
[2018.05.10-09.37.38:561][986]LogActorComponent: UnregisterComponent: (/Engine/Transient.CharMoveComp) Not registered. Aborting.
[2018.05.10-09.37.38:630][986]LogInit: XAudio2 using 'Динамики (Устройство с поддержкой High Definition Audio)' : 2 channels at 44.1 kHz using 16 bits per sample (channel mask 0x3)
[2018.05.10-09.37.38:639][986]LogInit: FAudioDevice initialized.
[2018.05.10-09.37.38:670][986]LogWorld: Game class is 'TopDownGameMode_C'
[2018.05.10-09.37.38:686][986]LogWorld: Bringing World /Game/TopDownBP/Maps/UEDPIE_0_TopDownExampleMap.TopDownExampleMap up for play (max tick rate 60) at 2018.05.10-17.37.38
[2018.05.10-09.37.38:688][986]LogWorld: Bringing up level for play took: 0.017743
[2018.05.10-09.37.38:693][986]PIE: Info Play in editor start time for /Game/TopDownBP/Maps/UEDPIE_0_TopDownExampleMap -0.372
[2018.05.10-09.37.38:693][986]LogBlueprintUserMessages: Late PlayInEditor Detection: Level '/Game/TopDownBP/Maps/TopDownExampleMap.TopDownExampleMap:PersistentLevel' has LevelScriptBlueprint '/Game/TopDownBP/Maps/TopDownExampleMap.TopDownExampleMap:PersistentLevel.TopDownExampleMap' with GeneratedClass '/Game/TopDownBP/Maps/TopDownExampleMap.TopDownExampleMap_C' with ClassGeneratedBy '/Game/TopDownBP/Maps/TopDownExampleMap.TopDownExampleMap:PersistentLevel.TopDownExampleMap'
[2018.05.10-09.38.23:561][140]LogBlueprintUserMessages: Early EndPlayMap Detection: Level '/Game/TopDownBP/Maps/TopDownExampleMap.TopDownExampleMap:PersistentLevel' has LevelScriptBlueprint '/Game/TopDownBP/Maps/TopDownExampleMap.TopDownExampleMap:PersistentLevel.TopDownExampleMap' with GeneratedClass '/Game/TopDownBP/Maps/TopDownExampleMap.TopDownExampleMap_C' with ClassGeneratedBy '/Game/TopDownBP/Maps/TopDownExampleMap.TopDownExampleMap:PersistentLevel.TopDownExampleMap'
[2018.05.10-09.38.23:643][140]LogBlueprintUserMessages: Late EndPlayMap Detection: Level '/Game/TopDownBP/Maps/TopDownExampleMap.TopDownExampleMap:PersistentLevel' has LevelScriptBlueprint '/Game/TopDownBP/Maps/TopDownExampleMap.TopDownExampleMap:PersistentLevel.TopDownExampleMap' with GeneratedClass '/Game/TopDownBP/Maps/TopDownExampleMap.TopDownExampleMap_C' with ClassGeneratedBy '/Game/TopDownBP/Maps/TopDownExampleMap.TopDownExampleMap:PersistentLevel.TopDownExampleMap'
[2018.05.10-09.38.27:434][233]LogSavePackage: Save=1641.95ms
[2018.05.10-09.38.27:435][233]LogSavePackage: Moving '../../../../sergey/UnrealProjects/Game_1337/TopDownProject/Saved/TopDownExampleMapB5F83F984545FDDB636ED1BA86C765B5.tmp' to '../../../../sergey/UnrealProjects/Game_1337/TopDownProject/Content/TopDownBP/Maps/TopDownExampleMap.umap'
[2018.05.10-09.38.27:441][233]LogSavePackage: Total save time: 1728.54ms
[2018.05.10-09.38.27:441][233]LogSavePackage:Display: Finished SavePackage ../../../../sergey/UnrealProjects/Game_1337/TopDownProject/Content/TopDownBP/Maps/TopDownExampleMap.umap
[2018.05.10-09.38.27:497][233]LogFileHelpers: Saving map 'TopDownExampleMap' took 1.900
[2018.05.10-10.17.54:431][452]LogD3D11RHI: Timed out while waiting for GPU to catch up. (500 ms)
[2018.05.10-10.17.56:472][452]LogD3D11RHI: Timed out while waiting for GPU to catch up. (500 ms)
[2018.05.10-10.17.57:730][453]LogD3D11RHI: Timed out while waiting for GPU to catch up. (500 ms)
[2018.05.10-10.17.57:731][453]LogHttp:Warning: Timeout processing Http request. 000000008B229180
[2018.05.10-10.18.02:184][455]LogD3D11RHI: Timed out while waiting for GPU to catch up. (500 ms)
[2018.05.10-10.18.10:297][456]LogD3D11RHI: Timed out while waiting for GPU to catch up. (500 ms)
[2018.05.10-10.18.10:297][456]LogD3D11RHI: Timed out while waiting for GPU to catch up. (500 ms)
[2018.05.10-10.18.10:796][458]LogD3D11RHI: Timed out while waiting for GPU to catch up. (500 ms)
[2018.05.10-10.18.17:592][459]LogD3D11RHI: Timed out while waiting for GPU to catch up. (500 ms)
[2018.05.10-10.18.46:886][684]LogD3D11RHI: Init due to bDeviceRemoved
[2018.05.10-10.18.46:886][684]LogD3D11RHI: CleanupD3DDevice
[2018.05.10-10.18.53:372][684]LogWindows:Error: Windows GetLastError: Операция успешно завершена. (0)
[2018.05.10-10.19.12:762][684]LogCrashTracker: 


[2018.05.10-10.19.13:103][684]LogCrashTracker: 


[2018.05.10-10.19.13:103][684]LogWindows:Error: === Critical error: ===
Fatal error: [File:D:\BuildFarm\buildmachine_++UE4+Release-4.11\Engine\Source\Runtime\Windows\D3D11RHI\Private\Windows\WindowsD3D11Device.cpp] [Line: 416] 
The Direct3D 11 device that was being used has been removed (Error: -2005270523 'REMOVED').  Please restart the game.




[2018.05.10-10.19.13:195][684]LogExit: Executing StaticShutdownAfterError
[2018.05.10-10.19.15:627][684]LogPhysics:Warning: PHYSX: ..\..\PhysX\src\NpScene.cpp (2946) 8 : PxScene::unlockWrite() called without matching call to PxScene::lockWrite(), behaviour will be undefined.
[2018.05.10-10.19.15:628][684]LogPhysics:Warning: PHYSX: ..\..\PhysX\src\NpScene.cpp (2946) 8 : PxScene::unlockWrite() called without matching call to PxScene::lockWrite(), behaviour will be undefined.
[2018.05.10-10.19.15:628][684]LogPhysics:Warning: PHYSX: ..\..\PhysX\src\NpScene.cpp (2946) 8 : PxScene::unlockWrite() called without matching call to PxScene::lockWrite(), behaviour will be undefined.
[2018.05.10-10.19.15:628][684]LogPhysics:Warning: PHYSX: ..\..\PhysX\src\NpScene.cpp (2946) 8 : PxScene::unlockWrite() called without matching call to PxScene::lockWrite(), behaviour will be undefined.
[2018.05.10-10.19.15:798][684]LogWindows: FPlatformMisc::RequestExit(1)
[2018.05.10-10.19.15:840][684]Log file closed, 05/10/18 18:19:15
